<?xml version="1.0" encoding="UTF-8"?>
<testsuite xmlns:xsi="http://www.w3.org/2001/XMLSchema-instance" xsi:noNamespaceSchemaLocation="https://maven.apache.org/surefire/maven-surefire-plugin/xsd/surefire-test-report-3.0.xsd" version="3.0" name="com.github.jknack.handlebars.internal.HbsParserTest" time="0.023" tests="16" errors="0" skipped="0" failures="0">
  <properties>
    <property name="java.specification.version" value="17"/>
    <property name="sun.jnu.encoding" value="ANSI_X3.4-1968"/>
    <property name="java.class.path" value="/jiefang/mutation_testing_research/benchmarks/handlebars.java/handlebars/target/test-classes:/jiefang/mutation_testing_research/benchmarks/handlebars.java/handlebars/target/classes:/root/.m2/repository/org/apache/commons/commons-lang3/3.14.0/commons-lang3-3.14.0.jar:/root/.m2/repository/org/apache/commons/commons-text/1.11.0/commons-text-1.11.0.jar:/root/.m2/repository/org/antlr/antlr4-runtime/4.13.1/antlr4-runtime-4.13.1.jar:/root/.m2/repository/org/slf4j/slf4j-api/2.0.12/slf4j-api-2.0.12.jar:/root/.m2/repository/org/openjdk/nashorn/nashorn-core/15.4/nashorn-core-15.4.jar:/root/.m2/repository/org/ow2/asm/asm/7.3.1/asm-7.3.1.jar:/root/.m2/repository/org/ow2/asm/asm-commons/7.3.1/asm-commons-7.3.1.jar:/root/.m2/repository/org/ow2/asm/asm-analysis/7.3.1/asm-analysis-7.3.1.jar:/root/.m2/repository/org/ow2/asm/asm-tree/7.3.1/asm-tree-7.3.1.jar:/root/.m2/repository/org/ow2/asm/asm-util/7.3.1/asm-util-7.3.1.jar:/root/.m2/repository/jakarta/servlet/jakarta.servlet-api/5.0.0/jakarta.servlet-api-5.0.0.jar:/root/.m2/repository/ch/qos/logback/logback-classic/1.5.2/logback-classic-1.5.2.jar:/root/.m2/repository/ch/qos/logback/logback-core/1.5.2/logback-core-1.5.2.jar:/root/.m2/repository/org/jacoco/org.jacoco.agent/0.8.11/org.jacoco.agent-0.8.11-runtime.jar:/root/.m2/repository/org/junit/jupiter/junit-jupiter-engine/5.10.2/junit-jupiter-engine-5.10.2.jar:/root/.m2/repository/org/junit/platform/junit-platform-engine/1.10.2/junit-platform-engine-1.10.2.jar:/root/.m2/repository/org/opentest4j/opentest4j/1.3.0/opentest4j-1.3.0.jar:/root/.m2/repository/org/junit/platform/junit-platform-commons/1.10.2/junit-platform-commons-1.10.2.jar:/root/.m2/repository/org/junit/jupiter/junit-jupiter-api/5.10.2/junit-jupiter-api-5.10.2.jar:/root/.m2/repository/org/apiguardian/apiguardian-api/1.1.2/apiguardian-api-1.1.2.jar:/root/.m2/repository/org/junit/platform/junit-platform-suite/1.10.1/junit-platform-suite-1.10.1.jar:/root/.m2/repository/org/junit/platform/junit-platform-suite-api/1.10.1/junit-platform-suite-api-1.10.1.jar:/root/.m2/repository/org/junit/platform/junit-platform-suite-engine/1.10.1/junit-platform-suite-engine-1.10.1.jar:/root/.m2/repository/org/junit/platform/junit-platform-suite-commons/1.10.1/junit-platform-suite-commons-1.10.1.jar:/root/.m2/repository/org/junit/platform/junit-platform-launcher/1.10.1/junit-platform-launcher-1.10.1.jar:/root/.m2/repository/org/junit/jupiter/junit-jupiter-params/5.10.2/junit-jupiter-params-5.10.2.jar:/root/.m2/repository/org/hamcrest/hamcrest/2.2/hamcrest-2.2.jar:/root/.m2/repository/org/yaml/snakeyaml/2.2/snakeyaml-2.2.jar:/root/.m2/repository/commons-io/commons-io/2.11.0/commons-io-2.11.0.jar:/root/.m2/repository/org/mockito/mockito-core/5.11.0/mockito-core-5.11.0.jar:/root/.m2/repository/net/bytebuddy/byte-buddy/1.14.12/byte-buddy-1.14.12.jar:/root/.m2/repository/net/bytebuddy/byte-buddy-agent/1.14.12/byte-buddy-agent-1.14.12.jar:/root/.m2/repository/org/objenesis/objenesis/3.3/objenesis-3.3.jar:"/>
    <property name="java.vm.vendor" value="Ubuntu"/>
    <property name="sun.arch.data.model" value="64"/>
    <property name="java.vendor.url" value="https://ubuntu.com/"/>
    <property name="user.timezone" value="GMT"/>
    <property name="os.name" value="Linux"/>
    <property name="java.vm.specification.version" value="17"/>
    <property name="user.country" value="US"/>
    <property name="sun.java.launcher" value="SUN_STANDARD"/>
    <property name="sun.boot.library.path" value="/usr/lib/jvm/java-17-openjdk-amd64/lib"/>
    <property name="sun.java.command" value="/jiefang/mutation_testing_research/benchmarks/handlebars.java/handlebars/target/surefire/surefirebooter-20250207230004892_3.jar /jiefang/mutation_testing_research/benchmarks/handlebars.java/handlebars/target/surefire 2025-02-07T23-00-04_793-jvmRun1 surefire-20250207230004892_1tmp surefire_0-20250207230004892_2tmp"/>
    <property name="jdk.debug" value="release"/>
    <property name="surefire.test.class.path" value="/jiefang/mutation_testing_research/benchmarks/handlebars.java/handlebars/target/test-classes:/jiefang/mutation_testing_research/benchmarks/handlebars.java/handlebars/target/classes:/root/.m2/repository/org/apache/commons/commons-lang3/3.14.0/commons-lang3-3.14.0.jar:/root/.m2/repository/org/apache/commons/commons-text/1.11.0/commons-text-1.11.0.jar:/root/.m2/repository/org/antlr/antlr4-runtime/4.13.1/antlr4-runtime-4.13.1.jar:/root/.m2/repository/org/slf4j/slf4j-api/2.0.12/slf4j-api-2.0.12.jar:/root/.m2/repository/org/openjdk/nashorn/nashorn-core/15.4/nashorn-core-15.4.jar:/root/.m2/repository/org/ow2/asm/asm/7.3.1/asm-7.3.1.jar:/root/.m2/repository/org/ow2/asm/asm-commons/7.3.1/asm-commons-7.3.1.jar:/root/.m2/repository/org/ow2/asm/asm-analysis/7.3.1/asm-analysis-7.3.1.jar:/root/.m2/repository/org/ow2/asm/asm-tree/7.3.1/asm-tree-7.3.1.jar:/root/.m2/repository/org/ow2/asm/asm-util/7.3.1/asm-util-7.3.1.jar:/root/.m2/repository/jakarta/servlet/jakarta.servlet-api/5.0.0/jakarta.servlet-api-5.0.0.jar:/root/.m2/repository/ch/qos/logback/logback-classic/1.5.2/logback-classic-1.5.2.jar:/root/.m2/repository/ch/qos/logback/logback-core/1.5.2/logback-core-1.5.2.jar:/root/.m2/repository/org/jacoco/org.jacoco.agent/0.8.11/org.jacoco.agent-0.8.11-runtime.jar:/root/.m2/repository/org/junit/jupiter/junit-jupiter-engine/5.10.2/junit-jupiter-engine-5.10.2.jar:/root/.m2/repository/org/junit/platform/junit-platform-engine/1.10.2/junit-platform-engine-1.10.2.jar:/root/.m2/repository/org/opentest4j/opentest4j/1.3.0/opentest4j-1.3.0.jar:/root/.m2/repository/org/junit/platform/junit-platform-commons/1.10.2/junit-platform-commons-1.10.2.jar:/root/.m2/repository/org/junit/jupiter/junit-jupiter-api/5.10.2/junit-jupiter-api-5.10.2.jar:/root/.m2/repository/org/apiguardian/apiguardian-api/1.1.2/apiguardian-api-1.1.2.jar:/root/.m2/repository/org/junit/platform/junit-platform-suite/1.10.1/junit-platform-suite-1.10.1.jar:/root/.m2/repository/org/junit/platform/junit-platform-suite-api/1.10.1/junit-platform-suite-api-1.10.1.jar:/root/.m2/repository/org/junit/platform/junit-platform-suite-engine/1.10.1/junit-platform-suite-engine-1.10.1.jar:/root/.m2/repository/org/junit/platform/junit-platform-suite-commons/1.10.1/junit-platform-suite-commons-1.10.1.jar:/root/.m2/repository/org/junit/platform/junit-platform-launcher/1.10.1/junit-platform-launcher-1.10.1.jar:/root/.m2/repository/org/junit/jupiter/junit-jupiter-params/5.10.2/junit-jupiter-params-5.10.2.jar:/root/.m2/repository/org/hamcrest/hamcrest/2.2/hamcrest-2.2.jar:/root/.m2/repository/org/yaml/snakeyaml/2.2/snakeyaml-2.2.jar:/root/.m2/repository/commons-io/commons-io/2.11.0/commons-io-2.11.0.jar:/root/.m2/repository/org/mockito/mockito-core/5.11.0/mockito-core-5.11.0.jar:/root/.m2/repository/net/bytebuddy/byte-buddy/1.14.12/byte-buddy-1.14.12.jar:/root/.m2/repository/net/bytebuddy/byte-buddy-agent/1.14.12/byte-buddy-agent-1.14.12.jar:/root/.m2/repository/org/objenesis/objenesis/3.3/objenesis-3.3.jar:"/>
    <property name="sun.cpu.endian" value="little"/>
    <property name="user.home" value="/root"/>
    <property name="user.language" value="en"/>
    <property name="java.specification.vendor" value="Oracle Corporation"/>
    <property name="java.version.date" value="2024-07-16"/>
    <property name="java.home" value="/usr/lib/jvm/java-17-openjdk-amd64"/>
    <property name="file.separator" value="/"/>
    <property name="basedir" value="/jiefang/mutation_testing_research/benchmarks/handlebars.java/handlebars"/>
    <property name="java.vm.compressedOopsMode" value="Zero based"/>
    <property name="line.separator" value="&#10;"/>
    <property name="java.vm.specification.vendor" value="Oracle Corporation"/>
    <property name="java.specification.name" value="Java Platform API Specification"/>
    <property name="surefire.real.class.path" value="/jiefang/mutation_testing_research/benchmarks/handlebars.java/handlebars/target/surefire/surefirebooter-20250207230004892_3.jar"/>
    <property name="sun.management.compiler" value="HotSpot 64-Bit Tiered Compilers"/>
    <property name="java.runtime.version" value="17.0.12+7-Ubuntu-1ubuntu222.04"/>
    <property name="user.name" value="root"/>
    <property name="path.separator" value=":"/>
    <property name="os.version" value="5.4.0-200-generic"/>
    <property name="java.runtime.name" value="OpenJDK Runtime Environment"/>
    <property name="file.encoding" value="ANSI_X3.4-1968"/>
    <property name="java.vm.name" value="OpenJDK 64-Bit Server VM"/>
    <property name="localRepository" value="/root/.m2/repository"/>
    <property name="java.vendor.url.bug" value="https://bugs.launchpad.net/ubuntu/+source/openjdk-17"/>
    <property name="java.io.tmpdir" value="/tmp"/>
    <property name="java.version" value="17.0.12"/>
    <property name="user.dir" value="/jiefang/mutation_testing_research/benchmarks/handlebars.java/handlebars"/>
    <property name="os.arch" value="amd64"/>
    <property name="java.vm.specification.name" value="Java Virtual Machine Specification"/>
    <property name="native.encoding" value="ANSI_X3.4-1968"/>
    <property name="java.library.path" value="/usr/java/packages/lib:/usr/lib/x86_64-linux-gnu/jni:/lib/x86_64-linux-gnu:/usr/lib/x86_64-linux-gnu:/usr/lib/jni:/lib:/usr/lib"/>
    <property name="java.vm.info" value="mixed mode, sharing"/>
    <property name="java.vendor" value="Ubuntu"/>
    <property name="java.vm.version" value="17.0.12+7-Ubuntu-1ubuntu222.04"/>
    <property name="sun.io.unicode.encoding" value="UnicodeLittle"/>
    <property name="java.class.version" value="61.0"/>
  </properties>
  <testcase name="subExpr" classname="com.github.jknack.handlebars.internal.HbsParserTest" time="0.001">
    <system-out><![CDATA[{{:START:1:0
data&amp#1;withCtrlChar:QID:1:2
}}:END:1:19
<EOF>::1:21
(template (body (statement (var {{ (sexpr data&amp#1;withCtrlChar) }}))) <EOF>)
]]></system-out>
  </testcase>
  <testcase name="ampvar" classname="com.github.jknack.handlebars.internal.HbsParserTest" time="0.001">
    <system-out><![CDATA[{{&:START_AMP:1:0
variable:QID:1:3
678:NUMBER:1:12
}}:END:1:15
<EOF>::1:17
(template (body (statement (ampvar {{& (sexpr variable (param 678)) }}))) <EOF>)
{{&:START_AMP:1:0
variable:QID:1:3
"string":DOUBLE_STRING:1:12
}}:END:1:20
<EOF>::1:22
(template (body (statement (ampvar {{& (sexpr variable (param "string")) }}))) <EOF>)
{{&:START_AMP:1:0
variable:QID:1:3
"true":DOUBLE_STRING:1:12
}}:END:1:18
<EOF>::1:20
(template (body (statement (ampvar {{& (sexpr variable (param "true")) }}))) <EOF>)
{{&:START_AMP:1:0
variable:QID:1:3
"string":DOUBLE_STRING:1:12
78:NUMBER:1:21
}}:END:1:23
<EOF>::1:25
(template (body (statement (ampvar {{& (sexpr variable (param "string") (param 78)) }}))) <EOF>)
]]></system-out>
  </testcase>
  <testcase name="unless" classname="com.github.jknack.handlebars.internal.HbsParserTest" time="0.002">
    <system-out><![CDATA[{{^:UNLESS:1:0
block:QID:1:3
}}:END:1:8
{{:START:1:10
var:QID:1:12
}}:END:1:15
{{/:END_BLOCK:1:17
block:QID:1:20
}}:END:1:25
<EOF>::1:27
(template (body (statement (unless {{^ (sexpr block) }} (body (statement (var {{ (sexpr var) }}))) {{/ block }}))) <EOF>)
]]></system-out>
  </testcase>
  <testcase name="partial" classname="com.github.jknack.handlebars.internal.HbsParserTest" time="0.001">
    <system-out><![CDATA[[ :TEXT:1:0
{{>:START_PARTIAL:1:2
include:QID:1:5
}}:END:1:12
 ]:TEXT:1:14
<EOF>::1:16
(template (body (statement (text [ )) (statement (partial {{> (pexpr include) }})) (statement (text  ]))) <EOF>)
]]></system-out>
  </testcase>
  <testcase name="comments" classname="com.github.jknack.handlebars.internal.HbsParserTest" time="0.0">
    <system-out><![CDATA[12345:TEXT:1:0
{{! Comment Block! }}:COMMENT:1:5
67890:TEXT:1:26
<EOF>::1:31
(template (body (statement (text 12345)) (statement (comment {{! Comment Block! }})) (statement (text 67890))) <EOF>)
]]></system-out>
  </testcase>
  <testcase name="dynamicPartial" classname="com.github.jknack.handlebars.internal.HbsParserTest" time="0.001">
    <system-out><![CDATA[{{>:START_PARTIAL:1:0
(:'(':1:4
partial:QID:1:5
):')':1:12
}}:END:1:13
<EOF>::1:15
(template (body (statement (partial {{> (pexpr ( (sexpr partial) )) }}))) <EOF>)
]]></system-out>
  </testcase>
  <testcase name="var" classname="com.github.jknack.handlebars.internal.HbsParserTest" time="0.001">
    <system-out><![CDATA[{{:START:1:0
variable:QID:1:2
678:NUMBER:1:11
}}:END:1:14
<EOF>::1:16
(template (body (statement (var {{ (sexpr variable (param 678)) }}))) <EOF>)
{{:START:1:0
array.[10]:QID:1:2
}}:END:1:12
<EOF>::1:14
(template (body (statement (var {{ (sexpr array.[10]) }}))) <EOF>)
{{:START:1:0
array.[1foo]:QID:1:2
}}:END:1:14
<EOF>::1:16
(template (body (statement (var {{ (sexpr array.[1foo]) }}))) <EOF>)
{{:START:1:0
array.['foo']:QID:1:2
}}:END:1:15
<EOF>::1:17
(template (body (statement (var {{ (sexpr array.['foo']) }}))) <EOF>)
{{:START:1:0
array.['foo or bar}}]:QID:1:2
}}:END:1:23
<EOF>::1:25
(template (body (statement (var {{ (sexpr array.['foo or bar}}]) }}))) <EOF>)
{{:START:1:0
variable:QID:1:2
"string":DOUBLE_STRING:1:11
}}:END:1:19
<EOF>::1:21
(template (body (statement (var {{ (sexpr variable (param "string")) }}))) <EOF>)
{{:START:1:0
variable:QID:1:2
"true":DOUBLE_STRING:1:11
}}:END:1:17
<EOF>::1:19
(template (body (statement (var {{ (sexpr variable (param "true")) }}))) <EOF>)
{{:START:1:0
variable:QID:1:2
"string":DOUBLE_STRING:1:11
78:NUMBER:1:20
}}:END:1:22
<EOF>::1:24
(template (body (statement (var {{ (sexpr variable (param "string") (param 78)) }}))) <EOF>)
]]></system-out>
  </testcase>
  <testcase name="hash" classname="com.github.jknack.handlebars.internal.HbsParserTest" time="0.0">
    <system-out><![CDATA[{{:START:1:0
variable:QID:1:2
int:QID:1:11
=:'=':1:14
678:NUMBER:1:15
}}:END:1:18
<EOF>::1:20
(template (body (statement (var {{ (sexpr variable (hash int = (param 678))) }}))) <EOF>)
{{:START:1:0
variable:QID:1:2
string:QID:1:11
=:'=':1:17
'string':SINGLE_STRING:1:18
}}:END:1:26
<EOF>::1:28
(template (body (statement (var {{ (sexpr variable (hash string = (param 'string'))) }}))) <EOF>)
]]></system-out>
  </testcase>
  <testcase name="text" classname="com.github.jknack.handlebars.internal.HbsParserTest" time="0.0">
    <system-out><![CDATA[Hello world!:TEXT:1:0
<EOF>::1:12
(template (body (statement (text Hello world!))) <EOF>)
]]></system-out>
  </testcase>
  <testcase name="tvar" classname="com.github.jknack.handlebars.internal.HbsParserTest" time="0.004">
    <system-out><![CDATA[{{{:START_T:1:0
variable:QID:1:3
678:NUMBER:1:12
}}}:END_T:1:15
<EOF>::1:18
(template (body (statement (tvar {{{ (sexpr variable (param 678)) }}}))) <EOF>)
{{{:START_T:1:0
variable:QID:1:3
"string":DOUBLE_STRING:1:12
}}}:END_T:1:20
<EOF>::1:23
(template (body (statement (tvar {{{ (sexpr variable (param "string")) }}}))) <EOF>)
{{{:START_T:1:0
variable:QID:1:3
"true":DOUBLE_STRING:1:12
}}}:END_T:1:18
<EOF>::1:21
(template (body (statement (tvar {{{ (sexpr variable (param "true")) }}}))) <EOF>)
{{{:START_T:1:0
variable:QID:1:3
"string":DOUBLE_STRING:1:12
78:NUMBER:1:21
}}}:END_T:1:23
<EOF>::1:26
(template (body (statement (tvar {{{ (sexpr variable (param "string") (param 78)) }}}))) <EOF>)
]]></system-out>
  </testcase>
  <testcase name="whiteSpaceHandledEqually" classname="com.github.jknack.handlebars.internal.HbsParserTest" time="0.001">
    <system-out><![CDATA[{{:START:1:0
helper:QID:1:2
param1:QID:1:9
=:'=':1:15
"1":DOUBLE_STRING:1:16
param2:QID:1:20
=:'=':1:26
2:NUMBER:1:27
}}:END:1:28
<EOF>::1:30
(template (body (statement (var {{ (sexpr helper (hash param1 = (param "1")) (hash param2 = (param 2))) }}))) <EOF>)
{{:START:1:0
helper:QID:1:2
param1:QID:2:0
=:'=':2:6
"1":DOUBLE_STRING:2:7
param2:QID:3:0
=:'=':3:6
2:NUMBER:3:7
}}:END:3:8
<EOF>::3:10
(template (body (statement (var {{ (sexpr helper (hash param1 = (param "1")) (hash param2 = (param 2))) }}))) <EOF>)
{{:START:1:0
helper:QID:1:2
param1:QID:2:0
=:'=':2:6
"1":DOUBLE_STRING:2:7
param2:QID:3:0
=:'=':3:6
2:NUMBER:3:7
}}:END:3:8
<EOF>::3:10
(template (body (statement (var {{ (sexpr helper (hash param1 = (param "1")) (hash param2 = (param 2))) }}))) <EOF>)
{{:START:1:0
helper:QID:1:2
param1:QID:2:1
=:'=':2:7
"1":DOUBLE_STRING:2:8
param2:QID:3:1
=:'=':3:7
2:NUMBER:3:8
}}:END:3:9
<EOF>::3:11
(template (body (statement (var {{ (sexpr helper (hash param1 = (param "1")) (hash param2 = (param 2))) }}))) <EOF>)
]]></system-out>
  </testcase>
  <testcase name="block" classname="com.github.jknack.handlebars.internal.HbsParserTest" time="0.001">
    <system-out><![CDATA[{{#:START_BLOCK:1:0
block:QID:1:3
678:NUMBER:1:9
}}:END:1:12
{{:START:1:14
var:QID:1:16
}}:END:1:19
{{/:END_BLOCK:1:21
block:QID:1:24
}}:END:1:29
<EOF>::1:31
(template (body (statement (block {{# (sexpr block (param 678)) }} (body (statement (var {{ (sexpr var) }}))) {{/ block }}))) <EOF>)
{{#:START_BLOCK:1:0
block:QID:1:3
678:NUMBER:1:9
}}:END:1:12
then:TEXT:1:14
{{^:UNLESS:1:18
}}:END:1:21
else:TEXT:1:23
{{/:END_BLOCK:1:27
block:QID:1:30
}}:END:1:35
<EOF>::1:37
(template (body (statement (block {{# (sexpr block (param 678)) }} (body (statement (text then))) (elseBlock (elseStmt {{^ }} (body (statement (text else))))) {{/ block }}))) <EOF>)
{{#:START_BLOCK:1:0
block:QID:1:3
678:NUMBER:1:9
}}:END:1:12
then:TEXT:1:14
{{^:UNLESS:1:18
}}:END:1:21
else:TEXT:1:23
{{/:END_BLOCK:1:27
block:QID:1:30
}}:END:1:35
<EOF>::1:37
(template (body (statement (block {{# (sexpr block (param 678)) }} (body (statement (text then))) (elseBlock (elseStmt {{^ }} (body (statement (text else))))) {{/ block }}))) <EOF>)
]]></system-out>
  </testcase>
  <testcase name="hello" classname="com.github.jknack.handlebars.internal.HbsParserTest" time="0.001">
    <system-out><![CDATA[Hello :TEXT:1:0
{{:START:1:6
who:QID:1:8
}}:END:1:11

!:TEXT:1:13
<EOF>::2:1
(template (body (statement (text Hello )) (statement (var {{ (sexpr who) }})) (statement (text \n!))) <EOF>)
]]></system-out>
  </testcase>
  <testcase name="rawblock" classname="com.github.jknack.handlebars.internal.HbsParserTest" time="0.001">
    <system-out><![CDATA[{{{{:START_RAW:1:0
raw:QID:1:4
}}}}:END_RAW:1:7
 :TEXT:1:11
{{:START:1:12
test:QID:1:14
}}:END:1:18
 :TEXT:1:20
{{{{/:END_RAW_BLOCK:1:21
raw:QID:1:26
}}}}:END_RAW:1:29
<EOF>::1:33
(template (body (statement (rawBlock {{{{ (sexpr raw) }}}} (body (statement (text  )) (statement (var {{ (sexpr test) }})) (statement (text  ))) {{{{/ raw }}}}))) <EOF>)
]]></system-out>
  </testcase>
  <testcase name="newlines" classname="com.github.jknack.handlebars.internal.HbsParserTest" time="0.0">
    <system-out><![CDATA[Alan'sTest:TEXT:1:0
<EOF>::2:4
(template (body (statement (text Alan's\rTest))) <EOF>)
]]></system-out>
  </testcase>
  <testcase name="setDelim" classname="com.github.jknack.handlebars.internal.HbsParserTest" time="0.001">
    <system-out><![CDATA[{{=:START_DELIM:1:0
<:DELIM:1:3
%:DELIM:1:4
 :WS_DELIM:1:5
%:DELIM:1:6
>:DELIM:1:7
=}}:END_DELIM:1:8
<%:START:1:11
hello:QID:1:13
%>:END:1:18
<%=:START_DELIM:1:20
{:DELIM:1:23
{:DELIM:1:24
 :WS_DELIM:1:25
}:DELIM:1:26
}:DELIM:1:27
=%>:END_DELIM:1:28
{{:START:1:31
reset:QID:1:33
}}:END:1:38
<EOF>::1:40
(template (body (statement (delimiters {{= < %   % > =}})) (statement (var <% (sexpr hello) %>)) (statement (delimiters <%= { {   } } =%>)) (statement (var {{ (sexpr reset) }}))) <EOF>)
{{=:START_DELIM:1:0
 :WS_DELIM:1:3
|:DELIM:1:4
 :WS_DELIM:1:5
|:DELIM:1:6
 :WS_DELIM:1:7
=}}:END_DELIM:1:8
<:TEXT:1:11
|#:START_BLOCK:1:12
lambda:QID:1:14
|:END:1:20
-:TEXT:1:21
|/:END_BLOCK:1:22
lambda:QID:1:24
|:END:1:30
>:TEXT:1:31
<EOF>::1:32
(template (body (statement (delimiters {{=   |   |   =}})) (statement (text <)) (statement (block |# (sexpr lambda) | (body (statement (text -))) |/ lambda |)) (statement (text >))) <EOF>)
{{=:START_DELIM:1:0
+:DELIM:1:3
-:DELIM:1:4
+:DELIM:1:5
 :WS_DELIM:1:6
+:DELIM:1:7
-:DELIM:1:8
+:DELIM:1:9
=}}:END_DELIM:1:10
+-+:START:1:13
test:QID:1:16
+-+:END:1:20
<EOF>::1:23
(template (body (statement (delimiters {{= + - +   + - + =}})) (statement (var +-+ (sexpr test) +-+))) <EOF>)
]]></system-out>
  </testcase>
</testsuite>