<?xml version="1.0" encoding="UTF-8"?>
<testsuite xmlns:xsi="http://www.w3.org/2001/XMLSchema-instance" xsi:noNamespaceSchemaLocation="https://maven.apache.org/surefire/maven-surefire-plugin/xsd/surefire-test-report.xsd" version="3.0.2" name="com.google.common.jimfs.RegularFileTest" time="0.279" tests="5432" errors="0" skipped="0" failures="0">
  <properties>
    <property name="java.specification.version" value="17"/>
    <property name="sun.jnu.encoding" value="ANSI_X3.4-1968"/>
    <property name="java.class.path" value="/jiefang/mutation_testing_research/benchmarks/jimfs/jimfs/target/test-classes:/jiefang/mutation_testing_research/benchmarks/jimfs/jimfs/target/classes:/root/.m2/repository/com/google/guava/guava/33.2.1-jre/guava-33.2.1-jre.jar:/root/.m2/repository/com/google/guava/failureaccess/1.0.2/failureaccess-1.0.2.jar:/root/.m2/repository/com/google/guava/listenablefuture/9999.0-empty-to-avoid-conflict-with-guava/listenablefuture-9999.0-empty-to-avoid-conflict-with-guava.jar:/root/.m2/repository/com/google/errorprone/error_prone_annotations/2.26.1/error_prone_annotations-2.26.1.jar:/root/.m2/repository/com/google/j2objc/j2objc-annotations/3.0.0/j2objc-annotations-3.0.0.jar:/root/.m2/repository/com/ibm/icu/icu4j/75.1/icu4j-75.1.jar:/root/.m2/repository/com/google/auto/service/auto-service-annotations/1.1.1/auto-service-annotations-1.1.1.jar:/root/.m2/repository/com/google/code/findbugs/jsr305/3.0.2/jsr305-3.0.2.jar:/root/.m2/repository/org/checkerframework/checker-qual/3.46.0/checker-qual-3.46.0.jar:/root/.m2/repository/junit/junit/4.13.2/junit-4.13.2.jar:/root/.m2/repository/org/hamcrest/hamcrest-core/1.3/hamcrest-core-1.3.jar:/root/.m2/repository/com/google/guava/guava-testlib/33.2.1-jre/guava-testlib-33.2.1-jre.jar:/root/.m2/repository/com/google/truth/truth/1.4.4/truth-1.4.4.jar:/root/.m2/repository/org/jspecify/jspecify/0.3.0/jspecify-0.3.0.jar:/root/.m2/repository/com/google/auto/value/auto-value-annotations/1.11.0/auto-value-annotations-1.11.0.jar:/root/.m2/repository/org/ow2/asm/asm/9.7/asm-9.7.jar:"/>
    <property name="java.vm.vendor" value="Ubuntu"/>
    <property name="sun.arch.data.model" value="64"/>
    <property name="java.vendor.url" value="https://ubuntu.com/"/>
    <property name="os.name" value="Linux"/>
    <property name="java.vm.specification.version" value="17"/>
    <property name="sun.java.launcher" value="SUN_STANDARD"/>
    <property name="user.country" value="US"/>
    <property name="sun.boot.library.path" value="/usr/lib/jvm/java-17-openjdk-amd64/lib"/>
    <property name="sun.java.command" value="/jiefang/mutation_testing_research/benchmarks/jimfs/jimfs/target/surefire/surefirebooter-20250207023820656_3.jar /jiefang/mutation_testing_research/benchmarks/jimfs/jimfs/target/surefire 2025-02-07T02-38-20_602-jvmRun1 surefire-20250207023820656_1tmp surefire_0-20250207023820656_2tmp"/>
    <property name="jdk.debug" value="release"/>
    <property name="surefire.test.class.path" value="/jiefang/mutation_testing_research/benchmarks/jimfs/jimfs/target/test-classes:/jiefang/mutation_testing_research/benchmarks/jimfs/jimfs/target/classes:/root/.m2/repository/com/google/guava/guava/33.2.1-jre/guava-33.2.1-jre.jar:/root/.m2/repository/com/google/guava/failureaccess/1.0.2/failureaccess-1.0.2.jar:/root/.m2/repository/com/google/guava/listenablefuture/9999.0-empty-to-avoid-conflict-with-guava/listenablefuture-9999.0-empty-to-avoid-conflict-with-guava.jar:/root/.m2/repository/com/google/errorprone/error_prone_annotations/2.26.1/error_prone_annotations-2.26.1.jar:/root/.m2/repository/com/google/j2objc/j2objc-annotations/3.0.0/j2objc-annotations-3.0.0.jar:/root/.m2/repository/com/ibm/icu/icu4j/75.1/icu4j-75.1.jar:/root/.m2/repository/com/google/auto/service/auto-service-annotations/1.1.1/auto-service-annotations-1.1.1.jar:/root/.m2/repository/com/google/code/findbugs/jsr305/3.0.2/jsr305-3.0.2.jar:/root/.m2/repository/org/checkerframework/checker-qual/3.46.0/checker-qual-3.46.0.jar:/root/.m2/repository/junit/junit/4.13.2/junit-4.13.2.jar:/root/.m2/repository/org/hamcrest/hamcrest-core/1.3/hamcrest-core-1.3.jar:/root/.m2/repository/com/google/guava/guava-testlib/33.2.1-jre/guava-testlib-33.2.1-jre.jar:/root/.m2/repository/com/google/truth/truth/1.4.4/truth-1.4.4.jar:/root/.m2/repository/org/jspecify/jspecify/0.3.0/jspecify-0.3.0.jar:/root/.m2/repository/com/google/auto/value/auto-value-annotations/1.11.0/auto-value-annotations-1.11.0.jar:/root/.m2/repository/org/ow2/asm/asm/9.7/asm-9.7.jar:"/>
    <property name="sun.cpu.endian" value="little"/>
    <property name="user.home" value="/root"/>
    <property name="user.language" value="en"/>
    <property name="java.specification.vendor" value="Oracle Corporation"/>
    <property name="java.version.date" value="2024-07-16"/>
    <property name="java.home" value="/usr/lib/jvm/java-17-openjdk-amd64"/>
    <property name="file.separator" value="/"/>
    <property name="basedir" value="/jiefang/mutation_testing_research/benchmarks/jimfs/jimfs"/>
    <property name="java.vm.compressedOopsMode" value="Zero based"/>
    <property name="line.separator" value="&#10;"/>
    <property name="java.vm.specification.vendor" value="Oracle Corporation"/>
    <property name="java.specification.name" value="Java Platform API Specification"/>
    <property name="surefire.real.class.path" value="/jiefang/mutation_testing_research/benchmarks/jimfs/jimfs/target/surefire/surefirebooter-20250207023820656_3.jar"/>
    <property name="java.protocol.handler.pkgs" value="com.google.common"/>
    <property name="sun.management.compiler" value="HotSpot 64-Bit Tiered Compilers"/>
    <property name="java.runtime.version" value="17.0.12+7-Ubuntu-1ubuntu222.04"/>
    <property name="user.name" value="root"/>
    <property name="path.separator" value=":"/>
    <property name="os.version" value="5.4.0-200-generic"/>
    <property name="java.runtime.name" value="OpenJDK Runtime Environment"/>
    <property name="file.encoding" value="ANSI_X3.4-1968"/>
    <property name="java.vm.name" value="OpenJDK 64-Bit Server VM"/>
    <property name="localRepository" value="/root/.m2/repository"/>
    <property name="java.vendor.url.bug" value="https://bugs.launchpad.net/ubuntu/+source/openjdk-17"/>
    <property name="java.io.tmpdir" value="/tmp"/>
    <property name="java.version" value="17.0.12"/>
    <property name="user.dir" value="/jiefang/mutation_testing_research/benchmarks/jimfs/jimfs"/>
    <property name="os.arch" value="amd64"/>
    <property name="java.vm.specification.name" value="Java Virtual Machine Specification"/>
    <property name="native.encoding" value="ANSI_X3.4-1968"/>
    <property name="java.library.path" value="/usr/java/packages/lib:/usr/lib/x86_64-linux-gnu/jni:/lib/x86_64-linux-gnu:/usr/lib/x86_64-linux-gnu:/usr/lib/jni:/lib:/usr/lib"/>
    <property name="java.vm.info" value="mixed mode, sharing"/>
    <property name="java.vendor" value="Ubuntu"/>
    <property name="java.vm.version" value="17.0.12+7-Ubuntu-1ubuntu222.04"/>
    <property name="sun.io.unicode.encoding" value="UnicodeLittle"/>
    <property name="java.class.version" value="61.0"/>
  </properties>
  <testcase name="testEmpty_write_singleByte_atNonZeroPosition [NEW_DISK [2, 0]]" classname="com.google.common.jimfs.RegularFileTest$RegularFileTestRunner" time="0.0"/>
  <testcase name="testNonEmpty_write_partial_fromBeforeEnd_singleBuffer [NEW_DISK [2, 0]]" classname="com.google.common.jimfs.RegularFileTest$RegularFileTestRunner" time="0.0"/>
  <testcase name="testEmpty_transferFrom_positionGreaterThanSize_countLessThanSrcSize [NEW_DISK [2, 0]]" classname="com.google.common.jimfs.RegularFileTest$RegularFileTestRunner" time="0.0"/>
  <testcase name="testEmpty_write_singleByte_atStart [NEW_DISK [2, 0]]" classname="com.google.common.jimfs.RegularFileTest$RegularFileTestRunner" time="0.001"/>
  <testcase name="testEmpty_write_byteArray_atStart [NEW_DISK [2, 0]]" classname="com.google.common.jimfs.RegularFileTest$RegularFileTestRunner" time="0.0"/>
  <testcase name="testEmpty_write_singleBuffer_atNonZeroPosition [NEW_DISK [2, 0]]" classname="com.google.common.jimfs.RegularFileTest$RegularFileTestRunner" time="0.0"/>
  <testcase name="testEmpty_write_multipleBuffers_atNonZeroPosition [NEW_DISK [2, 0]]" classname="com.google.common.jimfs.RegularFileTest$RegularFileTestRunner" time="0.0"/>
  <testcase name="testEmpty_write_noBytesArray_atStart [NEW_DISK [2, 0]]" classname="com.google.common.jimfs.RegularFileTest$RegularFileTestRunner" time="0.0"/>
  <testcase name="testEmpty_write_noBytesArray_atNonZeroPosition [NEW_DISK [2, 0]]" classname="com.google.common.jimfs.RegularFileTest$RegularFileTestRunner" time="0.0"/>
  <testcase name="testEmpty_write_noBytesBuffer_atStart [NEW_DISK [2, 0]]" classname="com.google.common.jimfs.RegularFileTest$RegularFileTestRunner" time="0.0"/>
  <testcase name="testEmpty_write_noBytesBuffer_atNonZeroPosition [NEW_DISK [2, 0]]" classname="com.google.common.jimfs.RegularFileTest$RegularFileTestRunner" time="0.0"/>
  <testcase name="testEmpty_write_noBytesBuffers_atStart [NEW_DISK [2, 0]]" classname="com.google.common.jimfs.RegularFileTest$RegularFileTestRunner" time="0.0"/>
  <testcase name="testEmpty_write_noBytesBuffers_atNonZeroPosition [NEW_DISK [2, 0]]" classname="com.google.common.jimfs.RegularFileTest$RegularFileTestRunner" time="0.0"/>
  <testcase name="testEmpty_transferFrom_fromStart_countEqualsSrcSize [NEW_DISK [2, 0]]" classname="com.google.common.jimfs.RegularFileTest$RegularFileTestRunner" time="0.0"/>
  <testcase name="testEmpty_transferFrom_fromStart_countLessThanSrcSize [NEW_DISK [2, 0]]" classname="com.google.common.jimfs.RegularFileTest$RegularFileTestRunner" time="0.0"/>
  <testcase name="testEmpty_transferFrom_fromStart_countGreaterThanSrcSize [NEW_DISK [2, 0]]" classname="com.google.common.jimfs.RegularFileTest$RegularFileTestRunner" time="0.0"/>
  <testcase name="testEmpty_transferFrom_positionGreaterThanSize [NEW_DISK [2, 0]]" classname="com.google.common.jimfs.RegularFileTest$RegularFileTestRunner" time="0.0"/>
  <testcase name="testEmpty_transferFrom_positionGreaterThanSize_countEqualsSrcSize [NEW_DISK [2, 0]]" classname="com.google.common.jimfs.RegularFileTest$RegularFileTestRunner" time="0.0"/>
  <testcase name="testEmpty_transferFrom_fromStart_noBytes_countEqualsSrcSize [NEW_DISK [2, 0]]" classname="com.google.common.jimfs.RegularFileTest$RegularFileTestRunner" time="0.0"/>
  <testcase name="testEmpty_transferFrom_fromStart_noBytes_countGreaterThanSrcSize [NEW_DISK [2, 0]]" classname="com.google.common.jimfs.RegularFileTest$RegularFileTestRunner" time="0.0"/>
  <testcase name="testEmpty_transferFrom_postionGreaterThanSrcSize_noBytes_countEqualsSrcSize [NEW_DISK [2, 0]]" classname="com.google.common.jimfs.RegularFileTest$RegularFileTestRunner" time="0.0"/>
  <testcase name="testEmpty_transferFrom_postionGreaterThanSrcSize_noBytes_countGreaterThanSrcSize [NEW_DISK [2, 0]]" classname="com.google.common.jimfs.RegularFileTest$RegularFileTestRunner" time="0.0"/>
  <testcase name="testEmpty_transferTo [NEW_DISK [2, 0]]" classname="com.google.common.jimfs.RegularFileTest$RegularFileTestRunner" time="0.0"/>
  <testcase name="testEmpty_copy [NEW_DISK [2, 0]]" classname="com.google.common.jimfs.RegularFileTest$RegularFileTestRunner" time="0.0"/>
  <testcase name="testEmpty_truncate_toZero [NEW_DISK [2, 0]]" classname="com.google.common.jimfs.RegularFileTest$RegularFileTestRunner" time="0.0"/>
  <testcase name="testEmpty_truncate_sizeUp [NEW_DISK [2, 0]]" classname="com.google.common.jimfs.RegularFileTest$RegularFileTestRunner" time="0.0"/>
  <testcase name="testNonEmpty [NEW_DISK [2, 0]]" classname="com.google.common.jimfs.RegularFileTest$RegularFileTestRunner" time="0.0"/>
  <testcase name="testNonEmpty_read_singleByte [NEW_DISK [2, 0]]" classname="com.google.common.jimfs.RegularFileTest$RegularFileTestRunner" time="0.0"/>
  <testcase name="testNonEmpty_read_all_byteArray [NEW_DISK [2, 0]]" classname="com.google.common.jimfs.RegularFileTest$RegularFileTestRunner" time="0.0"/>
  <testcase name="testNonEmpty_read_all_singleBuffer [NEW_DISK [2, 0]]" classname="com.google.common.jimfs.RegularFileTest$RegularFileTestRunner" time="0.0"/>
  <testcase name="testNonEmpty_read_all_multipleBuffers [NEW_DISK [2, 0]]" classname="com.google.common.jimfs.RegularFileTest$RegularFileTestRunner" time="0.0"/>
  <testcase name="testNonEmpty_read_all_byteArray_largerThanContent [NEW_DISK [2, 0]]" classname="com.google.common.jimfs.RegularFileTest$RegularFileTestRunner" time="0.0"/>
  <testcase name="testNonEmpty_read_all_singleBuffer_largerThanContent [NEW_DISK [2, 0]]" classname="com.google.common.jimfs.RegularFileTest$RegularFileTestRunner" time="0.0"/>
  <testcase name="testNonEmpty_read_all_multipleBuffers_largerThanContent [NEW_DISK [2, 0]]" classname="com.google.common.jimfs.RegularFileTest$RegularFileTestRunner" time="0.0"/>
  <testcase name="testNonEmpty_read_all_multipleBuffers_extraBuffers [NEW_DISK [2, 0]]" classname="com.google.common.jimfs.RegularFileTest$RegularFileTestRunner" time="0.0"/>
  <testcase name="testNonEmpty_read_partial_fromStart_byteArray [NEW_DISK [2, 0]]" classname="com.google.common.jimfs.RegularFileTest$RegularFileTestRunner" time="0.001"/>
  <testcase name="testNonEmpty_read_partial_fromMiddle_byteArray [NEW_DISK [2, 0]]" classname="com.google.common.jimfs.RegularFileTest$RegularFileTestRunner" time="0.0"/>
  <testcase name="testNonEmpty_read_partial_fromEnd_byteArray [NEW_DISK [2, 0]]" classname="com.google.common.jimfs.RegularFileTest$RegularFileTestRunner" time="0.0"/>
  <testcase name="testNonEmpty_read_partial_fromStart_singleBuffer [NEW_DISK [2, 0]]" classname="com.google.common.jimfs.RegularFileTest$RegularFileTestRunner" time="0.0"/>
  <testcase name="testNonEmpty_read_partial_fromMiddle_singleBuffer [NEW_DISK [2, 0]]" classname="com.google.common.jimfs.RegularFileTest$RegularFileTestRunner" time="0.0"/>
  <testcase name="testNonEmpty_read_partial_fromEnd_singleBuffer [NEW_DISK [2, 0]]" classname="com.google.common.jimfs.RegularFileTest$RegularFileTestRunner" time="0.0"/>
  <testcase name="testEmpty_write_multipleBuffers_atStart [NEW_DISK [2, 0]]" classname="com.google.common.jimfs.RegularFileTest$RegularFileTestRunner" time="0.0"/>
  <testcase name="testEmpty_write_byteArray_atNonZeroPosition [NEW_DISK [2, 0]]" classname="com.google.common.jimfs.RegularFileTest$RegularFileTestRunner" time="0.0"/>
  <testcase name="testEmpty_read_singleByte [NEW_DISK [2, 0]]" classname="com.google.common.jimfs.RegularFileTest$RegularFileTestRunner" time="0.0"/>
  <testcase name="testEmpty_read_byteArray [NEW_DISK [2, 0]]" classname="com.google.common.jimfs.RegularFileTest$RegularFileTestRunner" time="0.0"/>
  <testcase name="testEmpty_read_singleBuffer [NEW_DISK [2, 0]]" classname="com.google.common.jimfs.RegularFileTest$RegularFileTestRunner" time="0.0"/>
  <testcase name="testEmpty_read_multipleBuffers [NEW_DISK [2, 0]]" classname="com.google.common.jimfs.RegularFileTest$RegularFileTestRunner" time="0.0"/>
  <testcase name="testEmpty_write_partialByteArray_atNonZeroPosition [NEW_DISK [2, 0]]" classname="com.google.common.jimfs.RegularFileTest$RegularFileTestRunner" time="0.0"/>
  <testcase name="testEmpty_write_singleBuffer_atStart [NEW_DISK [2, 0]]" classname="com.google.common.jimfs.RegularFileTest$RegularFileTestRunner" time="0.001"/>
  <testcase name="testEmpty_write_partialByteArray_atStart [NEW_DISK [2, 0]]" classname="com.google.common.jimfs.RegularFileTest$RegularFileTestRunner" time="0.0"/>
  <testcase name="testEmpty_transferFrom_positionGreaterThanSize_countGreaterThanSrcSize [NEW_DISK [2, 0]]" classname="com.google.common.jimfs.RegularFileTest$RegularFileTestRunner" time="0.0"/>
  <testcase name="testEmpty [NEW_DISK [2, 0]]" classname="com.google.common.jimfs.RegularFileTest$RegularFileTestRunner" time="0.0"/>
  <testcase name="testNonEmpty_read_partial_fromStart_multipleBuffers [NEW_DISK [2, 0]]" classname="com.google.common.jimfs.RegularFileTest$RegularFileTestRunner" time="0.0"/>
  <testcase name="testNonEmpty_read_partial_fromMiddle_multipleBuffers [NEW_DISK [2, 0]]" classname="com.google.common.jimfs.RegularFileTest$RegularFileTestRunner" time="0.0"/>
  <testcase name="testNonEmpty_read_partial_fromEnd_multipleBuffers [NEW_DISK [2, 0]]" classname="com.google.common.jimfs.RegularFileTest$RegularFileTestRunner" time="0.0"/>
  <testcase name="testNonEmpty_read_fromPastEnd_byteArray [NEW_DISK [2, 0]]" classname="com.google.common.jimfs.RegularFileTest$RegularFileTestRunner" time="0.0"/>
  <testcase name="testNonEmpty_read_fromPastEnd_singleBuffer [NEW_DISK [2, 0]]" classname="com.google.common.jimfs.RegularFileTest$RegularFileTestRunner" time="0.0"/>
  <testcase name="testNonEmpty_read_fromPastEnd_multipleBuffers [NEW_DISK [2, 0]]" classname="com.google.common.jimfs.RegularFileTest$RegularFileTestRunner" time="0.0"/>
  <testcase name="testNonEmpty_write_partial_fromStart_singleByte [NEW_DISK [2, 0]]" classname="com.google.common.jimfs.RegularFileTest$RegularFileTestRunner" time="0.0"/>
  <testcase name="testNonEmpty_write_partial_fromMiddle_singleByte [NEW_DISK [2, 0]]" classname="com.google.common.jimfs.RegularFileTest$RegularFileTestRunner" time="0.0"/>
  <testcase name="testNonEmpty_write_partial_fromEnd_singleByte [NEW_DISK [2, 0]]" classname="com.google.common.jimfs.RegularFileTest$RegularFileTestRunner" time="0.0"/>
  <testcase name="testNonEmpty_write_partial_fromStart_byteArray [NEW_DISK [2, 0]]" classname="com.google.common.jimfs.RegularFileTest$RegularFileTestRunner" time="0.0"/>
  <testcase name="testNonEmpty_write_partial_fromMiddle_byteArray [NEW_DISK [2, 0]]" classname="com.google.common.jimfs.RegularFileTest$RegularFileTestRunner" time="0.0"/>
  <testcase name="testNonEmpty_write_partial_fromBeforeEnd_byteArray [NEW_DISK [2, 0]]" classname="com.google.common.jimfs.RegularFileTest$RegularFileTestRunner" time="0.001"/>
  <testcase name="testNonEmpty_write_partial_fromEnd_byteArray [NEW_DISK [2, 0]]" classname="com.google.common.jimfs.RegularFileTest$RegularFileTestRunner" time="0.0"/>
  <testcase name="testNonEmpty_write_partial_fromPastEnd_byteArray [NEW_DISK [2, 0]]" classname="com.google.common.jimfs.RegularFileTest$RegularFileTestRunner" time="0.0"/>
  <testcase name="testNonEmpty_write_partial_fromStart_singleBuffer [NEW_DISK [2, 0]]" classname="com.google.common.jimfs.RegularFileTest$RegularFileTestRunner" time="0.0"/>
  <testcase name="testNonEmpty_write_partial_fromMiddle_singleBuffer [NEW_DISK [2, 0]]" classname="com.google.common.jimfs.RegularFileTest$RegularFileTestRunner" time="0.0"/>
  <testcase name="testNonEmpty_write_partial_fromEnd_singleBuffer [NEW_DISK [2, 0]]" classname="com.google.common.jimfs.RegularFileTest$RegularFileTestRunner" time="0.0"/>
  <testcase name="testNonEmpty_write_partial_fromPastEnd_singleBuffer [NEW_DISK [2, 0]]" classname="com.google.common.jimfs.RegularFileTest$RegularFileTestRunner" time="0.0"/>
  <testcase name="testNonEmpty_write_partial_fromStart_multipleBuffers [NEW_DISK [2, 0]]" classname="com.google.common.jimfs.RegularFileTest$RegularFileTestRunner" time="0.0"/>
  <testcase name="testNonEmpty_write_partial_fromMiddle_multipleBuffers [NEW_DISK [2, 0]]" classname="com.google.common.jimfs.RegularFileTest$RegularFileTestRunner" time="0.0"/>
  <testcase name="testNonEmpty_write_partial_fromBeforeEnd_multipleBuffers [NEW_DISK [2, 0]]" classname="com.google.common.jimfs.RegularFileTest$RegularFileTestRunner" time="0.0"/>
  <testcase name="testNonEmpty_write_partial_fromEnd_multipleBuffers [NEW_DISK [2, 0]]" classname="com.google.common.jimfs.RegularFileTest$RegularFileTestRunner" time="0.0"/>
  <testcase name="testNonEmpty_write_partial_fromPastEnd_multipleBuffers [NEW_DISK [2, 0]]" classname="com.google.common.jimfs.RegularFileTest$RegularFileTestRunner" time="0.0"/>
  <testcase name="testNonEmpty_write_overwrite_sameLength [NEW_DISK [2, 0]]" classname="com.google.common.jimfs.RegularFileTest$RegularFileTestRunner" time="0.0"/>
  <testcase name="testNonEmpty_write_overwrite_greaterLength [NEW_DISK [2, 0]]" classname="com.google.common.jimfs.RegularFileTest$RegularFileTestRunner" time="0.0"/>
  <testcase name="testNonEmpty_transferTo_fromStart_countEqualsSize [NEW_DISK [2, 0]]" classname="com.google.common.jimfs.RegularFileTest$RegularFileTestRunner" time="0.001"/>
  <testcase name="testNonEmpty_transferTo_fromStart_countLessThanSize [NEW_DISK [2, 0]]" classname="com.google.common.jimfs.RegularFileTest$RegularFileTestRunner" time="0.0"/>
  <testcase name="testNonEmpty_transferTo_fromMiddle_countEqualsSize [NEW_DISK [2, 0]]" classname="com.google.common.jimfs.RegularFileTest$RegularFileTestRunner" time="0.0"/>
  <testcase name="testNonEmpty_transferTo_fromMiddle_countLessThanSize [NEW_DISK [2, 0]]" classname="com.google.common.jimfs.RegularFileTest$RegularFileTestRunner" time="0.0"/>
  <testcase name="testNonEmpty_transferFrom_toStart_countEqualsSrcSize [NEW_DISK [2, 0]]" classname="com.google.common.jimfs.RegularFileTest$RegularFileTestRunner" time="0.0"/>
  <testcase name="testNonEmpty_transferFrom_toStart_countLessThanSrcSize [NEW_DISK [2, 0]]" classname="com.google.common.jimfs.RegularFileTest$RegularFileTestRunner" time="0.0"/>
  <testcase name="testNonEmpty_transferFrom_toStart_countGreaterThanSrcSize [NEW_DISK [2, 0]]" classname="com.google.common.jimfs.RegularFileTest$RegularFileTestRunner" time="0.0"/>
  <testcase name="testNonEmpty_transferFrom_toMiddle_countEqualsSrcSize [NEW_DISK [2, 0]]" classname="com.google.common.jimfs.RegularFileTest$RegularFileTestRunner" time="0.0"/>
  <testcase name="testNonEmpty_transferFrom_toMiddle_countLessThanSrcSize [NEW_DISK [2, 0]]" classname="com.google.common.jimfs.RegularFileTest$RegularFileTestRunner" time="0.0"/>
  <testcase name="testNonEmpty_transferFrom_toMiddle_countGreaterThanSrcSize [NEW_DISK [2, 0]]" classname="com.google.common.jimfs.RegularFileTest$RegularFileTestRunner" time="0.0"/>
  <testcase name="testNonEmpty_transferFrom_toMiddle_transferGoesBeyondContentSize [NEW_DISK [2, 0]]" classname="com.google.common.jimfs.RegularFileTest$RegularFileTestRunner" time="0.0"/>
  <testcase name="testNonEmpty_transferFrom_toEnd [NEW_DISK [2, 0]]" classname="com.google.common.jimfs.RegularFileTest$RegularFileTestRunner" time="0.0"/>
  <testcase name="testNonEmpty_transferFrom_positionGreaterThanSize [NEW_DISK [2, 0]]" classname="com.google.common.jimfs.RegularFileTest$RegularFileTestRunner" time="0.0"/>
  <testcase name="testNonEmpty_transferFrom_hugeOverestimateCount [NEW_DISK [2, 0]]" classname="com.google.common.jimfs.RegularFileTest$RegularFileTestRunner" time="0.0"/>
  <testcase name="testNonEmpty_copy [NEW_DISK [2, 0]]" classname="com.google.common.jimfs.RegularFileTest$RegularFileTestRunner" time="0.0"/>
  <testcase name="testNonEmpty_copy_multipleTimes [NEW_DISK [2, 0]]" classname="com.google.common.jimfs.RegularFileTest$RegularFileTestRunner" time="0.001"/>
  <testcase name="testNonEmpty_truncate_toZero [NEW_DISK [2, 0]]" classname="com.google.common.jimfs.RegularFileTest$RegularFileTestRunner" time="0.0"/>
  <testcase name="testNonEmpty_truncate_partial [NEW_DISK [2, 0]]" classname="com.google.common.jimfs.RegularFileTest$RegularFileTestRunner" time="0.0"/>
  <testcase name="testNonEmpty_truncate_sizeUp [NEW_DISK [2, 0]]" classname="com.google.common.jimfs.RegularFileTest$RegularFileTestRunner" time="0.0"/>
  <testcase name="testDeletedStoreRemainsUsableWhileOpen [NEW_DISK [2, 0]]" classname="com.google.common.jimfs.RegularFileTest$RegularFileTestRunner" time="0.0"/>
  <testcase name="testEmpty_write_singleByte_atNonZeroPosition [NEW_DISK [2, 4]]" classname="com.google.common.jimfs.RegularFileTest$RegularFileTestRunner" time="0.0"/>
  <testcase name="testNonEmpty_write_partial_fromBeforeEnd_singleBuffer [NEW_DISK [2, 4]]" classname="com.google.common.jimfs.RegularFileTest$RegularFileTestRunner" time="0.0"/>
  <testcase name="testEmpty_transferFrom_positionGreaterThanSize_countLessThanSrcSize [NEW_DISK [2, 4]]" classname="com.google.common.jimfs.RegularFileTest$RegularFileTestRunner" time="0.0"/>
  <testcase name="testEmpty_write_singleByte_atStart [NEW_DISK [2, 4]]" classname="com.google.common.jimfs.RegularFileTest$RegularFileTestRunner" time="0.0"/>
  <testcase name="testEmpty_write_byteArray_atStart [NEW_DISK [2, 4]]" classname="com.google.common.jimfs.RegularFileTest$RegularFileTestRunner" time="0.0"/>
  <testcase name="testEmpty_write_singleBuffer_atNonZeroPosition [NEW_DISK [2, 4]]" classname="com.google.common.jimfs.RegularFileTest$RegularFileTestRunner" time="0.0"/>
  <testcase name="testEmpty_write_multipleBuffers_atNonZeroPosition [NEW_DISK [2, 4]]" classname="com.google.common.jimfs.RegularFileTest$RegularFileTestRunner" time="0.0"/>
  <testcase name="testEmpty_write_noBytesArray_atStart [NEW_DISK [2, 4]]" classname="com.google.common.jimfs.RegularFileTest$RegularFileTestRunner" time="0.0"/>
  <testcase name="testEmpty_write_noBytesArray_atNonZeroPosition [NEW_DISK [2, 4]]" classname="com.google.common.jimfs.RegularFileTest$RegularFileTestRunner" time="0.0"/>
  <testcase name="testEmpty_write_noBytesBuffer_atStart [NEW_DISK [2, 4]]" classname="com.google.common.jimfs.RegularFileTest$RegularFileTestRunner" time="0.0"/>
  <testcase name="testEmpty_write_noBytesBuffer_atNonZeroPosition [NEW_DISK [2, 4]]" classname="com.google.common.jimfs.RegularFileTest$RegularFileTestRunner" time="0.0"/>
  <testcase name="testEmpty_write_noBytesBuffers_atStart [NEW_DISK [2, 4]]" classname="com.google.common.jimfs.RegularFileTest$RegularFileTestRunner" time="0.0"/>
  <testcase name="testEmpty_write_noBytesBuffers_atNonZeroPosition [NEW_DISK [2, 4]]" classname="com.google.common.jimfs.RegularFileTest$RegularFileTestRunner" time="0.0"/>
  <testcase name="testEmpty_transferFrom_fromStart_countEqualsSrcSize [NEW_DISK [2, 4]]" classname="com.google.common.jimfs.RegularFileTest$RegularFileTestRunner" time="0.001"/>
  <testcase name="testEmpty_transferFrom_fromStart_countLessThanSrcSize [NEW_DISK [2, 4]]" classname="com.google.common.jimfs.RegularFileTest$RegularFileTestRunner" time="0.0"/>
  <testcase name="testEmpty_transferFrom_fromStart_countGreaterThanSrcSize [NEW_DISK [2, 4]]" classname="com.google.common.jimfs.RegularFileTest$RegularFileTestRunner" time="0.0"/>
  <testcase name="testEmpty_transferFrom_positionGreaterThanSize [NEW_DISK [2, 4]]" classname="com.google.common.jimfs.RegularFileTest$RegularFileTestRunner" time="0.0"/>
  <testcase name="testEmpty_transferFrom_positionGreaterThanSize_countEqualsSrcSize [NEW_DISK [2, 4]]" classname="com.google.common.jimfs.RegularFileTest$RegularFileTestRunner" time="0.0"/>
  <testcase name="testEmpty_transferFrom_fromStart_noBytes_countEqualsSrcSize [NEW_DISK [2, 4]]" classname="com.google.common.jimfs.RegularFileTest$RegularFileTestRunner" time="0.0"/>
  <testcase name="testEmpty_transferFrom_fromStart_noBytes_countGreaterThanSrcSize [NEW_DISK [2, 4]]" classname="com.google.common.jimfs.RegularFileTest$RegularFileTestRunner" time="0.0"/>
  <testcase name="testEmpty_transferFrom_postionGreaterThanSrcSize_noBytes_countEqualsSrcSize [NEW_DISK [2, 4]]" classname="com.google.common.jimfs.RegularFileTest$RegularFileTestRunner" time="0.0"/>
  <testcase name="testEmpty_transferFrom_postionGreaterThanSrcSize_noBytes_countGreaterThanSrcSize [NEW_DISK [2, 4]]" classname="com.google.common.jimfs.RegularFileTest$RegularFileTestRunner" time="0.0"/>
  <testcase name="testEmpty_transferTo [NEW_DISK [2, 4]]" classname="com.google.common.jimfs.RegularFileTest$RegularFileTestRunner" time="0.0"/>
  <testcase name="testEmpty_copy [NEW_DISK [2, 4]]" classname="com.google.common.jimfs.RegularFileTest$RegularFileTestRunner" time="0.0"/>
  <testcase name="testEmpty_truncate_toZero [NEW_DISK [2, 4]]" classname="com.google.common.jimfs.RegularFileTest$RegularFileTestRunner" time="0.0"/>
  <testcase name="testEmpty_truncate_sizeUp [NEW_DISK [2, 4]]" classname="com.google.common.jimfs.RegularFileTest$RegularFileTestRunner" time="0.0"/>
  <testcase name="testNonEmpty [NEW_DISK [2, 4]]" classname="com.google.common.jimfs.RegularFileTest$RegularFileTestRunner" time="0.0"/>
  <testcase name="testNonEmpty_read_singleByte [NEW_DISK [2, 4]]" classname="com.google.common.jimfs.RegularFileTest$RegularFileTestRunner" time="0.0"/>
  <testcase name="testNonEmpty_read_all_byteArray [NEW_DISK [2, 4]]" classname="com.google.common.jimfs.RegularFileTest$RegularFileTestRunner" time="0.0"/>
  <testcase name="testNonEmpty_read_all_singleBuffer [NEW_DISK [2, 4]]" classname="com.google.common.jimfs.RegularFileTest$RegularFileTestRunner" time="0.0"/>
  <testcase name="testNonEmpty_read_all_multipleBuffers [NEW_DISK [2, 4]]" classname="com.google.common.jimfs.RegularFileTest$RegularFileTestRunner" time="0.001"/>
  <testcase name="testNonEmpty_read_all_byteArray_largerThanContent [NEW_DISK [2, 4]]" classname="com.google.common.jimfs.RegularFileTest$RegularFileTestRunner" time="0.0"/>
  <testcase name="testNonEmpty_read_all_singleBuffer_largerThanContent [NEW_DISK [2, 4]]" classname="com.google.common.jimfs.RegularFileTest$RegularFileTestRunner" time="0.0"/>
  <testcase name="testNonEmpty_read_all_multipleBuffers_largerThanContent [NEW_DISK [2, 4]]" classname="com.google.common.jimfs.RegularFileTest$RegularFileTestRunner" time="0.0"/>
  <testcase name="testNonEmpty_read_all_multipleBuffers_extraBuffers [NEW_DISK [2, 4]]" classname="com.google.common.jimfs.RegularFileTest$RegularFileTestRunner" time="0.0"/>
  <testcase name="testNonEmpty_read_partial_fromStart_byteArray [NEW_DISK [2, 4]]" classname="com.google.common.jimfs.RegularFileTest$RegularFileTestRunner" time="0.0"/>
  <testcase name="testNonEmpty_read_partial_fromMiddle_byteArray [NEW_DISK [2, 4]]" classname="com.google.common.jimfs.RegularFileTest$RegularFileTestRunner" time="0.0"/>
  <testcase name="testNonEmpty_read_partial_fromEnd_byteArray [NEW_DISK [2, 4]]" classname="com.google.common.jimfs.RegularFileTest$RegularFileTestRunner" time="0.0"/>
  <testcase name="testNonEmpty_read_partial_fromStart_singleBuffer [NEW_DISK [2, 4]]" classname="com.google.common.jimfs.RegularFileTest$RegularFileTestRunner" time="0.0"/>
  <testcase name="testNonEmpty_read_partial_fromMiddle_singleBuffer [NEW_DISK [2, 4]]" classname="com.google.common.jimfs.RegularFileTest$RegularFileTestRunner" time="0.0"/>
  <testcase name="testNonEmpty_read_partial_fromEnd_singleBuffer [NEW_DISK [2, 4]]" classname="com.google.common.jimfs.RegularFileTest$RegularFileTestRunner" time="0.0"/>
  <testcase name="testEmpty_write_multipleBuffers_atStart [NEW_DISK [2, 4]]" classname="com.google.common.jimfs.RegularFileTest$RegularFileTestRunner" time="0.0"/>
  <testcase name="testEmpty_write_byteArray_atNonZeroPosition [NEW_DISK [2, 4]]" classname="com.google.common.jimfs.RegularFileTest$RegularFileTestRunner" time="0.0"/>
  <testcase name="testEmpty_read_singleByte [NEW_DISK [2, 4]]" classname="com.google.common.jimfs.RegularFileTest$RegularFileTestRunner" time="0.0"/>
  <testcase name="testEmpty_read_byteArray [NEW_DISK [2, 4]]" classname="com.google.common.jimfs.RegularFileTest$RegularFileTestRunner" time="0.0"/>
  <testcase name="testEmpty_read_singleBuffer [NEW_DISK [2, 4]]" classname="com.google.common.jimfs.RegularFileTest$RegularFileTestRunner" time="0.0"/>
  <testcase name="testEmpty_read_multipleBuffers [NEW_DISK [2, 4]]" classname="com.google.common.jimfs.RegularFileTest$RegularFileTestRunner" time="0.0"/>
  <testcase name="testEmpty_write_partialByteArray_atNonZeroPosition [NEW_DISK [2, 4]]" classname="com.google.common.jimfs.RegularFileTest$RegularFileTestRunner" time="0.0"/>
  <testcase name="testEmpty_write_singleBuffer_atStart [NEW_DISK [2, 4]]" classname="com.google.common.jimfs.RegularFileTest$RegularFileTestRunner" time="0.0"/>
  <testcase name="testEmpty_write_partialByteArray_atStart [NEW_DISK [2, 4]]" classname="com.google.common.jimfs.RegularFileTest$RegularFileTestRunner" time="0.0"/>
  <testcase name="testEmpty_transferFrom_positionGreaterThanSize_countGreaterThanSrcSize [NEW_DISK [2, 4]]" classname="com.google.common.jimfs.RegularFileTest$RegularFileTestRunner" time="0.0"/>
  <testcase name="testEmpty [NEW_DISK [2, 4]]" classname="com.google.common.jimfs.RegularFileTest$RegularFileTestRunner" time="0.001"/>
  <testcase name="testNonEmpty_read_partial_fromStart_multipleBuffers [NEW_DISK [2, 4]]" classname="com.google.common.jimfs.RegularFileTest$RegularFileTestRunner" time="0.0"/>
  <testcase name="testNonEmpty_read_partial_fromMiddle_multipleBuffers [NEW_DISK [2, 4]]" classname="com.google.common.jimfs.RegularFileTest$RegularFileTestRunner" time="0.0"/>
  <testcase name="testNonEmpty_read_partial_fromEnd_multipleBuffers [NEW_DISK [2, 4]]" classname="com.google.common.jimfs.RegularFileTest$RegularFileTestRunner" time="0.0"/>
  <testcase name="testNonEmpty_read_fromPastEnd_byteArray [NEW_DISK [2, 4]]" classname="com.google.common.jimfs.RegularFileTest$RegularFileTestRunner" time="0.0"/>
  <testcase name="testNonEmpty_read_fromPastEnd_singleBuffer [NEW_DISK [2, 4]]" classname="com.google.common.jimfs.RegularFileTest$RegularFileTestRunner" time="0.0"/>
  <testcase name="testNonEmpty_read_fromPastEnd_multipleBuffers [NEW_DISK [2, 4]]" classname="com.google.common.jimfs.RegularFileTest$RegularFileTestRunner" time="0.0"/>
  <testcase name="testNonEmpty_write_partial_fromStart_singleByte [NEW_DISK [2, 4]]" classname="com.google.common.jimfs.RegularFileTest$RegularFileTestRunner" time="0.0"/>
  <testcase name="testNonEmpty_write_partial_fromMiddle_singleByte [NEW_DISK [2, 4]]" classname="com.google.common.jimfs.RegularFileTest$RegularFileTestRunner" time="0.0"/>
  <testcase name="testNonEmpty_write_partial_fromEnd_singleByte [NEW_DISK [2, 4]]" classname="com.google.common.jimfs.RegularFileTest$RegularFileTestRunner" time="0.0"/>
  <testcase name="testNonEmpty_write_partial_fromStart_byteArray [NEW_DISK [2, 4]]" classname="com.google.common.jimfs.RegularFileTest$RegularFileTestRunner" time="0.0"/>
  <testcase name="testNonEmpty_write_partial_fromMiddle_byteArray [NEW_DISK [2, 4]]" classname="com.google.common.jimfs.RegularFileTest$RegularFileTestRunner" time="0.0"/>
  <testcase name="testNonEmpty_write_partial_fromBeforeEnd_byteArray [NEW_DISK [2, 4]]" classname="com.google.common.jimfs.RegularFileTest$RegularFileTestRunner" time="0.0"/>
  <testcase name="testNonEmpty_write_partial_fromEnd_byteArray [NEW_DISK [2, 4]]" classname="com.google.common.jimfs.RegularFileTest$RegularFileTestRunner" time="0.0"/>
  <testcase name="testNonEmpty_write_partial_fromPastEnd_byteArray [NEW_DISK [2, 4]]" classname="com.google.common.jimfs.RegularFileTest$RegularFileTestRunner" time="0.0"/>
  <testcase name="testNonEmpty_write_partial_fromStart_singleBuffer [NEW_DISK [2, 4]]" classname="com.google.common.jimfs.RegularFileTest$RegularFileTestRunner" time="0.0"/>
  <testcase name="testNonEmpty_write_partial_fromMiddle_singleBuffer [NEW_DISK [2, 4]]" classname="com.google.common.jimfs.RegularFileTest$RegularFileTestRunner" time="0.0"/>
  <testcase name="testNonEmpty_write_partial_fromEnd_singleBuffer [NEW_DISK [2, 4]]" classname="com.google.common.jimfs.RegularFileTest$RegularFileTestRunner" time="0.0"/>
  <testcase name="testNonEmpty_write_partial_fromPastEnd_singleBuffer [NEW_DISK [2, 4]]" classname="com.google.common.jimfs.RegularFileTest$RegularFileTestRunner" time="0.0"/>
  <testcase name="testNonEmpty_write_partial_fromStart_multipleBuffers [NEW_DISK [2, 4]]" classname="com.google.common.jimfs.RegularFileTest$RegularFileTestRunner" time="0.0"/>
  <testcase name="testNonEmpty_write_partial_fromMiddle_multipleBuffers [NEW_DISK [2, 4]]" classname="com.google.common.jimfs.RegularFileTest$RegularFileTestRunner" time="0.0"/>
  <testcase name="testNonEmpty_write_partial_fromBeforeEnd_multipleBuffers [NEW_DISK [2, 4]]" classname="com.google.common.jimfs.RegularFileTest$RegularFileTestRunner" time="0.0"/>
  <testcase name="testNonEmpty_write_partial_fromEnd_multipleBuffers [NEW_DISK [2, 4]]" classname="com.google.common.jimfs.RegularFileTest$RegularFileTestRunner" time="0.0"/>
  <testcase name="testNonEmpty_write_partial_fromPastEnd_multipleBuffers [NEW_DISK [2, 4]]" classname="com.google.common.jimfs.RegularFileTest$RegularFileTestRunner" time="0.0"/>
  <testcase name="testNonEmpty_write_overwrite_sameLength [NEW_DISK [2, 4]]" classname="com.google.common.jimfs.RegularFileTest$RegularFileTestRunner" time="0.0"/>
  <testcase name="testNonEmpty_write_overwrite_greaterLength [NEW_DISK [2, 4]]" classname="com.google.common.jimfs.RegularFileTest$RegularFileTestRunner" time="0.0"/>
  <testcase name="testNonEmpty_transferTo_fromStart_countEqualsSize [NEW_DISK [2, 4]]" classname="com.google.common.jimfs.RegularFileTest$RegularFileTestRunner" time="0.0"/>
  <testcase name="testNonEmpty_transferTo_fromStart_countLessThanSize [NEW_DISK [2, 4]]" classname="com.google.common.jimfs.RegularFileTest$RegularFileTestRunner" time="0.0"/>
  <testcase name="testNonEmpty_transferTo_fromMiddle_countEqualsSize [NEW_DISK [2, 4]]" classname="com.google.common.jimfs.RegularFileTest$RegularFileTestRunner" time="0.0"/>
  <testcase name="testNonEmpty_transferTo_fromMiddle_countLessThanSize [NEW_DISK [2, 4]]" classname="com.google.common.jimfs.RegularFileTest$RegularFileTestRunner" time="0.0"/>
  <testcase name="testNonEmpty_transferFrom_toStart_countEqualsSrcSize [NEW_DISK [2, 4]]" classname="com.google.common.jimfs.RegularFileTest$RegularFileTestRunner" time="0.0"/>
  <testcase name="testNonEmpty_transferFrom_toStart_countLessThanSrcSize [NEW_DISK [2, 4]]" classname="com.google.common.jimfs.RegularFileTest$RegularFileTestRunner" time="0.0"/>
  <testcase name="testNonEmpty_transferFrom_toStart_countGreaterThanSrcSize [NEW_DISK [2, 4]]" classname="com.google.common.jimfs.RegularFileTest$RegularFileTestRunner" time="0.0"/>
  <testcase name="testNonEmpty_transferFrom_toMiddle_countEqualsSrcSize [NEW_DISK [2, 4]]" classname="com.google.common.jimfs.RegularFileTest$RegularFileTestRunner" time="0.0"/>
  <testcase name="testNonEmpty_transferFrom_toMiddle_countLessThanSrcSize [NEW_DISK [2, 4]]" classname="com.google.common.jimfs.RegularFileTest$RegularFileTestRunner" time="0.0"/>
  <testcase name="testNonEmpty_transferFrom_toMiddle_countGreaterThanSrcSize [NEW_DISK [2, 4]]" classname="com.google.common.jimfs.RegularFileTest$RegularFileTestRunner" time="0.0"/>
  <testcase name="testNonEmpty_transferFrom_toMiddle_transferGoesBeyondContentSize [NEW_DISK [2, 4]]" classname="com.google.common.jimfs.RegularFileTest$RegularFileTestRunner" time="0.0"/>
  <testcase name="testNonEmpty_transferFrom_toEnd [NEW_DISK [2, 4]]" classname="com.google.common.jimfs.RegularFileTest$RegularFileTestRunner" time="0.0"/>
  <testcase name="testNonEmpty_transferFrom_positionGreaterThanSize [NEW_DISK [2, 4]]" classname="com.google.common.jimfs.RegularFileTest$RegularFileTestRunner" time="0.0"/>
  <testcase name="testNonEmpty_transferFrom_hugeOverestimateCount [NEW_DISK [2, 4]]" classname="com.google.common.jimfs.RegularFileTest$RegularFileTestRunner" time="0.0"/>
  <testcase name="testNonEmpty_copy [NEW_DISK [2, 4]]" classname="com.google.common.jimfs.RegularFileTest$RegularFileTestRunner" time="0.0"/>
  <testcase name="testNonEmpty_copy_multipleTimes [NEW_DISK [2, 4]]" classname="com.google.common.jimfs.RegularFileTest$RegularFileTestRunner" time="0.0"/>
  <testcase name="testNonEmpty_truncate_toZero [NEW_DISK [2, 4]]" classname="com.google.common.jimfs.RegularFileTest$RegularFileTestRunner" time="0.0"/>
  <testcase name="testNonEmpty_truncate_partial [NEW_DISK [2, 4]]" classname="com.google.common.jimfs.RegularFileTest$RegularFileTestRunner" time="0.0"/>
  <testcase name="testNonEmpty_truncate_sizeUp [NEW_DISK [2, 4]]" classname="com.google.common.jimfs.RegularFileTest$RegularFileTestRunner" time="0.0"/>
  <testcase name="testDeletedStoreRemainsUsableWhileOpen [NEW_DISK [2, 4]]" classname="com.google.common.jimfs.RegularFileTest$RegularFileTestRunner" time="0.0"/>
  <testcase name="testEmpty_write_singleByte_atNonZeroPosition [NEW_DISK [2, 16]]" classname="com.google.common.jimfs.RegularFileTest$RegularFileTestRunner" time="0.001"/>
  <testcase name="testNonEmpty_write_partial_fromBeforeEnd_singleBuffer [NEW_DISK [2, 16]]" classname="com.google.common.jimfs.RegularFileTest$RegularFileTestRunner" time="0.0"/>
  <testcase name="testEmpty_transferFrom_positionGreaterThanSize_countLessThanSrcSize [NEW_DISK [2, 16]]" classname="com.google.common.jimfs.RegularFileTest$RegularFileTestRunner" time="0.0"/>
  <testcase name="testEmpty_write_singleByte_atStart [NEW_DISK [2, 16]]" classname="com.google.common.jimfs.RegularFileTest$RegularFileTestRunner" time="0.0"/>
  <testcase name="testEmpty_write_byteArray_atStart [NEW_DISK [2, 16]]" classname="com.google.common.jimfs.RegularFileTest$RegularFileTestRunner" time="0.0"/>
  <testcase name="testEmpty_write_singleBuffer_atNonZeroPosition [NEW_DISK [2, 16]]" classname="com.google.common.jimfs.RegularFileTest$RegularFileTestRunner" time="0.0"/>
  <testcase name="testEmpty_write_multipleBuffers_atNonZeroPosition [NEW_DISK [2, 16]]" classname="com.google.common.jimfs.RegularFileTest$RegularFileTestRunner" time="0.0"/>
  <testcase name="testEmpty_write_noBytesArray_atStart [NEW_DISK [2, 16]]" classname="com.google.common.jimfs.RegularFileTest$RegularFileTestRunner" time="0.0"/>
  <testcase name="testEmpty_write_noBytesArray_atNonZeroPosition [NEW_DISK [2, 16]]" classname="com.google.common.jimfs.RegularFileTest$RegularFileTestRunner" time="0.0"/>
  <testcase name="testEmpty_write_noBytesBuffer_atStart [NEW_DISK [2, 16]]" classname="com.google.common.jimfs.RegularFileTest$RegularFileTestRunner" time="0.0"/>
  <testcase name="testEmpty_write_noBytesBuffer_atNonZeroPosition [NEW_DISK [2, 16]]" classname="com.google.common.jimfs.RegularFileTest$RegularFileTestRunner" time="0.0"/>
  <testcase name="testEmpty_write_noBytesBuffers_atStart [NEW_DISK [2, 16]]" classname="com.google.common.jimfs.RegularFileTest$RegularFileTestRunner" time="0.0"/>
  <testcase name="testEmpty_write_noBytesBuffers_atNonZeroPosition [NEW_DISK [2, 16]]" classname="com.google.common.jimfs.RegularFileTest$RegularFileTestRunner" time="0.0"/>
  <testcase name="testEmpty_transferFrom_fromStart_countEqualsSrcSize [NEW_DISK [2, 16]]" classname="com.google.common.jimfs.RegularFileTest$RegularFileTestRunner" time="0.0"/>
  <testcase name="testEmpty_transferFrom_fromStart_countLessThanSrcSize [NEW_DISK [2, 16]]" classname="com.google.common.jimfs.RegularFileTest$RegularFileTestRunner" time="0.0"/>
  <testcase name="testEmpty_transferFrom_fromStart_countGreaterThanSrcSize [NEW_DISK [2, 16]]" classname="com.google.common.jimfs.RegularFileTest$RegularFileTestRunner" time="0.0"/>
  <testcase name="testEmpty_transferFrom_positionGreaterThanSize [NEW_DISK [2, 16]]" classname="com.google.common.jimfs.RegularFileTest$RegularFileTestRunner" time="0.0"/>
  <testcase name="testEmpty_transferFrom_positionGreaterThanSize_countEqualsSrcSize [NEW_DISK [2, 16]]" classname="com.google.common.jimfs.RegularFileTest$RegularFileTestRunner" time="0.0"/>
  <testcase name="testEmpty_transferFrom_fromStart_noBytes_countEqualsSrcSize [NEW_DISK [2, 16]]" classname="com.google.common.jimfs.RegularFileTest$RegularFileTestRunner" time="0.001"/>
  <testcase name="testEmpty_transferFrom_fromStart_noBytes_countGreaterThanSrcSize [NEW_DISK [2, 16]]" classname="com.google.common.jimfs.RegularFileTest$RegularFileTestRunner" time="0.0"/>
  <testcase name="testEmpty_transferFrom_postionGreaterThanSrcSize_noBytes_countEqualsSrcSize [NEW_DISK [2, 16]]" classname="com.google.common.jimfs.RegularFileTest$RegularFileTestRunner" time="0.0"/>
  <testcase name="testEmpty_transferFrom_postionGreaterThanSrcSize_noBytes_countGreaterThanSrcSize [NEW_DISK [2, 16]]" classname="com.google.common.jimfs.RegularFileTest$RegularFileTestRunner" time="0.0"/>
  <testcase name="testEmpty_transferTo [NEW_DISK [2, 16]]" classname="com.google.common.jimfs.RegularFileTest$RegularFileTestRunner" time="0.0"/>
  <testcase name="testEmpty_copy [NEW_DISK [2, 16]]" classname="com.google.common.jimfs.RegularFileTest$RegularFileTestRunner" time="0.0"/>
  <testcase name="testEmpty_truncate_toZero [NEW_DISK [2, 16]]" classname="com.google.common.jimfs.RegularFileTest$RegularFileTestRunner" time="0.0"/>
  <testcase name="testEmpty_truncate_sizeUp [NEW_DISK [2, 16]]" classname="com.google.common.jimfs.RegularFileTest$RegularFileTestRunner" time="0.0"/>
  <testcase name="testNonEmpty [NEW_DISK [2, 16]]" classname="com.google.common.jimfs.RegularFileTest$RegularFileTestRunner" time="0.0"/>
  <testcase name="testNonEmpty_read_singleByte [NEW_DISK [2, 16]]" classname="com.google.common.jimfs.RegularFileTest$RegularFileTestRunner" time="0.0"/>
  <testcase name="testNonEmpty_read_all_byteArray [NEW_DISK [2, 16]]" classname="com.google.common.jimfs.RegularFileTest$RegularFileTestRunner" time="0.0"/>
  <testcase name="testNonEmpty_read_all_singleBuffer [NEW_DISK [2, 16]]" classname="com.google.common.jimfs.RegularFileTest$RegularFileTestRunner" time="0.0"/>
  <testcase name="testNonEmpty_read_all_multipleBuffers [NEW_DISK [2, 16]]" classname="com.google.common.jimfs.RegularFileTest$RegularFileTestRunner" time="0.0"/>
  <testcase name="testNonEmpty_read_all_byteArray_largerThanContent [NEW_DISK [2, 16]]" classname="com.google.common.jimfs.RegularFileTest$RegularFileTestRunner" time="0.0"/>
  <testcase name="testNonEmpty_read_all_singleBuffer_largerThanContent [NEW_DISK [2, 16]]" classname="com.google.common.jimfs.RegularFileTest$RegularFileTestRunner" time="0.0"/>
  <testcase name="testNonEmpty_read_all_multipleBuffers_largerThanContent [NEW_DISK [2, 16]]" classname="com.google.common.jimfs.RegularFileTest$RegularFileTestRunner" time="0.0"/>
  <testcase name="testNonEmpty_read_all_multipleBuffers_extraBuffers [NEW_DISK [2, 16]]" classname="com.google.common.jimfs.RegularFileTest$RegularFileTestRunner" time="0.0"/>
  <testcase name="testNonEmpty_read_partial_fromStart_byteArray [NEW_DISK [2, 16]]" classname="com.google.common.jimfs.RegularFileTest$RegularFileTestRunner" time="0.0"/>
  <testcase name="testNonEmpty_read_partial_fromMiddle_byteArray [NEW_DISK [2, 16]]" classname="com.google.common.jimfs.RegularFileTest$RegularFileTestRunner" time="0.0"/>
  <testcase name="testNonEmpty_read_partial_fromEnd_byteArray [NEW_DISK [2, 16]]" classname="com.google.common.jimfs.RegularFileTest$RegularFileTestRunner" time="0.0"/>
  <testcase name="testNonEmpty_read_partial_fromStart_singleBuffer [NEW_DISK [2, 16]]" classname="com.google.common.jimfs.RegularFileTest$RegularFileTestRunner" time="0.001"/>
  <testcase name="testNonEmpty_read_partial_fromMiddle_singleBuffer [NEW_DISK [2, 16]]" classname="com.google.common.jimfs.RegularFileTest$RegularFileTestRunner" time="0.0"/>
  <testcase name="testNonEmpty_read_partial_fromEnd_singleBuffer [NEW_DISK [2, 16]]" classname="com.google.common.jimfs.RegularFileTest$RegularFileTestRunner" time="0.0"/>
  <testcase name="testEmpty_write_multipleBuffers_atStart [NEW_DISK [2, 16]]" classname="com.google.common.jimfs.RegularFileTest$RegularFileTestRunner" time="0.0"/>
  <testcase name="testEmpty_write_byteArray_atNonZeroPosition [NEW_DISK [2, 16]]" classname="com.google.common.jimfs.RegularFileTest$RegularFileTestRunner" time="0.0"/>
  <testcase name="testEmpty_read_singleByte [NEW_DISK [2, 16]]" classname="com.google.common.jimfs.RegularFileTest$RegularFileTestRunner" time="0.0"/>
  <testcase name="testEmpty_read_byteArray [NEW_DISK [2, 16]]" classname="com.google.common.jimfs.RegularFileTest$RegularFileTestRunner" time="0.0"/>
  <testcase name="testEmpty_read_singleBuffer [NEW_DISK [2, 16]]" classname="com.google.common.jimfs.RegularFileTest$RegularFileTestRunner" time="0.0"/>
  <testcase name="testEmpty_read_multipleBuffers [NEW_DISK [2, 16]]" classname="com.google.common.jimfs.RegularFileTest$RegularFileTestRunner" time="0.0"/>
  <testcase name="testEmpty_write_partialByteArray_atNonZeroPosition [NEW_DISK [2, 16]]" classname="com.google.common.jimfs.RegularFileTest$RegularFileTestRunner" time="0.0"/>
  <testcase name="testEmpty_write_singleBuffer_atStart [NEW_DISK [2, 16]]" classname="com.google.common.jimfs.RegularFileTest$RegularFileTestRunner" time="0.0"/>
  <testcase name="testEmpty_write_partialByteArray_atStart [NEW_DISK [2, 16]]" classname="com.google.common.jimfs.RegularFileTest$RegularFileTestRunner" time="0.0"/>
  <testcase name="testEmpty_transferFrom_positionGreaterThanSize_countGreaterThanSrcSize [NEW_DISK [2, 16]]" classname="com.google.common.jimfs.RegularFileTest$RegularFileTestRunner" time="0.0"/>
  <testcase name="testEmpty [NEW_DISK [2, 16]]" classname="com.google.common.jimfs.RegularFileTest$RegularFileTestRunner" time="0.0"/>
  <testcase name="testNonEmpty_read_partial_fromStart_multipleBuffers [NEW_DISK [2, 16]]" classname="com.google.common.jimfs.RegularFileTest$RegularFileTestRunner" time="0.0"/>
  <testcase name="testNonEmpty_read_partial_fromMiddle_multipleBuffers [NEW_DISK [2, 16]]" classname="com.google.common.jimfs.RegularFileTest$RegularFileTestRunner" time="0.0"/>
  <testcase name="testNonEmpty_read_partial_fromEnd_multipleBuffers [NEW_DISK [2, 16]]" classname="com.google.common.jimfs.RegularFileTest$RegularFileTestRunner" time="0.0"/>
  <testcase name="testNonEmpty_read_fromPastEnd_byteArray [NEW_DISK [2, 16]]" classname="com.google.common.jimfs.RegularFileTest$RegularFileTestRunner" time="0.0"/>
  <testcase name="testNonEmpty_read_fromPastEnd_singleBuffer [NEW_DISK [2, 16]]" classname="com.google.common.jimfs.RegularFileTest$RegularFileTestRunner" time="0.0"/>
  <testcase name="testNonEmpty_read_fromPastEnd_multipleBuffers [NEW_DISK [2, 16]]" classname="com.google.common.jimfs.RegularFileTest$RegularFileTestRunner" time="0.001"/>
  <testcase name="testNonEmpty_write_partial_fromStart_singleByte [NEW_DISK [2, 16]]" classname="com.google.common.jimfs.RegularFileTest$RegularFileTestRunner" time="0.0"/>
  <testcase name="testNonEmpty_write_partial_fromMiddle_singleByte [NEW_DISK [2, 16]]" classname="com.google.common.jimfs.RegularFileTest$RegularFileTestRunner" time="0.0"/>
  <testcase name="testNonEmpty_write_partial_fromEnd_singleByte [NEW_DISK [2, 16]]" classname="com.google.common.jimfs.RegularFileTest$RegularFileTestRunner" time="0.0"/>
  <testcase name="testNonEmpty_write_partial_fromStart_byteArray [NEW_DISK [2, 16]]" classname="com.google.common.jimfs.RegularFileTest$RegularFileTestRunner" time="0.0"/>
  <testcase name="testNonEmpty_write_partial_fromMiddle_byteArray [NEW_DISK [2, 16]]" classname="com.google.common.jimfs.RegularFileTest$RegularFileTestRunner" time="0.0"/>
  <testcase name="testNonEmpty_write_partial_fromBeforeEnd_byteArray [NEW_DISK [2, 16]]" classname="com.google.common.jimfs.RegularFileTest$RegularFileTestRunner" time="0.0"/>
  <testcase name="testNonEmpty_write_partial_fromEnd_byteArray [NEW_DISK [2, 16]]" classname="com.google.common.jimfs.RegularFileTest$RegularFileTestRunner" time="0.0"/>
  <testcase name="testNonEmpty_write_partial_fromPastEnd_byteArray [NEW_DISK [2, 16]]" classname="com.google.common.jimfs.RegularFileTest$RegularFileTestRunner" time="0.0"/>
  <testcase name="testNonEmpty_write_partial_fromStart_singleBuffer [NEW_DISK [2, 16]]" classname="com.google.common.jimfs.RegularFileTest$RegularFileTestRunner" time="0.0"/>
  <testcase name="testNonEmpty_write_partial_fromMiddle_singleBuffer [NEW_DISK [2, 16]]" classname="com.google.common.jimfs.RegularFileTest$RegularFileTestRunner" time="0.0"/>
  <testcase name="testNonEmpty_write_partial_fromEnd_singleBuffer [NEW_DISK [2, 16]]" classname="com.google.common.jimfs.RegularFileTest$RegularFileTestRunner" time="0.0"/>
  <testcase name="testNonEmpty_write_partial_fromPastEnd_singleBuffer [NEW_DISK [2, 16]]" classname="com.google.common.jimfs.RegularFileTest$RegularFileTestRunner" time="0.0"/>
  <testcase name="testNonEmpty_write_partial_fromStart_multipleBuffers [NEW_DISK [2, 16]]" classname="com.google.common.jimfs.RegularFileTest$RegularFileTestRunner" time="0.0"/>
  <testcase name="testNonEmpty_write_partial_fromMiddle_multipleBuffers [NEW_DISK [2, 16]]" classname="com.google.common.jimfs.RegularFileTest$RegularFileTestRunner" time="0.0"/>
  <testcase name="testNonEmpty_write_partial_fromBeforeEnd_multipleBuffers [NEW_DISK [2, 16]]" classname="com.google.common.jimfs.RegularFileTest$RegularFileTestRunner" time="0.0"/>
  <testcase name="testNonEmpty_write_partial_fromEnd_multipleBuffers [NEW_DISK [2, 16]]" classname="com.google.common.jimfs.RegularFileTest$RegularFileTestRunner" time="0.0"/>
  <testcase name="testNonEmpty_write_partial_fromPastEnd_multipleBuffers [NEW_DISK [2, 16]]" classname="com.google.common.jimfs.RegularFileTest$RegularFileTestRunner" time="0.0"/>
  <testcase name="testNonEmpty_write_overwrite_sameLength [NEW_DISK [2, 16]]" classname="com.google.common.jimfs.RegularFileTest$RegularFileTestRunner" time="0.001"/>
  <testcase name="testNonEmpty_write_overwrite_greaterLength [NEW_DISK [2, 16]]" classname="com.google.common.jimfs.RegularFileTest$RegularFileTestRunner" time="0.0"/>
  <testcase name="testNonEmpty_transferTo_fromStart_countEqualsSize [NEW_DISK [2, 16]]" classname="com.google.common.jimfs.RegularFileTest$RegularFileTestRunner" time="0.0"/>
  <testcase name="testNonEmpty_transferTo_fromStart_countLessThanSize [NEW_DISK [2, 16]]" classname="com.google.common.jimfs.RegularFileTest$RegularFileTestRunner" time="0.0"/>
  <testcase name="testNonEmpty_transferTo_fromMiddle_countEqualsSize [NEW_DISK [2, 16]]" classname="com.google.common.jimfs.RegularFileTest$RegularFileTestRunner" time="0.0"/>
  <testcase name="testNonEmpty_transferTo_fromMiddle_countLessThanSize [NEW_DISK [2, 16]]" classname="com.google.common.jimfs.RegularFileTest$RegularFileTestRunner" time="0.0"/>
  <testcase name="testNonEmpty_transferFrom_toStart_countEqualsSrcSize [NEW_DISK [2, 16]]" classname="com.google.common.jimfs.RegularFileTest$RegularFileTestRunner" time="0.0"/>
  <testcase name="testNonEmpty_transferFrom_toStart_countLessThanSrcSize [NEW_DISK [2, 16]]" classname="com.google.common.jimfs.RegularFileTest$RegularFileTestRunner" time="0.0"/>
  <testcase name="testNonEmpty_transferFrom_toStart_countGreaterThanSrcSize [NEW_DISK [2, 16]]" classname="com.google.common.jimfs.RegularFileTest$RegularFileTestRunner" time="0.0"/>
  <testcase name="testNonEmpty_transferFrom_toMiddle_countEqualsSrcSize [NEW_DISK [2, 16]]" classname="com.google.common.jimfs.RegularFileTest$RegularFileTestRunner" time="0.0"/>
  <testcase name="testNonEmpty_transferFrom_toMiddle_countLessThanSrcSize [NEW_DISK [2, 16]]" classname="com.google.common.jimfs.RegularFileTest$RegularFileTestRunner" time="0.0"/>
  <testcase name="testNonEmpty_transferFrom_toMiddle_countGreaterThanSrcSize [NEW_DISK [2, 16]]" classname="com.google.common.jimfs.RegularFileTest$RegularFileTestRunner" time="0.0"/>
  <testcase name="testNonEmpty_transferFrom_toMiddle_transferGoesBeyondContentSize [NEW_DISK [2, 16]]" classname="com.google.common.jimfs.RegularFileTest$RegularFileTestRunner" time="0.0"/>
  <testcase name="testNonEmpty_transferFrom_toEnd [NEW_DISK [2, 16]]" classname="com.google.common.jimfs.RegularFileTest$RegularFileTestRunner" time="0.0"/>
  <testcase name="testNonEmpty_transferFrom_positionGreaterThanSize [NEW_DISK [2, 16]]" classname="com.google.common.jimfs.RegularFileTest$RegularFileTestRunner" time="0.0"/>
  <testcase name="testNonEmpty_transferFrom_hugeOverestimateCount [NEW_DISK [2, 16]]" classname="com.google.common.jimfs.RegularFileTest$RegularFileTestRunner" time="0.0"/>
  <testcase name="testNonEmpty_copy [NEW_DISK [2, 16]]" classname="com.google.common.jimfs.RegularFileTest$RegularFileTestRunner" time="0.0"/>
  <testcase name="testNonEmpty_copy_multipleTimes [NEW_DISK [2, 16]]" classname="com.google.common.jimfs.RegularFileTest$RegularFileTestRunner" time="0.0"/>
  <testcase name="testNonEmpty_truncate_toZero [NEW_DISK [2, 16]]" classname="com.google.common.jimfs.RegularFileTest$RegularFileTestRunner" time="0.0"/>
  <testcase name="testNonEmpty_truncate_partial [NEW_DISK [2, 16]]" classname="com.google.common.jimfs.RegularFileTest$RegularFileTestRunner" time="0.0"/>
  <testcase name="testNonEmpty_truncate_sizeUp [NEW_DISK [2, 16]]" classname="com.google.common.jimfs.RegularFileTest$RegularFileTestRunner" time="0.0"/>
  <testcase name="testDeletedStoreRemainsUsableWhileOpen [NEW_DISK [2, 16]]" classname="com.google.common.jimfs.RegularFileTest$RegularFileTestRunner" time="0.0"/>
  <testcase name="testEmpty_write_singleByte_atNonZeroPosition [NEW_DISK [2, 128]]" classname="com.google.common.jimfs.RegularFileTest$RegularFileTestRunner" time="0.0"/>
  <testcase name="testNonEmpty_write_partial_fromBeforeEnd_singleBuffer [NEW_DISK [2, 128]]" classname="com.google.common.jimfs.RegularFileTest$RegularFileTestRunner" time="0.0"/>
  <testcase name="testEmpty_transferFrom_positionGreaterThanSize_countLessThanSrcSize [NEW_DISK [2, 128]]" classname="com.google.common.jimfs.RegularFileTest$RegularFileTestRunner" time="0.001"/>
  <testcase name="testEmpty_write_singleByte_atStart [NEW_DISK [2, 128]]" classname="com.google.common.jimfs.RegularFileTest$RegularFileTestRunner" time="0.0"/>
  <testcase name="testEmpty_write_byteArray_atStart [NEW_DISK [2, 128]]" classname="com.google.common.jimfs.RegularFileTest$RegularFileTestRunner" time="0.0"/>
  <testcase name="testEmpty_write_singleBuffer_atNonZeroPosition [NEW_DISK [2, 128]]" classname="com.google.common.jimfs.RegularFileTest$RegularFileTestRunner" time="0.0"/>
  <testcase name="testEmpty_write_multipleBuffers_atNonZeroPosition [NEW_DISK [2, 128]]" classname="com.google.common.jimfs.RegularFileTest$RegularFileTestRunner" time="0.0"/>
  <testcase name="testEmpty_write_noBytesArray_atStart [NEW_DISK [2, 128]]" classname="com.google.common.jimfs.RegularFileTest$RegularFileTestRunner" time="0.0"/>
  <testcase name="testEmpty_write_noBytesArray_atNonZeroPosition [NEW_DISK [2, 128]]" classname="com.google.common.jimfs.RegularFileTest$RegularFileTestRunner" time="0.0"/>
  <testcase name="testEmpty_write_noBytesBuffer_atStart [NEW_DISK [2, 128]]" classname="com.google.common.jimfs.RegularFileTest$RegularFileTestRunner" time="0.0"/>
  <testcase name="testEmpty_write_noBytesBuffer_atNonZeroPosition [NEW_DISK [2, 128]]" classname="com.google.common.jimfs.RegularFileTest$RegularFileTestRunner" time="0.0"/>
  <testcase name="testEmpty_write_noBytesBuffers_atStart [NEW_DISK [2, 128]]" classname="com.google.common.jimfs.RegularFileTest$RegularFileTestRunner" time="0.0"/>
  <testcase name="testEmpty_write_noBytesBuffers_atNonZeroPosition [NEW_DISK [2, 128]]" classname="com.google.common.jimfs.RegularFileTest$RegularFileTestRunner" time="0.0"/>
  <testcase name="testEmpty_transferFrom_fromStart_countEqualsSrcSize [NEW_DISK [2, 128]]" classname="com.google.common.jimfs.RegularFileTest$RegularFileTestRunner" time="0.0"/>
  <testcase name="testEmpty_transferFrom_fromStart_countLessThanSrcSize [NEW_DISK [2, 128]]" classname="com.google.common.jimfs.RegularFileTest$RegularFileTestRunner" time="0.0"/>
  <testcase name="testEmpty_transferFrom_fromStart_countGreaterThanSrcSize [NEW_DISK [2, 128]]" classname="com.google.common.jimfs.RegularFileTest$RegularFileTestRunner" time="0.0"/>
  <testcase name="testEmpty_transferFrom_positionGreaterThanSize [NEW_DISK [2, 128]]" classname="com.google.common.jimfs.RegularFileTest$RegularFileTestRunner" time="0.0"/>
  <testcase name="testEmpty_transferFrom_positionGreaterThanSize_countEqualsSrcSize [NEW_DISK [2, 128]]" classname="com.google.common.jimfs.RegularFileTest$RegularFileTestRunner" time="0.0"/>
  <testcase name="testEmpty_transferFrom_fromStart_noBytes_countEqualsSrcSize [NEW_DISK [2, 128]]" classname="com.google.common.jimfs.RegularFileTest$RegularFileTestRunner" time="0.0"/>
  <testcase name="testEmpty_transferFrom_fromStart_noBytes_countGreaterThanSrcSize [NEW_DISK [2, 128]]" classname="com.google.common.jimfs.RegularFileTest$RegularFileTestRunner" time="0.0"/>
  <testcase name="testEmpty_transferFrom_postionGreaterThanSrcSize_noBytes_countEqualsSrcSize [NEW_DISK [2, 128]]" classname="com.google.common.jimfs.RegularFileTest$RegularFileTestRunner" time="0.0"/>
  <testcase name="testEmpty_transferFrom_postionGreaterThanSrcSize_noBytes_countGreaterThanSrcSize [NEW_DISK [2, 128]]" classname="com.google.common.jimfs.RegularFileTest$RegularFileTestRunner" time="0.0"/>
  <testcase name="testEmpty_transferTo [NEW_DISK [2, 128]]" classname="com.google.common.jimfs.RegularFileTest$RegularFileTestRunner" time="0.0"/>
  <testcase name="testEmpty_copy [NEW_DISK [2, 128]]" classname="com.google.common.jimfs.RegularFileTest$RegularFileTestRunner" time="0.0"/>
  <testcase name="testEmpty_truncate_toZero [NEW_DISK [2, 128]]" classname="com.google.common.jimfs.RegularFileTest$RegularFileTestRunner" time="0.0"/>
  <testcase name="testEmpty_truncate_sizeUp [NEW_DISK [2, 128]]" classname="com.google.common.jimfs.RegularFileTest$RegularFileTestRunner" time="0.0"/>
  <testcase name="testNonEmpty [NEW_DISK [2, 128]]" classname="com.google.common.jimfs.RegularFileTest$RegularFileTestRunner" time="0.0"/>
  <testcase name="testNonEmpty_read_singleByte [NEW_DISK [2, 128]]" classname="com.google.common.jimfs.RegularFileTest$RegularFileTestRunner" time="0.0"/>
  <testcase name="testNonEmpty_read_all_byteArray [NEW_DISK [2, 128]]" classname="com.google.common.jimfs.RegularFileTest$RegularFileTestRunner" time="0.0"/>
  <testcase name="testNonEmpty_read_all_singleBuffer [NEW_DISK [2, 128]]" classname="com.google.common.jimfs.RegularFileTest$RegularFileTestRunner" time="0.0"/>
  <testcase name="testNonEmpty_read_all_multipleBuffers [NEW_DISK [2, 128]]" classname="com.google.common.jimfs.RegularFileTest$RegularFileTestRunner" time="0.0"/>
  <testcase name="testNonEmpty_read_all_byteArray_largerThanContent [NEW_DISK [2, 128]]" classname="com.google.common.jimfs.RegularFileTest$RegularFileTestRunner" time="0.0"/>
  <testcase name="testNonEmpty_read_all_singleBuffer_largerThanContent [NEW_DISK [2, 128]]" classname="com.google.common.jimfs.RegularFileTest$RegularFileTestRunner" time="0.0"/>
  <testcase name="testNonEmpty_read_all_multipleBuffers_largerThanContent [NEW_DISK [2, 128]]" classname="com.google.common.jimfs.RegularFileTest$RegularFileTestRunner" time="0.0"/>
  <testcase name="testNonEmpty_read_all_multipleBuffers_extraBuffers [NEW_DISK [2, 128]]" classname="com.google.common.jimfs.RegularFileTest$RegularFileTestRunner" time="0.0"/>
  <testcase name="testNonEmpty_read_partial_fromStart_byteArray [NEW_DISK [2, 128]]" classname="com.google.common.jimfs.RegularFileTest$RegularFileTestRunner" time="0.0"/>
  <testcase name="testNonEmpty_read_partial_fromMiddle_byteArray [NEW_DISK [2, 128]]" classname="com.google.common.jimfs.RegularFileTest$RegularFileTestRunner" time="0.0"/>
  <testcase name="testNonEmpty_read_partial_fromEnd_byteArray [NEW_DISK [2, 128]]" classname="com.google.common.jimfs.RegularFileTest$RegularFileTestRunner" time="0.0"/>
  <testcase name="testNonEmpty_read_partial_fromStart_singleBuffer [NEW_DISK [2, 128]]" classname="com.google.common.jimfs.RegularFileTest$RegularFileTestRunner" time="0.0"/>
  <testcase name="testNonEmpty_read_partial_fromMiddle_singleBuffer [NEW_DISK [2, 128]]" classname="com.google.common.jimfs.RegularFileTest$RegularFileTestRunner" time="0.0"/>
  <testcase name="testNonEmpty_read_partial_fromEnd_singleBuffer [NEW_DISK [2, 128]]" classname="com.google.common.jimfs.RegularFileTest$RegularFileTestRunner" time="0.0"/>
  <testcase name="testEmpty_write_multipleBuffers_atStart [NEW_DISK [2, 128]]" classname="com.google.common.jimfs.RegularFileTest$RegularFileTestRunner" time="0.0"/>
  <testcase name="testEmpty_write_byteArray_atNonZeroPosition [NEW_DISK [2, 128]]" classname="com.google.common.jimfs.RegularFileTest$RegularFileTestRunner" time="0.0"/>
  <testcase name="testEmpty_read_singleByte [NEW_DISK [2, 128]]" classname="com.google.common.jimfs.RegularFileTest$RegularFileTestRunner" time="0.0"/>
  <testcase name="testEmpty_read_byteArray [NEW_DISK [2, 128]]" classname="com.google.common.jimfs.RegularFileTest$RegularFileTestRunner" time="0.0"/>
  <testcase name="testEmpty_read_singleBuffer [NEW_DISK [2, 128]]" classname="com.google.common.jimfs.RegularFileTest$RegularFileTestRunner" time="0.0"/>
  <testcase name="testEmpty_read_multipleBuffers [NEW_DISK [2, 128]]" classname="com.google.common.jimfs.RegularFileTest$RegularFileTestRunner" time="0.0"/>
  <testcase name="testEmpty_write_partialByteArray_atNonZeroPosition [NEW_DISK [2, 128]]" classname="com.google.common.jimfs.RegularFileTest$RegularFileTestRunner" time="0.0"/>
  <testcase name="testEmpty_write_singleBuffer_atStart [NEW_DISK [2, 128]]" classname="com.google.common.jimfs.RegularFileTest$RegularFileTestRunner" time="0.0"/>
  <testcase name="testEmpty_write_partialByteArray_atStart [NEW_DISK [2, 128]]" classname="com.google.common.jimfs.RegularFileTest$RegularFileTestRunner" time="0.0"/>
  <testcase name="testEmpty_transferFrom_positionGreaterThanSize_countGreaterThanSrcSize [NEW_DISK [2, 128]]" classname="com.google.common.jimfs.RegularFileTest$RegularFileTestRunner" time="0.0"/>
  <testcase name="testEmpty [NEW_DISK [2, 128]]" classname="com.google.common.jimfs.RegularFileTest$RegularFileTestRunner" time="0.0"/>
  <testcase name="testNonEmpty_read_partial_fromStart_multipleBuffers [NEW_DISK [2, 128]]" classname="com.google.common.jimfs.RegularFileTest$RegularFileTestRunner" time="0.0"/>
  <testcase name="testNonEmpty_read_partial_fromMiddle_multipleBuffers [NEW_DISK [2, 128]]" classname="com.google.common.jimfs.RegularFileTest$RegularFileTestRunner" time="0.0"/>
  <testcase name="testNonEmpty_read_partial_fromEnd_multipleBuffers [NEW_DISK [2, 128]]" classname="com.google.common.jimfs.RegularFileTest$RegularFileTestRunner" time="0.0"/>
  <testcase name="testNonEmpty_read_fromPastEnd_byteArray [NEW_DISK [2, 128]]" classname="com.google.common.jimfs.RegularFileTest$RegularFileTestRunner" time="0.0"/>
  <testcase name="testNonEmpty_read_fromPastEnd_singleBuffer [NEW_DISK [2, 128]]" classname="com.google.common.jimfs.RegularFileTest$RegularFileTestRunner" time="0.0"/>
  <testcase name="testNonEmpty_read_fromPastEnd_multipleBuffers [NEW_DISK [2, 128]]" classname="com.google.common.jimfs.RegularFileTest$RegularFileTestRunner" time="0.0"/>
  <testcase name="testNonEmpty_write_partial_fromStart_singleByte [NEW_DISK [2, 128]]" classname="com.google.common.jimfs.RegularFileTest$RegularFileTestRunner" time="0.0"/>
  <testcase name="testNonEmpty_write_partial_fromMiddle_singleByte [NEW_DISK [2, 128]]" classname="com.google.common.jimfs.RegularFileTest$RegularFileTestRunner" time="0.0"/>
  <testcase name="testNonEmpty_write_partial_fromEnd_singleByte [NEW_DISK [2, 128]]" classname="com.google.common.jimfs.RegularFileTest$RegularFileTestRunner" time="0.0"/>
  <testcase name="testNonEmpty_write_partial_fromStart_byteArray [NEW_DISK [2, 128]]" classname="com.google.common.jimfs.RegularFileTest$RegularFileTestRunner" time="0.0"/>
  <testcase name="testNonEmpty_write_partial_fromMiddle_byteArray [NEW_DISK [2, 128]]" classname="com.google.common.jimfs.RegularFileTest$RegularFileTestRunner" time="0.0"/>
  <testcase name="testNonEmpty_write_partial_fromBeforeEnd_byteArray [NEW_DISK [2, 128]]" classname="com.google.common.jimfs.RegularFileTest$RegularFileTestRunner" time="0.0"/>
  <testcase name="testNonEmpty_write_partial_fromEnd_byteArray [NEW_DISK [2, 128]]" classname="com.google.common.jimfs.RegularFileTest$RegularFileTestRunner" time="0.0"/>
  <testcase name="testNonEmpty_write_partial_fromPastEnd_byteArray [NEW_DISK [2, 128]]" classname="com.google.common.jimfs.RegularFileTest$RegularFileTestRunner" time="0.0"/>
  <testcase name="testNonEmpty_write_partial_fromStart_singleBuffer [NEW_DISK [2, 128]]" classname="com.google.common.jimfs.RegularFileTest$RegularFileTestRunner" time="0.0"/>
  <testcase name="testNonEmpty_write_partial_fromMiddle_singleBuffer [NEW_DISK [2, 128]]" classname="com.google.common.jimfs.RegularFileTest$RegularFileTestRunner" time="0.0"/>
  <testcase name="testNonEmpty_write_partial_fromEnd_singleBuffer [NEW_DISK [2, 128]]" classname="com.google.common.jimfs.RegularFileTest$RegularFileTestRunner" time="0.0"/>
  <testcase name="testNonEmpty_write_partial_fromPastEnd_singleBuffer [NEW_DISK [2, 128]]" classname="com.google.common.jimfs.RegularFileTest$RegularFileTestRunner" time="0.0"/>
  <testcase name="testNonEmpty_write_partial_fromStart_multipleBuffers [NEW_DISK [2, 128]]" classname="com.google.common.jimfs.RegularFileTest$RegularFileTestRunner" time="0.0"/>
  <testcase name="testNonEmpty_write_partial_fromMiddle_multipleBuffers [NEW_DISK [2, 128]]" classname="com.google.common.jimfs.RegularFileTest$RegularFileTestRunner" time="0.0"/>
  <testcase name="testNonEmpty_write_partial_fromBeforeEnd_multipleBuffers [NEW_DISK [2, 128]]" classname="com.google.common.jimfs.RegularFileTest$RegularFileTestRunner" time="0.0"/>
  <testcase name="testNonEmpty_write_partial_fromEnd_multipleBuffers [NEW_DISK [2, 128]]" classname="com.google.common.jimfs.RegularFileTest$RegularFileTestRunner" time="0.0"/>
  <testcase name="testNonEmpty_write_partial_fromPastEnd_multipleBuffers [NEW_DISK [2, 128]]" classname="com.google.common.jimfs.RegularFileTest$RegularFileTestRunner" time="0.0"/>
  <testcase name="testNonEmpty_write_overwrite_sameLength [NEW_DISK [2, 128]]" classname="com.google.common.jimfs.RegularFileTest$RegularFileTestRunner" time="0.0"/>
  <testcase name="testNonEmpty_write_overwrite_greaterLength [NEW_DISK [2, 128]]" classname="com.google.common.jimfs.RegularFileTest$RegularFileTestRunner" time="0.0"/>
  <testcase name="testNonEmpty_transferTo_fromStart_countEqualsSize [NEW_DISK [2, 128]]" classname="com.google.common.jimfs.RegularFileTest$RegularFileTestRunner" time="0.0"/>
  <testcase name="testNonEmpty_transferTo_fromStart_countLessThanSize [NEW_DISK [2, 128]]" classname="com.google.common.jimfs.RegularFileTest$RegularFileTestRunner" time="0.0"/>
  <testcase name="testNonEmpty_transferTo_fromMiddle_countEqualsSize [NEW_DISK [2, 128]]" classname="com.google.common.jimfs.RegularFileTest$RegularFileTestRunner" time="0.0"/>
  <testcase name="testNonEmpty_transferTo_fromMiddle_countLessThanSize [NEW_DISK [2, 128]]" classname="com.google.common.jimfs.RegularFileTest$RegularFileTestRunner" time="0.0"/>
  <testcase name="testNonEmpty_transferFrom_toStart_countEqualsSrcSize [NEW_DISK [2, 128]]" classname="com.google.common.jimfs.RegularFileTest$RegularFileTestRunner" time="0.0"/>
  <testcase name="testNonEmpty_transferFrom_toStart_countLessThanSrcSize [NEW_DISK [2, 128]]" classname="com.google.common.jimfs.RegularFileTest$RegularFileTestRunner" time="0.0"/>
  <testcase name="testNonEmpty_transferFrom_toStart_countGreaterThanSrcSize [NEW_DISK [2, 128]]" classname="com.google.common.jimfs.RegularFileTest$RegularFileTestRunner" time="0.0"/>
  <testcase name="testNonEmpty_transferFrom_toMiddle_countEqualsSrcSize [NEW_DISK [2, 128]]" classname="com.google.common.jimfs.RegularFileTest$RegularFileTestRunner" time="0.0"/>
  <testcase name="testNonEmpty_transferFrom_toMiddle_countLessThanSrcSize [NEW_DISK [2, 128]]" classname="com.google.common.jimfs.RegularFileTest$RegularFileTestRunner" time="0.0"/>
  <testcase name="testNonEmpty_transferFrom_toMiddle_countGreaterThanSrcSize [NEW_DISK [2, 128]]" classname="com.google.common.jimfs.RegularFileTest$RegularFileTestRunner" time="0.0"/>
  <testcase name="testNonEmpty_transferFrom_toMiddle_transferGoesBeyondContentSize [NEW_DISK [2, 128]]" classname="com.google.common.jimfs.RegularFileTest$RegularFileTestRunner" time="0.0"/>
  <testcase name="testNonEmpty_transferFrom_toEnd [NEW_DISK [2, 128]]" classname="com.google.common.jimfs.RegularFileTest$RegularFileTestRunner" time="0.0"/>
  <testcase name="testNonEmpty_transferFrom_positionGreaterThanSize [NEW_DISK [2, 128]]" classname="com.google.common.jimfs.RegularFileTest$RegularFileTestRunner" time="0.0"/>
  <testcase name="testNonEmpty_transferFrom_hugeOverestimateCount [NEW_DISK [2, 128]]" classname="com.google.common.jimfs.RegularFileTest$RegularFileTestRunner" time="0.0"/>
  <testcase name="testNonEmpty_copy [NEW_DISK [2, 128]]" classname="com.google.common.jimfs.RegularFileTest$RegularFileTestRunner" time="0.0"/>
  <testcase name="testNonEmpty_copy_multipleTimes [NEW_DISK [2, 128]]" classname="com.google.common.jimfs.RegularFileTest$RegularFileTestRunner" time="0.0"/>
  <testcase name="testNonEmpty_truncate_toZero [NEW_DISK [2, 128]]" classname="com.google.common.jimfs.RegularFileTest$RegularFileTestRunner" time="0.0"/>
  <testcase name="testNonEmpty_truncate_partial [NEW_DISK [2, 128]]" classname="com.google.common.jimfs.RegularFileTest$RegularFileTestRunner" time="0.0"/>
  <testcase name="testNonEmpty_truncate_sizeUp [NEW_DISK [2, 128]]" classname="com.google.common.jimfs.RegularFileTest$RegularFileTestRunner" time="0.0"/>
  <testcase name="testDeletedStoreRemainsUsableWhileOpen [NEW_DISK [2, 128]]" classname="com.google.common.jimfs.RegularFileTest$RegularFileTestRunner" time="0.0"/>
  <testcase name="testEmpty_write_singleByte_atNonZeroPosition [NEW_DISK [2, -1]]" classname="com.google.common.jimfs.RegularFileTest$RegularFileTestRunner" time="0.0"/>
  <testcase name="testNonEmpty_write_partial_fromBeforeEnd_singleBuffer [NEW_DISK [2, -1]]" classname="com.google.common.jimfs.RegularFileTest$RegularFileTestRunner" time="0.0"/>
  <testcase name="testEmpty_transferFrom_positionGreaterThanSize_countLessThanSrcSize [NEW_DISK [2, -1]]" classname="com.google.common.jimfs.RegularFileTest$RegularFileTestRunner" time="0.0"/>
  <testcase name="testEmpty_write_singleByte_atStart [NEW_DISK [2, -1]]" classname="com.google.common.jimfs.RegularFileTest$RegularFileTestRunner" time="0.0"/>
  <testcase name="testEmpty_write_byteArray_atStart [NEW_DISK [2, -1]]" classname="com.google.common.jimfs.RegularFileTest$RegularFileTestRunner" time="0.0"/>
  <testcase name="testEmpty_write_singleBuffer_atNonZeroPosition [NEW_DISK [2, -1]]" classname="com.google.common.jimfs.RegularFileTest$RegularFileTestRunner" time="0.0"/>
  <testcase name="testEmpty_write_multipleBuffers_atNonZeroPosition [NEW_DISK [2, -1]]" classname="com.google.common.jimfs.RegularFileTest$RegularFileTestRunner" time="0.0"/>
  <testcase name="testEmpty_write_noBytesArray_atStart [NEW_DISK [2, -1]]" classname="com.google.common.jimfs.RegularFileTest$RegularFileTestRunner" time="0.0"/>
  <testcase name="testEmpty_write_noBytesArray_atNonZeroPosition [NEW_DISK [2, -1]]" classname="com.google.common.jimfs.RegularFileTest$RegularFileTestRunner" time="0.0"/>
  <testcase name="testEmpty_write_noBytesBuffer_atStart [NEW_DISK [2, -1]]" classname="com.google.common.jimfs.RegularFileTest$RegularFileTestRunner" time="0.0"/>
  <testcase name="testEmpty_write_noBytesBuffer_atNonZeroPosition [NEW_DISK [2, -1]]" classname="com.google.common.jimfs.RegularFileTest$RegularFileTestRunner" time="0.0"/>
  <testcase name="testEmpty_write_noBytesBuffers_atStart [NEW_DISK [2, -1]]" classname="com.google.common.jimfs.RegularFileTest$RegularFileTestRunner" time="0.0"/>
  <testcase name="testEmpty_write_noBytesBuffers_atNonZeroPosition [NEW_DISK [2, -1]]" classname="com.google.common.jimfs.RegularFileTest$RegularFileTestRunner" time="0.0"/>
  <testcase name="testEmpty_transferFrom_fromStart_countEqualsSrcSize [NEW_DISK [2, -1]]" classname="com.google.common.jimfs.RegularFileTest$RegularFileTestRunner" time="0.0"/>
  <testcase name="testEmpty_transferFrom_fromStart_countLessThanSrcSize [NEW_DISK [2, -1]]" classname="com.google.common.jimfs.RegularFileTest$RegularFileTestRunner" time="0.001"/>
  <testcase name="testEmpty_transferFrom_fromStart_countGreaterThanSrcSize [NEW_DISK [2, -1]]" classname="com.google.common.jimfs.RegularFileTest$RegularFileTestRunner" time="0.0"/>
  <testcase name="testEmpty_transferFrom_positionGreaterThanSize [NEW_DISK [2, -1]]" classname="com.google.common.jimfs.RegularFileTest$RegularFileTestRunner" time="0.0"/>
  <testcase name="testEmpty_transferFrom_positionGreaterThanSize_countEqualsSrcSize [NEW_DISK [2, -1]]" classname="com.google.common.jimfs.RegularFileTest$RegularFileTestRunner" time="0.0"/>
  <testcase name="testEmpty_transferFrom_fromStart_noBytes_countEqualsSrcSize [NEW_DISK [2, -1]]" classname="com.google.common.jimfs.RegularFileTest$RegularFileTestRunner" time="0.0"/>
  <testcase name="testEmpty_transferFrom_fromStart_noBytes_countGreaterThanSrcSize [NEW_DISK [2, -1]]" classname="com.google.common.jimfs.RegularFileTest$RegularFileTestRunner" time="0.0"/>
  <testcase name="testEmpty_transferFrom_postionGreaterThanSrcSize_noBytes_countEqualsSrcSize [NEW_DISK [2, -1]]" classname="com.google.common.jimfs.RegularFileTest$RegularFileTestRunner" time="0.0"/>
  <testcase name="testEmpty_transferFrom_postionGreaterThanSrcSize_noBytes_countGreaterThanSrcSize [NEW_DISK [2, -1]]" classname="com.google.common.jimfs.RegularFileTest$RegularFileTestRunner" time="0.0"/>
  <testcase name="testEmpty_transferTo [NEW_DISK [2, -1]]" classname="com.google.common.jimfs.RegularFileTest$RegularFileTestRunner" time="0.0"/>
  <testcase name="testEmpty_copy [NEW_DISK [2, -1]]" classname="com.google.common.jimfs.RegularFileTest$RegularFileTestRunner" time="0.0"/>
  <testcase name="testEmpty_truncate_toZero [NEW_DISK [2, -1]]" classname="com.google.common.jimfs.RegularFileTest$RegularFileTestRunner" time="0.0"/>
  <testcase name="testEmpty_truncate_sizeUp [NEW_DISK [2, -1]]" classname="com.google.common.jimfs.RegularFileTest$RegularFileTestRunner" time="0.0"/>
  <testcase name="testNonEmpty [NEW_DISK [2, -1]]" classname="com.google.common.jimfs.RegularFileTest$RegularFileTestRunner" time="0.0"/>
  <testcase name="testNonEmpty_read_singleByte [NEW_DISK [2, -1]]" classname="com.google.common.jimfs.RegularFileTest$RegularFileTestRunner" time="0.0"/>
  <testcase name="testNonEmpty_read_all_byteArray [NEW_DISK [2, -1]]" classname="com.google.common.jimfs.RegularFileTest$RegularFileTestRunner" time="0.0"/>
  <testcase name="testNonEmpty_read_all_singleBuffer [NEW_DISK [2, -1]]" classname="com.google.common.jimfs.RegularFileTest$RegularFileTestRunner" time="0.0"/>
  <testcase name="testNonEmpty_read_all_multipleBuffers [NEW_DISK [2, -1]]" classname="com.google.common.jimfs.RegularFileTest$RegularFileTestRunner" time="0.0"/>
  <testcase name="testNonEmpty_read_all_byteArray_largerThanContent [NEW_DISK [2, -1]]" classname="com.google.common.jimfs.RegularFileTest$RegularFileTestRunner" time="0.0"/>
  <testcase name="testNonEmpty_read_all_singleBuffer_largerThanContent [NEW_DISK [2, -1]]" classname="com.google.common.jimfs.RegularFileTest$RegularFileTestRunner" time="0.0"/>
  <testcase name="testNonEmpty_read_all_multipleBuffers_largerThanContent [NEW_DISK [2, -1]]" classname="com.google.common.jimfs.RegularFileTest$RegularFileTestRunner" time="0.0"/>
  <testcase name="testNonEmpty_read_all_multipleBuffers_extraBuffers [NEW_DISK [2, -1]]" classname="com.google.common.jimfs.RegularFileTest$RegularFileTestRunner" time="0.001"/>
  <testcase name="testNonEmpty_read_partial_fromStart_byteArray [NEW_DISK [2, -1]]" classname="com.google.common.jimfs.RegularFileTest$RegularFileTestRunner" time="0.0"/>
  <testcase name="testNonEmpty_read_partial_fromMiddle_byteArray [NEW_DISK [2, -1]]" classname="com.google.common.jimfs.RegularFileTest$RegularFileTestRunner" time="0.0"/>
  <testcase name="testNonEmpty_read_partial_fromEnd_byteArray [NEW_DISK [2, -1]]" classname="com.google.common.jimfs.RegularFileTest$RegularFileTestRunner" time="0.0"/>
  <testcase name="testNonEmpty_read_partial_fromStart_singleBuffer [NEW_DISK [2, -1]]" classname="com.google.common.jimfs.RegularFileTest$RegularFileTestRunner" time="0.0"/>
  <testcase name="testNonEmpty_read_partial_fromMiddle_singleBuffer [NEW_DISK [2, -1]]" classname="com.google.common.jimfs.RegularFileTest$RegularFileTestRunner" time="0.0"/>
  <testcase name="testNonEmpty_read_partial_fromEnd_singleBuffer [NEW_DISK [2, -1]]" classname="com.google.common.jimfs.RegularFileTest$RegularFileTestRunner" time="0.0"/>
  <testcase name="testEmpty_write_multipleBuffers_atStart [NEW_DISK [2, -1]]" classname="com.google.common.jimfs.RegularFileTest$RegularFileTestRunner" time="0.0"/>
  <testcase name="testEmpty_write_byteArray_atNonZeroPosition [NEW_DISK [2, -1]]" classname="com.google.common.jimfs.RegularFileTest$RegularFileTestRunner" time="0.0"/>
  <testcase name="testEmpty_read_singleByte [NEW_DISK [2, -1]]" classname="com.google.common.jimfs.RegularFileTest$RegularFileTestRunner" time="0.0"/>
  <testcase name="testEmpty_read_byteArray [NEW_DISK [2, -1]]" classname="com.google.common.jimfs.RegularFileTest$RegularFileTestRunner" time="0.0"/>
  <testcase name="testEmpty_read_singleBuffer [NEW_DISK [2, -1]]" classname="com.google.common.jimfs.RegularFileTest$RegularFileTestRunner" time="0.0"/>
  <testcase name="testEmpty_read_multipleBuffers [NEW_DISK [2, -1]]" classname="com.google.common.jimfs.RegularFileTest$RegularFileTestRunner" time="0.0"/>
  <testcase name="testEmpty_write_partialByteArray_atNonZeroPosition [NEW_DISK [2, -1]]" classname="com.google.common.jimfs.RegularFileTest$RegularFileTestRunner" time="0.0"/>
  <testcase name="testEmpty_write_singleBuffer_atStart [NEW_DISK [2, -1]]" classname="com.google.common.jimfs.RegularFileTest$RegularFileTestRunner" time="0.0"/>
  <testcase name="testEmpty_write_partialByteArray_atStart [NEW_DISK [2, -1]]" classname="com.google.common.jimfs.RegularFileTest$RegularFileTestRunner" time="0.0"/>
  <testcase name="testEmpty_transferFrom_positionGreaterThanSize_countGreaterThanSrcSize [NEW_DISK [2, -1]]" classname="com.google.common.jimfs.RegularFileTest$RegularFileTestRunner" time="0.0"/>
  <testcase name="testEmpty [NEW_DISK [2, -1]]" classname="com.google.common.jimfs.RegularFileTest$RegularFileTestRunner" time="0.0"/>
  <testcase name="testNonEmpty_read_partial_fromStart_multipleBuffers [NEW_DISK [2, -1]]" classname="com.google.common.jimfs.RegularFileTest$RegularFileTestRunner" time="0.0"/>
  <testcase name="testNonEmpty_read_partial_fromMiddle_multipleBuffers [NEW_DISK [2, -1]]" classname="com.google.common.jimfs.RegularFileTest$RegularFileTestRunner" time="0.0"/>
  <testcase name="testNonEmpty_read_partial_fromEnd_multipleBuffers [NEW_DISK [2, -1]]" classname="com.google.common.jimfs.RegularFileTest$RegularFileTestRunner" time="0.0"/>
  <testcase name="testNonEmpty_read_fromPastEnd_byteArray [NEW_DISK [2, -1]]" classname="com.google.common.jimfs.RegularFileTest$RegularFileTestRunner" time="0.0"/>
  <testcase name="testNonEmpty_read_fromPastEnd_singleBuffer [NEW_DISK [2, -1]]" classname="com.google.common.jimfs.RegularFileTest$RegularFileTestRunner" time="0.0"/>
  <testcase name="testNonEmpty_read_fromPastEnd_multipleBuffers [NEW_DISK [2, -1]]" classname="com.google.common.jimfs.RegularFileTest$RegularFileTestRunner" time="0.0"/>
  <testcase name="testNonEmpty_write_partial_fromStart_singleByte [NEW_DISK [2, -1]]" classname="com.google.common.jimfs.RegularFileTest$RegularFileTestRunner" time="0.0"/>
  <testcase name="testNonEmpty_write_partial_fromMiddle_singleByte [NEW_DISK [2, -1]]" classname="com.google.common.jimfs.RegularFileTest$RegularFileTestRunner" time="0.0"/>
  <testcase name="testNonEmpty_write_partial_fromEnd_singleByte [NEW_DISK [2, -1]]" classname="com.google.common.jimfs.RegularFileTest$RegularFileTestRunner" time="0.0"/>
  <testcase name="testNonEmpty_write_partial_fromStart_byteArray [NEW_DISK [2, -1]]" classname="com.google.common.jimfs.RegularFileTest$RegularFileTestRunner" time="0.0"/>
  <testcase name="testNonEmpty_write_partial_fromMiddle_byteArray [NEW_DISK [2, -1]]" classname="com.google.common.jimfs.RegularFileTest$RegularFileTestRunner" time="0.0"/>
  <testcase name="testNonEmpty_write_partial_fromBeforeEnd_byteArray [NEW_DISK [2, -1]]" classname="com.google.common.jimfs.RegularFileTest$RegularFileTestRunner" time="0.0"/>
  <testcase name="testNonEmpty_write_partial_fromEnd_byteArray [NEW_DISK [2, -1]]" classname="com.google.common.jimfs.RegularFileTest$RegularFileTestRunner" time="0.0"/>
  <testcase name="testNonEmpty_write_partial_fromPastEnd_byteArray [NEW_DISK [2, -1]]" classname="com.google.common.jimfs.RegularFileTest$RegularFileTestRunner" time="0.0"/>
  <testcase name="testNonEmpty_write_partial_fromStart_singleBuffer [NEW_DISK [2, -1]]" classname="com.google.common.jimfs.RegularFileTest$RegularFileTestRunner" time="0.0"/>
  <testcase name="testNonEmpty_write_partial_fromMiddle_singleBuffer [NEW_DISK [2, -1]]" classname="com.google.common.jimfs.RegularFileTest$RegularFileTestRunner" time="0.0"/>
  <testcase name="testNonEmpty_write_partial_fromEnd_singleBuffer [NEW_DISK [2, -1]]" classname="com.google.common.jimfs.RegularFileTest$RegularFileTestRunner" time="0.0"/>
  <testcase name="testNonEmpty_write_partial_fromPastEnd_singleBuffer [NEW_DISK [2, -1]]" classname="com.google.common.jimfs.RegularFileTest$RegularFileTestRunner" time="0.0"/>
  <testcase name="testNonEmpty_write_partial_fromStart_multipleBuffers [NEW_DISK [2, -1]]" classname="com.google.common.jimfs.RegularFileTest$RegularFileTestRunner" time="0.0"/>
  <testcase name="testNonEmpty_write_partial_fromMiddle_multipleBuffers [NEW_DISK [2, -1]]" classname="com.google.common.jimfs.RegularFileTest$RegularFileTestRunner" time="0.0"/>
  <testcase name="testNonEmpty_write_partial_fromBeforeEnd_multipleBuffers [NEW_DISK [2, -1]]" classname="com.google.common.jimfs.RegularFileTest$RegularFileTestRunner" time="0.0"/>
  <testcase name="testNonEmpty_write_partial_fromEnd_multipleBuffers [NEW_DISK [2, -1]]" classname="com.google.common.jimfs.RegularFileTest$RegularFileTestRunner" time="0.0"/>
  <testcase name="testNonEmpty_write_partial_fromPastEnd_multipleBuffers [NEW_DISK [2, -1]]" classname="com.google.common.jimfs.RegularFileTest$RegularFileTestRunner" time="0.0"/>
  <testcase name="testNonEmpty_write_overwrite_sameLength [NEW_DISK [2, -1]]" classname="com.google.common.jimfs.RegularFileTest$RegularFileTestRunner" time="0.001"/>
  <testcase name="testNonEmpty_write_overwrite_greaterLength [NEW_DISK [2, -1]]" classname="com.google.common.jimfs.RegularFileTest$RegularFileTestRunner" time="0.0"/>
  <testcase name="testNonEmpty_transferTo_fromStart_countEqualsSize [NEW_DISK [2, -1]]" classname="com.google.common.jimfs.RegularFileTest$RegularFileTestRunner" time="0.0"/>
  <testcase name="testNonEmpty_transferTo_fromStart_countLessThanSize [NEW_DISK [2, -1]]" classname="com.google.common.jimfs.RegularFileTest$RegularFileTestRunner" time="0.0"/>
  <testcase name="testNonEmpty_transferTo_fromMiddle_countEqualsSize [NEW_DISK [2, -1]]" classname="com.google.common.jimfs.RegularFileTest$RegularFileTestRunner" time="0.0"/>
  <testcase name="testNonEmpty_transferTo_fromMiddle_countLessThanSize [NEW_DISK [2, -1]]" classname="com.google.common.jimfs.RegularFileTest$RegularFileTestRunner" time="0.0"/>
  <testcase name="testNonEmpty_transferFrom_toStart_countEqualsSrcSize [NEW_DISK [2, -1]]" classname="com.google.common.jimfs.RegularFileTest$RegularFileTestRunner" time="0.0"/>
  <testcase name="testNonEmpty_transferFrom_toStart_countLessThanSrcSize [NEW_DISK [2, -1]]" classname="com.google.common.jimfs.RegularFileTest$RegularFileTestRunner" time="0.0"/>
  <testcase name="testNonEmpty_transferFrom_toStart_countGreaterThanSrcSize [NEW_DISK [2, -1]]" classname="com.google.common.jimfs.RegularFileTest$RegularFileTestRunner" time="0.0"/>
  <testcase name="testNonEmpty_transferFrom_toMiddle_countEqualsSrcSize [NEW_DISK [2, -1]]" classname="com.google.common.jimfs.RegularFileTest$RegularFileTestRunner" time="0.0"/>
  <testcase name="testNonEmpty_transferFrom_toMiddle_countLessThanSrcSize [NEW_DISK [2, -1]]" classname="com.google.common.jimfs.RegularFileTest$RegularFileTestRunner" time="0.0"/>
  <testcase name="testNonEmpty_transferFrom_toMiddle_countGreaterThanSrcSize [NEW_DISK [2, -1]]" classname="com.google.common.jimfs.RegularFileTest$RegularFileTestRunner" time="0.0"/>
  <testcase name="testNonEmpty_transferFrom_toMiddle_transferGoesBeyondContentSize [NEW_DISK [2, -1]]" classname="com.google.common.jimfs.RegularFileTest$RegularFileTestRunner" time="0.0"/>
  <testcase name="testNonEmpty_transferFrom_toEnd [NEW_DISK [2, -1]]" classname="com.google.common.jimfs.RegularFileTest$RegularFileTestRunner" time="0.0"/>
  <testcase name="testNonEmpty_transferFrom_positionGreaterThanSize [NEW_DISK [2, -1]]" classname="com.google.common.jimfs.RegularFileTest$RegularFileTestRunner" time="0.0"/>
  <testcase name="testNonEmpty_transferFrom_hugeOverestimateCount [NEW_DISK [2, -1]]" classname="com.google.common.jimfs.RegularFileTest$RegularFileTestRunner" time="0.0"/>
  <testcase name="testNonEmpty_copy [NEW_DISK [2, -1]]" classname="com.google.common.jimfs.RegularFileTest$RegularFileTestRunner" time="0.0"/>
  <testcase name="testNonEmpty_copy_multipleTimes [NEW_DISK [2, -1]]" classname="com.google.common.jimfs.RegularFileTest$RegularFileTestRunner" time="0.0"/>
  <testcase name="testNonEmpty_truncate_toZero [NEW_DISK [2, -1]]" classname="com.google.common.jimfs.RegularFileTest$RegularFileTestRunner" time="0.0"/>
  <testcase name="testNonEmpty_truncate_partial [NEW_DISK [2, -1]]" classname="com.google.common.jimfs.RegularFileTest$RegularFileTestRunner" time="0.0"/>
  <testcase name="testNonEmpty_truncate_sizeUp [NEW_DISK [2, -1]]" classname="com.google.common.jimfs.RegularFileTest$RegularFileTestRunner" time="0.0"/>
  <testcase name="testDeletedStoreRemainsUsableWhileOpen [NEW_DISK [2, -1]]" classname="com.google.common.jimfs.RegularFileTest$RegularFileTestRunner" time="0.0"/>
  <testcase name="testEmpty_write_singleByte_atNonZeroPosition [NEW_DISK [8, 0]]" classname="com.google.common.jimfs.RegularFileTest$RegularFileTestRunner" time="0.0"/>
  <testcase name="testNonEmpty_write_partial_fromBeforeEnd_singleBuffer [NEW_DISK [8, 0]]" classname="com.google.common.jimfs.RegularFileTest$RegularFileTestRunner" time="0.0"/>
  <testcase name="testEmpty_transferFrom_positionGreaterThanSize_countLessThanSrcSize [NEW_DISK [8, 0]]" classname="com.google.common.jimfs.RegularFileTest$RegularFileTestRunner" time="0.0"/>
  <testcase name="testEmpty_write_singleByte_atStart [NEW_DISK [8, 0]]" classname="com.google.common.jimfs.RegularFileTest$RegularFileTestRunner" time="0.0"/>
  <testcase name="testEmpty_write_byteArray_atStart [NEW_DISK [8, 0]]" classname="com.google.common.jimfs.RegularFileTest$RegularFileTestRunner" time="0.0"/>
  <testcase name="testEmpty_write_singleBuffer_atNonZeroPosition [NEW_DISK [8, 0]]" classname="com.google.common.jimfs.RegularFileTest$RegularFileTestRunner" time="0.0"/>
  <testcase name="testEmpty_write_multipleBuffers_atNonZeroPosition [NEW_DISK [8, 0]]" classname="com.google.common.jimfs.RegularFileTest$RegularFileTestRunner" time="0.0"/>
  <testcase name="testEmpty_write_noBytesArray_atStart [NEW_DISK [8, 0]]" classname="com.google.common.jimfs.RegularFileTest$RegularFileTestRunner" time="0.0"/>
  <testcase name="testEmpty_write_noBytesArray_atNonZeroPosition [NEW_DISK [8, 0]]" classname="com.google.common.jimfs.RegularFileTest$RegularFileTestRunner" time="0.0"/>
  <testcase name="testEmpty_write_noBytesBuffer_atStart [NEW_DISK [8, 0]]" classname="com.google.common.jimfs.RegularFileTest$RegularFileTestRunner" time="0.0"/>
  <testcase name="testEmpty_write_noBytesBuffer_atNonZeroPosition [NEW_DISK [8, 0]]" classname="com.google.common.jimfs.RegularFileTest$RegularFileTestRunner" time="0.0"/>
  <testcase name="testEmpty_write_noBytesBuffers_atStart [NEW_DISK [8, 0]]" classname="com.google.common.jimfs.RegularFileTest$RegularFileTestRunner" time="0.0"/>
  <testcase name="testEmpty_write_noBytesBuffers_atNonZeroPosition [NEW_DISK [8, 0]]" classname="com.google.common.jimfs.RegularFileTest$RegularFileTestRunner" time="0.0"/>
  <testcase name="testEmpty_transferFrom_fromStart_countEqualsSrcSize [NEW_DISK [8, 0]]" classname="com.google.common.jimfs.RegularFileTest$RegularFileTestRunner" time="0.0"/>
  <testcase name="testEmpty_transferFrom_fromStart_countLessThanSrcSize [NEW_DISK [8, 0]]" classname="com.google.common.jimfs.RegularFileTest$RegularFileTestRunner" time="0.0"/>
  <testcase name="testEmpty_transferFrom_fromStart_countGreaterThanSrcSize [NEW_DISK [8, 0]]" classname="com.google.common.jimfs.RegularFileTest$RegularFileTestRunner" time="0.0"/>
  <testcase name="testEmpty_transferFrom_positionGreaterThanSize [NEW_DISK [8, 0]]" classname="com.google.common.jimfs.RegularFileTest$RegularFileTestRunner" time="0.0"/>
  <testcase name="testEmpty_transferFrom_positionGreaterThanSize_countEqualsSrcSize [NEW_DISK [8, 0]]" classname="com.google.common.jimfs.RegularFileTest$RegularFileTestRunner" time="0.0"/>
  <testcase name="testEmpty_transferFrom_fromStart_noBytes_countEqualsSrcSize [NEW_DISK [8, 0]]" classname="com.google.common.jimfs.RegularFileTest$RegularFileTestRunner" time="0.0"/>
  <testcase name="testEmpty_transferFrom_fromStart_noBytes_countGreaterThanSrcSize [NEW_DISK [8, 0]]" classname="com.google.common.jimfs.RegularFileTest$RegularFileTestRunner" time="0.0"/>
  <testcase name="testEmpty_transferFrom_postionGreaterThanSrcSize_noBytes_countEqualsSrcSize [NEW_DISK [8, 0]]" classname="com.google.common.jimfs.RegularFileTest$RegularFileTestRunner" time="0.001"/>
  <testcase name="testEmpty_transferFrom_postionGreaterThanSrcSize_noBytes_countGreaterThanSrcSize [NEW_DISK [8, 0]]" classname="com.google.common.jimfs.RegularFileTest$RegularFileTestRunner" time="0.0"/>
  <testcase name="testEmpty_transferTo [NEW_DISK [8, 0]]" classname="com.google.common.jimfs.RegularFileTest$RegularFileTestRunner" time="0.0"/>
  <testcase name="testEmpty_copy [NEW_DISK [8, 0]]" classname="com.google.common.jimfs.RegularFileTest$RegularFileTestRunner" time="0.0"/>
  <testcase name="testEmpty_truncate_toZero [NEW_DISK [8, 0]]" classname="com.google.common.jimfs.RegularFileTest$RegularFileTestRunner" time="0.0"/>
  <testcase name="testEmpty_truncate_sizeUp [NEW_DISK [8, 0]]" classname="com.google.common.jimfs.RegularFileTest$RegularFileTestRunner" time="0.0"/>
  <testcase name="testNonEmpty [NEW_DISK [8, 0]]" classname="com.google.common.jimfs.RegularFileTest$RegularFileTestRunner" time="0.0"/>
  <testcase name="testNonEmpty_read_singleByte [NEW_DISK [8, 0]]" classname="com.google.common.jimfs.RegularFileTest$RegularFileTestRunner" time="0.0"/>
  <testcase name="testNonEmpty_read_all_byteArray [NEW_DISK [8, 0]]" classname="com.google.common.jimfs.RegularFileTest$RegularFileTestRunner" time="0.0"/>
  <testcase name="testNonEmpty_read_all_singleBuffer [NEW_DISK [8, 0]]" classname="com.google.common.jimfs.RegularFileTest$RegularFileTestRunner" time="0.0"/>
  <testcase name="testNonEmpty_read_all_multipleBuffers [NEW_DISK [8, 0]]" classname="com.google.common.jimfs.RegularFileTest$RegularFileTestRunner" time="0.0"/>
  <testcase name="testNonEmpty_read_all_byteArray_largerThanContent [NEW_DISK [8, 0]]" classname="com.google.common.jimfs.RegularFileTest$RegularFileTestRunner" time="0.0"/>
  <testcase name="testNonEmpty_read_all_singleBuffer_largerThanContent [NEW_DISK [8, 0]]" classname="com.google.common.jimfs.RegularFileTest$RegularFileTestRunner" time="0.0"/>
  <testcase name="testNonEmpty_read_all_multipleBuffers_largerThanContent [NEW_DISK [8, 0]]" classname="com.google.common.jimfs.RegularFileTest$RegularFileTestRunner" time="0.0"/>
  <testcase name="testNonEmpty_read_all_multipleBuffers_extraBuffers [NEW_DISK [8, 0]]" classname="com.google.common.jimfs.RegularFileTest$RegularFileTestRunner" time="0.0"/>
  <testcase name="testNonEmpty_read_partial_fromStart_byteArray [NEW_DISK [8, 0]]" classname="com.google.common.jimfs.RegularFileTest$RegularFileTestRunner" time="0.0"/>
  <testcase name="testNonEmpty_read_partial_fromMiddle_byteArray [NEW_DISK [8, 0]]" classname="com.google.common.jimfs.RegularFileTest$RegularFileTestRunner" time="0.0"/>
  <testcase name="testNonEmpty_read_partial_fromEnd_byteArray [NEW_DISK [8, 0]]" classname="com.google.common.jimfs.RegularFileTest$RegularFileTestRunner" time="0.0"/>
  <testcase name="testNonEmpty_read_partial_fromStart_singleBuffer [NEW_DISK [8, 0]]" classname="com.google.common.jimfs.RegularFileTest$RegularFileTestRunner" time="0.0"/>
  <testcase name="testNonEmpty_read_partial_fromMiddle_singleBuffer [NEW_DISK [8, 0]]" classname="com.google.common.jimfs.RegularFileTest$RegularFileTestRunner" time="0.0"/>
  <testcase name="testNonEmpty_read_partial_fromEnd_singleBuffer [NEW_DISK [8, 0]]" classname="com.google.common.jimfs.RegularFileTest$RegularFileTestRunner" time="0.0"/>
  <testcase name="testEmpty_write_multipleBuffers_atStart [NEW_DISK [8, 0]]" classname="com.google.common.jimfs.RegularFileTest$RegularFileTestRunner" time="0.0"/>
  <testcase name="testEmpty_write_byteArray_atNonZeroPosition [NEW_DISK [8, 0]]" classname="com.google.common.jimfs.RegularFileTest$RegularFileTestRunner" time="0.0"/>
  <testcase name="testEmpty_read_singleByte [NEW_DISK [8, 0]]" classname="com.google.common.jimfs.RegularFileTest$RegularFileTestRunner" time="0.0"/>
  <testcase name="testEmpty_read_byteArray [NEW_DISK [8, 0]]" classname="com.google.common.jimfs.RegularFileTest$RegularFileTestRunner" time="0.0"/>
  <testcase name="testEmpty_read_singleBuffer [NEW_DISK [8, 0]]" classname="com.google.common.jimfs.RegularFileTest$RegularFileTestRunner" time="0.0"/>
  <testcase name="testEmpty_read_multipleBuffers [NEW_DISK [8, 0]]" classname="com.google.common.jimfs.RegularFileTest$RegularFileTestRunner" time="0.0"/>
  <testcase name="testEmpty_write_partialByteArray_atNonZeroPosition [NEW_DISK [8, 0]]" classname="com.google.common.jimfs.RegularFileTest$RegularFileTestRunner" time="0.001"/>
  <testcase name="testEmpty_write_singleBuffer_atStart [NEW_DISK [8, 0]]" classname="com.google.common.jimfs.RegularFileTest$RegularFileTestRunner" time="0.0"/>
  <testcase name="testEmpty_write_partialByteArray_atStart [NEW_DISK [8, 0]]" classname="com.google.common.jimfs.RegularFileTest$RegularFileTestRunner" time="0.0"/>
  <testcase name="testEmpty_transferFrom_positionGreaterThanSize_countGreaterThanSrcSize [NEW_DISK [8, 0]]" classname="com.google.common.jimfs.RegularFileTest$RegularFileTestRunner" time="0.0"/>
  <testcase name="testEmpty [NEW_DISK [8, 0]]" classname="com.google.common.jimfs.RegularFileTest$RegularFileTestRunner" time="0.0"/>
  <testcase name="testNonEmpty_read_partial_fromStart_multipleBuffers [NEW_DISK [8, 0]]" classname="com.google.common.jimfs.RegularFileTest$RegularFileTestRunner" time="0.0"/>
  <testcase name="testNonEmpty_read_partial_fromMiddle_multipleBuffers [NEW_DISK [8, 0]]" classname="com.google.common.jimfs.RegularFileTest$RegularFileTestRunner" time="0.0"/>
  <testcase name="testNonEmpty_read_partial_fromEnd_multipleBuffers [NEW_DISK [8, 0]]" classname="com.google.common.jimfs.RegularFileTest$RegularFileTestRunner" time="0.0"/>
  <testcase name="testNonEmpty_read_fromPastEnd_byteArray [NEW_DISK [8, 0]]" classname="com.google.common.jimfs.RegularFileTest$RegularFileTestRunner" time="0.0"/>
  <testcase name="testNonEmpty_read_fromPastEnd_singleBuffer [NEW_DISK [8, 0]]" classname="com.google.common.jimfs.RegularFileTest$RegularFileTestRunner" time="0.0"/>
  <testcase name="testNonEmpty_read_fromPastEnd_multipleBuffers [NEW_DISK [8, 0]]" classname="com.google.common.jimfs.RegularFileTest$RegularFileTestRunner" time="0.0"/>
  <testcase name="testNonEmpty_write_partial_fromStart_singleByte [NEW_DISK [8, 0]]" classname="com.google.common.jimfs.RegularFileTest$RegularFileTestRunner" time="0.0"/>
  <testcase name="testNonEmpty_write_partial_fromMiddle_singleByte [NEW_DISK [8, 0]]" classname="com.google.common.jimfs.RegularFileTest$RegularFileTestRunner" time="0.0"/>
  <testcase name="testNonEmpty_write_partial_fromEnd_singleByte [NEW_DISK [8, 0]]" classname="com.google.common.jimfs.RegularFileTest$RegularFileTestRunner" time="0.0"/>
  <testcase name="testNonEmpty_write_partial_fromStart_byteArray [NEW_DISK [8, 0]]" classname="com.google.common.jimfs.RegularFileTest$RegularFileTestRunner" time="0.0"/>
  <testcase name="testNonEmpty_write_partial_fromMiddle_byteArray [NEW_DISK [8, 0]]" classname="com.google.common.jimfs.RegularFileTest$RegularFileTestRunner" time="0.0"/>
  <testcase name="testNonEmpty_write_partial_fromBeforeEnd_byteArray [NEW_DISK [8, 0]]" classname="com.google.common.jimfs.RegularFileTest$RegularFileTestRunner" time="0.0"/>
  <testcase name="testNonEmpty_write_partial_fromEnd_byteArray [NEW_DISK [8, 0]]" classname="com.google.common.jimfs.RegularFileTest$RegularFileTestRunner" time="0.0"/>
  <testcase name="testNonEmpty_write_partial_fromPastEnd_byteArray [NEW_DISK [8, 0]]" classname="com.google.common.jimfs.RegularFileTest$RegularFileTestRunner" time="0.0"/>
  <testcase name="testNonEmpty_write_partial_fromStart_singleBuffer [NEW_DISK [8, 0]]" classname="com.google.common.jimfs.RegularFileTest$RegularFileTestRunner" time="0.0"/>
  <testcase name="testNonEmpty_write_partial_fromMiddle_singleBuffer [NEW_DISK [8, 0]]" classname="com.google.common.jimfs.RegularFileTest$RegularFileTestRunner" time="0.0"/>
  <testcase name="testNonEmpty_write_partial_fromEnd_singleBuffer [NEW_DISK [8, 0]]" classname="com.google.common.jimfs.RegularFileTest$RegularFileTestRunner" time="0.0"/>
  <testcase name="testNonEmpty_write_partial_fromPastEnd_singleBuffer [NEW_DISK [8, 0]]" classname="com.google.common.jimfs.RegularFileTest$RegularFileTestRunner" time="0.0"/>
  <testcase name="testNonEmpty_write_partial_fromStart_multipleBuffers [NEW_DISK [8, 0]]" classname="com.google.common.jimfs.RegularFileTest$RegularFileTestRunner" time="0.0"/>
  <testcase name="testNonEmpty_write_partial_fromMiddle_multipleBuffers [NEW_DISK [8, 0]]" classname="com.google.common.jimfs.RegularFileTest$RegularFileTestRunner" time="0.0"/>
  <testcase name="testNonEmpty_write_partial_fromBeforeEnd_multipleBuffers [NEW_DISK [8, 0]]" classname="com.google.common.jimfs.RegularFileTest$RegularFileTestRunner" time="0.0"/>
  <testcase name="testNonEmpty_write_partial_fromEnd_multipleBuffers [NEW_DISK [8, 0]]" classname="com.google.common.jimfs.RegularFileTest$RegularFileTestRunner" time="0.0"/>
  <testcase name="testNonEmpty_write_partial_fromPastEnd_multipleBuffers [NEW_DISK [8, 0]]" classname="com.google.common.jimfs.RegularFileTest$RegularFileTestRunner" time="0.0"/>
  <testcase name="testNonEmpty_write_overwrite_sameLength [NEW_DISK [8, 0]]" classname="com.google.common.jimfs.RegularFileTest$RegularFileTestRunner" time="0.001"/>
  <testcase name="testNonEmpty_write_overwrite_greaterLength [NEW_DISK [8, 0]]" classname="com.google.common.jimfs.RegularFileTest$RegularFileTestRunner" time="0.0"/>
  <testcase name="testNonEmpty_transferTo_fromStart_countEqualsSize [NEW_DISK [8, 0]]" classname="com.google.common.jimfs.RegularFileTest$RegularFileTestRunner" time="0.0"/>
  <testcase name="testNonEmpty_transferTo_fromStart_countLessThanSize [NEW_DISK [8, 0]]" classname="com.google.common.jimfs.RegularFileTest$RegularFileTestRunner" time="0.0"/>
  <testcase name="testNonEmpty_transferTo_fromMiddle_countEqualsSize [NEW_DISK [8, 0]]" classname="com.google.common.jimfs.RegularFileTest$RegularFileTestRunner" time="0.0"/>
  <testcase name="testNonEmpty_transferTo_fromMiddle_countLessThanSize [NEW_DISK [8, 0]]" classname="com.google.common.jimfs.RegularFileTest$RegularFileTestRunner" time="0.0"/>
  <testcase name="testNonEmpty_transferFrom_toStart_countEqualsSrcSize [NEW_DISK [8, 0]]" classname="com.google.common.jimfs.RegularFileTest$RegularFileTestRunner" time="0.0"/>
  <testcase name="testNonEmpty_transferFrom_toStart_countLessThanSrcSize [NEW_DISK [8, 0]]" classname="com.google.common.jimfs.RegularFileTest$RegularFileTestRunner" time="0.0"/>
  <testcase name="testNonEmpty_transferFrom_toStart_countGreaterThanSrcSize [NEW_DISK [8, 0]]" classname="com.google.common.jimfs.RegularFileTest$RegularFileTestRunner" time="0.0"/>
  <testcase name="testNonEmpty_transferFrom_toMiddle_countEqualsSrcSize [NEW_DISK [8, 0]]" classname="com.google.common.jimfs.RegularFileTest$RegularFileTestRunner" time="0.0"/>
  <testcase name="testNonEmpty_transferFrom_toMiddle_countLessThanSrcSize [NEW_DISK [8, 0]]" classname="com.google.common.jimfs.RegularFileTest$RegularFileTestRunner" time="0.0"/>
  <testcase name="testNonEmpty_transferFrom_toMiddle_countGreaterThanSrcSize [NEW_DISK [8, 0]]" classname="com.google.common.jimfs.RegularFileTest$RegularFileTestRunner" time="0.0"/>
  <testcase name="testNonEmpty_transferFrom_toMiddle_transferGoesBeyondContentSize [NEW_DISK [8, 0]]" classname="com.google.common.jimfs.RegularFileTest$RegularFileTestRunner" time="0.0"/>
  <testcase name="testNonEmpty_transferFrom_toEnd [NEW_DISK [8, 0]]" classname="com.google.common.jimfs.RegularFileTest$RegularFileTestRunner" time="0.0"/>
  <testcase name="testNonEmpty_transferFrom_positionGreaterThanSize [NEW_DISK [8, 0]]" classname="com.google.common.jimfs.RegularFileTest$RegularFileTestRunner" time="0.0"/>
  <testcase name="testNonEmpty_transferFrom_hugeOverestimateCount [NEW_DISK [8, 0]]" classname="com.google.common.jimfs.RegularFileTest$RegularFileTestRunner" time="0.0"/>
  <testcase name="testNonEmpty_copy [NEW_DISK [8, 0]]" classname="com.google.common.jimfs.RegularFileTest$RegularFileTestRunner" time="0.0"/>
  <testcase name="testNonEmpty_copy_multipleTimes [NEW_DISK [8, 0]]" classname="com.google.common.jimfs.RegularFileTest$RegularFileTestRunner" time="0.0"/>
  <testcase name="testNonEmpty_truncate_toZero [NEW_DISK [8, 0]]" classname="com.google.common.jimfs.RegularFileTest$RegularFileTestRunner" time="0.0"/>
  <testcase name="testNonEmpty_truncate_partial [NEW_DISK [8, 0]]" classname="com.google.common.jimfs.RegularFileTest$RegularFileTestRunner" time="0.0"/>
  <testcase name="testNonEmpty_truncate_sizeUp [NEW_DISK [8, 0]]" classname="com.google.common.jimfs.RegularFileTest$RegularFileTestRunner" time="0.0"/>
  <testcase name="testDeletedStoreRemainsUsableWhileOpen [NEW_DISK [8, 0]]" classname="com.google.common.jimfs.RegularFileTest$RegularFileTestRunner" time="0.0"/>
  <testcase name="testEmpty_write_singleByte_atNonZeroPosition [NEW_DISK [8, 16]]" classname="com.google.common.jimfs.RegularFileTest$RegularFileTestRunner" time="0.0"/>
  <testcase name="testNonEmpty_write_partial_fromBeforeEnd_singleBuffer [NEW_DISK [8, 16]]" classname="com.google.common.jimfs.RegularFileTest$RegularFileTestRunner" time="0.0"/>
  <testcase name="testEmpty_transferFrom_positionGreaterThanSize_countLessThanSrcSize [NEW_DISK [8, 16]]" classname="com.google.common.jimfs.RegularFileTest$RegularFileTestRunner" time="0.0"/>
  <testcase name="testEmpty_write_singleByte_atStart [NEW_DISK [8, 16]]" classname="com.google.common.jimfs.RegularFileTest$RegularFileTestRunner" time="0.0"/>
  <testcase name="testEmpty_write_byteArray_atStart [NEW_DISK [8, 16]]" classname="com.google.common.jimfs.RegularFileTest$RegularFileTestRunner" time="0.0"/>
  <testcase name="testEmpty_write_singleBuffer_atNonZeroPosition [NEW_DISK [8, 16]]" classname="com.google.common.jimfs.RegularFileTest$RegularFileTestRunner" time="0.001"/>
  <testcase name="testEmpty_write_multipleBuffers_atNonZeroPosition [NEW_DISK [8, 16]]" classname="com.google.common.jimfs.RegularFileTest$RegularFileTestRunner" time="0.0"/>
  <testcase name="testEmpty_write_noBytesArray_atStart [NEW_DISK [8, 16]]" classname="com.google.common.jimfs.RegularFileTest$RegularFileTestRunner" time="0.0"/>
  <testcase name="testEmpty_write_noBytesArray_atNonZeroPosition [NEW_DISK [8, 16]]" classname="com.google.common.jimfs.RegularFileTest$RegularFileTestRunner" time="0.0"/>
  <testcase name="testEmpty_write_noBytesBuffer_atStart [NEW_DISK [8, 16]]" classname="com.google.common.jimfs.RegularFileTest$RegularFileTestRunner" time="0.0"/>
  <testcase name="testEmpty_write_noBytesBuffer_atNonZeroPosition [NEW_DISK [8, 16]]" classname="com.google.common.jimfs.RegularFileTest$RegularFileTestRunner" time="0.0"/>
  <testcase name="testEmpty_write_noBytesBuffers_atStart [NEW_DISK [8, 16]]" classname="com.google.common.jimfs.RegularFileTest$RegularFileTestRunner" time="0.0"/>
  <testcase name="testEmpty_write_noBytesBuffers_atNonZeroPosition [NEW_DISK [8, 16]]" classname="com.google.common.jimfs.RegularFileTest$RegularFileTestRunner" time="0.0"/>
  <testcase name="testEmpty_transferFrom_fromStart_countEqualsSrcSize [NEW_DISK [8, 16]]" classname="com.google.common.jimfs.RegularFileTest$RegularFileTestRunner" time="0.0"/>
  <testcase name="testEmpty_transferFrom_fromStart_countLessThanSrcSize [NEW_DISK [8, 16]]" classname="com.google.common.jimfs.RegularFileTest$RegularFileTestRunner" time="0.0"/>
  <testcase name="testEmpty_transferFrom_fromStart_countGreaterThanSrcSize [NEW_DISK [8, 16]]" classname="com.google.common.jimfs.RegularFileTest$RegularFileTestRunner" time="0.0"/>
  <testcase name="testEmpty_transferFrom_positionGreaterThanSize [NEW_DISK [8, 16]]" classname="com.google.common.jimfs.RegularFileTest$RegularFileTestRunner" time="0.0"/>
  <testcase name="testEmpty_transferFrom_positionGreaterThanSize_countEqualsSrcSize [NEW_DISK [8, 16]]" classname="com.google.common.jimfs.RegularFileTest$RegularFileTestRunner" time="0.0"/>
  <testcase name="testEmpty_transferFrom_fromStart_noBytes_countEqualsSrcSize [NEW_DISK [8, 16]]" classname="com.google.common.jimfs.RegularFileTest$RegularFileTestRunner" time="0.0"/>
  <testcase name="testEmpty_transferFrom_fromStart_noBytes_countGreaterThanSrcSize [NEW_DISK [8, 16]]" classname="com.google.common.jimfs.RegularFileTest$RegularFileTestRunner" time="0.0"/>
  <testcase name="testEmpty_transferFrom_postionGreaterThanSrcSize_noBytes_countEqualsSrcSize [NEW_DISK [8, 16]]" classname="com.google.common.jimfs.RegularFileTest$RegularFileTestRunner" time="0.0"/>
  <testcase name="testEmpty_transferFrom_postionGreaterThanSrcSize_noBytes_countGreaterThanSrcSize [NEW_DISK [8, 16]]" classname="com.google.common.jimfs.RegularFileTest$RegularFileTestRunner" time="0.0"/>
  <testcase name="testEmpty_transferTo [NEW_DISK [8, 16]]" classname="com.google.common.jimfs.RegularFileTest$RegularFileTestRunner" time="0.0"/>
  <testcase name="testEmpty_copy [NEW_DISK [8, 16]]" classname="com.google.common.jimfs.RegularFileTest$RegularFileTestRunner" time="0.0"/>
  <testcase name="testEmpty_truncate_toZero [NEW_DISK [8, 16]]" classname="com.google.common.jimfs.RegularFileTest$RegularFileTestRunner" time="0.0"/>
  <testcase name="testEmpty_truncate_sizeUp [NEW_DISK [8, 16]]" classname="com.google.common.jimfs.RegularFileTest$RegularFileTestRunner" time="0.0"/>
  <testcase name="testNonEmpty [NEW_DISK [8, 16]]" classname="com.google.common.jimfs.RegularFileTest$RegularFileTestRunner" time="0.0"/>
  <testcase name="testNonEmpty_read_singleByte [NEW_DISK [8, 16]]" classname="com.google.common.jimfs.RegularFileTest$RegularFileTestRunner" time="0.0"/>
  <testcase name="testNonEmpty_read_all_byteArray [NEW_DISK [8, 16]]" classname="com.google.common.jimfs.RegularFileTest$RegularFileTestRunner" time="0.0"/>
  <testcase name="testNonEmpty_read_all_singleBuffer [NEW_DISK [8, 16]]" classname="com.google.common.jimfs.RegularFileTest$RegularFileTestRunner" time="0.0"/>
  <testcase name="testNonEmpty_read_all_multipleBuffers [NEW_DISK [8, 16]]" classname="com.google.common.jimfs.RegularFileTest$RegularFileTestRunner" time="0.0"/>
  <testcase name="testNonEmpty_read_all_byteArray_largerThanContent [NEW_DISK [8, 16]]" classname="com.google.common.jimfs.RegularFileTest$RegularFileTestRunner" time="0.0"/>
  <testcase name="testNonEmpty_read_all_singleBuffer_largerThanContent [NEW_DISK [8, 16]]" classname="com.google.common.jimfs.RegularFileTest$RegularFileTestRunner" time="0.001"/>
  <testcase name="testNonEmpty_read_all_multipleBuffers_largerThanContent [NEW_DISK [8, 16]]" classname="com.google.common.jimfs.RegularFileTest$RegularFileTestRunner" time="0.0"/>
  <testcase name="testNonEmpty_read_all_multipleBuffers_extraBuffers [NEW_DISK [8, 16]]" classname="com.google.common.jimfs.RegularFileTest$RegularFileTestRunner" time="0.0"/>
  <testcase name="testNonEmpty_read_partial_fromStart_byteArray [NEW_DISK [8, 16]]" classname="com.google.common.jimfs.RegularFileTest$RegularFileTestRunner" time="0.0"/>
  <testcase name="testNonEmpty_read_partial_fromMiddle_byteArray [NEW_DISK [8, 16]]" classname="com.google.common.jimfs.RegularFileTest$RegularFileTestRunner" time="0.0"/>
  <testcase name="testNonEmpty_read_partial_fromEnd_byteArray [NEW_DISK [8, 16]]" classname="com.google.common.jimfs.RegularFileTest$RegularFileTestRunner" time="0.0"/>
  <testcase name="testNonEmpty_read_partial_fromStart_singleBuffer [NEW_DISK [8, 16]]" classname="com.google.common.jimfs.RegularFileTest$RegularFileTestRunner" time="0.0"/>
  <testcase name="testNonEmpty_read_partial_fromMiddle_singleBuffer [NEW_DISK [8, 16]]" classname="com.google.common.jimfs.RegularFileTest$RegularFileTestRunner" time="0.0"/>
  <testcase name="testNonEmpty_read_partial_fromEnd_singleBuffer [NEW_DISK [8, 16]]" classname="com.google.common.jimfs.RegularFileTest$RegularFileTestRunner" time="0.0"/>
  <testcase name="testEmpty_write_multipleBuffers_atStart [NEW_DISK [8, 16]]" classname="com.google.common.jimfs.RegularFileTest$RegularFileTestRunner" time="0.0"/>
  <testcase name="testEmpty_write_byteArray_atNonZeroPosition [NEW_DISK [8, 16]]" classname="com.google.common.jimfs.RegularFileTest$RegularFileTestRunner" time="0.0"/>
  <testcase name="testEmpty_read_singleByte [NEW_DISK [8, 16]]" classname="com.google.common.jimfs.RegularFileTest$RegularFileTestRunner" time="0.0"/>
  <testcase name="testEmpty_read_byteArray [NEW_DISK [8, 16]]" classname="com.google.common.jimfs.RegularFileTest$RegularFileTestRunner" time="0.0"/>
  <testcase name="testEmpty_read_singleBuffer [NEW_DISK [8, 16]]" classname="com.google.common.jimfs.RegularFileTest$RegularFileTestRunner" time="0.0"/>
  <testcase name="testEmpty_read_multipleBuffers [NEW_DISK [8, 16]]" classname="com.google.common.jimfs.RegularFileTest$RegularFileTestRunner" time="0.0"/>
  <testcase name="testEmpty_write_partialByteArray_atNonZeroPosition [NEW_DISK [8, 16]]" classname="com.google.common.jimfs.RegularFileTest$RegularFileTestRunner" time="0.0"/>
  <testcase name="testEmpty_write_singleBuffer_atStart [NEW_DISK [8, 16]]" classname="com.google.common.jimfs.RegularFileTest$RegularFileTestRunner" time="0.0"/>
  <testcase name="testEmpty_write_partialByteArray_atStart [NEW_DISK [8, 16]]" classname="com.google.common.jimfs.RegularFileTest$RegularFileTestRunner" time="0.0"/>
  <testcase name="testEmpty_transferFrom_positionGreaterThanSize_countGreaterThanSrcSize [NEW_DISK [8, 16]]" classname="com.google.common.jimfs.RegularFileTest$RegularFileTestRunner" time="0.0"/>
  <testcase name="testEmpty [NEW_DISK [8, 16]]" classname="com.google.common.jimfs.RegularFileTest$RegularFileTestRunner" time="0.0"/>
  <testcase name="testNonEmpty_read_partial_fromStart_multipleBuffers [NEW_DISK [8, 16]]" classname="com.google.common.jimfs.RegularFileTest$RegularFileTestRunner" time="0.0"/>
  <testcase name="testNonEmpty_read_partial_fromMiddle_multipleBuffers [NEW_DISK [8, 16]]" classname="com.google.common.jimfs.RegularFileTest$RegularFileTestRunner" time="0.0"/>
  <testcase name="testNonEmpty_read_partial_fromEnd_multipleBuffers [NEW_DISK [8, 16]]" classname="com.google.common.jimfs.RegularFileTest$RegularFileTestRunner" time="0.0"/>
  <testcase name="testNonEmpty_read_fromPastEnd_byteArray [NEW_DISK [8, 16]]" classname="com.google.common.jimfs.RegularFileTest$RegularFileTestRunner" time="0.0"/>
  <testcase name="testNonEmpty_read_fromPastEnd_singleBuffer [NEW_DISK [8, 16]]" classname="com.google.common.jimfs.RegularFileTest$RegularFileTestRunner" time="0.0"/>
  <testcase name="testNonEmpty_read_fromPastEnd_multipleBuffers [NEW_DISK [8, 16]]" classname="com.google.common.jimfs.RegularFileTest$RegularFileTestRunner" time="0.0"/>
  <testcase name="testNonEmpty_write_partial_fromStart_singleByte [NEW_DISK [8, 16]]" classname="com.google.common.jimfs.RegularFileTest$RegularFileTestRunner" time="0.0"/>
  <testcase name="testNonEmpty_write_partial_fromMiddle_singleByte [NEW_DISK [8, 16]]" classname="com.google.common.jimfs.RegularFileTest$RegularFileTestRunner" time="0.0"/>
  <testcase name="testNonEmpty_write_partial_fromEnd_singleByte [NEW_DISK [8, 16]]" classname="com.google.common.jimfs.RegularFileTest$RegularFileTestRunner" time="0.0"/>
  <testcase name="testNonEmpty_write_partial_fromStart_byteArray [NEW_DISK [8, 16]]" classname="com.google.common.jimfs.RegularFileTest$RegularFileTestRunner" time="0.0"/>
  <testcase name="testNonEmpty_write_partial_fromMiddle_byteArray [NEW_DISK [8, 16]]" classname="com.google.common.jimfs.RegularFileTest$RegularFileTestRunner" time="0.0"/>
  <testcase name="testNonEmpty_write_partial_fromBeforeEnd_byteArray [NEW_DISK [8, 16]]" classname="com.google.common.jimfs.RegularFileTest$RegularFileTestRunner" time="0.0"/>
  <testcase name="testNonEmpty_write_partial_fromEnd_byteArray [NEW_DISK [8, 16]]" classname="com.google.common.jimfs.RegularFileTest$RegularFileTestRunner" time="0.0"/>
  <testcase name="testNonEmpty_write_partial_fromPastEnd_byteArray [NEW_DISK [8, 16]]" classname="com.google.common.jimfs.RegularFileTest$RegularFileTestRunner" time="0.0"/>
  <testcase name="testNonEmpty_write_partial_fromStart_singleBuffer [NEW_DISK [8, 16]]" classname="com.google.common.jimfs.RegularFileTest$RegularFileTestRunner" time="0.0"/>
  <testcase name="testNonEmpty_write_partial_fromMiddle_singleBuffer [NEW_DISK [8, 16]]" classname="com.google.common.jimfs.RegularFileTest$RegularFileTestRunner" time="0.0"/>
  <testcase name="testNonEmpty_write_partial_fromEnd_singleBuffer [NEW_DISK [8, 16]]" classname="com.google.common.jimfs.RegularFileTest$RegularFileTestRunner" time="0.0"/>
  <testcase name="testNonEmpty_write_partial_fromPastEnd_singleBuffer [NEW_DISK [8, 16]]" classname="com.google.common.jimfs.RegularFileTest$RegularFileTestRunner" time="0.0"/>
  <testcase name="testNonEmpty_write_partial_fromStart_multipleBuffers [NEW_DISK [8, 16]]" classname="com.google.common.jimfs.RegularFileTest$RegularFileTestRunner" time="0.0"/>
  <testcase name="testNonEmpty_write_partial_fromMiddle_multipleBuffers [NEW_DISK [8, 16]]" classname="com.google.common.jimfs.RegularFileTest$RegularFileTestRunner" time="0.0"/>
  <testcase name="testNonEmpty_write_partial_fromBeforeEnd_multipleBuffers [NEW_DISK [8, 16]]" classname="com.google.common.jimfs.RegularFileTest$RegularFileTestRunner" time="0.0"/>
  <testcase name="testNonEmpty_write_partial_fromEnd_multipleBuffers [NEW_DISK [8, 16]]" classname="com.google.common.jimfs.RegularFileTest$RegularFileTestRunner" time="0.0"/>
  <testcase name="testNonEmpty_write_partial_fromPastEnd_multipleBuffers [NEW_DISK [8, 16]]" classname="com.google.common.jimfs.RegularFileTest$RegularFileTestRunner" time="0.0"/>
  <testcase name="testNonEmpty_write_overwrite_sameLength [NEW_DISK [8, 16]]" classname="com.google.common.jimfs.RegularFileTest$RegularFileTestRunner" time="0.0"/>
  <testcase name="testNonEmpty_write_overwrite_greaterLength [NEW_DISK [8, 16]]" classname="com.google.common.jimfs.RegularFileTest$RegularFileTestRunner" time="0.0"/>
  <testcase name="testNonEmpty_transferTo_fromStart_countEqualsSize [NEW_DISK [8, 16]]" classname="com.google.common.jimfs.RegularFileTest$RegularFileTestRunner" time="0.0"/>
  <testcase name="testNonEmpty_transferTo_fromStart_countLessThanSize [NEW_DISK [8, 16]]" classname="com.google.common.jimfs.RegularFileTest$RegularFileTestRunner" time="0.0"/>
  <testcase name="testNonEmpty_transferTo_fromMiddle_countEqualsSize [NEW_DISK [8, 16]]" classname="com.google.common.jimfs.RegularFileTest$RegularFileTestRunner" time="0.0"/>
  <testcase name="testNonEmpty_transferTo_fromMiddle_countLessThanSize [NEW_DISK [8, 16]]" classname="com.google.common.jimfs.RegularFileTest$RegularFileTestRunner" time="0.0"/>
  <testcase name="testNonEmpty_transferFrom_toStart_countEqualsSrcSize [NEW_DISK [8, 16]]" classname="com.google.common.jimfs.RegularFileTest$RegularFileTestRunner" time="0.0"/>
  <testcase name="testNonEmpty_transferFrom_toStart_countLessThanSrcSize [NEW_DISK [8, 16]]" classname="com.google.common.jimfs.RegularFileTest$RegularFileTestRunner" time="0.0"/>
  <testcase name="testNonEmpty_transferFrom_toStart_countGreaterThanSrcSize [NEW_DISK [8, 16]]" classname="com.google.common.jimfs.RegularFileTest$RegularFileTestRunner" time="0.0"/>
  <testcase name="testNonEmpty_transferFrom_toMiddle_countEqualsSrcSize [NEW_DISK [8, 16]]" classname="com.google.common.jimfs.RegularFileTest$RegularFileTestRunner" time="0.0"/>
  <testcase name="testNonEmpty_transferFrom_toMiddle_countLessThanSrcSize [NEW_DISK [8, 16]]" classname="com.google.common.jimfs.RegularFileTest$RegularFileTestRunner" time="0.0"/>
  <testcase name="testNonEmpty_transferFrom_toMiddle_countGreaterThanSrcSize [NEW_DISK [8, 16]]" classname="com.google.common.jimfs.RegularFileTest$RegularFileTestRunner" time="0.0"/>
  <testcase name="testNonEmpty_transferFrom_toMiddle_transferGoesBeyondContentSize [NEW_DISK [8, 16]]" classname="com.google.common.jimfs.RegularFileTest$RegularFileTestRunner" time="0.0"/>
  <testcase name="testNonEmpty_transferFrom_toEnd [NEW_DISK [8, 16]]" classname="com.google.common.jimfs.RegularFileTest$RegularFileTestRunner" time="0.0"/>
  <testcase name="testNonEmpty_transferFrom_positionGreaterThanSize [NEW_DISK [8, 16]]" classname="com.google.common.jimfs.RegularFileTest$RegularFileTestRunner" time="0.0"/>
  <testcase name="testNonEmpty_transferFrom_hugeOverestimateCount [NEW_DISK [8, 16]]" classname="com.google.common.jimfs.RegularFileTest$RegularFileTestRunner" time="0.0"/>
  <testcase name="testNonEmpty_copy [NEW_DISK [8, 16]]" classname="com.google.common.jimfs.RegularFileTest$RegularFileTestRunner" time="0.0"/>
  <testcase name="testNonEmpty_copy_multipleTimes [NEW_DISK [8, 16]]" classname="com.google.common.jimfs.RegularFileTest$RegularFileTestRunner" time="0.0"/>
  <testcase name="testNonEmpty_truncate_toZero [NEW_DISK [8, 16]]" classname="com.google.common.jimfs.RegularFileTest$RegularFileTestRunner" time="0.0"/>
  <testcase name="testNonEmpty_truncate_partial [NEW_DISK [8, 16]]" classname="com.google.common.jimfs.RegularFileTest$RegularFileTestRunner" time="0.0"/>
  <testcase name="testNonEmpty_truncate_sizeUp [NEW_DISK [8, 16]]" classname="com.google.common.jimfs.RegularFileTest$RegularFileTestRunner" time="0.0"/>
  <testcase name="testDeletedStoreRemainsUsableWhileOpen [NEW_DISK [8, 16]]" classname="com.google.common.jimfs.RegularFileTest$RegularFileTestRunner" time="0.0"/>
  <testcase name="testEmpty_write_singleByte_atNonZeroPosition [NEW_DISK [8, 128]]" classname="com.google.common.jimfs.RegularFileTest$RegularFileTestRunner" time="0.0"/>
  <testcase name="testNonEmpty_write_partial_fromBeforeEnd_singleBuffer [NEW_DISK [8, 128]]" classname="com.google.common.jimfs.RegularFileTest$RegularFileTestRunner" time="0.0"/>
  <testcase name="testEmpty_transferFrom_positionGreaterThanSize_countLessThanSrcSize [NEW_DISK [8, 128]]" classname="com.google.common.jimfs.RegularFileTest$RegularFileTestRunner" time="0.0"/>
  <testcase name="testEmpty_write_singleByte_atStart [NEW_DISK [8, 128]]" classname="com.google.common.jimfs.RegularFileTest$RegularFileTestRunner" time="0.0"/>
  <testcase name="testEmpty_write_byteArray_atStart [NEW_DISK [8, 128]]" classname="com.google.common.jimfs.RegularFileTest$RegularFileTestRunner" time="0.0"/>
  <testcase name="testEmpty_write_singleBuffer_atNonZeroPosition [NEW_DISK [8, 128]]" classname="com.google.common.jimfs.RegularFileTest$RegularFileTestRunner" time="0.0"/>
  <testcase name="testEmpty_write_multipleBuffers_atNonZeroPosition [NEW_DISK [8, 128]]" classname="com.google.common.jimfs.RegularFileTest$RegularFileTestRunner" time="0.0"/>
  <testcase name="testEmpty_write_noBytesArray_atStart [NEW_DISK [8, 128]]" classname="com.google.common.jimfs.RegularFileTest$RegularFileTestRunner" time="0.0"/>
  <testcase name="testEmpty_write_noBytesArray_atNonZeroPosition [NEW_DISK [8, 128]]" classname="com.google.common.jimfs.RegularFileTest$RegularFileTestRunner" time="0.0"/>
  <testcase name="testEmpty_write_noBytesBuffer_atStart [NEW_DISK [8, 128]]" classname="com.google.common.jimfs.RegularFileTest$RegularFileTestRunner" time="0.0"/>
  <testcase name="testEmpty_write_noBytesBuffer_atNonZeroPosition [NEW_DISK [8, 128]]" classname="com.google.common.jimfs.RegularFileTest$RegularFileTestRunner" time="0.0"/>
  <testcase name="testEmpty_write_noBytesBuffers_atStart [NEW_DISK [8, 128]]" classname="com.google.common.jimfs.RegularFileTest$RegularFileTestRunner" time="0.0"/>
  <testcase name="testEmpty_write_noBytesBuffers_atNonZeroPosition [NEW_DISK [8, 128]]" classname="com.google.common.jimfs.RegularFileTest$RegularFileTestRunner" time="0.0"/>
  <testcase name="testEmpty_transferFrom_fromStart_countEqualsSrcSize [NEW_DISK [8, 128]]" classname="com.google.common.jimfs.RegularFileTest$RegularFileTestRunner" time="0.0"/>
  <testcase name="testEmpty_transferFrom_fromStart_countLessThanSrcSize [NEW_DISK [8, 128]]" classname="com.google.common.jimfs.RegularFileTest$RegularFileTestRunner" time="0.0"/>
  <testcase name="testEmpty_transferFrom_fromStart_countGreaterThanSrcSize [NEW_DISK [8, 128]]" classname="com.google.common.jimfs.RegularFileTest$RegularFileTestRunner" time="0.0"/>
  <testcase name="testEmpty_transferFrom_positionGreaterThanSize [NEW_DISK [8, 128]]" classname="com.google.common.jimfs.RegularFileTest$RegularFileTestRunner" time="0.0"/>
  <testcase name="testEmpty_transferFrom_positionGreaterThanSize_countEqualsSrcSize [NEW_DISK [8, 128]]" classname="com.google.common.jimfs.RegularFileTest$RegularFileTestRunner" time="0.0"/>
  <testcase name="testEmpty_transferFrom_fromStart_noBytes_countEqualsSrcSize [NEW_DISK [8, 128]]" classname="com.google.common.jimfs.RegularFileTest$RegularFileTestRunner" time="0.0"/>
  <testcase name="testEmpty_transferFrom_fromStart_noBytes_countGreaterThanSrcSize [NEW_DISK [8, 128]]" classname="com.google.common.jimfs.RegularFileTest$RegularFileTestRunner" time="0.001"/>
  <testcase name="testEmpty_transferFrom_postionGreaterThanSrcSize_noBytes_countEqualsSrcSize [NEW_DISK [8, 128]]" classname="com.google.common.jimfs.RegularFileTest$RegularFileTestRunner" time="0.0"/>
  <testcase name="testEmpty_transferFrom_postionGreaterThanSrcSize_noBytes_countGreaterThanSrcSize [NEW_DISK [8, 128]]" classname="com.google.common.jimfs.RegularFileTest$RegularFileTestRunner" time="0.0"/>
  <testcase name="testEmpty_transferTo [NEW_DISK [8, 128]]" classname="com.google.common.jimfs.RegularFileTest$RegularFileTestRunner" time="0.0"/>
  <testcase name="testEmpty_copy [NEW_DISK [8, 128]]" classname="com.google.common.jimfs.RegularFileTest$RegularFileTestRunner" time="0.0"/>
  <testcase name="testEmpty_truncate_toZero [NEW_DISK [8, 128]]" classname="com.google.common.jimfs.RegularFileTest$RegularFileTestRunner" time="0.0"/>
  <testcase name="testEmpty_truncate_sizeUp [NEW_DISK [8, 128]]" classname="com.google.common.jimfs.RegularFileTest$RegularFileTestRunner" time="0.0"/>
  <testcase name="testNonEmpty [NEW_DISK [8, 128]]" classname="com.google.common.jimfs.RegularFileTest$RegularFileTestRunner" time="0.0"/>
  <testcase name="testNonEmpty_read_singleByte [NEW_DISK [8, 128]]" classname="com.google.common.jimfs.RegularFileTest$RegularFileTestRunner" time="0.0"/>
  <testcase name="testNonEmpty_read_all_byteArray [NEW_DISK [8, 128]]" classname="com.google.common.jimfs.RegularFileTest$RegularFileTestRunner" time="0.0"/>
  <testcase name="testNonEmpty_read_all_singleBuffer [NEW_DISK [8, 128]]" classname="com.google.common.jimfs.RegularFileTest$RegularFileTestRunner" time="0.0"/>
  <testcase name="testNonEmpty_read_all_multipleBuffers [NEW_DISK [8, 128]]" classname="com.google.common.jimfs.RegularFileTest$RegularFileTestRunner" time="0.0"/>
  <testcase name="testNonEmpty_read_all_byteArray_largerThanContent [NEW_DISK [8, 128]]" classname="com.google.common.jimfs.RegularFileTest$RegularFileTestRunner" time="0.0"/>
  <testcase name="testNonEmpty_read_all_singleBuffer_largerThanContent [NEW_DISK [8, 128]]" classname="com.google.common.jimfs.RegularFileTest$RegularFileTestRunner" time="0.0"/>
  <testcase name="testNonEmpty_read_all_multipleBuffers_largerThanContent [NEW_DISK [8, 128]]" classname="com.google.common.jimfs.RegularFileTest$RegularFileTestRunner" time="0.0"/>
  <testcase name="testNonEmpty_read_all_multipleBuffers_extraBuffers [NEW_DISK [8, 128]]" classname="com.google.common.jimfs.RegularFileTest$RegularFileTestRunner" time="0.0"/>
  <testcase name="testNonEmpty_read_partial_fromStart_byteArray [NEW_DISK [8, 128]]" classname="com.google.common.jimfs.RegularFileTest$RegularFileTestRunner" time="0.0"/>
  <testcase name="testNonEmpty_read_partial_fromMiddle_byteArray [NEW_DISK [8, 128]]" classname="com.google.common.jimfs.RegularFileTest$RegularFileTestRunner" time="0.0"/>
  <testcase name="testNonEmpty_read_partial_fromEnd_byteArray [NEW_DISK [8, 128]]" classname="com.google.common.jimfs.RegularFileTest$RegularFileTestRunner" time="0.0"/>
  <testcase name="testNonEmpty_read_partial_fromStart_singleBuffer [NEW_DISK [8, 128]]" classname="com.google.common.jimfs.RegularFileTest$RegularFileTestRunner" time="0.0"/>
  <testcase name="testNonEmpty_read_partial_fromMiddle_singleBuffer [NEW_DISK [8, 128]]" classname="com.google.common.jimfs.RegularFileTest$RegularFileTestRunner" time="0.0"/>
  <testcase name="testNonEmpty_read_partial_fromEnd_singleBuffer [NEW_DISK [8, 128]]" classname="com.google.common.jimfs.RegularFileTest$RegularFileTestRunner" time="0.0"/>
  <testcase name="testEmpty_write_multipleBuffers_atStart [NEW_DISK [8, 128]]" classname="com.google.common.jimfs.RegularFileTest$RegularFileTestRunner" time="0.0"/>
  <testcase name="testEmpty_write_byteArray_atNonZeroPosition [NEW_DISK [8, 128]]" classname="com.google.common.jimfs.RegularFileTest$RegularFileTestRunner" time="0.0"/>
  <testcase name="testEmpty_read_singleByte [NEW_DISK [8, 128]]" classname="com.google.common.jimfs.RegularFileTest$RegularFileTestRunner" time="0.0"/>
  <testcase name="testEmpty_read_byteArray [NEW_DISK [8, 128]]" classname="com.google.common.jimfs.RegularFileTest$RegularFileTestRunner" time="0.0"/>
  <testcase name="testEmpty_read_singleBuffer [NEW_DISK [8, 128]]" classname="com.google.common.jimfs.RegularFileTest$RegularFileTestRunner" time="0.0"/>
  <testcase name="testEmpty_read_multipleBuffers [NEW_DISK [8, 128]]" classname="com.google.common.jimfs.RegularFileTest$RegularFileTestRunner" time="0.0"/>
  <testcase name="testEmpty_write_partialByteArray_atNonZeroPosition [NEW_DISK [8, 128]]" classname="com.google.common.jimfs.RegularFileTest$RegularFileTestRunner" time="0.0"/>
  <testcase name="testEmpty_write_singleBuffer_atStart [NEW_DISK [8, 128]]" classname="com.google.common.jimfs.RegularFileTest$RegularFileTestRunner" time="0.0"/>
  <testcase name="testEmpty_write_partialByteArray_atStart [NEW_DISK [8, 128]]" classname="com.google.common.jimfs.RegularFileTest$RegularFileTestRunner" time="0.0"/>
  <testcase name="testEmpty_transferFrom_positionGreaterThanSize_countGreaterThanSrcSize [NEW_DISK [8, 128]]" classname="com.google.common.jimfs.RegularFileTest$RegularFileTestRunner" time="0.0"/>
  <testcase name="testEmpty [NEW_DISK [8, 128]]" classname="com.google.common.jimfs.RegularFileTest$RegularFileTestRunner" time="0.0"/>
  <testcase name="testNonEmpty_read_partial_fromStart_multipleBuffers [NEW_DISK [8, 128]]" classname="com.google.common.jimfs.RegularFileTest$RegularFileTestRunner" time="0.0"/>
  <testcase name="testNonEmpty_read_partial_fromMiddle_multipleBuffers [NEW_DISK [8, 128]]" classname="com.google.common.jimfs.RegularFileTest$RegularFileTestRunner" time="0.0"/>
  <testcase name="testNonEmpty_read_partial_fromEnd_multipleBuffers [NEW_DISK [8, 128]]" classname="com.google.common.jimfs.RegularFileTest$RegularFileTestRunner" time="0.0"/>
  <testcase name="testNonEmpty_read_fromPastEnd_byteArray [NEW_DISK [8, 128]]" classname="com.google.common.jimfs.RegularFileTest$RegularFileTestRunner" time="0.0"/>
  <testcase name="testNonEmpty_read_fromPastEnd_singleBuffer [NEW_DISK [8, 128]]" classname="com.google.common.jimfs.RegularFileTest$RegularFileTestRunner" time="0.0"/>
  <testcase name="testNonEmpty_read_fromPastEnd_multipleBuffers [NEW_DISK [8, 128]]" classname="com.google.common.jimfs.RegularFileTest$RegularFileTestRunner" time="0.0"/>
  <testcase name="testNonEmpty_write_partial_fromStart_singleByte [NEW_DISK [8, 128]]" classname="com.google.common.jimfs.RegularFileTest$RegularFileTestRunner" time="0.0"/>
  <testcase name="testNonEmpty_write_partial_fromMiddle_singleByte [NEW_DISK [8, 128]]" classname="com.google.common.jimfs.RegularFileTest$RegularFileTestRunner" time="0.0"/>
  <testcase name="testNonEmpty_write_partial_fromEnd_singleByte [NEW_DISK [8, 128]]" classname="com.google.common.jimfs.RegularFileTest$RegularFileTestRunner" time="0.0"/>
  <testcase name="testNonEmpty_write_partial_fromStart_byteArray [NEW_DISK [8, 128]]" classname="com.google.common.jimfs.RegularFileTest$RegularFileTestRunner" time="0.0"/>
  <testcase name="testNonEmpty_write_partial_fromMiddle_byteArray [NEW_DISK [8, 128]]" classname="com.google.common.jimfs.RegularFileTest$RegularFileTestRunner" time="0.0"/>
  <testcase name="testNonEmpty_write_partial_fromBeforeEnd_byteArray [NEW_DISK [8, 128]]" classname="com.google.common.jimfs.RegularFileTest$RegularFileTestRunner" time="0.0"/>
  <testcase name="testNonEmpty_write_partial_fromEnd_byteArray [NEW_DISK [8, 128]]" classname="com.google.common.jimfs.RegularFileTest$RegularFileTestRunner" time="0.0"/>
  <testcase name="testNonEmpty_write_partial_fromPastEnd_byteArray [NEW_DISK [8, 128]]" classname="com.google.common.jimfs.RegularFileTest$RegularFileTestRunner" time="0.0"/>
  <testcase name="testNonEmpty_write_partial_fromStart_singleBuffer [NEW_DISK [8, 128]]" classname="com.google.common.jimfs.RegularFileTest$RegularFileTestRunner" time="0.0"/>
  <testcase name="testNonEmpty_write_partial_fromMiddle_singleBuffer [NEW_DISK [8, 128]]" classname="com.google.common.jimfs.RegularFileTest$RegularFileTestRunner" time="0.0"/>
  <testcase name="testNonEmpty_write_partial_fromEnd_singleBuffer [NEW_DISK [8, 128]]" classname="com.google.common.jimfs.RegularFileTest$RegularFileTestRunner" time="0.0"/>
  <testcase name="testNonEmpty_write_partial_fromPastEnd_singleBuffer [NEW_DISK [8, 128]]" classname="com.google.common.jimfs.RegularFileTest$RegularFileTestRunner" time="0.0"/>
  <testcase name="testNonEmpty_write_partial_fromStart_multipleBuffers [NEW_DISK [8, 128]]" classname="com.google.common.jimfs.RegularFileTest$RegularFileTestRunner" time="0.0"/>
  <testcase name="testNonEmpty_write_partial_fromMiddle_multipleBuffers [NEW_DISK [8, 128]]" classname="com.google.common.jimfs.RegularFileTest$RegularFileTestRunner" time="0.0"/>
  <testcase name="testNonEmpty_write_partial_fromBeforeEnd_multipleBuffers [NEW_DISK [8, 128]]" classname="com.google.common.jimfs.RegularFileTest$RegularFileTestRunner" time="0.0"/>
  <testcase name="testNonEmpty_write_partial_fromEnd_multipleBuffers [NEW_DISK [8, 128]]" classname="com.google.common.jimfs.RegularFileTest$RegularFileTestRunner" time="0.0"/>
  <testcase name="testNonEmpty_write_partial_fromPastEnd_multipleBuffers [NEW_DISK [8, 128]]" classname="com.google.common.jimfs.RegularFileTest$RegularFileTestRunner" time="0.0"/>
  <testcase name="testNonEmpty_write_overwrite_sameLength [NEW_DISK [8, 128]]" classname="com.google.common.jimfs.RegularFileTest$RegularFileTestRunner" time="0.0"/>
  <testcase name="testNonEmpty_write_overwrite_greaterLength [NEW_DISK [8, 128]]" classname="com.google.common.jimfs.RegularFileTest$RegularFileTestRunner" time="0.0"/>
  <testcase name="testNonEmpty_transferTo_fromStart_countEqualsSize [NEW_DISK [8, 128]]" classname="com.google.common.jimfs.RegularFileTest$RegularFileTestRunner" time="0.0"/>
  <testcase name="testNonEmpty_transferTo_fromStart_countLessThanSize [NEW_DISK [8, 128]]" classname="com.google.common.jimfs.RegularFileTest$RegularFileTestRunner" time="0.0"/>
  <testcase name="testNonEmpty_transferTo_fromMiddle_countEqualsSize [NEW_DISK [8, 128]]" classname="com.google.common.jimfs.RegularFileTest$RegularFileTestRunner" time="0.0"/>
  <testcase name="testNonEmpty_transferTo_fromMiddle_countLessThanSize [NEW_DISK [8, 128]]" classname="com.google.common.jimfs.RegularFileTest$RegularFileTestRunner" time="0.0"/>
  <testcase name="testNonEmpty_transferFrom_toStart_countEqualsSrcSize [NEW_DISK [8, 128]]" classname="com.google.common.jimfs.RegularFileTest$RegularFileTestRunner" time="0.0"/>
  <testcase name="testNonEmpty_transferFrom_toStart_countLessThanSrcSize [NEW_DISK [8, 128]]" classname="com.google.common.jimfs.RegularFileTest$RegularFileTestRunner" time="0.0"/>
  <testcase name="testNonEmpty_transferFrom_toStart_countGreaterThanSrcSize [NEW_DISK [8, 128]]" classname="com.google.common.jimfs.RegularFileTest$RegularFileTestRunner" time="0.0"/>
  <testcase name="testNonEmpty_transferFrom_toMiddle_countEqualsSrcSize [NEW_DISK [8, 128]]" classname="com.google.common.jimfs.RegularFileTest$RegularFileTestRunner" time="0.0"/>
  <testcase name="testNonEmpty_transferFrom_toMiddle_countLessThanSrcSize [NEW_DISK [8, 128]]" classname="com.google.common.jimfs.RegularFileTest$RegularFileTestRunner" time="0.0"/>
  <testcase name="testNonEmpty_transferFrom_toMiddle_countGreaterThanSrcSize [NEW_DISK [8, 128]]" classname="com.google.common.jimfs.RegularFileTest$RegularFileTestRunner" time="0.0"/>
  <testcase name="testNonEmpty_transferFrom_toMiddle_transferGoesBeyondContentSize [NEW_DISK [8, 128]]" classname="com.google.common.jimfs.RegularFileTest$RegularFileTestRunner" time="0.0"/>
  <testcase name="testNonEmpty_transferFrom_toEnd [NEW_DISK [8, 128]]" classname="com.google.common.jimfs.RegularFileTest$RegularFileTestRunner" time="0.0"/>
  <testcase name="testNonEmpty_transferFrom_positionGreaterThanSize [NEW_DISK [8, 128]]" classname="com.google.common.jimfs.RegularFileTest$RegularFileTestRunner" time="0.0"/>
  <testcase name="testNonEmpty_transferFrom_hugeOverestimateCount [NEW_DISK [8, 128]]" classname="com.google.common.jimfs.RegularFileTest$RegularFileTestRunner" time="0.0"/>
  <testcase name="testNonEmpty_copy [NEW_DISK [8, 128]]" classname="com.google.common.jimfs.RegularFileTest$RegularFileTestRunner" time="0.0"/>
  <testcase name="testNonEmpty_copy_multipleTimes [NEW_DISK [8, 128]]" classname="com.google.common.jimfs.RegularFileTest$RegularFileTestRunner" time="0.0"/>
  <testcase name="testNonEmpty_truncate_toZero [NEW_DISK [8, 128]]" classname="com.google.common.jimfs.RegularFileTest$RegularFileTestRunner" time="0.0"/>
  <testcase name="testNonEmpty_truncate_partial [NEW_DISK [8, 128]]" classname="com.google.common.jimfs.RegularFileTest$RegularFileTestRunner" time="0.0"/>
  <testcase name="testNonEmpty_truncate_sizeUp [NEW_DISK [8, 128]]" classname="com.google.common.jimfs.RegularFileTest$RegularFileTestRunner" time="0.0"/>
  <testcase name="testDeletedStoreRemainsUsableWhileOpen [NEW_DISK [8, 128]]" classname="com.google.common.jimfs.RegularFileTest$RegularFileTestRunner" time="0.0"/>
  <testcase name="testEmpty_write_singleByte_atNonZeroPosition [NEW_DISK [8, -1]]" classname="com.google.common.jimfs.RegularFileTest$RegularFileTestRunner" time="0.0"/>
  <testcase name="testNonEmpty_write_partial_fromBeforeEnd_singleBuffer [NEW_DISK [8, -1]]" classname="com.google.common.jimfs.RegularFileTest$RegularFileTestRunner" time="0.0"/>
  <testcase name="testEmpty_transferFrom_positionGreaterThanSize_countLessThanSrcSize [NEW_DISK [8, -1]]" classname="com.google.common.jimfs.RegularFileTest$RegularFileTestRunner" time="0.0"/>
  <testcase name="testEmpty_write_singleByte_atStart [NEW_DISK [8, -1]]" classname="com.google.common.jimfs.RegularFileTest$RegularFileTestRunner" time="0.0"/>
  <testcase name="testEmpty_write_byteArray_atStart [NEW_DISK [8, -1]]" classname="com.google.common.jimfs.RegularFileTest$RegularFileTestRunner" time="0.0"/>
  <testcase name="testEmpty_write_singleBuffer_atNonZeroPosition [NEW_DISK [8, -1]]" classname="com.google.common.jimfs.RegularFileTest$RegularFileTestRunner" time="0.001"/>
  <testcase name="testEmpty_write_multipleBuffers_atNonZeroPosition [NEW_DISK [8, -1]]" classname="com.google.common.jimfs.RegularFileTest$RegularFileTestRunner" time="0.0"/>
  <testcase name="testEmpty_write_noBytesArray_atStart [NEW_DISK [8, -1]]" classname="com.google.common.jimfs.RegularFileTest$RegularFileTestRunner" time="0.0"/>
  <testcase name="testEmpty_write_noBytesArray_atNonZeroPosition [NEW_DISK [8, -1]]" classname="com.google.common.jimfs.RegularFileTest$RegularFileTestRunner" time="0.0"/>
  <testcase name="testEmpty_write_noBytesBuffer_atStart [NEW_DISK [8, -1]]" classname="com.google.common.jimfs.RegularFileTest$RegularFileTestRunner" time="0.0"/>
  <testcase name="testEmpty_write_noBytesBuffer_atNonZeroPosition [NEW_DISK [8, -1]]" classname="com.google.common.jimfs.RegularFileTest$RegularFileTestRunner" time="0.0"/>
  <testcase name="testEmpty_write_noBytesBuffers_atStart [NEW_DISK [8, -1]]" classname="com.google.common.jimfs.RegularFileTest$RegularFileTestRunner" time="0.0"/>
  <testcase name="testEmpty_write_noBytesBuffers_atNonZeroPosition [NEW_DISK [8, -1]]" classname="com.google.common.jimfs.RegularFileTest$RegularFileTestRunner" time="0.0"/>
  <testcase name="testEmpty_transferFrom_fromStart_countEqualsSrcSize [NEW_DISK [8, -1]]" classname="com.google.common.jimfs.RegularFileTest$RegularFileTestRunner" time="0.0"/>
  <testcase name="testEmpty_transferFrom_fromStart_countLessThanSrcSize [NEW_DISK [8, -1]]" classname="com.google.common.jimfs.RegularFileTest$RegularFileTestRunner" time="0.0"/>
  <testcase name="testEmpty_transferFrom_fromStart_countGreaterThanSrcSize [NEW_DISK [8, -1]]" classname="com.google.common.jimfs.RegularFileTest$RegularFileTestRunner" time="0.0"/>
  <testcase name="testEmpty_transferFrom_positionGreaterThanSize [NEW_DISK [8, -1]]" classname="com.google.common.jimfs.RegularFileTest$RegularFileTestRunner" time="0.0"/>
  <testcase name="testEmpty_transferFrom_positionGreaterThanSize_countEqualsSrcSize [NEW_DISK [8, -1]]" classname="com.google.common.jimfs.RegularFileTest$RegularFileTestRunner" time="0.0"/>
  <testcase name="testEmpty_transferFrom_fromStart_noBytes_countEqualsSrcSize [NEW_DISK [8, -1]]" classname="com.google.common.jimfs.RegularFileTest$RegularFileTestRunner" time="0.0"/>
  <testcase name="testEmpty_transferFrom_fromStart_noBytes_countGreaterThanSrcSize [NEW_DISK [8, -1]]" classname="com.google.common.jimfs.RegularFileTest$RegularFileTestRunner" time="0.0"/>
  <testcase name="testEmpty_transferFrom_postionGreaterThanSrcSize_noBytes_countEqualsSrcSize [NEW_DISK [8, -1]]" classname="com.google.common.jimfs.RegularFileTest$RegularFileTestRunner" time="0.0"/>
  <testcase name="testEmpty_transferFrom_postionGreaterThanSrcSize_noBytes_countGreaterThanSrcSize [NEW_DISK [8, -1]]" classname="com.google.common.jimfs.RegularFileTest$RegularFileTestRunner" time="0.0"/>
  <testcase name="testEmpty_transferTo [NEW_DISK [8, -1]]" classname="com.google.common.jimfs.RegularFileTest$RegularFileTestRunner" time="0.0"/>
  <testcase name="testEmpty_copy [NEW_DISK [8, -1]]" classname="com.google.common.jimfs.RegularFileTest$RegularFileTestRunner" time="0.0"/>
  <testcase name="testEmpty_truncate_toZero [NEW_DISK [8, -1]]" classname="com.google.common.jimfs.RegularFileTest$RegularFileTestRunner" time="0.0"/>
  <testcase name="testEmpty_truncate_sizeUp [NEW_DISK [8, -1]]" classname="com.google.common.jimfs.RegularFileTest$RegularFileTestRunner" time="0.0"/>
  <testcase name="testNonEmpty [NEW_DISK [8, -1]]" classname="com.google.common.jimfs.RegularFileTest$RegularFileTestRunner" time="0.0"/>
  <testcase name="testNonEmpty_read_singleByte [NEW_DISK [8, -1]]" classname="com.google.common.jimfs.RegularFileTest$RegularFileTestRunner" time="0.0"/>
  <testcase name="testNonEmpty_read_all_byteArray [NEW_DISK [8, -1]]" classname="com.google.common.jimfs.RegularFileTest$RegularFileTestRunner" time="0.0"/>
  <testcase name="testNonEmpty_read_all_singleBuffer [NEW_DISK [8, -1]]" classname="com.google.common.jimfs.RegularFileTest$RegularFileTestRunner" time="0.001"/>
  <testcase name="testNonEmpty_read_all_multipleBuffers [NEW_DISK [8, -1]]" classname="com.google.common.jimfs.RegularFileTest$RegularFileTestRunner" time="0.0"/>
  <testcase name="testNonEmpty_read_all_byteArray_largerThanContent [NEW_DISK [8, -1]]" classname="com.google.common.jimfs.RegularFileTest$RegularFileTestRunner" time="0.0"/>
  <testcase name="testNonEmpty_read_all_singleBuffer_largerThanContent [NEW_DISK [8, -1]]" classname="com.google.common.jimfs.RegularFileTest$RegularFileTestRunner" time="0.0"/>
  <testcase name="testNonEmpty_read_all_multipleBuffers_largerThanContent [NEW_DISK [8, -1]]" classname="com.google.common.jimfs.RegularFileTest$RegularFileTestRunner" time="0.0"/>
  <testcase name="testNonEmpty_read_all_multipleBuffers_extraBuffers [NEW_DISK [8, -1]]" classname="com.google.common.jimfs.RegularFileTest$RegularFileTestRunner" time="0.0"/>
  <testcase name="testNonEmpty_read_partial_fromStart_byteArray [NEW_DISK [8, -1]]" classname="com.google.common.jimfs.RegularFileTest$RegularFileTestRunner" time="0.0"/>
  <testcase name="testNonEmpty_read_partial_fromMiddle_byteArray [NEW_DISK [8, -1]]" classname="com.google.common.jimfs.RegularFileTest$RegularFileTestRunner" time="0.0"/>
  <testcase name="testNonEmpty_read_partial_fromEnd_byteArray [NEW_DISK [8, -1]]" classname="com.google.common.jimfs.RegularFileTest$RegularFileTestRunner" time="0.0"/>
  <testcase name="testNonEmpty_read_partial_fromStart_singleBuffer [NEW_DISK [8, -1]]" classname="com.google.common.jimfs.RegularFileTest$RegularFileTestRunner" time="0.0"/>
  <testcase name="testNonEmpty_read_partial_fromMiddle_singleBuffer [NEW_DISK [8, -1]]" classname="com.google.common.jimfs.RegularFileTest$RegularFileTestRunner" time="0.0"/>
  <testcase name="testNonEmpty_read_partial_fromEnd_singleBuffer [NEW_DISK [8, -1]]" classname="com.google.common.jimfs.RegularFileTest$RegularFileTestRunner" time="0.0"/>
  <testcase name="testEmpty_write_multipleBuffers_atStart [NEW_DISK [8, -1]]" classname="com.google.common.jimfs.RegularFileTest$RegularFileTestRunner" time="0.0"/>
  <testcase name="testEmpty_write_byteArray_atNonZeroPosition [NEW_DISK [8, -1]]" classname="com.google.common.jimfs.RegularFileTest$RegularFileTestRunner" time="0.0"/>
  <testcase name="testEmpty_read_singleByte [NEW_DISK [8, -1]]" classname="com.google.common.jimfs.RegularFileTest$RegularFileTestRunner" time="0.0"/>
  <testcase name="testEmpty_read_byteArray [NEW_DISK [8, -1]]" classname="com.google.common.jimfs.RegularFileTest$RegularFileTestRunner" time="0.0"/>
  <testcase name="testEmpty_read_singleBuffer [NEW_DISK [8, -1]]" classname="com.google.common.jimfs.RegularFileTest$RegularFileTestRunner" time="0.0"/>
  <testcase name="testEmpty_read_multipleBuffers [NEW_DISK [8, -1]]" classname="com.google.common.jimfs.RegularFileTest$RegularFileTestRunner" time="0.0"/>
  <testcase name="testEmpty_write_partialByteArray_atNonZeroPosition [NEW_DISK [8, -1]]" classname="com.google.common.jimfs.RegularFileTest$RegularFileTestRunner" time="0.0"/>
  <testcase name="testEmpty_write_singleBuffer_atStart [NEW_DISK [8, -1]]" classname="com.google.common.jimfs.RegularFileTest$RegularFileTestRunner" time="0.0"/>
  <testcase name="testEmpty_write_partialByteArray_atStart [NEW_DISK [8, -1]]" classname="com.google.common.jimfs.RegularFileTest$RegularFileTestRunner" time="0.0"/>
  <testcase name="testEmpty_transferFrom_positionGreaterThanSize_countGreaterThanSrcSize [NEW_DISK [8, -1]]" classname="com.google.common.jimfs.RegularFileTest$RegularFileTestRunner" time="0.0"/>
  <testcase name="testEmpty [NEW_DISK [8, -1]]" classname="com.google.common.jimfs.RegularFileTest$RegularFileTestRunner" time="0.0"/>
  <testcase name="testNonEmpty_read_partial_fromStart_multipleBuffers [NEW_DISK [8, -1]]" classname="com.google.common.jimfs.RegularFileTest$RegularFileTestRunner" time="0.0"/>
  <testcase name="testNonEmpty_read_partial_fromMiddle_multipleBuffers [NEW_DISK [8, -1]]" classname="com.google.common.jimfs.RegularFileTest$RegularFileTestRunner" time="0.0"/>
  <testcase name="testNonEmpty_read_partial_fromEnd_multipleBuffers [NEW_DISK [8, -1]]" classname="com.google.common.jimfs.RegularFileTest$RegularFileTestRunner" time="0.0"/>
  <testcase name="testNonEmpty_read_fromPastEnd_byteArray [NEW_DISK [8, -1]]" classname="com.google.common.jimfs.RegularFileTest$RegularFileTestRunner" time="0.0"/>
  <testcase name="testNonEmpty_read_fromPastEnd_singleBuffer [NEW_DISK [8, -1]]" classname="com.google.common.jimfs.RegularFileTest$RegularFileTestRunner" time="0.001"/>
  <testcase name="testNonEmpty_read_fromPastEnd_multipleBuffers [NEW_DISK [8, -1]]" classname="com.google.common.jimfs.RegularFileTest$RegularFileTestRunner" time="0.0"/>
  <testcase name="testNonEmpty_write_partial_fromStart_singleByte [NEW_DISK [8, -1]]" classname="com.google.common.jimfs.RegularFileTest$RegularFileTestRunner" time="0.0"/>
  <testcase name="testNonEmpty_write_partial_fromMiddle_singleByte [NEW_DISK [8, -1]]" classname="com.google.common.jimfs.RegularFileTest$RegularFileTestRunner" time="0.0"/>
  <testcase name="testNonEmpty_write_partial_fromEnd_singleByte [NEW_DISK [8, -1]]" classname="com.google.common.jimfs.RegularFileTest$RegularFileTestRunner" time="0.0"/>
  <testcase name="testNonEmpty_write_partial_fromStart_byteArray [NEW_DISK [8, -1]]" classname="com.google.common.jimfs.RegularFileTest$RegularFileTestRunner" time="0.0"/>
  <testcase name="testNonEmpty_write_partial_fromMiddle_byteArray [NEW_DISK [8, -1]]" classname="com.google.common.jimfs.RegularFileTest$RegularFileTestRunner" time="0.0"/>
  <testcase name="testNonEmpty_write_partial_fromBeforeEnd_byteArray [NEW_DISK [8, -1]]" classname="com.google.common.jimfs.RegularFileTest$RegularFileTestRunner" time="0.0"/>
  <testcase name="testNonEmpty_write_partial_fromEnd_byteArray [NEW_DISK [8, -1]]" classname="com.google.common.jimfs.RegularFileTest$RegularFileTestRunner" time="0.0"/>
  <testcase name="testNonEmpty_write_partial_fromPastEnd_byteArray [NEW_DISK [8, -1]]" classname="com.google.common.jimfs.RegularFileTest$RegularFileTestRunner" time="0.0"/>
  <testcase name="testNonEmpty_write_partial_fromStart_singleBuffer [NEW_DISK [8, -1]]" classname="com.google.common.jimfs.RegularFileTest$RegularFileTestRunner" time="0.0"/>
  <testcase name="testNonEmpty_write_partial_fromMiddle_singleBuffer [NEW_DISK [8, -1]]" classname="com.google.common.jimfs.RegularFileTest$RegularFileTestRunner" time="0.0"/>
  <testcase name="testNonEmpty_write_partial_fromEnd_singleBuffer [NEW_DISK [8, -1]]" classname="com.google.common.jimfs.RegularFileTest$RegularFileTestRunner" time="0.0"/>
  <testcase name="testNonEmpty_write_partial_fromPastEnd_singleBuffer [NEW_DISK [8, -1]]" classname="com.google.common.jimfs.RegularFileTest$RegularFileTestRunner" time="0.0"/>
  <testcase name="testNonEmpty_write_partial_fromStart_multipleBuffers [NEW_DISK [8, -1]]" classname="com.google.common.jimfs.RegularFileTest$RegularFileTestRunner" time="0.0"/>
  <testcase name="testNonEmpty_write_partial_fromMiddle_multipleBuffers [NEW_DISK [8, -1]]" classname="com.google.common.jimfs.RegularFileTest$RegularFileTestRunner" time="0.0"/>
  <testcase name="testNonEmpty_write_partial_fromBeforeEnd_multipleBuffers [NEW_DISK [8, -1]]" classname="com.google.common.jimfs.RegularFileTest$RegularFileTestRunner" time="0.0"/>
  <testcase name="testNonEmpty_write_partial_fromEnd_multipleBuffers [NEW_DISK [8, -1]]" classname="com.google.common.jimfs.RegularFileTest$RegularFileTestRunner" time="0.0"/>
  <testcase name="testNonEmpty_write_partial_fromPastEnd_multipleBuffers [NEW_DISK [8, -1]]" classname="com.google.common.jimfs.RegularFileTest$RegularFileTestRunner" time="0.0"/>
  <testcase name="testNonEmpty_write_overwrite_sameLength [NEW_DISK [8, -1]]" classname="com.google.common.jimfs.RegularFileTest$RegularFileTestRunner" time="0.0"/>
  <testcase name="testNonEmpty_write_overwrite_greaterLength [NEW_DISK [8, -1]]" classname="com.google.common.jimfs.RegularFileTest$RegularFileTestRunner" time="0.0"/>
  <testcase name="testNonEmpty_transferTo_fromStart_countEqualsSize [NEW_DISK [8, -1]]" classname="com.google.common.jimfs.RegularFileTest$RegularFileTestRunner" time="0.001"/>
  <testcase name="testNonEmpty_transferTo_fromStart_countLessThanSize [NEW_DISK [8, -1]]" classname="com.google.common.jimfs.RegularFileTest$RegularFileTestRunner" time="0.0"/>
  <testcase name="testNonEmpty_transferTo_fromMiddle_countEqualsSize [NEW_DISK [8, -1]]" classname="com.google.common.jimfs.RegularFileTest$RegularFileTestRunner" time="0.0"/>
  <testcase name="testNonEmpty_transferTo_fromMiddle_countLessThanSize [NEW_DISK [8, -1]]" classname="com.google.common.jimfs.RegularFileTest$RegularFileTestRunner" time="0.0"/>
  <testcase name="testNonEmpty_transferFrom_toStart_countEqualsSrcSize [NEW_DISK [8, -1]]" classname="com.google.common.jimfs.RegularFileTest$RegularFileTestRunner" time="0.0"/>
  <testcase name="testNonEmpty_transferFrom_toStart_countLessThanSrcSize [NEW_DISK [8, -1]]" classname="com.google.common.jimfs.RegularFileTest$RegularFileTestRunner" time="0.0"/>
  <testcase name="testNonEmpty_transferFrom_toStart_countGreaterThanSrcSize [NEW_DISK [8, -1]]" classname="com.google.common.jimfs.RegularFileTest$RegularFileTestRunner" time="0.0"/>
  <testcase name="testNonEmpty_transferFrom_toMiddle_countEqualsSrcSize [NEW_DISK [8, -1]]" classname="com.google.common.jimfs.RegularFileTest$RegularFileTestRunner" time="0.0"/>
  <testcase name="testNonEmpty_transferFrom_toMiddle_countLessThanSrcSize [NEW_DISK [8, -1]]" classname="com.google.common.jimfs.RegularFileTest$RegularFileTestRunner" time="0.0"/>
  <testcase name="testNonEmpty_transferFrom_toMiddle_countGreaterThanSrcSize [NEW_DISK [8, -1]]" classname="com.google.common.jimfs.RegularFileTest$RegularFileTestRunner" time="0.0"/>
  <testcase name="testNonEmpty_transferFrom_toMiddle_transferGoesBeyondContentSize [NEW_DISK [8, -1]]" classname="com.google.common.jimfs.RegularFileTest$RegularFileTestRunner" time="0.0"/>
  <testcase name="testNonEmpty_transferFrom_toEnd [NEW_DISK [8, -1]]" classname="com.google.common.jimfs.RegularFileTest$RegularFileTestRunner" time="0.0"/>
  <testcase name="testNonEmpty_transferFrom_positionGreaterThanSize [NEW_DISK [8, -1]]" classname="com.google.common.jimfs.RegularFileTest$RegularFileTestRunner" time="0.0"/>
  <testcase name="testNonEmpty_transferFrom_hugeOverestimateCount [NEW_DISK [8, -1]]" classname="com.google.common.jimfs.RegularFileTest$RegularFileTestRunner" time="0.0"/>
  <testcase name="testNonEmpty_copy [NEW_DISK [8, -1]]" classname="com.google.common.jimfs.RegularFileTest$RegularFileTestRunner" time="0.0"/>
  <testcase name="testNonEmpty_copy_multipleTimes [NEW_DISK [8, -1]]" classname="com.google.common.jimfs.RegularFileTest$RegularFileTestRunner" time="0.0"/>
  <testcase name="testNonEmpty_truncate_toZero [NEW_DISK [8, -1]]" classname="com.google.common.jimfs.RegularFileTest$RegularFileTestRunner" time="0.0"/>
  <testcase name="testNonEmpty_truncate_partial [NEW_DISK [8, -1]]" classname="com.google.common.jimfs.RegularFileTest$RegularFileTestRunner" time="0.001"/>
  <testcase name="testNonEmpty_truncate_sizeUp [NEW_DISK [8, -1]]" classname="com.google.common.jimfs.RegularFileTest$RegularFileTestRunner" time="0.0"/>
  <testcase name="testDeletedStoreRemainsUsableWhileOpen [NEW_DISK [8, -1]]" classname="com.google.common.jimfs.RegularFileTest$RegularFileTestRunner" time="0.0"/>
  <testcase name="testEmpty_write_singleByte_atNonZeroPosition [NEW_DISK [128, 0]]" classname="com.google.common.jimfs.RegularFileTest$RegularFileTestRunner" time="0.0"/>
  <testcase name="testNonEmpty_write_partial_fromBeforeEnd_singleBuffer [NEW_DISK [128, 0]]" classname="com.google.common.jimfs.RegularFileTest$RegularFileTestRunner" time="0.0"/>
  <testcase name="testEmpty_transferFrom_positionGreaterThanSize_countLessThanSrcSize [NEW_DISK [128, 0]]" classname="com.google.common.jimfs.RegularFileTest$RegularFileTestRunner" time="0.0"/>
  <testcase name="testEmpty_write_singleByte_atStart [NEW_DISK [128, 0]]" classname="com.google.common.jimfs.RegularFileTest$RegularFileTestRunner" time="0.0"/>
  <testcase name="testEmpty_write_byteArray_atStart [NEW_DISK [128, 0]]" classname="com.google.common.jimfs.RegularFileTest$RegularFileTestRunner" time="0.0"/>
  <testcase name="testEmpty_write_singleBuffer_atNonZeroPosition [NEW_DISK [128, 0]]" classname="com.google.common.jimfs.RegularFileTest$RegularFileTestRunner" time="0.0"/>
  <testcase name="testEmpty_write_multipleBuffers_atNonZeroPosition [NEW_DISK [128, 0]]" classname="com.google.common.jimfs.RegularFileTest$RegularFileTestRunner" time="0.0"/>
  <testcase name="testEmpty_write_noBytesArray_atStart [NEW_DISK [128, 0]]" classname="com.google.common.jimfs.RegularFileTest$RegularFileTestRunner" time="0.0"/>
  <testcase name="testEmpty_write_noBytesArray_atNonZeroPosition [NEW_DISK [128, 0]]" classname="com.google.common.jimfs.RegularFileTest$RegularFileTestRunner" time="0.0"/>
  <testcase name="testEmpty_write_noBytesBuffer_atStart [NEW_DISK [128, 0]]" classname="com.google.common.jimfs.RegularFileTest$RegularFileTestRunner" time="0.0"/>
  <testcase name="testEmpty_write_noBytesBuffer_atNonZeroPosition [NEW_DISK [128, 0]]" classname="com.google.common.jimfs.RegularFileTest$RegularFileTestRunner" time="0.0"/>
  <testcase name="testEmpty_write_noBytesBuffers_atStart [NEW_DISK [128, 0]]" classname="com.google.common.jimfs.RegularFileTest$RegularFileTestRunner" time="0.0"/>
  <testcase name="testEmpty_write_noBytesBuffers_atNonZeroPosition [NEW_DISK [128, 0]]" classname="com.google.common.jimfs.RegularFileTest$RegularFileTestRunner" time="0.0"/>
  <testcase name="testEmpty_transferFrom_fromStart_countEqualsSrcSize [NEW_DISK [128, 0]]" classname="com.google.common.jimfs.RegularFileTest$RegularFileTestRunner" time="0.0"/>
  <testcase name="testEmpty_transferFrom_fromStart_countLessThanSrcSize [NEW_DISK [128, 0]]" classname="com.google.common.jimfs.RegularFileTest$RegularFileTestRunner" time="0.0"/>
  <testcase name="testEmpty_transferFrom_fromStart_countGreaterThanSrcSize [NEW_DISK [128, 0]]" classname="com.google.common.jimfs.RegularFileTest$RegularFileTestRunner" time="0.0"/>
  <testcase name="testEmpty_transferFrom_positionGreaterThanSize [NEW_DISK [128, 0]]" classname="com.google.common.jimfs.RegularFileTest$RegularFileTestRunner" time="0.0"/>
  <testcase name="testEmpty_transferFrom_positionGreaterThanSize_countEqualsSrcSize [NEW_DISK [128, 0]]" classname="com.google.common.jimfs.RegularFileTest$RegularFileTestRunner" time="0.0"/>
  <testcase name="testEmpty_transferFrom_fromStart_noBytes_countEqualsSrcSize [NEW_DISK [128, 0]]" classname="com.google.common.jimfs.RegularFileTest$RegularFileTestRunner" time="0.0"/>
  <testcase name="testEmpty_transferFrom_fromStart_noBytes_countGreaterThanSrcSize [NEW_DISK [128, 0]]" classname="com.google.common.jimfs.RegularFileTest$RegularFileTestRunner" time="0.0"/>
  <testcase name="testEmpty_transferFrom_postionGreaterThanSrcSize_noBytes_countEqualsSrcSize [NEW_DISK [128, 0]]" classname="com.google.common.jimfs.RegularFileTest$RegularFileTestRunner" time="0.0"/>
  <testcase name="testEmpty_transferFrom_postionGreaterThanSrcSize_noBytes_countGreaterThanSrcSize [NEW_DISK [128, 0]]" classname="com.google.common.jimfs.RegularFileTest$RegularFileTestRunner" time="0.0"/>
  <testcase name="testEmpty_transferTo [NEW_DISK [128, 0]]" classname="com.google.common.jimfs.RegularFileTest$RegularFileTestRunner" time="0.0"/>
  <testcase name="testEmpty_copy [NEW_DISK [128, 0]]" classname="com.google.common.jimfs.RegularFileTest$RegularFileTestRunner" time="0.0"/>
  <testcase name="testEmpty_truncate_toZero [NEW_DISK [128, 0]]" classname="com.google.common.jimfs.RegularFileTest$RegularFileTestRunner" time="0.0"/>
  <testcase name="testEmpty_truncate_sizeUp [NEW_DISK [128, 0]]" classname="com.google.common.jimfs.RegularFileTest$RegularFileTestRunner" time="0.0"/>
  <testcase name="testNonEmpty [NEW_DISK [128, 0]]" classname="com.google.common.jimfs.RegularFileTest$RegularFileTestRunner" time="0.0"/>
  <testcase name="testNonEmpty_read_singleByte [NEW_DISK [128, 0]]" classname="com.google.common.jimfs.RegularFileTest$RegularFileTestRunner" time="0.0"/>
  <testcase name="testNonEmpty_read_all_byteArray [NEW_DISK [128, 0]]" classname="com.google.common.jimfs.RegularFileTest$RegularFileTestRunner" time="0.0"/>
  <testcase name="testNonEmpty_read_all_singleBuffer [NEW_DISK [128, 0]]" classname="com.google.common.jimfs.RegularFileTest$RegularFileTestRunner" time="0.0"/>
  <testcase name="testNonEmpty_read_all_multipleBuffers [NEW_DISK [128, 0]]" classname="com.google.common.jimfs.RegularFileTest$RegularFileTestRunner" time="0.0"/>
  <testcase name="testNonEmpty_read_all_byteArray_largerThanContent [NEW_DISK [128, 0]]" classname="com.google.common.jimfs.RegularFileTest$RegularFileTestRunner" time="0.0"/>
  <testcase name="testNonEmpty_read_all_singleBuffer_largerThanContent [NEW_DISK [128, 0]]" classname="com.google.common.jimfs.RegularFileTest$RegularFileTestRunner" time="0.001"/>
  <testcase name="testNonEmpty_read_all_multipleBuffers_largerThanContent [NEW_DISK [128, 0]]" classname="com.google.common.jimfs.RegularFileTest$RegularFileTestRunner" time="0.0"/>
  <testcase name="testNonEmpty_read_all_multipleBuffers_extraBuffers [NEW_DISK [128, 0]]" classname="com.google.common.jimfs.RegularFileTest$RegularFileTestRunner" time="0.0"/>
  <testcase name="testNonEmpty_read_partial_fromStart_byteArray [NEW_DISK [128, 0]]" classname="com.google.common.jimfs.RegularFileTest$RegularFileTestRunner" time="0.0"/>
  <testcase name="testNonEmpty_read_partial_fromMiddle_byteArray [NEW_DISK [128, 0]]" classname="com.google.common.jimfs.RegularFileTest$RegularFileTestRunner" time="0.0"/>
  <testcase name="testNonEmpty_read_partial_fromEnd_byteArray [NEW_DISK [128, 0]]" classname="com.google.common.jimfs.RegularFileTest$RegularFileTestRunner" time="0.0"/>
  <testcase name="testNonEmpty_read_partial_fromStart_singleBuffer [NEW_DISK [128, 0]]" classname="com.google.common.jimfs.RegularFileTest$RegularFileTestRunner" time="0.0"/>
  <testcase name="testNonEmpty_read_partial_fromMiddle_singleBuffer [NEW_DISK [128, 0]]" classname="com.google.common.jimfs.RegularFileTest$RegularFileTestRunner" time="0.0"/>
  <testcase name="testNonEmpty_read_partial_fromEnd_singleBuffer [NEW_DISK [128, 0]]" classname="com.google.common.jimfs.RegularFileTest$RegularFileTestRunner" time="0.0"/>
  <testcase name="testEmpty_write_multipleBuffers_atStart [NEW_DISK [128, 0]]" classname="com.google.common.jimfs.RegularFileTest$RegularFileTestRunner" time="0.0"/>
  <testcase name="testEmpty_write_byteArray_atNonZeroPosition [NEW_DISK [128, 0]]" classname="com.google.common.jimfs.RegularFileTest$RegularFileTestRunner" time="0.0"/>
  <testcase name="testEmpty_read_singleByte [NEW_DISK [128, 0]]" classname="com.google.common.jimfs.RegularFileTest$RegularFileTestRunner" time="0.0"/>
  <testcase name="testEmpty_read_byteArray [NEW_DISK [128, 0]]" classname="com.google.common.jimfs.RegularFileTest$RegularFileTestRunner" time="0.0"/>
  <testcase name="testEmpty_read_singleBuffer [NEW_DISK [128, 0]]" classname="com.google.common.jimfs.RegularFileTest$RegularFileTestRunner" time="0.0"/>
  <testcase name="testEmpty_read_multipleBuffers [NEW_DISK [128, 0]]" classname="com.google.common.jimfs.RegularFileTest$RegularFileTestRunner" time="0.0"/>
  <testcase name="testEmpty_write_partialByteArray_atNonZeroPosition [NEW_DISK [128, 0]]" classname="com.google.common.jimfs.RegularFileTest$RegularFileTestRunner" time="0.0"/>
  <testcase name="testEmpty_write_singleBuffer_atStart [NEW_DISK [128, 0]]" classname="com.google.common.jimfs.RegularFileTest$RegularFileTestRunner" time="0.0"/>
  <testcase name="testEmpty_write_partialByteArray_atStart [NEW_DISK [128, 0]]" classname="com.google.common.jimfs.RegularFileTest$RegularFileTestRunner" time="0.0"/>
  <testcase name="testEmpty_transferFrom_positionGreaterThanSize_countGreaterThanSrcSize [NEW_DISK [128, 0]]" classname="com.google.common.jimfs.RegularFileTest$RegularFileTestRunner" time="0.0"/>
  <testcase name="testEmpty [NEW_DISK [128, 0]]" classname="com.google.common.jimfs.RegularFileTest$RegularFileTestRunner" time="0.0"/>
  <testcase name="testNonEmpty_read_partial_fromStart_multipleBuffers [NEW_DISK [128, 0]]" classname="com.google.common.jimfs.RegularFileTest$RegularFileTestRunner" time="0.0"/>
  <testcase name="testNonEmpty_read_partial_fromMiddle_multipleBuffers [NEW_DISK [128, 0]]" classname="com.google.common.jimfs.RegularFileTest$RegularFileTestRunner" time="0.0"/>
  <testcase name="testNonEmpty_read_partial_fromEnd_multipleBuffers [NEW_DISK [128, 0]]" classname="com.google.common.jimfs.RegularFileTest$RegularFileTestRunner" time="0.0"/>
  <testcase name="testNonEmpty_read_fromPastEnd_byteArray [NEW_DISK [128, 0]]" classname="com.google.common.jimfs.RegularFileTest$RegularFileTestRunner" time="0.0"/>
  <testcase name="testNonEmpty_read_fromPastEnd_singleBuffer [NEW_DISK [128, 0]]" classname="com.google.common.jimfs.RegularFileTest$RegularFileTestRunner" time="0.0"/>
  <testcase name="testNonEmpty_read_fromPastEnd_multipleBuffers [NEW_DISK [128, 0]]" classname="com.google.common.jimfs.RegularFileTest$RegularFileTestRunner" time="0.0"/>
  <testcase name="testNonEmpty_write_partial_fromStart_singleByte [NEW_DISK [128, 0]]" classname="com.google.common.jimfs.RegularFileTest$RegularFileTestRunner" time="0.0"/>
  <testcase name="testNonEmpty_write_partial_fromMiddle_singleByte [NEW_DISK [128, 0]]" classname="com.google.common.jimfs.RegularFileTest$RegularFileTestRunner" time="0.0"/>
  <testcase name="testNonEmpty_write_partial_fromEnd_singleByte [NEW_DISK [128, 0]]" classname="com.google.common.jimfs.RegularFileTest$RegularFileTestRunner" time="0.0"/>
  <testcase name="testNonEmpty_write_partial_fromStart_byteArray [NEW_DISK [128, 0]]" classname="com.google.common.jimfs.RegularFileTest$RegularFileTestRunner" time="0.0"/>
  <testcase name="testNonEmpty_write_partial_fromMiddle_byteArray [NEW_DISK [128, 0]]" classname="com.google.common.jimfs.RegularFileTest$RegularFileTestRunner" time="0.0"/>
  <testcase name="testNonEmpty_write_partial_fromBeforeEnd_byteArray [NEW_DISK [128, 0]]" classname="com.google.common.jimfs.RegularFileTest$RegularFileTestRunner" time="0.0"/>
  <testcase name="testNonEmpty_write_partial_fromEnd_byteArray [NEW_DISK [128, 0]]" classname="com.google.common.jimfs.RegularFileTest$RegularFileTestRunner" time="0.0"/>
  <testcase name="testNonEmpty_write_partial_fromPastEnd_byteArray [NEW_DISK [128, 0]]" classname="com.google.common.jimfs.RegularFileTest$RegularFileTestRunner" time="0.0"/>
  <testcase name="testNonEmpty_write_partial_fromStart_singleBuffer [NEW_DISK [128, 0]]" classname="com.google.common.jimfs.RegularFileTest$RegularFileTestRunner" time="0.0"/>
  <testcase name="testNonEmpty_write_partial_fromMiddle_singleBuffer [NEW_DISK [128, 0]]" classname="com.google.common.jimfs.RegularFileTest$RegularFileTestRunner" time="0.0"/>
  <testcase name="testNonEmpty_write_partial_fromEnd_singleBuffer [NEW_DISK [128, 0]]" classname="com.google.common.jimfs.RegularFileTest$RegularFileTestRunner" time="0.0"/>
  <testcase name="testNonEmpty_write_partial_fromPastEnd_singleBuffer [NEW_DISK [128, 0]]" classname="com.google.common.jimfs.RegularFileTest$RegularFileTestRunner" time="0.0"/>
  <testcase name="testNonEmpty_write_partial_fromStart_multipleBuffers [NEW_DISK [128, 0]]" classname="com.google.common.jimfs.RegularFileTest$RegularFileTestRunner" time="0.0"/>
  <testcase name="testNonEmpty_write_partial_fromMiddle_multipleBuffers [NEW_DISK [128, 0]]" classname="com.google.common.jimfs.RegularFileTest$RegularFileTestRunner" time="0.0"/>
  <testcase name="testNonEmpty_write_partial_fromBeforeEnd_multipleBuffers [NEW_DISK [128, 0]]" classname="com.google.common.jimfs.RegularFileTest$RegularFileTestRunner" time="0.0"/>
  <testcase name="testNonEmpty_write_partial_fromEnd_multipleBuffers [NEW_DISK [128, 0]]" classname="com.google.common.jimfs.RegularFileTest$RegularFileTestRunner" time="0.0"/>
  <testcase name="testNonEmpty_write_partial_fromPastEnd_multipleBuffers [NEW_DISK [128, 0]]" classname="com.google.common.jimfs.RegularFileTest$RegularFileTestRunner" time="0.0"/>
  <testcase name="testNonEmpty_write_overwrite_sameLength [NEW_DISK [128, 0]]" classname="com.google.common.jimfs.RegularFileTest$RegularFileTestRunner" time="0.0"/>
  <testcase name="testNonEmpty_write_overwrite_greaterLength [NEW_DISK [128, 0]]" classname="com.google.common.jimfs.RegularFileTest$RegularFileTestRunner" time="0.0"/>
  <testcase name="testNonEmpty_transferTo_fromStart_countEqualsSize [NEW_DISK [128, 0]]" classname="com.google.common.jimfs.RegularFileTest$RegularFileTestRunner" time="0.0"/>
  <testcase name="testNonEmpty_transferTo_fromStart_countLessThanSize [NEW_DISK [128, 0]]" classname="com.google.common.jimfs.RegularFileTest$RegularFileTestRunner" time="0.0"/>
  <testcase name="testNonEmpty_transferTo_fromMiddle_countEqualsSize [NEW_DISK [128, 0]]" classname="com.google.common.jimfs.RegularFileTest$RegularFileTestRunner" time="0.0"/>
  <testcase name="testNonEmpty_transferTo_fromMiddle_countLessThanSize [NEW_DISK [128, 0]]" classname="com.google.common.jimfs.RegularFileTest$RegularFileTestRunner" time="0.0"/>
  <testcase name="testNonEmpty_transferFrom_toStart_countEqualsSrcSize [NEW_DISK [128, 0]]" classname="com.google.common.jimfs.RegularFileTest$RegularFileTestRunner" time="0.0"/>
  <testcase name="testNonEmpty_transferFrom_toStart_countLessThanSrcSize [NEW_DISK [128, 0]]" classname="com.google.common.jimfs.RegularFileTest$RegularFileTestRunner" time="0.0"/>
  <testcase name="testNonEmpty_transferFrom_toStart_countGreaterThanSrcSize [NEW_DISK [128, 0]]" classname="com.google.common.jimfs.RegularFileTest$RegularFileTestRunner" time="0.0"/>
  <testcase name="testNonEmpty_transferFrom_toMiddle_countEqualsSrcSize [NEW_DISK [128, 0]]" classname="com.google.common.jimfs.RegularFileTest$RegularFileTestRunner" time="0.0"/>
  <testcase name="testNonEmpty_transferFrom_toMiddle_countLessThanSrcSize [NEW_DISK [128, 0]]" classname="com.google.common.jimfs.RegularFileTest$RegularFileTestRunner" time="0.0"/>
  <testcase name="testNonEmpty_transferFrom_toMiddle_countGreaterThanSrcSize [NEW_DISK [128, 0]]" classname="com.google.common.jimfs.RegularFileTest$RegularFileTestRunner" time="0.0"/>
  <testcase name="testNonEmpty_transferFrom_toMiddle_transferGoesBeyondContentSize [NEW_DISK [128, 0]]" classname="com.google.common.jimfs.RegularFileTest$RegularFileTestRunner" time="0.0"/>
  <testcase name="testNonEmpty_transferFrom_toEnd [NEW_DISK [128, 0]]" classname="com.google.common.jimfs.RegularFileTest$RegularFileTestRunner" time="0.0"/>
  <testcase name="testNonEmpty_transferFrom_positionGreaterThanSize [NEW_DISK [128, 0]]" classname="com.google.common.jimfs.RegularFileTest$RegularFileTestRunner" time="0.0"/>
  <testcase name="testNonEmpty_transferFrom_hugeOverestimateCount [NEW_DISK [128, 0]]" classname="com.google.common.jimfs.RegularFileTest$RegularFileTestRunner" time="0.0"/>
  <testcase name="testNonEmpty_copy [NEW_DISK [128, 0]]" classname="com.google.common.jimfs.RegularFileTest$RegularFileTestRunner" time="0.0"/>
  <testcase name="testNonEmpty_copy_multipleTimes [NEW_DISK [128, 0]]" classname="com.google.common.jimfs.RegularFileTest$RegularFileTestRunner" time="0.0"/>
  <testcase name="testNonEmpty_truncate_toZero [NEW_DISK [128, 0]]" classname="com.google.common.jimfs.RegularFileTest$RegularFileTestRunner" time="0.0"/>
  <testcase name="testNonEmpty_truncate_partial [NEW_DISK [128, 0]]" classname="com.google.common.jimfs.RegularFileTest$RegularFileTestRunner" time="0.0"/>
  <testcase name="testNonEmpty_truncate_sizeUp [NEW_DISK [128, 0]]" classname="com.google.common.jimfs.RegularFileTest$RegularFileTestRunner" time="0.0"/>
  <testcase name="testDeletedStoreRemainsUsableWhileOpen [NEW_DISK [128, 0]]" classname="com.google.common.jimfs.RegularFileTest$RegularFileTestRunner" time="0.0"/>
  <testcase name="testEmpty_write_singleByte_atNonZeroPosition [NEW_DISK [128, 128]]" classname="com.google.common.jimfs.RegularFileTest$RegularFileTestRunner" time="0.0"/>
  <testcase name="testNonEmpty_write_partial_fromBeforeEnd_singleBuffer [NEW_DISK [128, 128]]" classname="com.google.common.jimfs.RegularFileTest$RegularFileTestRunner" time="0.0"/>
  <testcase name="testEmpty_transferFrom_positionGreaterThanSize_countLessThanSrcSize [NEW_DISK [128, 128]]" classname="com.google.common.jimfs.RegularFileTest$RegularFileTestRunner" time="0.0"/>
  <testcase name="testEmpty_write_singleByte_atStart [NEW_DISK [128, 128]]" classname="com.google.common.jimfs.RegularFileTest$RegularFileTestRunner" time="0.0"/>
  <testcase name="testEmpty_write_byteArray_atStart [NEW_DISK [128, 128]]" classname="com.google.common.jimfs.RegularFileTest$RegularFileTestRunner" time="0.0"/>
  <testcase name="testEmpty_write_singleBuffer_atNonZeroPosition [NEW_DISK [128, 128]]" classname="com.google.common.jimfs.RegularFileTest$RegularFileTestRunner" time="0.0"/>
  <testcase name="testEmpty_write_multipleBuffers_atNonZeroPosition [NEW_DISK [128, 128]]" classname="com.google.common.jimfs.RegularFileTest$RegularFileTestRunner" time="0.0"/>
  <testcase name="testEmpty_write_noBytesArray_atStart [NEW_DISK [128, 128]]" classname="com.google.common.jimfs.RegularFileTest$RegularFileTestRunner" time="0.001"/>
  <testcase name="testEmpty_write_noBytesArray_atNonZeroPosition [NEW_DISK [128, 128]]" classname="com.google.common.jimfs.RegularFileTest$RegularFileTestRunner" time="0.0"/>
  <testcase name="testEmpty_write_noBytesBuffer_atStart [NEW_DISK [128, 128]]" classname="com.google.common.jimfs.RegularFileTest$RegularFileTestRunner" time="0.0"/>
  <testcase name="testEmpty_write_noBytesBuffer_atNonZeroPosition [NEW_DISK [128, 128]]" classname="com.google.common.jimfs.RegularFileTest$RegularFileTestRunner" time="0.0"/>
  <testcase name="testEmpty_write_noBytesBuffers_atStart [NEW_DISK [128, 128]]" classname="com.google.common.jimfs.RegularFileTest$RegularFileTestRunner" time="0.0"/>
  <testcase name="testEmpty_write_noBytesBuffers_atNonZeroPosition [NEW_DISK [128, 128]]" classname="com.google.common.jimfs.RegularFileTest$RegularFileTestRunner" time="0.0"/>
  <testcase name="testEmpty_transferFrom_fromStart_countEqualsSrcSize [NEW_DISK [128, 128]]" classname="com.google.common.jimfs.RegularFileTest$RegularFileTestRunner" time="0.0"/>
  <testcase name="testEmpty_transferFrom_fromStart_countLessThanSrcSize [NEW_DISK [128, 128]]" classname="com.google.common.jimfs.RegularFileTest$RegularFileTestRunner" time="0.0"/>
  <testcase name="testEmpty_transferFrom_fromStart_countGreaterThanSrcSize [NEW_DISK [128, 128]]" classname="com.google.common.jimfs.RegularFileTest$RegularFileTestRunner" time="0.0"/>
  <testcase name="testEmpty_transferFrom_positionGreaterThanSize [NEW_DISK [128, 128]]" classname="com.google.common.jimfs.RegularFileTest$RegularFileTestRunner" time="0.0"/>
  <testcase name="testEmpty_transferFrom_positionGreaterThanSize_countEqualsSrcSize [NEW_DISK [128, 128]]" classname="com.google.common.jimfs.RegularFileTest$RegularFileTestRunner" time="0.0"/>
  <testcase name="testEmpty_transferFrom_fromStart_noBytes_countEqualsSrcSize [NEW_DISK [128, 128]]" classname="com.google.common.jimfs.RegularFileTest$RegularFileTestRunner" time="0.0"/>
  <testcase name="testEmpty_transferFrom_fromStart_noBytes_countGreaterThanSrcSize [NEW_DISK [128, 128]]" classname="com.google.common.jimfs.RegularFileTest$RegularFileTestRunner" time="0.0"/>
  <testcase name="testEmpty_transferFrom_postionGreaterThanSrcSize_noBytes_countEqualsSrcSize [NEW_DISK [128, 128]]" classname="com.google.common.jimfs.RegularFileTest$RegularFileTestRunner" time="0.0"/>
  <testcase name="testEmpty_transferFrom_postionGreaterThanSrcSize_noBytes_countGreaterThanSrcSize [NEW_DISK [128, 128]]" classname="com.google.common.jimfs.RegularFileTest$RegularFileTestRunner" time="0.0"/>
  <testcase name="testEmpty_transferTo [NEW_DISK [128, 128]]" classname="com.google.common.jimfs.RegularFileTest$RegularFileTestRunner" time="0.0"/>
  <testcase name="testEmpty_copy [NEW_DISK [128, 128]]" classname="com.google.common.jimfs.RegularFileTest$RegularFileTestRunner" time="0.0"/>
  <testcase name="testEmpty_truncate_toZero [NEW_DISK [128, 128]]" classname="com.google.common.jimfs.RegularFileTest$RegularFileTestRunner" time="0.0"/>
  <testcase name="testEmpty_truncate_sizeUp [NEW_DISK [128, 128]]" classname="com.google.common.jimfs.RegularFileTest$RegularFileTestRunner" time="0.0"/>
  <testcase name="testNonEmpty [NEW_DISK [128, 128]]" classname="com.google.common.jimfs.RegularFileTest$RegularFileTestRunner" time="0.0"/>
  <testcase name="testNonEmpty_read_singleByte [NEW_DISK [128, 128]]" classname="com.google.common.jimfs.RegularFileTest$RegularFileTestRunner" time="0.0"/>
  <testcase name="testNonEmpty_read_all_byteArray [NEW_DISK [128, 128]]" classname="com.google.common.jimfs.RegularFileTest$RegularFileTestRunner" time="0.0"/>
  <testcase name="testNonEmpty_read_all_singleBuffer [NEW_DISK [128, 128]]" classname="com.google.common.jimfs.RegularFileTest$RegularFileTestRunner" time="0.0"/>
  <testcase name="testNonEmpty_read_all_multipleBuffers [NEW_DISK [128, 128]]" classname="com.google.common.jimfs.RegularFileTest$RegularFileTestRunner" time="0.0"/>
  <testcase name="testNonEmpty_read_all_byteArray_largerThanContent [NEW_DISK [128, 128]]" classname="com.google.common.jimfs.RegularFileTest$RegularFileTestRunner" time="0.0"/>
  <testcase name="testNonEmpty_read_all_singleBuffer_largerThanContent [NEW_DISK [128, 128]]" classname="com.google.common.jimfs.RegularFileTest$RegularFileTestRunner" time="0.0"/>
  <testcase name="testNonEmpty_read_all_multipleBuffers_largerThanContent [NEW_DISK [128, 128]]" classname="com.google.common.jimfs.RegularFileTest$RegularFileTestRunner" time="0.0"/>
  <testcase name="testNonEmpty_read_all_multipleBuffers_extraBuffers [NEW_DISK [128, 128]]" classname="com.google.common.jimfs.RegularFileTest$RegularFileTestRunner" time="0.0"/>
  <testcase name="testNonEmpty_read_partial_fromStart_byteArray [NEW_DISK [128, 128]]" classname="com.google.common.jimfs.RegularFileTest$RegularFileTestRunner" time="0.0"/>
  <testcase name="testNonEmpty_read_partial_fromMiddle_byteArray [NEW_DISK [128, 128]]" classname="com.google.common.jimfs.RegularFileTest$RegularFileTestRunner" time="0.0"/>
  <testcase name="testNonEmpty_read_partial_fromEnd_byteArray [NEW_DISK [128, 128]]" classname="com.google.common.jimfs.RegularFileTest$RegularFileTestRunner" time="0.0"/>
  <testcase name="testNonEmpty_read_partial_fromStart_singleBuffer [NEW_DISK [128, 128]]" classname="com.google.common.jimfs.RegularFileTest$RegularFileTestRunner" time="0.0"/>
  <testcase name="testNonEmpty_read_partial_fromMiddle_singleBuffer [NEW_DISK [128, 128]]" classname="com.google.common.jimfs.RegularFileTest$RegularFileTestRunner" time="0.0"/>
  <testcase name="testNonEmpty_read_partial_fromEnd_singleBuffer [NEW_DISK [128, 128]]" classname="com.google.common.jimfs.RegularFileTest$RegularFileTestRunner" time="0.0"/>
  <testcase name="testEmpty_write_multipleBuffers_atStart [NEW_DISK [128, 128]]" classname="com.google.common.jimfs.RegularFileTest$RegularFileTestRunner" time="0.0"/>
  <testcase name="testEmpty_write_byteArray_atNonZeroPosition [NEW_DISK [128, 128]]" classname="com.google.common.jimfs.RegularFileTest$RegularFileTestRunner" time="0.0"/>
  <testcase name="testEmpty_read_singleByte [NEW_DISK [128, 128]]" classname="com.google.common.jimfs.RegularFileTest$RegularFileTestRunner" time="0.0"/>
  <testcase name="testEmpty_read_byteArray [NEW_DISK [128, 128]]" classname="com.google.common.jimfs.RegularFileTest$RegularFileTestRunner" time="0.0"/>
  <testcase name="testEmpty_read_singleBuffer [NEW_DISK [128, 128]]" classname="com.google.common.jimfs.RegularFileTest$RegularFileTestRunner" time="0.0"/>
  <testcase name="testEmpty_read_multipleBuffers [NEW_DISK [128, 128]]" classname="com.google.common.jimfs.RegularFileTest$RegularFileTestRunner" time="0.0"/>
  <testcase name="testEmpty_write_partialByteArray_atNonZeroPosition [NEW_DISK [128, 128]]" classname="com.google.common.jimfs.RegularFileTest$RegularFileTestRunner" time="0.0"/>
  <testcase name="testEmpty_write_singleBuffer_atStart [NEW_DISK [128, 128]]" classname="com.google.common.jimfs.RegularFileTest$RegularFileTestRunner" time="0.0"/>
  <testcase name="testEmpty_write_partialByteArray_atStart [NEW_DISK [128, 128]]" classname="com.google.common.jimfs.RegularFileTest$RegularFileTestRunner" time="0.0"/>
  <testcase name="testEmpty_transferFrom_positionGreaterThanSize_countGreaterThanSrcSize [NEW_DISK [128, 128]]" classname="com.google.common.jimfs.RegularFileTest$RegularFileTestRunner" time="0.0"/>
  <testcase name="testEmpty [NEW_DISK [128, 128]]" classname="com.google.common.jimfs.RegularFileTest$RegularFileTestRunner" time="0.0"/>
  <testcase name="testNonEmpty_read_partial_fromStart_multipleBuffers [NEW_DISK [128, 128]]" classname="com.google.common.jimfs.RegularFileTest$RegularFileTestRunner" time="0.0"/>
  <testcase name="testNonEmpty_read_partial_fromMiddle_multipleBuffers [NEW_DISK [128, 128]]" classname="com.google.common.jimfs.RegularFileTest$RegularFileTestRunner" time="0.0"/>
  <testcase name="testNonEmpty_read_partial_fromEnd_multipleBuffers [NEW_DISK [128, 128]]" classname="com.google.common.jimfs.RegularFileTest$RegularFileTestRunner" time="0.0"/>
  <testcase name="testNonEmpty_read_fromPastEnd_byteArray [NEW_DISK [128, 128]]" classname="com.google.common.jimfs.RegularFileTest$RegularFileTestRunner" time="0.0"/>
  <testcase name="testNonEmpty_read_fromPastEnd_singleBuffer [NEW_DISK [128, 128]]" classname="com.google.common.jimfs.RegularFileTest$RegularFileTestRunner" time="0.0"/>
  <testcase name="testNonEmpty_read_fromPastEnd_multipleBuffers [NEW_DISK [128, 128]]" classname="com.google.common.jimfs.RegularFileTest$RegularFileTestRunner" time="0.0"/>
  <testcase name="testNonEmpty_write_partial_fromStart_singleByte [NEW_DISK [128, 128]]" classname="com.google.common.jimfs.RegularFileTest$RegularFileTestRunner" time="0.0"/>
  <testcase name="testNonEmpty_write_partial_fromMiddle_singleByte [NEW_DISK [128, 128]]" classname="com.google.common.jimfs.RegularFileTest$RegularFileTestRunner" time="0.0"/>
  <testcase name="testNonEmpty_write_partial_fromEnd_singleByte [NEW_DISK [128, 128]]" classname="com.google.common.jimfs.RegularFileTest$RegularFileTestRunner" time="0.0"/>
  <testcase name="testNonEmpty_write_partial_fromStart_byteArray [NEW_DISK [128, 128]]" classname="com.google.common.jimfs.RegularFileTest$RegularFileTestRunner" time="0.0"/>
  <testcase name="testNonEmpty_write_partial_fromMiddle_byteArray [NEW_DISK [128, 128]]" classname="com.google.common.jimfs.RegularFileTest$RegularFileTestRunner" time="0.0"/>
  <testcase name="testNonEmpty_write_partial_fromBeforeEnd_byteArray [NEW_DISK [128, 128]]" classname="com.google.common.jimfs.RegularFileTest$RegularFileTestRunner" time="0.0"/>
  <testcase name="testNonEmpty_write_partial_fromEnd_byteArray [NEW_DISK [128, 128]]" classname="com.google.common.jimfs.RegularFileTest$RegularFileTestRunner" time="0.0"/>
  <testcase name="testNonEmpty_write_partial_fromPastEnd_byteArray [NEW_DISK [128, 128]]" classname="com.google.common.jimfs.RegularFileTest$RegularFileTestRunner" time="0.0"/>
  <testcase name="testNonEmpty_write_partial_fromStart_singleBuffer [NEW_DISK [128, 128]]" classname="com.google.common.jimfs.RegularFileTest$RegularFileTestRunner" time="0.0"/>
  <testcase name="testNonEmpty_write_partial_fromMiddle_singleBuffer [NEW_DISK [128, 128]]" classname="com.google.common.jimfs.RegularFileTest$RegularFileTestRunner" time="0.0"/>
  <testcase name="testNonEmpty_write_partial_fromEnd_singleBuffer [NEW_DISK [128, 128]]" classname="com.google.common.jimfs.RegularFileTest$RegularFileTestRunner" time="0.0"/>
  <testcase name="testNonEmpty_write_partial_fromPastEnd_singleBuffer [NEW_DISK [128, 128]]" classname="com.google.common.jimfs.RegularFileTest$RegularFileTestRunner" time="0.0"/>
  <testcase name="testNonEmpty_write_partial_fromStart_multipleBuffers [NEW_DISK [128, 128]]" classname="com.google.common.jimfs.RegularFileTest$RegularFileTestRunner" time="0.0"/>
  <testcase name="testNonEmpty_write_partial_fromMiddle_multipleBuffers [NEW_DISK [128, 128]]" classname="com.google.common.jimfs.RegularFileTest$RegularFileTestRunner" time="0.0"/>
  <testcase name="testNonEmpty_write_partial_fromBeforeEnd_multipleBuffers [NEW_DISK [128, 128]]" classname="com.google.common.jimfs.RegularFileTest$RegularFileTestRunner" time="0.0"/>
  <testcase name="testNonEmpty_write_partial_fromEnd_multipleBuffers [NEW_DISK [128, 128]]" classname="com.google.common.jimfs.RegularFileTest$RegularFileTestRunner" time="0.0"/>
  <testcase name="testNonEmpty_write_partial_fromPastEnd_multipleBuffers [NEW_DISK [128, 128]]" classname="com.google.common.jimfs.RegularFileTest$RegularFileTestRunner" time="0.0"/>
  <testcase name="testNonEmpty_write_overwrite_sameLength [NEW_DISK [128, 128]]" classname="com.google.common.jimfs.RegularFileTest$RegularFileTestRunner" time="0.0"/>
  <testcase name="testNonEmpty_write_overwrite_greaterLength [NEW_DISK [128, 128]]" classname="com.google.common.jimfs.RegularFileTest$RegularFileTestRunner" time="0.0"/>
  <testcase name="testNonEmpty_transferTo_fromStart_countEqualsSize [NEW_DISK [128, 128]]" classname="com.google.common.jimfs.RegularFileTest$RegularFileTestRunner" time="0.0"/>
  <testcase name="testNonEmpty_transferTo_fromStart_countLessThanSize [NEW_DISK [128, 128]]" classname="com.google.common.jimfs.RegularFileTest$RegularFileTestRunner" time="0.0"/>
  <testcase name="testNonEmpty_transferTo_fromMiddle_countEqualsSize [NEW_DISK [128, 128]]" classname="com.google.common.jimfs.RegularFileTest$RegularFileTestRunner" time="0.0"/>
  <testcase name="testNonEmpty_transferTo_fromMiddle_countLessThanSize [NEW_DISK [128, 128]]" classname="com.google.common.jimfs.RegularFileTest$RegularFileTestRunner" time="0.0"/>
  <testcase name="testNonEmpty_transferFrom_toStart_countEqualsSrcSize [NEW_DISK [128, 128]]" classname="com.google.common.jimfs.RegularFileTest$RegularFileTestRunner" time="0.0"/>
  <testcase name="testNonEmpty_transferFrom_toStart_countLessThanSrcSize [NEW_DISK [128, 128]]" classname="com.google.common.jimfs.RegularFileTest$RegularFileTestRunner" time="0.0"/>
  <testcase name="testNonEmpty_transferFrom_toStart_countGreaterThanSrcSize [NEW_DISK [128, 128]]" classname="com.google.common.jimfs.RegularFileTest$RegularFileTestRunner" time="0.0"/>
  <testcase name="testNonEmpty_transferFrom_toMiddle_countEqualsSrcSize [NEW_DISK [128, 128]]" classname="com.google.common.jimfs.RegularFileTest$RegularFileTestRunner" time="0.0"/>
  <testcase name="testNonEmpty_transferFrom_toMiddle_countLessThanSrcSize [NEW_DISK [128, 128]]" classname="com.google.common.jimfs.RegularFileTest$RegularFileTestRunner" time="0.0"/>
  <testcase name="testNonEmpty_transferFrom_toMiddle_countGreaterThanSrcSize [NEW_DISK [128, 128]]" classname="com.google.common.jimfs.RegularFileTest$RegularFileTestRunner" time="0.0"/>
  <testcase name="testNonEmpty_transferFrom_toMiddle_transferGoesBeyondContentSize [NEW_DISK [128, 128]]" classname="com.google.common.jimfs.RegularFileTest$RegularFileTestRunner" time="0.0"/>
  <testcase name="testNonEmpty_transferFrom_toEnd [NEW_DISK [128, 128]]" classname="com.google.common.jimfs.RegularFileTest$RegularFileTestRunner" time="0.0"/>
  <testcase name="testNonEmpty_transferFrom_positionGreaterThanSize [NEW_DISK [128, 128]]" classname="com.google.common.jimfs.RegularFileTest$RegularFileTestRunner" time="0.0"/>
  <testcase name="testNonEmpty_transferFrom_hugeOverestimateCount [NEW_DISK [128, 128]]" classname="com.google.common.jimfs.RegularFileTest$RegularFileTestRunner" time="0.0"/>
  <testcase name="testNonEmpty_copy [NEW_DISK [128, 128]]" classname="com.google.common.jimfs.RegularFileTest$RegularFileTestRunner" time="0.0"/>
  <testcase name="testNonEmpty_copy_multipleTimes [NEW_DISK [128, 128]]" classname="com.google.common.jimfs.RegularFileTest$RegularFileTestRunner" time="0.0"/>
  <testcase name="testNonEmpty_truncate_toZero [NEW_DISK [128, 128]]" classname="com.google.common.jimfs.RegularFileTest$RegularFileTestRunner" time="0.0"/>
  <testcase name="testNonEmpty_truncate_partial [NEW_DISK [128, 128]]" classname="com.google.common.jimfs.RegularFileTest$RegularFileTestRunner" time="0.0"/>
  <testcase name="testNonEmpty_truncate_sizeUp [NEW_DISK [128, 128]]" classname="com.google.common.jimfs.RegularFileTest$RegularFileTestRunner" time="0.0"/>
  <testcase name="testDeletedStoreRemainsUsableWhileOpen [NEW_DISK [128, 128]]" classname="com.google.common.jimfs.RegularFileTest$RegularFileTestRunner" time="0.0"/>
  <testcase name="testEmpty_write_singleByte_atNonZeroPosition [NEW_DISK [128, -1]]" classname="com.google.common.jimfs.RegularFileTest$RegularFileTestRunner" time="0.0"/>
  <testcase name="testNonEmpty_write_partial_fromBeforeEnd_singleBuffer [NEW_DISK [128, -1]]" classname="com.google.common.jimfs.RegularFileTest$RegularFileTestRunner" time="0.0"/>
  <testcase name="testEmpty_transferFrom_positionGreaterThanSize_countLessThanSrcSize [NEW_DISK [128, -1]]" classname="com.google.common.jimfs.RegularFileTest$RegularFileTestRunner" time="0.0"/>
  <testcase name="testEmpty_write_singleByte_atStart [NEW_DISK [128, -1]]" classname="com.google.common.jimfs.RegularFileTest$RegularFileTestRunner" time="0.0"/>
  <testcase name="testEmpty_write_byteArray_atStart [NEW_DISK [128, -1]]" classname="com.google.common.jimfs.RegularFileTest$RegularFileTestRunner" time="0.0"/>
  <testcase name="testEmpty_write_singleBuffer_atNonZeroPosition [NEW_DISK [128, -1]]" classname="com.google.common.jimfs.RegularFileTest$RegularFileTestRunner" time="0.0"/>
  <testcase name="testEmpty_write_multipleBuffers_atNonZeroPosition [NEW_DISK [128, -1]]" classname="com.google.common.jimfs.RegularFileTest$RegularFileTestRunner" time="0.0"/>
  <testcase name="testEmpty_write_noBytesArray_atStart [NEW_DISK [128, -1]]" classname="com.google.common.jimfs.RegularFileTest$RegularFileTestRunner" time="0.0"/>
  <testcase name="testEmpty_write_noBytesArray_atNonZeroPosition [NEW_DISK [128, -1]]" classname="com.google.common.jimfs.RegularFileTest$RegularFileTestRunner" time="0.0"/>
  <testcase name="testEmpty_write_noBytesBuffer_atStart [NEW_DISK [128, -1]]" classname="com.google.common.jimfs.RegularFileTest$RegularFileTestRunner" time="0.0"/>
  <testcase name="testEmpty_write_noBytesBuffer_atNonZeroPosition [NEW_DISK [128, -1]]" classname="com.google.common.jimfs.RegularFileTest$RegularFileTestRunner" time="0.0"/>
  <testcase name="testEmpty_write_noBytesBuffers_atStart [NEW_DISK [128, -1]]" classname="com.google.common.jimfs.RegularFileTest$RegularFileTestRunner" time="0.0"/>
  <testcase name="testEmpty_write_noBytesBuffers_atNonZeroPosition [NEW_DISK [128, -1]]" classname="com.google.common.jimfs.RegularFileTest$RegularFileTestRunner" time="0.0"/>
  <testcase name="testEmpty_transferFrom_fromStart_countEqualsSrcSize [NEW_DISK [128, -1]]" classname="com.google.common.jimfs.RegularFileTest$RegularFileTestRunner" time="0.0"/>
  <testcase name="testEmpty_transferFrom_fromStart_countLessThanSrcSize [NEW_DISK [128, -1]]" classname="com.google.common.jimfs.RegularFileTest$RegularFileTestRunner" time="0.0"/>
  <testcase name="testEmpty_transferFrom_fromStart_countGreaterThanSrcSize [NEW_DISK [128, -1]]" classname="com.google.common.jimfs.RegularFileTest$RegularFileTestRunner" time="0.0"/>
  <testcase name="testEmpty_transferFrom_positionGreaterThanSize [NEW_DISK [128, -1]]" classname="com.google.common.jimfs.RegularFileTest$RegularFileTestRunner" time="0.0"/>
  <testcase name="testEmpty_transferFrom_positionGreaterThanSize_countEqualsSrcSize [NEW_DISK [128, -1]]" classname="com.google.common.jimfs.RegularFileTest$RegularFileTestRunner" time="0.0"/>
  <testcase name="testEmpty_transferFrom_fromStart_noBytes_countEqualsSrcSize [NEW_DISK [128, -1]]" classname="com.google.common.jimfs.RegularFileTest$RegularFileTestRunner" time="0.0"/>
  <testcase name="testEmpty_transferFrom_fromStart_noBytes_countGreaterThanSrcSize [NEW_DISK [128, -1]]" classname="com.google.common.jimfs.RegularFileTest$RegularFileTestRunner" time="0.0"/>
  <testcase name="testEmpty_transferFrom_postionGreaterThanSrcSize_noBytes_countEqualsSrcSize [NEW_DISK [128, -1]]" classname="com.google.common.jimfs.RegularFileTest$RegularFileTestRunner" time="0.0"/>
  <testcase name="testEmpty_transferFrom_postionGreaterThanSrcSize_noBytes_countGreaterThanSrcSize [NEW_DISK [128, -1]]" classname="com.google.common.jimfs.RegularFileTest$RegularFileTestRunner" time="0.0"/>
  <testcase name="testEmpty_transferTo [NEW_DISK [128, -1]]" classname="com.google.common.jimfs.RegularFileTest$RegularFileTestRunner" time="0.0"/>
  <testcase name="testEmpty_copy [NEW_DISK [128, -1]]" classname="com.google.common.jimfs.RegularFileTest$RegularFileTestRunner" time="0.0"/>
  <testcase name="testEmpty_truncate_toZero [NEW_DISK [128, -1]]" classname="com.google.common.jimfs.RegularFileTest$RegularFileTestRunner" time="0.0"/>
  <testcase name="testEmpty_truncate_sizeUp [NEW_DISK [128, -1]]" classname="com.google.common.jimfs.RegularFileTest$RegularFileTestRunner" time="0.0"/>
  <testcase name="testNonEmpty [NEW_DISK [128, -1]]" classname="com.google.common.jimfs.RegularFileTest$RegularFileTestRunner" time="0.0"/>
  <testcase name="testNonEmpty_read_singleByte [NEW_DISK [128, -1]]" classname="com.google.common.jimfs.RegularFileTest$RegularFileTestRunner" time="0.0"/>
  <testcase name="testNonEmpty_read_all_byteArray [NEW_DISK [128, -1]]" classname="com.google.common.jimfs.RegularFileTest$RegularFileTestRunner" time="0.0"/>
  <testcase name="testNonEmpty_read_all_singleBuffer [NEW_DISK [128, -1]]" classname="com.google.common.jimfs.RegularFileTest$RegularFileTestRunner" time="0.0"/>
  <testcase name="testNonEmpty_read_all_multipleBuffers [NEW_DISK [128, -1]]" classname="com.google.common.jimfs.RegularFileTest$RegularFileTestRunner" time="0.0"/>
  <testcase name="testNonEmpty_read_all_byteArray_largerThanContent [NEW_DISK [128, -1]]" classname="com.google.common.jimfs.RegularFileTest$RegularFileTestRunner" time="0.0"/>
  <testcase name="testNonEmpty_read_all_singleBuffer_largerThanContent [NEW_DISK [128, -1]]" classname="com.google.common.jimfs.RegularFileTest$RegularFileTestRunner" time="0.0"/>
  <testcase name="testNonEmpty_read_all_multipleBuffers_largerThanContent [NEW_DISK [128, -1]]" classname="com.google.common.jimfs.RegularFileTest$RegularFileTestRunner" time="0.0"/>
  <testcase name="testNonEmpty_read_all_multipleBuffers_extraBuffers [NEW_DISK [128, -1]]" classname="com.google.common.jimfs.RegularFileTest$RegularFileTestRunner" time="0.0"/>
  <testcase name="testNonEmpty_read_partial_fromStart_byteArray [NEW_DISK [128, -1]]" classname="com.google.common.jimfs.RegularFileTest$RegularFileTestRunner" time="0.0"/>
  <testcase name="testNonEmpty_read_partial_fromMiddle_byteArray [NEW_DISK [128, -1]]" classname="com.google.common.jimfs.RegularFileTest$RegularFileTestRunner" time="0.0"/>
  <testcase name="testNonEmpty_read_partial_fromEnd_byteArray [NEW_DISK [128, -1]]" classname="com.google.common.jimfs.RegularFileTest$RegularFileTestRunner" time="0.0"/>
  <testcase name="testNonEmpty_read_partial_fromStart_singleBuffer [NEW_DISK [128, -1]]" classname="com.google.common.jimfs.RegularFileTest$RegularFileTestRunner" time="0.0"/>
  <testcase name="testNonEmpty_read_partial_fromMiddle_singleBuffer [NEW_DISK [128, -1]]" classname="com.google.common.jimfs.RegularFileTest$RegularFileTestRunner" time="0.0"/>
  <testcase name="testNonEmpty_read_partial_fromEnd_singleBuffer [NEW_DISK [128, -1]]" classname="com.google.common.jimfs.RegularFileTest$RegularFileTestRunner" time="0.0"/>
  <testcase name="testEmpty_write_multipleBuffers_atStart [NEW_DISK [128, -1]]" classname="com.google.common.jimfs.RegularFileTest$RegularFileTestRunner" time="0.0"/>
  <testcase name="testEmpty_write_byteArray_atNonZeroPosition [NEW_DISK [128, -1]]" classname="com.google.common.jimfs.RegularFileTest$RegularFileTestRunner" time="0.0"/>
  <testcase name="testEmpty_read_singleByte [NEW_DISK [128, -1]]" classname="com.google.common.jimfs.RegularFileTest$RegularFileTestRunner" time="0.0"/>
  <testcase name="testEmpty_read_byteArray [NEW_DISK [128, -1]]" classname="com.google.common.jimfs.RegularFileTest$RegularFileTestRunner" time="0.0"/>
  <testcase name="testEmpty_read_singleBuffer [NEW_DISK [128, -1]]" classname="com.google.common.jimfs.RegularFileTest$RegularFileTestRunner" time="0.0"/>
  <testcase name="testEmpty_read_multipleBuffers [NEW_DISK [128, -1]]" classname="com.google.common.jimfs.RegularFileTest$RegularFileTestRunner" time="0.0"/>
  <testcase name="testEmpty_write_partialByteArray_atNonZeroPosition [NEW_DISK [128, -1]]" classname="com.google.common.jimfs.RegularFileTest$RegularFileTestRunner" time="0.0"/>
  <testcase name="testEmpty_write_singleBuffer_atStart [NEW_DISK [128, -1]]" classname="com.google.common.jimfs.RegularFileTest$RegularFileTestRunner" time="0.0"/>
  <testcase name="testEmpty_write_partialByteArray_atStart [NEW_DISK [128, -1]]" classname="com.google.common.jimfs.RegularFileTest$RegularFileTestRunner" time="0.0"/>
  <testcase name="testEmpty_transferFrom_positionGreaterThanSize_countGreaterThanSrcSize [NEW_DISK [128, -1]]" classname="com.google.common.jimfs.RegularFileTest$RegularFileTestRunner" time="0.0"/>
  <testcase name="testEmpty [NEW_DISK [128, -1]]" classname="com.google.common.jimfs.RegularFileTest$RegularFileTestRunner" time="0.001"/>
  <testcase name="testNonEmpty_read_partial_fromStart_multipleBuffers [NEW_DISK [128, -1]]" classname="com.google.common.jimfs.RegularFileTest$RegularFileTestRunner" time="0.0"/>
  <testcase name="testNonEmpty_read_partial_fromMiddle_multipleBuffers [NEW_DISK [128, -1]]" classname="com.google.common.jimfs.RegularFileTest$RegularFileTestRunner" time="0.0"/>
  <testcase name="testNonEmpty_read_partial_fromEnd_multipleBuffers [NEW_DISK [128, -1]]" classname="com.google.common.jimfs.RegularFileTest$RegularFileTestRunner" time="0.0"/>
  <testcase name="testNonEmpty_read_fromPastEnd_byteArray [NEW_DISK [128, -1]]" classname="com.google.common.jimfs.RegularFileTest$RegularFileTestRunner" time="0.0"/>
  <testcase name="testNonEmpty_read_fromPastEnd_singleBuffer [NEW_DISK [128, -1]]" classname="com.google.common.jimfs.RegularFileTest$RegularFileTestRunner" time="0.0"/>
  <testcase name="testNonEmpty_read_fromPastEnd_multipleBuffers [NEW_DISK [128, -1]]" classname="com.google.common.jimfs.RegularFileTest$RegularFileTestRunner" time="0.0"/>
  <testcase name="testNonEmpty_write_partial_fromStart_singleByte [NEW_DISK [128, -1]]" classname="com.google.common.jimfs.RegularFileTest$RegularFileTestRunner" time="0.0"/>
  <testcase name="testNonEmpty_write_partial_fromMiddle_singleByte [NEW_DISK [128, -1]]" classname="com.google.common.jimfs.RegularFileTest$RegularFileTestRunner" time="0.0"/>
  <testcase name="testNonEmpty_write_partial_fromEnd_singleByte [NEW_DISK [128, -1]]" classname="com.google.common.jimfs.RegularFileTest$RegularFileTestRunner" time="0.0"/>
  <testcase name="testNonEmpty_write_partial_fromStart_byteArray [NEW_DISK [128, -1]]" classname="com.google.common.jimfs.RegularFileTest$RegularFileTestRunner" time="0.0"/>
  <testcase name="testNonEmpty_write_partial_fromMiddle_byteArray [NEW_DISK [128, -1]]" classname="com.google.common.jimfs.RegularFileTest$RegularFileTestRunner" time="0.0"/>
  <testcase name="testNonEmpty_write_partial_fromBeforeEnd_byteArray [NEW_DISK [128, -1]]" classname="com.google.common.jimfs.RegularFileTest$RegularFileTestRunner" time="0.0"/>
  <testcase name="testNonEmpty_write_partial_fromEnd_byteArray [NEW_DISK [128, -1]]" classname="com.google.common.jimfs.RegularFileTest$RegularFileTestRunner" time="0.0"/>
  <testcase name="testNonEmpty_write_partial_fromPastEnd_byteArray [NEW_DISK [128, -1]]" classname="com.google.common.jimfs.RegularFileTest$RegularFileTestRunner" time="0.0"/>
  <testcase name="testNonEmpty_write_partial_fromStart_singleBuffer [NEW_DISK [128, -1]]" classname="com.google.common.jimfs.RegularFileTest$RegularFileTestRunner" time="0.0"/>
  <testcase name="testNonEmpty_write_partial_fromMiddle_singleBuffer [NEW_DISK [128, -1]]" classname="com.google.common.jimfs.RegularFileTest$RegularFileTestRunner" time="0.0"/>
  <testcase name="testNonEmpty_write_partial_fromEnd_singleBuffer [NEW_DISK [128, -1]]" classname="com.google.common.jimfs.RegularFileTest$RegularFileTestRunner" time="0.0"/>
  <testcase name="testNonEmpty_write_partial_fromPastEnd_singleBuffer [NEW_DISK [128, -1]]" classname="com.google.common.jimfs.RegularFileTest$RegularFileTestRunner" time="0.0"/>
  <testcase name="testNonEmpty_write_partial_fromStart_multipleBuffers [NEW_DISK [128, -1]]" classname="com.google.common.jimfs.RegularFileTest$RegularFileTestRunner" time="0.0"/>
  <testcase name="testNonEmpty_write_partial_fromMiddle_multipleBuffers [NEW_DISK [128, -1]]" classname="com.google.common.jimfs.RegularFileTest$RegularFileTestRunner" time="0.0"/>
  <testcase name="testNonEmpty_write_partial_fromBeforeEnd_multipleBuffers [NEW_DISK [128, -1]]" classname="com.google.common.jimfs.RegularFileTest$RegularFileTestRunner" time="0.0"/>
  <testcase name="testNonEmpty_write_partial_fromEnd_multipleBuffers [NEW_DISK [128, -1]]" classname="com.google.common.jimfs.RegularFileTest$RegularFileTestRunner" time="0.0"/>
  <testcase name="testNonEmpty_write_partial_fromPastEnd_multipleBuffers [NEW_DISK [128, -1]]" classname="com.google.common.jimfs.RegularFileTest$RegularFileTestRunner" time="0.0"/>
  <testcase name="testNonEmpty_write_overwrite_sameLength [NEW_DISK [128, -1]]" classname="com.google.common.jimfs.RegularFileTest$RegularFileTestRunner" time="0.0"/>
  <testcase name="testNonEmpty_write_overwrite_greaterLength [NEW_DISK [128, -1]]" classname="com.google.common.jimfs.RegularFileTest$RegularFileTestRunner" time="0.0"/>
  <testcase name="testNonEmpty_transferTo_fromStart_countEqualsSize [NEW_DISK [128, -1]]" classname="com.google.common.jimfs.RegularFileTest$RegularFileTestRunner" time="0.0"/>
  <testcase name="testNonEmpty_transferTo_fromStart_countLessThanSize [NEW_DISK [128, -1]]" classname="com.google.common.jimfs.RegularFileTest$RegularFileTestRunner" time="0.0"/>
  <testcase name="testNonEmpty_transferTo_fromMiddle_countEqualsSize [NEW_DISK [128, -1]]" classname="com.google.common.jimfs.RegularFileTest$RegularFileTestRunner" time="0.0"/>
  <testcase name="testNonEmpty_transferTo_fromMiddle_countLessThanSize [NEW_DISK [128, -1]]" classname="com.google.common.jimfs.RegularFileTest$RegularFileTestRunner" time="0.0"/>
  <testcase name="testNonEmpty_transferFrom_toStart_countEqualsSrcSize [NEW_DISK [128, -1]]" classname="com.google.common.jimfs.RegularFileTest$RegularFileTestRunner" time="0.0"/>
  <testcase name="testNonEmpty_transferFrom_toStart_countLessThanSrcSize [NEW_DISK [128, -1]]" classname="com.google.common.jimfs.RegularFileTest$RegularFileTestRunner" time="0.0"/>
  <testcase name="testNonEmpty_transferFrom_toStart_countGreaterThanSrcSize [NEW_DISK [128, -1]]" classname="com.google.common.jimfs.RegularFileTest$RegularFileTestRunner" time="0.0"/>
  <testcase name="testNonEmpty_transferFrom_toMiddle_countEqualsSrcSize [NEW_DISK [128, -1]]" classname="com.google.common.jimfs.RegularFileTest$RegularFileTestRunner" time="0.0"/>
  <testcase name="testNonEmpty_transferFrom_toMiddle_countLessThanSrcSize [NEW_DISK [128, -1]]" classname="com.google.common.jimfs.RegularFileTest$RegularFileTestRunner" time="0.001"/>
  <testcase name="testNonEmpty_transferFrom_toMiddle_countGreaterThanSrcSize [NEW_DISK [128, -1]]" classname="com.google.common.jimfs.RegularFileTest$RegularFileTestRunner" time="0.0"/>
  <testcase name="testNonEmpty_transferFrom_toMiddle_transferGoesBeyondContentSize [NEW_DISK [128, -1]]" classname="com.google.common.jimfs.RegularFileTest$RegularFileTestRunner" time="0.0"/>
  <testcase name="testNonEmpty_transferFrom_toEnd [NEW_DISK [128, -1]]" classname="com.google.common.jimfs.RegularFileTest$RegularFileTestRunner" time="0.0"/>
  <testcase name="testNonEmpty_transferFrom_positionGreaterThanSize [NEW_DISK [128, -1]]" classname="com.google.common.jimfs.RegularFileTest$RegularFileTestRunner" time="0.0"/>
  <testcase name="testNonEmpty_transferFrom_hugeOverestimateCount [NEW_DISK [128, -1]]" classname="com.google.common.jimfs.RegularFileTest$RegularFileTestRunner" time="0.0"/>
  <testcase name="testNonEmpty_copy [NEW_DISK [128, -1]]" classname="com.google.common.jimfs.RegularFileTest$RegularFileTestRunner" time="0.0"/>
  <testcase name="testNonEmpty_copy_multipleTimes [NEW_DISK [128, -1]]" classname="com.google.common.jimfs.RegularFileTest$RegularFileTestRunner" time="0.0"/>
  <testcase name="testNonEmpty_truncate_toZero [NEW_DISK [128, -1]]" classname="com.google.common.jimfs.RegularFileTest$RegularFileTestRunner" time="0.0"/>
  <testcase name="testNonEmpty_truncate_partial [NEW_DISK [128, -1]]" classname="com.google.common.jimfs.RegularFileTest$RegularFileTestRunner" time="0.0"/>
  <testcase name="testNonEmpty_truncate_sizeUp [NEW_DISK [128, -1]]" classname="com.google.common.jimfs.RegularFileTest$RegularFileTestRunner" time="0.0"/>
  <testcase name="testDeletedStoreRemainsUsableWhileOpen [NEW_DISK [128, -1]]" classname="com.google.common.jimfs.RegularFileTest$RegularFileTestRunner" time="0.0"/>
  <testcase name="testEmpty_write_singleByte_atNonZeroPosition [NEW_DISK [8192, 0]]" classname="com.google.common.jimfs.RegularFileTest$RegularFileTestRunner" time="0.0"/>
  <testcase name="testNonEmpty_write_partial_fromBeforeEnd_singleBuffer [NEW_DISK [8192, 0]]" classname="com.google.common.jimfs.RegularFileTest$RegularFileTestRunner" time="0.0"/>
  <testcase name="testEmpty_transferFrom_positionGreaterThanSize_countLessThanSrcSize [NEW_DISK [8192, 0]]" classname="com.google.common.jimfs.RegularFileTest$RegularFileTestRunner" time="0.0"/>
  <testcase name="testEmpty_write_singleByte_atStart [NEW_DISK [8192, 0]]" classname="com.google.common.jimfs.RegularFileTest$RegularFileTestRunner" time="0.0"/>
  <testcase name="testEmpty_write_byteArray_atStart [NEW_DISK [8192, 0]]" classname="com.google.common.jimfs.RegularFileTest$RegularFileTestRunner" time="0.0"/>
  <testcase name="testEmpty_write_singleBuffer_atNonZeroPosition [NEW_DISK [8192, 0]]" classname="com.google.common.jimfs.RegularFileTest$RegularFileTestRunner" time="0.0"/>
  <testcase name="testEmpty_write_multipleBuffers_atNonZeroPosition [NEW_DISK [8192, 0]]" classname="com.google.common.jimfs.RegularFileTest$RegularFileTestRunner" time="0.0"/>
  <testcase name="testEmpty_write_noBytesArray_atStart [NEW_DISK [8192, 0]]" classname="com.google.common.jimfs.RegularFileTest$RegularFileTestRunner" time="0.0"/>
  <testcase name="testEmpty_write_noBytesArray_atNonZeroPosition [NEW_DISK [8192, 0]]" classname="com.google.common.jimfs.RegularFileTest$RegularFileTestRunner" time="0.001"/>
  <testcase name="testEmpty_write_noBytesBuffer_atStart [NEW_DISK [8192, 0]]" classname="com.google.common.jimfs.RegularFileTest$RegularFileTestRunner" time="0.0"/>
  <testcase name="testEmpty_write_noBytesBuffer_atNonZeroPosition [NEW_DISK [8192, 0]]" classname="com.google.common.jimfs.RegularFileTest$RegularFileTestRunner" time="0.0"/>
  <testcase name="testEmpty_write_noBytesBuffers_atStart [NEW_DISK [8192, 0]]" classname="com.google.common.jimfs.RegularFileTest$RegularFileTestRunner" time="0.0"/>
  <testcase name="testEmpty_write_noBytesBuffers_atNonZeroPosition [NEW_DISK [8192, 0]]" classname="com.google.common.jimfs.RegularFileTest$RegularFileTestRunner" time="0.0"/>
  <testcase name="testEmpty_transferFrom_fromStart_countEqualsSrcSize [NEW_DISK [8192, 0]]" classname="com.google.common.jimfs.RegularFileTest$RegularFileTestRunner" time="0.0"/>
  <testcase name="testEmpty_transferFrom_fromStart_countLessThanSrcSize [NEW_DISK [8192, 0]]" classname="com.google.common.jimfs.RegularFileTest$RegularFileTestRunner" time="0.0"/>
  <testcase name="testEmpty_transferFrom_fromStart_countGreaterThanSrcSize [NEW_DISK [8192, 0]]" classname="com.google.common.jimfs.RegularFileTest$RegularFileTestRunner" time="0.001"/>
  <testcase name="testEmpty_transferFrom_positionGreaterThanSize [NEW_DISK [8192, 0]]" classname="com.google.common.jimfs.RegularFileTest$RegularFileTestRunner" time="0.0"/>
  <testcase name="testEmpty_transferFrom_positionGreaterThanSize_countEqualsSrcSize [NEW_DISK [8192, 0]]" classname="com.google.common.jimfs.RegularFileTest$RegularFileTestRunner" time="0.0"/>
  <testcase name="testEmpty_transferFrom_fromStart_noBytes_countEqualsSrcSize [NEW_DISK [8192, 0]]" classname="com.google.common.jimfs.RegularFileTest$RegularFileTestRunner" time="0.0"/>
  <testcase name="testEmpty_transferFrom_fromStart_noBytes_countGreaterThanSrcSize [NEW_DISK [8192, 0]]" classname="com.google.common.jimfs.RegularFileTest$RegularFileTestRunner" time="0.0"/>
  <testcase name="testEmpty_transferFrom_postionGreaterThanSrcSize_noBytes_countEqualsSrcSize [NEW_DISK [8192, 0]]" classname="com.google.common.jimfs.RegularFileTest$RegularFileTestRunner" time="0.0"/>
  <testcase name="testEmpty_transferFrom_postionGreaterThanSrcSize_noBytes_countGreaterThanSrcSize [NEW_DISK [8192, 0]]" classname="com.google.common.jimfs.RegularFileTest$RegularFileTestRunner" time="0.0"/>
  <testcase name="testEmpty_transferTo [NEW_DISK [8192, 0]]" classname="com.google.common.jimfs.RegularFileTest$RegularFileTestRunner" time="0.0"/>
  <testcase name="testEmpty_copy [NEW_DISK [8192, 0]]" classname="com.google.common.jimfs.RegularFileTest$RegularFileTestRunner" time="0.0"/>
  <testcase name="testEmpty_truncate_toZero [NEW_DISK [8192, 0]]" classname="com.google.common.jimfs.RegularFileTest$RegularFileTestRunner" time="0.0"/>
  <testcase name="testEmpty_truncate_sizeUp [NEW_DISK [8192, 0]]" classname="com.google.common.jimfs.RegularFileTest$RegularFileTestRunner" time="0.0"/>
  <testcase name="testNonEmpty [NEW_DISK [8192, 0]]" classname="com.google.common.jimfs.RegularFileTest$RegularFileTestRunner" time="0.0"/>
  <testcase name="testNonEmpty_read_singleByte [NEW_DISK [8192, 0]]" classname="com.google.common.jimfs.RegularFileTest$RegularFileTestRunner" time="0.0"/>
  <testcase name="testNonEmpty_read_all_byteArray [NEW_DISK [8192, 0]]" classname="com.google.common.jimfs.RegularFileTest$RegularFileTestRunner" time="0.0"/>
  <testcase name="testNonEmpty_read_all_singleBuffer [NEW_DISK [8192, 0]]" classname="com.google.common.jimfs.RegularFileTest$RegularFileTestRunner" time="0.0"/>
  <testcase name="testNonEmpty_read_all_multipleBuffers [NEW_DISK [8192, 0]]" classname="com.google.common.jimfs.RegularFileTest$RegularFileTestRunner" time="0.0"/>
  <testcase name="testNonEmpty_read_all_byteArray_largerThanContent [NEW_DISK [8192, 0]]" classname="com.google.common.jimfs.RegularFileTest$RegularFileTestRunner" time="0.0"/>
  <testcase name="testNonEmpty_read_all_singleBuffer_largerThanContent [NEW_DISK [8192, 0]]" classname="com.google.common.jimfs.RegularFileTest$RegularFileTestRunner" time="0.0"/>
  <testcase name="testNonEmpty_read_all_multipleBuffers_largerThanContent [NEW_DISK [8192, 0]]" classname="com.google.common.jimfs.RegularFileTest$RegularFileTestRunner" time="0.0"/>
  <testcase name="testNonEmpty_read_all_multipleBuffers_extraBuffers [NEW_DISK [8192, 0]]" classname="com.google.common.jimfs.RegularFileTest$RegularFileTestRunner" time="0.0"/>
  <testcase name="testNonEmpty_read_partial_fromStart_byteArray [NEW_DISK [8192, 0]]" classname="com.google.common.jimfs.RegularFileTest$RegularFileTestRunner" time="0.0"/>
  <testcase name="testNonEmpty_read_partial_fromMiddle_byteArray [NEW_DISK [8192, 0]]" classname="com.google.common.jimfs.RegularFileTest$RegularFileTestRunner" time="0.0"/>
  <testcase name="testNonEmpty_read_partial_fromEnd_byteArray [NEW_DISK [8192, 0]]" classname="com.google.common.jimfs.RegularFileTest$RegularFileTestRunner" time="0.0"/>
  <testcase name="testNonEmpty_read_partial_fromStart_singleBuffer [NEW_DISK [8192, 0]]" classname="com.google.common.jimfs.RegularFileTest$RegularFileTestRunner" time="0.0"/>
  <testcase name="testNonEmpty_read_partial_fromMiddle_singleBuffer [NEW_DISK [8192, 0]]" classname="com.google.common.jimfs.RegularFileTest$RegularFileTestRunner" time="0.0"/>
  <testcase name="testNonEmpty_read_partial_fromEnd_singleBuffer [NEW_DISK [8192, 0]]" classname="com.google.common.jimfs.RegularFileTest$RegularFileTestRunner" time="0.0"/>
  <testcase name="testEmpty_write_multipleBuffers_atStart [NEW_DISK [8192, 0]]" classname="com.google.common.jimfs.RegularFileTest$RegularFileTestRunner" time="0.0"/>
  <testcase name="testEmpty_write_byteArray_atNonZeroPosition [NEW_DISK [8192, 0]]" classname="com.google.common.jimfs.RegularFileTest$RegularFileTestRunner" time="0.0"/>
  <testcase name="testEmpty_read_singleByte [NEW_DISK [8192, 0]]" classname="com.google.common.jimfs.RegularFileTest$RegularFileTestRunner" time="0.0"/>
  <testcase name="testEmpty_read_byteArray [NEW_DISK [8192, 0]]" classname="com.google.common.jimfs.RegularFileTest$RegularFileTestRunner" time="0.0"/>
  <testcase name="testEmpty_read_singleBuffer [NEW_DISK [8192, 0]]" classname="com.google.common.jimfs.RegularFileTest$RegularFileTestRunner" time="0.0"/>
  <testcase name="testEmpty_read_multipleBuffers [NEW_DISK [8192, 0]]" classname="com.google.common.jimfs.RegularFileTest$RegularFileTestRunner" time="0.0"/>
  <testcase name="testEmpty_write_partialByteArray_atNonZeroPosition [NEW_DISK [8192, 0]]" classname="com.google.common.jimfs.RegularFileTest$RegularFileTestRunner" time="0.0"/>
  <testcase name="testEmpty_write_singleBuffer_atStart [NEW_DISK [8192, 0]]" classname="com.google.common.jimfs.RegularFileTest$RegularFileTestRunner" time="0.0"/>
  <testcase name="testEmpty_write_partialByteArray_atStart [NEW_DISK [8192, 0]]" classname="com.google.common.jimfs.RegularFileTest$RegularFileTestRunner" time="0.0"/>
  <testcase name="testEmpty_transferFrom_positionGreaterThanSize_countGreaterThanSrcSize [NEW_DISK [8192, 0]]" classname="com.google.common.jimfs.RegularFileTest$RegularFileTestRunner" time="0.0"/>
  <testcase name="testEmpty [NEW_DISK [8192, 0]]" classname="com.google.common.jimfs.RegularFileTest$RegularFileTestRunner" time="0.0"/>
  <testcase name="testNonEmpty_read_partial_fromStart_multipleBuffers [NEW_DISK [8192, 0]]" classname="com.google.common.jimfs.RegularFileTest$RegularFileTestRunner" time="0.0"/>
  <testcase name="testNonEmpty_read_partial_fromMiddle_multipleBuffers [NEW_DISK [8192, 0]]" classname="com.google.common.jimfs.RegularFileTest$RegularFileTestRunner" time="0.0"/>
  <testcase name="testNonEmpty_read_partial_fromEnd_multipleBuffers [NEW_DISK [8192, 0]]" classname="com.google.common.jimfs.RegularFileTest$RegularFileTestRunner" time="0.0"/>
  <testcase name="testNonEmpty_read_fromPastEnd_byteArray [NEW_DISK [8192, 0]]" classname="com.google.common.jimfs.RegularFileTest$RegularFileTestRunner" time="0.0"/>
  <testcase name="testNonEmpty_read_fromPastEnd_singleBuffer [NEW_DISK [8192, 0]]" classname="com.google.common.jimfs.RegularFileTest$RegularFileTestRunner" time="0.0"/>
  <testcase name="testNonEmpty_read_fromPastEnd_multipleBuffers [NEW_DISK [8192, 0]]" classname="com.google.common.jimfs.RegularFileTest$RegularFileTestRunner" time="0.0"/>
  <testcase name="testNonEmpty_write_partial_fromStart_singleByte [NEW_DISK [8192, 0]]" classname="com.google.common.jimfs.RegularFileTest$RegularFileTestRunner" time="0.0"/>
  <testcase name="testNonEmpty_write_partial_fromMiddle_singleByte [NEW_DISK [8192, 0]]" classname="com.google.common.jimfs.RegularFileTest$RegularFileTestRunner" time="0.0"/>
  <testcase name="testNonEmpty_write_partial_fromEnd_singleByte [NEW_DISK [8192, 0]]" classname="com.google.common.jimfs.RegularFileTest$RegularFileTestRunner" time="0.0"/>
  <testcase name="testNonEmpty_write_partial_fromStart_byteArray [NEW_DISK [8192, 0]]" classname="com.google.common.jimfs.RegularFileTest$RegularFileTestRunner" time="0.0"/>
  <testcase name="testNonEmpty_write_partial_fromMiddle_byteArray [NEW_DISK [8192, 0]]" classname="com.google.common.jimfs.RegularFileTest$RegularFileTestRunner" time="0.0"/>
  <testcase name="testNonEmpty_write_partial_fromBeforeEnd_byteArray [NEW_DISK [8192, 0]]" classname="com.google.common.jimfs.RegularFileTest$RegularFileTestRunner" time="0.0"/>
  <testcase name="testNonEmpty_write_partial_fromEnd_byteArray [NEW_DISK [8192, 0]]" classname="com.google.common.jimfs.RegularFileTest$RegularFileTestRunner" time="0.001"/>
  <testcase name="testNonEmpty_write_partial_fromPastEnd_byteArray [NEW_DISK [8192, 0]]" classname="com.google.common.jimfs.RegularFileTest$RegularFileTestRunner" time="0.0"/>
  <testcase name="testNonEmpty_write_partial_fromStart_singleBuffer [NEW_DISK [8192, 0]]" classname="com.google.common.jimfs.RegularFileTest$RegularFileTestRunner" time="0.0"/>
  <testcase name="testNonEmpty_write_partial_fromMiddle_singleBuffer [NEW_DISK [8192, 0]]" classname="com.google.common.jimfs.RegularFileTest$RegularFileTestRunner" time="0.0"/>
  <testcase name="testNonEmpty_write_partial_fromEnd_singleBuffer [NEW_DISK [8192, 0]]" classname="com.google.common.jimfs.RegularFileTest$RegularFileTestRunner" time="0.0"/>
  <testcase name="testNonEmpty_write_partial_fromPastEnd_singleBuffer [NEW_DISK [8192, 0]]" classname="com.google.common.jimfs.RegularFileTest$RegularFileTestRunner" time="0.0"/>
  <testcase name="testNonEmpty_write_partial_fromStart_multipleBuffers [NEW_DISK [8192, 0]]" classname="com.google.common.jimfs.RegularFileTest$RegularFileTestRunner" time="0.0"/>
  <testcase name="testNonEmpty_write_partial_fromMiddle_multipleBuffers [NEW_DISK [8192, 0]]" classname="com.google.common.jimfs.RegularFileTest$RegularFileTestRunner" time="0.0"/>
  <testcase name="testNonEmpty_write_partial_fromBeforeEnd_multipleBuffers [NEW_DISK [8192, 0]]" classname="com.google.common.jimfs.RegularFileTest$RegularFileTestRunner" time="0.0"/>
  <testcase name="testNonEmpty_write_partial_fromEnd_multipleBuffers [NEW_DISK [8192, 0]]" classname="com.google.common.jimfs.RegularFileTest$RegularFileTestRunner" time="0.0"/>
  <testcase name="testNonEmpty_write_partial_fromPastEnd_multipleBuffers [NEW_DISK [8192, 0]]" classname="com.google.common.jimfs.RegularFileTest$RegularFileTestRunner" time="0.0"/>
  <testcase name="testNonEmpty_write_overwrite_sameLength [NEW_DISK [8192, 0]]" classname="com.google.common.jimfs.RegularFileTest$RegularFileTestRunner" time="0.0"/>
  <testcase name="testNonEmpty_write_overwrite_greaterLength [NEW_DISK [8192, 0]]" classname="com.google.common.jimfs.RegularFileTest$RegularFileTestRunner" time="0.0"/>
  <testcase name="testNonEmpty_transferTo_fromStart_countEqualsSize [NEW_DISK [8192, 0]]" classname="com.google.common.jimfs.RegularFileTest$RegularFileTestRunner" time="0.0"/>
  <testcase name="testNonEmpty_transferTo_fromStart_countLessThanSize [NEW_DISK [8192, 0]]" classname="com.google.common.jimfs.RegularFileTest$RegularFileTestRunner" time="0.0"/>
  <testcase name="testNonEmpty_transferTo_fromMiddle_countEqualsSize [NEW_DISK [8192, 0]]" classname="com.google.common.jimfs.RegularFileTest$RegularFileTestRunner" time="0.0"/>
  <testcase name="testNonEmpty_transferTo_fromMiddle_countLessThanSize [NEW_DISK [8192, 0]]" classname="com.google.common.jimfs.RegularFileTest$RegularFileTestRunner" time="0.0"/>
  <testcase name="testNonEmpty_transferFrom_toStart_countEqualsSrcSize [NEW_DISK [8192, 0]]" classname="com.google.common.jimfs.RegularFileTest$RegularFileTestRunner" time="0.0"/>
  <testcase name="testNonEmpty_transferFrom_toStart_countLessThanSrcSize [NEW_DISK [8192, 0]]" classname="com.google.common.jimfs.RegularFileTest$RegularFileTestRunner" time="0.0"/>
  <testcase name="testNonEmpty_transferFrom_toStart_countGreaterThanSrcSize [NEW_DISK [8192, 0]]" classname="com.google.common.jimfs.RegularFileTest$RegularFileTestRunner" time="0.0"/>
  <testcase name="testNonEmpty_transferFrom_toMiddle_countEqualsSrcSize [NEW_DISK [8192, 0]]" classname="com.google.common.jimfs.RegularFileTest$RegularFileTestRunner" time="0.0"/>
  <testcase name="testNonEmpty_transferFrom_toMiddle_countLessThanSrcSize [NEW_DISK [8192, 0]]" classname="com.google.common.jimfs.RegularFileTest$RegularFileTestRunner" time="0.0"/>
  <testcase name="testNonEmpty_transferFrom_toMiddle_countGreaterThanSrcSize [NEW_DISK [8192, 0]]" classname="com.google.common.jimfs.RegularFileTest$RegularFileTestRunner" time="0.0"/>
  <testcase name="testNonEmpty_transferFrom_toMiddle_transferGoesBeyondContentSize [NEW_DISK [8192, 0]]" classname="com.google.common.jimfs.RegularFileTest$RegularFileTestRunner" time="0.0"/>
  <testcase name="testNonEmpty_transferFrom_toEnd [NEW_DISK [8192, 0]]" classname="com.google.common.jimfs.RegularFileTest$RegularFileTestRunner" time="0.0"/>
  <testcase name="testNonEmpty_transferFrom_positionGreaterThanSize [NEW_DISK [8192, 0]]" classname="com.google.common.jimfs.RegularFileTest$RegularFileTestRunner" time="0.0"/>
  <testcase name="testNonEmpty_transferFrom_hugeOverestimateCount [NEW_DISK [8192, 0]]" classname="com.google.common.jimfs.RegularFileTest$RegularFileTestRunner" time="0.0"/>
  <testcase name="testNonEmpty_copy [NEW_DISK [8192, 0]]" classname="com.google.common.jimfs.RegularFileTest$RegularFileTestRunner" time="0.0"/>
  <testcase name="testNonEmpty_copy_multipleTimes [NEW_DISK [8192, 0]]" classname="com.google.common.jimfs.RegularFileTest$RegularFileTestRunner" time="0.0"/>
  <testcase name="testNonEmpty_truncate_toZero [NEW_DISK [8192, 0]]" classname="com.google.common.jimfs.RegularFileTest$RegularFileTestRunner" time="0.0"/>
  <testcase name="testNonEmpty_truncate_partial [NEW_DISK [8192, 0]]" classname="com.google.common.jimfs.RegularFileTest$RegularFileTestRunner" time="0.0"/>
  <testcase name="testNonEmpty_truncate_sizeUp [NEW_DISK [8192, 0]]" classname="com.google.common.jimfs.RegularFileTest$RegularFileTestRunner" time="0.0"/>
  <testcase name="testDeletedStoreRemainsUsableWhileOpen [NEW_DISK [8192, 0]]" classname="com.google.common.jimfs.RegularFileTest$RegularFileTestRunner" time="0.0"/>
  <testcase name="testEmpty_write_singleByte_atNonZeroPosition [NEW_DISK [8192, -1]]" classname="com.google.common.jimfs.RegularFileTest$RegularFileTestRunner" time="0.0"/>
  <testcase name="testNonEmpty_write_partial_fromBeforeEnd_singleBuffer [NEW_DISK [8192, -1]]" classname="com.google.common.jimfs.RegularFileTest$RegularFileTestRunner" time="0.0"/>
  <testcase name="testEmpty_transferFrom_positionGreaterThanSize_countLessThanSrcSize [NEW_DISK [8192, -1]]" classname="com.google.common.jimfs.RegularFileTest$RegularFileTestRunner" time="0.0"/>
  <testcase name="testEmpty_write_singleByte_atStart [NEW_DISK [8192, -1]]" classname="com.google.common.jimfs.RegularFileTest$RegularFileTestRunner" time="0.0"/>
  <testcase name="testEmpty_write_byteArray_atStart [NEW_DISK [8192, -1]]" classname="com.google.common.jimfs.RegularFileTest$RegularFileTestRunner" time="0.0"/>
  <testcase name="testEmpty_write_singleBuffer_atNonZeroPosition [NEW_DISK [8192, -1]]" classname="com.google.common.jimfs.RegularFileTest$RegularFileTestRunner" time="0.0"/>
  <testcase name="testEmpty_write_multipleBuffers_atNonZeroPosition [NEW_DISK [8192, -1]]" classname="com.google.common.jimfs.RegularFileTest$RegularFileTestRunner" time="0.0"/>
  <testcase name="testEmpty_write_noBytesArray_atStart [NEW_DISK [8192, -1]]" classname="com.google.common.jimfs.RegularFileTest$RegularFileTestRunner" time="0.0"/>
  <testcase name="testEmpty_write_noBytesArray_atNonZeroPosition [NEW_DISK [8192, -1]]" classname="com.google.common.jimfs.RegularFileTest$RegularFileTestRunner" time="0.0"/>
  <testcase name="testEmpty_write_noBytesBuffer_atStart [NEW_DISK [8192, -1]]" classname="com.google.common.jimfs.RegularFileTest$RegularFileTestRunner" time="0.0"/>
  <testcase name="testEmpty_write_noBytesBuffer_atNonZeroPosition [NEW_DISK [8192, -1]]" classname="com.google.common.jimfs.RegularFileTest$RegularFileTestRunner" time="0.0"/>
  <testcase name="testEmpty_write_noBytesBuffers_atStart [NEW_DISK [8192, -1]]" classname="com.google.common.jimfs.RegularFileTest$RegularFileTestRunner" time="0.0"/>
  <testcase name="testEmpty_write_noBytesBuffers_atNonZeroPosition [NEW_DISK [8192, -1]]" classname="com.google.common.jimfs.RegularFileTest$RegularFileTestRunner" time="0.0"/>
  <testcase name="testEmpty_transferFrom_fromStart_countEqualsSrcSize [NEW_DISK [8192, -1]]" classname="com.google.common.jimfs.RegularFileTest$RegularFileTestRunner" time="0.0"/>
  <testcase name="testEmpty_transferFrom_fromStart_countLessThanSrcSize [NEW_DISK [8192, -1]]" classname="com.google.common.jimfs.RegularFileTest$RegularFileTestRunner" time="0.0"/>
  <testcase name="testEmpty_transferFrom_fromStart_countGreaterThanSrcSize [NEW_DISK [8192, -1]]" classname="com.google.common.jimfs.RegularFileTest$RegularFileTestRunner" time="0.0"/>
  <testcase name="testEmpty_transferFrom_positionGreaterThanSize [NEW_DISK [8192, -1]]" classname="com.google.common.jimfs.RegularFileTest$RegularFileTestRunner" time="0.0"/>
  <testcase name="testEmpty_transferFrom_positionGreaterThanSize_countEqualsSrcSize [NEW_DISK [8192, -1]]" classname="com.google.common.jimfs.RegularFileTest$RegularFileTestRunner" time="0.0"/>
  <testcase name="testEmpty_transferFrom_fromStart_noBytes_countEqualsSrcSize [NEW_DISK [8192, -1]]" classname="com.google.common.jimfs.RegularFileTest$RegularFileTestRunner" time="0.0"/>
  <testcase name="testEmpty_transferFrom_fromStart_noBytes_countGreaterThanSrcSize [NEW_DISK [8192, -1]]" classname="com.google.common.jimfs.RegularFileTest$RegularFileTestRunner" time="0.0"/>
  <testcase name="testEmpty_transferFrom_postionGreaterThanSrcSize_noBytes_countEqualsSrcSize [NEW_DISK [8192, -1]]" classname="com.google.common.jimfs.RegularFileTest$RegularFileTestRunner" time="0.0"/>
  <testcase name="testEmpty_transferFrom_postionGreaterThanSrcSize_noBytes_countGreaterThanSrcSize [NEW_DISK [8192, -1]]" classname="com.google.common.jimfs.RegularFileTest$RegularFileTestRunner" time="0.0"/>
  <testcase name="testEmpty_transferTo [NEW_DISK [8192, -1]]" classname="com.google.common.jimfs.RegularFileTest$RegularFileTestRunner" time="0.0"/>
  <testcase name="testEmpty_copy [NEW_DISK [8192, -1]]" classname="com.google.common.jimfs.RegularFileTest$RegularFileTestRunner" time="0.0"/>
  <testcase name="testEmpty_truncate_toZero [NEW_DISK [8192, -1]]" classname="com.google.common.jimfs.RegularFileTest$RegularFileTestRunner" time="0.0"/>
  <testcase name="testEmpty_truncate_sizeUp [NEW_DISK [8192, -1]]" classname="com.google.common.jimfs.RegularFileTest$RegularFileTestRunner" time="0.0"/>
  <testcase name="testNonEmpty [NEW_DISK [8192, -1]]" classname="com.google.common.jimfs.RegularFileTest$RegularFileTestRunner" time="0.0"/>
  <testcase name="testNonEmpty_read_singleByte [NEW_DISK [8192, -1]]" classname="com.google.common.jimfs.RegularFileTest$RegularFileTestRunner" time="0.0"/>
  <testcase name="testNonEmpty_read_all_byteArray [NEW_DISK [8192, -1]]" classname="com.google.common.jimfs.RegularFileTest$RegularFileTestRunner" time="0.0"/>
  <testcase name="testNonEmpty_read_all_singleBuffer [NEW_DISK [8192, -1]]" classname="com.google.common.jimfs.RegularFileTest$RegularFileTestRunner" time="0.0"/>
  <testcase name="testNonEmpty_read_all_multipleBuffers [NEW_DISK [8192, -1]]" classname="com.google.common.jimfs.RegularFileTest$RegularFileTestRunner" time="0.0"/>
  <testcase name="testNonEmpty_read_all_byteArray_largerThanContent [NEW_DISK [8192, -1]]" classname="com.google.common.jimfs.RegularFileTest$RegularFileTestRunner" time="0.0"/>
  <testcase name="testNonEmpty_read_all_singleBuffer_largerThanContent [NEW_DISK [8192, -1]]" classname="com.google.common.jimfs.RegularFileTest$RegularFileTestRunner" time="0.0"/>
  <testcase name="testNonEmpty_read_all_multipleBuffers_largerThanContent [NEW_DISK [8192, -1]]" classname="com.google.common.jimfs.RegularFileTest$RegularFileTestRunner" time="0.0"/>
  <testcase name="testNonEmpty_read_all_multipleBuffers_extraBuffers [NEW_DISK [8192, -1]]" classname="com.google.common.jimfs.RegularFileTest$RegularFileTestRunner" time="0.0"/>
  <testcase name="testNonEmpty_read_partial_fromStart_byteArray [NEW_DISK [8192, -1]]" classname="com.google.common.jimfs.RegularFileTest$RegularFileTestRunner" time="0.0"/>
  <testcase name="testNonEmpty_read_partial_fromMiddle_byteArray [NEW_DISK [8192, -1]]" classname="com.google.common.jimfs.RegularFileTest$RegularFileTestRunner" time="0.0"/>
  <testcase name="testNonEmpty_read_partial_fromEnd_byteArray [NEW_DISK [8192, -1]]" classname="com.google.common.jimfs.RegularFileTest$RegularFileTestRunner" time="0.0"/>
  <testcase name="testNonEmpty_read_partial_fromStart_singleBuffer [NEW_DISK [8192, -1]]" classname="com.google.common.jimfs.RegularFileTest$RegularFileTestRunner" time="0.001"/>
  <testcase name="testNonEmpty_read_partial_fromMiddle_singleBuffer [NEW_DISK [8192, -1]]" classname="com.google.common.jimfs.RegularFileTest$RegularFileTestRunner" time="0.0"/>
  <testcase name="testNonEmpty_read_partial_fromEnd_singleBuffer [NEW_DISK [8192, -1]]" classname="com.google.common.jimfs.RegularFileTest$RegularFileTestRunner" time="0.0"/>
  <testcase name="testEmpty_write_multipleBuffers_atStart [NEW_DISK [8192, -1]]" classname="com.google.common.jimfs.RegularFileTest$RegularFileTestRunner" time="0.0"/>
  <testcase name="testEmpty_write_byteArray_atNonZeroPosition [NEW_DISK [8192, -1]]" classname="com.google.common.jimfs.RegularFileTest$RegularFileTestRunner" time="0.0"/>
  <testcase name="testEmpty_read_singleByte [NEW_DISK [8192, -1]]" classname="com.google.common.jimfs.RegularFileTest$RegularFileTestRunner" time="0.0"/>
  <testcase name="testEmpty_read_byteArray [NEW_DISK [8192, -1]]" classname="com.google.common.jimfs.RegularFileTest$RegularFileTestRunner" time="0.0"/>
  <testcase name="testEmpty_read_singleBuffer [NEW_DISK [8192, -1]]" classname="com.google.common.jimfs.RegularFileTest$RegularFileTestRunner" time="0.0"/>
  <testcase name="testEmpty_read_multipleBuffers [NEW_DISK [8192, -1]]" classname="com.google.common.jimfs.RegularFileTest$RegularFileTestRunner" time="0.0"/>
  <testcase name="testEmpty_write_partialByteArray_atNonZeroPosition [NEW_DISK [8192, -1]]" classname="com.google.common.jimfs.RegularFileTest$RegularFileTestRunner" time="0.0"/>
  <testcase name="testEmpty_write_singleBuffer_atStart [NEW_DISK [8192, -1]]" classname="com.google.common.jimfs.RegularFileTest$RegularFileTestRunner" time="0.0"/>
  <testcase name="testEmpty_write_partialByteArray_atStart [NEW_DISK [8192, -1]]" classname="com.google.common.jimfs.RegularFileTest$RegularFileTestRunner" time="0.0"/>
  <testcase name="testEmpty_transferFrom_positionGreaterThanSize_countGreaterThanSrcSize [NEW_DISK [8192, -1]]" classname="com.google.common.jimfs.RegularFileTest$RegularFileTestRunner" time="0.0"/>
  <testcase name="testEmpty [NEW_DISK [8192, -1]]" classname="com.google.common.jimfs.RegularFileTest$RegularFileTestRunner" time="0.0"/>
  <testcase name="testNonEmpty_read_partial_fromStart_multipleBuffers [NEW_DISK [8192, -1]]" classname="com.google.common.jimfs.RegularFileTest$RegularFileTestRunner" time="0.0"/>
  <testcase name="testNonEmpty_read_partial_fromMiddle_multipleBuffers [NEW_DISK [8192, -1]]" classname="com.google.common.jimfs.RegularFileTest$RegularFileTestRunner" time="0.0"/>
  <testcase name="testNonEmpty_read_partial_fromEnd_multipleBuffers [NEW_DISK [8192, -1]]" classname="com.google.common.jimfs.RegularFileTest$RegularFileTestRunner" time="0.0"/>
  <testcase name="testNonEmpty_read_fromPastEnd_byteArray [NEW_DISK [8192, -1]]" classname="com.google.common.jimfs.RegularFileTest$RegularFileTestRunner" time="0.0"/>
  <testcase name="testNonEmpty_read_fromPastEnd_singleBuffer [NEW_DISK [8192, -1]]" classname="com.google.common.jimfs.RegularFileTest$RegularFileTestRunner" time="0.0"/>
  <testcase name="testNonEmpty_read_fromPastEnd_multipleBuffers [NEW_DISK [8192, -1]]" classname="com.google.common.jimfs.RegularFileTest$RegularFileTestRunner" time="0.0"/>
  <testcase name="testNonEmpty_write_partial_fromStart_singleByte [NEW_DISK [8192, -1]]" classname="com.google.common.jimfs.RegularFileTest$RegularFileTestRunner" time="0.0"/>
  <testcase name="testNonEmpty_write_partial_fromMiddle_singleByte [NEW_DISK [8192, -1]]" classname="com.google.common.jimfs.RegularFileTest$RegularFileTestRunner" time="0.0"/>
  <testcase name="testNonEmpty_write_partial_fromEnd_singleByte [NEW_DISK [8192, -1]]" classname="com.google.common.jimfs.RegularFileTest$RegularFileTestRunner" time="0.0"/>
  <testcase name="testNonEmpty_write_partial_fromStart_byteArray [NEW_DISK [8192, -1]]" classname="com.google.common.jimfs.RegularFileTest$RegularFileTestRunner" time="0.0"/>
  <testcase name="testNonEmpty_write_partial_fromMiddle_byteArray [NEW_DISK [8192, -1]]" classname="com.google.common.jimfs.RegularFileTest$RegularFileTestRunner" time="0.001"/>
  <testcase name="testNonEmpty_write_partial_fromBeforeEnd_byteArray [NEW_DISK [8192, -1]]" classname="com.google.common.jimfs.RegularFileTest$RegularFileTestRunner" time="0.0"/>
  <testcase name="testNonEmpty_write_partial_fromEnd_byteArray [NEW_DISK [8192, -1]]" classname="com.google.common.jimfs.RegularFileTest$RegularFileTestRunner" time="0.0"/>
  <testcase name="testNonEmpty_write_partial_fromPastEnd_byteArray [NEW_DISK [8192, -1]]" classname="com.google.common.jimfs.RegularFileTest$RegularFileTestRunner" time="0.0"/>
  <testcase name="testNonEmpty_write_partial_fromStart_singleBuffer [NEW_DISK [8192, -1]]" classname="com.google.common.jimfs.RegularFileTest$RegularFileTestRunner" time="0.0"/>
  <testcase name="testNonEmpty_write_partial_fromMiddle_singleBuffer [NEW_DISK [8192, -1]]" classname="com.google.common.jimfs.RegularFileTest$RegularFileTestRunner" time="0.0"/>
  <testcase name="testNonEmpty_write_partial_fromEnd_singleBuffer [NEW_DISK [8192, -1]]" classname="com.google.common.jimfs.RegularFileTest$RegularFileTestRunner" time="0.0"/>
  <testcase name="testNonEmpty_write_partial_fromPastEnd_singleBuffer [NEW_DISK [8192, -1]]" classname="com.google.common.jimfs.RegularFileTest$RegularFileTestRunner" time="0.001"/>
  <testcase name="testNonEmpty_write_partial_fromStart_multipleBuffers [NEW_DISK [8192, -1]]" classname="com.google.common.jimfs.RegularFileTest$RegularFileTestRunner" time="0.0"/>
  <testcase name="testNonEmpty_write_partial_fromMiddle_multipleBuffers [NEW_DISK [8192, -1]]" classname="com.google.common.jimfs.RegularFileTest$RegularFileTestRunner" time="0.0"/>
  <testcase name="testNonEmpty_write_partial_fromBeforeEnd_multipleBuffers [NEW_DISK [8192, -1]]" classname="com.google.common.jimfs.RegularFileTest$RegularFileTestRunner" time="0.0"/>
  <testcase name="testNonEmpty_write_partial_fromEnd_multipleBuffers [NEW_DISK [8192, -1]]" classname="com.google.common.jimfs.RegularFileTest$RegularFileTestRunner" time="0.0"/>
  <testcase name="testNonEmpty_write_partial_fromPastEnd_multipleBuffers [NEW_DISK [8192, -1]]" classname="com.google.common.jimfs.RegularFileTest$RegularFileTestRunner" time="0.0"/>
  <testcase name="testNonEmpty_write_overwrite_sameLength [NEW_DISK [8192, -1]]" classname="com.google.common.jimfs.RegularFileTest$RegularFileTestRunner" time="0.0"/>
  <testcase name="testNonEmpty_write_overwrite_greaterLength [NEW_DISK [8192, -1]]" classname="com.google.common.jimfs.RegularFileTest$RegularFileTestRunner" time="0.0"/>
  <testcase name="testNonEmpty_transferTo_fromStart_countEqualsSize [NEW_DISK [8192, -1]]" classname="com.google.common.jimfs.RegularFileTest$RegularFileTestRunner" time="0.0"/>
  <testcase name="testNonEmpty_transferTo_fromStart_countLessThanSize [NEW_DISK [8192, -1]]" classname="com.google.common.jimfs.RegularFileTest$RegularFileTestRunner" time="0.0"/>
  <testcase name="testNonEmpty_transferTo_fromMiddle_countEqualsSize [NEW_DISK [8192, -1]]" classname="com.google.common.jimfs.RegularFileTest$RegularFileTestRunner" time="0.0"/>
  <testcase name="testNonEmpty_transferTo_fromMiddle_countLessThanSize [NEW_DISK [8192, -1]]" classname="com.google.common.jimfs.RegularFileTest$RegularFileTestRunner" time="0.0"/>
  <testcase name="testNonEmpty_transferFrom_toStart_countEqualsSrcSize [NEW_DISK [8192, -1]]" classname="com.google.common.jimfs.RegularFileTest$RegularFileTestRunner" time="0.0"/>
  <testcase name="testNonEmpty_transferFrom_toStart_countLessThanSrcSize [NEW_DISK [8192, -1]]" classname="com.google.common.jimfs.RegularFileTest$RegularFileTestRunner" time="0.0"/>
  <testcase name="testNonEmpty_transferFrom_toStart_countGreaterThanSrcSize [NEW_DISK [8192, -1]]" classname="com.google.common.jimfs.RegularFileTest$RegularFileTestRunner" time="0.0"/>
  <testcase name="testNonEmpty_transferFrom_toMiddle_countEqualsSrcSize [NEW_DISK [8192, -1]]" classname="com.google.common.jimfs.RegularFileTest$RegularFileTestRunner" time="0.0"/>
  <testcase name="testNonEmpty_transferFrom_toMiddle_countLessThanSrcSize [NEW_DISK [8192, -1]]" classname="com.google.common.jimfs.RegularFileTest$RegularFileTestRunner" time="0.0"/>
  <testcase name="testNonEmpty_transferFrom_toMiddle_countGreaterThanSrcSize [NEW_DISK [8192, -1]]" classname="com.google.common.jimfs.RegularFileTest$RegularFileTestRunner" time="0.0"/>
  <testcase name="testNonEmpty_transferFrom_toMiddle_transferGoesBeyondContentSize [NEW_DISK [8192, -1]]" classname="com.google.common.jimfs.RegularFileTest$RegularFileTestRunner" time="0.0"/>
  <testcase name="testNonEmpty_transferFrom_toEnd [NEW_DISK [8192, -1]]" classname="com.google.common.jimfs.RegularFileTest$RegularFileTestRunner" time="0.0"/>
  <testcase name="testNonEmpty_transferFrom_positionGreaterThanSize [NEW_DISK [8192, -1]]" classname="com.google.common.jimfs.RegularFileTest$RegularFileTestRunner" time="0.0"/>
  <testcase name="testNonEmpty_transferFrom_hugeOverestimateCount [NEW_DISK [8192, -1]]" classname="com.google.common.jimfs.RegularFileTest$RegularFileTestRunner" time="0.0"/>
  <testcase name="testNonEmpty_copy [NEW_DISK [8192, -1]]" classname="com.google.common.jimfs.RegularFileTest$RegularFileTestRunner" time="0.0"/>
  <testcase name="testNonEmpty_copy_multipleTimes [NEW_DISK [8192, -1]]" classname="com.google.common.jimfs.RegularFileTest$RegularFileTestRunner" time="0.0"/>
  <testcase name="testNonEmpty_truncate_toZero [NEW_DISK [8192, -1]]" classname="com.google.common.jimfs.RegularFileTest$RegularFileTestRunner" time="0.0"/>
  <testcase name="testNonEmpty_truncate_partial [NEW_DISK [8192, -1]]" classname="com.google.common.jimfs.RegularFileTest$RegularFileTestRunner" time="0.0"/>
  <testcase name="testNonEmpty_truncate_sizeUp [NEW_DISK [8192, -1]]" classname="com.google.common.jimfs.RegularFileTest$RegularFileTestRunner" time="0.0"/>
  <testcase name="testDeletedStoreRemainsUsableWhileOpen [NEW_DISK [8192, -1]]" classname="com.google.common.jimfs.RegularFileTest$RegularFileTestRunner" time="0.0"/>
  <testcase name="testEmpty_write_singleByte_atNonZeroPosition [KEEP_FILES [2, 0]]" classname="com.google.common.jimfs.RegularFileTest$RegularFileTestRunner" time="0.0"/>
  <testcase name="testNonEmpty_write_partial_fromBeforeEnd_singleBuffer [KEEP_FILES [2, 0]]" classname="com.google.common.jimfs.RegularFileTest$RegularFileTestRunner" time="0.0"/>
  <testcase name="testEmpty_transferFrom_positionGreaterThanSize_countLessThanSrcSize [KEEP_FILES [2, 0]]" classname="com.google.common.jimfs.RegularFileTest$RegularFileTestRunner" time="0.0"/>
  <testcase name="testEmpty_write_singleByte_atStart [KEEP_FILES [2, 0]]" classname="com.google.common.jimfs.RegularFileTest$RegularFileTestRunner" time="0.0"/>
  <testcase name="testEmpty_write_byteArray_atStart [KEEP_FILES [2, 0]]" classname="com.google.common.jimfs.RegularFileTest$RegularFileTestRunner" time="0.0"/>
  <testcase name="testEmpty_write_singleBuffer_atNonZeroPosition [KEEP_FILES [2, 0]]" classname="com.google.common.jimfs.RegularFileTest$RegularFileTestRunner" time="0.0"/>
  <testcase name="testEmpty_write_multipleBuffers_atNonZeroPosition [KEEP_FILES [2, 0]]" classname="com.google.common.jimfs.RegularFileTest$RegularFileTestRunner" time="0.0"/>
  <testcase name="testEmpty_write_noBytesArray_atStart [KEEP_FILES [2, 0]]" classname="com.google.common.jimfs.RegularFileTest$RegularFileTestRunner" time="0.0"/>
  <testcase name="testEmpty_write_noBytesArray_atNonZeroPosition [KEEP_FILES [2, 0]]" classname="com.google.common.jimfs.RegularFileTest$RegularFileTestRunner" time="0.0"/>
  <testcase name="testEmpty_write_noBytesBuffer_atStart [KEEP_FILES [2, 0]]" classname="com.google.common.jimfs.RegularFileTest$RegularFileTestRunner" time="0.0"/>
  <testcase name="testEmpty_write_noBytesBuffer_atNonZeroPosition [KEEP_FILES [2, 0]]" classname="com.google.common.jimfs.RegularFileTest$RegularFileTestRunner" time="0.0"/>
  <testcase name="testEmpty_write_noBytesBuffers_atStart [KEEP_FILES [2, 0]]" classname="com.google.common.jimfs.RegularFileTest$RegularFileTestRunner" time="0.0"/>
  <testcase name="testEmpty_write_noBytesBuffers_atNonZeroPosition [KEEP_FILES [2, 0]]" classname="com.google.common.jimfs.RegularFileTest$RegularFileTestRunner" time="0.0"/>
  <testcase name="testEmpty_transferFrom_fromStart_countEqualsSrcSize [KEEP_FILES [2, 0]]" classname="com.google.common.jimfs.RegularFileTest$RegularFileTestRunner" time="0.0"/>
  <testcase name="testEmpty_transferFrom_fromStart_countLessThanSrcSize [KEEP_FILES [2, 0]]" classname="com.google.common.jimfs.RegularFileTest$RegularFileTestRunner" time="0.0"/>
  <testcase name="testEmpty_transferFrom_fromStart_countGreaterThanSrcSize [KEEP_FILES [2, 0]]" classname="com.google.common.jimfs.RegularFileTest$RegularFileTestRunner" time="0.0"/>
  <testcase name="testEmpty_transferFrom_positionGreaterThanSize [KEEP_FILES [2, 0]]" classname="com.google.common.jimfs.RegularFileTest$RegularFileTestRunner" time="0.0"/>
  <testcase name="testEmpty_transferFrom_positionGreaterThanSize_countEqualsSrcSize [KEEP_FILES [2, 0]]" classname="com.google.common.jimfs.RegularFileTest$RegularFileTestRunner" time="0.0"/>
  <testcase name="testEmpty_transferFrom_fromStart_noBytes_countEqualsSrcSize [KEEP_FILES [2, 0]]" classname="com.google.common.jimfs.RegularFileTest$RegularFileTestRunner" time="0.0"/>
  <testcase name="testEmpty_transferFrom_fromStart_noBytes_countGreaterThanSrcSize [KEEP_FILES [2, 0]]" classname="com.google.common.jimfs.RegularFileTest$RegularFileTestRunner" time="0.0"/>
  <testcase name="testEmpty_transferFrom_postionGreaterThanSrcSize_noBytes_countEqualsSrcSize [KEEP_FILES [2, 0]]" classname="com.google.common.jimfs.RegularFileTest$RegularFileTestRunner" time="0.0"/>
  <testcase name="testEmpty_transferFrom_postionGreaterThanSrcSize_noBytes_countGreaterThanSrcSize [KEEP_FILES [2, 0]]" classname="com.google.common.jimfs.RegularFileTest$RegularFileTestRunner" time="0.0"/>
  <testcase name="testEmpty_transferTo [KEEP_FILES [2, 0]]" classname="com.google.common.jimfs.RegularFileTest$RegularFileTestRunner" time="0.0"/>
  <testcase name="testEmpty_copy [KEEP_FILES [2, 0]]" classname="com.google.common.jimfs.RegularFileTest$RegularFileTestRunner" time="0.0"/>
  <testcase name="testEmpty_truncate_toZero [KEEP_FILES [2, 0]]" classname="com.google.common.jimfs.RegularFileTest$RegularFileTestRunner" time="0.0"/>
  <testcase name="testEmpty_truncate_sizeUp [KEEP_FILES [2, 0]]" classname="com.google.common.jimfs.RegularFileTest$RegularFileTestRunner" time="0.0"/>
  <testcase name="testNonEmpty [KEEP_FILES [2, 0]]" classname="com.google.common.jimfs.RegularFileTest$RegularFileTestRunner" time="0.0"/>
  <testcase name="testNonEmpty_read_singleByte [KEEP_FILES [2, 0]]" classname="com.google.common.jimfs.RegularFileTest$RegularFileTestRunner" time="0.0"/>
  <testcase name="testNonEmpty_read_all_byteArray [KEEP_FILES [2, 0]]" classname="com.google.common.jimfs.RegularFileTest$RegularFileTestRunner" time="0.0"/>
  <testcase name="testNonEmpty_read_all_singleBuffer [KEEP_FILES [2, 0]]" classname="com.google.common.jimfs.RegularFileTest$RegularFileTestRunner" time="0.0"/>
  <testcase name="testNonEmpty_read_all_multipleBuffers [KEEP_FILES [2, 0]]" classname="com.google.common.jimfs.RegularFileTest$RegularFileTestRunner" time="0.0"/>
  <testcase name="testNonEmpty_read_all_byteArray_largerThanContent [KEEP_FILES [2, 0]]" classname="com.google.common.jimfs.RegularFileTest$RegularFileTestRunner" time="0.0"/>
  <testcase name="testNonEmpty_read_all_singleBuffer_largerThanContent [KEEP_FILES [2, 0]]" classname="com.google.common.jimfs.RegularFileTest$RegularFileTestRunner" time="0.0"/>
  <testcase name="testNonEmpty_read_all_multipleBuffers_largerThanContent [KEEP_FILES [2, 0]]" classname="com.google.common.jimfs.RegularFileTest$RegularFileTestRunner" time="0.0"/>
  <testcase name="testNonEmpty_read_all_multipleBuffers_extraBuffers [KEEP_FILES [2, 0]]" classname="com.google.common.jimfs.RegularFileTest$RegularFileTestRunner" time="0.0"/>
  <testcase name="testNonEmpty_read_partial_fromStart_byteArray [KEEP_FILES [2, 0]]" classname="com.google.common.jimfs.RegularFileTest$RegularFileTestRunner" time="0.0"/>
  <testcase name="testNonEmpty_read_partial_fromMiddle_byteArray [KEEP_FILES [2, 0]]" classname="com.google.common.jimfs.RegularFileTest$RegularFileTestRunner" time="0.0"/>
  <testcase name="testNonEmpty_read_partial_fromEnd_byteArray [KEEP_FILES [2, 0]]" classname="com.google.common.jimfs.RegularFileTest$RegularFileTestRunner" time="0.0"/>
  <testcase name="testNonEmpty_read_partial_fromStart_singleBuffer [KEEP_FILES [2, 0]]" classname="com.google.common.jimfs.RegularFileTest$RegularFileTestRunner" time="0.0"/>
  <testcase name="testNonEmpty_read_partial_fromMiddle_singleBuffer [KEEP_FILES [2, 0]]" classname="com.google.common.jimfs.RegularFileTest$RegularFileTestRunner" time="0.0"/>
  <testcase name="testNonEmpty_read_partial_fromEnd_singleBuffer [KEEP_FILES [2, 0]]" classname="com.google.common.jimfs.RegularFileTest$RegularFileTestRunner" time="0.0"/>
  <testcase name="testEmpty_write_multipleBuffers_atStart [KEEP_FILES [2, 0]]" classname="com.google.common.jimfs.RegularFileTest$RegularFileTestRunner" time="0.0"/>
  <testcase name="testEmpty_write_byteArray_atNonZeroPosition [KEEP_FILES [2, 0]]" classname="com.google.common.jimfs.RegularFileTest$RegularFileTestRunner" time="0.0"/>
  <testcase name="testEmpty_read_singleByte [KEEP_FILES [2, 0]]" classname="com.google.common.jimfs.RegularFileTest$RegularFileTestRunner" time="0.0"/>
  <testcase name="testEmpty_read_byteArray [KEEP_FILES [2, 0]]" classname="com.google.common.jimfs.RegularFileTest$RegularFileTestRunner" time="0.0"/>
  <testcase name="testEmpty_read_singleBuffer [KEEP_FILES [2, 0]]" classname="com.google.common.jimfs.RegularFileTest$RegularFileTestRunner" time="0.0"/>
  <testcase name="testEmpty_read_multipleBuffers [KEEP_FILES [2, 0]]" classname="com.google.common.jimfs.RegularFileTest$RegularFileTestRunner" time="0.0"/>
  <testcase name="testEmpty_write_partialByteArray_atNonZeroPosition [KEEP_FILES [2, 0]]" classname="com.google.common.jimfs.RegularFileTest$RegularFileTestRunner" time="0.0"/>
  <testcase name="testEmpty_write_singleBuffer_atStart [KEEP_FILES [2, 0]]" classname="com.google.common.jimfs.RegularFileTest$RegularFileTestRunner" time="0.0"/>
  <testcase name="testEmpty_write_partialByteArray_atStart [KEEP_FILES [2, 0]]" classname="com.google.common.jimfs.RegularFileTest$RegularFileTestRunner" time="0.0"/>
  <testcase name="testEmpty_transferFrom_positionGreaterThanSize_countGreaterThanSrcSize [KEEP_FILES [2, 0]]" classname="com.google.common.jimfs.RegularFileTest$RegularFileTestRunner" time="0.0"/>
  <testcase name="testEmpty [KEEP_FILES [2, 0]]" classname="com.google.common.jimfs.RegularFileTest$RegularFileTestRunner" time="0.0"/>
  <testcase name="testNonEmpty_read_partial_fromStart_multipleBuffers [KEEP_FILES [2, 0]]" classname="com.google.common.jimfs.RegularFileTest$RegularFileTestRunner" time="0.0"/>
  <testcase name="testNonEmpty_read_partial_fromMiddle_multipleBuffers [KEEP_FILES [2, 0]]" classname="com.google.common.jimfs.RegularFileTest$RegularFileTestRunner" time="0.0"/>
  <testcase name="testNonEmpty_read_partial_fromEnd_multipleBuffers [KEEP_FILES [2, 0]]" classname="com.google.common.jimfs.RegularFileTest$RegularFileTestRunner" time="0.0"/>
  <testcase name="testNonEmpty_read_fromPastEnd_byteArray [KEEP_FILES [2, 0]]" classname="com.google.common.jimfs.RegularFileTest$RegularFileTestRunner" time="0.0"/>
  <testcase name="testNonEmpty_read_fromPastEnd_singleBuffer [KEEP_FILES [2, 0]]" classname="com.google.common.jimfs.RegularFileTest$RegularFileTestRunner" time="0.0"/>
  <testcase name="testNonEmpty_read_fromPastEnd_multipleBuffers [KEEP_FILES [2, 0]]" classname="com.google.common.jimfs.RegularFileTest$RegularFileTestRunner" time="0.0"/>
  <testcase name="testNonEmpty_write_partial_fromStart_singleByte [KEEP_FILES [2, 0]]" classname="com.google.common.jimfs.RegularFileTest$RegularFileTestRunner" time="0.0"/>
  <testcase name="testNonEmpty_write_partial_fromMiddle_singleByte [KEEP_FILES [2, 0]]" classname="com.google.common.jimfs.RegularFileTest$RegularFileTestRunner" time="0.0"/>
  <testcase name="testNonEmpty_write_partial_fromEnd_singleByte [KEEP_FILES [2, 0]]" classname="com.google.common.jimfs.RegularFileTest$RegularFileTestRunner" time="0.0"/>
  <testcase name="testNonEmpty_write_partial_fromStart_byteArray [KEEP_FILES [2, 0]]" classname="com.google.common.jimfs.RegularFileTest$RegularFileTestRunner" time="0.0"/>
  <testcase name="testNonEmpty_write_partial_fromMiddle_byteArray [KEEP_FILES [2, 0]]" classname="com.google.common.jimfs.RegularFileTest$RegularFileTestRunner" time="0.0"/>
  <testcase name="testNonEmpty_write_partial_fromBeforeEnd_byteArray [KEEP_FILES [2, 0]]" classname="com.google.common.jimfs.RegularFileTest$RegularFileTestRunner" time="0.0"/>
  <testcase name="testNonEmpty_write_partial_fromEnd_byteArray [KEEP_FILES [2, 0]]" classname="com.google.common.jimfs.RegularFileTest$RegularFileTestRunner" time="0.0"/>
  <testcase name="testNonEmpty_write_partial_fromPastEnd_byteArray [KEEP_FILES [2, 0]]" classname="com.google.common.jimfs.RegularFileTest$RegularFileTestRunner" time="0.0"/>
  <testcase name="testNonEmpty_write_partial_fromStart_singleBuffer [KEEP_FILES [2, 0]]" classname="com.google.common.jimfs.RegularFileTest$RegularFileTestRunner" time="0.0"/>
  <testcase name="testNonEmpty_write_partial_fromMiddle_singleBuffer [KEEP_FILES [2, 0]]" classname="com.google.common.jimfs.RegularFileTest$RegularFileTestRunner" time="0.0"/>
  <testcase name="testNonEmpty_write_partial_fromEnd_singleBuffer [KEEP_FILES [2, 0]]" classname="com.google.common.jimfs.RegularFileTest$RegularFileTestRunner" time="0.0"/>
  <testcase name="testNonEmpty_write_partial_fromPastEnd_singleBuffer [KEEP_FILES [2, 0]]" classname="com.google.common.jimfs.RegularFileTest$RegularFileTestRunner" time="0.0"/>
  <testcase name="testNonEmpty_write_partial_fromStart_multipleBuffers [KEEP_FILES [2, 0]]" classname="com.google.common.jimfs.RegularFileTest$RegularFileTestRunner" time="0.0"/>
  <testcase name="testNonEmpty_write_partial_fromMiddle_multipleBuffers [KEEP_FILES [2, 0]]" classname="com.google.common.jimfs.RegularFileTest$RegularFileTestRunner" time="0.0"/>
  <testcase name="testNonEmpty_write_partial_fromBeforeEnd_multipleBuffers [KEEP_FILES [2, 0]]" classname="com.google.common.jimfs.RegularFileTest$RegularFileTestRunner" time="0.0"/>
  <testcase name="testNonEmpty_write_partial_fromEnd_multipleBuffers [KEEP_FILES [2, 0]]" classname="com.google.common.jimfs.RegularFileTest$RegularFileTestRunner" time="0.0"/>
  <testcase name="testNonEmpty_write_partial_fromPastEnd_multipleBuffers [KEEP_FILES [2, 0]]" classname="com.google.common.jimfs.RegularFileTest$RegularFileTestRunner" time="0.0"/>
  <testcase name="testNonEmpty_write_overwrite_sameLength [KEEP_FILES [2, 0]]" classname="com.google.common.jimfs.RegularFileTest$RegularFileTestRunner" time="0.0"/>
  <testcase name="testNonEmpty_write_overwrite_greaterLength [KEEP_FILES [2, 0]]" classname="com.google.common.jimfs.RegularFileTest$RegularFileTestRunner" time="0.0"/>
  <testcase name="testNonEmpty_transferTo_fromStart_countEqualsSize [KEEP_FILES [2, 0]]" classname="com.google.common.jimfs.RegularFileTest$RegularFileTestRunner" time="0.0"/>
  <testcase name="testNonEmpty_transferTo_fromStart_countLessThanSize [KEEP_FILES [2, 0]]" classname="com.google.common.jimfs.RegularFileTest$RegularFileTestRunner" time="0.0"/>
  <testcase name="testNonEmpty_transferTo_fromMiddle_countEqualsSize [KEEP_FILES [2, 0]]" classname="com.google.common.jimfs.RegularFileTest$RegularFileTestRunner" time="0.0"/>
  <testcase name="testNonEmpty_transferTo_fromMiddle_countLessThanSize [KEEP_FILES [2, 0]]" classname="com.google.common.jimfs.RegularFileTest$RegularFileTestRunner" time="0.0"/>
  <testcase name="testNonEmpty_transferFrom_toStart_countEqualsSrcSize [KEEP_FILES [2, 0]]" classname="com.google.common.jimfs.RegularFileTest$RegularFileTestRunner" time="0.0"/>
  <testcase name="testNonEmpty_transferFrom_toStart_countLessThanSrcSize [KEEP_FILES [2, 0]]" classname="com.google.common.jimfs.RegularFileTest$RegularFileTestRunner" time="0.0"/>
  <testcase name="testNonEmpty_transferFrom_toStart_countGreaterThanSrcSize [KEEP_FILES [2, 0]]" classname="com.google.common.jimfs.RegularFileTest$RegularFileTestRunner" time="0.0"/>
  <testcase name="testNonEmpty_transferFrom_toMiddle_countEqualsSrcSize [KEEP_FILES [2, 0]]" classname="com.google.common.jimfs.RegularFileTest$RegularFileTestRunner" time="0.0"/>
  <testcase name="testNonEmpty_transferFrom_toMiddle_countLessThanSrcSize [KEEP_FILES [2, 0]]" classname="com.google.common.jimfs.RegularFileTest$RegularFileTestRunner" time="0.0"/>
  <testcase name="testNonEmpty_transferFrom_toMiddle_countGreaterThanSrcSize [KEEP_FILES [2, 0]]" classname="com.google.common.jimfs.RegularFileTest$RegularFileTestRunner" time="0.0"/>
  <testcase name="testNonEmpty_transferFrom_toMiddle_transferGoesBeyondContentSize [KEEP_FILES [2, 0]]" classname="com.google.common.jimfs.RegularFileTest$RegularFileTestRunner" time="0.0"/>
  <testcase name="testNonEmpty_transferFrom_toEnd [KEEP_FILES [2, 0]]" classname="com.google.common.jimfs.RegularFileTest$RegularFileTestRunner" time="0.0"/>
  <testcase name="testNonEmpty_transferFrom_positionGreaterThanSize [KEEP_FILES [2, 0]]" classname="com.google.common.jimfs.RegularFileTest$RegularFileTestRunner" time="0.0"/>
  <testcase name="testNonEmpty_transferFrom_hugeOverestimateCount [KEEP_FILES [2, 0]]" classname="com.google.common.jimfs.RegularFileTest$RegularFileTestRunner" time="0.0"/>
  <testcase name="testNonEmpty_copy [KEEP_FILES [2, 0]]" classname="com.google.common.jimfs.RegularFileTest$RegularFileTestRunner" time="0.0"/>
  <testcase name="testNonEmpty_copy_multipleTimes [KEEP_FILES [2, 0]]" classname="com.google.common.jimfs.RegularFileTest$RegularFileTestRunner" time="0.0"/>
  <testcase name="testNonEmpty_truncate_toZero [KEEP_FILES [2, 0]]" classname="com.google.common.jimfs.RegularFileTest$RegularFileTestRunner" time="0.0"/>
  <testcase name="testNonEmpty_truncate_partial [KEEP_FILES [2, 0]]" classname="com.google.common.jimfs.RegularFileTest$RegularFileTestRunner" time="0.0"/>
  <testcase name="testNonEmpty_truncate_sizeUp [KEEP_FILES [2, 0]]" classname="com.google.common.jimfs.RegularFileTest$RegularFileTestRunner" time="0.0"/>
  <testcase name="testDeletedStoreRemainsUsableWhileOpen [KEEP_FILES [2, 0]]" classname="com.google.common.jimfs.RegularFileTest$RegularFileTestRunner" time="0.0"/>
  <testcase name="testEmpty_write_singleByte_atNonZeroPosition [KEEP_FILES [2, 4]]" classname="com.google.common.jimfs.RegularFileTest$RegularFileTestRunner" time="0.0"/>
  <testcase name="testNonEmpty_write_partial_fromBeforeEnd_singleBuffer [KEEP_FILES [2, 4]]" classname="com.google.common.jimfs.RegularFileTest$RegularFileTestRunner" time="0.0"/>
  <testcase name="testEmpty_transferFrom_positionGreaterThanSize_countLessThanSrcSize [KEEP_FILES [2, 4]]" classname="com.google.common.jimfs.RegularFileTest$RegularFileTestRunner" time="0.0"/>
  <testcase name="testEmpty_write_singleByte_atStart [KEEP_FILES [2, 4]]" classname="com.google.common.jimfs.RegularFileTest$RegularFileTestRunner" time="0.0"/>
  <testcase name="testEmpty_write_byteArray_atStart [KEEP_FILES [2, 4]]" classname="com.google.common.jimfs.RegularFileTest$RegularFileTestRunner" time="0.001"/>
  <testcase name="testEmpty_write_singleBuffer_atNonZeroPosition [KEEP_FILES [2, 4]]" classname="com.google.common.jimfs.RegularFileTest$RegularFileTestRunner" time="0.0"/>
  <testcase name="testEmpty_write_multipleBuffers_atNonZeroPosition [KEEP_FILES [2, 4]]" classname="com.google.common.jimfs.RegularFileTest$RegularFileTestRunner" time="0.0"/>
  <testcase name="testEmpty_write_noBytesArray_atStart [KEEP_FILES [2, 4]]" classname="com.google.common.jimfs.RegularFileTest$RegularFileTestRunner" time="0.0"/>
  <testcase name="testEmpty_write_noBytesArray_atNonZeroPosition [KEEP_FILES [2, 4]]" classname="com.google.common.jimfs.RegularFileTest$RegularFileTestRunner" time="0.0"/>
  <testcase name="testEmpty_write_noBytesBuffer_atStart [KEEP_FILES [2, 4]]" classname="com.google.common.jimfs.RegularFileTest$RegularFileTestRunner" time="0.0"/>
  <testcase name="testEmpty_write_noBytesBuffer_atNonZeroPosition [KEEP_FILES [2, 4]]" classname="com.google.common.jimfs.RegularFileTest$RegularFileTestRunner" time="0.0"/>
  <testcase name="testEmpty_write_noBytesBuffers_atStart [KEEP_FILES [2, 4]]" classname="com.google.common.jimfs.RegularFileTest$RegularFileTestRunner" time="0.0"/>
  <testcase name="testEmpty_write_noBytesBuffers_atNonZeroPosition [KEEP_FILES [2, 4]]" classname="com.google.common.jimfs.RegularFileTest$RegularFileTestRunner" time="0.0"/>
  <testcase name="testEmpty_transferFrom_fromStart_countEqualsSrcSize [KEEP_FILES [2, 4]]" classname="com.google.common.jimfs.RegularFileTest$RegularFileTestRunner" time="0.0"/>
  <testcase name="testEmpty_transferFrom_fromStart_countLessThanSrcSize [KEEP_FILES [2, 4]]" classname="com.google.common.jimfs.RegularFileTest$RegularFileTestRunner" time="0.0"/>
  <testcase name="testEmpty_transferFrom_fromStart_countGreaterThanSrcSize [KEEP_FILES [2, 4]]" classname="com.google.common.jimfs.RegularFileTest$RegularFileTestRunner" time="0.001"/>
  <testcase name="testEmpty_transferFrom_positionGreaterThanSize [KEEP_FILES [2, 4]]" classname="com.google.common.jimfs.RegularFileTest$RegularFileTestRunner" time="0.0"/>
  <testcase name="testEmpty_transferFrom_positionGreaterThanSize_countEqualsSrcSize [KEEP_FILES [2, 4]]" classname="com.google.common.jimfs.RegularFileTest$RegularFileTestRunner" time="0.0"/>
  <testcase name="testEmpty_transferFrom_fromStart_noBytes_countEqualsSrcSize [KEEP_FILES [2, 4]]" classname="com.google.common.jimfs.RegularFileTest$RegularFileTestRunner" time="0.0"/>
  <testcase name="testEmpty_transferFrom_fromStart_noBytes_countGreaterThanSrcSize [KEEP_FILES [2, 4]]" classname="com.google.common.jimfs.RegularFileTest$RegularFileTestRunner" time="0.0"/>
  <testcase name="testEmpty_transferFrom_postionGreaterThanSrcSize_noBytes_countEqualsSrcSize [KEEP_FILES [2, 4]]" classname="com.google.common.jimfs.RegularFileTest$RegularFileTestRunner" time="0.001"/>
  <testcase name="testEmpty_transferFrom_postionGreaterThanSrcSize_noBytes_countGreaterThanSrcSize [KEEP_FILES [2, 4]]" classname="com.google.common.jimfs.RegularFileTest$RegularFileTestRunner" time="0.0"/>
  <testcase name="testEmpty_transferTo [KEEP_FILES [2, 4]]" classname="com.google.common.jimfs.RegularFileTest$RegularFileTestRunner" time="0.0"/>
  <testcase name="testEmpty_copy [KEEP_FILES [2, 4]]" classname="com.google.common.jimfs.RegularFileTest$RegularFileTestRunner" time="0.0"/>
  <testcase name="testEmpty_truncate_toZero [KEEP_FILES [2, 4]]" classname="com.google.common.jimfs.RegularFileTest$RegularFileTestRunner" time="0.0"/>
  <testcase name="testEmpty_truncate_sizeUp [KEEP_FILES [2, 4]]" classname="com.google.common.jimfs.RegularFileTest$RegularFileTestRunner" time="0.001"/>
  <testcase name="testNonEmpty [KEEP_FILES [2, 4]]" classname="com.google.common.jimfs.RegularFileTest$RegularFileTestRunner" time="0.0"/>
  <testcase name="testNonEmpty_read_singleByte [KEEP_FILES [2, 4]]" classname="com.google.common.jimfs.RegularFileTest$RegularFileTestRunner" time="0.0"/>
  <testcase name="testNonEmpty_read_all_byteArray [KEEP_FILES [2, 4]]" classname="com.google.common.jimfs.RegularFileTest$RegularFileTestRunner" time="0.0"/>
  <testcase name="testNonEmpty_read_all_singleBuffer [KEEP_FILES [2, 4]]" classname="com.google.common.jimfs.RegularFileTest$RegularFileTestRunner" time="0.0"/>
  <testcase name="testNonEmpty_read_all_multipleBuffers [KEEP_FILES [2, 4]]" classname="com.google.common.jimfs.RegularFileTest$RegularFileTestRunner" time="0.0"/>
  <testcase name="testNonEmpty_read_all_byteArray_largerThanContent [KEEP_FILES [2, 4]]" classname="com.google.common.jimfs.RegularFileTest$RegularFileTestRunner" time="0.001"/>
  <testcase name="testNonEmpty_read_all_singleBuffer_largerThanContent [KEEP_FILES [2, 4]]" classname="com.google.common.jimfs.RegularFileTest$RegularFileTestRunner" time="0.0"/>
  <testcase name="testNonEmpty_read_all_multipleBuffers_largerThanContent [KEEP_FILES [2, 4]]" classname="com.google.common.jimfs.RegularFileTest$RegularFileTestRunner" time="0.0"/>
  <testcase name="testNonEmpty_read_all_multipleBuffers_extraBuffers [KEEP_FILES [2, 4]]" classname="com.google.common.jimfs.RegularFileTest$RegularFileTestRunner" time="0.0"/>
  <testcase name="testNonEmpty_read_partial_fromStart_byteArray [KEEP_FILES [2, 4]]" classname="com.google.common.jimfs.RegularFileTest$RegularFileTestRunner" time="0.0"/>
  <testcase name="testNonEmpty_read_partial_fromMiddle_byteArray [KEEP_FILES [2, 4]]" classname="com.google.common.jimfs.RegularFileTest$RegularFileTestRunner" time="0.001"/>
  <testcase name="testNonEmpty_read_partial_fromEnd_byteArray [KEEP_FILES [2, 4]]" classname="com.google.common.jimfs.RegularFileTest$RegularFileTestRunner" time="0.0"/>
  <testcase name="testNonEmpty_read_partial_fromStart_singleBuffer [KEEP_FILES [2, 4]]" classname="com.google.common.jimfs.RegularFileTest$RegularFileTestRunner" time="0.0"/>
  <testcase name="testNonEmpty_read_partial_fromMiddle_singleBuffer [KEEP_FILES [2, 4]]" classname="com.google.common.jimfs.RegularFileTest$RegularFileTestRunner" time="0.0"/>
  <testcase name="testNonEmpty_read_partial_fromEnd_singleBuffer [KEEP_FILES [2, 4]]" classname="com.google.common.jimfs.RegularFileTest$RegularFileTestRunner" time="0.0"/>
  <testcase name="testEmpty_write_multipleBuffers_atStart [KEEP_FILES [2, 4]]" classname="com.google.common.jimfs.RegularFileTest$RegularFileTestRunner" time="0.001"/>
  <testcase name="testEmpty_write_byteArray_atNonZeroPosition [KEEP_FILES [2, 4]]" classname="com.google.common.jimfs.RegularFileTest$RegularFileTestRunner" time="0.0"/>
  <testcase name="testEmpty_read_singleByte [KEEP_FILES [2, 4]]" classname="com.google.common.jimfs.RegularFileTest$RegularFileTestRunner" time="0.0"/>
  <testcase name="testEmpty_read_byteArray [KEEP_FILES [2, 4]]" classname="com.google.common.jimfs.RegularFileTest$RegularFileTestRunner" time="0.0"/>
  <testcase name="testEmpty_read_singleBuffer [KEEP_FILES [2, 4]]" classname="com.google.common.jimfs.RegularFileTest$RegularFileTestRunner" time="0.0"/>
  <testcase name="testEmpty_read_multipleBuffers [KEEP_FILES [2, 4]]" classname="com.google.common.jimfs.RegularFileTest$RegularFileTestRunner" time="0.001"/>
  <testcase name="testEmpty_write_partialByteArray_atNonZeroPosition [KEEP_FILES [2, 4]]" classname="com.google.common.jimfs.RegularFileTest$RegularFileTestRunner" time="0.0"/>
  <testcase name="testEmpty_write_singleBuffer_atStart [KEEP_FILES [2, 4]]" classname="com.google.common.jimfs.RegularFileTest$RegularFileTestRunner" time="0.0"/>
  <testcase name="testEmpty_write_partialByteArray_atStart [KEEP_FILES [2, 4]]" classname="com.google.common.jimfs.RegularFileTest$RegularFileTestRunner" time="0.0"/>
  <testcase name="testEmpty_transferFrom_positionGreaterThanSize_countGreaterThanSrcSize [KEEP_FILES [2, 4]]" classname="com.google.common.jimfs.RegularFileTest$RegularFileTestRunner" time="0.0"/>
  <testcase name="testEmpty [KEEP_FILES [2, 4]]" classname="com.google.common.jimfs.RegularFileTest$RegularFileTestRunner" time="0.0"/>
  <testcase name="testNonEmpty_read_partial_fromStart_multipleBuffers [KEEP_FILES [2, 4]]" classname="com.google.common.jimfs.RegularFileTest$RegularFileTestRunner" time="0.001"/>
  <testcase name="testNonEmpty_read_partial_fromMiddle_multipleBuffers [KEEP_FILES [2, 4]]" classname="com.google.common.jimfs.RegularFileTest$RegularFileTestRunner" time="0.0"/>
  <testcase name="testNonEmpty_read_partial_fromEnd_multipleBuffers [KEEP_FILES [2, 4]]" classname="com.google.common.jimfs.RegularFileTest$RegularFileTestRunner" time="0.0"/>
  <testcase name="testNonEmpty_read_fromPastEnd_byteArray [KEEP_FILES [2, 4]]" classname="com.google.common.jimfs.RegularFileTest$RegularFileTestRunner" time="0.0"/>
  <testcase name="testNonEmpty_read_fromPastEnd_singleBuffer [KEEP_FILES [2, 4]]" classname="com.google.common.jimfs.RegularFileTest$RegularFileTestRunner" time="0.0"/>
  <testcase name="testNonEmpty_read_fromPastEnd_multipleBuffers [KEEP_FILES [2, 4]]" classname="com.google.common.jimfs.RegularFileTest$RegularFileTestRunner" time="0.0"/>
  <testcase name="testNonEmpty_write_partial_fromStart_singleByte [KEEP_FILES [2, 4]]" classname="com.google.common.jimfs.RegularFileTest$RegularFileTestRunner" time="0.001"/>
  <testcase name="testNonEmpty_write_partial_fromMiddle_singleByte [KEEP_FILES [2, 4]]" classname="com.google.common.jimfs.RegularFileTest$RegularFileTestRunner" time="0.0"/>
  <testcase name="testNonEmpty_write_partial_fromEnd_singleByte [KEEP_FILES [2, 4]]" classname="com.google.common.jimfs.RegularFileTest$RegularFileTestRunner" time="0.0"/>
  <testcase name="testNonEmpty_write_partial_fromStart_byteArray [KEEP_FILES [2, 4]]" classname="com.google.common.jimfs.RegularFileTest$RegularFileTestRunner" time="0.0"/>
  <testcase name="testNonEmpty_write_partial_fromMiddle_byteArray [KEEP_FILES [2, 4]]" classname="com.google.common.jimfs.RegularFileTest$RegularFileTestRunner" time="0.0"/>
  <testcase name="testNonEmpty_write_partial_fromBeforeEnd_byteArray [KEEP_FILES [2, 4]]" classname="com.google.common.jimfs.RegularFileTest$RegularFileTestRunner" time="0.0"/>
  <testcase name="testNonEmpty_write_partial_fromEnd_byteArray [KEEP_FILES [2, 4]]" classname="com.google.common.jimfs.RegularFileTest$RegularFileTestRunner" time="0.001"/>
  <testcase name="testNonEmpty_write_partial_fromPastEnd_byteArray [KEEP_FILES [2, 4]]" classname="com.google.common.jimfs.RegularFileTest$RegularFileTestRunner" time="0.0"/>
  <testcase name="testNonEmpty_write_partial_fromStart_singleBuffer [KEEP_FILES [2, 4]]" classname="com.google.common.jimfs.RegularFileTest$RegularFileTestRunner" time="0.0"/>
  <testcase name="testNonEmpty_write_partial_fromMiddle_singleBuffer [KEEP_FILES [2, 4]]" classname="com.google.common.jimfs.RegularFileTest$RegularFileTestRunner" time="0.0"/>
  <testcase name="testNonEmpty_write_partial_fromEnd_singleBuffer [KEEP_FILES [2, 4]]" classname="com.google.common.jimfs.RegularFileTest$RegularFileTestRunner" time="0.001"/>
  <testcase name="testNonEmpty_write_partial_fromPastEnd_singleBuffer [KEEP_FILES [2, 4]]" classname="com.google.common.jimfs.RegularFileTest$RegularFileTestRunner" time="0.0"/>
  <testcase name="testNonEmpty_write_partial_fromStart_multipleBuffers [KEEP_FILES [2, 4]]" classname="com.google.common.jimfs.RegularFileTest$RegularFileTestRunner" time="0.0"/>
  <testcase name="testNonEmpty_write_partial_fromMiddle_multipleBuffers [KEEP_FILES [2, 4]]" classname="com.google.common.jimfs.RegularFileTest$RegularFileTestRunner" time="0.0"/>
  <testcase name="testNonEmpty_write_partial_fromBeforeEnd_multipleBuffers [KEEP_FILES [2, 4]]" classname="com.google.common.jimfs.RegularFileTest$RegularFileTestRunner" time="0.0"/>
  <testcase name="testNonEmpty_write_partial_fromEnd_multipleBuffers [KEEP_FILES [2, 4]]" classname="com.google.common.jimfs.RegularFileTest$RegularFileTestRunner" time="0.001"/>
  <testcase name="testNonEmpty_write_partial_fromPastEnd_multipleBuffers [KEEP_FILES [2, 4]]" classname="com.google.common.jimfs.RegularFileTest$RegularFileTestRunner" time="0.0"/>
  <testcase name="testNonEmpty_write_overwrite_sameLength [KEEP_FILES [2, 4]]" classname="com.google.common.jimfs.RegularFileTest$RegularFileTestRunner" time="0.0"/>
  <testcase name="testNonEmpty_write_overwrite_greaterLength [KEEP_FILES [2, 4]]" classname="com.google.common.jimfs.RegularFileTest$RegularFileTestRunner" time="0.0"/>
  <testcase name="testNonEmpty_transferTo_fromStart_countEqualsSize [KEEP_FILES [2, 4]]" classname="com.google.common.jimfs.RegularFileTest$RegularFileTestRunner" time="0.0"/>
  <testcase name="testNonEmpty_transferTo_fromStart_countLessThanSize [KEEP_FILES [2, 4]]" classname="com.google.common.jimfs.RegularFileTest$RegularFileTestRunner" time="0.0"/>
  <testcase name="testNonEmpty_transferTo_fromMiddle_countEqualsSize [KEEP_FILES [2, 4]]" classname="com.google.common.jimfs.RegularFileTest$RegularFileTestRunner" time="0.0"/>
  <testcase name="testNonEmpty_transferTo_fromMiddle_countLessThanSize [KEEP_FILES [2, 4]]" classname="com.google.common.jimfs.RegularFileTest$RegularFileTestRunner" time="0.0"/>
  <testcase name="testNonEmpty_transferFrom_toStart_countEqualsSrcSize [KEEP_FILES [2, 4]]" classname="com.google.common.jimfs.RegularFileTest$RegularFileTestRunner" time="0.0"/>
  <testcase name="testNonEmpty_transferFrom_toStart_countLessThanSrcSize [KEEP_FILES [2, 4]]" classname="com.google.common.jimfs.RegularFileTest$RegularFileTestRunner" time="0.0"/>
  <testcase name="testNonEmpty_transferFrom_toStart_countGreaterThanSrcSize [KEEP_FILES [2, 4]]" classname="com.google.common.jimfs.RegularFileTest$RegularFileTestRunner" time="0.0"/>
  <testcase name="testNonEmpty_transferFrom_toMiddle_countEqualsSrcSize [KEEP_FILES [2, 4]]" classname="com.google.common.jimfs.RegularFileTest$RegularFileTestRunner" time="0.0"/>
  <testcase name="testNonEmpty_transferFrom_toMiddle_countLessThanSrcSize [KEEP_FILES [2, 4]]" classname="com.google.common.jimfs.RegularFileTest$RegularFileTestRunner" time="0.0"/>
  <testcase name="testNonEmpty_transferFrom_toMiddle_countGreaterThanSrcSize [KEEP_FILES [2, 4]]" classname="com.google.common.jimfs.RegularFileTest$RegularFileTestRunner" time="0.0"/>
  <testcase name="testNonEmpty_transferFrom_toMiddle_transferGoesBeyondContentSize [KEEP_FILES [2, 4]]" classname="com.google.common.jimfs.RegularFileTest$RegularFileTestRunner" time="0.0"/>
  <testcase name="testNonEmpty_transferFrom_toEnd [KEEP_FILES [2, 4]]" classname="com.google.common.jimfs.RegularFileTest$RegularFileTestRunner" time="0.0"/>
  <testcase name="testNonEmpty_transferFrom_positionGreaterThanSize [KEEP_FILES [2, 4]]" classname="com.google.common.jimfs.RegularFileTest$RegularFileTestRunner" time="0.0"/>
  <testcase name="testNonEmpty_transferFrom_hugeOverestimateCount [KEEP_FILES [2, 4]]" classname="com.google.common.jimfs.RegularFileTest$RegularFileTestRunner" time="0.003"/>
  <testcase name="testNonEmpty_copy [KEEP_FILES [2, 4]]" classname="com.google.common.jimfs.RegularFileTest$RegularFileTestRunner" time="0.0"/>
  <testcase name="testNonEmpty_copy_multipleTimes [KEEP_FILES [2, 4]]" classname="com.google.common.jimfs.RegularFileTest$RegularFileTestRunner" time="0.001"/>
  <testcase name="testNonEmpty_truncate_toZero [KEEP_FILES [2, 4]]" classname="com.google.common.jimfs.RegularFileTest$RegularFileTestRunner" time="0.0"/>
  <testcase name="testNonEmpty_truncate_partial [KEEP_FILES [2, 4]]" classname="com.google.common.jimfs.RegularFileTest$RegularFileTestRunner" time="0.0"/>
  <testcase name="testNonEmpty_truncate_sizeUp [KEEP_FILES [2, 4]]" classname="com.google.common.jimfs.RegularFileTest$RegularFileTestRunner" time="0.0"/>
  <testcase name="testDeletedStoreRemainsUsableWhileOpen [KEEP_FILES [2, 4]]" classname="com.google.common.jimfs.RegularFileTest$RegularFileTestRunner" time="0.0"/>
  <testcase name="testEmpty_write_singleByte_atNonZeroPosition [KEEP_FILES [2, 16]]" classname="com.google.common.jimfs.RegularFileTest$RegularFileTestRunner" time="0.0"/>
  <testcase name="testNonEmpty_write_partial_fromBeforeEnd_singleBuffer [KEEP_FILES [2, 16]]" classname="com.google.common.jimfs.RegularFileTest$RegularFileTestRunner" time="0.0"/>
  <testcase name="testEmpty_transferFrom_positionGreaterThanSize_countLessThanSrcSize [KEEP_FILES [2, 16]]" classname="com.google.common.jimfs.RegularFileTest$RegularFileTestRunner" time="0.0"/>
  <testcase name="testEmpty_write_singleByte_atStart [KEEP_FILES [2, 16]]" classname="com.google.common.jimfs.RegularFileTest$RegularFileTestRunner" time="0.0"/>
  <testcase name="testEmpty_write_byteArray_atStart [KEEP_FILES [2, 16]]" classname="com.google.common.jimfs.RegularFileTest$RegularFileTestRunner" time="0.0"/>
  <testcase name="testEmpty_write_singleBuffer_atNonZeroPosition [KEEP_FILES [2, 16]]" classname="com.google.common.jimfs.RegularFileTest$RegularFileTestRunner" time="0.0"/>
  <testcase name="testEmpty_write_multipleBuffers_atNonZeroPosition [KEEP_FILES [2, 16]]" classname="com.google.common.jimfs.RegularFileTest$RegularFileTestRunner" time="0.0"/>
  <testcase name="testEmpty_write_noBytesArray_atStart [KEEP_FILES [2, 16]]" classname="com.google.common.jimfs.RegularFileTest$RegularFileTestRunner" time="0.0"/>
  <testcase name="testEmpty_write_noBytesArray_atNonZeroPosition [KEEP_FILES [2, 16]]" classname="com.google.common.jimfs.RegularFileTest$RegularFileTestRunner" time="0.0"/>
  <testcase name="testEmpty_write_noBytesBuffer_atStart [KEEP_FILES [2, 16]]" classname="com.google.common.jimfs.RegularFileTest$RegularFileTestRunner" time="0.0"/>
  <testcase name="testEmpty_write_noBytesBuffer_atNonZeroPosition [KEEP_FILES [2, 16]]" classname="com.google.common.jimfs.RegularFileTest$RegularFileTestRunner" time="0.0"/>
  <testcase name="testEmpty_write_noBytesBuffers_atStart [KEEP_FILES [2, 16]]" classname="com.google.common.jimfs.RegularFileTest$RegularFileTestRunner" time="0.0"/>
  <testcase name="testEmpty_write_noBytesBuffers_atNonZeroPosition [KEEP_FILES [2, 16]]" classname="com.google.common.jimfs.RegularFileTest$RegularFileTestRunner" time="0.0"/>
  <testcase name="testEmpty_transferFrom_fromStart_countEqualsSrcSize [KEEP_FILES [2, 16]]" classname="com.google.common.jimfs.RegularFileTest$RegularFileTestRunner" time="0.0"/>
  <testcase name="testEmpty_transferFrom_fromStart_countLessThanSrcSize [KEEP_FILES [2, 16]]" classname="com.google.common.jimfs.RegularFileTest$RegularFileTestRunner" time="0.0"/>
  <testcase name="testEmpty_transferFrom_fromStart_countGreaterThanSrcSize [KEEP_FILES [2, 16]]" classname="com.google.common.jimfs.RegularFileTest$RegularFileTestRunner" time="0.0"/>
  <testcase name="testEmpty_transferFrom_positionGreaterThanSize [KEEP_FILES [2, 16]]" classname="com.google.common.jimfs.RegularFileTest$RegularFileTestRunner" time="0.0"/>
  <testcase name="testEmpty_transferFrom_positionGreaterThanSize_countEqualsSrcSize [KEEP_FILES [2, 16]]" classname="com.google.common.jimfs.RegularFileTest$RegularFileTestRunner" time="0.0"/>
  <testcase name="testEmpty_transferFrom_fromStart_noBytes_countEqualsSrcSize [KEEP_FILES [2, 16]]" classname="com.google.common.jimfs.RegularFileTest$RegularFileTestRunner" time="0.0"/>
  <testcase name="testEmpty_transferFrom_fromStart_noBytes_countGreaterThanSrcSize [KEEP_FILES [2, 16]]" classname="com.google.common.jimfs.RegularFileTest$RegularFileTestRunner" time="0.0"/>
  <testcase name="testEmpty_transferFrom_postionGreaterThanSrcSize_noBytes_countEqualsSrcSize [KEEP_FILES [2, 16]]" classname="com.google.common.jimfs.RegularFileTest$RegularFileTestRunner" time="0.0"/>
  <testcase name="testEmpty_transferFrom_postionGreaterThanSrcSize_noBytes_countGreaterThanSrcSize [KEEP_FILES [2, 16]]" classname="com.google.common.jimfs.RegularFileTest$RegularFileTestRunner" time="0.0"/>
  <testcase name="testEmpty_transferTo [KEEP_FILES [2, 16]]" classname="com.google.common.jimfs.RegularFileTest$RegularFileTestRunner" time="0.0"/>
  <testcase name="testEmpty_copy [KEEP_FILES [2, 16]]" classname="com.google.common.jimfs.RegularFileTest$RegularFileTestRunner" time="0.0"/>
  <testcase name="testEmpty_truncate_toZero [KEEP_FILES [2, 16]]" classname="com.google.common.jimfs.RegularFileTest$RegularFileTestRunner" time="0.0"/>
  <testcase name="testEmpty_truncate_sizeUp [KEEP_FILES [2, 16]]" classname="com.google.common.jimfs.RegularFileTest$RegularFileTestRunner" time="0.0"/>
  <testcase name="testNonEmpty [KEEP_FILES [2, 16]]" classname="com.google.common.jimfs.RegularFileTest$RegularFileTestRunner" time="0.0"/>
  <testcase name="testNonEmpty_read_singleByte [KEEP_FILES [2, 16]]" classname="com.google.common.jimfs.RegularFileTest$RegularFileTestRunner" time="0.0"/>
  <testcase name="testNonEmpty_read_all_byteArray [KEEP_FILES [2, 16]]" classname="com.google.common.jimfs.RegularFileTest$RegularFileTestRunner" time="0.0"/>
  <testcase name="testNonEmpty_read_all_singleBuffer [KEEP_FILES [2, 16]]" classname="com.google.common.jimfs.RegularFileTest$RegularFileTestRunner" time="0.0"/>
  <testcase name="testNonEmpty_read_all_multipleBuffers [KEEP_FILES [2, 16]]" classname="com.google.common.jimfs.RegularFileTest$RegularFileTestRunner" time="0.0"/>
  <testcase name="testNonEmpty_read_all_byteArray_largerThanContent [KEEP_FILES [2, 16]]" classname="com.google.common.jimfs.RegularFileTest$RegularFileTestRunner" time="0.0"/>
  <testcase name="testNonEmpty_read_all_singleBuffer_largerThanContent [KEEP_FILES [2, 16]]" classname="com.google.common.jimfs.RegularFileTest$RegularFileTestRunner" time="0.0"/>
  <testcase name="testNonEmpty_read_all_multipleBuffers_largerThanContent [KEEP_FILES [2, 16]]" classname="com.google.common.jimfs.RegularFileTest$RegularFileTestRunner" time="0.0"/>
  <testcase name="testNonEmpty_read_all_multipleBuffers_extraBuffers [KEEP_FILES [2, 16]]" classname="com.google.common.jimfs.RegularFileTest$RegularFileTestRunner" time="0.0"/>
  <testcase name="testNonEmpty_read_partial_fromStart_byteArray [KEEP_FILES [2, 16]]" classname="com.google.common.jimfs.RegularFileTest$RegularFileTestRunner" time="0.0"/>
  <testcase name="testNonEmpty_read_partial_fromMiddle_byteArray [KEEP_FILES [2, 16]]" classname="com.google.common.jimfs.RegularFileTest$RegularFileTestRunner" time="0.0"/>
  <testcase name="testNonEmpty_read_partial_fromEnd_byteArray [KEEP_FILES [2, 16]]" classname="com.google.common.jimfs.RegularFileTest$RegularFileTestRunner" time="0.0"/>
  <testcase name="testNonEmpty_read_partial_fromStart_singleBuffer [KEEP_FILES [2, 16]]" classname="com.google.common.jimfs.RegularFileTest$RegularFileTestRunner" time="0.0"/>
  <testcase name="testNonEmpty_read_partial_fromMiddle_singleBuffer [KEEP_FILES [2, 16]]" classname="com.google.common.jimfs.RegularFileTest$RegularFileTestRunner" time="0.0"/>
  <testcase name="testNonEmpty_read_partial_fromEnd_singleBuffer [KEEP_FILES [2, 16]]" classname="com.google.common.jimfs.RegularFileTest$RegularFileTestRunner" time="0.0"/>
  <testcase name="testEmpty_write_multipleBuffers_atStart [KEEP_FILES [2, 16]]" classname="com.google.common.jimfs.RegularFileTest$RegularFileTestRunner" time="0.0"/>
  <testcase name="testEmpty_write_byteArray_atNonZeroPosition [KEEP_FILES [2, 16]]" classname="com.google.common.jimfs.RegularFileTest$RegularFileTestRunner" time="0.0"/>
  <testcase name="testEmpty_read_singleByte [KEEP_FILES [2, 16]]" classname="com.google.common.jimfs.RegularFileTest$RegularFileTestRunner" time="0.0"/>
  <testcase name="testEmpty_read_byteArray [KEEP_FILES [2, 16]]" classname="com.google.common.jimfs.RegularFileTest$RegularFileTestRunner" time="0.0"/>
  <testcase name="testEmpty_read_singleBuffer [KEEP_FILES [2, 16]]" classname="com.google.common.jimfs.RegularFileTest$RegularFileTestRunner" time="0.0"/>
  <testcase name="testEmpty_read_multipleBuffers [KEEP_FILES [2, 16]]" classname="com.google.common.jimfs.RegularFileTest$RegularFileTestRunner" time="0.0"/>
  <testcase name="testEmpty_write_partialByteArray_atNonZeroPosition [KEEP_FILES [2, 16]]" classname="com.google.common.jimfs.RegularFileTest$RegularFileTestRunner" time="0.0"/>
  <testcase name="testEmpty_write_singleBuffer_atStart [KEEP_FILES [2, 16]]" classname="com.google.common.jimfs.RegularFileTest$RegularFileTestRunner" time="0.0"/>
  <testcase name="testEmpty_write_partialByteArray_atStart [KEEP_FILES [2, 16]]" classname="com.google.common.jimfs.RegularFileTest$RegularFileTestRunner" time="0.0"/>
  <testcase name="testEmpty_transferFrom_positionGreaterThanSize_countGreaterThanSrcSize [KEEP_FILES [2, 16]]" classname="com.google.common.jimfs.RegularFileTest$RegularFileTestRunner" time="0.0"/>
  <testcase name="testEmpty [KEEP_FILES [2, 16]]" classname="com.google.common.jimfs.RegularFileTest$RegularFileTestRunner" time="0.0"/>
  <testcase name="testNonEmpty_read_partial_fromStart_multipleBuffers [KEEP_FILES [2, 16]]" classname="com.google.common.jimfs.RegularFileTest$RegularFileTestRunner" time="0.0"/>
  <testcase name="testNonEmpty_read_partial_fromMiddle_multipleBuffers [KEEP_FILES [2, 16]]" classname="com.google.common.jimfs.RegularFileTest$RegularFileTestRunner" time="0.0"/>
  <testcase name="testNonEmpty_read_partial_fromEnd_multipleBuffers [KEEP_FILES [2, 16]]" classname="com.google.common.jimfs.RegularFileTest$RegularFileTestRunner" time="0.0"/>
  <testcase name="testNonEmpty_read_fromPastEnd_byteArray [KEEP_FILES [2, 16]]" classname="com.google.common.jimfs.RegularFileTest$RegularFileTestRunner" time="0.0"/>
  <testcase name="testNonEmpty_read_fromPastEnd_singleBuffer [KEEP_FILES [2, 16]]" classname="com.google.common.jimfs.RegularFileTest$RegularFileTestRunner" time="0.0"/>
  <testcase name="testNonEmpty_read_fromPastEnd_multipleBuffers [KEEP_FILES [2, 16]]" classname="com.google.common.jimfs.RegularFileTest$RegularFileTestRunner" time="0.0"/>
  <testcase name="testNonEmpty_write_partial_fromStart_singleByte [KEEP_FILES [2, 16]]" classname="com.google.common.jimfs.RegularFileTest$RegularFileTestRunner" time="0.0"/>
  <testcase name="testNonEmpty_write_partial_fromMiddle_singleByte [KEEP_FILES [2, 16]]" classname="com.google.common.jimfs.RegularFileTest$RegularFileTestRunner" time="0.0"/>
  <testcase name="testNonEmpty_write_partial_fromEnd_singleByte [KEEP_FILES [2, 16]]" classname="com.google.common.jimfs.RegularFileTest$RegularFileTestRunner" time="0.0"/>
  <testcase name="testNonEmpty_write_partial_fromStart_byteArray [KEEP_FILES [2, 16]]" classname="com.google.common.jimfs.RegularFileTest$RegularFileTestRunner" time="0.0"/>
  <testcase name="testNonEmpty_write_partial_fromMiddle_byteArray [KEEP_FILES [2, 16]]" classname="com.google.common.jimfs.RegularFileTest$RegularFileTestRunner" time="0.0"/>
  <testcase name="testNonEmpty_write_partial_fromBeforeEnd_byteArray [KEEP_FILES [2, 16]]" classname="com.google.common.jimfs.RegularFileTest$RegularFileTestRunner" time="0.0"/>
  <testcase name="testNonEmpty_write_partial_fromEnd_byteArray [KEEP_FILES [2, 16]]" classname="com.google.common.jimfs.RegularFileTest$RegularFileTestRunner" time="0.0"/>
  <testcase name="testNonEmpty_write_partial_fromPastEnd_byteArray [KEEP_FILES [2, 16]]" classname="com.google.common.jimfs.RegularFileTest$RegularFileTestRunner" time="0.0"/>
  <testcase name="testNonEmpty_write_partial_fromStart_singleBuffer [KEEP_FILES [2, 16]]" classname="com.google.common.jimfs.RegularFileTest$RegularFileTestRunner" time="0.0"/>
  <testcase name="testNonEmpty_write_partial_fromMiddle_singleBuffer [KEEP_FILES [2, 16]]" classname="com.google.common.jimfs.RegularFileTest$RegularFileTestRunner" time="0.0"/>
  <testcase name="testNonEmpty_write_partial_fromEnd_singleBuffer [KEEP_FILES [2, 16]]" classname="com.google.common.jimfs.RegularFileTest$RegularFileTestRunner" time="0.0"/>
  <testcase name="testNonEmpty_write_partial_fromPastEnd_singleBuffer [KEEP_FILES [2, 16]]" classname="com.google.common.jimfs.RegularFileTest$RegularFileTestRunner" time="0.0"/>
  <testcase name="testNonEmpty_write_partial_fromStart_multipleBuffers [KEEP_FILES [2, 16]]" classname="com.google.common.jimfs.RegularFileTest$RegularFileTestRunner" time="0.0"/>
  <testcase name="testNonEmpty_write_partial_fromMiddle_multipleBuffers [KEEP_FILES [2, 16]]" classname="com.google.common.jimfs.RegularFileTest$RegularFileTestRunner" time="0.0"/>
  <testcase name="testNonEmpty_write_partial_fromBeforeEnd_multipleBuffers [KEEP_FILES [2, 16]]" classname="com.google.common.jimfs.RegularFileTest$RegularFileTestRunner" time="0.0"/>
  <testcase name="testNonEmpty_write_partial_fromEnd_multipleBuffers [KEEP_FILES [2, 16]]" classname="com.google.common.jimfs.RegularFileTest$RegularFileTestRunner" time="0.0"/>
  <testcase name="testNonEmpty_write_partial_fromPastEnd_multipleBuffers [KEEP_FILES [2, 16]]" classname="com.google.common.jimfs.RegularFileTest$RegularFileTestRunner" time="0.0"/>
  <testcase name="testNonEmpty_write_overwrite_sameLength [KEEP_FILES [2, 16]]" classname="com.google.common.jimfs.RegularFileTest$RegularFileTestRunner" time="0.0"/>
  <testcase name="testNonEmpty_write_overwrite_greaterLength [KEEP_FILES [2, 16]]" classname="com.google.common.jimfs.RegularFileTest$RegularFileTestRunner" time="0.0"/>
  <testcase name="testNonEmpty_transferTo_fromStart_countEqualsSize [KEEP_FILES [2, 16]]" classname="com.google.common.jimfs.RegularFileTest$RegularFileTestRunner" time="0.0"/>
  <testcase name="testNonEmpty_transferTo_fromStart_countLessThanSize [KEEP_FILES [2, 16]]" classname="com.google.common.jimfs.RegularFileTest$RegularFileTestRunner" time="0.0"/>
  <testcase name="testNonEmpty_transferTo_fromMiddle_countEqualsSize [KEEP_FILES [2, 16]]" classname="com.google.common.jimfs.RegularFileTest$RegularFileTestRunner" time="0.0"/>
  <testcase name="testNonEmpty_transferTo_fromMiddle_countLessThanSize [KEEP_FILES [2, 16]]" classname="com.google.common.jimfs.RegularFileTest$RegularFileTestRunner" time="0.0"/>
  <testcase name="testNonEmpty_transferFrom_toStart_countEqualsSrcSize [KEEP_FILES [2, 16]]" classname="com.google.common.jimfs.RegularFileTest$RegularFileTestRunner" time="0.0"/>
  <testcase name="testNonEmpty_transferFrom_toStart_countLessThanSrcSize [KEEP_FILES [2, 16]]" classname="com.google.common.jimfs.RegularFileTest$RegularFileTestRunner" time="0.0"/>
  <testcase name="testNonEmpty_transferFrom_toStart_countGreaterThanSrcSize [KEEP_FILES [2, 16]]" classname="com.google.common.jimfs.RegularFileTest$RegularFileTestRunner" time="0.0"/>
  <testcase name="testNonEmpty_transferFrom_toMiddle_countEqualsSrcSize [KEEP_FILES [2, 16]]" classname="com.google.common.jimfs.RegularFileTest$RegularFileTestRunner" time="0.0"/>
  <testcase name="testNonEmpty_transferFrom_toMiddle_countLessThanSrcSize [KEEP_FILES [2, 16]]" classname="com.google.common.jimfs.RegularFileTest$RegularFileTestRunner" time="0.0"/>
  <testcase name="testNonEmpty_transferFrom_toMiddle_countGreaterThanSrcSize [KEEP_FILES [2, 16]]" classname="com.google.common.jimfs.RegularFileTest$RegularFileTestRunner" time="0.0"/>
  <testcase name="testNonEmpty_transferFrom_toMiddle_transferGoesBeyondContentSize [KEEP_FILES [2, 16]]" classname="com.google.common.jimfs.RegularFileTest$RegularFileTestRunner" time="0.0"/>
  <testcase name="testNonEmpty_transferFrom_toEnd [KEEP_FILES [2, 16]]" classname="com.google.common.jimfs.RegularFileTest$RegularFileTestRunner" time="0.0"/>
  <testcase name="testNonEmpty_transferFrom_positionGreaterThanSize [KEEP_FILES [2, 16]]" classname="com.google.common.jimfs.RegularFileTest$RegularFileTestRunner" time="0.0"/>
  <testcase name="testNonEmpty_transferFrom_hugeOverestimateCount [KEEP_FILES [2, 16]]" classname="com.google.common.jimfs.RegularFileTest$RegularFileTestRunner" time="0.0"/>
  <testcase name="testNonEmpty_copy [KEEP_FILES [2, 16]]" classname="com.google.common.jimfs.RegularFileTest$RegularFileTestRunner" time="0.0"/>
  <testcase name="testNonEmpty_copy_multipleTimes [KEEP_FILES [2, 16]]" classname="com.google.common.jimfs.RegularFileTest$RegularFileTestRunner" time="0.0"/>
  <testcase name="testNonEmpty_truncate_toZero [KEEP_FILES [2, 16]]" classname="com.google.common.jimfs.RegularFileTest$RegularFileTestRunner" time="0.001"/>
  <testcase name="testNonEmpty_truncate_partial [KEEP_FILES [2, 16]]" classname="com.google.common.jimfs.RegularFileTest$RegularFileTestRunner" time="0.0"/>
  <testcase name="testNonEmpty_truncate_sizeUp [KEEP_FILES [2, 16]]" classname="com.google.common.jimfs.RegularFileTest$RegularFileTestRunner" time="0.0"/>
  <testcase name="testDeletedStoreRemainsUsableWhileOpen [KEEP_FILES [2, 16]]" classname="com.google.common.jimfs.RegularFileTest$RegularFileTestRunner" time="0.0"/>
  <testcase name="testEmpty_write_singleByte_atNonZeroPosition [KEEP_FILES [2, 128]]" classname="com.google.common.jimfs.RegularFileTest$RegularFileTestRunner" time="0.0"/>
  <testcase name="testNonEmpty_write_partial_fromBeforeEnd_singleBuffer [KEEP_FILES [2, 128]]" classname="com.google.common.jimfs.RegularFileTest$RegularFileTestRunner" time="0.0"/>
  <testcase name="testEmpty_transferFrom_positionGreaterThanSize_countLessThanSrcSize [KEEP_FILES [2, 128]]" classname="com.google.common.jimfs.RegularFileTest$RegularFileTestRunner" time="0.0"/>
  <testcase name="testEmpty_write_singleByte_atStart [KEEP_FILES [2, 128]]" classname="com.google.common.jimfs.RegularFileTest$RegularFileTestRunner" time="0.0"/>
  <testcase name="testEmpty_write_byteArray_atStart [KEEP_FILES [2, 128]]" classname="com.google.common.jimfs.RegularFileTest$RegularFileTestRunner" time="0.0"/>
  <testcase name="testEmpty_write_singleBuffer_atNonZeroPosition [KEEP_FILES [2, 128]]" classname="com.google.common.jimfs.RegularFileTest$RegularFileTestRunner" time="0.0"/>
  <testcase name="testEmpty_write_multipleBuffers_atNonZeroPosition [KEEP_FILES [2, 128]]" classname="com.google.common.jimfs.RegularFileTest$RegularFileTestRunner" time="0.0"/>
  <testcase name="testEmpty_write_noBytesArray_atStart [KEEP_FILES [2, 128]]" classname="com.google.common.jimfs.RegularFileTest$RegularFileTestRunner" time="0.0"/>
  <testcase name="testEmpty_write_noBytesArray_atNonZeroPosition [KEEP_FILES [2, 128]]" classname="com.google.common.jimfs.RegularFileTest$RegularFileTestRunner" time="0.0"/>
  <testcase name="testEmpty_write_noBytesBuffer_atStart [KEEP_FILES [2, 128]]" classname="com.google.common.jimfs.RegularFileTest$RegularFileTestRunner" time="0.0"/>
  <testcase name="testEmpty_write_noBytesBuffer_atNonZeroPosition [KEEP_FILES [2, 128]]" classname="com.google.common.jimfs.RegularFileTest$RegularFileTestRunner" time="0.0"/>
  <testcase name="testEmpty_write_noBytesBuffers_atStart [KEEP_FILES [2, 128]]" classname="com.google.common.jimfs.RegularFileTest$RegularFileTestRunner" time="0.0"/>
  <testcase name="testEmpty_write_noBytesBuffers_atNonZeroPosition [KEEP_FILES [2, 128]]" classname="com.google.common.jimfs.RegularFileTest$RegularFileTestRunner" time="0.0"/>
  <testcase name="testEmpty_transferFrom_fromStart_countEqualsSrcSize [KEEP_FILES [2, 128]]" classname="com.google.common.jimfs.RegularFileTest$RegularFileTestRunner" time="0.0"/>
  <testcase name="testEmpty_transferFrom_fromStart_countLessThanSrcSize [KEEP_FILES [2, 128]]" classname="com.google.common.jimfs.RegularFileTest$RegularFileTestRunner" time="0.0"/>
  <testcase name="testEmpty_transferFrom_fromStart_countGreaterThanSrcSize [KEEP_FILES [2, 128]]" classname="com.google.common.jimfs.RegularFileTest$RegularFileTestRunner" time="0.0"/>
  <testcase name="testEmpty_transferFrom_positionGreaterThanSize [KEEP_FILES [2, 128]]" classname="com.google.common.jimfs.RegularFileTest$RegularFileTestRunner" time="0.0"/>
  <testcase name="testEmpty_transferFrom_positionGreaterThanSize_countEqualsSrcSize [KEEP_FILES [2, 128]]" classname="com.google.common.jimfs.RegularFileTest$RegularFileTestRunner" time="0.0"/>
  <testcase name="testEmpty_transferFrom_fromStart_noBytes_countEqualsSrcSize [KEEP_FILES [2, 128]]" classname="com.google.common.jimfs.RegularFileTest$RegularFileTestRunner" time="0.0"/>
  <testcase name="testEmpty_transferFrom_fromStart_noBytes_countGreaterThanSrcSize [KEEP_FILES [2, 128]]" classname="com.google.common.jimfs.RegularFileTest$RegularFileTestRunner" time="0.0"/>
  <testcase name="testEmpty_transferFrom_postionGreaterThanSrcSize_noBytes_countEqualsSrcSize [KEEP_FILES [2, 128]]" classname="com.google.common.jimfs.RegularFileTest$RegularFileTestRunner" time="0.0"/>
  <testcase name="testEmpty_transferFrom_postionGreaterThanSrcSize_noBytes_countGreaterThanSrcSize [KEEP_FILES [2, 128]]" classname="com.google.common.jimfs.RegularFileTest$RegularFileTestRunner" time="0.0"/>
  <testcase name="testEmpty_transferTo [KEEP_FILES [2, 128]]" classname="com.google.common.jimfs.RegularFileTest$RegularFileTestRunner" time="0.0"/>
  <testcase name="testEmpty_copy [KEEP_FILES [2, 128]]" classname="com.google.common.jimfs.RegularFileTest$RegularFileTestRunner" time="0.0"/>
  <testcase name="testEmpty_truncate_toZero [KEEP_FILES [2, 128]]" classname="com.google.common.jimfs.RegularFileTest$RegularFileTestRunner" time="0.0"/>
  <testcase name="testEmpty_truncate_sizeUp [KEEP_FILES [2, 128]]" classname="com.google.common.jimfs.RegularFileTest$RegularFileTestRunner" time="0.0"/>
  <testcase name="testNonEmpty [KEEP_FILES [2, 128]]" classname="com.google.common.jimfs.RegularFileTest$RegularFileTestRunner" time="0.0"/>
  <testcase name="testNonEmpty_read_singleByte [KEEP_FILES [2, 128]]" classname="com.google.common.jimfs.RegularFileTest$RegularFileTestRunner" time="0.0"/>
  <testcase name="testNonEmpty_read_all_byteArray [KEEP_FILES [2, 128]]" classname="com.google.common.jimfs.RegularFileTest$RegularFileTestRunner" time="0.0"/>
  <testcase name="testNonEmpty_read_all_singleBuffer [KEEP_FILES [2, 128]]" classname="com.google.common.jimfs.RegularFileTest$RegularFileTestRunner" time="0.0"/>
  <testcase name="testNonEmpty_read_all_multipleBuffers [KEEP_FILES [2, 128]]" classname="com.google.common.jimfs.RegularFileTest$RegularFileTestRunner" time="0.0"/>
  <testcase name="testNonEmpty_read_all_byteArray_largerThanContent [KEEP_FILES [2, 128]]" classname="com.google.common.jimfs.RegularFileTest$RegularFileTestRunner" time="0.0"/>
  <testcase name="testNonEmpty_read_all_singleBuffer_largerThanContent [KEEP_FILES [2, 128]]" classname="com.google.common.jimfs.RegularFileTest$RegularFileTestRunner" time="0.0"/>
  <testcase name="testNonEmpty_read_all_multipleBuffers_largerThanContent [KEEP_FILES [2, 128]]" classname="com.google.common.jimfs.RegularFileTest$RegularFileTestRunner" time="0.0"/>
  <testcase name="testNonEmpty_read_all_multipleBuffers_extraBuffers [KEEP_FILES [2, 128]]" classname="com.google.common.jimfs.RegularFileTest$RegularFileTestRunner" time="0.001"/>
  <testcase name="testNonEmpty_read_partial_fromStart_byteArray [KEEP_FILES [2, 128]]" classname="com.google.common.jimfs.RegularFileTest$RegularFileTestRunner" time="0.0"/>
  <testcase name="testNonEmpty_read_partial_fromMiddle_byteArray [KEEP_FILES [2, 128]]" classname="com.google.common.jimfs.RegularFileTest$RegularFileTestRunner" time="0.0"/>
  <testcase name="testNonEmpty_read_partial_fromEnd_byteArray [KEEP_FILES [2, 128]]" classname="com.google.common.jimfs.RegularFileTest$RegularFileTestRunner" time="0.0"/>
  <testcase name="testNonEmpty_read_partial_fromStart_singleBuffer [KEEP_FILES [2, 128]]" classname="com.google.common.jimfs.RegularFileTest$RegularFileTestRunner" time="0.0"/>
  <testcase name="testNonEmpty_read_partial_fromMiddle_singleBuffer [KEEP_FILES [2, 128]]" classname="com.google.common.jimfs.RegularFileTest$RegularFileTestRunner" time="0.0"/>
  <testcase name="testNonEmpty_read_partial_fromEnd_singleBuffer [KEEP_FILES [2, 128]]" classname="com.google.common.jimfs.RegularFileTest$RegularFileTestRunner" time="0.0"/>
  <testcase name="testEmpty_write_multipleBuffers_atStart [KEEP_FILES [2, 128]]" classname="com.google.common.jimfs.RegularFileTest$RegularFileTestRunner" time="0.0"/>
  <testcase name="testEmpty_write_byteArray_atNonZeroPosition [KEEP_FILES [2, 128]]" classname="com.google.common.jimfs.RegularFileTest$RegularFileTestRunner" time="0.0"/>
  <testcase name="testEmpty_read_singleByte [KEEP_FILES [2, 128]]" classname="com.google.common.jimfs.RegularFileTest$RegularFileTestRunner" time="0.0"/>
  <testcase name="testEmpty_read_byteArray [KEEP_FILES [2, 128]]" classname="com.google.common.jimfs.RegularFileTest$RegularFileTestRunner" time="0.0"/>
  <testcase name="testEmpty_read_singleBuffer [KEEP_FILES [2, 128]]" classname="com.google.common.jimfs.RegularFileTest$RegularFileTestRunner" time="0.0"/>
  <testcase name="testEmpty_read_multipleBuffers [KEEP_FILES [2, 128]]" classname="com.google.common.jimfs.RegularFileTest$RegularFileTestRunner" time="0.0"/>
  <testcase name="testEmpty_write_partialByteArray_atNonZeroPosition [KEEP_FILES [2, 128]]" classname="com.google.common.jimfs.RegularFileTest$RegularFileTestRunner" time="0.0"/>
  <testcase name="testEmpty_write_singleBuffer_atStart [KEEP_FILES [2, 128]]" classname="com.google.common.jimfs.RegularFileTest$RegularFileTestRunner" time="0.0"/>
  <testcase name="testEmpty_write_partialByteArray_atStart [KEEP_FILES [2, 128]]" classname="com.google.common.jimfs.RegularFileTest$RegularFileTestRunner" time="0.0"/>
  <testcase name="testEmpty_transferFrom_positionGreaterThanSize_countGreaterThanSrcSize [KEEP_FILES [2, 128]]" classname="com.google.common.jimfs.RegularFileTest$RegularFileTestRunner" time="0.0"/>
  <testcase name="testEmpty [KEEP_FILES [2, 128]]" classname="com.google.common.jimfs.RegularFileTest$RegularFileTestRunner" time="0.0"/>
  <testcase name="testNonEmpty_read_partial_fromStart_multipleBuffers [KEEP_FILES [2, 128]]" classname="com.google.common.jimfs.RegularFileTest$RegularFileTestRunner" time="0.0"/>
  <testcase name="testNonEmpty_read_partial_fromMiddle_multipleBuffers [KEEP_FILES [2, 128]]" classname="com.google.common.jimfs.RegularFileTest$RegularFileTestRunner" time="0.0"/>
  <testcase name="testNonEmpty_read_partial_fromEnd_multipleBuffers [KEEP_FILES [2, 128]]" classname="com.google.common.jimfs.RegularFileTest$RegularFileTestRunner" time="0.0"/>
  <testcase name="testNonEmpty_read_fromPastEnd_byteArray [KEEP_FILES [2, 128]]" classname="com.google.common.jimfs.RegularFileTest$RegularFileTestRunner" time="0.0"/>
  <testcase name="testNonEmpty_read_fromPastEnd_singleBuffer [KEEP_FILES [2, 128]]" classname="com.google.common.jimfs.RegularFileTest$RegularFileTestRunner" time="0.0"/>
  <testcase name="testNonEmpty_read_fromPastEnd_multipleBuffers [KEEP_FILES [2, 128]]" classname="com.google.common.jimfs.RegularFileTest$RegularFileTestRunner" time="0.0"/>
  <testcase name="testNonEmpty_write_partial_fromStart_singleByte [KEEP_FILES [2, 128]]" classname="com.google.common.jimfs.RegularFileTest$RegularFileTestRunner" time="0.0"/>
  <testcase name="testNonEmpty_write_partial_fromMiddle_singleByte [KEEP_FILES [2, 128]]" classname="com.google.common.jimfs.RegularFileTest$RegularFileTestRunner" time="0.0"/>
  <testcase name="testNonEmpty_write_partial_fromEnd_singleByte [KEEP_FILES [2, 128]]" classname="com.google.common.jimfs.RegularFileTest$RegularFileTestRunner" time="0.0"/>
  <testcase name="testNonEmpty_write_partial_fromStart_byteArray [KEEP_FILES [2, 128]]" classname="com.google.common.jimfs.RegularFileTest$RegularFileTestRunner" time="0.0"/>
  <testcase name="testNonEmpty_write_partial_fromMiddle_byteArray [KEEP_FILES [2, 128]]" classname="com.google.common.jimfs.RegularFileTest$RegularFileTestRunner" time="0.0"/>
  <testcase name="testNonEmpty_write_partial_fromBeforeEnd_byteArray [KEEP_FILES [2, 128]]" classname="com.google.common.jimfs.RegularFileTest$RegularFileTestRunner" time="0.0"/>
  <testcase name="testNonEmpty_write_partial_fromEnd_byteArray [KEEP_FILES [2, 128]]" classname="com.google.common.jimfs.RegularFileTest$RegularFileTestRunner" time="0.0"/>
  <testcase name="testNonEmpty_write_partial_fromPastEnd_byteArray [KEEP_FILES [2, 128]]" classname="com.google.common.jimfs.RegularFileTest$RegularFileTestRunner" time="0.0"/>
  <testcase name="testNonEmpty_write_partial_fromStart_singleBuffer [KEEP_FILES [2, 128]]" classname="com.google.common.jimfs.RegularFileTest$RegularFileTestRunner" time="0.0"/>
  <testcase name="testNonEmpty_write_partial_fromMiddle_singleBuffer [KEEP_FILES [2, 128]]" classname="com.google.common.jimfs.RegularFileTest$RegularFileTestRunner" time="0.0"/>
  <testcase name="testNonEmpty_write_partial_fromEnd_singleBuffer [KEEP_FILES [2, 128]]" classname="com.google.common.jimfs.RegularFileTest$RegularFileTestRunner" time="0.0"/>
  <testcase name="testNonEmpty_write_partial_fromPastEnd_singleBuffer [KEEP_FILES [2, 128]]" classname="com.google.common.jimfs.RegularFileTest$RegularFileTestRunner" time="0.0"/>
  <testcase name="testNonEmpty_write_partial_fromStart_multipleBuffers [KEEP_FILES [2, 128]]" classname="com.google.common.jimfs.RegularFileTest$RegularFileTestRunner" time="0.0"/>
  <testcase name="testNonEmpty_write_partial_fromMiddle_multipleBuffers [KEEP_FILES [2, 128]]" classname="com.google.common.jimfs.RegularFileTest$RegularFileTestRunner" time="0.0"/>
  <testcase name="testNonEmpty_write_partial_fromBeforeEnd_multipleBuffers [KEEP_FILES [2, 128]]" classname="com.google.common.jimfs.RegularFileTest$RegularFileTestRunner" time="0.0"/>
  <testcase name="testNonEmpty_write_partial_fromEnd_multipleBuffers [KEEP_FILES [2, 128]]" classname="com.google.common.jimfs.RegularFileTest$RegularFileTestRunner" time="0.0"/>
  <testcase name="testNonEmpty_write_partial_fromPastEnd_multipleBuffers [KEEP_FILES [2, 128]]" classname="com.google.common.jimfs.RegularFileTest$RegularFileTestRunner" time="0.0"/>
  <testcase name="testNonEmpty_write_overwrite_sameLength [KEEP_FILES [2, 128]]" classname="com.google.common.jimfs.RegularFileTest$RegularFileTestRunner" time="0.0"/>
  <testcase name="testNonEmpty_write_overwrite_greaterLength [KEEP_FILES [2, 128]]" classname="com.google.common.jimfs.RegularFileTest$RegularFileTestRunner" time="0.0"/>
  <testcase name="testNonEmpty_transferTo_fromStart_countEqualsSize [KEEP_FILES [2, 128]]" classname="com.google.common.jimfs.RegularFileTest$RegularFileTestRunner" time="0.0"/>
  <testcase name="testNonEmpty_transferTo_fromStart_countLessThanSize [KEEP_FILES [2, 128]]" classname="com.google.common.jimfs.RegularFileTest$RegularFileTestRunner" time="0.0"/>
  <testcase name="testNonEmpty_transferTo_fromMiddle_countEqualsSize [KEEP_FILES [2, 128]]" classname="com.google.common.jimfs.RegularFileTest$RegularFileTestRunner" time="0.0"/>
  <testcase name="testNonEmpty_transferTo_fromMiddle_countLessThanSize [KEEP_FILES [2, 128]]" classname="com.google.common.jimfs.RegularFileTest$RegularFileTestRunner" time="0.0"/>
  <testcase name="testNonEmpty_transferFrom_toStart_countEqualsSrcSize [KEEP_FILES [2, 128]]" classname="com.google.common.jimfs.RegularFileTest$RegularFileTestRunner" time="0.0"/>
  <testcase name="testNonEmpty_transferFrom_toStart_countLessThanSrcSize [KEEP_FILES [2, 128]]" classname="com.google.common.jimfs.RegularFileTest$RegularFileTestRunner" time="0.0"/>
  <testcase name="testNonEmpty_transferFrom_toStart_countGreaterThanSrcSize [KEEP_FILES [2, 128]]" classname="com.google.common.jimfs.RegularFileTest$RegularFileTestRunner" time="0.0"/>
  <testcase name="testNonEmpty_transferFrom_toMiddle_countEqualsSrcSize [KEEP_FILES [2, 128]]" classname="com.google.common.jimfs.RegularFileTest$RegularFileTestRunner" time="0.0"/>
  <testcase name="testNonEmpty_transferFrom_toMiddle_countLessThanSrcSize [KEEP_FILES [2, 128]]" classname="com.google.common.jimfs.RegularFileTest$RegularFileTestRunner" time="0.0"/>
  <testcase name="testNonEmpty_transferFrom_toMiddle_countGreaterThanSrcSize [KEEP_FILES [2, 128]]" classname="com.google.common.jimfs.RegularFileTest$RegularFileTestRunner" time="0.0"/>
  <testcase name="testNonEmpty_transferFrom_toMiddle_transferGoesBeyondContentSize [KEEP_FILES [2, 128]]" classname="com.google.common.jimfs.RegularFileTest$RegularFileTestRunner" time="0.0"/>
  <testcase name="testNonEmpty_transferFrom_toEnd [KEEP_FILES [2, 128]]" classname="com.google.common.jimfs.RegularFileTest$RegularFileTestRunner" time="0.0"/>
  <testcase name="testNonEmpty_transferFrom_positionGreaterThanSize [KEEP_FILES [2, 128]]" classname="com.google.common.jimfs.RegularFileTest$RegularFileTestRunner" time="0.0"/>
  <testcase name="testNonEmpty_transferFrom_hugeOverestimateCount [KEEP_FILES [2, 128]]" classname="com.google.common.jimfs.RegularFileTest$RegularFileTestRunner" time="0.0"/>
  <testcase name="testNonEmpty_copy [KEEP_FILES [2, 128]]" classname="com.google.common.jimfs.RegularFileTest$RegularFileTestRunner" time="0.0"/>
  <testcase name="testNonEmpty_copy_multipleTimes [KEEP_FILES [2, 128]]" classname="com.google.common.jimfs.RegularFileTest$RegularFileTestRunner" time="0.0"/>
  <testcase name="testNonEmpty_truncate_toZero [KEEP_FILES [2, 128]]" classname="com.google.common.jimfs.RegularFileTest$RegularFileTestRunner" time="0.0"/>
  <testcase name="testNonEmpty_truncate_partial [KEEP_FILES [2, 128]]" classname="com.google.common.jimfs.RegularFileTest$RegularFileTestRunner" time="0.0"/>
  <testcase name="testNonEmpty_truncate_sizeUp [KEEP_FILES [2, 128]]" classname="com.google.common.jimfs.RegularFileTest$RegularFileTestRunner" time="0.0"/>
  <testcase name="testDeletedStoreRemainsUsableWhileOpen [KEEP_FILES [2, 128]]" classname="com.google.common.jimfs.RegularFileTest$RegularFileTestRunner" time="0.0"/>
  <testcase name="testEmpty_write_singleByte_atNonZeroPosition [KEEP_FILES [2, -1]]" classname="com.google.common.jimfs.RegularFileTest$RegularFileTestRunner" time="0.0"/>
  <testcase name="testNonEmpty_write_partial_fromBeforeEnd_singleBuffer [KEEP_FILES [2, -1]]" classname="com.google.common.jimfs.RegularFileTest$RegularFileTestRunner" time="0.0"/>
  <testcase name="testEmpty_transferFrom_positionGreaterThanSize_countLessThanSrcSize [KEEP_FILES [2, -1]]" classname="com.google.common.jimfs.RegularFileTest$RegularFileTestRunner" time="0.0"/>
  <testcase name="testEmpty_write_singleByte_atStart [KEEP_FILES [2, -1]]" classname="com.google.common.jimfs.RegularFileTest$RegularFileTestRunner" time="0.0"/>
  <testcase name="testEmpty_write_byteArray_atStart [KEEP_FILES [2, -1]]" classname="com.google.common.jimfs.RegularFileTest$RegularFileTestRunner" time="0.0"/>
  <testcase name="testEmpty_write_singleBuffer_atNonZeroPosition [KEEP_FILES [2, -1]]" classname="com.google.common.jimfs.RegularFileTest$RegularFileTestRunner" time="0.0"/>
  <testcase name="testEmpty_write_multipleBuffers_atNonZeroPosition [KEEP_FILES [2, -1]]" classname="com.google.common.jimfs.RegularFileTest$RegularFileTestRunner" time="0.0"/>
  <testcase name="testEmpty_write_noBytesArray_atStart [KEEP_FILES [2, -1]]" classname="com.google.common.jimfs.RegularFileTest$RegularFileTestRunner" time="0.0"/>
  <testcase name="testEmpty_write_noBytesArray_atNonZeroPosition [KEEP_FILES [2, -1]]" classname="com.google.common.jimfs.RegularFileTest$RegularFileTestRunner" time="0.0"/>
  <testcase name="testEmpty_write_noBytesBuffer_atStart [KEEP_FILES [2, -1]]" classname="com.google.common.jimfs.RegularFileTest$RegularFileTestRunner" time="0.0"/>
  <testcase name="testEmpty_write_noBytesBuffer_atNonZeroPosition [KEEP_FILES [2, -1]]" classname="com.google.common.jimfs.RegularFileTest$RegularFileTestRunner" time="0.0"/>
  <testcase name="testEmpty_write_noBytesBuffers_atStart [KEEP_FILES [2, -1]]" classname="com.google.common.jimfs.RegularFileTest$RegularFileTestRunner" time="0.0"/>
  <testcase name="testEmpty_write_noBytesBuffers_atNonZeroPosition [KEEP_FILES [2, -1]]" classname="com.google.common.jimfs.RegularFileTest$RegularFileTestRunner" time="0.0"/>
  <testcase name="testEmpty_transferFrom_fromStart_countEqualsSrcSize [KEEP_FILES [2, -1]]" classname="com.google.common.jimfs.RegularFileTest$RegularFileTestRunner" time="0.0"/>
  <testcase name="testEmpty_transferFrom_fromStart_countLessThanSrcSize [KEEP_FILES [2, -1]]" classname="com.google.common.jimfs.RegularFileTest$RegularFileTestRunner" time="0.0"/>
  <testcase name="testEmpty_transferFrom_fromStart_countGreaterThanSrcSize [KEEP_FILES [2, -1]]" classname="com.google.common.jimfs.RegularFileTest$RegularFileTestRunner" time="0.0"/>
  <testcase name="testEmpty_transferFrom_positionGreaterThanSize [KEEP_FILES [2, -1]]" classname="com.google.common.jimfs.RegularFileTest$RegularFileTestRunner" time="0.0"/>
  <testcase name="testEmpty_transferFrom_positionGreaterThanSize_countEqualsSrcSize [KEEP_FILES [2, -1]]" classname="com.google.common.jimfs.RegularFileTest$RegularFileTestRunner" time="0.0"/>
  <testcase name="testEmpty_transferFrom_fromStart_noBytes_countEqualsSrcSize [KEEP_FILES [2, -1]]" classname="com.google.common.jimfs.RegularFileTest$RegularFileTestRunner" time="0.0"/>
  <testcase name="testEmpty_transferFrom_fromStart_noBytes_countGreaterThanSrcSize [KEEP_FILES [2, -1]]" classname="com.google.common.jimfs.RegularFileTest$RegularFileTestRunner" time="0.0"/>
  <testcase name="testEmpty_transferFrom_postionGreaterThanSrcSize_noBytes_countEqualsSrcSize [KEEP_FILES [2, -1]]" classname="com.google.common.jimfs.RegularFileTest$RegularFileTestRunner" time="0.0"/>
  <testcase name="testEmpty_transferFrom_postionGreaterThanSrcSize_noBytes_countGreaterThanSrcSize [KEEP_FILES [2, -1]]" classname="com.google.common.jimfs.RegularFileTest$RegularFileTestRunner" time="0.0"/>
  <testcase name="testEmpty_transferTo [KEEP_FILES [2, -1]]" classname="com.google.common.jimfs.RegularFileTest$RegularFileTestRunner" time="0.0"/>
  <testcase name="testEmpty_copy [KEEP_FILES [2, -1]]" classname="com.google.common.jimfs.RegularFileTest$RegularFileTestRunner" time="0.0"/>
  <testcase name="testEmpty_truncate_toZero [KEEP_FILES [2, -1]]" classname="com.google.common.jimfs.RegularFileTest$RegularFileTestRunner" time="0.0"/>
  <testcase name="testEmpty_truncate_sizeUp [KEEP_FILES [2, -1]]" classname="com.google.common.jimfs.RegularFileTest$RegularFileTestRunner" time="0.0"/>
  <testcase name="testNonEmpty [KEEP_FILES [2, -1]]" classname="com.google.common.jimfs.RegularFileTest$RegularFileTestRunner" time="0.0"/>
  <testcase name="testNonEmpty_read_singleByte [KEEP_FILES [2, -1]]" classname="com.google.common.jimfs.RegularFileTest$RegularFileTestRunner" time="0.0"/>
  <testcase name="testNonEmpty_read_all_byteArray [KEEP_FILES [2, -1]]" classname="com.google.common.jimfs.RegularFileTest$RegularFileTestRunner" time="0.0"/>
  <testcase name="testNonEmpty_read_all_singleBuffer [KEEP_FILES [2, -1]]" classname="com.google.common.jimfs.RegularFileTest$RegularFileTestRunner" time="0.0"/>
  <testcase name="testNonEmpty_read_all_multipleBuffers [KEEP_FILES [2, -1]]" classname="com.google.common.jimfs.RegularFileTest$RegularFileTestRunner" time="0.0"/>
  <testcase name="testNonEmpty_read_all_byteArray_largerThanContent [KEEP_FILES [2, -1]]" classname="com.google.common.jimfs.RegularFileTest$RegularFileTestRunner" time="0.0"/>
  <testcase name="testNonEmpty_read_all_singleBuffer_largerThanContent [KEEP_FILES [2, -1]]" classname="com.google.common.jimfs.RegularFileTest$RegularFileTestRunner" time="0.0"/>
  <testcase name="testNonEmpty_read_all_multipleBuffers_largerThanContent [KEEP_FILES [2, -1]]" classname="com.google.common.jimfs.RegularFileTest$RegularFileTestRunner" time="0.0"/>
  <testcase name="testNonEmpty_read_all_multipleBuffers_extraBuffers [KEEP_FILES [2, -1]]" classname="com.google.common.jimfs.RegularFileTest$RegularFileTestRunner" time="0.0"/>
  <testcase name="testNonEmpty_read_partial_fromStart_byteArray [KEEP_FILES [2, -1]]" classname="com.google.common.jimfs.RegularFileTest$RegularFileTestRunner" time="0.0"/>
  <testcase name="testNonEmpty_read_partial_fromMiddle_byteArray [KEEP_FILES [2, -1]]" classname="com.google.common.jimfs.RegularFileTest$RegularFileTestRunner" time="0.0"/>
  <testcase name="testNonEmpty_read_partial_fromEnd_byteArray [KEEP_FILES [2, -1]]" classname="com.google.common.jimfs.RegularFileTest$RegularFileTestRunner" time="0.0"/>
  <testcase name="testNonEmpty_read_partial_fromStart_singleBuffer [KEEP_FILES [2, -1]]" classname="com.google.common.jimfs.RegularFileTest$RegularFileTestRunner" time="0.0"/>
  <testcase name="testNonEmpty_read_partial_fromMiddle_singleBuffer [KEEP_FILES [2, -1]]" classname="com.google.common.jimfs.RegularFileTest$RegularFileTestRunner" time="0.0"/>
  <testcase name="testNonEmpty_read_partial_fromEnd_singleBuffer [KEEP_FILES [2, -1]]" classname="com.google.common.jimfs.RegularFileTest$RegularFileTestRunner" time="0.0"/>
  <testcase name="testEmpty_write_multipleBuffers_atStart [KEEP_FILES [2, -1]]" classname="com.google.common.jimfs.RegularFileTest$RegularFileTestRunner" time="0.0"/>
  <testcase name="testEmpty_write_byteArray_atNonZeroPosition [KEEP_FILES [2, -1]]" classname="com.google.common.jimfs.RegularFileTest$RegularFileTestRunner" time="0.0"/>
  <testcase name="testEmpty_read_singleByte [KEEP_FILES [2, -1]]" classname="com.google.common.jimfs.RegularFileTest$RegularFileTestRunner" time="0.0"/>
  <testcase name="testEmpty_read_byteArray [KEEP_FILES [2, -1]]" classname="com.google.common.jimfs.RegularFileTest$RegularFileTestRunner" time="0.0"/>
  <testcase name="testEmpty_read_singleBuffer [KEEP_FILES [2, -1]]" classname="com.google.common.jimfs.RegularFileTest$RegularFileTestRunner" time="0.0"/>
  <testcase name="testEmpty_read_multipleBuffers [KEEP_FILES [2, -1]]" classname="com.google.common.jimfs.RegularFileTest$RegularFileTestRunner" time="0.0"/>
  <testcase name="testEmpty_write_partialByteArray_atNonZeroPosition [KEEP_FILES [2, -1]]" classname="com.google.common.jimfs.RegularFileTest$RegularFileTestRunner" time="0.0"/>
  <testcase name="testEmpty_write_singleBuffer_atStart [KEEP_FILES [2, -1]]" classname="com.google.common.jimfs.RegularFileTest$RegularFileTestRunner" time="0.0"/>
  <testcase name="testEmpty_write_partialByteArray_atStart [KEEP_FILES [2, -1]]" classname="com.google.common.jimfs.RegularFileTest$RegularFileTestRunner" time="0.0"/>
  <testcase name="testEmpty_transferFrom_positionGreaterThanSize_countGreaterThanSrcSize [KEEP_FILES [2, -1]]" classname="com.google.common.jimfs.RegularFileTest$RegularFileTestRunner" time="0.0"/>
  <testcase name="testEmpty [KEEP_FILES [2, -1]]" classname="com.google.common.jimfs.RegularFileTest$RegularFileTestRunner" time="0.001"/>
  <testcase name="testNonEmpty_read_partial_fromStart_multipleBuffers [KEEP_FILES [2, -1]]" classname="com.google.common.jimfs.RegularFileTest$RegularFileTestRunner" time="0.0"/>
  <testcase name="testNonEmpty_read_partial_fromMiddle_multipleBuffers [KEEP_FILES [2, -1]]" classname="com.google.common.jimfs.RegularFileTest$RegularFileTestRunner" time="0.0"/>
  <testcase name="testNonEmpty_read_partial_fromEnd_multipleBuffers [KEEP_FILES [2, -1]]" classname="com.google.common.jimfs.RegularFileTest$RegularFileTestRunner" time="0.0"/>
  <testcase name="testNonEmpty_read_fromPastEnd_byteArray [KEEP_FILES [2, -1]]" classname="com.google.common.jimfs.RegularFileTest$RegularFileTestRunner" time="0.0"/>
  <testcase name="testNonEmpty_read_fromPastEnd_singleBuffer [KEEP_FILES [2, -1]]" classname="com.google.common.jimfs.RegularFileTest$RegularFileTestRunner" time="0.0"/>
  <testcase name="testNonEmpty_read_fromPastEnd_multipleBuffers [KEEP_FILES [2, -1]]" classname="com.google.common.jimfs.RegularFileTest$RegularFileTestRunner" time="0.0"/>
  <testcase name="testNonEmpty_write_partial_fromStart_singleByte [KEEP_FILES [2, -1]]" classname="com.google.common.jimfs.RegularFileTest$RegularFileTestRunner" time="0.0"/>
  <testcase name="testNonEmpty_write_partial_fromMiddle_singleByte [KEEP_FILES [2, -1]]" classname="com.google.common.jimfs.RegularFileTest$RegularFileTestRunner" time="0.0"/>
  <testcase name="testNonEmpty_write_partial_fromEnd_singleByte [KEEP_FILES [2, -1]]" classname="com.google.common.jimfs.RegularFileTest$RegularFileTestRunner" time="0.0"/>
  <testcase name="testNonEmpty_write_partial_fromStart_byteArray [KEEP_FILES [2, -1]]" classname="com.google.common.jimfs.RegularFileTest$RegularFileTestRunner" time="0.0"/>
  <testcase name="testNonEmpty_write_partial_fromMiddle_byteArray [KEEP_FILES [2, -1]]" classname="com.google.common.jimfs.RegularFileTest$RegularFileTestRunner" time="0.0"/>
  <testcase name="testNonEmpty_write_partial_fromBeforeEnd_byteArray [KEEP_FILES [2, -1]]" classname="com.google.common.jimfs.RegularFileTest$RegularFileTestRunner" time="0.0"/>
  <testcase name="testNonEmpty_write_partial_fromEnd_byteArray [KEEP_FILES [2, -1]]" classname="com.google.common.jimfs.RegularFileTest$RegularFileTestRunner" time="0.0"/>
  <testcase name="testNonEmpty_write_partial_fromPastEnd_byteArray [KEEP_FILES [2, -1]]" classname="com.google.common.jimfs.RegularFileTest$RegularFileTestRunner" time="0.0"/>
  <testcase name="testNonEmpty_write_partial_fromStart_singleBuffer [KEEP_FILES [2, -1]]" classname="com.google.common.jimfs.RegularFileTest$RegularFileTestRunner" time="0.0"/>
  <testcase name="testNonEmpty_write_partial_fromMiddle_singleBuffer [KEEP_FILES [2, -1]]" classname="com.google.common.jimfs.RegularFileTest$RegularFileTestRunner" time="0.0"/>
  <testcase name="testNonEmpty_write_partial_fromEnd_singleBuffer [KEEP_FILES [2, -1]]" classname="com.google.common.jimfs.RegularFileTest$RegularFileTestRunner" time="0.0"/>
  <testcase name="testNonEmpty_write_partial_fromPastEnd_singleBuffer [KEEP_FILES [2, -1]]" classname="com.google.common.jimfs.RegularFileTest$RegularFileTestRunner" time="0.0"/>
  <testcase name="testNonEmpty_write_partial_fromStart_multipleBuffers [KEEP_FILES [2, -1]]" classname="com.google.common.jimfs.RegularFileTest$RegularFileTestRunner" time="0.0"/>
  <testcase name="testNonEmpty_write_partial_fromMiddle_multipleBuffers [KEEP_FILES [2, -1]]" classname="com.google.common.jimfs.RegularFileTest$RegularFileTestRunner" time="0.0"/>
  <testcase name="testNonEmpty_write_partial_fromBeforeEnd_multipleBuffers [KEEP_FILES [2, -1]]" classname="com.google.common.jimfs.RegularFileTest$RegularFileTestRunner" time="0.0"/>
  <testcase name="testNonEmpty_write_partial_fromEnd_multipleBuffers [KEEP_FILES [2, -1]]" classname="com.google.common.jimfs.RegularFileTest$RegularFileTestRunner" time="0.0"/>
  <testcase name="testNonEmpty_write_partial_fromPastEnd_multipleBuffers [KEEP_FILES [2, -1]]" classname="com.google.common.jimfs.RegularFileTest$RegularFileTestRunner" time="0.0"/>
  <testcase name="testNonEmpty_write_overwrite_sameLength [KEEP_FILES [2, -1]]" classname="com.google.common.jimfs.RegularFileTest$RegularFileTestRunner" time="0.0"/>
  <testcase name="testNonEmpty_write_overwrite_greaterLength [KEEP_FILES [2, -1]]" classname="com.google.common.jimfs.RegularFileTest$RegularFileTestRunner" time="0.0"/>
  <testcase name="testNonEmpty_transferTo_fromStart_countEqualsSize [KEEP_FILES [2, -1]]" classname="com.google.common.jimfs.RegularFileTest$RegularFileTestRunner" time="0.0"/>
  <testcase name="testNonEmpty_transferTo_fromStart_countLessThanSize [KEEP_FILES [2, -1]]" classname="com.google.common.jimfs.RegularFileTest$RegularFileTestRunner" time="0.0"/>
  <testcase name="testNonEmpty_transferTo_fromMiddle_countEqualsSize [KEEP_FILES [2, -1]]" classname="com.google.common.jimfs.RegularFileTest$RegularFileTestRunner" time="0.0"/>
  <testcase name="testNonEmpty_transferTo_fromMiddle_countLessThanSize [KEEP_FILES [2, -1]]" classname="com.google.common.jimfs.RegularFileTest$RegularFileTestRunner" time="0.0"/>
  <testcase name="testNonEmpty_transferFrom_toStart_countEqualsSrcSize [KEEP_FILES [2, -1]]" classname="com.google.common.jimfs.RegularFileTest$RegularFileTestRunner" time="0.0"/>
  <testcase name="testNonEmpty_transferFrom_toStart_countLessThanSrcSize [KEEP_FILES [2, -1]]" classname="com.google.common.jimfs.RegularFileTest$RegularFileTestRunner" time="0.0"/>
  <testcase name="testNonEmpty_transferFrom_toStart_countGreaterThanSrcSize [KEEP_FILES [2, -1]]" classname="com.google.common.jimfs.RegularFileTest$RegularFileTestRunner" time="0.0"/>
  <testcase name="testNonEmpty_transferFrom_toMiddle_countEqualsSrcSize [KEEP_FILES [2, -1]]" classname="com.google.common.jimfs.RegularFileTest$RegularFileTestRunner" time="0.0"/>
  <testcase name="testNonEmpty_transferFrom_toMiddle_countLessThanSrcSize [KEEP_FILES [2, -1]]" classname="com.google.common.jimfs.RegularFileTest$RegularFileTestRunner" time="0.0"/>
  <testcase name="testNonEmpty_transferFrom_toMiddle_countGreaterThanSrcSize [KEEP_FILES [2, -1]]" classname="com.google.common.jimfs.RegularFileTest$RegularFileTestRunner" time="0.0"/>
  <testcase name="testNonEmpty_transferFrom_toMiddle_transferGoesBeyondContentSize [KEEP_FILES [2, -1]]" classname="com.google.common.jimfs.RegularFileTest$RegularFileTestRunner" time="0.0"/>
  <testcase name="testNonEmpty_transferFrom_toEnd [KEEP_FILES [2, -1]]" classname="com.google.common.jimfs.RegularFileTest$RegularFileTestRunner" time="0.0"/>
  <testcase name="testNonEmpty_transferFrom_positionGreaterThanSize [KEEP_FILES [2, -1]]" classname="com.google.common.jimfs.RegularFileTest$RegularFileTestRunner" time="0.0"/>
  <testcase name="testNonEmpty_transferFrom_hugeOverestimateCount [KEEP_FILES [2, -1]]" classname="com.google.common.jimfs.RegularFileTest$RegularFileTestRunner" time="0.0"/>
  <testcase name="testNonEmpty_copy [KEEP_FILES [2, -1]]" classname="com.google.common.jimfs.RegularFileTest$RegularFileTestRunner" time="0.0"/>
  <testcase name="testNonEmpty_copy_multipleTimes [KEEP_FILES [2, -1]]" classname="com.google.common.jimfs.RegularFileTest$RegularFileTestRunner" time="0.0"/>
  <testcase name="testNonEmpty_truncate_toZero [KEEP_FILES [2, -1]]" classname="com.google.common.jimfs.RegularFileTest$RegularFileTestRunner" time="0.0"/>
  <testcase name="testNonEmpty_truncate_partial [KEEP_FILES [2, -1]]" classname="com.google.common.jimfs.RegularFileTest$RegularFileTestRunner" time="0.0"/>
  <testcase name="testNonEmpty_truncate_sizeUp [KEEP_FILES [2, -1]]" classname="com.google.common.jimfs.RegularFileTest$RegularFileTestRunner" time="0.0"/>
  <testcase name="testDeletedStoreRemainsUsableWhileOpen [KEEP_FILES [2, -1]]" classname="com.google.common.jimfs.RegularFileTest$RegularFileTestRunner" time="0.0"/>
  <testcase name="testEmpty_write_singleByte_atNonZeroPosition [KEEP_FILES [8, 0]]" classname="com.google.common.jimfs.RegularFileTest$RegularFileTestRunner" time="0.0"/>
  <testcase name="testNonEmpty_write_partial_fromBeforeEnd_singleBuffer [KEEP_FILES [8, 0]]" classname="com.google.common.jimfs.RegularFileTest$RegularFileTestRunner" time="0.0"/>
  <testcase name="testEmpty_transferFrom_positionGreaterThanSize_countLessThanSrcSize [KEEP_FILES [8, 0]]" classname="com.google.common.jimfs.RegularFileTest$RegularFileTestRunner" time="0.0"/>
  <testcase name="testEmpty_write_singleByte_atStart [KEEP_FILES [8, 0]]" classname="com.google.common.jimfs.RegularFileTest$RegularFileTestRunner" time="0.0"/>
  <testcase name="testEmpty_write_byteArray_atStart [KEEP_FILES [8, 0]]" classname="com.google.common.jimfs.RegularFileTest$RegularFileTestRunner" time="0.001"/>
  <testcase name="testEmpty_write_singleBuffer_atNonZeroPosition [KEEP_FILES [8, 0]]" classname="com.google.common.jimfs.RegularFileTest$RegularFileTestRunner" time="0.0"/>
  <testcase name="testEmpty_write_multipleBuffers_atNonZeroPosition [KEEP_FILES [8, 0]]" classname="com.google.common.jimfs.RegularFileTest$RegularFileTestRunner" time="0.0"/>
  <testcase name="testEmpty_write_noBytesArray_atStart [KEEP_FILES [8, 0]]" classname="com.google.common.jimfs.RegularFileTest$RegularFileTestRunner" time="0.0"/>
  <testcase name="testEmpty_write_noBytesArray_atNonZeroPosition [KEEP_FILES [8, 0]]" classname="com.google.common.jimfs.RegularFileTest$RegularFileTestRunner" time="0.0"/>
  <testcase name="testEmpty_write_noBytesBuffer_atStart [KEEP_FILES [8, 0]]" classname="com.google.common.jimfs.RegularFileTest$RegularFileTestRunner" time="0.0"/>
  <testcase name="testEmpty_write_noBytesBuffer_atNonZeroPosition [KEEP_FILES [8, 0]]" classname="com.google.common.jimfs.RegularFileTest$RegularFileTestRunner" time="0.0"/>
  <testcase name="testEmpty_write_noBytesBuffers_atStart [KEEP_FILES [8, 0]]" classname="com.google.common.jimfs.RegularFileTest$RegularFileTestRunner" time="0.0"/>
  <testcase name="testEmpty_write_noBytesBuffers_atNonZeroPosition [KEEP_FILES [8, 0]]" classname="com.google.common.jimfs.RegularFileTest$RegularFileTestRunner" time="0.0"/>
  <testcase name="testEmpty_transferFrom_fromStart_countEqualsSrcSize [KEEP_FILES [8, 0]]" classname="com.google.common.jimfs.RegularFileTest$RegularFileTestRunner" time="0.0"/>
  <testcase name="testEmpty_transferFrom_fromStart_countLessThanSrcSize [KEEP_FILES [8, 0]]" classname="com.google.common.jimfs.RegularFileTest$RegularFileTestRunner" time="0.0"/>
  <testcase name="testEmpty_transferFrom_fromStart_countGreaterThanSrcSize [KEEP_FILES [8, 0]]" classname="com.google.common.jimfs.RegularFileTest$RegularFileTestRunner" time="0.0"/>
  <testcase name="testEmpty_transferFrom_positionGreaterThanSize [KEEP_FILES [8, 0]]" classname="com.google.common.jimfs.RegularFileTest$RegularFileTestRunner" time="0.0"/>
  <testcase name="testEmpty_transferFrom_positionGreaterThanSize_countEqualsSrcSize [KEEP_FILES [8, 0]]" classname="com.google.common.jimfs.RegularFileTest$RegularFileTestRunner" time="0.0"/>
  <testcase name="testEmpty_transferFrom_fromStart_noBytes_countEqualsSrcSize [KEEP_FILES [8, 0]]" classname="com.google.common.jimfs.RegularFileTest$RegularFileTestRunner" time="0.0"/>
  <testcase name="testEmpty_transferFrom_fromStart_noBytes_countGreaterThanSrcSize [KEEP_FILES [8, 0]]" classname="com.google.common.jimfs.RegularFileTest$RegularFileTestRunner" time="0.0"/>
  <testcase name="testEmpty_transferFrom_postionGreaterThanSrcSize_noBytes_countEqualsSrcSize [KEEP_FILES [8, 0]]" classname="com.google.common.jimfs.RegularFileTest$RegularFileTestRunner" time="0.0"/>
  <testcase name="testEmpty_transferFrom_postionGreaterThanSrcSize_noBytes_countGreaterThanSrcSize [KEEP_FILES [8, 0]]" classname="com.google.common.jimfs.RegularFileTest$RegularFileTestRunner" time="0.0"/>
  <testcase name="testEmpty_transferTo [KEEP_FILES [8, 0]]" classname="com.google.common.jimfs.RegularFileTest$RegularFileTestRunner" time="0.0"/>
  <testcase name="testEmpty_copy [KEEP_FILES [8, 0]]" classname="com.google.common.jimfs.RegularFileTest$RegularFileTestRunner" time="0.0"/>
  <testcase name="testEmpty_truncate_toZero [KEEP_FILES [8, 0]]" classname="com.google.common.jimfs.RegularFileTest$RegularFileTestRunner" time="0.0"/>
  <testcase name="testEmpty_truncate_sizeUp [KEEP_FILES [8, 0]]" classname="com.google.common.jimfs.RegularFileTest$RegularFileTestRunner" time="0.0"/>
  <testcase name="testNonEmpty [KEEP_FILES [8, 0]]" classname="com.google.common.jimfs.RegularFileTest$RegularFileTestRunner" time="0.0"/>
  <testcase name="testNonEmpty_read_singleByte [KEEP_FILES [8, 0]]" classname="com.google.common.jimfs.RegularFileTest$RegularFileTestRunner" time="0.0"/>
  <testcase name="testNonEmpty_read_all_byteArray [KEEP_FILES [8, 0]]" classname="com.google.common.jimfs.RegularFileTest$RegularFileTestRunner" time="0.0"/>
  <testcase name="testNonEmpty_read_all_singleBuffer [KEEP_FILES [8, 0]]" classname="com.google.common.jimfs.RegularFileTest$RegularFileTestRunner" time="0.0"/>
  <testcase name="testNonEmpty_read_all_multipleBuffers [KEEP_FILES [8, 0]]" classname="com.google.common.jimfs.RegularFileTest$RegularFileTestRunner" time="0.0"/>
  <testcase name="testNonEmpty_read_all_byteArray_largerThanContent [KEEP_FILES [8, 0]]" classname="com.google.common.jimfs.RegularFileTest$RegularFileTestRunner" time="0.0"/>
  <testcase name="testNonEmpty_read_all_singleBuffer_largerThanContent [KEEP_FILES [8, 0]]" classname="com.google.common.jimfs.RegularFileTest$RegularFileTestRunner" time="0.0"/>
  <testcase name="testNonEmpty_read_all_multipleBuffers_largerThanContent [KEEP_FILES [8, 0]]" classname="com.google.common.jimfs.RegularFileTest$RegularFileTestRunner" time="0.0"/>
  <testcase name="testNonEmpty_read_all_multipleBuffers_extraBuffers [KEEP_FILES [8, 0]]" classname="com.google.common.jimfs.RegularFileTest$RegularFileTestRunner" time="0.0"/>
  <testcase name="testNonEmpty_read_partial_fromStart_byteArray [KEEP_FILES [8, 0]]" classname="com.google.common.jimfs.RegularFileTest$RegularFileTestRunner" time="0.0"/>
  <testcase name="testNonEmpty_read_partial_fromMiddle_byteArray [KEEP_FILES [8, 0]]" classname="com.google.common.jimfs.RegularFileTest$RegularFileTestRunner" time="0.0"/>
  <testcase name="testNonEmpty_read_partial_fromEnd_byteArray [KEEP_FILES [8, 0]]" classname="com.google.common.jimfs.RegularFileTest$RegularFileTestRunner" time="0.0"/>
  <testcase name="testNonEmpty_read_partial_fromStart_singleBuffer [KEEP_FILES [8, 0]]" classname="com.google.common.jimfs.RegularFileTest$RegularFileTestRunner" time="0.0"/>
  <testcase name="testNonEmpty_read_partial_fromMiddle_singleBuffer [KEEP_FILES [8, 0]]" classname="com.google.common.jimfs.RegularFileTest$RegularFileTestRunner" time="0.0"/>
  <testcase name="testNonEmpty_read_partial_fromEnd_singleBuffer [KEEP_FILES [8, 0]]" classname="com.google.common.jimfs.RegularFileTest$RegularFileTestRunner" time="0.0"/>
  <testcase name="testEmpty_write_multipleBuffers_atStart [KEEP_FILES [8, 0]]" classname="com.google.common.jimfs.RegularFileTest$RegularFileTestRunner" time="0.0"/>
  <testcase name="testEmpty_write_byteArray_atNonZeroPosition [KEEP_FILES [8, 0]]" classname="com.google.common.jimfs.RegularFileTest$RegularFileTestRunner" time="0.0"/>
  <testcase name="testEmpty_read_singleByte [KEEP_FILES [8, 0]]" classname="com.google.common.jimfs.RegularFileTest$RegularFileTestRunner" time="0.0"/>
  <testcase name="testEmpty_read_byteArray [KEEP_FILES [8, 0]]" classname="com.google.common.jimfs.RegularFileTest$RegularFileTestRunner" time="0.0"/>
  <testcase name="testEmpty_read_singleBuffer [KEEP_FILES [8, 0]]" classname="com.google.common.jimfs.RegularFileTest$RegularFileTestRunner" time="0.0"/>
  <testcase name="testEmpty_read_multipleBuffers [KEEP_FILES [8, 0]]" classname="com.google.common.jimfs.RegularFileTest$RegularFileTestRunner" time="0.0"/>
  <testcase name="testEmpty_write_partialByteArray_atNonZeroPosition [KEEP_FILES [8, 0]]" classname="com.google.common.jimfs.RegularFileTest$RegularFileTestRunner" time="0.0"/>
  <testcase name="testEmpty_write_singleBuffer_atStart [KEEP_FILES [8, 0]]" classname="com.google.common.jimfs.RegularFileTest$RegularFileTestRunner" time="0.0"/>
  <testcase name="testEmpty_write_partialByteArray_atStart [KEEP_FILES [8, 0]]" classname="com.google.common.jimfs.RegularFileTest$RegularFileTestRunner" time="0.0"/>
  <testcase name="testEmpty_transferFrom_positionGreaterThanSize_countGreaterThanSrcSize [KEEP_FILES [8, 0]]" classname="com.google.common.jimfs.RegularFileTest$RegularFileTestRunner" time="0.0"/>
  <testcase name="testEmpty [KEEP_FILES [8, 0]]" classname="com.google.common.jimfs.RegularFileTest$RegularFileTestRunner" time="0.0"/>
  <testcase name="testNonEmpty_read_partial_fromStart_multipleBuffers [KEEP_FILES [8, 0]]" classname="com.google.common.jimfs.RegularFileTest$RegularFileTestRunner" time="0.0"/>
  <testcase name="testNonEmpty_read_partial_fromMiddle_multipleBuffers [KEEP_FILES [8, 0]]" classname="com.google.common.jimfs.RegularFileTest$RegularFileTestRunner" time="0.0"/>
  <testcase name="testNonEmpty_read_partial_fromEnd_multipleBuffers [KEEP_FILES [8, 0]]" classname="com.google.common.jimfs.RegularFileTest$RegularFileTestRunner" time="0.0"/>
  <testcase name="testNonEmpty_read_fromPastEnd_byteArray [KEEP_FILES [8, 0]]" classname="com.google.common.jimfs.RegularFileTest$RegularFileTestRunner" time="0.0"/>
  <testcase name="testNonEmpty_read_fromPastEnd_singleBuffer [KEEP_FILES [8, 0]]" classname="com.google.common.jimfs.RegularFileTest$RegularFileTestRunner" time="0.0"/>
  <testcase name="testNonEmpty_read_fromPastEnd_multipleBuffers [KEEP_FILES [8, 0]]" classname="com.google.common.jimfs.RegularFileTest$RegularFileTestRunner" time="0.0"/>
  <testcase name="testNonEmpty_write_partial_fromStart_singleByte [KEEP_FILES [8, 0]]" classname="com.google.common.jimfs.RegularFileTest$RegularFileTestRunner" time="0.0"/>
  <testcase name="testNonEmpty_write_partial_fromMiddle_singleByte [KEEP_FILES [8, 0]]" classname="com.google.common.jimfs.RegularFileTest$RegularFileTestRunner" time="0.001"/>
  <testcase name="testNonEmpty_write_partial_fromEnd_singleByte [KEEP_FILES [8, 0]]" classname="com.google.common.jimfs.RegularFileTest$RegularFileTestRunner" time="0.0"/>
  <testcase name="testNonEmpty_write_partial_fromStart_byteArray [KEEP_FILES [8, 0]]" classname="com.google.common.jimfs.RegularFileTest$RegularFileTestRunner" time="0.0"/>
  <testcase name="testNonEmpty_write_partial_fromMiddle_byteArray [KEEP_FILES [8, 0]]" classname="com.google.common.jimfs.RegularFileTest$RegularFileTestRunner" time="0.0"/>
  <testcase name="testNonEmpty_write_partial_fromBeforeEnd_byteArray [KEEP_FILES [8, 0]]" classname="com.google.common.jimfs.RegularFileTest$RegularFileTestRunner" time="0.0"/>
  <testcase name="testNonEmpty_write_partial_fromEnd_byteArray [KEEP_FILES [8, 0]]" classname="com.google.common.jimfs.RegularFileTest$RegularFileTestRunner" time="0.0"/>
  <testcase name="testNonEmpty_write_partial_fromPastEnd_byteArray [KEEP_FILES [8, 0]]" classname="com.google.common.jimfs.RegularFileTest$RegularFileTestRunner" time="0.0"/>
  <testcase name="testNonEmpty_write_partial_fromStart_singleBuffer [KEEP_FILES [8, 0]]" classname="com.google.common.jimfs.RegularFileTest$RegularFileTestRunner" time="0.0"/>
  <testcase name="testNonEmpty_write_partial_fromMiddle_singleBuffer [KEEP_FILES [8, 0]]" classname="com.google.common.jimfs.RegularFileTest$RegularFileTestRunner" time="0.0"/>
  <testcase name="testNonEmpty_write_partial_fromEnd_singleBuffer [KEEP_FILES [8, 0]]" classname="com.google.common.jimfs.RegularFileTest$RegularFileTestRunner" time="0.004"/>
  <testcase name="testNonEmpty_write_partial_fromPastEnd_singleBuffer [KEEP_FILES [8, 0]]" classname="com.google.common.jimfs.RegularFileTest$RegularFileTestRunner" time="0.0"/>
  <testcase name="testNonEmpty_write_partial_fromStart_multipleBuffers [KEEP_FILES [8, 0]]" classname="com.google.common.jimfs.RegularFileTest$RegularFileTestRunner" time="0.0"/>
  <testcase name="testNonEmpty_write_partial_fromMiddle_multipleBuffers [KEEP_FILES [8, 0]]" classname="com.google.common.jimfs.RegularFileTest$RegularFileTestRunner" time="0.0"/>
  <testcase name="testNonEmpty_write_partial_fromBeforeEnd_multipleBuffers [KEEP_FILES [8, 0]]" classname="com.google.common.jimfs.RegularFileTest$RegularFileTestRunner" time="0.0"/>
  <testcase name="testNonEmpty_write_partial_fromEnd_multipleBuffers [KEEP_FILES [8, 0]]" classname="com.google.common.jimfs.RegularFileTest$RegularFileTestRunner" time="0.0"/>
  <testcase name="testNonEmpty_write_partial_fromPastEnd_multipleBuffers [KEEP_FILES [8, 0]]" classname="com.google.common.jimfs.RegularFileTest$RegularFileTestRunner" time="0.0"/>
  <testcase name="testNonEmpty_write_overwrite_sameLength [KEEP_FILES [8, 0]]" classname="com.google.common.jimfs.RegularFileTest$RegularFileTestRunner" time="0.0"/>
  <testcase name="testNonEmpty_write_overwrite_greaterLength [KEEP_FILES [8, 0]]" classname="com.google.common.jimfs.RegularFileTest$RegularFileTestRunner" time="0.0"/>
  <testcase name="testNonEmpty_transferTo_fromStart_countEqualsSize [KEEP_FILES [8, 0]]" classname="com.google.common.jimfs.RegularFileTest$RegularFileTestRunner" time="0.0"/>
  <testcase name="testNonEmpty_transferTo_fromStart_countLessThanSize [KEEP_FILES [8, 0]]" classname="com.google.common.jimfs.RegularFileTest$RegularFileTestRunner" time="0.0"/>
  <testcase name="testNonEmpty_transferTo_fromMiddle_countEqualsSize [KEEP_FILES [8, 0]]" classname="com.google.common.jimfs.RegularFileTest$RegularFileTestRunner" time="0.0"/>
  <testcase name="testNonEmpty_transferTo_fromMiddle_countLessThanSize [KEEP_FILES [8, 0]]" classname="com.google.common.jimfs.RegularFileTest$RegularFileTestRunner" time="0.0"/>
  <testcase name="testNonEmpty_transferFrom_toStart_countEqualsSrcSize [KEEP_FILES [8, 0]]" classname="com.google.common.jimfs.RegularFileTest$RegularFileTestRunner" time="0.0"/>
  <testcase name="testNonEmpty_transferFrom_toStart_countLessThanSrcSize [KEEP_FILES [8, 0]]" classname="com.google.common.jimfs.RegularFileTest$RegularFileTestRunner" time="0.0"/>
  <testcase name="testNonEmpty_transferFrom_toStart_countGreaterThanSrcSize [KEEP_FILES [8, 0]]" classname="com.google.common.jimfs.RegularFileTest$RegularFileTestRunner" time="0.0"/>
  <testcase name="testNonEmpty_transferFrom_toMiddle_countEqualsSrcSize [KEEP_FILES [8, 0]]" classname="com.google.common.jimfs.RegularFileTest$RegularFileTestRunner" time="0.0"/>
  <testcase name="testNonEmpty_transferFrom_toMiddle_countLessThanSrcSize [KEEP_FILES [8, 0]]" classname="com.google.common.jimfs.RegularFileTest$RegularFileTestRunner" time="0.0"/>
  <testcase name="testNonEmpty_transferFrom_toMiddle_countGreaterThanSrcSize [KEEP_FILES [8, 0]]" classname="com.google.common.jimfs.RegularFileTest$RegularFileTestRunner" time="0.0"/>
  <testcase name="testNonEmpty_transferFrom_toMiddle_transferGoesBeyondContentSize [KEEP_FILES [8, 0]]" classname="com.google.common.jimfs.RegularFileTest$RegularFileTestRunner" time="0.0"/>
  <testcase name="testNonEmpty_transferFrom_toEnd [KEEP_FILES [8, 0]]" classname="com.google.common.jimfs.RegularFileTest$RegularFileTestRunner" time="0.001"/>
  <testcase name="testNonEmpty_transferFrom_positionGreaterThanSize [KEEP_FILES [8, 0]]" classname="com.google.common.jimfs.RegularFileTest$RegularFileTestRunner" time="0.0"/>
  <testcase name="testNonEmpty_transferFrom_hugeOverestimateCount [KEEP_FILES [8, 0]]" classname="com.google.common.jimfs.RegularFileTest$RegularFileTestRunner" time="0.0"/>
  <testcase name="testNonEmpty_copy [KEEP_FILES [8, 0]]" classname="com.google.common.jimfs.RegularFileTest$RegularFileTestRunner" time="0.0"/>
  <testcase name="testNonEmpty_copy_multipleTimes [KEEP_FILES [8, 0]]" classname="com.google.common.jimfs.RegularFileTest$RegularFileTestRunner" time="0.0"/>
  <testcase name="testNonEmpty_truncate_toZero [KEEP_FILES [8, 0]]" classname="com.google.common.jimfs.RegularFileTest$RegularFileTestRunner" time="0.0"/>
  <testcase name="testNonEmpty_truncate_partial [KEEP_FILES [8, 0]]" classname="com.google.common.jimfs.RegularFileTest$RegularFileTestRunner" time="0.0"/>
  <testcase name="testNonEmpty_truncate_sizeUp [KEEP_FILES [8, 0]]" classname="com.google.common.jimfs.RegularFileTest$RegularFileTestRunner" time="0.0"/>
  <testcase name="testDeletedStoreRemainsUsableWhileOpen [KEEP_FILES [8, 0]]" classname="com.google.common.jimfs.RegularFileTest$RegularFileTestRunner" time="0.0"/>
  <testcase name="testEmpty_write_singleByte_atNonZeroPosition [KEEP_FILES [8, 16]]" classname="com.google.common.jimfs.RegularFileTest$RegularFileTestRunner" time="0.0"/>
  <testcase name="testNonEmpty_write_partial_fromBeforeEnd_singleBuffer [KEEP_FILES [8, 16]]" classname="com.google.common.jimfs.RegularFileTest$RegularFileTestRunner" time="0.0"/>
  <testcase name="testEmpty_transferFrom_positionGreaterThanSize_countLessThanSrcSize [KEEP_FILES [8, 16]]" classname="com.google.common.jimfs.RegularFileTest$RegularFileTestRunner" time="0.0"/>
  <testcase name="testEmpty_write_singleByte_atStart [KEEP_FILES [8, 16]]" classname="com.google.common.jimfs.RegularFileTest$RegularFileTestRunner" time="0.0"/>
  <testcase name="testEmpty_write_byteArray_atStart [KEEP_FILES [8, 16]]" classname="com.google.common.jimfs.RegularFileTest$RegularFileTestRunner" time="0.0"/>
  <testcase name="testEmpty_write_singleBuffer_atNonZeroPosition [KEEP_FILES [8, 16]]" classname="com.google.common.jimfs.RegularFileTest$RegularFileTestRunner" time="0.0"/>
  <testcase name="testEmpty_write_multipleBuffers_atNonZeroPosition [KEEP_FILES [8, 16]]" classname="com.google.common.jimfs.RegularFileTest$RegularFileTestRunner" time="0.0"/>
  <testcase name="testEmpty_write_noBytesArray_atStart [KEEP_FILES [8, 16]]" classname="com.google.common.jimfs.RegularFileTest$RegularFileTestRunner" time="0.0"/>
  <testcase name="testEmpty_write_noBytesArray_atNonZeroPosition [KEEP_FILES [8, 16]]" classname="com.google.common.jimfs.RegularFileTest$RegularFileTestRunner" time="0.0"/>
  <testcase name="testEmpty_write_noBytesBuffer_atStart [KEEP_FILES [8, 16]]" classname="com.google.common.jimfs.RegularFileTest$RegularFileTestRunner" time="0.0"/>
  <testcase name="testEmpty_write_noBytesBuffer_atNonZeroPosition [KEEP_FILES [8, 16]]" classname="com.google.common.jimfs.RegularFileTest$RegularFileTestRunner" time="0.0"/>
  <testcase name="testEmpty_write_noBytesBuffers_atStart [KEEP_FILES [8, 16]]" classname="com.google.common.jimfs.RegularFileTest$RegularFileTestRunner" time="0.0"/>
  <testcase name="testEmpty_write_noBytesBuffers_atNonZeroPosition [KEEP_FILES [8, 16]]" classname="com.google.common.jimfs.RegularFileTest$RegularFileTestRunner" time="0.0"/>
  <testcase name="testEmpty_transferFrom_fromStart_countEqualsSrcSize [KEEP_FILES [8, 16]]" classname="com.google.common.jimfs.RegularFileTest$RegularFileTestRunner" time="0.0"/>
  <testcase name="testEmpty_transferFrom_fromStart_countLessThanSrcSize [KEEP_FILES [8, 16]]" classname="com.google.common.jimfs.RegularFileTest$RegularFileTestRunner" time="0.0"/>
  <testcase name="testEmpty_transferFrom_fromStart_countGreaterThanSrcSize [KEEP_FILES [8, 16]]" classname="com.google.common.jimfs.RegularFileTest$RegularFileTestRunner" time="0.0"/>
  <testcase name="testEmpty_transferFrom_positionGreaterThanSize [KEEP_FILES [8, 16]]" classname="com.google.common.jimfs.RegularFileTest$RegularFileTestRunner" time="0.0"/>
  <testcase name="testEmpty_transferFrom_positionGreaterThanSize_countEqualsSrcSize [KEEP_FILES [8, 16]]" classname="com.google.common.jimfs.RegularFileTest$RegularFileTestRunner" time="0.0"/>
  <testcase name="testEmpty_transferFrom_fromStart_noBytes_countEqualsSrcSize [KEEP_FILES [8, 16]]" classname="com.google.common.jimfs.RegularFileTest$RegularFileTestRunner" time="0.0"/>
  <testcase name="testEmpty_transferFrom_fromStart_noBytes_countGreaterThanSrcSize [KEEP_FILES [8, 16]]" classname="com.google.common.jimfs.RegularFileTest$RegularFileTestRunner" time="0.0"/>
  <testcase name="testEmpty_transferFrom_postionGreaterThanSrcSize_noBytes_countEqualsSrcSize [KEEP_FILES [8, 16]]" classname="com.google.common.jimfs.RegularFileTest$RegularFileTestRunner" time="0.0"/>
  <testcase name="testEmpty_transferFrom_postionGreaterThanSrcSize_noBytes_countGreaterThanSrcSize [KEEP_FILES [8, 16]]" classname="com.google.common.jimfs.RegularFileTest$RegularFileTestRunner" time="0.0"/>
  <testcase name="testEmpty_transferTo [KEEP_FILES [8, 16]]" classname="com.google.common.jimfs.RegularFileTest$RegularFileTestRunner" time="0.0"/>
  <testcase name="testEmpty_copy [KEEP_FILES [8, 16]]" classname="com.google.common.jimfs.RegularFileTest$RegularFileTestRunner" time="0.0"/>
  <testcase name="testEmpty_truncate_toZero [KEEP_FILES [8, 16]]" classname="com.google.common.jimfs.RegularFileTest$RegularFileTestRunner" time="0.0"/>
  <testcase name="testEmpty_truncate_sizeUp [KEEP_FILES [8, 16]]" classname="com.google.common.jimfs.RegularFileTest$RegularFileTestRunner" time="0.0"/>
  <testcase name="testNonEmpty [KEEP_FILES [8, 16]]" classname="com.google.common.jimfs.RegularFileTest$RegularFileTestRunner" time="0.0"/>
  <testcase name="testNonEmpty_read_singleByte [KEEP_FILES [8, 16]]" classname="com.google.common.jimfs.RegularFileTest$RegularFileTestRunner" time="0.0"/>
  <testcase name="testNonEmpty_read_all_byteArray [KEEP_FILES [8, 16]]" classname="com.google.common.jimfs.RegularFileTest$RegularFileTestRunner" time="0.001"/>
  <testcase name="testNonEmpty_read_all_singleBuffer [KEEP_FILES [8, 16]]" classname="com.google.common.jimfs.RegularFileTest$RegularFileTestRunner" time="0.0"/>
  <testcase name="testNonEmpty_read_all_multipleBuffers [KEEP_FILES [8, 16]]" classname="com.google.common.jimfs.RegularFileTest$RegularFileTestRunner" time="0.0"/>
  <testcase name="testNonEmpty_read_all_byteArray_largerThanContent [KEEP_FILES [8, 16]]" classname="com.google.common.jimfs.RegularFileTest$RegularFileTestRunner" time="0.0"/>
  <testcase name="testNonEmpty_read_all_singleBuffer_largerThanContent [KEEP_FILES [8, 16]]" classname="com.google.common.jimfs.RegularFileTest$RegularFileTestRunner" time="0.0"/>
  <testcase name="testNonEmpty_read_all_multipleBuffers_largerThanContent [KEEP_FILES [8, 16]]" classname="com.google.common.jimfs.RegularFileTest$RegularFileTestRunner" time="0.0"/>
  <testcase name="testNonEmpty_read_all_multipleBuffers_extraBuffers [KEEP_FILES [8, 16]]" classname="com.google.common.jimfs.RegularFileTest$RegularFileTestRunner" time="0.0"/>
  <testcase name="testNonEmpty_read_partial_fromStart_byteArray [KEEP_FILES [8, 16]]" classname="com.google.common.jimfs.RegularFileTest$RegularFileTestRunner" time="0.0"/>
  <testcase name="testNonEmpty_read_partial_fromMiddle_byteArray [KEEP_FILES [8, 16]]" classname="com.google.common.jimfs.RegularFileTest$RegularFileTestRunner" time="0.0"/>
  <testcase name="testNonEmpty_read_partial_fromEnd_byteArray [KEEP_FILES [8, 16]]" classname="com.google.common.jimfs.RegularFileTest$RegularFileTestRunner" time="0.0"/>
  <testcase name="testNonEmpty_read_partial_fromStart_singleBuffer [KEEP_FILES [8, 16]]" classname="com.google.common.jimfs.RegularFileTest$RegularFileTestRunner" time="0.0"/>
  <testcase name="testNonEmpty_read_partial_fromMiddle_singleBuffer [KEEP_FILES [8, 16]]" classname="com.google.common.jimfs.RegularFileTest$RegularFileTestRunner" time="0.0"/>
  <testcase name="testNonEmpty_read_partial_fromEnd_singleBuffer [KEEP_FILES [8, 16]]" classname="com.google.common.jimfs.RegularFileTest$RegularFileTestRunner" time="0.0"/>
  <testcase name="testEmpty_write_multipleBuffers_atStart [KEEP_FILES [8, 16]]" classname="com.google.common.jimfs.RegularFileTest$RegularFileTestRunner" time="0.0"/>
  <testcase name="testEmpty_write_byteArray_atNonZeroPosition [KEEP_FILES [8, 16]]" classname="com.google.common.jimfs.RegularFileTest$RegularFileTestRunner" time="0.0"/>
  <testcase name="testEmpty_read_singleByte [KEEP_FILES [8, 16]]" classname="com.google.common.jimfs.RegularFileTest$RegularFileTestRunner" time="0.0"/>
  <testcase name="testEmpty_read_byteArray [KEEP_FILES [8, 16]]" classname="com.google.common.jimfs.RegularFileTest$RegularFileTestRunner" time="0.0"/>
  <testcase name="testEmpty_read_singleBuffer [KEEP_FILES [8, 16]]" classname="com.google.common.jimfs.RegularFileTest$RegularFileTestRunner" time="0.0"/>
  <testcase name="testEmpty_read_multipleBuffers [KEEP_FILES [8, 16]]" classname="com.google.common.jimfs.RegularFileTest$RegularFileTestRunner" time="0.0"/>
  <testcase name="testEmpty_write_partialByteArray_atNonZeroPosition [KEEP_FILES [8, 16]]" classname="com.google.common.jimfs.RegularFileTest$RegularFileTestRunner" time="0.0"/>
  <testcase name="testEmpty_write_singleBuffer_atStart [KEEP_FILES [8, 16]]" classname="com.google.common.jimfs.RegularFileTest$RegularFileTestRunner" time="0.0"/>
  <testcase name="testEmpty_write_partialByteArray_atStart [KEEP_FILES [8, 16]]" classname="com.google.common.jimfs.RegularFileTest$RegularFileTestRunner" time="0.0"/>
  <testcase name="testEmpty_transferFrom_positionGreaterThanSize_countGreaterThanSrcSize [KEEP_FILES [8, 16]]" classname="com.google.common.jimfs.RegularFileTest$RegularFileTestRunner" time="0.0"/>
  <testcase name="testEmpty [KEEP_FILES [8, 16]]" classname="com.google.common.jimfs.RegularFileTest$RegularFileTestRunner" time="0.0"/>
  <testcase name="testNonEmpty_read_partial_fromStart_multipleBuffers [KEEP_FILES [8, 16]]" classname="com.google.common.jimfs.RegularFileTest$RegularFileTestRunner" time="0.0"/>
  <testcase name="testNonEmpty_read_partial_fromMiddle_multipleBuffers [KEEP_FILES [8, 16]]" classname="com.google.common.jimfs.RegularFileTest$RegularFileTestRunner" time="0.0"/>
  <testcase name="testNonEmpty_read_partial_fromEnd_multipleBuffers [KEEP_FILES [8, 16]]" classname="com.google.common.jimfs.RegularFileTest$RegularFileTestRunner" time="0.0"/>
  <testcase name="testNonEmpty_read_fromPastEnd_byteArray [KEEP_FILES [8, 16]]" classname="com.google.common.jimfs.RegularFileTest$RegularFileTestRunner" time="0.0"/>
  <testcase name="testNonEmpty_read_fromPastEnd_singleBuffer [KEEP_FILES [8, 16]]" classname="com.google.common.jimfs.RegularFileTest$RegularFileTestRunner" time="0.0"/>
  <testcase name="testNonEmpty_read_fromPastEnd_multipleBuffers [KEEP_FILES [8, 16]]" classname="com.google.common.jimfs.RegularFileTest$RegularFileTestRunner" time="0.0"/>
  <testcase name="testNonEmpty_write_partial_fromStart_singleByte [KEEP_FILES [8, 16]]" classname="com.google.common.jimfs.RegularFileTest$RegularFileTestRunner" time="0.0"/>
  <testcase name="testNonEmpty_write_partial_fromMiddle_singleByte [KEEP_FILES [8, 16]]" classname="com.google.common.jimfs.RegularFileTest$RegularFileTestRunner" time="0.0"/>
  <testcase name="testNonEmpty_write_partial_fromEnd_singleByte [KEEP_FILES [8, 16]]" classname="com.google.common.jimfs.RegularFileTest$RegularFileTestRunner" time="0.0"/>
  <testcase name="testNonEmpty_write_partial_fromStart_byteArray [KEEP_FILES [8, 16]]" classname="com.google.common.jimfs.RegularFileTest$RegularFileTestRunner" time="0.0"/>
  <testcase name="testNonEmpty_write_partial_fromMiddle_byteArray [KEEP_FILES [8, 16]]" classname="com.google.common.jimfs.RegularFileTest$RegularFileTestRunner" time="0.0"/>
  <testcase name="testNonEmpty_write_partial_fromBeforeEnd_byteArray [KEEP_FILES [8, 16]]" classname="com.google.common.jimfs.RegularFileTest$RegularFileTestRunner" time="0.0"/>
  <testcase name="testNonEmpty_write_partial_fromEnd_byteArray [KEEP_FILES [8, 16]]" classname="com.google.common.jimfs.RegularFileTest$RegularFileTestRunner" time="0.0"/>
  <testcase name="testNonEmpty_write_partial_fromPastEnd_byteArray [KEEP_FILES [8, 16]]" classname="com.google.common.jimfs.RegularFileTest$RegularFileTestRunner" time="0.0"/>
  <testcase name="testNonEmpty_write_partial_fromStart_singleBuffer [KEEP_FILES [8, 16]]" classname="com.google.common.jimfs.RegularFileTest$RegularFileTestRunner" time="0.0"/>
  <testcase name="testNonEmpty_write_partial_fromMiddle_singleBuffer [KEEP_FILES [8, 16]]" classname="com.google.common.jimfs.RegularFileTest$RegularFileTestRunner" time="0.0"/>
  <testcase name="testNonEmpty_write_partial_fromEnd_singleBuffer [KEEP_FILES [8, 16]]" classname="com.google.common.jimfs.RegularFileTest$RegularFileTestRunner" time="0.0"/>
  <testcase name="testNonEmpty_write_partial_fromPastEnd_singleBuffer [KEEP_FILES [8, 16]]" classname="com.google.common.jimfs.RegularFileTest$RegularFileTestRunner" time="0.0"/>
  <testcase name="testNonEmpty_write_partial_fromStart_multipleBuffers [KEEP_FILES [8, 16]]" classname="com.google.common.jimfs.RegularFileTest$RegularFileTestRunner" time="0.0"/>
  <testcase name="testNonEmpty_write_partial_fromMiddle_multipleBuffers [KEEP_FILES [8, 16]]" classname="com.google.common.jimfs.RegularFileTest$RegularFileTestRunner" time="0.0"/>
  <testcase name="testNonEmpty_write_partial_fromBeforeEnd_multipleBuffers [KEEP_FILES [8, 16]]" classname="com.google.common.jimfs.RegularFileTest$RegularFileTestRunner" time="0.0"/>
  <testcase name="testNonEmpty_write_partial_fromEnd_multipleBuffers [KEEP_FILES [8, 16]]" classname="com.google.common.jimfs.RegularFileTest$RegularFileTestRunner" time="0.0"/>
  <testcase name="testNonEmpty_write_partial_fromPastEnd_multipleBuffers [KEEP_FILES [8, 16]]" classname="com.google.common.jimfs.RegularFileTest$RegularFileTestRunner" time="0.0"/>
  <testcase name="testNonEmpty_write_overwrite_sameLength [KEEP_FILES [8, 16]]" classname="com.google.common.jimfs.RegularFileTest$RegularFileTestRunner" time="0.0"/>
  <testcase name="testNonEmpty_write_overwrite_greaterLength [KEEP_FILES [8, 16]]" classname="com.google.common.jimfs.RegularFileTest$RegularFileTestRunner" time="0.0"/>
  <testcase name="testNonEmpty_transferTo_fromStart_countEqualsSize [KEEP_FILES [8, 16]]" classname="com.google.common.jimfs.RegularFileTest$RegularFileTestRunner" time="0.0"/>
  <testcase name="testNonEmpty_transferTo_fromStart_countLessThanSize [KEEP_FILES [8, 16]]" classname="com.google.common.jimfs.RegularFileTest$RegularFileTestRunner" time="0.0"/>
  <testcase name="testNonEmpty_transferTo_fromMiddle_countEqualsSize [KEEP_FILES [8, 16]]" classname="com.google.common.jimfs.RegularFileTest$RegularFileTestRunner" time="0.0"/>
  <testcase name="testNonEmpty_transferTo_fromMiddle_countLessThanSize [KEEP_FILES [8, 16]]" classname="com.google.common.jimfs.RegularFileTest$RegularFileTestRunner" time="0.0"/>
  <testcase name="testNonEmpty_transferFrom_toStart_countEqualsSrcSize [KEEP_FILES [8, 16]]" classname="com.google.common.jimfs.RegularFileTest$RegularFileTestRunner" time="0.0"/>
  <testcase name="testNonEmpty_transferFrom_toStart_countLessThanSrcSize [KEEP_FILES [8, 16]]" classname="com.google.common.jimfs.RegularFileTest$RegularFileTestRunner" time="0.0"/>
  <testcase name="testNonEmpty_transferFrom_toStart_countGreaterThanSrcSize [KEEP_FILES [8, 16]]" classname="com.google.common.jimfs.RegularFileTest$RegularFileTestRunner" time="0.0"/>
  <testcase name="testNonEmpty_transferFrom_toMiddle_countEqualsSrcSize [KEEP_FILES [8, 16]]" classname="com.google.common.jimfs.RegularFileTest$RegularFileTestRunner" time="0.0"/>
  <testcase name="testNonEmpty_transferFrom_toMiddle_countLessThanSrcSize [KEEP_FILES [8, 16]]" classname="com.google.common.jimfs.RegularFileTest$RegularFileTestRunner" time="0.0"/>
  <testcase name="testNonEmpty_transferFrom_toMiddle_countGreaterThanSrcSize [KEEP_FILES [8, 16]]" classname="com.google.common.jimfs.RegularFileTest$RegularFileTestRunner" time="0.0"/>
  <testcase name="testNonEmpty_transferFrom_toMiddle_transferGoesBeyondContentSize [KEEP_FILES [8, 16]]" classname="com.google.common.jimfs.RegularFileTest$RegularFileTestRunner" time="0.0"/>
  <testcase name="testNonEmpty_transferFrom_toEnd [KEEP_FILES [8, 16]]" classname="com.google.common.jimfs.RegularFileTest$RegularFileTestRunner" time="0.0"/>
  <testcase name="testNonEmpty_transferFrom_positionGreaterThanSize [KEEP_FILES [8, 16]]" classname="com.google.common.jimfs.RegularFileTest$RegularFileTestRunner" time="0.0"/>
  <testcase name="testNonEmpty_transferFrom_hugeOverestimateCount [KEEP_FILES [8, 16]]" classname="com.google.common.jimfs.RegularFileTest$RegularFileTestRunner" time="0.0"/>
  <testcase name="testNonEmpty_copy [KEEP_FILES [8, 16]]" classname="com.google.common.jimfs.RegularFileTest$RegularFileTestRunner" time="0.0"/>
  <testcase name="testNonEmpty_copy_multipleTimes [KEEP_FILES [8, 16]]" classname="com.google.common.jimfs.RegularFileTest$RegularFileTestRunner" time="0.0"/>
  <testcase name="testNonEmpty_truncate_toZero [KEEP_FILES [8, 16]]" classname="com.google.common.jimfs.RegularFileTest$RegularFileTestRunner" time="0.0"/>
  <testcase name="testNonEmpty_truncate_partial [KEEP_FILES [8, 16]]" classname="com.google.common.jimfs.RegularFileTest$RegularFileTestRunner" time="0.0"/>
  <testcase name="testNonEmpty_truncate_sizeUp [KEEP_FILES [8, 16]]" classname="com.google.common.jimfs.RegularFileTest$RegularFileTestRunner" time="0.0"/>
  <testcase name="testDeletedStoreRemainsUsableWhileOpen [KEEP_FILES [8, 16]]" classname="com.google.common.jimfs.RegularFileTest$RegularFileTestRunner" time="0.0"/>
  <testcase name="testEmpty_write_singleByte_atNonZeroPosition [KEEP_FILES [8, 128]]" classname="com.google.common.jimfs.RegularFileTest$RegularFileTestRunner" time="0.0"/>
  <testcase name="testNonEmpty_write_partial_fromBeforeEnd_singleBuffer [KEEP_FILES [8, 128]]" classname="com.google.common.jimfs.RegularFileTest$RegularFileTestRunner" time="0.0"/>
  <testcase name="testEmpty_transferFrom_positionGreaterThanSize_countLessThanSrcSize [KEEP_FILES [8, 128]]" classname="com.google.common.jimfs.RegularFileTest$RegularFileTestRunner" time="0.0"/>
  <testcase name="testEmpty_write_singleByte_atStart [KEEP_FILES [8, 128]]" classname="com.google.common.jimfs.RegularFileTest$RegularFileTestRunner" time="0.0"/>
  <testcase name="testEmpty_write_byteArray_atStart [KEEP_FILES [8, 128]]" classname="com.google.common.jimfs.RegularFileTest$RegularFileTestRunner" time="0.0"/>
  <testcase name="testEmpty_write_singleBuffer_atNonZeroPosition [KEEP_FILES [8, 128]]" classname="com.google.common.jimfs.RegularFileTest$RegularFileTestRunner" time="0.0"/>
  <testcase name="testEmpty_write_multipleBuffers_atNonZeroPosition [KEEP_FILES [8, 128]]" classname="com.google.common.jimfs.RegularFileTest$RegularFileTestRunner" time="0.0"/>
  <testcase name="testEmpty_write_noBytesArray_atStart [KEEP_FILES [8, 128]]" classname="com.google.common.jimfs.RegularFileTest$RegularFileTestRunner" time="0.0"/>
  <testcase name="testEmpty_write_noBytesArray_atNonZeroPosition [KEEP_FILES [8, 128]]" classname="com.google.common.jimfs.RegularFileTest$RegularFileTestRunner" time="0.0"/>
  <testcase name="testEmpty_write_noBytesBuffer_atStart [KEEP_FILES [8, 128]]" classname="com.google.common.jimfs.RegularFileTest$RegularFileTestRunner" time="0.0"/>
  <testcase name="testEmpty_write_noBytesBuffer_atNonZeroPosition [KEEP_FILES [8, 128]]" classname="com.google.common.jimfs.RegularFileTest$RegularFileTestRunner" time="0.0"/>
  <testcase name="testEmpty_write_noBytesBuffers_atStart [KEEP_FILES [8, 128]]" classname="com.google.common.jimfs.RegularFileTest$RegularFileTestRunner" time="0.0"/>
  <testcase name="testEmpty_write_noBytesBuffers_atNonZeroPosition [KEEP_FILES [8, 128]]" classname="com.google.common.jimfs.RegularFileTest$RegularFileTestRunner" time="0.0"/>
  <testcase name="testEmpty_transferFrom_fromStart_countEqualsSrcSize [KEEP_FILES [8, 128]]" classname="com.google.common.jimfs.RegularFileTest$RegularFileTestRunner" time="0.0"/>
  <testcase name="testEmpty_transferFrom_fromStart_countLessThanSrcSize [KEEP_FILES [8, 128]]" classname="com.google.common.jimfs.RegularFileTest$RegularFileTestRunner" time="0.0"/>
  <testcase name="testEmpty_transferFrom_fromStart_countGreaterThanSrcSize [KEEP_FILES [8, 128]]" classname="com.google.common.jimfs.RegularFileTest$RegularFileTestRunner" time="0.0"/>
  <testcase name="testEmpty_transferFrom_positionGreaterThanSize [KEEP_FILES [8, 128]]" classname="com.google.common.jimfs.RegularFileTest$RegularFileTestRunner" time="0.0"/>
  <testcase name="testEmpty_transferFrom_positionGreaterThanSize_countEqualsSrcSize [KEEP_FILES [8, 128]]" classname="com.google.common.jimfs.RegularFileTest$RegularFileTestRunner" time="0.0"/>
  <testcase name="testEmpty_transferFrom_fromStart_noBytes_countEqualsSrcSize [KEEP_FILES [8, 128]]" classname="com.google.common.jimfs.RegularFileTest$RegularFileTestRunner" time="0.0"/>
  <testcase name="testEmpty_transferFrom_fromStart_noBytes_countGreaterThanSrcSize [KEEP_FILES [8, 128]]" classname="com.google.common.jimfs.RegularFileTest$RegularFileTestRunner" time="0.0"/>
  <testcase name="testEmpty_transferFrom_postionGreaterThanSrcSize_noBytes_countEqualsSrcSize [KEEP_FILES [8, 128]]" classname="com.google.common.jimfs.RegularFileTest$RegularFileTestRunner" time="0.0"/>
  <testcase name="testEmpty_transferFrom_postionGreaterThanSrcSize_noBytes_countGreaterThanSrcSize [KEEP_FILES [8, 128]]" classname="com.google.common.jimfs.RegularFileTest$RegularFileTestRunner" time="0.0"/>
  <testcase name="testEmpty_transferTo [KEEP_FILES [8, 128]]" classname="com.google.common.jimfs.RegularFileTest$RegularFileTestRunner" time="0.0"/>
  <testcase name="testEmpty_copy [KEEP_FILES [8, 128]]" classname="com.google.common.jimfs.RegularFileTest$RegularFileTestRunner" time="0.0"/>
  <testcase name="testEmpty_truncate_toZero [KEEP_FILES [8, 128]]" classname="com.google.common.jimfs.RegularFileTest$RegularFileTestRunner" time="0.0"/>
  <testcase name="testEmpty_truncate_sizeUp [KEEP_FILES [8, 128]]" classname="com.google.common.jimfs.RegularFileTest$RegularFileTestRunner" time="0.0"/>
  <testcase name="testNonEmpty [KEEP_FILES [8, 128]]" classname="com.google.common.jimfs.RegularFileTest$RegularFileTestRunner" time="0.0"/>
  <testcase name="testNonEmpty_read_singleByte [KEEP_FILES [8, 128]]" classname="com.google.common.jimfs.RegularFileTest$RegularFileTestRunner" time="0.0"/>
  <testcase name="testNonEmpty_read_all_byteArray [KEEP_FILES [8, 128]]" classname="com.google.common.jimfs.RegularFileTest$RegularFileTestRunner" time="0.0"/>
  <testcase name="testNonEmpty_read_all_singleBuffer [KEEP_FILES [8, 128]]" classname="com.google.common.jimfs.RegularFileTest$RegularFileTestRunner" time="0.0"/>
  <testcase name="testNonEmpty_read_all_multipleBuffers [KEEP_FILES [8, 128]]" classname="com.google.common.jimfs.RegularFileTest$RegularFileTestRunner" time="0.0"/>
  <testcase name="testNonEmpty_read_all_byteArray_largerThanContent [KEEP_FILES [8, 128]]" classname="com.google.common.jimfs.RegularFileTest$RegularFileTestRunner" time="0.0"/>
  <testcase name="testNonEmpty_read_all_singleBuffer_largerThanContent [KEEP_FILES [8, 128]]" classname="com.google.common.jimfs.RegularFileTest$RegularFileTestRunner" time="0.0"/>
  <testcase name="testNonEmpty_read_all_multipleBuffers_largerThanContent [KEEP_FILES [8, 128]]" classname="com.google.common.jimfs.RegularFileTest$RegularFileTestRunner" time="0.0"/>
  <testcase name="testNonEmpty_read_all_multipleBuffers_extraBuffers [KEEP_FILES [8, 128]]" classname="com.google.common.jimfs.RegularFileTest$RegularFileTestRunner" time="0.0"/>
  <testcase name="testNonEmpty_read_partial_fromStart_byteArray [KEEP_FILES [8, 128]]" classname="com.google.common.jimfs.RegularFileTest$RegularFileTestRunner" time="0.0"/>
  <testcase name="testNonEmpty_read_partial_fromMiddle_byteArray [KEEP_FILES [8, 128]]" classname="com.google.common.jimfs.RegularFileTest$RegularFileTestRunner" time="0.0"/>
  <testcase name="testNonEmpty_read_partial_fromEnd_byteArray [KEEP_FILES [8, 128]]" classname="com.google.common.jimfs.RegularFileTest$RegularFileTestRunner" time="0.0"/>
  <testcase name="testNonEmpty_read_partial_fromStart_singleBuffer [KEEP_FILES [8, 128]]" classname="com.google.common.jimfs.RegularFileTest$RegularFileTestRunner" time="0.0"/>
  <testcase name="testNonEmpty_read_partial_fromMiddle_singleBuffer [KEEP_FILES [8, 128]]" classname="com.google.common.jimfs.RegularFileTest$RegularFileTestRunner" time="0.0"/>
  <testcase name="testNonEmpty_read_partial_fromEnd_singleBuffer [KEEP_FILES [8, 128]]" classname="com.google.common.jimfs.RegularFileTest$RegularFileTestRunner" time="0.0"/>
  <testcase name="testEmpty_write_multipleBuffers_atStart [KEEP_FILES [8, 128]]" classname="com.google.common.jimfs.RegularFileTest$RegularFileTestRunner" time="0.0"/>
  <testcase name="testEmpty_write_byteArray_atNonZeroPosition [KEEP_FILES [8, 128]]" classname="com.google.common.jimfs.RegularFileTest$RegularFileTestRunner" time="0.0"/>
  <testcase name="testEmpty_read_singleByte [KEEP_FILES [8, 128]]" classname="com.google.common.jimfs.RegularFileTest$RegularFileTestRunner" time="0.0"/>
  <testcase name="testEmpty_read_byteArray [KEEP_FILES [8, 128]]" classname="com.google.common.jimfs.RegularFileTest$RegularFileTestRunner" time="0.0"/>
  <testcase name="testEmpty_read_singleBuffer [KEEP_FILES [8, 128]]" classname="com.google.common.jimfs.RegularFileTest$RegularFileTestRunner" time="0.0"/>
  <testcase name="testEmpty_read_multipleBuffers [KEEP_FILES [8, 128]]" classname="com.google.common.jimfs.RegularFileTest$RegularFileTestRunner" time="0.0"/>
  <testcase name="testEmpty_write_partialByteArray_atNonZeroPosition [KEEP_FILES [8, 128]]" classname="com.google.common.jimfs.RegularFileTest$RegularFileTestRunner" time="0.0"/>
  <testcase name="testEmpty_write_singleBuffer_atStart [KEEP_FILES [8, 128]]" classname="com.google.common.jimfs.RegularFileTest$RegularFileTestRunner" time="0.0"/>
  <testcase name="testEmpty_write_partialByteArray_atStart [KEEP_FILES [8, 128]]" classname="com.google.common.jimfs.RegularFileTest$RegularFileTestRunner" time="0.0"/>
  <testcase name="testEmpty_transferFrom_positionGreaterThanSize_countGreaterThanSrcSize [KEEP_FILES [8, 128]]" classname="com.google.common.jimfs.RegularFileTest$RegularFileTestRunner" time="0.0"/>
  <testcase name="testEmpty [KEEP_FILES [8, 128]]" classname="com.google.common.jimfs.RegularFileTest$RegularFileTestRunner" time="0.0"/>
  <testcase name="testNonEmpty_read_partial_fromStart_multipleBuffers [KEEP_FILES [8, 128]]" classname="com.google.common.jimfs.RegularFileTest$RegularFileTestRunner" time="0.0"/>
  <testcase name="testNonEmpty_read_partial_fromMiddle_multipleBuffers [KEEP_FILES [8, 128]]" classname="com.google.common.jimfs.RegularFileTest$RegularFileTestRunner" time="0.0"/>
  <testcase name="testNonEmpty_read_partial_fromEnd_multipleBuffers [KEEP_FILES [8, 128]]" classname="com.google.common.jimfs.RegularFileTest$RegularFileTestRunner" time="0.0"/>
  <testcase name="testNonEmpty_read_fromPastEnd_byteArray [KEEP_FILES [8, 128]]" classname="com.google.common.jimfs.RegularFileTest$RegularFileTestRunner" time="0.0"/>
  <testcase name="testNonEmpty_read_fromPastEnd_singleBuffer [KEEP_FILES [8, 128]]" classname="com.google.common.jimfs.RegularFileTest$RegularFileTestRunner" time="0.0"/>
  <testcase name="testNonEmpty_read_fromPastEnd_multipleBuffers [KEEP_FILES [8, 128]]" classname="com.google.common.jimfs.RegularFileTest$RegularFileTestRunner" time="0.0"/>
  <testcase name="testNonEmpty_write_partial_fromStart_singleByte [KEEP_FILES [8, 128]]" classname="com.google.common.jimfs.RegularFileTest$RegularFileTestRunner" time="0.0"/>
  <testcase name="testNonEmpty_write_partial_fromMiddle_singleByte [KEEP_FILES [8, 128]]" classname="com.google.common.jimfs.RegularFileTest$RegularFileTestRunner" time="0.0"/>
  <testcase name="testNonEmpty_write_partial_fromEnd_singleByte [KEEP_FILES [8, 128]]" classname="com.google.common.jimfs.RegularFileTest$RegularFileTestRunner" time="0.0"/>
  <testcase name="testNonEmpty_write_partial_fromStart_byteArray [KEEP_FILES [8, 128]]" classname="com.google.common.jimfs.RegularFileTest$RegularFileTestRunner" time="0.0"/>
  <testcase name="testNonEmpty_write_partial_fromMiddle_byteArray [KEEP_FILES [8, 128]]" classname="com.google.common.jimfs.RegularFileTest$RegularFileTestRunner" time="0.0"/>
  <testcase name="testNonEmpty_write_partial_fromBeforeEnd_byteArray [KEEP_FILES [8, 128]]" classname="com.google.common.jimfs.RegularFileTest$RegularFileTestRunner" time="0.0"/>
  <testcase name="testNonEmpty_write_partial_fromEnd_byteArray [KEEP_FILES [8, 128]]" classname="com.google.common.jimfs.RegularFileTest$RegularFileTestRunner" time="0.0"/>
  <testcase name="testNonEmpty_write_partial_fromPastEnd_byteArray [KEEP_FILES [8, 128]]" classname="com.google.common.jimfs.RegularFileTest$RegularFileTestRunner" time="0.0"/>
  <testcase name="testNonEmpty_write_partial_fromStart_singleBuffer [KEEP_FILES [8, 128]]" classname="com.google.common.jimfs.RegularFileTest$RegularFileTestRunner" time="0.004"/>
  <testcase name="testNonEmpty_write_partial_fromMiddle_singleBuffer [KEEP_FILES [8, 128]]" classname="com.google.common.jimfs.RegularFileTest$RegularFileTestRunner" time="0.0"/>
  <testcase name="testNonEmpty_write_partial_fromEnd_singleBuffer [KEEP_FILES [8, 128]]" classname="com.google.common.jimfs.RegularFileTest$RegularFileTestRunner" time="0.0"/>
  <testcase name="testNonEmpty_write_partial_fromPastEnd_singleBuffer [KEEP_FILES [8, 128]]" classname="com.google.common.jimfs.RegularFileTest$RegularFileTestRunner" time="0.0"/>
  <testcase name="testNonEmpty_write_partial_fromStart_multipleBuffers [KEEP_FILES [8, 128]]" classname="com.google.common.jimfs.RegularFileTest$RegularFileTestRunner" time="0.0"/>
  <testcase name="testNonEmpty_write_partial_fromMiddle_multipleBuffers [KEEP_FILES [8, 128]]" classname="com.google.common.jimfs.RegularFileTest$RegularFileTestRunner" time="0.0"/>
  <testcase name="testNonEmpty_write_partial_fromBeforeEnd_multipleBuffers [KEEP_FILES [8, 128]]" classname="com.google.common.jimfs.RegularFileTest$RegularFileTestRunner" time="0.0"/>
  <testcase name="testNonEmpty_write_partial_fromEnd_multipleBuffers [KEEP_FILES [8, 128]]" classname="com.google.common.jimfs.RegularFileTest$RegularFileTestRunner" time="0.0"/>
  <testcase name="testNonEmpty_write_partial_fromPastEnd_multipleBuffers [KEEP_FILES [8, 128]]" classname="com.google.common.jimfs.RegularFileTest$RegularFileTestRunner" time="0.0"/>
  <testcase name="testNonEmpty_write_overwrite_sameLength [KEEP_FILES [8, 128]]" classname="com.google.common.jimfs.RegularFileTest$RegularFileTestRunner" time="0.0"/>
  <testcase name="testNonEmpty_write_overwrite_greaterLength [KEEP_FILES [8, 128]]" classname="com.google.common.jimfs.RegularFileTest$RegularFileTestRunner" time="0.0"/>
  <testcase name="testNonEmpty_transferTo_fromStart_countEqualsSize [KEEP_FILES [8, 128]]" classname="com.google.common.jimfs.RegularFileTest$RegularFileTestRunner" time="0.0"/>
  <testcase name="testNonEmpty_transferTo_fromStart_countLessThanSize [KEEP_FILES [8, 128]]" classname="com.google.common.jimfs.RegularFileTest$RegularFileTestRunner" time="0.0"/>
  <testcase name="testNonEmpty_transferTo_fromMiddle_countEqualsSize [KEEP_FILES [8, 128]]" classname="com.google.common.jimfs.RegularFileTest$RegularFileTestRunner" time="0.0"/>
  <testcase name="testNonEmpty_transferTo_fromMiddle_countLessThanSize [KEEP_FILES [8, 128]]" classname="com.google.common.jimfs.RegularFileTest$RegularFileTestRunner" time="0.0"/>
  <testcase name="testNonEmpty_transferFrom_toStart_countEqualsSrcSize [KEEP_FILES [8, 128]]" classname="com.google.common.jimfs.RegularFileTest$RegularFileTestRunner" time="0.0"/>
  <testcase name="testNonEmpty_transferFrom_toStart_countLessThanSrcSize [KEEP_FILES [8, 128]]" classname="com.google.common.jimfs.RegularFileTest$RegularFileTestRunner" time="0.0"/>
  <testcase name="testNonEmpty_transferFrom_toStart_countGreaterThanSrcSize [KEEP_FILES [8, 128]]" classname="com.google.common.jimfs.RegularFileTest$RegularFileTestRunner" time="0.0"/>
  <testcase name="testNonEmpty_transferFrom_toMiddle_countEqualsSrcSize [KEEP_FILES [8, 128]]" classname="com.google.common.jimfs.RegularFileTest$RegularFileTestRunner" time="0.0"/>
  <testcase name="testNonEmpty_transferFrom_toMiddle_countLessThanSrcSize [KEEP_FILES [8, 128]]" classname="com.google.common.jimfs.RegularFileTest$RegularFileTestRunner" time="0.0"/>
  <testcase name="testNonEmpty_transferFrom_toMiddle_countGreaterThanSrcSize [KEEP_FILES [8, 128]]" classname="com.google.common.jimfs.RegularFileTest$RegularFileTestRunner" time="0.0"/>
  <testcase name="testNonEmpty_transferFrom_toMiddle_transferGoesBeyondContentSize [KEEP_FILES [8, 128]]" classname="com.google.common.jimfs.RegularFileTest$RegularFileTestRunner" time="0.0"/>
  <testcase name="testNonEmpty_transferFrom_toEnd [KEEP_FILES [8, 128]]" classname="com.google.common.jimfs.RegularFileTest$RegularFileTestRunner" time="0.0"/>
  <testcase name="testNonEmpty_transferFrom_positionGreaterThanSize [KEEP_FILES [8, 128]]" classname="com.google.common.jimfs.RegularFileTest$RegularFileTestRunner" time="0.0"/>
  <testcase name="testNonEmpty_transferFrom_hugeOverestimateCount [KEEP_FILES [8, 128]]" classname="com.google.common.jimfs.RegularFileTest$RegularFileTestRunner" time="0.0"/>
  <testcase name="testNonEmpty_copy [KEEP_FILES [8, 128]]" classname="com.google.common.jimfs.RegularFileTest$RegularFileTestRunner" time="0.0"/>
  <testcase name="testNonEmpty_copy_multipleTimes [KEEP_FILES [8, 128]]" classname="com.google.common.jimfs.RegularFileTest$RegularFileTestRunner" time="0.0"/>
  <testcase name="testNonEmpty_truncate_toZero [KEEP_FILES [8, 128]]" classname="com.google.common.jimfs.RegularFileTest$RegularFileTestRunner" time="0.0"/>
  <testcase name="testNonEmpty_truncate_partial [KEEP_FILES [8, 128]]" classname="com.google.common.jimfs.RegularFileTest$RegularFileTestRunner" time="0.0"/>
  <testcase name="testNonEmpty_truncate_sizeUp [KEEP_FILES [8, 128]]" classname="com.google.common.jimfs.RegularFileTest$RegularFileTestRunner" time="0.0"/>
  <testcase name="testDeletedStoreRemainsUsableWhileOpen [KEEP_FILES [8, 128]]" classname="com.google.common.jimfs.RegularFileTest$RegularFileTestRunner" time="0.0"/>
  <testcase name="testEmpty_write_singleByte_atNonZeroPosition [KEEP_FILES [8, -1]]" classname="com.google.common.jimfs.RegularFileTest$RegularFileTestRunner" time="0.0"/>
  <testcase name="testNonEmpty_write_partial_fromBeforeEnd_singleBuffer [KEEP_FILES [8, -1]]" classname="com.google.common.jimfs.RegularFileTest$RegularFileTestRunner" time="0.0"/>
  <testcase name="testEmpty_transferFrom_positionGreaterThanSize_countLessThanSrcSize [KEEP_FILES [8, -1]]" classname="com.google.common.jimfs.RegularFileTest$RegularFileTestRunner" time="0.0"/>
  <testcase name="testEmpty_write_singleByte_atStart [KEEP_FILES [8, -1]]" classname="com.google.common.jimfs.RegularFileTest$RegularFileTestRunner" time="0.0"/>
  <testcase name="testEmpty_write_byteArray_atStart [KEEP_FILES [8, -1]]" classname="com.google.common.jimfs.RegularFileTest$RegularFileTestRunner" time="0.0"/>
  <testcase name="testEmpty_write_singleBuffer_atNonZeroPosition [KEEP_FILES [8, -1]]" classname="com.google.common.jimfs.RegularFileTest$RegularFileTestRunner" time="0.0"/>
  <testcase name="testEmpty_write_multipleBuffers_atNonZeroPosition [KEEP_FILES [8, -1]]" classname="com.google.common.jimfs.RegularFileTest$RegularFileTestRunner" time="0.0"/>
  <testcase name="testEmpty_write_noBytesArray_atStart [KEEP_FILES [8, -1]]" classname="com.google.common.jimfs.RegularFileTest$RegularFileTestRunner" time="0.0"/>
  <testcase name="testEmpty_write_noBytesArray_atNonZeroPosition [KEEP_FILES [8, -1]]" classname="com.google.common.jimfs.RegularFileTest$RegularFileTestRunner" time="0.0"/>
  <testcase name="testEmpty_write_noBytesBuffer_atStart [KEEP_FILES [8, -1]]" classname="com.google.common.jimfs.RegularFileTest$RegularFileTestRunner" time="0.0"/>
  <testcase name="testEmpty_write_noBytesBuffer_atNonZeroPosition [KEEP_FILES [8, -1]]" classname="com.google.common.jimfs.RegularFileTest$RegularFileTestRunner" time="0.0"/>
  <testcase name="testEmpty_write_noBytesBuffers_atStart [KEEP_FILES [8, -1]]" classname="com.google.common.jimfs.RegularFileTest$RegularFileTestRunner" time="0.0"/>
  <testcase name="testEmpty_write_noBytesBuffers_atNonZeroPosition [KEEP_FILES [8, -1]]" classname="com.google.common.jimfs.RegularFileTest$RegularFileTestRunner" time="0.0"/>
  <testcase name="testEmpty_transferFrom_fromStart_countEqualsSrcSize [KEEP_FILES [8, -1]]" classname="com.google.common.jimfs.RegularFileTest$RegularFileTestRunner" time="0.0"/>
  <testcase name="testEmpty_transferFrom_fromStart_countLessThanSrcSize [KEEP_FILES [8, -1]]" classname="com.google.common.jimfs.RegularFileTest$RegularFileTestRunner" time="0.0"/>
  <testcase name="testEmpty_transferFrom_fromStart_countGreaterThanSrcSize [KEEP_FILES [8, -1]]" classname="com.google.common.jimfs.RegularFileTest$RegularFileTestRunner" time="0.0"/>
  <testcase name="testEmpty_transferFrom_positionGreaterThanSize [KEEP_FILES [8, -1]]" classname="com.google.common.jimfs.RegularFileTest$RegularFileTestRunner" time="0.0"/>
  <testcase name="testEmpty_transferFrom_positionGreaterThanSize_countEqualsSrcSize [KEEP_FILES [8, -1]]" classname="com.google.common.jimfs.RegularFileTest$RegularFileTestRunner" time="0.0"/>
  <testcase name="testEmpty_transferFrom_fromStart_noBytes_countEqualsSrcSize [KEEP_FILES [8, -1]]" classname="com.google.common.jimfs.RegularFileTest$RegularFileTestRunner" time="0.0"/>
  <testcase name="testEmpty_transferFrom_fromStart_noBytes_countGreaterThanSrcSize [KEEP_FILES [8, -1]]" classname="com.google.common.jimfs.RegularFileTest$RegularFileTestRunner" time="0.0"/>
  <testcase name="testEmpty_transferFrom_postionGreaterThanSrcSize_noBytes_countEqualsSrcSize [KEEP_FILES [8, -1]]" classname="com.google.common.jimfs.RegularFileTest$RegularFileTestRunner" time="0.0"/>
  <testcase name="testEmpty_transferFrom_postionGreaterThanSrcSize_noBytes_countGreaterThanSrcSize [KEEP_FILES [8, -1]]" classname="com.google.common.jimfs.RegularFileTest$RegularFileTestRunner" time="0.0"/>
  <testcase name="testEmpty_transferTo [KEEP_FILES [8, -1]]" classname="com.google.common.jimfs.RegularFileTest$RegularFileTestRunner" time="0.0"/>
  <testcase name="testEmpty_copy [KEEP_FILES [8, -1]]" classname="com.google.common.jimfs.RegularFileTest$RegularFileTestRunner" time="0.0"/>
  <testcase name="testEmpty_truncate_toZero [KEEP_FILES [8, -1]]" classname="com.google.common.jimfs.RegularFileTest$RegularFileTestRunner" time="0.0"/>
  <testcase name="testEmpty_truncate_sizeUp [KEEP_FILES [8, -1]]" classname="com.google.common.jimfs.RegularFileTest$RegularFileTestRunner" time="0.0"/>
  <testcase name="testNonEmpty [KEEP_FILES [8, -1]]" classname="com.google.common.jimfs.RegularFileTest$RegularFileTestRunner" time="0.0"/>
  <testcase name="testNonEmpty_read_singleByte [KEEP_FILES [8, -1]]" classname="com.google.common.jimfs.RegularFileTest$RegularFileTestRunner" time="0.0"/>
  <testcase name="testNonEmpty_read_all_byteArray [KEEP_FILES [8, -1]]" classname="com.google.common.jimfs.RegularFileTest$RegularFileTestRunner" time="0.0"/>
  <testcase name="testNonEmpty_read_all_singleBuffer [KEEP_FILES [8, -1]]" classname="com.google.common.jimfs.RegularFileTest$RegularFileTestRunner" time="0.0"/>
  <testcase name="testNonEmpty_read_all_multipleBuffers [KEEP_FILES [8, -1]]" classname="com.google.common.jimfs.RegularFileTest$RegularFileTestRunner" time="0.0"/>
  <testcase name="testNonEmpty_read_all_byteArray_largerThanContent [KEEP_FILES [8, -1]]" classname="com.google.common.jimfs.RegularFileTest$RegularFileTestRunner" time="0.0"/>
  <testcase name="testNonEmpty_read_all_singleBuffer_largerThanContent [KEEP_FILES [8, -1]]" classname="com.google.common.jimfs.RegularFileTest$RegularFileTestRunner" time="0.0"/>
  <testcase name="testNonEmpty_read_all_multipleBuffers_largerThanContent [KEEP_FILES [8, -1]]" classname="com.google.common.jimfs.RegularFileTest$RegularFileTestRunner" time="0.0"/>
  <testcase name="testNonEmpty_read_all_multipleBuffers_extraBuffers [KEEP_FILES [8, -1]]" classname="com.google.common.jimfs.RegularFileTest$RegularFileTestRunner" time="0.0"/>
  <testcase name="testNonEmpty_read_partial_fromStart_byteArray [KEEP_FILES [8, -1]]" classname="com.google.common.jimfs.RegularFileTest$RegularFileTestRunner" time="0.0"/>
  <testcase name="testNonEmpty_read_partial_fromMiddle_byteArray [KEEP_FILES [8, -1]]" classname="com.google.common.jimfs.RegularFileTest$RegularFileTestRunner" time="0.0"/>
  <testcase name="testNonEmpty_read_partial_fromEnd_byteArray [KEEP_FILES [8, -1]]" classname="com.google.common.jimfs.RegularFileTest$RegularFileTestRunner" time="0.0"/>
  <testcase name="testNonEmpty_read_partial_fromStart_singleBuffer [KEEP_FILES [8, -1]]" classname="com.google.common.jimfs.RegularFileTest$RegularFileTestRunner" time="0.0"/>
  <testcase name="testNonEmpty_read_partial_fromMiddle_singleBuffer [KEEP_FILES [8, -1]]" classname="com.google.common.jimfs.RegularFileTest$RegularFileTestRunner" time="0.0"/>
  <testcase name="testNonEmpty_read_partial_fromEnd_singleBuffer [KEEP_FILES [8, -1]]" classname="com.google.common.jimfs.RegularFileTest$RegularFileTestRunner" time="0.0"/>
  <testcase name="testEmpty_write_multipleBuffers_atStart [KEEP_FILES [8, -1]]" classname="com.google.common.jimfs.RegularFileTest$RegularFileTestRunner" time="0.0"/>
  <testcase name="testEmpty_write_byteArray_atNonZeroPosition [KEEP_FILES [8, -1]]" classname="com.google.common.jimfs.RegularFileTest$RegularFileTestRunner" time="0.0"/>
  <testcase name="testEmpty_read_singleByte [KEEP_FILES [8, -1]]" classname="com.google.common.jimfs.RegularFileTest$RegularFileTestRunner" time="0.0"/>
  <testcase name="testEmpty_read_byteArray [KEEP_FILES [8, -1]]" classname="com.google.common.jimfs.RegularFileTest$RegularFileTestRunner" time="0.0"/>
  <testcase name="testEmpty_read_singleBuffer [KEEP_FILES [8, -1]]" classname="com.google.common.jimfs.RegularFileTest$RegularFileTestRunner" time="0.0"/>
  <testcase name="testEmpty_read_multipleBuffers [KEEP_FILES [8, -1]]" classname="com.google.common.jimfs.RegularFileTest$RegularFileTestRunner" time="0.0"/>
  <testcase name="testEmpty_write_partialByteArray_atNonZeroPosition [KEEP_FILES [8, -1]]" classname="com.google.common.jimfs.RegularFileTest$RegularFileTestRunner" time="0.0"/>
  <testcase name="testEmpty_write_singleBuffer_atStart [KEEP_FILES [8, -1]]" classname="com.google.common.jimfs.RegularFileTest$RegularFileTestRunner" time="0.0"/>
  <testcase name="testEmpty_write_partialByteArray_atStart [KEEP_FILES [8, -1]]" classname="com.google.common.jimfs.RegularFileTest$RegularFileTestRunner" time="0.0"/>
  <testcase name="testEmpty_transferFrom_positionGreaterThanSize_countGreaterThanSrcSize [KEEP_FILES [8, -1]]" classname="com.google.common.jimfs.RegularFileTest$RegularFileTestRunner" time="0.0"/>
  <testcase name="testEmpty [KEEP_FILES [8, -1]]" classname="com.google.common.jimfs.RegularFileTest$RegularFileTestRunner" time="0.0"/>
  <testcase name="testNonEmpty_read_partial_fromStart_multipleBuffers [KEEP_FILES [8, -1]]" classname="com.google.common.jimfs.RegularFileTest$RegularFileTestRunner" time="0.0"/>
  <testcase name="testNonEmpty_read_partial_fromMiddle_multipleBuffers [KEEP_FILES [8, -1]]" classname="com.google.common.jimfs.RegularFileTest$RegularFileTestRunner" time="0.0"/>
  <testcase name="testNonEmpty_read_partial_fromEnd_multipleBuffers [KEEP_FILES [8, -1]]" classname="com.google.common.jimfs.RegularFileTest$RegularFileTestRunner" time="0.0"/>
  <testcase name="testNonEmpty_read_fromPastEnd_byteArray [KEEP_FILES [8, -1]]" classname="com.google.common.jimfs.RegularFileTest$RegularFileTestRunner" time="0.0"/>
  <testcase name="testNonEmpty_read_fromPastEnd_singleBuffer [KEEP_FILES [8, -1]]" classname="com.google.common.jimfs.RegularFileTest$RegularFileTestRunner" time="0.0"/>
  <testcase name="testNonEmpty_read_fromPastEnd_multipleBuffers [KEEP_FILES [8, -1]]" classname="com.google.common.jimfs.RegularFileTest$RegularFileTestRunner" time="0.0"/>
  <testcase name="testNonEmpty_write_partial_fromStart_singleByte [KEEP_FILES [8, -1]]" classname="com.google.common.jimfs.RegularFileTest$RegularFileTestRunner" time="0.0"/>
  <testcase name="testNonEmpty_write_partial_fromMiddle_singleByte [KEEP_FILES [8, -1]]" classname="com.google.common.jimfs.RegularFileTest$RegularFileTestRunner" time="0.0"/>
  <testcase name="testNonEmpty_write_partial_fromEnd_singleByte [KEEP_FILES [8, -1]]" classname="com.google.common.jimfs.RegularFileTest$RegularFileTestRunner" time="0.0"/>
  <testcase name="testNonEmpty_write_partial_fromStart_byteArray [KEEP_FILES [8, -1]]" classname="com.google.common.jimfs.RegularFileTest$RegularFileTestRunner" time="0.0"/>
  <testcase name="testNonEmpty_write_partial_fromMiddle_byteArray [KEEP_FILES [8, -1]]" classname="com.google.common.jimfs.RegularFileTest$RegularFileTestRunner" time="0.0"/>
  <testcase name="testNonEmpty_write_partial_fromBeforeEnd_byteArray [KEEP_FILES [8, -1]]" classname="com.google.common.jimfs.RegularFileTest$RegularFileTestRunner" time="0.0"/>
  <testcase name="testNonEmpty_write_partial_fromEnd_byteArray [KEEP_FILES [8, -1]]" classname="com.google.common.jimfs.RegularFileTest$RegularFileTestRunner" time="0.0"/>
  <testcase name="testNonEmpty_write_partial_fromPastEnd_byteArray [KEEP_FILES [8, -1]]" classname="com.google.common.jimfs.RegularFileTest$RegularFileTestRunner" time="0.0"/>
  <testcase name="testNonEmpty_write_partial_fromStart_singleBuffer [KEEP_FILES [8, -1]]" classname="com.google.common.jimfs.RegularFileTest$RegularFileTestRunner" time="0.0"/>
  <testcase name="testNonEmpty_write_partial_fromMiddle_singleBuffer [KEEP_FILES [8, -1]]" classname="com.google.common.jimfs.RegularFileTest$RegularFileTestRunner" time="0.0"/>
  <testcase name="testNonEmpty_write_partial_fromEnd_singleBuffer [KEEP_FILES [8, -1]]" classname="com.google.common.jimfs.RegularFileTest$RegularFileTestRunner" time="0.0"/>
  <testcase name="testNonEmpty_write_partial_fromPastEnd_singleBuffer [KEEP_FILES [8, -1]]" classname="com.google.common.jimfs.RegularFileTest$RegularFileTestRunner" time="0.0"/>
  <testcase name="testNonEmpty_write_partial_fromStart_multipleBuffers [KEEP_FILES [8, -1]]" classname="com.google.common.jimfs.RegularFileTest$RegularFileTestRunner" time="0.0"/>
  <testcase name="testNonEmpty_write_partial_fromMiddle_multipleBuffers [KEEP_FILES [8, -1]]" classname="com.google.common.jimfs.RegularFileTest$RegularFileTestRunner" time="0.0"/>
  <testcase name="testNonEmpty_write_partial_fromBeforeEnd_multipleBuffers [KEEP_FILES [8, -1]]" classname="com.google.common.jimfs.RegularFileTest$RegularFileTestRunner" time="0.0"/>
  <testcase name="testNonEmpty_write_partial_fromEnd_multipleBuffers [KEEP_FILES [8, -1]]" classname="com.google.common.jimfs.RegularFileTest$RegularFileTestRunner" time="0.0"/>
  <testcase name="testNonEmpty_write_partial_fromPastEnd_multipleBuffers [KEEP_FILES [8, -1]]" classname="com.google.common.jimfs.RegularFileTest$RegularFileTestRunner" time="0.0"/>
  <testcase name="testNonEmpty_write_overwrite_sameLength [KEEP_FILES [8, -1]]" classname="com.google.common.jimfs.RegularFileTest$RegularFileTestRunner" time="0.0"/>
  <testcase name="testNonEmpty_write_overwrite_greaterLength [KEEP_FILES [8, -1]]" classname="com.google.common.jimfs.RegularFileTest$RegularFileTestRunner" time="0.0"/>
  <testcase name="testNonEmpty_transferTo_fromStart_countEqualsSize [KEEP_FILES [8, -1]]" classname="com.google.common.jimfs.RegularFileTest$RegularFileTestRunner" time="0.0"/>
  <testcase name="testNonEmpty_transferTo_fromStart_countLessThanSize [KEEP_FILES [8, -1]]" classname="com.google.common.jimfs.RegularFileTest$RegularFileTestRunner" time="0.0"/>
  <testcase name="testNonEmpty_transferTo_fromMiddle_countEqualsSize [KEEP_FILES [8, -1]]" classname="com.google.common.jimfs.RegularFileTest$RegularFileTestRunner" time="0.0"/>
  <testcase name="testNonEmpty_transferTo_fromMiddle_countLessThanSize [KEEP_FILES [8, -1]]" classname="com.google.common.jimfs.RegularFileTest$RegularFileTestRunner" time="0.0"/>
  <testcase name="testNonEmpty_transferFrom_toStart_countEqualsSrcSize [KEEP_FILES [8, -1]]" classname="com.google.common.jimfs.RegularFileTest$RegularFileTestRunner" time="0.0"/>
  <testcase name="testNonEmpty_transferFrom_toStart_countLessThanSrcSize [KEEP_FILES [8, -1]]" classname="com.google.common.jimfs.RegularFileTest$RegularFileTestRunner" time="0.0"/>
  <testcase name="testNonEmpty_transferFrom_toStart_countGreaterThanSrcSize [KEEP_FILES [8, -1]]" classname="com.google.common.jimfs.RegularFileTest$RegularFileTestRunner" time="0.0"/>
  <testcase name="testNonEmpty_transferFrom_toMiddle_countEqualsSrcSize [KEEP_FILES [8, -1]]" classname="com.google.common.jimfs.RegularFileTest$RegularFileTestRunner" time="0.0"/>
  <testcase name="testNonEmpty_transferFrom_toMiddle_countLessThanSrcSize [KEEP_FILES [8, -1]]" classname="com.google.common.jimfs.RegularFileTest$RegularFileTestRunner" time="0.0"/>
  <testcase name="testNonEmpty_transferFrom_toMiddle_countGreaterThanSrcSize [KEEP_FILES [8, -1]]" classname="com.google.common.jimfs.RegularFileTest$RegularFileTestRunner" time="0.0"/>
  <testcase name="testNonEmpty_transferFrom_toMiddle_transferGoesBeyondContentSize [KEEP_FILES [8, -1]]" classname="com.google.common.jimfs.RegularFileTest$RegularFileTestRunner" time="0.0"/>
  <testcase name="testNonEmpty_transferFrom_toEnd [KEEP_FILES [8, -1]]" classname="com.google.common.jimfs.RegularFileTest$RegularFileTestRunner" time="0.0"/>
  <testcase name="testNonEmpty_transferFrom_positionGreaterThanSize [KEEP_FILES [8, -1]]" classname="com.google.common.jimfs.RegularFileTest$RegularFileTestRunner" time="0.0"/>
  <testcase name="testNonEmpty_transferFrom_hugeOverestimateCount [KEEP_FILES [8, -1]]" classname="com.google.common.jimfs.RegularFileTest$RegularFileTestRunner" time="0.0"/>
  <testcase name="testNonEmpty_copy [KEEP_FILES [8, -1]]" classname="com.google.common.jimfs.RegularFileTest$RegularFileTestRunner" time="0.0"/>
  <testcase name="testNonEmpty_copy_multipleTimes [KEEP_FILES [8, -1]]" classname="com.google.common.jimfs.RegularFileTest$RegularFileTestRunner" time="0.0"/>
  <testcase name="testNonEmpty_truncate_toZero [KEEP_FILES [8, -1]]" classname="com.google.common.jimfs.RegularFileTest$RegularFileTestRunner" time="0.0"/>
  <testcase name="testNonEmpty_truncate_partial [KEEP_FILES [8, -1]]" classname="com.google.common.jimfs.RegularFileTest$RegularFileTestRunner" time="0.0"/>
  <testcase name="testNonEmpty_truncate_sizeUp [KEEP_FILES [8, -1]]" classname="com.google.common.jimfs.RegularFileTest$RegularFileTestRunner" time="0.0"/>
  <testcase name="testDeletedStoreRemainsUsableWhileOpen [KEEP_FILES [8, -1]]" classname="com.google.common.jimfs.RegularFileTest$RegularFileTestRunner" time="0.0"/>
  <testcase name="testEmpty_write_singleByte_atNonZeroPosition [KEEP_FILES [128, 0]]" classname="com.google.common.jimfs.RegularFileTest$RegularFileTestRunner" time="0.0"/>
  <testcase name="testNonEmpty_write_partial_fromBeforeEnd_singleBuffer [KEEP_FILES [128, 0]]" classname="com.google.common.jimfs.RegularFileTest$RegularFileTestRunner" time="0.0"/>
  <testcase name="testEmpty_transferFrom_positionGreaterThanSize_countLessThanSrcSize [KEEP_FILES [128, 0]]" classname="com.google.common.jimfs.RegularFileTest$RegularFileTestRunner" time="0.0"/>
  <testcase name="testEmpty_write_singleByte_atStart [KEEP_FILES [128, 0]]" classname="com.google.common.jimfs.RegularFileTest$RegularFileTestRunner" time="0.0"/>
  <testcase name="testEmpty_write_byteArray_atStart [KEEP_FILES [128, 0]]" classname="com.google.common.jimfs.RegularFileTest$RegularFileTestRunner" time="0.0"/>
  <testcase name="testEmpty_write_singleBuffer_atNonZeroPosition [KEEP_FILES [128, 0]]" classname="com.google.common.jimfs.RegularFileTest$RegularFileTestRunner" time="0.0"/>
  <testcase name="testEmpty_write_multipleBuffers_atNonZeroPosition [KEEP_FILES [128, 0]]" classname="com.google.common.jimfs.RegularFileTest$RegularFileTestRunner" time="0.0"/>
  <testcase name="testEmpty_write_noBytesArray_atStart [KEEP_FILES [128, 0]]" classname="com.google.common.jimfs.RegularFileTest$RegularFileTestRunner" time="0.0"/>
  <testcase name="testEmpty_write_noBytesArray_atNonZeroPosition [KEEP_FILES [128, 0]]" classname="com.google.common.jimfs.RegularFileTest$RegularFileTestRunner" time="0.0"/>
  <testcase name="testEmpty_write_noBytesBuffer_atStart [KEEP_FILES [128, 0]]" classname="com.google.common.jimfs.RegularFileTest$RegularFileTestRunner" time="0.0"/>
  <testcase name="testEmpty_write_noBytesBuffer_atNonZeroPosition [KEEP_FILES [128, 0]]" classname="com.google.common.jimfs.RegularFileTest$RegularFileTestRunner" time="0.0"/>
  <testcase name="testEmpty_write_noBytesBuffers_atStart [KEEP_FILES [128, 0]]" classname="com.google.common.jimfs.RegularFileTest$RegularFileTestRunner" time="0.0"/>
  <testcase name="testEmpty_write_noBytesBuffers_atNonZeroPosition [KEEP_FILES [128, 0]]" classname="com.google.common.jimfs.RegularFileTest$RegularFileTestRunner" time="0.0"/>
  <testcase name="testEmpty_transferFrom_fromStart_countEqualsSrcSize [KEEP_FILES [128, 0]]" classname="com.google.common.jimfs.RegularFileTest$RegularFileTestRunner" time="0.0"/>
  <testcase name="testEmpty_transferFrom_fromStart_countLessThanSrcSize [KEEP_FILES [128, 0]]" classname="com.google.common.jimfs.RegularFileTest$RegularFileTestRunner" time="0.0"/>
  <testcase name="testEmpty_transferFrom_fromStart_countGreaterThanSrcSize [KEEP_FILES [128, 0]]" classname="com.google.common.jimfs.RegularFileTest$RegularFileTestRunner" time="0.0"/>
  <testcase name="testEmpty_transferFrom_positionGreaterThanSize [KEEP_FILES [128, 0]]" classname="com.google.common.jimfs.RegularFileTest$RegularFileTestRunner" time="0.0"/>
  <testcase name="testEmpty_transferFrom_positionGreaterThanSize_countEqualsSrcSize [KEEP_FILES [128, 0]]" classname="com.google.common.jimfs.RegularFileTest$RegularFileTestRunner" time="0.0"/>
  <testcase name="testEmpty_transferFrom_fromStart_noBytes_countEqualsSrcSize [KEEP_FILES [128, 0]]" classname="com.google.common.jimfs.RegularFileTest$RegularFileTestRunner" time="0.0"/>
  <testcase name="testEmpty_transferFrom_fromStart_noBytes_countGreaterThanSrcSize [KEEP_FILES [128, 0]]" classname="com.google.common.jimfs.RegularFileTest$RegularFileTestRunner" time="0.0"/>
  <testcase name="testEmpty_transferFrom_postionGreaterThanSrcSize_noBytes_countEqualsSrcSize [KEEP_FILES [128, 0]]" classname="com.google.common.jimfs.RegularFileTest$RegularFileTestRunner" time="0.0"/>
  <testcase name="testEmpty_transferFrom_postionGreaterThanSrcSize_noBytes_countGreaterThanSrcSize [KEEP_FILES [128, 0]]" classname="com.google.common.jimfs.RegularFileTest$RegularFileTestRunner" time="0.0"/>
  <testcase name="testEmpty_transferTo [KEEP_FILES [128, 0]]" classname="com.google.common.jimfs.RegularFileTest$RegularFileTestRunner" time="0.0"/>
  <testcase name="testEmpty_copy [KEEP_FILES [128, 0]]" classname="com.google.common.jimfs.RegularFileTest$RegularFileTestRunner" time="0.0"/>
  <testcase name="testEmpty_truncate_toZero [KEEP_FILES [128, 0]]" classname="com.google.common.jimfs.RegularFileTest$RegularFileTestRunner" time="0.0"/>
  <testcase name="testEmpty_truncate_sizeUp [KEEP_FILES [128, 0]]" classname="com.google.common.jimfs.RegularFileTest$RegularFileTestRunner" time="0.0"/>
  <testcase name="testNonEmpty [KEEP_FILES [128, 0]]" classname="com.google.common.jimfs.RegularFileTest$RegularFileTestRunner" time="0.0"/>
  <testcase name="testNonEmpty_read_singleByte [KEEP_FILES [128, 0]]" classname="com.google.common.jimfs.RegularFileTest$RegularFileTestRunner" time="0.0"/>
  <testcase name="testNonEmpty_read_all_byteArray [KEEP_FILES [128, 0]]" classname="com.google.common.jimfs.RegularFileTest$RegularFileTestRunner" time="0.0"/>
  <testcase name="testNonEmpty_read_all_singleBuffer [KEEP_FILES [128, 0]]" classname="com.google.common.jimfs.RegularFileTest$RegularFileTestRunner" time="0.0"/>
  <testcase name="testNonEmpty_read_all_multipleBuffers [KEEP_FILES [128, 0]]" classname="com.google.common.jimfs.RegularFileTest$RegularFileTestRunner" time="0.0"/>
  <testcase name="testNonEmpty_read_all_byteArray_largerThanContent [KEEP_FILES [128, 0]]" classname="com.google.common.jimfs.RegularFileTest$RegularFileTestRunner" time="0.0"/>
  <testcase name="testNonEmpty_read_all_singleBuffer_largerThanContent [KEEP_FILES [128, 0]]" classname="com.google.common.jimfs.RegularFileTest$RegularFileTestRunner" time="0.0"/>
  <testcase name="testNonEmpty_read_all_multipleBuffers_largerThanContent [KEEP_FILES [128, 0]]" classname="com.google.common.jimfs.RegularFileTest$RegularFileTestRunner" time="0.0"/>
  <testcase name="testNonEmpty_read_all_multipleBuffers_extraBuffers [KEEP_FILES [128, 0]]" classname="com.google.common.jimfs.RegularFileTest$RegularFileTestRunner" time="0.0"/>
  <testcase name="testNonEmpty_read_partial_fromStart_byteArray [KEEP_FILES [128, 0]]" classname="com.google.common.jimfs.RegularFileTest$RegularFileTestRunner" time="0.0"/>
  <testcase name="testNonEmpty_read_partial_fromMiddle_byteArray [KEEP_FILES [128, 0]]" classname="com.google.common.jimfs.RegularFileTest$RegularFileTestRunner" time="0.0"/>
  <testcase name="testNonEmpty_read_partial_fromEnd_byteArray [KEEP_FILES [128, 0]]" classname="com.google.common.jimfs.RegularFileTest$RegularFileTestRunner" time="0.0"/>
  <testcase name="testNonEmpty_read_partial_fromStart_singleBuffer [KEEP_FILES [128, 0]]" classname="com.google.common.jimfs.RegularFileTest$RegularFileTestRunner" time="0.0"/>
  <testcase name="testNonEmpty_read_partial_fromMiddle_singleBuffer [KEEP_FILES [128, 0]]" classname="com.google.common.jimfs.RegularFileTest$RegularFileTestRunner" time="0.0"/>
  <testcase name="testNonEmpty_read_partial_fromEnd_singleBuffer [KEEP_FILES [128, 0]]" classname="com.google.common.jimfs.RegularFileTest$RegularFileTestRunner" time="0.0"/>
  <testcase name="testEmpty_write_multipleBuffers_atStart [KEEP_FILES [128, 0]]" classname="com.google.common.jimfs.RegularFileTest$RegularFileTestRunner" time="0.0"/>
  <testcase name="testEmpty_write_byteArray_atNonZeroPosition [KEEP_FILES [128, 0]]" classname="com.google.common.jimfs.RegularFileTest$RegularFileTestRunner" time="0.0"/>
  <testcase name="testEmpty_read_singleByte [KEEP_FILES [128, 0]]" classname="com.google.common.jimfs.RegularFileTest$RegularFileTestRunner" time="0.0"/>
  <testcase name="testEmpty_read_byteArray [KEEP_FILES [128, 0]]" classname="com.google.common.jimfs.RegularFileTest$RegularFileTestRunner" time="0.0"/>
  <testcase name="testEmpty_read_singleBuffer [KEEP_FILES [128, 0]]" classname="com.google.common.jimfs.RegularFileTest$RegularFileTestRunner" time="0.0"/>
  <testcase name="testEmpty_read_multipleBuffers [KEEP_FILES [128, 0]]" classname="com.google.common.jimfs.RegularFileTest$RegularFileTestRunner" time="0.0"/>
  <testcase name="testEmpty_write_partialByteArray_atNonZeroPosition [KEEP_FILES [128, 0]]" classname="com.google.common.jimfs.RegularFileTest$RegularFileTestRunner" time="0.0"/>
  <testcase name="testEmpty_write_singleBuffer_atStart [KEEP_FILES [128, 0]]" classname="com.google.common.jimfs.RegularFileTest$RegularFileTestRunner" time="0.0"/>
  <testcase name="testEmpty_write_partialByteArray_atStart [KEEP_FILES [128, 0]]" classname="com.google.common.jimfs.RegularFileTest$RegularFileTestRunner" time="0.0"/>
  <testcase name="testEmpty_transferFrom_positionGreaterThanSize_countGreaterThanSrcSize [KEEP_FILES [128, 0]]" classname="com.google.common.jimfs.RegularFileTest$RegularFileTestRunner" time="0.0"/>
  <testcase name="testEmpty [KEEP_FILES [128, 0]]" classname="com.google.common.jimfs.RegularFileTest$RegularFileTestRunner" time="0.0"/>
  <testcase name="testNonEmpty_read_partial_fromStart_multipleBuffers [KEEP_FILES [128, 0]]" classname="com.google.common.jimfs.RegularFileTest$RegularFileTestRunner" time="0.0"/>
  <testcase name="testNonEmpty_read_partial_fromMiddle_multipleBuffers [KEEP_FILES [128, 0]]" classname="com.google.common.jimfs.RegularFileTest$RegularFileTestRunner" time="0.0"/>
  <testcase name="testNonEmpty_read_partial_fromEnd_multipleBuffers [KEEP_FILES [128, 0]]" classname="com.google.common.jimfs.RegularFileTest$RegularFileTestRunner" time="0.0"/>
  <testcase name="testNonEmpty_read_fromPastEnd_byteArray [KEEP_FILES [128, 0]]" classname="com.google.common.jimfs.RegularFileTest$RegularFileTestRunner" time="0.0"/>
  <testcase name="testNonEmpty_read_fromPastEnd_singleBuffer [KEEP_FILES [128, 0]]" classname="com.google.common.jimfs.RegularFileTest$RegularFileTestRunner" time="0.0"/>
  <testcase name="testNonEmpty_read_fromPastEnd_multipleBuffers [KEEP_FILES [128, 0]]" classname="com.google.common.jimfs.RegularFileTest$RegularFileTestRunner" time="0.0"/>
  <testcase name="testNonEmpty_write_partial_fromStart_singleByte [KEEP_FILES [128, 0]]" classname="com.google.common.jimfs.RegularFileTest$RegularFileTestRunner" time="0.0"/>
  <testcase name="testNonEmpty_write_partial_fromMiddle_singleByte [KEEP_FILES [128, 0]]" classname="com.google.common.jimfs.RegularFileTest$RegularFileTestRunner" time="0.0"/>
  <testcase name="testNonEmpty_write_partial_fromEnd_singleByte [KEEP_FILES [128, 0]]" classname="com.google.common.jimfs.RegularFileTest$RegularFileTestRunner" time="0.0"/>
  <testcase name="testNonEmpty_write_partial_fromStart_byteArray [KEEP_FILES [128, 0]]" classname="com.google.common.jimfs.RegularFileTest$RegularFileTestRunner" time="0.0"/>
  <testcase name="testNonEmpty_write_partial_fromMiddle_byteArray [KEEP_FILES [128, 0]]" classname="com.google.common.jimfs.RegularFileTest$RegularFileTestRunner" time="0.0"/>
  <testcase name="testNonEmpty_write_partial_fromBeforeEnd_byteArray [KEEP_FILES [128, 0]]" classname="com.google.common.jimfs.RegularFileTest$RegularFileTestRunner" time="0.0"/>
  <testcase name="testNonEmpty_write_partial_fromEnd_byteArray [KEEP_FILES [128, 0]]" classname="com.google.common.jimfs.RegularFileTest$RegularFileTestRunner" time="0.0"/>
  <testcase name="testNonEmpty_write_partial_fromPastEnd_byteArray [KEEP_FILES [128, 0]]" classname="com.google.common.jimfs.RegularFileTest$RegularFileTestRunner" time="0.0"/>
  <testcase name="testNonEmpty_write_partial_fromStart_singleBuffer [KEEP_FILES [128, 0]]" classname="com.google.common.jimfs.RegularFileTest$RegularFileTestRunner" time="0.0"/>
  <testcase name="testNonEmpty_write_partial_fromMiddle_singleBuffer [KEEP_FILES [128, 0]]" classname="com.google.common.jimfs.RegularFileTest$RegularFileTestRunner" time="0.0"/>
  <testcase name="testNonEmpty_write_partial_fromEnd_singleBuffer [KEEP_FILES [128, 0]]" classname="com.google.common.jimfs.RegularFileTest$RegularFileTestRunner" time="0.0"/>
  <testcase name="testNonEmpty_write_partial_fromPastEnd_singleBuffer [KEEP_FILES [128, 0]]" classname="com.google.common.jimfs.RegularFileTest$RegularFileTestRunner" time="0.0"/>
  <testcase name="testNonEmpty_write_partial_fromStart_multipleBuffers [KEEP_FILES [128, 0]]" classname="com.google.common.jimfs.RegularFileTest$RegularFileTestRunner" time="0.0"/>
  <testcase name="testNonEmpty_write_partial_fromMiddle_multipleBuffers [KEEP_FILES [128, 0]]" classname="com.google.common.jimfs.RegularFileTest$RegularFileTestRunner" time="0.0"/>
  <testcase name="testNonEmpty_write_partial_fromBeforeEnd_multipleBuffers [KEEP_FILES [128, 0]]" classname="com.google.common.jimfs.RegularFileTest$RegularFileTestRunner" time="0.0"/>
  <testcase name="testNonEmpty_write_partial_fromEnd_multipleBuffers [KEEP_FILES [128, 0]]" classname="com.google.common.jimfs.RegularFileTest$RegularFileTestRunner" time="0.0"/>
  <testcase name="testNonEmpty_write_partial_fromPastEnd_multipleBuffers [KEEP_FILES [128, 0]]" classname="com.google.common.jimfs.RegularFileTest$RegularFileTestRunner" time="0.0"/>
  <testcase name="testNonEmpty_write_overwrite_sameLength [KEEP_FILES [128, 0]]" classname="com.google.common.jimfs.RegularFileTest$RegularFileTestRunner" time="0.0"/>
  <testcase name="testNonEmpty_write_overwrite_greaterLength [KEEP_FILES [128, 0]]" classname="com.google.common.jimfs.RegularFileTest$RegularFileTestRunner" time="0.0"/>
  <testcase name="testNonEmpty_transferTo_fromStart_countEqualsSize [KEEP_FILES [128, 0]]" classname="com.google.common.jimfs.RegularFileTest$RegularFileTestRunner" time="0.0"/>
  <testcase name="testNonEmpty_transferTo_fromStart_countLessThanSize [KEEP_FILES [128, 0]]" classname="com.google.common.jimfs.RegularFileTest$RegularFileTestRunner" time="0.0"/>
  <testcase name="testNonEmpty_transferTo_fromMiddle_countEqualsSize [KEEP_FILES [128, 0]]" classname="com.google.common.jimfs.RegularFileTest$RegularFileTestRunner" time="0.0"/>
  <testcase name="testNonEmpty_transferTo_fromMiddle_countLessThanSize [KEEP_FILES [128, 0]]" classname="com.google.common.jimfs.RegularFileTest$RegularFileTestRunner" time="0.0"/>
  <testcase name="testNonEmpty_transferFrom_toStart_countEqualsSrcSize [KEEP_FILES [128, 0]]" classname="com.google.common.jimfs.RegularFileTest$RegularFileTestRunner" time="0.0"/>
  <testcase name="testNonEmpty_transferFrom_toStart_countLessThanSrcSize [KEEP_FILES [128, 0]]" classname="com.google.common.jimfs.RegularFileTest$RegularFileTestRunner" time="0.0"/>
  <testcase name="testNonEmpty_transferFrom_toStart_countGreaterThanSrcSize [KEEP_FILES [128, 0]]" classname="com.google.common.jimfs.RegularFileTest$RegularFileTestRunner" time="0.0"/>
  <testcase name="testNonEmpty_transferFrom_toMiddle_countEqualsSrcSize [KEEP_FILES [128, 0]]" classname="com.google.common.jimfs.RegularFileTest$RegularFileTestRunner" time="0.0"/>
  <testcase name="testNonEmpty_transferFrom_toMiddle_countLessThanSrcSize [KEEP_FILES [128, 0]]" classname="com.google.common.jimfs.RegularFileTest$RegularFileTestRunner" time="0.0"/>
  <testcase name="testNonEmpty_transferFrom_toMiddle_countGreaterThanSrcSize [KEEP_FILES [128, 0]]" classname="com.google.common.jimfs.RegularFileTest$RegularFileTestRunner" time="0.0"/>
  <testcase name="testNonEmpty_transferFrom_toMiddle_transferGoesBeyondContentSize [KEEP_FILES [128, 0]]" classname="com.google.common.jimfs.RegularFileTest$RegularFileTestRunner" time="0.0"/>
  <testcase name="testNonEmpty_transferFrom_toEnd [KEEP_FILES [128, 0]]" classname="com.google.common.jimfs.RegularFileTest$RegularFileTestRunner" time="0.0"/>
  <testcase name="testNonEmpty_transferFrom_positionGreaterThanSize [KEEP_FILES [128, 0]]" classname="com.google.common.jimfs.RegularFileTest$RegularFileTestRunner" time="0.0"/>
  <testcase name="testNonEmpty_transferFrom_hugeOverestimateCount [KEEP_FILES [128, 0]]" classname="com.google.common.jimfs.RegularFileTest$RegularFileTestRunner" time="0.0"/>
  <testcase name="testNonEmpty_copy [KEEP_FILES [128, 0]]" classname="com.google.common.jimfs.RegularFileTest$RegularFileTestRunner" time="0.0"/>
  <testcase name="testNonEmpty_copy_multipleTimes [KEEP_FILES [128, 0]]" classname="com.google.common.jimfs.RegularFileTest$RegularFileTestRunner" time="0.0"/>
  <testcase name="testNonEmpty_truncate_toZero [KEEP_FILES [128, 0]]" classname="com.google.common.jimfs.RegularFileTest$RegularFileTestRunner" time="0.0"/>
  <testcase name="testNonEmpty_truncate_partial [KEEP_FILES [128, 0]]" classname="com.google.common.jimfs.RegularFileTest$RegularFileTestRunner" time="0.0"/>
  <testcase name="testNonEmpty_truncate_sizeUp [KEEP_FILES [128, 0]]" classname="com.google.common.jimfs.RegularFileTest$RegularFileTestRunner" time="0.0"/>
  <testcase name="testDeletedStoreRemainsUsableWhileOpen [KEEP_FILES [128, 0]]" classname="com.google.common.jimfs.RegularFileTest$RegularFileTestRunner" time="0.0"/>
  <testcase name="testEmpty_write_singleByte_atNonZeroPosition [KEEP_FILES [128, 128]]" classname="com.google.common.jimfs.RegularFileTest$RegularFileTestRunner" time="0.0"/>
  <testcase name="testNonEmpty_write_partial_fromBeforeEnd_singleBuffer [KEEP_FILES [128, 128]]" classname="com.google.common.jimfs.RegularFileTest$RegularFileTestRunner" time="0.0"/>
  <testcase name="testEmpty_transferFrom_positionGreaterThanSize_countLessThanSrcSize [KEEP_FILES [128, 128]]" classname="com.google.common.jimfs.RegularFileTest$RegularFileTestRunner" time="0.0"/>
  <testcase name="testEmpty_write_singleByte_atStart [KEEP_FILES [128, 128]]" classname="com.google.common.jimfs.RegularFileTest$RegularFileTestRunner" time="0.0"/>
  <testcase name="testEmpty_write_byteArray_atStart [KEEP_FILES [128, 128]]" classname="com.google.common.jimfs.RegularFileTest$RegularFileTestRunner" time="0.0"/>
  <testcase name="testEmpty_write_singleBuffer_atNonZeroPosition [KEEP_FILES [128, 128]]" classname="com.google.common.jimfs.RegularFileTest$RegularFileTestRunner" time="0.0"/>
  <testcase name="testEmpty_write_multipleBuffers_atNonZeroPosition [KEEP_FILES [128, 128]]" classname="com.google.common.jimfs.RegularFileTest$RegularFileTestRunner" time="0.0"/>
  <testcase name="testEmpty_write_noBytesArray_atStart [KEEP_FILES [128, 128]]" classname="com.google.common.jimfs.RegularFileTest$RegularFileTestRunner" time="0.0"/>
  <testcase name="testEmpty_write_noBytesArray_atNonZeroPosition [KEEP_FILES [128, 128]]" classname="com.google.common.jimfs.RegularFileTest$RegularFileTestRunner" time="0.0"/>
  <testcase name="testEmpty_write_noBytesBuffer_atStart [KEEP_FILES [128, 128]]" classname="com.google.common.jimfs.RegularFileTest$RegularFileTestRunner" time="0.0"/>
  <testcase name="testEmpty_write_noBytesBuffer_atNonZeroPosition [KEEP_FILES [128, 128]]" classname="com.google.common.jimfs.RegularFileTest$RegularFileTestRunner" time="0.0"/>
  <testcase name="testEmpty_write_noBytesBuffers_atStart [KEEP_FILES [128, 128]]" classname="com.google.common.jimfs.RegularFileTest$RegularFileTestRunner" time="0.0"/>
  <testcase name="testEmpty_write_noBytesBuffers_atNonZeroPosition [KEEP_FILES [128, 128]]" classname="com.google.common.jimfs.RegularFileTest$RegularFileTestRunner" time="0.0"/>
  <testcase name="testEmpty_transferFrom_fromStart_countEqualsSrcSize [KEEP_FILES [128, 128]]" classname="com.google.common.jimfs.RegularFileTest$RegularFileTestRunner" time="0.0"/>
  <testcase name="testEmpty_transferFrom_fromStart_countLessThanSrcSize [KEEP_FILES [128, 128]]" classname="com.google.common.jimfs.RegularFileTest$RegularFileTestRunner" time="0.0"/>
  <testcase name="testEmpty_transferFrom_fromStart_countGreaterThanSrcSize [KEEP_FILES [128, 128]]" classname="com.google.common.jimfs.RegularFileTest$RegularFileTestRunner" time="0.0"/>
  <testcase name="testEmpty_transferFrom_positionGreaterThanSize [KEEP_FILES [128, 128]]" classname="com.google.common.jimfs.RegularFileTest$RegularFileTestRunner" time="0.0"/>
  <testcase name="testEmpty_transferFrom_positionGreaterThanSize_countEqualsSrcSize [KEEP_FILES [128, 128]]" classname="com.google.common.jimfs.RegularFileTest$RegularFileTestRunner" time="0.0"/>
  <testcase name="testEmpty_transferFrom_fromStart_noBytes_countEqualsSrcSize [KEEP_FILES [128, 128]]" classname="com.google.common.jimfs.RegularFileTest$RegularFileTestRunner" time="0.0"/>
  <testcase name="testEmpty_transferFrom_fromStart_noBytes_countGreaterThanSrcSize [KEEP_FILES [128, 128]]" classname="com.google.common.jimfs.RegularFileTest$RegularFileTestRunner" time="0.0"/>
  <testcase name="testEmpty_transferFrom_postionGreaterThanSrcSize_noBytes_countEqualsSrcSize [KEEP_FILES [128, 128]]" classname="com.google.common.jimfs.RegularFileTest$RegularFileTestRunner" time="0.0"/>
  <testcase name="testEmpty_transferFrom_postionGreaterThanSrcSize_noBytes_countGreaterThanSrcSize [KEEP_FILES [128, 128]]" classname="com.google.common.jimfs.RegularFileTest$RegularFileTestRunner" time="0.0"/>
  <testcase name="testEmpty_transferTo [KEEP_FILES [128, 128]]" classname="com.google.common.jimfs.RegularFileTest$RegularFileTestRunner" time="0.0"/>
  <testcase name="testEmpty_copy [KEEP_FILES [128, 128]]" classname="com.google.common.jimfs.RegularFileTest$RegularFileTestRunner" time="0.0"/>
  <testcase name="testEmpty_truncate_toZero [KEEP_FILES [128, 128]]" classname="com.google.common.jimfs.RegularFileTest$RegularFileTestRunner" time="0.0"/>
  <testcase name="testEmpty_truncate_sizeUp [KEEP_FILES [128, 128]]" classname="com.google.common.jimfs.RegularFileTest$RegularFileTestRunner" time="0.0"/>
  <testcase name="testNonEmpty [KEEP_FILES [128, 128]]" classname="com.google.common.jimfs.RegularFileTest$RegularFileTestRunner" time="0.0"/>
  <testcase name="testNonEmpty_read_singleByte [KEEP_FILES [128, 128]]" classname="com.google.common.jimfs.RegularFileTest$RegularFileTestRunner" time="0.0"/>
  <testcase name="testNonEmpty_read_all_byteArray [KEEP_FILES [128, 128]]" classname="com.google.common.jimfs.RegularFileTest$RegularFileTestRunner" time="0.0"/>
  <testcase name="testNonEmpty_read_all_singleBuffer [KEEP_FILES [128, 128]]" classname="com.google.common.jimfs.RegularFileTest$RegularFileTestRunner" time="0.0"/>
  <testcase name="testNonEmpty_read_all_multipleBuffers [KEEP_FILES [128, 128]]" classname="com.google.common.jimfs.RegularFileTest$RegularFileTestRunner" time="0.0"/>
  <testcase name="testNonEmpty_read_all_byteArray_largerThanContent [KEEP_FILES [128, 128]]" classname="com.google.common.jimfs.RegularFileTest$RegularFileTestRunner" time="0.0"/>
  <testcase name="testNonEmpty_read_all_singleBuffer_largerThanContent [KEEP_FILES [128, 128]]" classname="com.google.common.jimfs.RegularFileTest$RegularFileTestRunner" time="0.0"/>
  <testcase name="testNonEmpty_read_all_multipleBuffers_largerThanContent [KEEP_FILES [128, 128]]" classname="com.google.common.jimfs.RegularFileTest$RegularFileTestRunner" time="0.0"/>
  <testcase name="testNonEmpty_read_all_multipleBuffers_extraBuffers [KEEP_FILES [128, 128]]" classname="com.google.common.jimfs.RegularFileTest$RegularFileTestRunner" time="0.0"/>
  <testcase name="testNonEmpty_read_partial_fromStart_byteArray [KEEP_FILES [128, 128]]" classname="com.google.common.jimfs.RegularFileTest$RegularFileTestRunner" time="0.0"/>
  <testcase name="testNonEmpty_read_partial_fromMiddle_byteArray [KEEP_FILES [128, 128]]" classname="com.google.common.jimfs.RegularFileTest$RegularFileTestRunner" time="0.0"/>
  <testcase name="testNonEmpty_read_partial_fromEnd_byteArray [KEEP_FILES [128, 128]]" classname="com.google.common.jimfs.RegularFileTest$RegularFileTestRunner" time="0.0"/>
  <testcase name="testNonEmpty_read_partial_fromStart_singleBuffer [KEEP_FILES [128, 128]]" classname="com.google.common.jimfs.RegularFileTest$RegularFileTestRunner" time="0.0"/>
  <testcase name="testNonEmpty_read_partial_fromMiddle_singleBuffer [KEEP_FILES [128, 128]]" classname="com.google.common.jimfs.RegularFileTest$RegularFileTestRunner" time="0.0"/>
  <testcase name="testNonEmpty_read_partial_fromEnd_singleBuffer [KEEP_FILES [128, 128]]" classname="com.google.common.jimfs.RegularFileTest$RegularFileTestRunner" time="0.0"/>
  <testcase name="testEmpty_write_multipleBuffers_atStart [KEEP_FILES [128, 128]]" classname="com.google.common.jimfs.RegularFileTest$RegularFileTestRunner" time="0.0"/>
  <testcase name="testEmpty_write_byteArray_atNonZeroPosition [KEEP_FILES [128, 128]]" classname="com.google.common.jimfs.RegularFileTest$RegularFileTestRunner" time="0.0"/>
  <testcase name="testEmpty_read_singleByte [KEEP_FILES [128, 128]]" classname="com.google.common.jimfs.RegularFileTest$RegularFileTestRunner" time="0.0"/>
  <testcase name="testEmpty_read_byteArray [KEEP_FILES [128, 128]]" classname="com.google.common.jimfs.RegularFileTest$RegularFileTestRunner" time="0.0"/>
  <testcase name="testEmpty_read_singleBuffer [KEEP_FILES [128, 128]]" classname="com.google.common.jimfs.RegularFileTest$RegularFileTestRunner" time="0.0"/>
  <testcase name="testEmpty_read_multipleBuffers [KEEP_FILES [128, 128]]" classname="com.google.common.jimfs.RegularFileTest$RegularFileTestRunner" time="0.0"/>
  <testcase name="testEmpty_write_partialByteArray_atNonZeroPosition [KEEP_FILES [128, 128]]" classname="com.google.common.jimfs.RegularFileTest$RegularFileTestRunner" time="0.0"/>
  <testcase name="testEmpty_write_singleBuffer_atStart [KEEP_FILES [128, 128]]" classname="com.google.common.jimfs.RegularFileTest$RegularFileTestRunner" time="0.0"/>
  <testcase name="testEmpty_write_partialByteArray_atStart [KEEP_FILES [128, 128]]" classname="com.google.common.jimfs.RegularFileTest$RegularFileTestRunner" time="0.0"/>
  <testcase name="testEmpty_transferFrom_positionGreaterThanSize_countGreaterThanSrcSize [KEEP_FILES [128, 128]]" classname="com.google.common.jimfs.RegularFileTest$RegularFileTestRunner" time="0.0"/>
  <testcase name="testEmpty [KEEP_FILES [128, 128]]" classname="com.google.common.jimfs.RegularFileTest$RegularFileTestRunner" time="0.0"/>
  <testcase name="testNonEmpty_read_partial_fromStart_multipleBuffers [KEEP_FILES [128, 128]]" classname="com.google.common.jimfs.RegularFileTest$RegularFileTestRunner" time="0.0"/>
  <testcase name="testNonEmpty_read_partial_fromMiddle_multipleBuffers [KEEP_FILES [128, 128]]" classname="com.google.common.jimfs.RegularFileTest$RegularFileTestRunner" time="0.0"/>
  <testcase name="testNonEmpty_read_partial_fromEnd_multipleBuffers [KEEP_FILES [128, 128]]" classname="com.google.common.jimfs.RegularFileTest$RegularFileTestRunner" time="0.0"/>
  <testcase name="testNonEmpty_read_fromPastEnd_byteArray [KEEP_FILES [128, 128]]" classname="com.google.common.jimfs.RegularFileTest$RegularFileTestRunner" time="0.0"/>
  <testcase name="testNonEmpty_read_fromPastEnd_singleBuffer [KEEP_FILES [128, 128]]" classname="com.google.common.jimfs.RegularFileTest$RegularFileTestRunner" time="0.0"/>
  <testcase name="testNonEmpty_read_fromPastEnd_multipleBuffers [KEEP_FILES [128, 128]]" classname="com.google.common.jimfs.RegularFileTest$RegularFileTestRunner" time="0.0"/>
  <testcase name="testNonEmpty_write_partial_fromStart_singleByte [KEEP_FILES [128, 128]]" classname="com.google.common.jimfs.RegularFileTest$RegularFileTestRunner" time="0.0"/>
  <testcase name="testNonEmpty_write_partial_fromMiddle_singleByte [KEEP_FILES [128, 128]]" classname="com.google.common.jimfs.RegularFileTest$RegularFileTestRunner" time="0.0"/>
  <testcase name="testNonEmpty_write_partial_fromEnd_singleByte [KEEP_FILES [128, 128]]" classname="com.google.common.jimfs.RegularFileTest$RegularFileTestRunner" time="0.0"/>
  <testcase name="testNonEmpty_write_partial_fromStart_byteArray [KEEP_FILES [128, 128]]" classname="com.google.common.jimfs.RegularFileTest$RegularFileTestRunner" time="0.0"/>
  <testcase name="testNonEmpty_write_partial_fromMiddle_byteArray [KEEP_FILES [128, 128]]" classname="com.google.common.jimfs.RegularFileTest$RegularFileTestRunner" time="0.0"/>
  <testcase name="testNonEmpty_write_partial_fromBeforeEnd_byteArray [KEEP_FILES [128, 128]]" classname="com.google.common.jimfs.RegularFileTest$RegularFileTestRunner" time="0.0"/>
  <testcase name="testNonEmpty_write_partial_fromEnd_byteArray [KEEP_FILES [128, 128]]" classname="com.google.common.jimfs.RegularFileTest$RegularFileTestRunner" time="0.0"/>
  <testcase name="testNonEmpty_write_partial_fromPastEnd_byteArray [KEEP_FILES [128, 128]]" classname="com.google.common.jimfs.RegularFileTest$RegularFileTestRunner" time="0.0"/>
  <testcase name="testNonEmpty_write_partial_fromStart_singleBuffer [KEEP_FILES [128, 128]]" classname="com.google.common.jimfs.RegularFileTest$RegularFileTestRunner" time="0.0"/>
  <testcase name="testNonEmpty_write_partial_fromMiddle_singleBuffer [KEEP_FILES [128, 128]]" classname="com.google.common.jimfs.RegularFileTest$RegularFileTestRunner" time="0.0"/>
  <testcase name="testNonEmpty_write_partial_fromEnd_singleBuffer [KEEP_FILES [128, 128]]" classname="com.google.common.jimfs.RegularFileTest$RegularFileTestRunner" time="0.0"/>
  <testcase name="testNonEmpty_write_partial_fromPastEnd_singleBuffer [KEEP_FILES [128, 128]]" classname="com.google.common.jimfs.RegularFileTest$RegularFileTestRunner" time="0.0"/>
  <testcase name="testNonEmpty_write_partial_fromStart_multipleBuffers [KEEP_FILES [128, 128]]" classname="com.google.common.jimfs.RegularFileTest$RegularFileTestRunner" time="0.0"/>
  <testcase name="testNonEmpty_write_partial_fromMiddle_multipleBuffers [KEEP_FILES [128, 128]]" classname="com.google.common.jimfs.RegularFileTest$RegularFileTestRunner" time="0.0"/>
  <testcase name="testNonEmpty_write_partial_fromBeforeEnd_multipleBuffers [KEEP_FILES [128, 128]]" classname="com.google.common.jimfs.RegularFileTest$RegularFileTestRunner" time="0.0"/>
  <testcase name="testNonEmpty_write_partial_fromEnd_multipleBuffers [KEEP_FILES [128, 128]]" classname="com.google.common.jimfs.RegularFileTest$RegularFileTestRunner" time="0.0"/>
  <testcase name="testNonEmpty_write_partial_fromPastEnd_multipleBuffers [KEEP_FILES [128, 128]]" classname="com.google.common.jimfs.RegularFileTest$RegularFileTestRunner" time="0.0"/>
  <testcase name="testNonEmpty_write_overwrite_sameLength [KEEP_FILES [128, 128]]" classname="com.google.common.jimfs.RegularFileTest$RegularFileTestRunner" time="0.0"/>
  <testcase name="testNonEmpty_write_overwrite_greaterLength [KEEP_FILES [128, 128]]" classname="com.google.common.jimfs.RegularFileTest$RegularFileTestRunner" time="0.0"/>
  <testcase name="testNonEmpty_transferTo_fromStart_countEqualsSize [KEEP_FILES [128, 128]]" classname="com.google.common.jimfs.RegularFileTest$RegularFileTestRunner" time="0.0"/>
  <testcase name="testNonEmpty_transferTo_fromStart_countLessThanSize [KEEP_FILES [128, 128]]" classname="com.google.common.jimfs.RegularFileTest$RegularFileTestRunner" time="0.0"/>
  <testcase name="testNonEmpty_transferTo_fromMiddle_countEqualsSize [KEEP_FILES [128, 128]]" classname="com.google.common.jimfs.RegularFileTest$RegularFileTestRunner" time="0.0"/>
  <testcase name="testNonEmpty_transferTo_fromMiddle_countLessThanSize [KEEP_FILES [128, 128]]" classname="com.google.common.jimfs.RegularFileTest$RegularFileTestRunner" time="0.0"/>
  <testcase name="testNonEmpty_transferFrom_toStart_countEqualsSrcSize [KEEP_FILES [128, 128]]" classname="com.google.common.jimfs.RegularFileTest$RegularFileTestRunner" time="0.0"/>
  <testcase name="testNonEmpty_transferFrom_toStart_countLessThanSrcSize [KEEP_FILES [128, 128]]" classname="com.google.common.jimfs.RegularFileTest$RegularFileTestRunner" time="0.0"/>
  <testcase name="testNonEmpty_transferFrom_toStart_countGreaterThanSrcSize [KEEP_FILES [128, 128]]" classname="com.google.common.jimfs.RegularFileTest$RegularFileTestRunner" time="0.0"/>
  <testcase name="testNonEmpty_transferFrom_toMiddle_countEqualsSrcSize [KEEP_FILES [128, 128]]" classname="com.google.common.jimfs.RegularFileTest$RegularFileTestRunner" time="0.0"/>
  <testcase name="testNonEmpty_transferFrom_toMiddle_countLessThanSrcSize [KEEP_FILES [128, 128]]" classname="com.google.common.jimfs.RegularFileTest$RegularFileTestRunner" time="0.0"/>
  <testcase name="testNonEmpty_transferFrom_toMiddle_countGreaterThanSrcSize [KEEP_FILES [128, 128]]" classname="com.google.common.jimfs.RegularFileTest$RegularFileTestRunner" time="0.0"/>
  <testcase name="testNonEmpty_transferFrom_toMiddle_transferGoesBeyondContentSize [KEEP_FILES [128, 128]]" classname="com.google.common.jimfs.RegularFileTest$RegularFileTestRunner" time="0.0"/>
  <testcase name="testNonEmpty_transferFrom_toEnd [KEEP_FILES [128, 128]]" classname="com.google.common.jimfs.RegularFileTest$RegularFileTestRunner" time="0.0"/>
  <testcase name="testNonEmpty_transferFrom_positionGreaterThanSize [KEEP_FILES [128, 128]]" classname="com.google.common.jimfs.RegularFileTest$RegularFileTestRunner" time="0.0"/>
  <testcase name="testNonEmpty_transferFrom_hugeOverestimateCount [KEEP_FILES [128, 128]]" classname="com.google.common.jimfs.RegularFileTest$RegularFileTestRunner" time="0.0"/>
  <testcase name="testNonEmpty_copy [KEEP_FILES [128, 128]]" classname="com.google.common.jimfs.RegularFileTest$RegularFileTestRunner" time="0.0"/>
  <testcase name="testNonEmpty_copy_multipleTimes [KEEP_FILES [128, 128]]" classname="com.google.common.jimfs.RegularFileTest$RegularFileTestRunner" time="0.0"/>
  <testcase name="testNonEmpty_truncate_toZero [KEEP_FILES [128, 128]]" classname="com.google.common.jimfs.RegularFileTest$RegularFileTestRunner" time="0.0"/>
  <testcase name="testNonEmpty_truncate_partial [KEEP_FILES [128, 128]]" classname="com.google.common.jimfs.RegularFileTest$RegularFileTestRunner" time="0.0"/>
  <testcase name="testNonEmpty_truncate_sizeUp [KEEP_FILES [128, 128]]" classname="com.google.common.jimfs.RegularFileTest$RegularFileTestRunner" time="0.0"/>
  <testcase name="testDeletedStoreRemainsUsableWhileOpen [KEEP_FILES [128, 128]]" classname="com.google.common.jimfs.RegularFileTest$RegularFileTestRunner" time="0.0"/>
  <testcase name="testEmpty_write_singleByte_atNonZeroPosition [KEEP_FILES [128, -1]]" classname="com.google.common.jimfs.RegularFileTest$RegularFileTestRunner" time="0.0"/>
  <testcase name="testNonEmpty_write_partial_fromBeforeEnd_singleBuffer [KEEP_FILES [128, -1]]" classname="com.google.common.jimfs.RegularFileTest$RegularFileTestRunner" time="0.0"/>
  <testcase name="testEmpty_transferFrom_positionGreaterThanSize_countLessThanSrcSize [KEEP_FILES [128, -1]]" classname="com.google.common.jimfs.RegularFileTest$RegularFileTestRunner" time="0.0"/>
  <testcase name="testEmpty_write_singleByte_atStart [KEEP_FILES [128, -1]]" classname="com.google.common.jimfs.RegularFileTest$RegularFileTestRunner" time="0.0"/>
  <testcase name="testEmpty_write_byteArray_atStart [KEEP_FILES [128, -1]]" classname="com.google.common.jimfs.RegularFileTest$RegularFileTestRunner" time="0.0"/>
  <testcase name="testEmpty_write_singleBuffer_atNonZeroPosition [KEEP_FILES [128, -1]]" classname="com.google.common.jimfs.RegularFileTest$RegularFileTestRunner" time="0.0"/>
  <testcase name="testEmpty_write_multipleBuffers_atNonZeroPosition [KEEP_FILES [128, -1]]" classname="com.google.common.jimfs.RegularFileTest$RegularFileTestRunner" time="0.0"/>
  <testcase name="testEmpty_write_noBytesArray_atStart [KEEP_FILES [128, -1]]" classname="com.google.common.jimfs.RegularFileTest$RegularFileTestRunner" time="0.0"/>
  <testcase name="testEmpty_write_noBytesArray_atNonZeroPosition [KEEP_FILES [128, -1]]" classname="com.google.common.jimfs.RegularFileTest$RegularFileTestRunner" time="0.0"/>
  <testcase name="testEmpty_write_noBytesBuffer_atStart [KEEP_FILES [128, -1]]" classname="com.google.common.jimfs.RegularFileTest$RegularFileTestRunner" time="0.0"/>
  <testcase name="testEmpty_write_noBytesBuffer_atNonZeroPosition [KEEP_FILES [128, -1]]" classname="com.google.common.jimfs.RegularFileTest$RegularFileTestRunner" time="0.0"/>
  <testcase name="testEmpty_write_noBytesBuffers_atStart [KEEP_FILES [128, -1]]" classname="com.google.common.jimfs.RegularFileTest$RegularFileTestRunner" time="0.0"/>
  <testcase name="testEmpty_write_noBytesBuffers_atNonZeroPosition [KEEP_FILES [128, -1]]" classname="com.google.common.jimfs.RegularFileTest$RegularFileTestRunner" time="0.0"/>
  <testcase name="testEmpty_transferFrom_fromStart_countEqualsSrcSize [KEEP_FILES [128, -1]]" classname="com.google.common.jimfs.RegularFileTest$RegularFileTestRunner" time="0.0"/>
  <testcase name="testEmpty_transferFrom_fromStart_countLessThanSrcSize [KEEP_FILES [128, -1]]" classname="com.google.common.jimfs.RegularFileTest$RegularFileTestRunner" time="0.0"/>
  <testcase name="testEmpty_transferFrom_fromStart_countGreaterThanSrcSize [KEEP_FILES [128, -1]]" classname="com.google.common.jimfs.RegularFileTest$RegularFileTestRunner" time="0.0"/>
  <testcase name="testEmpty_transferFrom_positionGreaterThanSize [KEEP_FILES [128, -1]]" classname="com.google.common.jimfs.RegularFileTest$RegularFileTestRunner" time="0.0"/>
  <testcase name="testEmpty_transferFrom_positionGreaterThanSize_countEqualsSrcSize [KEEP_FILES [128, -1]]" classname="com.google.common.jimfs.RegularFileTest$RegularFileTestRunner" time="0.0"/>
  <testcase name="testEmpty_transferFrom_fromStart_noBytes_countEqualsSrcSize [KEEP_FILES [128, -1]]" classname="com.google.common.jimfs.RegularFileTest$RegularFileTestRunner" time="0.0"/>
  <testcase name="testEmpty_transferFrom_fromStart_noBytes_countGreaterThanSrcSize [KEEP_FILES [128, -1]]" classname="com.google.common.jimfs.RegularFileTest$RegularFileTestRunner" time="0.0"/>
  <testcase name="testEmpty_transferFrom_postionGreaterThanSrcSize_noBytes_countEqualsSrcSize [KEEP_FILES [128, -1]]" classname="com.google.common.jimfs.RegularFileTest$RegularFileTestRunner" time="0.0"/>
  <testcase name="testEmpty_transferFrom_postionGreaterThanSrcSize_noBytes_countGreaterThanSrcSize [KEEP_FILES [128, -1]]" classname="com.google.common.jimfs.RegularFileTest$RegularFileTestRunner" time="0.0"/>
  <testcase name="testEmpty_transferTo [KEEP_FILES [128, -1]]" classname="com.google.common.jimfs.RegularFileTest$RegularFileTestRunner" time="0.0"/>
  <testcase name="testEmpty_copy [KEEP_FILES [128, -1]]" classname="com.google.common.jimfs.RegularFileTest$RegularFileTestRunner" time="0.0"/>
  <testcase name="testEmpty_truncate_toZero [KEEP_FILES [128, -1]]" classname="com.google.common.jimfs.RegularFileTest$RegularFileTestRunner" time="0.0"/>
  <testcase name="testEmpty_truncate_sizeUp [KEEP_FILES [128, -1]]" classname="com.google.common.jimfs.RegularFileTest$RegularFileTestRunner" time="0.0"/>
  <testcase name="testNonEmpty [KEEP_FILES [128, -1]]" classname="com.google.common.jimfs.RegularFileTest$RegularFileTestRunner" time="0.0"/>
  <testcase name="testNonEmpty_read_singleByte [KEEP_FILES [128, -1]]" classname="com.google.common.jimfs.RegularFileTest$RegularFileTestRunner" time="0.0"/>
  <testcase name="testNonEmpty_read_all_byteArray [KEEP_FILES [128, -1]]" classname="com.google.common.jimfs.RegularFileTest$RegularFileTestRunner" time="0.0"/>
  <testcase name="testNonEmpty_read_all_singleBuffer [KEEP_FILES [128, -1]]" classname="com.google.common.jimfs.RegularFileTest$RegularFileTestRunner" time="0.0"/>
  <testcase name="testNonEmpty_read_all_multipleBuffers [KEEP_FILES [128, -1]]" classname="com.google.common.jimfs.RegularFileTest$RegularFileTestRunner" time="0.0"/>
  <testcase name="testNonEmpty_read_all_byteArray_largerThanContent [KEEP_FILES [128, -1]]" classname="com.google.common.jimfs.RegularFileTest$RegularFileTestRunner" time="0.0"/>
  <testcase name="testNonEmpty_read_all_singleBuffer_largerThanContent [KEEP_FILES [128, -1]]" classname="com.google.common.jimfs.RegularFileTest$RegularFileTestRunner" time="0.0"/>
  <testcase name="testNonEmpty_read_all_multipleBuffers_largerThanContent [KEEP_FILES [128, -1]]" classname="com.google.common.jimfs.RegularFileTest$RegularFileTestRunner" time="0.0"/>
  <testcase name="testNonEmpty_read_all_multipleBuffers_extraBuffers [KEEP_FILES [128, -1]]" classname="com.google.common.jimfs.RegularFileTest$RegularFileTestRunner" time="0.0"/>
  <testcase name="testNonEmpty_read_partial_fromStart_byteArray [KEEP_FILES [128, -1]]" classname="com.google.common.jimfs.RegularFileTest$RegularFileTestRunner" time="0.0"/>
  <testcase name="testNonEmpty_read_partial_fromMiddle_byteArray [KEEP_FILES [128, -1]]" classname="com.google.common.jimfs.RegularFileTest$RegularFileTestRunner" time="0.0"/>
  <testcase name="testNonEmpty_read_partial_fromEnd_byteArray [KEEP_FILES [128, -1]]" classname="com.google.common.jimfs.RegularFileTest$RegularFileTestRunner" time="0.0"/>
  <testcase name="testNonEmpty_read_partial_fromStart_singleBuffer [KEEP_FILES [128, -1]]" classname="com.google.common.jimfs.RegularFileTest$RegularFileTestRunner" time="0.0"/>
  <testcase name="testNonEmpty_read_partial_fromMiddle_singleBuffer [KEEP_FILES [128, -1]]" classname="com.google.common.jimfs.RegularFileTest$RegularFileTestRunner" time="0.0"/>
  <testcase name="testNonEmpty_read_partial_fromEnd_singleBuffer [KEEP_FILES [128, -1]]" classname="com.google.common.jimfs.RegularFileTest$RegularFileTestRunner" time="0.0"/>
  <testcase name="testEmpty_write_multipleBuffers_atStart [KEEP_FILES [128, -1]]" classname="com.google.common.jimfs.RegularFileTest$RegularFileTestRunner" time="0.0"/>
  <testcase name="testEmpty_write_byteArray_atNonZeroPosition [KEEP_FILES [128, -1]]" classname="com.google.common.jimfs.RegularFileTest$RegularFileTestRunner" time="0.0"/>
  <testcase name="testEmpty_read_singleByte [KEEP_FILES [128, -1]]" classname="com.google.common.jimfs.RegularFileTest$RegularFileTestRunner" time="0.0"/>
  <testcase name="testEmpty_read_byteArray [KEEP_FILES [128, -1]]" classname="com.google.common.jimfs.RegularFileTest$RegularFileTestRunner" time="0.0"/>
  <testcase name="testEmpty_read_singleBuffer [KEEP_FILES [128, -1]]" classname="com.google.common.jimfs.RegularFileTest$RegularFileTestRunner" time="0.0"/>
  <testcase name="testEmpty_read_multipleBuffers [KEEP_FILES [128, -1]]" classname="com.google.common.jimfs.RegularFileTest$RegularFileTestRunner" time="0.0"/>
  <testcase name="testEmpty_write_partialByteArray_atNonZeroPosition [KEEP_FILES [128, -1]]" classname="com.google.common.jimfs.RegularFileTest$RegularFileTestRunner" time="0.0"/>
  <testcase name="testEmpty_write_singleBuffer_atStart [KEEP_FILES [128, -1]]" classname="com.google.common.jimfs.RegularFileTest$RegularFileTestRunner" time="0.0"/>
  <testcase name="testEmpty_write_partialByteArray_atStart [KEEP_FILES [128, -1]]" classname="com.google.common.jimfs.RegularFileTest$RegularFileTestRunner" time="0.0"/>
  <testcase name="testEmpty_transferFrom_positionGreaterThanSize_countGreaterThanSrcSize [KEEP_FILES [128, -1]]" classname="com.google.common.jimfs.RegularFileTest$RegularFileTestRunner" time="0.0"/>
  <testcase name="testEmpty [KEEP_FILES [128, -1]]" classname="com.google.common.jimfs.RegularFileTest$RegularFileTestRunner" time="0.0"/>
  <testcase name="testNonEmpty_read_partial_fromStart_multipleBuffers [KEEP_FILES [128, -1]]" classname="com.google.common.jimfs.RegularFileTest$RegularFileTestRunner" time="0.0"/>
  <testcase name="testNonEmpty_read_partial_fromMiddle_multipleBuffers [KEEP_FILES [128, -1]]" classname="com.google.common.jimfs.RegularFileTest$RegularFileTestRunner" time="0.0"/>
  <testcase name="testNonEmpty_read_partial_fromEnd_multipleBuffers [KEEP_FILES [128, -1]]" classname="com.google.common.jimfs.RegularFileTest$RegularFileTestRunner" time="0.0"/>
  <testcase name="testNonEmpty_read_fromPastEnd_byteArray [KEEP_FILES [128, -1]]" classname="com.google.common.jimfs.RegularFileTest$RegularFileTestRunner" time="0.0"/>
  <testcase name="testNonEmpty_read_fromPastEnd_singleBuffer [KEEP_FILES [128, -1]]" classname="com.google.common.jimfs.RegularFileTest$RegularFileTestRunner" time="0.0"/>
  <testcase name="testNonEmpty_read_fromPastEnd_multipleBuffers [KEEP_FILES [128, -1]]" classname="com.google.common.jimfs.RegularFileTest$RegularFileTestRunner" time="0.0"/>
  <testcase name="testNonEmpty_write_partial_fromStart_singleByte [KEEP_FILES [128, -1]]" classname="com.google.common.jimfs.RegularFileTest$RegularFileTestRunner" time="0.0"/>
  <testcase name="testNonEmpty_write_partial_fromMiddle_singleByte [KEEP_FILES [128, -1]]" classname="com.google.common.jimfs.RegularFileTest$RegularFileTestRunner" time="0.0"/>
  <testcase name="testNonEmpty_write_partial_fromEnd_singleByte [KEEP_FILES [128, -1]]" classname="com.google.common.jimfs.RegularFileTest$RegularFileTestRunner" time="0.0"/>
  <testcase name="testNonEmpty_write_partial_fromStart_byteArray [KEEP_FILES [128, -1]]" classname="com.google.common.jimfs.RegularFileTest$RegularFileTestRunner" time="0.0"/>
  <testcase name="testNonEmpty_write_partial_fromMiddle_byteArray [KEEP_FILES [128, -1]]" classname="com.google.common.jimfs.RegularFileTest$RegularFileTestRunner" time="0.0"/>
  <testcase name="testNonEmpty_write_partial_fromBeforeEnd_byteArray [KEEP_FILES [128, -1]]" classname="com.google.common.jimfs.RegularFileTest$RegularFileTestRunner" time="0.0"/>
  <testcase name="testNonEmpty_write_partial_fromEnd_byteArray [KEEP_FILES [128, -1]]" classname="com.google.common.jimfs.RegularFileTest$RegularFileTestRunner" time="0.0"/>
  <testcase name="testNonEmpty_write_partial_fromPastEnd_byteArray [KEEP_FILES [128, -1]]" classname="com.google.common.jimfs.RegularFileTest$RegularFileTestRunner" time="0.0"/>
  <testcase name="testNonEmpty_write_partial_fromStart_singleBuffer [KEEP_FILES [128, -1]]" classname="com.google.common.jimfs.RegularFileTest$RegularFileTestRunner" time="0.0"/>
  <testcase name="testNonEmpty_write_partial_fromMiddle_singleBuffer [KEEP_FILES [128, -1]]" classname="com.google.common.jimfs.RegularFileTest$RegularFileTestRunner" time="0.0"/>
  <testcase name="testNonEmpty_write_partial_fromEnd_singleBuffer [KEEP_FILES [128, -1]]" classname="com.google.common.jimfs.RegularFileTest$RegularFileTestRunner" time="0.0"/>
  <testcase name="testNonEmpty_write_partial_fromPastEnd_singleBuffer [KEEP_FILES [128, -1]]" classname="com.google.common.jimfs.RegularFileTest$RegularFileTestRunner" time="0.0"/>
  <testcase name="testNonEmpty_write_partial_fromStart_multipleBuffers [KEEP_FILES [128, -1]]" classname="com.google.common.jimfs.RegularFileTest$RegularFileTestRunner" time="0.0"/>
  <testcase name="testNonEmpty_write_partial_fromMiddle_multipleBuffers [KEEP_FILES [128, -1]]" classname="com.google.common.jimfs.RegularFileTest$RegularFileTestRunner" time="0.0"/>
  <testcase name="testNonEmpty_write_partial_fromBeforeEnd_multipleBuffers [KEEP_FILES [128, -1]]" classname="com.google.common.jimfs.RegularFileTest$RegularFileTestRunner" time="0.0"/>
  <testcase name="testNonEmpty_write_partial_fromEnd_multipleBuffers [KEEP_FILES [128, -1]]" classname="com.google.common.jimfs.RegularFileTest$RegularFileTestRunner" time="0.0"/>
  <testcase name="testNonEmpty_write_partial_fromPastEnd_multipleBuffers [KEEP_FILES [128, -1]]" classname="com.google.common.jimfs.RegularFileTest$RegularFileTestRunner" time="0.0"/>
  <testcase name="testNonEmpty_write_overwrite_sameLength [KEEP_FILES [128, -1]]" classname="com.google.common.jimfs.RegularFileTest$RegularFileTestRunner" time="0.0"/>
  <testcase name="testNonEmpty_write_overwrite_greaterLength [KEEP_FILES [128, -1]]" classname="com.google.common.jimfs.RegularFileTest$RegularFileTestRunner" time="0.0"/>
  <testcase name="testNonEmpty_transferTo_fromStart_countEqualsSize [KEEP_FILES [128, -1]]" classname="com.google.common.jimfs.RegularFileTest$RegularFileTestRunner" time="0.0"/>
  <testcase name="testNonEmpty_transferTo_fromStart_countLessThanSize [KEEP_FILES [128, -1]]" classname="com.google.common.jimfs.RegularFileTest$RegularFileTestRunner" time="0.0"/>
  <testcase name="testNonEmpty_transferTo_fromMiddle_countEqualsSize [KEEP_FILES [128, -1]]" classname="com.google.common.jimfs.RegularFileTest$RegularFileTestRunner" time="0.0"/>
  <testcase name="testNonEmpty_transferTo_fromMiddle_countLessThanSize [KEEP_FILES [128, -1]]" classname="com.google.common.jimfs.RegularFileTest$RegularFileTestRunner" time="0.0"/>
  <testcase name="testNonEmpty_transferFrom_toStart_countEqualsSrcSize [KEEP_FILES [128, -1]]" classname="com.google.common.jimfs.RegularFileTest$RegularFileTestRunner" time="0.0"/>
  <testcase name="testNonEmpty_transferFrom_toStart_countLessThanSrcSize [KEEP_FILES [128, -1]]" classname="com.google.common.jimfs.RegularFileTest$RegularFileTestRunner" time="0.0"/>
  <testcase name="testNonEmpty_transferFrom_toStart_countGreaterThanSrcSize [KEEP_FILES [128, -1]]" classname="com.google.common.jimfs.RegularFileTest$RegularFileTestRunner" time="0.0"/>
  <testcase name="testNonEmpty_transferFrom_toMiddle_countEqualsSrcSize [KEEP_FILES [128, -1]]" classname="com.google.common.jimfs.RegularFileTest$RegularFileTestRunner" time="0.0"/>
  <testcase name="testNonEmpty_transferFrom_toMiddle_countLessThanSrcSize [KEEP_FILES [128, -1]]" classname="com.google.common.jimfs.RegularFileTest$RegularFileTestRunner" time="0.0"/>
  <testcase name="testNonEmpty_transferFrom_toMiddle_countGreaterThanSrcSize [KEEP_FILES [128, -1]]" classname="com.google.common.jimfs.RegularFileTest$RegularFileTestRunner" time="0.0"/>
  <testcase name="testNonEmpty_transferFrom_toMiddle_transferGoesBeyondContentSize [KEEP_FILES [128, -1]]" classname="com.google.common.jimfs.RegularFileTest$RegularFileTestRunner" time="0.0"/>
  <testcase name="testNonEmpty_transferFrom_toEnd [KEEP_FILES [128, -1]]" classname="com.google.common.jimfs.RegularFileTest$RegularFileTestRunner" time="0.0"/>
  <testcase name="testNonEmpty_transferFrom_positionGreaterThanSize [KEEP_FILES [128, -1]]" classname="com.google.common.jimfs.RegularFileTest$RegularFileTestRunner" time="0.0"/>
  <testcase name="testNonEmpty_transferFrom_hugeOverestimateCount [KEEP_FILES [128, -1]]" classname="com.google.common.jimfs.RegularFileTest$RegularFileTestRunner" time="0.0"/>
  <testcase name="testNonEmpty_copy [KEEP_FILES [128, -1]]" classname="com.google.common.jimfs.RegularFileTest$RegularFileTestRunner" time="0.001"/>
  <testcase name="testNonEmpty_copy_multipleTimes [KEEP_FILES [128, -1]]" classname="com.google.common.jimfs.RegularFileTest$RegularFileTestRunner" time="0.0"/>
  <testcase name="testNonEmpty_truncate_toZero [KEEP_FILES [128, -1]]" classname="com.google.common.jimfs.RegularFileTest$RegularFileTestRunner" time="0.0"/>
  <testcase name="testNonEmpty_truncate_partial [KEEP_FILES [128, -1]]" classname="com.google.common.jimfs.RegularFileTest$RegularFileTestRunner" time="0.0"/>
  <testcase name="testNonEmpty_truncate_sizeUp [KEEP_FILES [128, -1]]" classname="com.google.common.jimfs.RegularFileTest$RegularFileTestRunner" time="0.0"/>
  <testcase name="testDeletedStoreRemainsUsableWhileOpen [KEEP_FILES [128, -1]]" classname="com.google.common.jimfs.RegularFileTest$RegularFileTestRunner" time="0.0"/>
  <testcase name="testEmpty_write_singleByte_atNonZeroPosition [KEEP_FILES [8192, 0]]" classname="com.google.common.jimfs.RegularFileTest$RegularFileTestRunner" time="0.0"/>
  <testcase name="testNonEmpty_write_partial_fromBeforeEnd_singleBuffer [KEEP_FILES [8192, 0]]" classname="com.google.common.jimfs.RegularFileTest$RegularFileTestRunner" time="0.0"/>
  <testcase name="testEmpty_transferFrom_positionGreaterThanSize_countLessThanSrcSize [KEEP_FILES [8192, 0]]" classname="com.google.common.jimfs.RegularFileTest$RegularFileTestRunner" time="0.0"/>
  <testcase name="testEmpty_write_singleByte_atStart [KEEP_FILES [8192, 0]]" classname="com.google.common.jimfs.RegularFileTest$RegularFileTestRunner" time="0.0"/>
  <testcase name="testEmpty_write_byteArray_atStart [KEEP_FILES [8192, 0]]" classname="com.google.common.jimfs.RegularFileTest$RegularFileTestRunner" time="0.0"/>
  <testcase name="testEmpty_write_singleBuffer_atNonZeroPosition [KEEP_FILES [8192, 0]]" classname="com.google.common.jimfs.RegularFileTest$RegularFileTestRunner" time="0.0"/>
  <testcase name="testEmpty_write_multipleBuffers_atNonZeroPosition [KEEP_FILES [8192, 0]]" classname="com.google.common.jimfs.RegularFileTest$RegularFileTestRunner" time="0.0"/>
  <testcase name="testEmpty_write_noBytesArray_atStart [KEEP_FILES [8192, 0]]" classname="com.google.common.jimfs.RegularFileTest$RegularFileTestRunner" time="0.0"/>
  <testcase name="testEmpty_write_noBytesArray_atNonZeroPosition [KEEP_FILES [8192, 0]]" classname="com.google.common.jimfs.RegularFileTest$RegularFileTestRunner" time="0.0"/>
  <testcase name="testEmpty_write_noBytesBuffer_atStart [KEEP_FILES [8192, 0]]" classname="com.google.common.jimfs.RegularFileTest$RegularFileTestRunner" time="0.0"/>
  <testcase name="testEmpty_write_noBytesBuffer_atNonZeroPosition [KEEP_FILES [8192, 0]]" classname="com.google.common.jimfs.RegularFileTest$RegularFileTestRunner" time="0.0"/>
  <testcase name="testEmpty_write_noBytesBuffers_atStart [KEEP_FILES [8192, 0]]" classname="com.google.common.jimfs.RegularFileTest$RegularFileTestRunner" time="0.0"/>
  <testcase name="testEmpty_write_noBytesBuffers_atNonZeroPosition [KEEP_FILES [8192, 0]]" classname="com.google.common.jimfs.RegularFileTest$RegularFileTestRunner" time="0.0"/>
  <testcase name="testEmpty_transferFrom_fromStart_countEqualsSrcSize [KEEP_FILES [8192, 0]]" classname="com.google.common.jimfs.RegularFileTest$RegularFileTestRunner" time="0.0"/>
  <testcase name="testEmpty_transferFrom_fromStart_countLessThanSrcSize [KEEP_FILES [8192, 0]]" classname="com.google.common.jimfs.RegularFileTest$RegularFileTestRunner" time="0.0"/>
  <testcase name="testEmpty_transferFrom_fromStart_countGreaterThanSrcSize [KEEP_FILES [8192, 0]]" classname="com.google.common.jimfs.RegularFileTest$RegularFileTestRunner" time="0.0"/>
  <testcase name="testEmpty_transferFrom_positionGreaterThanSize [KEEP_FILES [8192, 0]]" classname="com.google.common.jimfs.RegularFileTest$RegularFileTestRunner" time="0.0"/>
  <testcase name="testEmpty_transferFrom_positionGreaterThanSize_countEqualsSrcSize [KEEP_FILES [8192, 0]]" classname="com.google.common.jimfs.RegularFileTest$RegularFileTestRunner" time="0.0"/>
  <testcase name="testEmpty_transferFrom_fromStart_noBytes_countEqualsSrcSize [KEEP_FILES [8192, 0]]" classname="com.google.common.jimfs.RegularFileTest$RegularFileTestRunner" time="0.0"/>
  <testcase name="testEmpty_transferFrom_fromStart_noBytes_countGreaterThanSrcSize [KEEP_FILES [8192, 0]]" classname="com.google.common.jimfs.RegularFileTest$RegularFileTestRunner" time="0.0"/>
  <testcase name="testEmpty_transferFrom_postionGreaterThanSrcSize_noBytes_countEqualsSrcSize [KEEP_FILES [8192, 0]]" classname="com.google.common.jimfs.RegularFileTest$RegularFileTestRunner" time="0.0"/>
  <testcase name="testEmpty_transferFrom_postionGreaterThanSrcSize_noBytes_countGreaterThanSrcSize [KEEP_FILES [8192, 0]]" classname="com.google.common.jimfs.RegularFileTest$RegularFileTestRunner" time="0.0"/>
  <testcase name="testEmpty_transferTo [KEEP_FILES [8192, 0]]" classname="com.google.common.jimfs.RegularFileTest$RegularFileTestRunner" time="0.0"/>
  <testcase name="testEmpty_copy [KEEP_FILES [8192, 0]]" classname="com.google.common.jimfs.RegularFileTest$RegularFileTestRunner" time="0.0"/>
  <testcase name="testEmpty_truncate_toZero [KEEP_FILES [8192, 0]]" classname="com.google.common.jimfs.RegularFileTest$RegularFileTestRunner" time="0.0"/>
  <testcase name="testEmpty_truncate_sizeUp [KEEP_FILES [8192, 0]]" classname="com.google.common.jimfs.RegularFileTest$RegularFileTestRunner" time="0.0"/>
  <testcase name="testNonEmpty [KEEP_FILES [8192, 0]]" classname="com.google.common.jimfs.RegularFileTest$RegularFileTestRunner" time="0.0"/>
  <testcase name="testNonEmpty_read_singleByte [KEEP_FILES [8192, 0]]" classname="com.google.common.jimfs.RegularFileTest$RegularFileTestRunner" time="0.0"/>
  <testcase name="testNonEmpty_read_all_byteArray [KEEP_FILES [8192, 0]]" classname="com.google.common.jimfs.RegularFileTest$RegularFileTestRunner" time="0.0"/>
  <testcase name="testNonEmpty_read_all_singleBuffer [KEEP_FILES [8192, 0]]" classname="com.google.common.jimfs.RegularFileTest$RegularFileTestRunner" time="0.0"/>
  <testcase name="testNonEmpty_read_all_multipleBuffers [KEEP_FILES [8192, 0]]" classname="com.google.common.jimfs.RegularFileTest$RegularFileTestRunner" time="0.0"/>
  <testcase name="testNonEmpty_read_all_byteArray_largerThanContent [KEEP_FILES [8192, 0]]" classname="com.google.common.jimfs.RegularFileTest$RegularFileTestRunner" time="0.0"/>
  <testcase name="testNonEmpty_read_all_singleBuffer_largerThanContent [KEEP_FILES [8192, 0]]" classname="com.google.common.jimfs.RegularFileTest$RegularFileTestRunner" time="0.0"/>
  <testcase name="testNonEmpty_read_all_multipleBuffers_largerThanContent [KEEP_FILES [8192, 0]]" classname="com.google.common.jimfs.RegularFileTest$RegularFileTestRunner" time="0.0"/>
  <testcase name="testNonEmpty_read_all_multipleBuffers_extraBuffers [KEEP_FILES [8192, 0]]" classname="com.google.common.jimfs.RegularFileTest$RegularFileTestRunner" time="0.0"/>
  <testcase name="testNonEmpty_read_partial_fromStart_byteArray [KEEP_FILES [8192, 0]]" classname="com.google.common.jimfs.RegularFileTest$RegularFileTestRunner" time="0.0"/>
  <testcase name="testNonEmpty_read_partial_fromMiddle_byteArray [KEEP_FILES [8192, 0]]" classname="com.google.common.jimfs.RegularFileTest$RegularFileTestRunner" time="0.0"/>
  <testcase name="testNonEmpty_read_partial_fromEnd_byteArray [KEEP_FILES [8192, 0]]" classname="com.google.common.jimfs.RegularFileTest$RegularFileTestRunner" time="0.0"/>
  <testcase name="testNonEmpty_read_partial_fromStart_singleBuffer [KEEP_FILES [8192, 0]]" classname="com.google.common.jimfs.RegularFileTest$RegularFileTestRunner" time="0.0"/>
  <testcase name="testNonEmpty_read_partial_fromMiddle_singleBuffer [KEEP_FILES [8192, 0]]" classname="com.google.common.jimfs.RegularFileTest$RegularFileTestRunner" time="0.0"/>
  <testcase name="testNonEmpty_read_partial_fromEnd_singleBuffer [KEEP_FILES [8192, 0]]" classname="com.google.common.jimfs.RegularFileTest$RegularFileTestRunner" time="0.0"/>
  <testcase name="testEmpty_write_multipleBuffers_atStart [KEEP_FILES [8192, 0]]" classname="com.google.common.jimfs.RegularFileTest$RegularFileTestRunner" time="0.0"/>
  <testcase name="testEmpty_write_byteArray_atNonZeroPosition [KEEP_FILES [8192, 0]]" classname="com.google.common.jimfs.RegularFileTest$RegularFileTestRunner" time="0.0"/>
  <testcase name="testEmpty_read_singleByte [KEEP_FILES [8192, 0]]" classname="com.google.common.jimfs.RegularFileTest$RegularFileTestRunner" time="0.0"/>
  <testcase name="testEmpty_read_byteArray [KEEP_FILES [8192, 0]]" classname="com.google.common.jimfs.RegularFileTest$RegularFileTestRunner" time="0.0"/>
  <testcase name="testEmpty_read_singleBuffer [KEEP_FILES [8192, 0]]" classname="com.google.common.jimfs.RegularFileTest$RegularFileTestRunner" time="0.0"/>
  <testcase name="testEmpty_read_multipleBuffers [KEEP_FILES [8192, 0]]" classname="com.google.common.jimfs.RegularFileTest$RegularFileTestRunner" time="0.0"/>
  <testcase name="testEmpty_write_partialByteArray_atNonZeroPosition [KEEP_FILES [8192, 0]]" classname="com.google.common.jimfs.RegularFileTest$RegularFileTestRunner" time="0.0"/>
  <testcase name="testEmpty_write_singleBuffer_atStart [KEEP_FILES [8192, 0]]" classname="com.google.common.jimfs.RegularFileTest$RegularFileTestRunner" time="0.0"/>
  <testcase name="testEmpty_write_partialByteArray_atStart [KEEP_FILES [8192, 0]]" classname="com.google.common.jimfs.RegularFileTest$RegularFileTestRunner" time="0.0"/>
  <testcase name="testEmpty_transferFrom_positionGreaterThanSize_countGreaterThanSrcSize [KEEP_FILES [8192, 0]]" classname="com.google.common.jimfs.RegularFileTest$RegularFileTestRunner" time="0.0"/>
  <testcase name="testEmpty [KEEP_FILES [8192, 0]]" classname="com.google.common.jimfs.RegularFileTest$RegularFileTestRunner" time="0.0"/>
  <testcase name="testNonEmpty_read_partial_fromStart_multipleBuffers [KEEP_FILES [8192, 0]]" classname="com.google.common.jimfs.RegularFileTest$RegularFileTestRunner" time="0.0"/>
  <testcase name="testNonEmpty_read_partial_fromMiddle_multipleBuffers [KEEP_FILES [8192, 0]]" classname="com.google.common.jimfs.RegularFileTest$RegularFileTestRunner" time="0.0"/>
  <testcase name="testNonEmpty_read_partial_fromEnd_multipleBuffers [KEEP_FILES [8192, 0]]" classname="com.google.common.jimfs.RegularFileTest$RegularFileTestRunner" time="0.0"/>
  <testcase name="testNonEmpty_read_fromPastEnd_byteArray [KEEP_FILES [8192, 0]]" classname="com.google.common.jimfs.RegularFileTest$RegularFileTestRunner" time="0.0"/>
  <testcase name="testNonEmpty_read_fromPastEnd_singleBuffer [KEEP_FILES [8192, 0]]" classname="com.google.common.jimfs.RegularFileTest$RegularFileTestRunner" time="0.0"/>
  <testcase name="testNonEmpty_read_fromPastEnd_multipleBuffers [KEEP_FILES [8192, 0]]" classname="com.google.common.jimfs.RegularFileTest$RegularFileTestRunner" time="0.0"/>
  <testcase name="testNonEmpty_write_partial_fromStart_singleByte [KEEP_FILES [8192, 0]]" classname="com.google.common.jimfs.RegularFileTest$RegularFileTestRunner" time="0.0"/>
  <testcase name="testNonEmpty_write_partial_fromMiddle_singleByte [KEEP_FILES [8192, 0]]" classname="com.google.common.jimfs.RegularFileTest$RegularFileTestRunner" time="0.0"/>
  <testcase name="testNonEmpty_write_partial_fromEnd_singleByte [KEEP_FILES [8192, 0]]" classname="com.google.common.jimfs.RegularFileTest$RegularFileTestRunner" time="0.0"/>
  <testcase name="testNonEmpty_write_partial_fromStart_byteArray [KEEP_FILES [8192, 0]]" classname="com.google.common.jimfs.RegularFileTest$RegularFileTestRunner" time="0.0"/>
  <testcase name="testNonEmpty_write_partial_fromMiddle_byteArray [KEEP_FILES [8192, 0]]" classname="com.google.common.jimfs.RegularFileTest$RegularFileTestRunner" time="0.0"/>
  <testcase name="testNonEmpty_write_partial_fromBeforeEnd_byteArray [KEEP_FILES [8192, 0]]" classname="com.google.common.jimfs.RegularFileTest$RegularFileTestRunner" time="0.0"/>
  <testcase name="testNonEmpty_write_partial_fromEnd_byteArray [KEEP_FILES [8192, 0]]" classname="com.google.common.jimfs.RegularFileTest$RegularFileTestRunner" time="0.0"/>
  <testcase name="testNonEmpty_write_partial_fromPastEnd_byteArray [KEEP_FILES [8192, 0]]" classname="com.google.common.jimfs.RegularFileTest$RegularFileTestRunner" time="0.0"/>
  <testcase name="testNonEmpty_write_partial_fromStart_singleBuffer [KEEP_FILES [8192, 0]]" classname="com.google.common.jimfs.RegularFileTest$RegularFileTestRunner" time="0.0"/>
  <testcase name="testNonEmpty_write_partial_fromMiddle_singleBuffer [KEEP_FILES [8192, 0]]" classname="com.google.common.jimfs.RegularFileTest$RegularFileTestRunner" time="0.0"/>
  <testcase name="testNonEmpty_write_partial_fromEnd_singleBuffer [KEEP_FILES [8192, 0]]" classname="com.google.common.jimfs.RegularFileTest$RegularFileTestRunner" time="0.0"/>
  <testcase name="testNonEmpty_write_partial_fromPastEnd_singleBuffer [KEEP_FILES [8192, 0]]" classname="com.google.common.jimfs.RegularFileTest$RegularFileTestRunner" time="0.0"/>
  <testcase name="testNonEmpty_write_partial_fromStart_multipleBuffers [KEEP_FILES [8192, 0]]" classname="com.google.common.jimfs.RegularFileTest$RegularFileTestRunner" time="0.0"/>
  <testcase name="testNonEmpty_write_partial_fromMiddle_multipleBuffers [KEEP_FILES [8192, 0]]" classname="com.google.common.jimfs.RegularFileTest$RegularFileTestRunner" time="0.0"/>
  <testcase name="testNonEmpty_write_partial_fromBeforeEnd_multipleBuffers [KEEP_FILES [8192, 0]]" classname="com.google.common.jimfs.RegularFileTest$RegularFileTestRunner" time="0.0"/>
  <testcase name="testNonEmpty_write_partial_fromEnd_multipleBuffers [KEEP_FILES [8192, 0]]" classname="com.google.common.jimfs.RegularFileTest$RegularFileTestRunner" time="0.0"/>
  <testcase name="testNonEmpty_write_partial_fromPastEnd_multipleBuffers [KEEP_FILES [8192, 0]]" classname="com.google.common.jimfs.RegularFileTest$RegularFileTestRunner" time="0.0"/>
  <testcase name="testNonEmpty_write_overwrite_sameLength [KEEP_FILES [8192, 0]]" classname="com.google.common.jimfs.RegularFileTest$RegularFileTestRunner" time="0.0"/>
  <testcase name="testNonEmpty_write_overwrite_greaterLength [KEEP_FILES [8192, 0]]" classname="com.google.common.jimfs.RegularFileTest$RegularFileTestRunner" time="0.0"/>
  <testcase name="testNonEmpty_transferTo_fromStart_countEqualsSize [KEEP_FILES [8192, 0]]" classname="com.google.common.jimfs.RegularFileTest$RegularFileTestRunner" time="0.0"/>
  <testcase name="testNonEmpty_transferTo_fromStart_countLessThanSize [KEEP_FILES [8192, 0]]" classname="com.google.common.jimfs.RegularFileTest$RegularFileTestRunner" time="0.0"/>
  <testcase name="testNonEmpty_transferTo_fromMiddle_countEqualsSize [KEEP_FILES [8192, 0]]" classname="com.google.common.jimfs.RegularFileTest$RegularFileTestRunner" time="0.0"/>
  <testcase name="testNonEmpty_transferTo_fromMiddle_countLessThanSize [KEEP_FILES [8192, 0]]" classname="com.google.common.jimfs.RegularFileTest$RegularFileTestRunner" time="0.0"/>
  <testcase name="testNonEmpty_transferFrom_toStart_countEqualsSrcSize [KEEP_FILES [8192, 0]]" classname="com.google.common.jimfs.RegularFileTest$RegularFileTestRunner" time="0.0"/>
  <testcase name="testNonEmpty_transferFrom_toStart_countLessThanSrcSize [KEEP_FILES [8192, 0]]" classname="com.google.common.jimfs.RegularFileTest$RegularFileTestRunner" time="0.0"/>
  <testcase name="testNonEmpty_transferFrom_toStart_countGreaterThanSrcSize [KEEP_FILES [8192, 0]]" classname="com.google.common.jimfs.RegularFileTest$RegularFileTestRunner" time="0.0"/>
  <testcase name="testNonEmpty_transferFrom_toMiddle_countEqualsSrcSize [KEEP_FILES [8192, 0]]" classname="com.google.common.jimfs.RegularFileTest$RegularFileTestRunner" time="0.0"/>
  <testcase name="testNonEmpty_transferFrom_toMiddle_countLessThanSrcSize [KEEP_FILES [8192, 0]]" classname="com.google.common.jimfs.RegularFileTest$RegularFileTestRunner" time="0.0"/>
  <testcase name="testNonEmpty_transferFrom_toMiddle_countGreaterThanSrcSize [KEEP_FILES [8192, 0]]" classname="com.google.common.jimfs.RegularFileTest$RegularFileTestRunner" time="0.0"/>
  <testcase name="testNonEmpty_transferFrom_toMiddle_transferGoesBeyondContentSize [KEEP_FILES [8192, 0]]" classname="com.google.common.jimfs.RegularFileTest$RegularFileTestRunner" time="0.0"/>
  <testcase name="testNonEmpty_transferFrom_toEnd [KEEP_FILES [8192, 0]]" classname="com.google.common.jimfs.RegularFileTest$RegularFileTestRunner" time="0.0"/>
  <testcase name="testNonEmpty_transferFrom_positionGreaterThanSize [KEEP_FILES [8192, 0]]" classname="com.google.common.jimfs.RegularFileTest$RegularFileTestRunner" time="0.0"/>
  <testcase name="testNonEmpty_transferFrom_hugeOverestimateCount [KEEP_FILES [8192, 0]]" classname="com.google.common.jimfs.RegularFileTest$RegularFileTestRunner" time="0.0"/>
  <testcase name="testNonEmpty_copy [KEEP_FILES [8192, 0]]" classname="com.google.common.jimfs.RegularFileTest$RegularFileTestRunner" time="0.0"/>
  <testcase name="testNonEmpty_copy_multipleTimes [KEEP_FILES [8192, 0]]" classname="com.google.common.jimfs.RegularFileTest$RegularFileTestRunner" time="0.0"/>
  <testcase name="testNonEmpty_truncate_toZero [KEEP_FILES [8192, 0]]" classname="com.google.common.jimfs.RegularFileTest$RegularFileTestRunner" time="0.0"/>
  <testcase name="testNonEmpty_truncate_partial [KEEP_FILES [8192, 0]]" classname="com.google.common.jimfs.RegularFileTest$RegularFileTestRunner" time="0.0"/>
  <testcase name="testNonEmpty_truncate_sizeUp [KEEP_FILES [8192, 0]]" classname="com.google.common.jimfs.RegularFileTest$RegularFileTestRunner" time="0.0"/>
  <testcase name="testDeletedStoreRemainsUsableWhileOpen [KEEP_FILES [8192, 0]]" classname="com.google.common.jimfs.RegularFileTest$RegularFileTestRunner" time="0.0"/>
  <testcase name="testEmpty_write_singleByte_atNonZeroPosition [KEEP_FILES [8192, -1]]" classname="com.google.common.jimfs.RegularFileTest$RegularFileTestRunner" time="0.0"/>
  <testcase name="testNonEmpty_write_partial_fromBeforeEnd_singleBuffer [KEEP_FILES [8192, -1]]" classname="com.google.common.jimfs.RegularFileTest$RegularFileTestRunner" time="0.0"/>
  <testcase name="testEmpty_transferFrom_positionGreaterThanSize_countLessThanSrcSize [KEEP_FILES [8192, -1]]" classname="com.google.common.jimfs.RegularFileTest$RegularFileTestRunner" time="0.0"/>
  <testcase name="testEmpty_write_singleByte_atStart [KEEP_FILES [8192, -1]]" classname="com.google.common.jimfs.RegularFileTest$RegularFileTestRunner" time="0.0"/>
  <testcase name="testEmpty_write_byteArray_atStart [KEEP_FILES [8192, -1]]" classname="com.google.common.jimfs.RegularFileTest$RegularFileTestRunner" time="0.0"/>
  <testcase name="testEmpty_write_singleBuffer_atNonZeroPosition [KEEP_FILES [8192, -1]]" classname="com.google.common.jimfs.RegularFileTest$RegularFileTestRunner" time="0.0"/>
  <testcase name="testEmpty_write_multipleBuffers_atNonZeroPosition [KEEP_FILES [8192, -1]]" classname="com.google.common.jimfs.RegularFileTest$RegularFileTestRunner" time="0.0"/>
  <testcase name="testEmpty_write_noBytesArray_atStart [KEEP_FILES [8192, -1]]" classname="com.google.common.jimfs.RegularFileTest$RegularFileTestRunner" time="0.0"/>
  <testcase name="testEmpty_write_noBytesArray_atNonZeroPosition [KEEP_FILES [8192, -1]]" classname="com.google.common.jimfs.RegularFileTest$RegularFileTestRunner" time="0.0"/>
  <testcase name="testEmpty_write_noBytesBuffer_atStart [KEEP_FILES [8192, -1]]" classname="com.google.common.jimfs.RegularFileTest$RegularFileTestRunner" time="0.0"/>
  <testcase name="testEmpty_write_noBytesBuffer_atNonZeroPosition [KEEP_FILES [8192, -1]]" classname="com.google.common.jimfs.RegularFileTest$RegularFileTestRunner" time="0.0"/>
  <testcase name="testEmpty_write_noBytesBuffers_atStart [KEEP_FILES [8192, -1]]" classname="com.google.common.jimfs.RegularFileTest$RegularFileTestRunner" time="0.0"/>
  <testcase name="testEmpty_write_noBytesBuffers_atNonZeroPosition [KEEP_FILES [8192, -1]]" classname="com.google.common.jimfs.RegularFileTest$RegularFileTestRunner" time="0.0"/>
  <testcase name="testEmpty_transferFrom_fromStart_countEqualsSrcSize [KEEP_FILES [8192, -1]]" classname="com.google.common.jimfs.RegularFileTest$RegularFileTestRunner" time="0.0"/>
  <testcase name="testEmpty_transferFrom_fromStart_countLessThanSrcSize [KEEP_FILES [8192, -1]]" classname="com.google.common.jimfs.RegularFileTest$RegularFileTestRunner" time="0.0"/>
  <testcase name="testEmpty_transferFrom_fromStart_countGreaterThanSrcSize [KEEP_FILES [8192, -1]]" classname="com.google.common.jimfs.RegularFileTest$RegularFileTestRunner" time="0.0"/>
  <testcase name="testEmpty_transferFrom_positionGreaterThanSize [KEEP_FILES [8192, -1]]" classname="com.google.common.jimfs.RegularFileTest$RegularFileTestRunner" time="0.0"/>
  <testcase name="testEmpty_transferFrom_positionGreaterThanSize_countEqualsSrcSize [KEEP_FILES [8192, -1]]" classname="com.google.common.jimfs.RegularFileTest$RegularFileTestRunner" time="0.0"/>
  <testcase name="testEmpty_transferFrom_fromStart_noBytes_countEqualsSrcSize [KEEP_FILES [8192, -1]]" classname="com.google.common.jimfs.RegularFileTest$RegularFileTestRunner" time="0.0"/>
  <testcase name="testEmpty_transferFrom_fromStart_noBytes_countGreaterThanSrcSize [KEEP_FILES [8192, -1]]" classname="com.google.common.jimfs.RegularFileTest$RegularFileTestRunner" time="0.0"/>
  <testcase name="testEmpty_transferFrom_postionGreaterThanSrcSize_noBytes_countEqualsSrcSize [KEEP_FILES [8192, -1]]" classname="com.google.common.jimfs.RegularFileTest$RegularFileTestRunner" time="0.0"/>
  <testcase name="testEmpty_transferFrom_postionGreaterThanSrcSize_noBytes_countGreaterThanSrcSize [KEEP_FILES [8192, -1]]" classname="com.google.common.jimfs.RegularFileTest$RegularFileTestRunner" time="0.0"/>
  <testcase name="testEmpty_transferTo [KEEP_FILES [8192, -1]]" classname="com.google.common.jimfs.RegularFileTest$RegularFileTestRunner" time="0.0"/>
  <testcase name="testEmpty_copy [KEEP_FILES [8192, -1]]" classname="com.google.common.jimfs.RegularFileTest$RegularFileTestRunner" time="0.0"/>
  <testcase name="testEmpty_truncate_toZero [KEEP_FILES [8192, -1]]" classname="com.google.common.jimfs.RegularFileTest$RegularFileTestRunner" time="0.0"/>
  <testcase name="testEmpty_truncate_sizeUp [KEEP_FILES [8192, -1]]" classname="com.google.common.jimfs.RegularFileTest$RegularFileTestRunner" time="0.0"/>
  <testcase name="testNonEmpty [KEEP_FILES [8192, -1]]" classname="com.google.common.jimfs.RegularFileTest$RegularFileTestRunner" time="0.0"/>
  <testcase name="testNonEmpty_read_singleByte [KEEP_FILES [8192, -1]]" classname="com.google.common.jimfs.RegularFileTest$RegularFileTestRunner" time="0.0"/>
  <testcase name="testNonEmpty_read_all_byteArray [KEEP_FILES [8192, -1]]" classname="com.google.common.jimfs.RegularFileTest$RegularFileTestRunner" time="0.0"/>
  <testcase name="testNonEmpty_read_all_singleBuffer [KEEP_FILES [8192, -1]]" classname="com.google.common.jimfs.RegularFileTest$RegularFileTestRunner" time="0.0"/>
  <testcase name="testNonEmpty_read_all_multipleBuffers [KEEP_FILES [8192, -1]]" classname="com.google.common.jimfs.RegularFileTest$RegularFileTestRunner" time="0.0"/>
  <testcase name="testNonEmpty_read_all_byteArray_largerThanContent [KEEP_FILES [8192, -1]]" classname="com.google.common.jimfs.RegularFileTest$RegularFileTestRunner" time="0.0"/>
  <testcase name="testNonEmpty_read_all_singleBuffer_largerThanContent [KEEP_FILES [8192, -1]]" classname="com.google.common.jimfs.RegularFileTest$RegularFileTestRunner" time="0.0"/>
  <testcase name="testNonEmpty_read_all_multipleBuffers_largerThanContent [KEEP_FILES [8192, -1]]" classname="com.google.common.jimfs.RegularFileTest$RegularFileTestRunner" time="0.0"/>
  <testcase name="testNonEmpty_read_all_multipleBuffers_extraBuffers [KEEP_FILES [8192, -1]]" classname="com.google.common.jimfs.RegularFileTest$RegularFileTestRunner" time="0.0"/>
  <testcase name="testNonEmpty_read_partial_fromStart_byteArray [KEEP_FILES [8192, -1]]" classname="com.google.common.jimfs.RegularFileTest$RegularFileTestRunner" time="0.0"/>
  <testcase name="testNonEmpty_read_partial_fromMiddle_byteArray [KEEP_FILES [8192, -1]]" classname="com.google.common.jimfs.RegularFileTest$RegularFileTestRunner" time="0.0"/>
  <testcase name="testNonEmpty_read_partial_fromEnd_byteArray [KEEP_FILES [8192, -1]]" classname="com.google.common.jimfs.RegularFileTest$RegularFileTestRunner" time="0.0"/>
  <testcase name="testNonEmpty_read_partial_fromStart_singleBuffer [KEEP_FILES [8192, -1]]" classname="com.google.common.jimfs.RegularFileTest$RegularFileTestRunner" time="0.0"/>
  <testcase name="testNonEmpty_read_partial_fromMiddle_singleBuffer [KEEP_FILES [8192, -1]]" classname="com.google.common.jimfs.RegularFileTest$RegularFileTestRunner" time="0.0"/>
  <testcase name="testNonEmpty_read_partial_fromEnd_singleBuffer [KEEP_FILES [8192, -1]]" classname="com.google.common.jimfs.RegularFileTest$RegularFileTestRunner" time="0.0"/>
  <testcase name="testEmpty_write_multipleBuffers_atStart [KEEP_FILES [8192, -1]]" classname="com.google.common.jimfs.RegularFileTest$RegularFileTestRunner" time="0.0"/>
  <testcase name="testEmpty_write_byteArray_atNonZeroPosition [KEEP_FILES [8192, -1]]" classname="com.google.common.jimfs.RegularFileTest$RegularFileTestRunner" time="0.0"/>
  <testcase name="testEmpty_read_singleByte [KEEP_FILES [8192, -1]]" classname="com.google.common.jimfs.RegularFileTest$RegularFileTestRunner" time="0.0"/>
  <testcase name="testEmpty_read_byteArray [KEEP_FILES [8192, -1]]" classname="com.google.common.jimfs.RegularFileTest$RegularFileTestRunner" time="0.0"/>
  <testcase name="testEmpty_read_singleBuffer [KEEP_FILES [8192, -1]]" classname="com.google.common.jimfs.RegularFileTest$RegularFileTestRunner" time="0.0"/>
  <testcase name="testEmpty_read_multipleBuffers [KEEP_FILES [8192, -1]]" classname="com.google.common.jimfs.RegularFileTest$RegularFileTestRunner" time="0.0"/>
  <testcase name="testEmpty_write_partialByteArray_atNonZeroPosition [KEEP_FILES [8192, -1]]" classname="com.google.common.jimfs.RegularFileTest$RegularFileTestRunner" time="0.0"/>
  <testcase name="testEmpty_write_singleBuffer_atStart [KEEP_FILES [8192, -1]]" classname="com.google.common.jimfs.RegularFileTest$RegularFileTestRunner" time="0.0"/>
  <testcase name="testEmpty_write_partialByteArray_atStart [KEEP_FILES [8192, -1]]" classname="com.google.common.jimfs.RegularFileTest$RegularFileTestRunner" time="0.0"/>
  <testcase name="testEmpty_transferFrom_positionGreaterThanSize_countGreaterThanSrcSize [KEEP_FILES [8192, -1]]" classname="com.google.common.jimfs.RegularFileTest$RegularFileTestRunner" time="0.0"/>
  <testcase name="testEmpty [KEEP_FILES [8192, -1]]" classname="com.google.common.jimfs.RegularFileTest$RegularFileTestRunner" time="0.0"/>
  <testcase name="testNonEmpty_read_partial_fromStart_multipleBuffers [KEEP_FILES [8192, -1]]" classname="com.google.common.jimfs.RegularFileTest$RegularFileTestRunner" time="0.0"/>
  <testcase name="testNonEmpty_read_partial_fromMiddle_multipleBuffers [KEEP_FILES [8192, -1]]" classname="com.google.common.jimfs.RegularFileTest$RegularFileTestRunner" time="0.0"/>
  <testcase name="testNonEmpty_read_partial_fromEnd_multipleBuffers [KEEP_FILES [8192, -1]]" classname="com.google.common.jimfs.RegularFileTest$RegularFileTestRunner" time="0.0"/>
  <testcase name="testNonEmpty_read_fromPastEnd_byteArray [KEEP_FILES [8192, -1]]" classname="com.google.common.jimfs.RegularFileTest$RegularFileTestRunner" time="0.0"/>
  <testcase name="testNonEmpty_read_fromPastEnd_singleBuffer [KEEP_FILES [8192, -1]]" classname="com.google.common.jimfs.RegularFileTest$RegularFileTestRunner" time="0.0"/>
  <testcase name="testNonEmpty_read_fromPastEnd_multipleBuffers [KEEP_FILES [8192, -1]]" classname="com.google.common.jimfs.RegularFileTest$RegularFileTestRunner" time="0.0"/>
  <testcase name="testNonEmpty_write_partial_fromStart_singleByte [KEEP_FILES [8192, -1]]" classname="com.google.common.jimfs.RegularFileTest$RegularFileTestRunner" time="0.0"/>
  <testcase name="testNonEmpty_write_partial_fromMiddle_singleByte [KEEP_FILES [8192, -1]]" classname="com.google.common.jimfs.RegularFileTest$RegularFileTestRunner" time="0.0"/>
  <testcase name="testNonEmpty_write_partial_fromEnd_singleByte [KEEP_FILES [8192, -1]]" classname="com.google.common.jimfs.RegularFileTest$RegularFileTestRunner" time="0.0"/>
  <testcase name="testNonEmpty_write_partial_fromStart_byteArray [KEEP_FILES [8192, -1]]" classname="com.google.common.jimfs.RegularFileTest$RegularFileTestRunner" time="0.0"/>
  <testcase name="testNonEmpty_write_partial_fromMiddle_byteArray [KEEP_FILES [8192, -1]]" classname="com.google.common.jimfs.RegularFileTest$RegularFileTestRunner" time="0.0"/>
  <testcase name="testNonEmpty_write_partial_fromBeforeEnd_byteArray [KEEP_FILES [8192, -1]]" classname="com.google.common.jimfs.RegularFileTest$RegularFileTestRunner" time="0.0"/>
  <testcase name="testNonEmpty_write_partial_fromEnd_byteArray [KEEP_FILES [8192, -1]]" classname="com.google.common.jimfs.RegularFileTest$RegularFileTestRunner" time="0.0"/>
  <testcase name="testNonEmpty_write_partial_fromPastEnd_byteArray [KEEP_FILES [8192, -1]]" classname="com.google.common.jimfs.RegularFileTest$RegularFileTestRunner" time="0.0"/>
  <testcase name="testNonEmpty_write_partial_fromStart_singleBuffer [KEEP_FILES [8192, -1]]" classname="com.google.common.jimfs.RegularFileTest$RegularFileTestRunner" time="0.0"/>
  <testcase name="testNonEmpty_write_partial_fromMiddle_singleBuffer [KEEP_FILES [8192, -1]]" classname="com.google.common.jimfs.RegularFileTest$RegularFileTestRunner" time="0.0"/>
  <testcase name="testNonEmpty_write_partial_fromEnd_singleBuffer [KEEP_FILES [8192, -1]]" classname="com.google.common.jimfs.RegularFileTest$RegularFileTestRunner" time="0.001"/>
  <testcase name="testNonEmpty_write_partial_fromPastEnd_singleBuffer [KEEP_FILES [8192, -1]]" classname="com.google.common.jimfs.RegularFileTest$RegularFileTestRunner" time="0.0"/>
  <testcase name="testNonEmpty_write_partial_fromStart_multipleBuffers [KEEP_FILES [8192, -1]]" classname="com.google.common.jimfs.RegularFileTest$RegularFileTestRunner" time="0.0"/>
  <testcase name="testNonEmpty_write_partial_fromMiddle_multipleBuffers [KEEP_FILES [8192, -1]]" classname="com.google.common.jimfs.RegularFileTest$RegularFileTestRunner" time="0.0"/>
  <testcase name="testNonEmpty_write_partial_fromBeforeEnd_multipleBuffers [KEEP_FILES [8192, -1]]" classname="com.google.common.jimfs.RegularFileTest$RegularFileTestRunner" time="0.0"/>
  <testcase name="testNonEmpty_write_partial_fromEnd_multipleBuffers [KEEP_FILES [8192, -1]]" classname="com.google.common.jimfs.RegularFileTest$RegularFileTestRunner" time="0.0"/>
  <testcase name="testNonEmpty_write_partial_fromPastEnd_multipleBuffers [KEEP_FILES [8192, -1]]" classname="com.google.common.jimfs.RegularFileTest$RegularFileTestRunner" time="0.0"/>
  <testcase name="testNonEmpty_write_overwrite_sameLength [KEEP_FILES [8192, -1]]" classname="com.google.common.jimfs.RegularFileTest$RegularFileTestRunner" time="0.0"/>
  <testcase name="testNonEmpty_write_overwrite_greaterLength [KEEP_FILES [8192, -1]]" classname="com.google.common.jimfs.RegularFileTest$RegularFileTestRunner" time="0.0"/>
  <testcase name="testNonEmpty_transferTo_fromStart_countEqualsSize [KEEP_FILES [8192, -1]]" classname="com.google.common.jimfs.RegularFileTest$RegularFileTestRunner" time="0.0"/>
  <testcase name="testNonEmpty_transferTo_fromStart_countLessThanSize [KEEP_FILES [8192, -1]]" classname="com.google.common.jimfs.RegularFileTest$RegularFileTestRunner" time="0.0"/>
  <testcase name="testNonEmpty_transferTo_fromMiddle_countEqualsSize [KEEP_FILES [8192, -1]]" classname="com.google.common.jimfs.RegularFileTest$RegularFileTestRunner" time="0.003"/>
  <testcase name="testNonEmpty_transferTo_fromMiddle_countLessThanSize [KEEP_FILES [8192, -1]]" classname="com.google.common.jimfs.RegularFileTest$RegularFileTestRunner" time="0.0"/>
  <testcase name="testNonEmpty_transferFrom_toStart_countEqualsSrcSize [KEEP_FILES [8192, -1]]" classname="com.google.common.jimfs.RegularFileTest$RegularFileTestRunner" time="0.0"/>
  <testcase name="testNonEmpty_transferFrom_toStart_countLessThanSrcSize [KEEP_FILES [8192, -1]]" classname="com.google.common.jimfs.RegularFileTest$RegularFileTestRunner" time="0.0"/>
  <testcase name="testNonEmpty_transferFrom_toStart_countGreaterThanSrcSize [KEEP_FILES [8192, -1]]" classname="com.google.common.jimfs.RegularFileTest$RegularFileTestRunner" time="0.0"/>
  <testcase name="testNonEmpty_transferFrom_toMiddle_countEqualsSrcSize [KEEP_FILES [8192, -1]]" classname="com.google.common.jimfs.RegularFileTest$RegularFileTestRunner" time="0.0"/>
  <testcase name="testNonEmpty_transferFrom_toMiddle_countLessThanSrcSize [KEEP_FILES [8192, -1]]" classname="com.google.common.jimfs.RegularFileTest$RegularFileTestRunner" time="0.0"/>
  <testcase name="testNonEmpty_transferFrom_toMiddle_countGreaterThanSrcSize [KEEP_FILES [8192, -1]]" classname="com.google.common.jimfs.RegularFileTest$RegularFileTestRunner" time="0.0"/>
  <testcase name="testNonEmpty_transferFrom_toMiddle_transferGoesBeyondContentSize [KEEP_FILES [8192, -1]]" classname="com.google.common.jimfs.RegularFileTest$RegularFileTestRunner" time="0.0"/>
  <testcase name="testNonEmpty_transferFrom_toEnd [KEEP_FILES [8192, -1]]" classname="com.google.common.jimfs.RegularFileTest$RegularFileTestRunner" time="0.0"/>
  <testcase name="testNonEmpty_transferFrom_positionGreaterThanSize [KEEP_FILES [8192, -1]]" classname="com.google.common.jimfs.RegularFileTest$RegularFileTestRunner" time="0.0"/>
  <testcase name="testNonEmpty_transferFrom_hugeOverestimateCount [KEEP_FILES [8192, -1]]" classname="com.google.common.jimfs.RegularFileTest$RegularFileTestRunner" time="0.0"/>
  <testcase name="testNonEmpty_copy [KEEP_FILES [8192, -1]]" classname="com.google.common.jimfs.RegularFileTest$RegularFileTestRunner" time="0.0"/>
  <testcase name="testNonEmpty_copy_multipleTimes [KEEP_FILES [8192, -1]]" classname="com.google.common.jimfs.RegularFileTest$RegularFileTestRunner" time="0.0"/>
  <testcase name="testNonEmpty_truncate_toZero [KEEP_FILES [8192, -1]]" classname="com.google.common.jimfs.RegularFileTest$RegularFileTestRunner" time="0.0"/>
  <testcase name="testNonEmpty_truncate_partial [KEEP_FILES [8192, -1]]" classname="com.google.common.jimfs.RegularFileTest$RegularFileTestRunner" time="0.0"/>
  <testcase name="testNonEmpty_truncate_sizeUp [KEEP_FILES [8192, -1]]" classname="com.google.common.jimfs.RegularFileTest$RegularFileTestRunner" time="0.0"/>
  <testcase name="testDeletedStoreRemainsUsableWhileOpen [KEEP_FILES [8192, -1]]" classname="com.google.common.jimfs.RegularFileTest$RegularFileTestRunner" time="0.0"/>
  <testcase name="testEmpty_write_singleByte_atNonZeroPosition [DELETE_FILES [2, 0]]" classname="com.google.common.jimfs.RegularFileTest$RegularFileTestRunner" time="0.0"/>
  <testcase name="testNonEmpty_write_partial_fromBeforeEnd_singleBuffer [DELETE_FILES [2, 0]]" classname="com.google.common.jimfs.RegularFileTest$RegularFileTestRunner" time="0.0"/>
  <testcase name="testEmpty_transferFrom_positionGreaterThanSize_countLessThanSrcSize [DELETE_FILES [2, 0]]" classname="com.google.common.jimfs.RegularFileTest$RegularFileTestRunner" time="0.0"/>
  <testcase name="testEmpty_write_singleByte_atStart [DELETE_FILES [2, 0]]" classname="com.google.common.jimfs.RegularFileTest$RegularFileTestRunner" time="0.0"/>
  <testcase name="testEmpty_write_byteArray_atStart [DELETE_FILES [2, 0]]" classname="com.google.common.jimfs.RegularFileTest$RegularFileTestRunner" time="0.0"/>
  <testcase name="testEmpty_write_singleBuffer_atNonZeroPosition [DELETE_FILES [2, 0]]" classname="com.google.common.jimfs.RegularFileTest$RegularFileTestRunner" time="0.0"/>
  <testcase name="testEmpty_write_multipleBuffers_atNonZeroPosition [DELETE_FILES [2, 0]]" classname="com.google.common.jimfs.RegularFileTest$RegularFileTestRunner" time="0.0"/>
  <testcase name="testEmpty_write_noBytesArray_atStart [DELETE_FILES [2, 0]]" classname="com.google.common.jimfs.RegularFileTest$RegularFileTestRunner" time="0.0"/>
  <testcase name="testEmpty_write_noBytesArray_atNonZeroPosition [DELETE_FILES [2, 0]]" classname="com.google.common.jimfs.RegularFileTest$RegularFileTestRunner" time="0.0"/>
  <testcase name="testEmpty_write_noBytesBuffer_atStart [DELETE_FILES [2, 0]]" classname="com.google.common.jimfs.RegularFileTest$RegularFileTestRunner" time="0.0"/>
  <testcase name="testEmpty_write_noBytesBuffer_atNonZeroPosition [DELETE_FILES [2, 0]]" classname="com.google.common.jimfs.RegularFileTest$RegularFileTestRunner" time="0.0"/>
  <testcase name="testEmpty_write_noBytesBuffers_atStart [DELETE_FILES [2, 0]]" classname="com.google.common.jimfs.RegularFileTest$RegularFileTestRunner" time="0.0"/>
  <testcase name="testEmpty_write_noBytesBuffers_atNonZeroPosition [DELETE_FILES [2, 0]]" classname="com.google.common.jimfs.RegularFileTest$RegularFileTestRunner" time="0.0"/>
  <testcase name="testEmpty_transferFrom_fromStart_countEqualsSrcSize [DELETE_FILES [2, 0]]" classname="com.google.common.jimfs.RegularFileTest$RegularFileTestRunner" time="0.0"/>
  <testcase name="testEmpty_transferFrom_fromStart_countLessThanSrcSize [DELETE_FILES [2, 0]]" classname="com.google.common.jimfs.RegularFileTest$RegularFileTestRunner" time="0.0"/>
  <testcase name="testEmpty_transferFrom_fromStart_countGreaterThanSrcSize [DELETE_FILES [2, 0]]" classname="com.google.common.jimfs.RegularFileTest$RegularFileTestRunner" time="0.0"/>
  <testcase name="testEmpty_transferFrom_positionGreaterThanSize [DELETE_FILES [2, 0]]" classname="com.google.common.jimfs.RegularFileTest$RegularFileTestRunner" time="0.0"/>
  <testcase name="testEmpty_transferFrom_positionGreaterThanSize_countEqualsSrcSize [DELETE_FILES [2, 0]]" classname="com.google.common.jimfs.RegularFileTest$RegularFileTestRunner" time="0.0"/>
  <testcase name="testEmpty_transferFrom_fromStart_noBytes_countEqualsSrcSize [DELETE_FILES [2, 0]]" classname="com.google.common.jimfs.RegularFileTest$RegularFileTestRunner" time="0.0"/>
  <testcase name="testEmpty_transferFrom_fromStart_noBytes_countGreaterThanSrcSize [DELETE_FILES [2, 0]]" classname="com.google.common.jimfs.RegularFileTest$RegularFileTestRunner" time="0.0"/>
  <testcase name="testEmpty_transferFrom_postionGreaterThanSrcSize_noBytes_countEqualsSrcSize [DELETE_FILES [2, 0]]" classname="com.google.common.jimfs.RegularFileTest$RegularFileTestRunner" time="0.0"/>
  <testcase name="testEmpty_transferFrom_postionGreaterThanSrcSize_noBytes_countGreaterThanSrcSize [DELETE_FILES [2, 0]]" classname="com.google.common.jimfs.RegularFileTest$RegularFileTestRunner" time="0.0"/>
  <testcase name="testEmpty_transferTo [DELETE_FILES [2, 0]]" classname="com.google.common.jimfs.RegularFileTest$RegularFileTestRunner" time="0.0"/>
  <testcase name="testEmpty_copy [DELETE_FILES [2, 0]]" classname="com.google.common.jimfs.RegularFileTest$RegularFileTestRunner" time="0.0"/>
  <testcase name="testEmpty_truncate_toZero [DELETE_FILES [2, 0]]" classname="com.google.common.jimfs.RegularFileTest$RegularFileTestRunner" time="0.0"/>
  <testcase name="testEmpty_truncate_sizeUp [DELETE_FILES [2, 0]]" classname="com.google.common.jimfs.RegularFileTest$RegularFileTestRunner" time="0.0"/>
  <testcase name="testNonEmpty [DELETE_FILES [2, 0]]" classname="com.google.common.jimfs.RegularFileTest$RegularFileTestRunner" time="0.0"/>
  <testcase name="testNonEmpty_read_singleByte [DELETE_FILES [2, 0]]" classname="com.google.common.jimfs.RegularFileTest$RegularFileTestRunner" time="0.0"/>
  <testcase name="testNonEmpty_read_all_byteArray [DELETE_FILES [2, 0]]" classname="com.google.common.jimfs.RegularFileTest$RegularFileTestRunner" time="0.0"/>
  <testcase name="testNonEmpty_read_all_singleBuffer [DELETE_FILES [2, 0]]" classname="com.google.common.jimfs.RegularFileTest$RegularFileTestRunner" time="0.0"/>
  <testcase name="testNonEmpty_read_all_multipleBuffers [DELETE_FILES [2, 0]]" classname="com.google.common.jimfs.RegularFileTest$RegularFileTestRunner" time="0.0"/>
  <testcase name="testNonEmpty_read_all_byteArray_largerThanContent [DELETE_FILES [2, 0]]" classname="com.google.common.jimfs.RegularFileTest$RegularFileTestRunner" time="0.0"/>
  <testcase name="testNonEmpty_read_all_singleBuffer_largerThanContent [DELETE_FILES [2, 0]]" classname="com.google.common.jimfs.RegularFileTest$RegularFileTestRunner" time="0.0"/>
  <testcase name="testNonEmpty_read_all_multipleBuffers_largerThanContent [DELETE_FILES [2, 0]]" classname="com.google.common.jimfs.RegularFileTest$RegularFileTestRunner" time="0.0"/>
  <testcase name="testNonEmpty_read_all_multipleBuffers_extraBuffers [DELETE_FILES [2, 0]]" classname="com.google.common.jimfs.RegularFileTest$RegularFileTestRunner" time="0.0"/>
  <testcase name="testNonEmpty_read_partial_fromStart_byteArray [DELETE_FILES [2, 0]]" classname="com.google.common.jimfs.RegularFileTest$RegularFileTestRunner" time="0.0"/>
  <testcase name="testNonEmpty_read_partial_fromMiddle_byteArray [DELETE_FILES [2, 0]]" classname="com.google.common.jimfs.RegularFileTest$RegularFileTestRunner" time="0.0"/>
  <testcase name="testNonEmpty_read_partial_fromEnd_byteArray [DELETE_FILES [2, 0]]" classname="com.google.common.jimfs.RegularFileTest$RegularFileTestRunner" time="0.0"/>
  <testcase name="testNonEmpty_read_partial_fromStart_singleBuffer [DELETE_FILES [2, 0]]" classname="com.google.common.jimfs.RegularFileTest$RegularFileTestRunner" time="0.0"/>
  <testcase name="testNonEmpty_read_partial_fromMiddle_singleBuffer [DELETE_FILES [2, 0]]" classname="com.google.common.jimfs.RegularFileTest$RegularFileTestRunner" time="0.0"/>
  <testcase name="testNonEmpty_read_partial_fromEnd_singleBuffer [DELETE_FILES [2, 0]]" classname="com.google.common.jimfs.RegularFileTest$RegularFileTestRunner" time="0.0"/>
  <testcase name="testEmpty_write_multipleBuffers_atStart [DELETE_FILES [2, 0]]" classname="com.google.common.jimfs.RegularFileTest$RegularFileTestRunner" time="0.0"/>
  <testcase name="testEmpty_write_byteArray_atNonZeroPosition [DELETE_FILES [2, 0]]" classname="com.google.common.jimfs.RegularFileTest$RegularFileTestRunner" time="0.0"/>
  <testcase name="testEmpty_read_singleByte [DELETE_FILES [2, 0]]" classname="com.google.common.jimfs.RegularFileTest$RegularFileTestRunner" time="0.0"/>
  <testcase name="testEmpty_read_byteArray [DELETE_FILES [2, 0]]" classname="com.google.common.jimfs.RegularFileTest$RegularFileTestRunner" time="0.0"/>
  <testcase name="testEmpty_read_singleBuffer [DELETE_FILES [2, 0]]" classname="com.google.common.jimfs.RegularFileTest$RegularFileTestRunner" time="0.0"/>
  <testcase name="testEmpty_read_multipleBuffers [DELETE_FILES [2, 0]]" classname="com.google.common.jimfs.RegularFileTest$RegularFileTestRunner" time="0.0"/>
  <testcase name="testEmpty_write_partialByteArray_atNonZeroPosition [DELETE_FILES [2, 0]]" classname="com.google.common.jimfs.RegularFileTest$RegularFileTestRunner" time="0.0"/>
  <testcase name="testEmpty_write_singleBuffer_atStart [DELETE_FILES [2, 0]]" classname="com.google.common.jimfs.RegularFileTest$RegularFileTestRunner" time="0.0"/>
  <testcase name="testEmpty_write_partialByteArray_atStart [DELETE_FILES [2, 0]]" classname="com.google.common.jimfs.RegularFileTest$RegularFileTestRunner" time="0.0"/>
  <testcase name="testEmpty_transferFrom_positionGreaterThanSize_countGreaterThanSrcSize [DELETE_FILES [2, 0]]" classname="com.google.common.jimfs.RegularFileTest$RegularFileTestRunner" time="0.0"/>
  <testcase name="testEmpty [DELETE_FILES [2, 0]]" classname="com.google.common.jimfs.RegularFileTest$RegularFileTestRunner" time="0.0"/>
  <testcase name="testNonEmpty_read_partial_fromStart_multipleBuffers [DELETE_FILES [2, 0]]" classname="com.google.common.jimfs.RegularFileTest$RegularFileTestRunner" time="0.0"/>
  <testcase name="testNonEmpty_read_partial_fromMiddle_multipleBuffers [DELETE_FILES [2, 0]]" classname="com.google.common.jimfs.RegularFileTest$RegularFileTestRunner" time="0.0"/>
  <testcase name="testNonEmpty_read_partial_fromEnd_multipleBuffers [DELETE_FILES [2, 0]]" classname="com.google.common.jimfs.RegularFileTest$RegularFileTestRunner" time="0.0"/>
  <testcase name="testNonEmpty_read_fromPastEnd_byteArray [DELETE_FILES [2, 0]]" classname="com.google.common.jimfs.RegularFileTest$RegularFileTestRunner" time="0.0"/>
  <testcase name="testNonEmpty_read_fromPastEnd_singleBuffer [DELETE_FILES [2, 0]]" classname="com.google.common.jimfs.RegularFileTest$RegularFileTestRunner" time="0.0"/>
  <testcase name="testNonEmpty_read_fromPastEnd_multipleBuffers [DELETE_FILES [2, 0]]" classname="com.google.common.jimfs.RegularFileTest$RegularFileTestRunner" time="0.0"/>
  <testcase name="testNonEmpty_write_partial_fromStart_singleByte [DELETE_FILES [2, 0]]" classname="com.google.common.jimfs.RegularFileTest$RegularFileTestRunner" time="0.0"/>
  <testcase name="testNonEmpty_write_partial_fromMiddle_singleByte [DELETE_FILES [2, 0]]" classname="com.google.common.jimfs.RegularFileTest$RegularFileTestRunner" time="0.0"/>
  <testcase name="testNonEmpty_write_partial_fromEnd_singleByte [DELETE_FILES [2, 0]]" classname="com.google.common.jimfs.RegularFileTest$RegularFileTestRunner" time="0.0"/>
  <testcase name="testNonEmpty_write_partial_fromStart_byteArray [DELETE_FILES [2, 0]]" classname="com.google.common.jimfs.RegularFileTest$RegularFileTestRunner" time="0.0"/>
  <testcase name="testNonEmpty_write_partial_fromMiddle_byteArray [DELETE_FILES [2, 0]]" classname="com.google.common.jimfs.RegularFileTest$RegularFileTestRunner" time="0.0"/>
  <testcase name="testNonEmpty_write_partial_fromBeforeEnd_byteArray [DELETE_FILES [2, 0]]" classname="com.google.common.jimfs.RegularFileTest$RegularFileTestRunner" time="0.0"/>
  <testcase name="testNonEmpty_write_partial_fromEnd_byteArray [DELETE_FILES [2, 0]]" classname="com.google.common.jimfs.RegularFileTest$RegularFileTestRunner" time="0.0"/>
  <testcase name="testNonEmpty_write_partial_fromPastEnd_byteArray [DELETE_FILES [2, 0]]" classname="com.google.common.jimfs.RegularFileTest$RegularFileTestRunner" time="0.0"/>
  <testcase name="testNonEmpty_write_partial_fromStart_singleBuffer [DELETE_FILES [2, 0]]" classname="com.google.common.jimfs.RegularFileTest$RegularFileTestRunner" time="0.0"/>
  <testcase name="testNonEmpty_write_partial_fromMiddle_singleBuffer [DELETE_FILES [2, 0]]" classname="com.google.common.jimfs.RegularFileTest$RegularFileTestRunner" time="0.0"/>
  <testcase name="testNonEmpty_write_partial_fromEnd_singleBuffer [DELETE_FILES [2, 0]]" classname="com.google.common.jimfs.RegularFileTest$RegularFileTestRunner" time="0.0"/>
  <testcase name="testNonEmpty_write_partial_fromPastEnd_singleBuffer [DELETE_FILES [2, 0]]" classname="com.google.common.jimfs.RegularFileTest$RegularFileTestRunner" time="0.0"/>
  <testcase name="testNonEmpty_write_partial_fromStart_multipleBuffers [DELETE_FILES [2, 0]]" classname="com.google.common.jimfs.RegularFileTest$RegularFileTestRunner" time="0.0"/>
  <testcase name="testNonEmpty_write_partial_fromMiddle_multipleBuffers [DELETE_FILES [2, 0]]" classname="com.google.common.jimfs.RegularFileTest$RegularFileTestRunner" time="0.0"/>
  <testcase name="testNonEmpty_write_partial_fromBeforeEnd_multipleBuffers [DELETE_FILES [2, 0]]" classname="com.google.common.jimfs.RegularFileTest$RegularFileTestRunner" time="0.0"/>
  <testcase name="testNonEmpty_write_partial_fromEnd_multipleBuffers [DELETE_FILES [2, 0]]" classname="com.google.common.jimfs.RegularFileTest$RegularFileTestRunner" time="0.0"/>
  <testcase name="testNonEmpty_write_partial_fromPastEnd_multipleBuffers [DELETE_FILES [2, 0]]" classname="com.google.common.jimfs.RegularFileTest$RegularFileTestRunner" time="0.0"/>
  <testcase name="testNonEmpty_write_overwrite_sameLength [DELETE_FILES [2, 0]]" classname="com.google.common.jimfs.RegularFileTest$RegularFileTestRunner" time="0.0"/>
  <testcase name="testNonEmpty_write_overwrite_greaterLength [DELETE_FILES [2, 0]]" classname="com.google.common.jimfs.RegularFileTest$RegularFileTestRunner" time="0.0"/>
  <testcase name="testNonEmpty_transferTo_fromStart_countEqualsSize [DELETE_FILES [2, 0]]" classname="com.google.common.jimfs.RegularFileTest$RegularFileTestRunner" time="0.0"/>
  <testcase name="testNonEmpty_transferTo_fromStart_countLessThanSize [DELETE_FILES [2, 0]]" classname="com.google.common.jimfs.RegularFileTest$RegularFileTestRunner" time="0.0"/>
  <testcase name="testNonEmpty_transferTo_fromMiddle_countEqualsSize [DELETE_FILES [2, 0]]" classname="com.google.common.jimfs.RegularFileTest$RegularFileTestRunner" time="0.0"/>
  <testcase name="testNonEmpty_transferTo_fromMiddle_countLessThanSize [DELETE_FILES [2, 0]]" classname="com.google.common.jimfs.RegularFileTest$RegularFileTestRunner" time="0.0"/>
  <testcase name="testNonEmpty_transferFrom_toStart_countEqualsSrcSize [DELETE_FILES [2, 0]]" classname="com.google.common.jimfs.RegularFileTest$RegularFileTestRunner" time="0.0"/>
  <testcase name="testNonEmpty_transferFrom_toStart_countLessThanSrcSize [DELETE_FILES [2, 0]]" classname="com.google.common.jimfs.RegularFileTest$RegularFileTestRunner" time="0.0"/>
  <testcase name="testNonEmpty_transferFrom_toStart_countGreaterThanSrcSize [DELETE_FILES [2, 0]]" classname="com.google.common.jimfs.RegularFileTest$RegularFileTestRunner" time="0.0"/>
  <testcase name="testNonEmpty_transferFrom_toMiddle_countEqualsSrcSize [DELETE_FILES [2, 0]]" classname="com.google.common.jimfs.RegularFileTest$RegularFileTestRunner" time="0.0"/>
  <testcase name="testNonEmpty_transferFrom_toMiddle_countLessThanSrcSize [DELETE_FILES [2, 0]]" classname="com.google.common.jimfs.RegularFileTest$RegularFileTestRunner" time="0.0"/>
  <testcase name="testNonEmpty_transferFrom_toMiddle_countGreaterThanSrcSize [DELETE_FILES [2, 0]]" classname="com.google.common.jimfs.RegularFileTest$RegularFileTestRunner" time="0.0"/>
  <testcase name="testNonEmpty_transferFrom_toMiddle_transferGoesBeyondContentSize [DELETE_FILES [2, 0]]" classname="com.google.common.jimfs.RegularFileTest$RegularFileTestRunner" time="0.0"/>
  <testcase name="testNonEmpty_transferFrom_toEnd [DELETE_FILES [2, 0]]" classname="com.google.common.jimfs.RegularFileTest$RegularFileTestRunner" time="0.0"/>
  <testcase name="testNonEmpty_transferFrom_positionGreaterThanSize [DELETE_FILES [2, 0]]" classname="com.google.common.jimfs.RegularFileTest$RegularFileTestRunner" time="0.0"/>
  <testcase name="testNonEmpty_transferFrom_hugeOverestimateCount [DELETE_FILES [2, 0]]" classname="com.google.common.jimfs.RegularFileTest$RegularFileTestRunner" time="0.0"/>
  <testcase name="testNonEmpty_copy [DELETE_FILES [2, 0]]" classname="com.google.common.jimfs.RegularFileTest$RegularFileTestRunner" time="0.0"/>
  <testcase name="testNonEmpty_copy_multipleTimes [DELETE_FILES [2, 0]]" classname="com.google.common.jimfs.RegularFileTest$RegularFileTestRunner" time="0.0"/>
  <testcase name="testNonEmpty_truncate_toZero [DELETE_FILES [2, 0]]" classname="com.google.common.jimfs.RegularFileTest$RegularFileTestRunner" time="0.0"/>
  <testcase name="testNonEmpty_truncate_partial [DELETE_FILES [2, 0]]" classname="com.google.common.jimfs.RegularFileTest$RegularFileTestRunner" time="0.0"/>
  <testcase name="testNonEmpty_truncate_sizeUp [DELETE_FILES [2, 0]]" classname="com.google.common.jimfs.RegularFileTest$RegularFileTestRunner" time="0.0"/>
  <testcase name="testDeletedStoreRemainsUsableWhileOpen [DELETE_FILES [2, 0]]" classname="com.google.common.jimfs.RegularFileTest$RegularFileTestRunner" time="0.0"/>
  <testcase name="testEmpty_write_singleByte_atNonZeroPosition [DELETE_FILES [2, 4]]" classname="com.google.common.jimfs.RegularFileTest$RegularFileTestRunner" time="0.0"/>
  <testcase name="testNonEmpty_write_partial_fromBeforeEnd_singleBuffer [DELETE_FILES [2, 4]]" classname="com.google.common.jimfs.RegularFileTest$RegularFileTestRunner" time="0.0"/>
  <testcase name="testEmpty_transferFrom_positionGreaterThanSize_countLessThanSrcSize [DELETE_FILES [2, 4]]" classname="com.google.common.jimfs.RegularFileTest$RegularFileTestRunner" time="0.0"/>
  <testcase name="testEmpty_write_singleByte_atStart [DELETE_FILES [2, 4]]" classname="com.google.common.jimfs.RegularFileTest$RegularFileTestRunner" time="0.0"/>
  <testcase name="testEmpty_write_byteArray_atStart [DELETE_FILES [2, 4]]" classname="com.google.common.jimfs.RegularFileTest$RegularFileTestRunner" time="0.0"/>
  <testcase name="testEmpty_write_singleBuffer_atNonZeroPosition [DELETE_FILES [2, 4]]" classname="com.google.common.jimfs.RegularFileTest$RegularFileTestRunner" time="0.0"/>
  <testcase name="testEmpty_write_multipleBuffers_atNonZeroPosition [DELETE_FILES [2, 4]]" classname="com.google.common.jimfs.RegularFileTest$RegularFileTestRunner" time="0.0"/>
  <testcase name="testEmpty_write_noBytesArray_atStart [DELETE_FILES [2, 4]]" classname="com.google.common.jimfs.RegularFileTest$RegularFileTestRunner" time="0.0"/>
  <testcase name="testEmpty_write_noBytesArray_atNonZeroPosition [DELETE_FILES [2, 4]]" classname="com.google.common.jimfs.RegularFileTest$RegularFileTestRunner" time="0.0"/>
  <testcase name="testEmpty_write_noBytesBuffer_atStart [DELETE_FILES [2, 4]]" classname="com.google.common.jimfs.RegularFileTest$RegularFileTestRunner" time="0.0"/>
  <testcase name="testEmpty_write_noBytesBuffer_atNonZeroPosition [DELETE_FILES [2, 4]]" classname="com.google.common.jimfs.RegularFileTest$RegularFileTestRunner" time="0.0"/>
  <testcase name="testEmpty_write_noBytesBuffers_atStart [DELETE_FILES [2, 4]]" classname="com.google.common.jimfs.RegularFileTest$RegularFileTestRunner" time="0.0"/>
  <testcase name="testEmpty_write_noBytesBuffers_atNonZeroPosition [DELETE_FILES [2, 4]]" classname="com.google.common.jimfs.RegularFileTest$RegularFileTestRunner" time="0.0"/>
  <testcase name="testEmpty_transferFrom_fromStart_countEqualsSrcSize [DELETE_FILES [2, 4]]" classname="com.google.common.jimfs.RegularFileTest$RegularFileTestRunner" time="0.0"/>
  <testcase name="testEmpty_transferFrom_fromStart_countLessThanSrcSize [DELETE_FILES [2, 4]]" classname="com.google.common.jimfs.RegularFileTest$RegularFileTestRunner" time="0.0"/>
  <testcase name="testEmpty_transferFrom_fromStart_countGreaterThanSrcSize [DELETE_FILES [2, 4]]" classname="com.google.common.jimfs.RegularFileTest$RegularFileTestRunner" time="0.002"/>
  <testcase name="testEmpty_transferFrom_positionGreaterThanSize [DELETE_FILES [2, 4]]" classname="com.google.common.jimfs.RegularFileTest$RegularFileTestRunner" time="0.0"/>
  <testcase name="testEmpty_transferFrom_positionGreaterThanSize_countEqualsSrcSize [DELETE_FILES [2, 4]]" classname="com.google.common.jimfs.RegularFileTest$RegularFileTestRunner" time="0.0"/>
  <testcase name="testEmpty_transferFrom_fromStart_noBytes_countEqualsSrcSize [DELETE_FILES [2, 4]]" classname="com.google.common.jimfs.RegularFileTest$RegularFileTestRunner" time="0.0"/>
  <testcase name="testEmpty_transferFrom_fromStart_noBytes_countGreaterThanSrcSize [DELETE_FILES [2, 4]]" classname="com.google.common.jimfs.RegularFileTest$RegularFileTestRunner" time="0.0"/>
  <testcase name="testEmpty_transferFrom_postionGreaterThanSrcSize_noBytes_countEqualsSrcSize [DELETE_FILES [2, 4]]" classname="com.google.common.jimfs.RegularFileTest$RegularFileTestRunner" time="0.0"/>
  <testcase name="testEmpty_transferFrom_postionGreaterThanSrcSize_noBytes_countGreaterThanSrcSize [DELETE_FILES [2, 4]]" classname="com.google.common.jimfs.RegularFileTest$RegularFileTestRunner" time="0.0"/>
  <testcase name="testEmpty_transferTo [DELETE_FILES [2, 4]]" classname="com.google.common.jimfs.RegularFileTest$RegularFileTestRunner" time="0.0"/>
  <testcase name="testEmpty_copy [DELETE_FILES [2, 4]]" classname="com.google.common.jimfs.RegularFileTest$RegularFileTestRunner" time="0.0"/>
  <testcase name="testEmpty_truncate_toZero [DELETE_FILES [2, 4]]" classname="com.google.common.jimfs.RegularFileTest$RegularFileTestRunner" time="0.0"/>
  <testcase name="testEmpty_truncate_sizeUp [DELETE_FILES [2, 4]]" classname="com.google.common.jimfs.RegularFileTest$RegularFileTestRunner" time="0.0"/>
  <testcase name="testNonEmpty [DELETE_FILES [2, 4]]" classname="com.google.common.jimfs.RegularFileTest$RegularFileTestRunner" time="0.0"/>
  <testcase name="testNonEmpty_read_singleByte [DELETE_FILES [2, 4]]" classname="com.google.common.jimfs.RegularFileTest$RegularFileTestRunner" time="0.0"/>
  <testcase name="testNonEmpty_read_all_byteArray [DELETE_FILES [2, 4]]" classname="com.google.common.jimfs.RegularFileTest$RegularFileTestRunner" time="0.0"/>
  <testcase name="testNonEmpty_read_all_singleBuffer [DELETE_FILES [2, 4]]" classname="com.google.common.jimfs.RegularFileTest$RegularFileTestRunner" time="0.0"/>
  <testcase name="testNonEmpty_read_all_multipleBuffers [DELETE_FILES [2, 4]]" classname="com.google.common.jimfs.RegularFileTest$RegularFileTestRunner" time="0.0"/>
  <testcase name="testNonEmpty_read_all_byteArray_largerThanContent [DELETE_FILES [2, 4]]" classname="com.google.common.jimfs.RegularFileTest$RegularFileTestRunner" time="0.0"/>
  <testcase name="testNonEmpty_read_all_singleBuffer_largerThanContent [DELETE_FILES [2, 4]]" classname="com.google.common.jimfs.RegularFileTest$RegularFileTestRunner" time="0.0"/>
  <testcase name="testNonEmpty_read_all_multipleBuffers_largerThanContent [DELETE_FILES [2, 4]]" classname="com.google.common.jimfs.RegularFileTest$RegularFileTestRunner" time="0.0"/>
  <testcase name="testNonEmpty_read_all_multipleBuffers_extraBuffers [DELETE_FILES [2, 4]]" classname="com.google.common.jimfs.RegularFileTest$RegularFileTestRunner" time="0.0"/>
  <testcase name="testNonEmpty_read_partial_fromStart_byteArray [DELETE_FILES [2, 4]]" classname="com.google.common.jimfs.RegularFileTest$RegularFileTestRunner" time="0.0"/>
  <testcase name="testNonEmpty_read_partial_fromMiddle_byteArray [DELETE_FILES [2, 4]]" classname="com.google.common.jimfs.RegularFileTest$RegularFileTestRunner" time="0.0"/>
  <testcase name="testNonEmpty_read_partial_fromEnd_byteArray [DELETE_FILES [2, 4]]" classname="com.google.common.jimfs.RegularFileTest$RegularFileTestRunner" time="0.0"/>
  <testcase name="testNonEmpty_read_partial_fromStart_singleBuffer [DELETE_FILES [2, 4]]" classname="com.google.common.jimfs.RegularFileTest$RegularFileTestRunner" time="0.0"/>
  <testcase name="testNonEmpty_read_partial_fromMiddle_singleBuffer [DELETE_FILES [2, 4]]" classname="com.google.common.jimfs.RegularFileTest$RegularFileTestRunner" time="0.0"/>
  <testcase name="testNonEmpty_read_partial_fromEnd_singleBuffer [DELETE_FILES [2, 4]]" classname="com.google.common.jimfs.RegularFileTest$RegularFileTestRunner" time="0.0"/>
  <testcase name="testEmpty_write_multipleBuffers_atStart [DELETE_FILES [2, 4]]" classname="com.google.common.jimfs.RegularFileTest$RegularFileTestRunner" time="0.0"/>
  <testcase name="testEmpty_write_byteArray_atNonZeroPosition [DELETE_FILES [2, 4]]" classname="com.google.common.jimfs.RegularFileTest$RegularFileTestRunner" time="0.0"/>
  <testcase name="testEmpty_read_singleByte [DELETE_FILES [2, 4]]" classname="com.google.common.jimfs.RegularFileTest$RegularFileTestRunner" time="0.0"/>
  <testcase name="testEmpty_read_byteArray [DELETE_FILES [2, 4]]" classname="com.google.common.jimfs.RegularFileTest$RegularFileTestRunner" time="0.0"/>
  <testcase name="testEmpty_read_singleBuffer [DELETE_FILES [2, 4]]" classname="com.google.common.jimfs.RegularFileTest$RegularFileTestRunner" time="0.0"/>
  <testcase name="testEmpty_read_multipleBuffers [DELETE_FILES [2, 4]]" classname="com.google.common.jimfs.RegularFileTest$RegularFileTestRunner" time="0.0"/>
  <testcase name="testEmpty_write_partialByteArray_atNonZeroPosition [DELETE_FILES [2, 4]]" classname="com.google.common.jimfs.RegularFileTest$RegularFileTestRunner" time="0.0"/>
  <testcase name="testEmpty_write_singleBuffer_atStart [DELETE_FILES [2, 4]]" classname="com.google.common.jimfs.RegularFileTest$RegularFileTestRunner" time="0.0"/>
  <testcase name="testEmpty_write_partialByteArray_atStart [DELETE_FILES [2, 4]]" classname="com.google.common.jimfs.RegularFileTest$RegularFileTestRunner" time="0.0"/>
  <testcase name="testEmpty_transferFrom_positionGreaterThanSize_countGreaterThanSrcSize [DELETE_FILES [2, 4]]" classname="com.google.common.jimfs.RegularFileTest$RegularFileTestRunner" time="0.0"/>
  <testcase name="testEmpty [DELETE_FILES [2, 4]]" classname="com.google.common.jimfs.RegularFileTest$RegularFileTestRunner" time="0.0"/>
  <testcase name="testNonEmpty_read_partial_fromStart_multipleBuffers [DELETE_FILES [2, 4]]" classname="com.google.common.jimfs.RegularFileTest$RegularFileTestRunner" time="0.0"/>
  <testcase name="testNonEmpty_read_partial_fromMiddle_multipleBuffers [DELETE_FILES [2, 4]]" classname="com.google.common.jimfs.RegularFileTest$RegularFileTestRunner" time="0.0"/>
  <testcase name="testNonEmpty_read_partial_fromEnd_multipleBuffers [DELETE_FILES [2, 4]]" classname="com.google.common.jimfs.RegularFileTest$RegularFileTestRunner" time="0.0"/>
  <testcase name="testNonEmpty_read_fromPastEnd_byteArray [DELETE_FILES [2, 4]]" classname="com.google.common.jimfs.RegularFileTest$RegularFileTestRunner" time="0.0"/>
  <testcase name="testNonEmpty_read_fromPastEnd_singleBuffer [DELETE_FILES [2, 4]]" classname="com.google.common.jimfs.RegularFileTest$RegularFileTestRunner" time="0.0"/>
  <testcase name="testNonEmpty_read_fromPastEnd_multipleBuffers [DELETE_FILES [2, 4]]" classname="com.google.common.jimfs.RegularFileTest$RegularFileTestRunner" time="0.0"/>
  <testcase name="testNonEmpty_write_partial_fromStart_singleByte [DELETE_FILES [2, 4]]" classname="com.google.common.jimfs.RegularFileTest$RegularFileTestRunner" time="0.0"/>
  <testcase name="testNonEmpty_write_partial_fromMiddle_singleByte [DELETE_FILES [2, 4]]" classname="com.google.common.jimfs.RegularFileTest$RegularFileTestRunner" time="0.0"/>
  <testcase name="testNonEmpty_write_partial_fromEnd_singleByte [DELETE_FILES [2, 4]]" classname="com.google.common.jimfs.RegularFileTest$RegularFileTestRunner" time="0.0"/>
  <testcase name="testNonEmpty_write_partial_fromStart_byteArray [DELETE_FILES [2, 4]]" classname="com.google.common.jimfs.RegularFileTest$RegularFileTestRunner" time="0.0"/>
  <testcase name="testNonEmpty_write_partial_fromMiddle_byteArray [DELETE_FILES [2, 4]]" classname="com.google.common.jimfs.RegularFileTest$RegularFileTestRunner" time="0.0"/>
  <testcase name="testNonEmpty_write_partial_fromBeforeEnd_byteArray [DELETE_FILES [2, 4]]" classname="com.google.common.jimfs.RegularFileTest$RegularFileTestRunner" time="0.0"/>
  <testcase name="testNonEmpty_write_partial_fromEnd_byteArray [DELETE_FILES [2, 4]]" classname="com.google.common.jimfs.RegularFileTest$RegularFileTestRunner" time="0.0"/>
  <testcase name="testNonEmpty_write_partial_fromPastEnd_byteArray [DELETE_FILES [2, 4]]" classname="com.google.common.jimfs.RegularFileTest$RegularFileTestRunner" time="0.0"/>
  <testcase name="testNonEmpty_write_partial_fromStart_singleBuffer [DELETE_FILES [2, 4]]" classname="com.google.common.jimfs.RegularFileTest$RegularFileTestRunner" time="0.0"/>
  <testcase name="testNonEmpty_write_partial_fromMiddle_singleBuffer [DELETE_FILES [2, 4]]" classname="com.google.common.jimfs.RegularFileTest$RegularFileTestRunner" time="0.0"/>
  <testcase name="testNonEmpty_write_partial_fromEnd_singleBuffer [DELETE_FILES [2, 4]]" classname="com.google.common.jimfs.RegularFileTest$RegularFileTestRunner" time="0.0"/>
  <testcase name="testNonEmpty_write_partial_fromPastEnd_singleBuffer [DELETE_FILES [2, 4]]" classname="com.google.common.jimfs.RegularFileTest$RegularFileTestRunner" time="0.0"/>
  <testcase name="testNonEmpty_write_partial_fromStart_multipleBuffers [DELETE_FILES [2, 4]]" classname="com.google.common.jimfs.RegularFileTest$RegularFileTestRunner" time="0.0"/>
  <testcase name="testNonEmpty_write_partial_fromMiddle_multipleBuffers [DELETE_FILES [2, 4]]" classname="com.google.common.jimfs.RegularFileTest$RegularFileTestRunner" time="0.0"/>
  <testcase name="testNonEmpty_write_partial_fromBeforeEnd_multipleBuffers [DELETE_FILES [2, 4]]" classname="com.google.common.jimfs.RegularFileTest$RegularFileTestRunner" time="0.0"/>
  <testcase name="testNonEmpty_write_partial_fromEnd_multipleBuffers [DELETE_FILES [2, 4]]" classname="com.google.common.jimfs.RegularFileTest$RegularFileTestRunner" time="0.0"/>
  <testcase name="testNonEmpty_write_partial_fromPastEnd_multipleBuffers [DELETE_FILES [2, 4]]" classname="com.google.common.jimfs.RegularFileTest$RegularFileTestRunner" time="0.0"/>
  <testcase name="testNonEmpty_write_overwrite_sameLength [DELETE_FILES [2, 4]]" classname="com.google.common.jimfs.RegularFileTest$RegularFileTestRunner" time="0.0"/>
  <testcase name="testNonEmpty_write_overwrite_greaterLength [DELETE_FILES [2, 4]]" classname="com.google.common.jimfs.RegularFileTest$RegularFileTestRunner" time="0.0"/>
  <testcase name="testNonEmpty_transferTo_fromStart_countEqualsSize [DELETE_FILES [2, 4]]" classname="com.google.common.jimfs.RegularFileTest$RegularFileTestRunner" time="0.0"/>
  <testcase name="testNonEmpty_transferTo_fromStart_countLessThanSize [DELETE_FILES [2, 4]]" classname="com.google.common.jimfs.RegularFileTest$RegularFileTestRunner" time="0.001"/>
  <testcase name="testNonEmpty_transferTo_fromMiddle_countEqualsSize [DELETE_FILES [2, 4]]" classname="com.google.common.jimfs.RegularFileTest$RegularFileTestRunner" time="0.0"/>
  <testcase name="testNonEmpty_transferTo_fromMiddle_countLessThanSize [DELETE_FILES [2, 4]]" classname="com.google.common.jimfs.RegularFileTest$RegularFileTestRunner" time="0.0"/>
  <testcase name="testNonEmpty_transferFrom_toStart_countEqualsSrcSize [DELETE_FILES [2, 4]]" classname="com.google.common.jimfs.RegularFileTest$RegularFileTestRunner" time="0.0"/>
  <testcase name="testNonEmpty_transferFrom_toStart_countLessThanSrcSize [DELETE_FILES [2, 4]]" classname="com.google.common.jimfs.RegularFileTest$RegularFileTestRunner" time="0.0"/>
  <testcase name="testNonEmpty_transferFrom_toStart_countGreaterThanSrcSize [DELETE_FILES [2, 4]]" classname="com.google.common.jimfs.RegularFileTest$RegularFileTestRunner" time="0.0"/>
  <testcase name="testNonEmpty_transferFrom_toMiddle_countEqualsSrcSize [DELETE_FILES [2, 4]]" classname="com.google.common.jimfs.RegularFileTest$RegularFileTestRunner" time="0.0"/>
  <testcase name="testNonEmpty_transferFrom_toMiddle_countLessThanSrcSize [DELETE_FILES [2, 4]]" classname="com.google.common.jimfs.RegularFileTest$RegularFileTestRunner" time="0.0"/>
  <testcase name="testNonEmpty_transferFrom_toMiddle_countGreaterThanSrcSize [DELETE_FILES [2, 4]]" classname="com.google.common.jimfs.RegularFileTest$RegularFileTestRunner" time="0.0"/>
  <testcase name="testNonEmpty_transferFrom_toMiddle_transferGoesBeyondContentSize [DELETE_FILES [2, 4]]" classname="com.google.common.jimfs.RegularFileTest$RegularFileTestRunner" time="0.0"/>
  <testcase name="testNonEmpty_transferFrom_toEnd [DELETE_FILES [2, 4]]" classname="com.google.common.jimfs.RegularFileTest$RegularFileTestRunner" time="0.0"/>
  <testcase name="testNonEmpty_transferFrom_positionGreaterThanSize [DELETE_FILES [2, 4]]" classname="com.google.common.jimfs.RegularFileTest$RegularFileTestRunner" time="0.0"/>
  <testcase name="testNonEmpty_transferFrom_hugeOverestimateCount [DELETE_FILES [2, 4]]" classname="com.google.common.jimfs.RegularFileTest$RegularFileTestRunner" time="0.0"/>
  <testcase name="testNonEmpty_copy [DELETE_FILES [2, 4]]" classname="com.google.common.jimfs.RegularFileTest$RegularFileTestRunner" time="0.0"/>
  <testcase name="testNonEmpty_copy_multipleTimes [DELETE_FILES [2, 4]]" classname="com.google.common.jimfs.RegularFileTest$RegularFileTestRunner" time="0.003"/>
  <testcase name="testNonEmpty_truncate_toZero [DELETE_FILES [2, 4]]" classname="com.google.common.jimfs.RegularFileTest$RegularFileTestRunner" time="0.0"/>
  <testcase name="testNonEmpty_truncate_partial [DELETE_FILES [2, 4]]" classname="com.google.common.jimfs.RegularFileTest$RegularFileTestRunner" time="0.0"/>
  <testcase name="testNonEmpty_truncate_sizeUp [DELETE_FILES [2, 4]]" classname="com.google.common.jimfs.RegularFileTest$RegularFileTestRunner" time="0.0"/>
  <testcase name="testDeletedStoreRemainsUsableWhileOpen [DELETE_FILES [2, 4]]" classname="com.google.common.jimfs.RegularFileTest$RegularFileTestRunner" time="0.0"/>
  <testcase name="testEmpty_write_singleByte_atNonZeroPosition [DELETE_FILES [2, 16]]" classname="com.google.common.jimfs.RegularFileTest$RegularFileTestRunner" time="0.0"/>
  <testcase name="testNonEmpty_write_partial_fromBeforeEnd_singleBuffer [DELETE_FILES [2, 16]]" classname="com.google.common.jimfs.RegularFileTest$RegularFileTestRunner" time="0.0"/>
  <testcase name="testEmpty_transferFrom_positionGreaterThanSize_countLessThanSrcSize [DELETE_FILES [2, 16]]" classname="com.google.common.jimfs.RegularFileTest$RegularFileTestRunner" time="0.0"/>
  <testcase name="testEmpty_write_singleByte_atStart [DELETE_FILES [2, 16]]" classname="com.google.common.jimfs.RegularFileTest$RegularFileTestRunner" time="0.0"/>
  <testcase name="testEmpty_write_byteArray_atStart [DELETE_FILES [2, 16]]" classname="com.google.common.jimfs.RegularFileTest$RegularFileTestRunner" time="0.0"/>
  <testcase name="testEmpty_write_singleBuffer_atNonZeroPosition [DELETE_FILES [2, 16]]" classname="com.google.common.jimfs.RegularFileTest$RegularFileTestRunner" time="0.0"/>
  <testcase name="testEmpty_write_multipleBuffers_atNonZeroPosition [DELETE_FILES [2, 16]]" classname="com.google.common.jimfs.RegularFileTest$RegularFileTestRunner" time="0.0"/>
  <testcase name="testEmpty_write_noBytesArray_atStart [DELETE_FILES [2, 16]]" classname="com.google.common.jimfs.RegularFileTest$RegularFileTestRunner" time="0.0"/>
  <testcase name="testEmpty_write_noBytesArray_atNonZeroPosition [DELETE_FILES [2, 16]]" classname="com.google.common.jimfs.RegularFileTest$RegularFileTestRunner" time="0.0"/>
  <testcase name="testEmpty_write_noBytesBuffer_atStart [DELETE_FILES [2, 16]]" classname="com.google.common.jimfs.RegularFileTest$RegularFileTestRunner" time="0.0"/>
  <testcase name="testEmpty_write_noBytesBuffer_atNonZeroPosition [DELETE_FILES [2, 16]]" classname="com.google.common.jimfs.RegularFileTest$RegularFileTestRunner" time="0.0"/>
  <testcase name="testEmpty_write_noBytesBuffers_atStart [DELETE_FILES [2, 16]]" classname="com.google.common.jimfs.RegularFileTest$RegularFileTestRunner" time="0.0"/>
  <testcase name="testEmpty_write_noBytesBuffers_atNonZeroPosition [DELETE_FILES [2, 16]]" classname="com.google.common.jimfs.RegularFileTest$RegularFileTestRunner" time="0.0"/>
  <testcase name="testEmpty_transferFrom_fromStart_countEqualsSrcSize [DELETE_FILES [2, 16]]" classname="com.google.common.jimfs.RegularFileTest$RegularFileTestRunner" time="0.0"/>
  <testcase name="testEmpty_transferFrom_fromStart_countLessThanSrcSize [DELETE_FILES [2, 16]]" classname="com.google.common.jimfs.RegularFileTest$RegularFileTestRunner" time="0.0"/>
  <testcase name="testEmpty_transferFrom_fromStart_countGreaterThanSrcSize [DELETE_FILES [2, 16]]" classname="com.google.common.jimfs.RegularFileTest$RegularFileTestRunner" time="0.0"/>
  <testcase name="testEmpty_transferFrom_positionGreaterThanSize [DELETE_FILES [2, 16]]" classname="com.google.common.jimfs.RegularFileTest$RegularFileTestRunner" time="0.0"/>
  <testcase name="testEmpty_transferFrom_positionGreaterThanSize_countEqualsSrcSize [DELETE_FILES [2, 16]]" classname="com.google.common.jimfs.RegularFileTest$RegularFileTestRunner" time="0.0"/>
  <testcase name="testEmpty_transferFrom_fromStart_noBytes_countEqualsSrcSize [DELETE_FILES [2, 16]]" classname="com.google.common.jimfs.RegularFileTest$RegularFileTestRunner" time="0.0"/>
  <testcase name="testEmpty_transferFrom_fromStart_noBytes_countGreaterThanSrcSize [DELETE_FILES [2, 16]]" classname="com.google.common.jimfs.RegularFileTest$RegularFileTestRunner" time="0.0"/>
  <testcase name="testEmpty_transferFrom_postionGreaterThanSrcSize_noBytes_countEqualsSrcSize [DELETE_FILES [2, 16]]" classname="com.google.common.jimfs.RegularFileTest$RegularFileTestRunner" time="0.0"/>
  <testcase name="testEmpty_transferFrom_postionGreaterThanSrcSize_noBytes_countGreaterThanSrcSize [DELETE_FILES [2, 16]]" classname="com.google.common.jimfs.RegularFileTest$RegularFileTestRunner" time="0.0"/>
  <testcase name="testEmpty_transferTo [DELETE_FILES [2, 16]]" classname="com.google.common.jimfs.RegularFileTest$RegularFileTestRunner" time="0.0"/>
  <testcase name="testEmpty_copy [DELETE_FILES [2, 16]]" classname="com.google.common.jimfs.RegularFileTest$RegularFileTestRunner" time="0.0"/>
  <testcase name="testEmpty_truncate_toZero [DELETE_FILES [2, 16]]" classname="com.google.common.jimfs.RegularFileTest$RegularFileTestRunner" time="0.0"/>
  <testcase name="testEmpty_truncate_sizeUp [DELETE_FILES [2, 16]]" classname="com.google.common.jimfs.RegularFileTest$RegularFileTestRunner" time="0.0"/>
  <testcase name="testNonEmpty [DELETE_FILES [2, 16]]" classname="com.google.common.jimfs.RegularFileTest$RegularFileTestRunner" time="0.0"/>
  <testcase name="testNonEmpty_read_singleByte [DELETE_FILES [2, 16]]" classname="com.google.common.jimfs.RegularFileTest$RegularFileTestRunner" time="0.0"/>
  <testcase name="testNonEmpty_read_all_byteArray [DELETE_FILES [2, 16]]" classname="com.google.common.jimfs.RegularFileTest$RegularFileTestRunner" time="0.0"/>
  <testcase name="testNonEmpty_read_all_singleBuffer [DELETE_FILES [2, 16]]" classname="com.google.common.jimfs.RegularFileTest$RegularFileTestRunner" time="0.0"/>
  <testcase name="testNonEmpty_read_all_multipleBuffers [DELETE_FILES [2, 16]]" classname="com.google.common.jimfs.RegularFileTest$RegularFileTestRunner" time="0.0"/>
  <testcase name="testNonEmpty_read_all_byteArray_largerThanContent [DELETE_FILES [2, 16]]" classname="com.google.common.jimfs.RegularFileTest$RegularFileTestRunner" time="0.0"/>
  <testcase name="testNonEmpty_read_all_singleBuffer_largerThanContent [DELETE_FILES [2, 16]]" classname="com.google.common.jimfs.RegularFileTest$RegularFileTestRunner" time="0.0"/>
  <testcase name="testNonEmpty_read_all_multipleBuffers_largerThanContent [DELETE_FILES [2, 16]]" classname="com.google.common.jimfs.RegularFileTest$RegularFileTestRunner" time="0.0"/>
  <testcase name="testNonEmpty_read_all_multipleBuffers_extraBuffers [DELETE_FILES [2, 16]]" classname="com.google.common.jimfs.RegularFileTest$RegularFileTestRunner" time="0.0"/>
  <testcase name="testNonEmpty_read_partial_fromStart_byteArray [DELETE_FILES [2, 16]]" classname="com.google.common.jimfs.RegularFileTest$RegularFileTestRunner" time="0.0"/>
  <testcase name="testNonEmpty_read_partial_fromMiddle_byteArray [DELETE_FILES [2, 16]]" classname="com.google.common.jimfs.RegularFileTest$RegularFileTestRunner" time="0.0"/>
  <testcase name="testNonEmpty_read_partial_fromEnd_byteArray [DELETE_FILES [2, 16]]" classname="com.google.common.jimfs.RegularFileTest$RegularFileTestRunner" time="0.0"/>
  <testcase name="testNonEmpty_read_partial_fromStart_singleBuffer [DELETE_FILES [2, 16]]" classname="com.google.common.jimfs.RegularFileTest$RegularFileTestRunner" time="0.0"/>
  <testcase name="testNonEmpty_read_partial_fromMiddle_singleBuffer [DELETE_FILES [2, 16]]" classname="com.google.common.jimfs.RegularFileTest$RegularFileTestRunner" time="0.0"/>
  <testcase name="testNonEmpty_read_partial_fromEnd_singleBuffer [DELETE_FILES [2, 16]]" classname="com.google.common.jimfs.RegularFileTest$RegularFileTestRunner" time="0.0"/>
  <testcase name="testEmpty_write_multipleBuffers_atStart [DELETE_FILES [2, 16]]" classname="com.google.common.jimfs.RegularFileTest$RegularFileTestRunner" time="0.0"/>
  <testcase name="testEmpty_write_byteArray_atNonZeroPosition [DELETE_FILES [2, 16]]" classname="com.google.common.jimfs.RegularFileTest$RegularFileTestRunner" time="0.0"/>
  <testcase name="testEmpty_read_singleByte [DELETE_FILES [2, 16]]" classname="com.google.common.jimfs.RegularFileTest$RegularFileTestRunner" time="0.0"/>
  <testcase name="testEmpty_read_byteArray [DELETE_FILES [2, 16]]" classname="com.google.common.jimfs.RegularFileTest$RegularFileTestRunner" time="0.0"/>
  <testcase name="testEmpty_read_singleBuffer [DELETE_FILES [2, 16]]" classname="com.google.common.jimfs.RegularFileTest$RegularFileTestRunner" time="0.0"/>
  <testcase name="testEmpty_read_multipleBuffers [DELETE_FILES [2, 16]]" classname="com.google.common.jimfs.RegularFileTest$RegularFileTestRunner" time="0.0"/>
  <testcase name="testEmpty_write_partialByteArray_atNonZeroPosition [DELETE_FILES [2, 16]]" classname="com.google.common.jimfs.RegularFileTest$RegularFileTestRunner" time="0.0"/>
  <testcase name="testEmpty_write_singleBuffer_atStart [DELETE_FILES [2, 16]]" classname="com.google.common.jimfs.RegularFileTest$RegularFileTestRunner" time="0.0"/>
  <testcase name="testEmpty_write_partialByteArray_atStart [DELETE_FILES [2, 16]]" classname="com.google.common.jimfs.RegularFileTest$RegularFileTestRunner" time="0.0"/>
  <testcase name="testEmpty_transferFrom_positionGreaterThanSize_countGreaterThanSrcSize [DELETE_FILES [2, 16]]" classname="com.google.common.jimfs.RegularFileTest$RegularFileTestRunner" time="0.0"/>
  <testcase name="testEmpty [DELETE_FILES [2, 16]]" classname="com.google.common.jimfs.RegularFileTest$RegularFileTestRunner" time="0.0"/>
  <testcase name="testNonEmpty_read_partial_fromStart_multipleBuffers [DELETE_FILES [2, 16]]" classname="com.google.common.jimfs.RegularFileTest$RegularFileTestRunner" time="0.0"/>
  <testcase name="testNonEmpty_read_partial_fromMiddle_multipleBuffers [DELETE_FILES [2, 16]]" classname="com.google.common.jimfs.RegularFileTest$RegularFileTestRunner" time="0.0"/>
  <testcase name="testNonEmpty_read_partial_fromEnd_multipleBuffers [DELETE_FILES [2, 16]]" classname="com.google.common.jimfs.RegularFileTest$RegularFileTestRunner" time="0.0"/>
  <testcase name="testNonEmpty_read_fromPastEnd_byteArray [DELETE_FILES [2, 16]]" classname="com.google.common.jimfs.RegularFileTest$RegularFileTestRunner" time="0.0"/>
  <testcase name="testNonEmpty_read_fromPastEnd_singleBuffer [DELETE_FILES [2, 16]]" classname="com.google.common.jimfs.RegularFileTest$RegularFileTestRunner" time="0.0"/>
  <testcase name="testNonEmpty_read_fromPastEnd_multipleBuffers [DELETE_FILES [2, 16]]" classname="com.google.common.jimfs.RegularFileTest$RegularFileTestRunner" time="0.0"/>
  <testcase name="testNonEmpty_write_partial_fromStart_singleByte [DELETE_FILES [2, 16]]" classname="com.google.common.jimfs.RegularFileTest$RegularFileTestRunner" time="0.0"/>
  <testcase name="testNonEmpty_write_partial_fromMiddle_singleByte [DELETE_FILES [2, 16]]" classname="com.google.common.jimfs.RegularFileTest$RegularFileTestRunner" time="0.0"/>
  <testcase name="testNonEmpty_write_partial_fromEnd_singleByte [DELETE_FILES [2, 16]]" classname="com.google.common.jimfs.RegularFileTest$RegularFileTestRunner" time="0.0"/>
  <testcase name="testNonEmpty_write_partial_fromStart_byteArray [DELETE_FILES [2, 16]]" classname="com.google.common.jimfs.RegularFileTest$RegularFileTestRunner" time="0.0"/>
  <testcase name="testNonEmpty_write_partial_fromMiddle_byteArray [DELETE_FILES [2, 16]]" classname="com.google.common.jimfs.RegularFileTest$RegularFileTestRunner" time="0.0"/>
  <testcase name="testNonEmpty_write_partial_fromBeforeEnd_byteArray [DELETE_FILES [2, 16]]" classname="com.google.common.jimfs.RegularFileTest$RegularFileTestRunner" time="0.0"/>
  <testcase name="testNonEmpty_write_partial_fromEnd_byteArray [DELETE_FILES [2, 16]]" classname="com.google.common.jimfs.RegularFileTest$RegularFileTestRunner" time="0.0"/>
  <testcase name="testNonEmpty_write_partial_fromPastEnd_byteArray [DELETE_FILES [2, 16]]" classname="com.google.common.jimfs.RegularFileTest$RegularFileTestRunner" time="0.0"/>
  <testcase name="testNonEmpty_write_partial_fromStart_singleBuffer [DELETE_FILES [2, 16]]" classname="com.google.common.jimfs.RegularFileTest$RegularFileTestRunner" time="0.0"/>
  <testcase name="testNonEmpty_write_partial_fromMiddle_singleBuffer [DELETE_FILES [2, 16]]" classname="com.google.common.jimfs.RegularFileTest$RegularFileTestRunner" time="0.0"/>
  <testcase name="testNonEmpty_write_partial_fromEnd_singleBuffer [DELETE_FILES [2, 16]]" classname="com.google.common.jimfs.RegularFileTest$RegularFileTestRunner" time="0.0"/>
  <testcase name="testNonEmpty_write_partial_fromPastEnd_singleBuffer [DELETE_FILES [2, 16]]" classname="com.google.common.jimfs.RegularFileTest$RegularFileTestRunner" time="0.0"/>
  <testcase name="testNonEmpty_write_partial_fromStart_multipleBuffers [DELETE_FILES [2, 16]]" classname="com.google.common.jimfs.RegularFileTest$RegularFileTestRunner" time="0.0"/>
  <testcase name="testNonEmpty_write_partial_fromMiddle_multipleBuffers [DELETE_FILES [2, 16]]" classname="com.google.common.jimfs.RegularFileTest$RegularFileTestRunner" time="0.0"/>
  <testcase name="testNonEmpty_write_partial_fromBeforeEnd_multipleBuffers [DELETE_FILES [2, 16]]" classname="com.google.common.jimfs.RegularFileTest$RegularFileTestRunner" time="0.0"/>
  <testcase name="testNonEmpty_write_partial_fromEnd_multipleBuffers [DELETE_FILES [2, 16]]" classname="com.google.common.jimfs.RegularFileTest$RegularFileTestRunner" time="0.0"/>
  <testcase name="testNonEmpty_write_partial_fromPastEnd_multipleBuffers [DELETE_FILES [2, 16]]" classname="com.google.common.jimfs.RegularFileTest$RegularFileTestRunner" time="0.0"/>
  <testcase name="testNonEmpty_write_overwrite_sameLength [DELETE_FILES [2, 16]]" classname="com.google.common.jimfs.RegularFileTest$RegularFileTestRunner" time="0.0"/>
  <testcase name="testNonEmpty_write_overwrite_greaterLength [DELETE_FILES [2, 16]]" classname="com.google.common.jimfs.RegularFileTest$RegularFileTestRunner" time="0.0"/>
  <testcase name="testNonEmpty_transferTo_fromStart_countEqualsSize [DELETE_FILES [2, 16]]" classname="com.google.common.jimfs.RegularFileTest$RegularFileTestRunner" time="0.0"/>
  <testcase name="testNonEmpty_transferTo_fromStart_countLessThanSize [DELETE_FILES [2, 16]]" classname="com.google.common.jimfs.RegularFileTest$RegularFileTestRunner" time="0.0"/>
  <testcase name="testNonEmpty_transferTo_fromMiddle_countEqualsSize [DELETE_FILES [2, 16]]" classname="com.google.common.jimfs.RegularFileTest$RegularFileTestRunner" time="0.0"/>
  <testcase name="testNonEmpty_transferTo_fromMiddle_countLessThanSize [DELETE_FILES [2, 16]]" classname="com.google.common.jimfs.RegularFileTest$RegularFileTestRunner" time="0.0"/>
  <testcase name="testNonEmpty_transferFrom_toStart_countEqualsSrcSize [DELETE_FILES [2, 16]]" classname="com.google.common.jimfs.RegularFileTest$RegularFileTestRunner" time="0.0"/>
  <testcase name="testNonEmpty_transferFrom_toStart_countLessThanSrcSize [DELETE_FILES [2, 16]]" classname="com.google.common.jimfs.RegularFileTest$RegularFileTestRunner" time="0.0"/>
  <testcase name="testNonEmpty_transferFrom_toStart_countGreaterThanSrcSize [DELETE_FILES [2, 16]]" classname="com.google.common.jimfs.RegularFileTest$RegularFileTestRunner" time="0.0"/>
  <testcase name="testNonEmpty_transferFrom_toMiddle_countEqualsSrcSize [DELETE_FILES [2, 16]]" classname="com.google.common.jimfs.RegularFileTest$RegularFileTestRunner" time="0.0"/>
  <testcase name="testNonEmpty_transferFrom_toMiddle_countLessThanSrcSize [DELETE_FILES [2, 16]]" classname="com.google.common.jimfs.RegularFileTest$RegularFileTestRunner" time="0.0"/>
  <testcase name="testNonEmpty_transferFrom_toMiddle_countGreaterThanSrcSize [DELETE_FILES [2, 16]]" classname="com.google.common.jimfs.RegularFileTest$RegularFileTestRunner" time="0.0"/>
  <testcase name="testNonEmpty_transferFrom_toMiddle_transferGoesBeyondContentSize [DELETE_FILES [2, 16]]" classname="com.google.common.jimfs.RegularFileTest$RegularFileTestRunner" time="0.0"/>
  <testcase name="testNonEmpty_transferFrom_toEnd [DELETE_FILES [2, 16]]" classname="com.google.common.jimfs.RegularFileTest$RegularFileTestRunner" time="0.0"/>
  <testcase name="testNonEmpty_transferFrom_positionGreaterThanSize [DELETE_FILES [2, 16]]" classname="com.google.common.jimfs.RegularFileTest$RegularFileTestRunner" time="0.0"/>
  <testcase name="testNonEmpty_transferFrom_hugeOverestimateCount [DELETE_FILES [2, 16]]" classname="com.google.common.jimfs.RegularFileTest$RegularFileTestRunner" time="0.0"/>
  <testcase name="testNonEmpty_copy [DELETE_FILES [2, 16]]" classname="com.google.common.jimfs.RegularFileTest$RegularFileTestRunner" time="0.0"/>
  <testcase name="testNonEmpty_copy_multipleTimes [DELETE_FILES [2, 16]]" classname="com.google.common.jimfs.RegularFileTest$RegularFileTestRunner" time="0.0"/>
  <testcase name="testNonEmpty_truncate_toZero [DELETE_FILES [2, 16]]" classname="com.google.common.jimfs.RegularFileTest$RegularFileTestRunner" time="0.0"/>
  <testcase name="testNonEmpty_truncate_partial [DELETE_FILES [2, 16]]" classname="com.google.common.jimfs.RegularFileTest$RegularFileTestRunner" time="0.0"/>
  <testcase name="testNonEmpty_truncate_sizeUp [DELETE_FILES [2, 16]]" classname="com.google.common.jimfs.RegularFileTest$RegularFileTestRunner" time="0.0"/>
  <testcase name="testDeletedStoreRemainsUsableWhileOpen [DELETE_FILES [2, 16]]" classname="com.google.common.jimfs.RegularFileTest$RegularFileTestRunner" time="0.0"/>
  <testcase name="testEmpty_write_singleByte_atNonZeroPosition [DELETE_FILES [2, 128]]" classname="com.google.common.jimfs.RegularFileTest$RegularFileTestRunner" time="0.0"/>
  <testcase name="testNonEmpty_write_partial_fromBeforeEnd_singleBuffer [DELETE_FILES [2, 128]]" classname="com.google.common.jimfs.RegularFileTest$RegularFileTestRunner" time="0.0"/>
  <testcase name="testEmpty_transferFrom_positionGreaterThanSize_countLessThanSrcSize [DELETE_FILES [2, 128]]" classname="com.google.common.jimfs.RegularFileTest$RegularFileTestRunner" time="0.0"/>
  <testcase name="testEmpty_write_singleByte_atStart [DELETE_FILES [2, 128]]" classname="com.google.common.jimfs.RegularFileTest$RegularFileTestRunner" time="0.0"/>
  <testcase name="testEmpty_write_byteArray_atStart [DELETE_FILES [2, 128]]" classname="com.google.common.jimfs.RegularFileTest$RegularFileTestRunner" time="0.0"/>
  <testcase name="testEmpty_write_singleBuffer_atNonZeroPosition [DELETE_FILES [2, 128]]" classname="com.google.common.jimfs.RegularFileTest$RegularFileTestRunner" time="0.0"/>
  <testcase name="testEmpty_write_multipleBuffers_atNonZeroPosition [DELETE_FILES [2, 128]]" classname="com.google.common.jimfs.RegularFileTest$RegularFileTestRunner" time="0.0"/>
  <testcase name="testEmpty_write_noBytesArray_atStart [DELETE_FILES [2, 128]]" classname="com.google.common.jimfs.RegularFileTest$RegularFileTestRunner" time="0.0"/>
  <testcase name="testEmpty_write_noBytesArray_atNonZeroPosition [DELETE_FILES [2, 128]]" classname="com.google.common.jimfs.RegularFileTest$RegularFileTestRunner" time="0.0"/>
  <testcase name="testEmpty_write_noBytesBuffer_atStart [DELETE_FILES [2, 128]]" classname="com.google.common.jimfs.RegularFileTest$RegularFileTestRunner" time="0.0"/>
  <testcase name="testEmpty_write_noBytesBuffer_atNonZeroPosition [DELETE_FILES [2, 128]]" classname="com.google.common.jimfs.RegularFileTest$RegularFileTestRunner" time="0.0"/>
  <testcase name="testEmpty_write_noBytesBuffers_atStart [DELETE_FILES [2, 128]]" classname="com.google.common.jimfs.RegularFileTest$RegularFileTestRunner" time="0.0"/>
  <testcase name="testEmpty_write_noBytesBuffers_atNonZeroPosition [DELETE_FILES [2, 128]]" classname="com.google.common.jimfs.RegularFileTest$RegularFileTestRunner" time="0.0"/>
  <testcase name="testEmpty_transferFrom_fromStart_countEqualsSrcSize [DELETE_FILES [2, 128]]" classname="com.google.common.jimfs.RegularFileTest$RegularFileTestRunner" time="0.0"/>
  <testcase name="testEmpty_transferFrom_fromStart_countLessThanSrcSize [DELETE_FILES [2, 128]]" classname="com.google.common.jimfs.RegularFileTest$RegularFileTestRunner" time="0.0"/>
  <testcase name="testEmpty_transferFrom_fromStart_countGreaterThanSrcSize [DELETE_FILES [2, 128]]" classname="com.google.common.jimfs.RegularFileTest$RegularFileTestRunner" time="0.0"/>
  <testcase name="testEmpty_transferFrom_positionGreaterThanSize [DELETE_FILES [2, 128]]" classname="com.google.common.jimfs.RegularFileTest$RegularFileTestRunner" time="0.0"/>
  <testcase name="testEmpty_transferFrom_positionGreaterThanSize_countEqualsSrcSize [DELETE_FILES [2, 128]]" classname="com.google.common.jimfs.RegularFileTest$RegularFileTestRunner" time="0.0"/>
  <testcase name="testEmpty_transferFrom_fromStart_noBytes_countEqualsSrcSize [DELETE_FILES [2, 128]]" classname="com.google.common.jimfs.RegularFileTest$RegularFileTestRunner" time="0.0"/>
  <testcase name="testEmpty_transferFrom_fromStart_noBytes_countGreaterThanSrcSize [DELETE_FILES [2, 128]]" classname="com.google.common.jimfs.RegularFileTest$RegularFileTestRunner" time="0.0"/>
  <testcase name="testEmpty_transferFrom_postionGreaterThanSrcSize_noBytes_countEqualsSrcSize [DELETE_FILES [2, 128]]" classname="com.google.common.jimfs.RegularFileTest$RegularFileTestRunner" time="0.0"/>
  <testcase name="testEmpty_transferFrom_postionGreaterThanSrcSize_noBytes_countGreaterThanSrcSize [DELETE_FILES [2, 128]]" classname="com.google.common.jimfs.RegularFileTest$RegularFileTestRunner" time="0.0"/>
  <testcase name="testEmpty_transferTo [DELETE_FILES [2, 128]]" classname="com.google.common.jimfs.RegularFileTest$RegularFileTestRunner" time="0.003"/>
  <testcase name="testEmpty_copy [DELETE_FILES [2, 128]]" classname="com.google.common.jimfs.RegularFileTest$RegularFileTestRunner" time="0.0"/>
  <testcase name="testEmpty_truncate_toZero [DELETE_FILES [2, 128]]" classname="com.google.common.jimfs.RegularFileTest$RegularFileTestRunner" time="0.0"/>
  <testcase name="testEmpty_truncate_sizeUp [DELETE_FILES [2, 128]]" classname="com.google.common.jimfs.RegularFileTest$RegularFileTestRunner" time="0.0"/>
  <testcase name="testNonEmpty [DELETE_FILES [2, 128]]" classname="com.google.common.jimfs.RegularFileTest$RegularFileTestRunner" time="0.0"/>
  <testcase name="testNonEmpty_read_singleByte [DELETE_FILES [2, 128]]" classname="com.google.common.jimfs.RegularFileTest$RegularFileTestRunner" time="0.0"/>
  <testcase name="testNonEmpty_read_all_byteArray [DELETE_FILES [2, 128]]" classname="com.google.common.jimfs.RegularFileTest$RegularFileTestRunner" time="0.0"/>
  <testcase name="testNonEmpty_read_all_singleBuffer [DELETE_FILES [2, 128]]" classname="com.google.common.jimfs.RegularFileTest$RegularFileTestRunner" time="0.0"/>
  <testcase name="testNonEmpty_read_all_multipleBuffers [DELETE_FILES [2, 128]]" classname="com.google.common.jimfs.RegularFileTest$RegularFileTestRunner" time="0.0"/>
  <testcase name="testNonEmpty_read_all_byteArray_largerThanContent [DELETE_FILES [2, 128]]" classname="com.google.common.jimfs.RegularFileTest$RegularFileTestRunner" time="0.0"/>
  <testcase name="testNonEmpty_read_all_singleBuffer_largerThanContent [DELETE_FILES [2, 128]]" classname="com.google.common.jimfs.RegularFileTest$RegularFileTestRunner" time="0.0"/>
  <testcase name="testNonEmpty_read_all_multipleBuffers_largerThanContent [DELETE_FILES [2, 128]]" classname="com.google.common.jimfs.RegularFileTest$RegularFileTestRunner" time="0.0"/>
  <testcase name="testNonEmpty_read_all_multipleBuffers_extraBuffers [DELETE_FILES [2, 128]]" classname="com.google.common.jimfs.RegularFileTest$RegularFileTestRunner" time="0.0"/>
  <testcase name="testNonEmpty_read_partial_fromStart_byteArray [DELETE_FILES [2, 128]]" classname="com.google.common.jimfs.RegularFileTest$RegularFileTestRunner" time="0.0"/>
  <testcase name="testNonEmpty_read_partial_fromMiddle_byteArray [DELETE_FILES [2, 128]]" classname="com.google.common.jimfs.RegularFileTest$RegularFileTestRunner" time="0.0"/>
  <testcase name="testNonEmpty_read_partial_fromEnd_byteArray [DELETE_FILES [2, 128]]" classname="com.google.common.jimfs.RegularFileTest$RegularFileTestRunner" time="0.0"/>
  <testcase name="testNonEmpty_read_partial_fromStart_singleBuffer [DELETE_FILES [2, 128]]" classname="com.google.common.jimfs.RegularFileTest$RegularFileTestRunner" time="0.0"/>
  <testcase name="testNonEmpty_read_partial_fromMiddle_singleBuffer [DELETE_FILES [2, 128]]" classname="com.google.common.jimfs.RegularFileTest$RegularFileTestRunner" time="0.0"/>
  <testcase name="testNonEmpty_read_partial_fromEnd_singleBuffer [DELETE_FILES [2, 128]]" classname="com.google.common.jimfs.RegularFileTest$RegularFileTestRunner" time="0.0"/>
  <testcase name="testEmpty_write_multipleBuffers_atStart [DELETE_FILES [2, 128]]" classname="com.google.common.jimfs.RegularFileTest$RegularFileTestRunner" time="0.0"/>
  <testcase name="testEmpty_write_byteArray_atNonZeroPosition [DELETE_FILES [2, 128]]" classname="com.google.common.jimfs.RegularFileTest$RegularFileTestRunner" time="0.0"/>
  <testcase name="testEmpty_read_singleByte [DELETE_FILES [2, 128]]" classname="com.google.common.jimfs.RegularFileTest$RegularFileTestRunner" time="0.0"/>
  <testcase name="testEmpty_read_byteArray [DELETE_FILES [2, 128]]" classname="com.google.common.jimfs.RegularFileTest$RegularFileTestRunner" time="0.0"/>
  <testcase name="testEmpty_read_singleBuffer [DELETE_FILES [2, 128]]" classname="com.google.common.jimfs.RegularFileTest$RegularFileTestRunner" time="0.0"/>
  <testcase name="testEmpty_read_multipleBuffers [DELETE_FILES [2, 128]]" classname="com.google.common.jimfs.RegularFileTest$RegularFileTestRunner" time="0.0"/>
  <testcase name="testEmpty_write_partialByteArray_atNonZeroPosition [DELETE_FILES [2, 128]]" classname="com.google.common.jimfs.RegularFileTest$RegularFileTestRunner" time="0.0"/>
  <testcase name="testEmpty_write_singleBuffer_atStart [DELETE_FILES [2, 128]]" classname="com.google.common.jimfs.RegularFileTest$RegularFileTestRunner" time="0.0"/>
  <testcase name="testEmpty_write_partialByteArray_atStart [DELETE_FILES [2, 128]]" classname="com.google.common.jimfs.RegularFileTest$RegularFileTestRunner" time="0.0"/>
  <testcase name="testEmpty_transferFrom_positionGreaterThanSize_countGreaterThanSrcSize [DELETE_FILES [2, 128]]" classname="com.google.common.jimfs.RegularFileTest$RegularFileTestRunner" time="0.0"/>
  <testcase name="testEmpty [DELETE_FILES [2, 128]]" classname="com.google.common.jimfs.RegularFileTest$RegularFileTestRunner" time="0.0"/>
  <testcase name="testNonEmpty_read_partial_fromStart_multipleBuffers [DELETE_FILES [2, 128]]" classname="com.google.common.jimfs.RegularFileTest$RegularFileTestRunner" time="0.0"/>
  <testcase name="testNonEmpty_read_partial_fromMiddle_multipleBuffers [DELETE_FILES [2, 128]]" classname="com.google.common.jimfs.RegularFileTest$RegularFileTestRunner" time="0.0"/>
  <testcase name="testNonEmpty_read_partial_fromEnd_multipleBuffers [DELETE_FILES [2, 128]]" classname="com.google.common.jimfs.RegularFileTest$RegularFileTestRunner" time="0.0"/>
  <testcase name="testNonEmpty_read_fromPastEnd_byteArray [DELETE_FILES [2, 128]]" classname="com.google.common.jimfs.RegularFileTest$RegularFileTestRunner" time="0.0"/>
  <testcase name="testNonEmpty_read_fromPastEnd_singleBuffer [DELETE_FILES [2, 128]]" classname="com.google.common.jimfs.RegularFileTest$RegularFileTestRunner" time="0.0"/>
  <testcase name="testNonEmpty_read_fromPastEnd_multipleBuffers [DELETE_FILES [2, 128]]" classname="com.google.common.jimfs.RegularFileTest$RegularFileTestRunner" time="0.0"/>
  <testcase name="testNonEmpty_write_partial_fromStart_singleByte [DELETE_FILES [2, 128]]" classname="com.google.common.jimfs.RegularFileTest$RegularFileTestRunner" time="0.0"/>
  <testcase name="testNonEmpty_write_partial_fromMiddle_singleByte [DELETE_FILES [2, 128]]" classname="com.google.common.jimfs.RegularFileTest$RegularFileTestRunner" time="0.0"/>
  <testcase name="testNonEmpty_write_partial_fromEnd_singleByte [DELETE_FILES [2, 128]]" classname="com.google.common.jimfs.RegularFileTest$RegularFileTestRunner" time="0.0"/>
  <testcase name="testNonEmpty_write_partial_fromStart_byteArray [DELETE_FILES [2, 128]]" classname="com.google.common.jimfs.RegularFileTest$RegularFileTestRunner" time="0.0"/>
  <testcase name="testNonEmpty_write_partial_fromMiddle_byteArray [DELETE_FILES [2, 128]]" classname="com.google.common.jimfs.RegularFileTest$RegularFileTestRunner" time="0.0"/>
  <testcase name="testNonEmpty_write_partial_fromBeforeEnd_byteArray [DELETE_FILES [2, 128]]" classname="com.google.common.jimfs.RegularFileTest$RegularFileTestRunner" time="0.0"/>
  <testcase name="testNonEmpty_write_partial_fromEnd_byteArray [DELETE_FILES [2, 128]]" classname="com.google.common.jimfs.RegularFileTest$RegularFileTestRunner" time="0.0"/>
  <testcase name="testNonEmpty_write_partial_fromPastEnd_byteArray [DELETE_FILES [2, 128]]" classname="com.google.common.jimfs.RegularFileTest$RegularFileTestRunner" time="0.0"/>
  <testcase name="testNonEmpty_write_partial_fromStart_singleBuffer [DELETE_FILES [2, 128]]" classname="com.google.common.jimfs.RegularFileTest$RegularFileTestRunner" time="0.0"/>
  <testcase name="testNonEmpty_write_partial_fromMiddle_singleBuffer [DELETE_FILES [2, 128]]" classname="com.google.common.jimfs.RegularFileTest$RegularFileTestRunner" time="0.0"/>
  <testcase name="testNonEmpty_write_partial_fromEnd_singleBuffer [DELETE_FILES [2, 128]]" classname="com.google.common.jimfs.RegularFileTest$RegularFileTestRunner" time="0.0"/>
  <testcase name="testNonEmpty_write_partial_fromPastEnd_singleBuffer [DELETE_FILES [2, 128]]" classname="com.google.common.jimfs.RegularFileTest$RegularFileTestRunner" time="0.0"/>
  <testcase name="testNonEmpty_write_partial_fromStart_multipleBuffers [DELETE_FILES [2, 128]]" classname="com.google.common.jimfs.RegularFileTest$RegularFileTestRunner" time="0.0"/>
  <testcase name="testNonEmpty_write_partial_fromMiddle_multipleBuffers [DELETE_FILES [2, 128]]" classname="com.google.common.jimfs.RegularFileTest$RegularFileTestRunner" time="0.0"/>
  <testcase name="testNonEmpty_write_partial_fromBeforeEnd_multipleBuffers [DELETE_FILES [2, 128]]" classname="com.google.common.jimfs.RegularFileTest$RegularFileTestRunner" time="0.0"/>
  <testcase name="testNonEmpty_write_partial_fromEnd_multipleBuffers [DELETE_FILES [2, 128]]" classname="com.google.common.jimfs.RegularFileTest$RegularFileTestRunner" time="0.0"/>
  <testcase name="testNonEmpty_write_partial_fromPastEnd_multipleBuffers [DELETE_FILES [2, 128]]" classname="com.google.common.jimfs.RegularFileTest$RegularFileTestRunner" time="0.0"/>
  <testcase name="testNonEmpty_write_overwrite_sameLength [DELETE_FILES [2, 128]]" classname="com.google.common.jimfs.RegularFileTest$RegularFileTestRunner" time="0.0"/>
  <testcase name="testNonEmpty_write_overwrite_greaterLength [DELETE_FILES [2, 128]]" classname="com.google.common.jimfs.RegularFileTest$RegularFileTestRunner" time="0.0"/>
  <testcase name="testNonEmpty_transferTo_fromStart_countEqualsSize [DELETE_FILES [2, 128]]" classname="com.google.common.jimfs.RegularFileTest$RegularFileTestRunner" time="0.0"/>
  <testcase name="testNonEmpty_transferTo_fromStart_countLessThanSize [DELETE_FILES [2, 128]]" classname="com.google.common.jimfs.RegularFileTest$RegularFileTestRunner" time="0.0"/>
  <testcase name="testNonEmpty_transferTo_fromMiddle_countEqualsSize [DELETE_FILES [2, 128]]" classname="com.google.common.jimfs.RegularFileTest$RegularFileTestRunner" time="0.0"/>
  <testcase name="testNonEmpty_transferTo_fromMiddle_countLessThanSize [DELETE_FILES [2, 128]]" classname="com.google.common.jimfs.RegularFileTest$RegularFileTestRunner" time="0.0"/>
  <testcase name="testNonEmpty_transferFrom_toStart_countEqualsSrcSize [DELETE_FILES [2, 128]]" classname="com.google.common.jimfs.RegularFileTest$RegularFileTestRunner" time="0.0"/>
  <testcase name="testNonEmpty_transferFrom_toStart_countLessThanSrcSize [DELETE_FILES [2, 128]]" classname="com.google.common.jimfs.RegularFileTest$RegularFileTestRunner" time="0.0"/>
  <testcase name="testNonEmpty_transferFrom_toStart_countGreaterThanSrcSize [DELETE_FILES [2, 128]]" classname="com.google.common.jimfs.RegularFileTest$RegularFileTestRunner" time="0.0"/>
  <testcase name="testNonEmpty_transferFrom_toMiddle_countEqualsSrcSize [DELETE_FILES [2, 128]]" classname="com.google.common.jimfs.RegularFileTest$RegularFileTestRunner" time="0.0"/>
  <testcase name="testNonEmpty_transferFrom_toMiddle_countLessThanSrcSize [DELETE_FILES [2, 128]]" classname="com.google.common.jimfs.RegularFileTest$RegularFileTestRunner" time="0.0"/>
  <testcase name="testNonEmpty_transferFrom_toMiddle_countGreaterThanSrcSize [DELETE_FILES [2, 128]]" classname="com.google.common.jimfs.RegularFileTest$RegularFileTestRunner" time="0.0"/>
  <testcase name="testNonEmpty_transferFrom_toMiddle_transferGoesBeyondContentSize [DELETE_FILES [2, 128]]" classname="com.google.common.jimfs.RegularFileTest$RegularFileTestRunner" time="0.0"/>
  <testcase name="testNonEmpty_transferFrom_toEnd [DELETE_FILES [2, 128]]" classname="com.google.common.jimfs.RegularFileTest$RegularFileTestRunner" time="0.0"/>
  <testcase name="testNonEmpty_transferFrom_positionGreaterThanSize [DELETE_FILES [2, 128]]" classname="com.google.common.jimfs.RegularFileTest$RegularFileTestRunner" time="0.0"/>
  <testcase name="testNonEmpty_transferFrom_hugeOverestimateCount [DELETE_FILES [2, 128]]" classname="com.google.common.jimfs.RegularFileTest$RegularFileTestRunner" time="0.0"/>
  <testcase name="testNonEmpty_copy [DELETE_FILES [2, 128]]" classname="com.google.common.jimfs.RegularFileTest$RegularFileTestRunner" time="0.0"/>
  <testcase name="testNonEmpty_copy_multipleTimes [DELETE_FILES [2, 128]]" classname="com.google.common.jimfs.RegularFileTest$RegularFileTestRunner" time="0.0"/>
  <testcase name="testNonEmpty_truncate_toZero [DELETE_FILES [2, 128]]" classname="com.google.common.jimfs.RegularFileTest$RegularFileTestRunner" time="0.0"/>
  <testcase name="testNonEmpty_truncate_partial [DELETE_FILES [2, 128]]" classname="com.google.common.jimfs.RegularFileTest$RegularFileTestRunner" time="0.0"/>
  <testcase name="testNonEmpty_truncate_sizeUp [DELETE_FILES [2, 128]]" classname="com.google.common.jimfs.RegularFileTest$RegularFileTestRunner" time="0.0"/>
  <testcase name="testDeletedStoreRemainsUsableWhileOpen [DELETE_FILES [2, 128]]" classname="com.google.common.jimfs.RegularFileTest$RegularFileTestRunner" time="0.0"/>
  <testcase name="testEmpty_write_singleByte_atNonZeroPosition [DELETE_FILES [2, -1]]" classname="com.google.common.jimfs.RegularFileTest$RegularFileTestRunner" time="0.0"/>
  <testcase name="testNonEmpty_write_partial_fromBeforeEnd_singleBuffer [DELETE_FILES [2, -1]]" classname="com.google.common.jimfs.RegularFileTest$RegularFileTestRunner" time="0.0"/>
  <testcase name="testEmpty_transferFrom_positionGreaterThanSize_countLessThanSrcSize [DELETE_FILES [2, -1]]" classname="com.google.common.jimfs.RegularFileTest$RegularFileTestRunner" time="0.0"/>
  <testcase name="testEmpty_write_singleByte_atStart [DELETE_FILES [2, -1]]" classname="com.google.common.jimfs.RegularFileTest$RegularFileTestRunner" time="0.0"/>
  <testcase name="testEmpty_write_byteArray_atStart [DELETE_FILES [2, -1]]" classname="com.google.common.jimfs.RegularFileTest$RegularFileTestRunner" time="0.0"/>
  <testcase name="testEmpty_write_singleBuffer_atNonZeroPosition [DELETE_FILES [2, -1]]" classname="com.google.common.jimfs.RegularFileTest$RegularFileTestRunner" time="0.0"/>
  <testcase name="testEmpty_write_multipleBuffers_atNonZeroPosition [DELETE_FILES [2, -1]]" classname="com.google.common.jimfs.RegularFileTest$RegularFileTestRunner" time="0.0"/>
  <testcase name="testEmpty_write_noBytesArray_atStart [DELETE_FILES [2, -1]]" classname="com.google.common.jimfs.RegularFileTest$RegularFileTestRunner" time="0.0"/>
  <testcase name="testEmpty_write_noBytesArray_atNonZeroPosition [DELETE_FILES [2, -1]]" classname="com.google.common.jimfs.RegularFileTest$RegularFileTestRunner" time="0.0"/>
  <testcase name="testEmpty_write_noBytesBuffer_atStart [DELETE_FILES [2, -1]]" classname="com.google.common.jimfs.RegularFileTest$RegularFileTestRunner" time="0.0"/>
  <testcase name="testEmpty_write_noBytesBuffer_atNonZeroPosition [DELETE_FILES [2, -1]]" classname="com.google.common.jimfs.RegularFileTest$RegularFileTestRunner" time="0.0"/>
  <testcase name="testEmpty_write_noBytesBuffers_atStart [DELETE_FILES [2, -1]]" classname="com.google.common.jimfs.RegularFileTest$RegularFileTestRunner" time="0.0"/>
  <testcase name="testEmpty_write_noBytesBuffers_atNonZeroPosition [DELETE_FILES [2, -1]]" classname="com.google.common.jimfs.RegularFileTest$RegularFileTestRunner" time="0.0"/>
  <testcase name="testEmpty_transferFrom_fromStart_countEqualsSrcSize [DELETE_FILES [2, -1]]" classname="com.google.common.jimfs.RegularFileTest$RegularFileTestRunner" time="0.0"/>
  <testcase name="testEmpty_transferFrom_fromStart_countLessThanSrcSize [DELETE_FILES [2, -1]]" classname="com.google.common.jimfs.RegularFileTest$RegularFileTestRunner" time="0.0"/>
  <testcase name="testEmpty_transferFrom_fromStart_countGreaterThanSrcSize [DELETE_FILES [2, -1]]" classname="com.google.common.jimfs.RegularFileTest$RegularFileTestRunner" time="0.0"/>
  <testcase name="testEmpty_transferFrom_positionGreaterThanSize [DELETE_FILES [2, -1]]" classname="com.google.common.jimfs.RegularFileTest$RegularFileTestRunner" time="0.0"/>
  <testcase name="testEmpty_transferFrom_positionGreaterThanSize_countEqualsSrcSize [DELETE_FILES [2, -1]]" classname="com.google.common.jimfs.RegularFileTest$RegularFileTestRunner" time="0.0"/>
  <testcase name="testEmpty_transferFrom_fromStart_noBytes_countEqualsSrcSize [DELETE_FILES [2, -1]]" classname="com.google.common.jimfs.RegularFileTest$RegularFileTestRunner" time="0.0"/>
  <testcase name="testEmpty_transferFrom_fromStart_noBytes_countGreaterThanSrcSize [DELETE_FILES [2, -1]]" classname="com.google.common.jimfs.RegularFileTest$RegularFileTestRunner" time="0.0"/>
  <testcase name="testEmpty_transferFrom_postionGreaterThanSrcSize_noBytes_countEqualsSrcSize [DELETE_FILES [2, -1]]" classname="com.google.common.jimfs.RegularFileTest$RegularFileTestRunner" time="0.0"/>
  <testcase name="testEmpty_transferFrom_postionGreaterThanSrcSize_noBytes_countGreaterThanSrcSize [DELETE_FILES [2, -1]]" classname="com.google.common.jimfs.RegularFileTest$RegularFileTestRunner" time="0.0"/>
  <testcase name="testEmpty_transferTo [DELETE_FILES [2, -1]]" classname="com.google.common.jimfs.RegularFileTest$RegularFileTestRunner" time="0.0"/>
  <testcase name="testEmpty_copy [DELETE_FILES [2, -1]]" classname="com.google.common.jimfs.RegularFileTest$RegularFileTestRunner" time="0.0"/>
  <testcase name="testEmpty_truncate_toZero [DELETE_FILES [2, -1]]" classname="com.google.common.jimfs.RegularFileTest$RegularFileTestRunner" time="0.0"/>
  <testcase name="testEmpty_truncate_sizeUp [DELETE_FILES [2, -1]]" classname="com.google.common.jimfs.RegularFileTest$RegularFileTestRunner" time="0.0"/>
  <testcase name="testNonEmpty [DELETE_FILES [2, -1]]" classname="com.google.common.jimfs.RegularFileTest$RegularFileTestRunner" time="0.0"/>
  <testcase name="testNonEmpty_read_singleByte [DELETE_FILES [2, -1]]" classname="com.google.common.jimfs.RegularFileTest$RegularFileTestRunner" time="0.0"/>
  <testcase name="testNonEmpty_read_all_byteArray [DELETE_FILES [2, -1]]" classname="com.google.common.jimfs.RegularFileTest$RegularFileTestRunner" time="0.0"/>
  <testcase name="testNonEmpty_read_all_singleBuffer [DELETE_FILES [2, -1]]" classname="com.google.common.jimfs.RegularFileTest$RegularFileTestRunner" time="0.0"/>
  <testcase name="testNonEmpty_read_all_multipleBuffers [DELETE_FILES [2, -1]]" classname="com.google.common.jimfs.RegularFileTest$RegularFileTestRunner" time="0.0"/>
  <testcase name="testNonEmpty_read_all_byteArray_largerThanContent [DELETE_FILES [2, -1]]" classname="com.google.common.jimfs.RegularFileTest$RegularFileTestRunner" time="0.0"/>
  <testcase name="testNonEmpty_read_all_singleBuffer_largerThanContent [DELETE_FILES [2, -1]]" classname="com.google.common.jimfs.RegularFileTest$RegularFileTestRunner" time="0.0"/>
  <testcase name="testNonEmpty_read_all_multipleBuffers_largerThanContent [DELETE_FILES [2, -1]]" classname="com.google.common.jimfs.RegularFileTest$RegularFileTestRunner" time="0.0"/>
  <testcase name="testNonEmpty_read_all_multipleBuffers_extraBuffers [DELETE_FILES [2, -1]]" classname="com.google.common.jimfs.RegularFileTest$RegularFileTestRunner" time="0.0"/>
  <testcase name="testNonEmpty_read_partial_fromStart_byteArray [DELETE_FILES [2, -1]]" classname="com.google.common.jimfs.RegularFileTest$RegularFileTestRunner" time="0.0"/>
  <testcase name="testNonEmpty_read_partial_fromMiddle_byteArray [DELETE_FILES [2, -1]]" classname="com.google.common.jimfs.RegularFileTest$RegularFileTestRunner" time="0.0"/>
  <testcase name="testNonEmpty_read_partial_fromEnd_byteArray [DELETE_FILES [2, -1]]" classname="com.google.common.jimfs.RegularFileTest$RegularFileTestRunner" time="0.0"/>
  <testcase name="testNonEmpty_read_partial_fromStart_singleBuffer [DELETE_FILES [2, -1]]" classname="com.google.common.jimfs.RegularFileTest$RegularFileTestRunner" time="0.0"/>
  <testcase name="testNonEmpty_read_partial_fromMiddle_singleBuffer [DELETE_FILES [2, -1]]" classname="com.google.common.jimfs.RegularFileTest$RegularFileTestRunner" time="0.0"/>
  <testcase name="testNonEmpty_read_partial_fromEnd_singleBuffer [DELETE_FILES [2, -1]]" classname="com.google.common.jimfs.RegularFileTest$RegularFileTestRunner" time="0.0"/>
  <testcase name="testEmpty_write_multipleBuffers_atStart [DELETE_FILES [2, -1]]" classname="com.google.common.jimfs.RegularFileTest$RegularFileTestRunner" time="0.0"/>
  <testcase name="testEmpty_write_byteArray_atNonZeroPosition [DELETE_FILES [2, -1]]" classname="com.google.common.jimfs.RegularFileTest$RegularFileTestRunner" time="0.0"/>
  <testcase name="testEmpty_read_singleByte [DELETE_FILES [2, -1]]" classname="com.google.common.jimfs.RegularFileTest$RegularFileTestRunner" time="0.0"/>
  <testcase name="testEmpty_read_byteArray [DELETE_FILES [2, -1]]" classname="com.google.common.jimfs.RegularFileTest$RegularFileTestRunner" time="0.0"/>
  <testcase name="testEmpty_read_singleBuffer [DELETE_FILES [2, -1]]" classname="com.google.common.jimfs.RegularFileTest$RegularFileTestRunner" time="0.0"/>
  <testcase name="testEmpty_read_multipleBuffers [DELETE_FILES [2, -1]]" classname="com.google.common.jimfs.RegularFileTest$RegularFileTestRunner" time="0.0"/>
  <testcase name="testEmpty_write_partialByteArray_atNonZeroPosition [DELETE_FILES [2, -1]]" classname="com.google.common.jimfs.RegularFileTest$RegularFileTestRunner" time="0.0"/>
  <testcase name="testEmpty_write_singleBuffer_atStart [DELETE_FILES [2, -1]]" classname="com.google.common.jimfs.RegularFileTest$RegularFileTestRunner" time="0.0"/>
  <testcase name="testEmpty_write_partialByteArray_atStart [DELETE_FILES [2, -1]]" classname="com.google.common.jimfs.RegularFileTest$RegularFileTestRunner" time="0.0"/>
  <testcase name="testEmpty_transferFrom_positionGreaterThanSize_countGreaterThanSrcSize [DELETE_FILES [2, -1]]" classname="com.google.common.jimfs.RegularFileTest$RegularFileTestRunner" time="0.0"/>
  <testcase name="testEmpty [DELETE_FILES [2, -1]]" classname="com.google.common.jimfs.RegularFileTest$RegularFileTestRunner" time="0.0"/>
  <testcase name="testNonEmpty_read_partial_fromStart_multipleBuffers [DELETE_FILES [2, -1]]" classname="com.google.common.jimfs.RegularFileTest$RegularFileTestRunner" time="0.0"/>
  <testcase name="testNonEmpty_read_partial_fromMiddle_multipleBuffers [DELETE_FILES [2, -1]]" classname="com.google.common.jimfs.RegularFileTest$RegularFileTestRunner" time="0.0"/>
  <testcase name="testNonEmpty_read_partial_fromEnd_multipleBuffers [DELETE_FILES [2, -1]]" classname="com.google.common.jimfs.RegularFileTest$RegularFileTestRunner" time="0.0"/>
  <testcase name="testNonEmpty_read_fromPastEnd_byteArray [DELETE_FILES [2, -1]]" classname="com.google.common.jimfs.RegularFileTest$RegularFileTestRunner" time="0.0"/>
  <testcase name="testNonEmpty_read_fromPastEnd_singleBuffer [DELETE_FILES [2, -1]]" classname="com.google.common.jimfs.RegularFileTest$RegularFileTestRunner" time="0.0"/>
  <testcase name="testNonEmpty_read_fromPastEnd_multipleBuffers [DELETE_FILES [2, -1]]" classname="com.google.common.jimfs.RegularFileTest$RegularFileTestRunner" time="0.0"/>
  <testcase name="testNonEmpty_write_partial_fromStart_singleByte [DELETE_FILES [2, -1]]" classname="com.google.common.jimfs.RegularFileTest$RegularFileTestRunner" time="0.0"/>
  <testcase name="testNonEmpty_write_partial_fromMiddle_singleByte [DELETE_FILES [2, -1]]" classname="com.google.common.jimfs.RegularFileTest$RegularFileTestRunner" time="0.0"/>
  <testcase name="testNonEmpty_write_partial_fromEnd_singleByte [DELETE_FILES [2, -1]]" classname="com.google.common.jimfs.RegularFileTest$RegularFileTestRunner" time="0.0"/>
  <testcase name="testNonEmpty_write_partial_fromStart_byteArray [DELETE_FILES [2, -1]]" classname="com.google.common.jimfs.RegularFileTest$RegularFileTestRunner" time="0.0"/>
  <testcase name="testNonEmpty_write_partial_fromMiddle_byteArray [DELETE_FILES [2, -1]]" classname="com.google.common.jimfs.RegularFileTest$RegularFileTestRunner" time="0.0"/>
  <testcase name="testNonEmpty_write_partial_fromBeforeEnd_byteArray [DELETE_FILES [2, -1]]" classname="com.google.common.jimfs.RegularFileTest$RegularFileTestRunner" time="0.0"/>
  <testcase name="testNonEmpty_write_partial_fromEnd_byteArray [DELETE_FILES [2, -1]]" classname="com.google.common.jimfs.RegularFileTest$RegularFileTestRunner" time="0.0"/>
  <testcase name="testNonEmpty_write_partial_fromPastEnd_byteArray [DELETE_FILES [2, -1]]" classname="com.google.common.jimfs.RegularFileTest$RegularFileTestRunner" time="0.0"/>
  <testcase name="testNonEmpty_write_partial_fromStart_singleBuffer [DELETE_FILES [2, -1]]" classname="com.google.common.jimfs.RegularFileTest$RegularFileTestRunner" time="0.0"/>
  <testcase name="testNonEmpty_write_partial_fromMiddle_singleBuffer [DELETE_FILES [2, -1]]" classname="com.google.common.jimfs.RegularFileTest$RegularFileTestRunner" time="0.0"/>
  <testcase name="testNonEmpty_write_partial_fromEnd_singleBuffer [DELETE_FILES [2, -1]]" classname="com.google.common.jimfs.RegularFileTest$RegularFileTestRunner" time="0.0"/>
  <testcase name="testNonEmpty_write_partial_fromPastEnd_singleBuffer [DELETE_FILES [2, -1]]" classname="com.google.common.jimfs.RegularFileTest$RegularFileTestRunner" time="0.0"/>
  <testcase name="testNonEmpty_write_partial_fromStart_multipleBuffers [DELETE_FILES [2, -1]]" classname="com.google.common.jimfs.RegularFileTest$RegularFileTestRunner" time="0.0"/>
  <testcase name="testNonEmpty_write_partial_fromMiddle_multipleBuffers [DELETE_FILES [2, -1]]" classname="com.google.common.jimfs.RegularFileTest$RegularFileTestRunner" time="0.0"/>
  <testcase name="testNonEmpty_write_partial_fromBeforeEnd_multipleBuffers [DELETE_FILES [2, -1]]" classname="com.google.common.jimfs.RegularFileTest$RegularFileTestRunner" time="0.0"/>
  <testcase name="testNonEmpty_write_partial_fromEnd_multipleBuffers [DELETE_FILES [2, -1]]" classname="com.google.common.jimfs.RegularFileTest$RegularFileTestRunner" time="0.0"/>
  <testcase name="testNonEmpty_write_partial_fromPastEnd_multipleBuffers [DELETE_FILES [2, -1]]" classname="com.google.common.jimfs.RegularFileTest$RegularFileTestRunner" time="0.0"/>
  <testcase name="testNonEmpty_write_overwrite_sameLength [DELETE_FILES [2, -1]]" classname="com.google.common.jimfs.RegularFileTest$RegularFileTestRunner" time="0.0"/>
  <testcase name="testNonEmpty_write_overwrite_greaterLength [DELETE_FILES [2, -1]]" classname="com.google.common.jimfs.RegularFileTest$RegularFileTestRunner" time="0.0"/>
  <testcase name="testNonEmpty_transferTo_fromStart_countEqualsSize [DELETE_FILES [2, -1]]" classname="com.google.common.jimfs.RegularFileTest$RegularFileTestRunner" time="0.0"/>
  <testcase name="testNonEmpty_transferTo_fromStart_countLessThanSize [DELETE_FILES [2, -1]]" classname="com.google.common.jimfs.RegularFileTest$RegularFileTestRunner" time="0.0"/>
  <testcase name="testNonEmpty_transferTo_fromMiddle_countEqualsSize [DELETE_FILES [2, -1]]" classname="com.google.common.jimfs.RegularFileTest$RegularFileTestRunner" time="0.0"/>
  <testcase name="testNonEmpty_transferTo_fromMiddle_countLessThanSize [DELETE_FILES [2, -1]]" classname="com.google.common.jimfs.RegularFileTest$RegularFileTestRunner" time="0.0"/>
  <testcase name="testNonEmpty_transferFrom_toStart_countEqualsSrcSize [DELETE_FILES [2, -1]]" classname="com.google.common.jimfs.RegularFileTest$RegularFileTestRunner" time="0.0"/>
  <testcase name="testNonEmpty_transferFrom_toStart_countLessThanSrcSize [DELETE_FILES [2, -1]]" classname="com.google.common.jimfs.RegularFileTest$RegularFileTestRunner" time="0.0"/>
  <testcase name="testNonEmpty_transferFrom_toStart_countGreaterThanSrcSize [DELETE_FILES [2, -1]]" classname="com.google.common.jimfs.RegularFileTest$RegularFileTestRunner" time="0.0"/>
  <testcase name="testNonEmpty_transferFrom_toMiddle_countEqualsSrcSize [DELETE_FILES [2, -1]]" classname="com.google.common.jimfs.RegularFileTest$RegularFileTestRunner" time="0.0"/>
  <testcase name="testNonEmpty_transferFrom_toMiddle_countLessThanSrcSize [DELETE_FILES [2, -1]]" classname="com.google.common.jimfs.RegularFileTest$RegularFileTestRunner" time="0.0"/>
  <testcase name="testNonEmpty_transferFrom_toMiddle_countGreaterThanSrcSize [DELETE_FILES [2, -1]]" classname="com.google.common.jimfs.RegularFileTest$RegularFileTestRunner" time="0.0"/>
  <testcase name="testNonEmpty_transferFrom_toMiddle_transferGoesBeyondContentSize [DELETE_FILES [2, -1]]" classname="com.google.common.jimfs.RegularFileTest$RegularFileTestRunner" time="0.0"/>
  <testcase name="testNonEmpty_transferFrom_toEnd [DELETE_FILES [2, -1]]" classname="com.google.common.jimfs.RegularFileTest$RegularFileTestRunner" time="0.0"/>
  <testcase name="testNonEmpty_transferFrom_positionGreaterThanSize [DELETE_FILES [2, -1]]" classname="com.google.common.jimfs.RegularFileTest$RegularFileTestRunner" time="0.0"/>
  <testcase name="testNonEmpty_transferFrom_hugeOverestimateCount [DELETE_FILES [2, -1]]" classname="com.google.common.jimfs.RegularFileTest$RegularFileTestRunner" time="0.0"/>
  <testcase name="testNonEmpty_copy [DELETE_FILES [2, -1]]" classname="com.google.common.jimfs.RegularFileTest$RegularFileTestRunner" time="0.0"/>
  <testcase name="testNonEmpty_copy_multipleTimes [DELETE_FILES [2, -1]]" classname="com.google.common.jimfs.RegularFileTest$RegularFileTestRunner" time="0.0"/>
  <testcase name="testNonEmpty_truncate_toZero [DELETE_FILES [2, -1]]" classname="com.google.common.jimfs.RegularFileTest$RegularFileTestRunner" time="0.0"/>
  <testcase name="testNonEmpty_truncate_partial [DELETE_FILES [2, -1]]" classname="com.google.common.jimfs.RegularFileTest$RegularFileTestRunner" time="0.0"/>
  <testcase name="testNonEmpty_truncate_sizeUp [DELETE_FILES [2, -1]]" classname="com.google.common.jimfs.RegularFileTest$RegularFileTestRunner" time="0.0"/>
  <testcase name="testDeletedStoreRemainsUsableWhileOpen [DELETE_FILES [2, -1]]" classname="com.google.common.jimfs.RegularFileTest$RegularFileTestRunner" time="0.0"/>
  <testcase name="testEmpty_write_singleByte_atNonZeroPosition [DELETE_FILES [8, 0]]" classname="com.google.common.jimfs.RegularFileTest$RegularFileTestRunner" time="0.0"/>
  <testcase name="testNonEmpty_write_partial_fromBeforeEnd_singleBuffer [DELETE_FILES [8, 0]]" classname="com.google.common.jimfs.RegularFileTest$RegularFileTestRunner" time="0.0"/>
  <testcase name="testEmpty_transferFrom_positionGreaterThanSize_countLessThanSrcSize [DELETE_FILES [8, 0]]" classname="com.google.common.jimfs.RegularFileTest$RegularFileTestRunner" time="0.0"/>
  <testcase name="testEmpty_write_singleByte_atStart [DELETE_FILES [8, 0]]" classname="com.google.common.jimfs.RegularFileTest$RegularFileTestRunner" time="0.0"/>
  <testcase name="testEmpty_write_byteArray_atStart [DELETE_FILES [8, 0]]" classname="com.google.common.jimfs.RegularFileTest$RegularFileTestRunner" time="0.0"/>
  <testcase name="testEmpty_write_singleBuffer_atNonZeroPosition [DELETE_FILES [8, 0]]" classname="com.google.common.jimfs.RegularFileTest$RegularFileTestRunner" time="0.0"/>
  <testcase name="testEmpty_write_multipleBuffers_atNonZeroPosition [DELETE_FILES [8, 0]]" classname="com.google.common.jimfs.RegularFileTest$RegularFileTestRunner" time="0.0"/>
  <testcase name="testEmpty_write_noBytesArray_atStart [DELETE_FILES [8, 0]]" classname="com.google.common.jimfs.RegularFileTest$RegularFileTestRunner" time="0.0"/>
  <testcase name="testEmpty_write_noBytesArray_atNonZeroPosition [DELETE_FILES [8, 0]]" classname="com.google.common.jimfs.RegularFileTest$RegularFileTestRunner" time="0.0"/>
  <testcase name="testEmpty_write_noBytesBuffer_atStart [DELETE_FILES [8, 0]]" classname="com.google.common.jimfs.RegularFileTest$RegularFileTestRunner" time="0.0"/>
  <testcase name="testEmpty_write_noBytesBuffer_atNonZeroPosition [DELETE_FILES [8, 0]]" classname="com.google.common.jimfs.RegularFileTest$RegularFileTestRunner" time="0.0"/>
  <testcase name="testEmpty_write_noBytesBuffers_atStart [DELETE_FILES [8, 0]]" classname="com.google.common.jimfs.RegularFileTest$RegularFileTestRunner" time="0.0"/>
  <testcase name="testEmpty_write_noBytesBuffers_atNonZeroPosition [DELETE_FILES [8, 0]]" classname="com.google.common.jimfs.RegularFileTest$RegularFileTestRunner" time="0.0"/>
  <testcase name="testEmpty_transferFrom_fromStart_countEqualsSrcSize [DELETE_FILES [8, 0]]" classname="com.google.common.jimfs.RegularFileTest$RegularFileTestRunner" time="0.0"/>
  <testcase name="testEmpty_transferFrom_fromStart_countLessThanSrcSize [DELETE_FILES [8, 0]]" classname="com.google.common.jimfs.RegularFileTest$RegularFileTestRunner" time="0.0"/>
  <testcase name="testEmpty_transferFrom_fromStart_countGreaterThanSrcSize [DELETE_FILES [8, 0]]" classname="com.google.common.jimfs.RegularFileTest$RegularFileTestRunner" time="0.0"/>
  <testcase name="testEmpty_transferFrom_positionGreaterThanSize [DELETE_FILES [8, 0]]" classname="com.google.common.jimfs.RegularFileTest$RegularFileTestRunner" time="0.0"/>
  <testcase name="testEmpty_transferFrom_positionGreaterThanSize_countEqualsSrcSize [DELETE_FILES [8, 0]]" classname="com.google.common.jimfs.RegularFileTest$RegularFileTestRunner" time="0.0"/>
  <testcase name="testEmpty_transferFrom_fromStart_noBytes_countEqualsSrcSize [DELETE_FILES [8, 0]]" classname="com.google.common.jimfs.RegularFileTest$RegularFileTestRunner" time="0.0"/>
  <testcase name="testEmpty_transferFrom_fromStart_noBytes_countGreaterThanSrcSize [DELETE_FILES [8, 0]]" classname="com.google.common.jimfs.RegularFileTest$RegularFileTestRunner" time="0.0"/>
  <testcase name="testEmpty_transferFrom_postionGreaterThanSrcSize_noBytes_countEqualsSrcSize [DELETE_FILES [8, 0]]" classname="com.google.common.jimfs.RegularFileTest$RegularFileTestRunner" time="0.0"/>
  <testcase name="testEmpty_transferFrom_postionGreaterThanSrcSize_noBytes_countGreaterThanSrcSize [DELETE_FILES [8, 0]]" classname="com.google.common.jimfs.RegularFileTest$RegularFileTestRunner" time="0.0"/>
  <testcase name="testEmpty_transferTo [DELETE_FILES [8, 0]]" classname="com.google.common.jimfs.RegularFileTest$RegularFileTestRunner" time="0.0"/>
  <testcase name="testEmpty_copy [DELETE_FILES [8, 0]]" classname="com.google.common.jimfs.RegularFileTest$RegularFileTestRunner" time="0.0"/>
  <testcase name="testEmpty_truncate_toZero [DELETE_FILES [8, 0]]" classname="com.google.common.jimfs.RegularFileTest$RegularFileTestRunner" time="0.0"/>
  <testcase name="testEmpty_truncate_sizeUp [DELETE_FILES [8, 0]]" classname="com.google.common.jimfs.RegularFileTest$RegularFileTestRunner" time="0.0"/>
  <testcase name="testNonEmpty [DELETE_FILES [8, 0]]" classname="com.google.common.jimfs.RegularFileTest$RegularFileTestRunner" time="0.0"/>
  <testcase name="testNonEmpty_read_singleByte [DELETE_FILES [8, 0]]" classname="com.google.common.jimfs.RegularFileTest$RegularFileTestRunner" time="0.0"/>
  <testcase name="testNonEmpty_read_all_byteArray [DELETE_FILES [8, 0]]" classname="com.google.common.jimfs.RegularFileTest$RegularFileTestRunner" time="0.0"/>
  <testcase name="testNonEmpty_read_all_singleBuffer [DELETE_FILES [8, 0]]" classname="com.google.common.jimfs.RegularFileTest$RegularFileTestRunner" time="0.0"/>
  <testcase name="testNonEmpty_read_all_multipleBuffers [DELETE_FILES [8, 0]]" classname="com.google.common.jimfs.RegularFileTest$RegularFileTestRunner" time="0.0"/>
  <testcase name="testNonEmpty_read_all_byteArray_largerThanContent [DELETE_FILES [8, 0]]" classname="com.google.common.jimfs.RegularFileTest$RegularFileTestRunner" time="0.0"/>
  <testcase name="testNonEmpty_read_all_singleBuffer_largerThanContent [DELETE_FILES [8, 0]]" classname="com.google.common.jimfs.RegularFileTest$RegularFileTestRunner" time="0.0"/>
  <testcase name="testNonEmpty_read_all_multipleBuffers_largerThanContent [DELETE_FILES [8, 0]]" classname="com.google.common.jimfs.RegularFileTest$RegularFileTestRunner" time="0.0"/>
  <testcase name="testNonEmpty_read_all_multipleBuffers_extraBuffers [DELETE_FILES [8, 0]]" classname="com.google.common.jimfs.RegularFileTest$RegularFileTestRunner" time="0.0"/>
  <testcase name="testNonEmpty_read_partial_fromStart_byteArray [DELETE_FILES [8, 0]]" classname="com.google.common.jimfs.RegularFileTest$RegularFileTestRunner" time="0.0"/>
  <testcase name="testNonEmpty_read_partial_fromMiddle_byteArray [DELETE_FILES [8, 0]]" classname="com.google.common.jimfs.RegularFileTest$RegularFileTestRunner" time="0.0"/>
  <testcase name="testNonEmpty_read_partial_fromEnd_byteArray [DELETE_FILES [8, 0]]" classname="com.google.common.jimfs.RegularFileTest$RegularFileTestRunner" time="0.0"/>
  <testcase name="testNonEmpty_read_partial_fromStart_singleBuffer [DELETE_FILES [8, 0]]" classname="com.google.common.jimfs.RegularFileTest$RegularFileTestRunner" time="0.0"/>
  <testcase name="testNonEmpty_read_partial_fromMiddle_singleBuffer [DELETE_FILES [8, 0]]" classname="com.google.common.jimfs.RegularFileTest$RegularFileTestRunner" time="0.0"/>
  <testcase name="testNonEmpty_read_partial_fromEnd_singleBuffer [DELETE_FILES [8, 0]]" classname="com.google.common.jimfs.RegularFileTest$RegularFileTestRunner" time="0.0"/>
  <testcase name="testEmpty_write_multipleBuffers_atStart [DELETE_FILES [8, 0]]" classname="com.google.common.jimfs.RegularFileTest$RegularFileTestRunner" time="0.0"/>
  <testcase name="testEmpty_write_byteArray_atNonZeroPosition [DELETE_FILES [8, 0]]" classname="com.google.common.jimfs.RegularFileTest$RegularFileTestRunner" time="0.0"/>
  <testcase name="testEmpty_read_singleByte [DELETE_FILES [8, 0]]" classname="com.google.common.jimfs.RegularFileTest$RegularFileTestRunner" time="0.0"/>
  <testcase name="testEmpty_read_byteArray [DELETE_FILES [8, 0]]" classname="com.google.common.jimfs.RegularFileTest$RegularFileTestRunner" time="0.0"/>
  <testcase name="testEmpty_read_singleBuffer [DELETE_FILES [8, 0]]" classname="com.google.common.jimfs.RegularFileTest$RegularFileTestRunner" time="0.0"/>
  <testcase name="testEmpty_read_multipleBuffers [DELETE_FILES [8, 0]]" classname="com.google.common.jimfs.RegularFileTest$RegularFileTestRunner" time="0.0"/>
  <testcase name="testEmpty_write_partialByteArray_atNonZeroPosition [DELETE_FILES [8, 0]]" classname="com.google.common.jimfs.RegularFileTest$RegularFileTestRunner" time="0.0"/>
  <testcase name="testEmpty_write_singleBuffer_atStart [DELETE_FILES [8, 0]]" classname="com.google.common.jimfs.RegularFileTest$RegularFileTestRunner" time="0.0"/>
  <testcase name="testEmpty_write_partialByteArray_atStart [DELETE_FILES [8, 0]]" classname="com.google.common.jimfs.RegularFileTest$RegularFileTestRunner" time="0.0"/>
  <testcase name="testEmpty_transferFrom_positionGreaterThanSize_countGreaterThanSrcSize [DELETE_FILES [8, 0]]" classname="com.google.common.jimfs.RegularFileTest$RegularFileTestRunner" time="0.0"/>
  <testcase name="testEmpty [DELETE_FILES [8, 0]]" classname="com.google.common.jimfs.RegularFileTest$RegularFileTestRunner" time="0.0"/>
  <testcase name="testNonEmpty_read_partial_fromStart_multipleBuffers [DELETE_FILES [8, 0]]" classname="com.google.common.jimfs.RegularFileTest$RegularFileTestRunner" time="0.0"/>
  <testcase name="testNonEmpty_read_partial_fromMiddle_multipleBuffers [DELETE_FILES [8, 0]]" classname="com.google.common.jimfs.RegularFileTest$RegularFileTestRunner" time="0.0"/>
  <testcase name="testNonEmpty_read_partial_fromEnd_multipleBuffers [DELETE_FILES [8, 0]]" classname="com.google.common.jimfs.RegularFileTest$RegularFileTestRunner" time="0.001"/>
  <testcase name="testNonEmpty_read_fromPastEnd_byteArray [DELETE_FILES [8, 0]]" classname="com.google.common.jimfs.RegularFileTest$RegularFileTestRunner" time="0.0"/>
  <testcase name="testNonEmpty_read_fromPastEnd_singleBuffer [DELETE_FILES [8, 0]]" classname="com.google.common.jimfs.RegularFileTest$RegularFileTestRunner" time="0.0"/>
  <testcase name="testNonEmpty_read_fromPastEnd_multipleBuffers [DELETE_FILES [8, 0]]" classname="com.google.common.jimfs.RegularFileTest$RegularFileTestRunner" time="0.0"/>
  <testcase name="testNonEmpty_write_partial_fromStart_singleByte [DELETE_FILES [8, 0]]" classname="com.google.common.jimfs.RegularFileTest$RegularFileTestRunner" time="0.0"/>
  <testcase name="testNonEmpty_write_partial_fromMiddle_singleByte [DELETE_FILES [8, 0]]" classname="com.google.common.jimfs.RegularFileTest$RegularFileTestRunner" time="0.0"/>
  <testcase name="testNonEmpty_write_partial_fromEnd_singleByte [DELETE_FILES [8, 0]]" classname="com.google.common.jimfs.RegularFileTest$RegularFileTestRunner" time="0.0"/>
  <testcase name="testNonEmpty_write_partial_fromStart_byteArray [DELETE_FILES [8, 0]]" classname="com.google.common.jimfs.RegularFileTest$RegularFileTestRunner" time="0.0"/>
  <testcase name="testNonEmpty_write_partial_fromMiddle_byteArray [DELETE_FILES [8, 0]]" classname="com.google.common.jimfs.RegularFileTest$RegularFileTestRunner" time="0.0"/>
  <testcase name="testNonEmpty_write_partial_fromBeforeEnd_byteArray [DELETE_FILES [8, 0]]" classname="com.google.common.jimfs.RegularFileTest$RegularFileTestRunner" time="0.0"/>
  <testcase name="testNonEmpty_write_partial_fromEnd_byteArray [DELETE_FILES [8, 0]]" classname="com.google.common.jimfs.RegularFileTest$RegularFileTestRunner" time="0.0"/>
  <testcase name="testNonEmpty_write_partial_fromPastEnd_byteArray [DELETE_FILES [8, 0]]" classname="com.google.common.jimfs.RegularFileTest$RegularFileTestRunner" time="0.0"/>
  <testcase name="testNonEmpty_write_partial_fromStart_singleBuffer [DELETE_FILES [8, 0]]" classname="com.google.common.jimfs.RegularFileTest$RegularFileTestRunner" time="0.0"/>
  <testcase name="testNonEmpty_write_partial_fromMiddle_singleBuffer [DELETE_FILES [8, 0]]" classname="com.google.common.jimfs.RegularFileTest$RegularFileTestRunner" time="0.0"/>
  <testcase name="testNonEmpty_write_partial_fromEnd_singleBuffer [DELETE_FILES [8, 0]]" classname="com.google.common.jimfs.RegularFileTest$RegularFileTestRunner" time="0.0"/>
  <testcase name="testNonEmpty_write_partial_fromPastEnd_singleBuffer [DELETE_FILES [8, 0]]" classname="com.google.common.jimfs.RegularFileTest$RegularFileTestRunner" time="0.0"/>
  <testcase name="testNonEmpty_write_partial_fromStart_multipleBuffers [DELETE_FILES [8, 0]]" classname="com.google.common.jimfs.RegularFileTest$RegularFileTestRunner" time="0.0"/>
  <testcase name="testNonEmpty_write_partial_fromMiddle_multipleBuffers [DELETE_FILES [8, 0]]" classname="com.google.common.jimfs.RegularFileTest$RegularFileTestRunner" time="0.0"/>
  <testcase name="testNonEmpty_write_partial_fromBeforeEnd_multipleBuffers [DELETE_FILES [8, 0]]" classname="com.google.common.jimfs.RegularFileTest$RegularFileTestRunner" time="0.0"/>
  <testcase name="testNonEmpty_write_partial_fromEnd_multipleBuffers [DELETE_FILES [8, 0]]" classname="com.google.common.jimfs.RegularFileTest$RegularFileTestRunner" time="0.0"/>
  <testcase name="testNonEmpty_write_partial_fromPastEnd_multipleBuffers [DELETE_FILES [8, 0]]" classname="com.google.common.jimfs.RegularFileTest$RegularFileTestRunner" time="0.0"/>
  <testcase name="testNonEmpty_write_overwrite_sameLength [DELETE_FILES [8, 0]]" classname="com.google.common.jimfs.RegularFileTest$RegularFileTestRunner" time="0.0"/>
  <testcase name="testNonEmpty_write_overwrite_greaterLength [DELETE_FILES [8, 0]]" classname="com.google.common.jimfs.RegularFileTest$RegularFileTestRunner" time="0.0"/>
  <testcase name="testNonEmpty_transferTo_fromStart_countEqualsSize [DELETE_FILES [8, 0]]" classname="com.google.common.jimfs.RegularFileTest$RegularFileTestRunner" time="0.0"/>
  <testcase name="testNonEmpty_transferTo_fromStart_countLessThanSize [DELETE_FILES [8, 0]]" classname="com.google.common.jimfs.RegularFileTest$RegularFileTestRunner" time="0.0"/>
  <testcase name="testNonEmpty_transferTo_fromMiddle_countEqualsSize [DELETE_FILES [8, 0]]" classname="com.google.common.jimfs.RegularFileTest$RegularFileTestRunner" time="0.0"/>
  <testcase name="testNonEmpty_transferTo_fromMiddle_countLessThanSize [DELETE_FILES [8, 0]]" classname="com.google.common.jimfs.RegularFileTest$RegularFileTestRunner" time="0.0"/>
  <testcase name="testNonEmpty_transferFrom_toStart_countEqualsSrcSize [DELETE_FILES [8, 0]]" classname="com.google.common.jimfs.RegularFileTest$RegularFileTestRunner" time="0.0"/>
  <testcase name="testNonEmpty_transferFrom_toStart_countLessThanSrcSize [DELETE_FILES [8, 0]]" classname="com.google.common.jimfs.RegularFileTest$RegularFileTestRunner" time="0.0"/>
  <testcase name="testNonEmpty_transferFrom_toStart_countGreaterThanSrcSize [DELETE_FILES [8, 0]]" classname="com.google.common.jimfs.RegularFileTest$RegularFileTestRunner" time="0.0"/>
  <testcase name="testNonEmpty_transferFrom_toMiddle_countEqualsSrcSize [DELETE_FILES [8, 0]]" classname="com.google.common.jimfs.RegularFileTest$RegularFileTestRunner" time="0.0"/>
  <testcase name="testNonEmpty_transferFrom_toMiddle_countLessThanSrcSize [DELETE_FILES [8, 0]]" classname="com.google.common.jimfs.RegularFileTest$RegularFileTestRunner" time="0.0"/>
  <testcase name="testNonEmpty_transferFrom_toMiddle_countGreaterThanSrcSize [DELETE_FILES [8, 0]]" classname="com.google.common.jimfs.RegularFileTest$RegularFileTestRunner" time="0.0"/>
  <testcase name="testNonEmpty_transferFrom_toMiddle_transferGoesBeyondContentSize [DELETE_FILES [8, 0]]" classname="com.google.common.jimfs.RegularFileTest$RegularFileTestRunner" time="0.001"/>
  <testcase name="testNonEmpty_transferFrom_toEnd [DELETE_FILES [8, 0]]" classname="com.google.common.jimfs.RegularFileTest$RegularFileTestRunner" time="0.0"/>
  <testcase name="testNonEmpty_transferFrom_positionGreaterThanSize [DELETE_FILES [8, 0]]" classname="com.google.common.jimfs.RegularFileTest$RegularFileTestRunner" time="0.0"/>
  <testcase name="testNonEmpty_transferFrom_hugeOverestimateCount [DELETE_FILES [8, 0]]" classname="com.google.common.jimfs.RegularFileTest$RegularFileTestRunner" time="0.0"/>
  <testcase name="testNonEmpty_copy [DELETE_FILES [8, 0]]" classname="com.google.common.jimfs.RegularFileTest$RegularFileTestRunner" time="0.0"/>
  <testcase name="testNonEmpty_copy_multipleTimes [DELETE_FILES [8, 0]]" classname="com.google.common.jimfs.RegularFileTest$RegularFileTestRunner" time="0.0"/>
  <testcase name="testNonEmpty_truncate_toZero [DELETE_FILES [8, 0]]" classname="com.google.common.jimfs.RegularFileTest$RegularFileTestRunner" time="0.0"/>
  <testcase name="testNonEmpty_truncate_partial [DELETE_FILES [8, 0]]" classname="com.google.common.jimfs.RegularFileTest$RegularFileTestRunner" time="0.0"/>
  <testcase name="testNonEmpty_truncate_sizeUp [DELETE_FILES [8, 0]]" classname="com.google.common.jimfs.RegularFileTest$RegularFileTestRunner" time="0.0"/>
  <testcase name="testDeletedStoreRemainsUsableWhileOpen [DELETE_FILES [8, 0]]" classname="com.google.common.jimfs.RegularFileTest$RegularFileTestRunner" time="0.0"/>
  <testcase name="testEmpty_write_singleByte_atNonZeroPosition [DELETE_FILES [8, 16]]" classname="com.google.common.jimfs.RegularFileTest$RegularFileTestRunner" time="0.0"/>
  <testcase name="testNonEmpty_write_partial_fromBeforeEnd_singleBuffer [DELETE_FILES [8, 16]]" classname="com.google.common.jimfs.RegularFileTest$RegularFileTestRunner" time="0.0"/>
  <testcase name="testEmpty_transferFrom_positionGreaterThanSize_countLessThanSrcSize [DELETE_FILES [8, 16]]" classname="com.google.common.jimfs.RegularFileTest$RegularFileTestRunner" time="0.0"/>
  <testcase name="testEmpty_write_singleByte_atStart [DELETE_FILES [8, 16]]" classname="com.google.common.jimfs.RegularFileTest$RegularFileTestRunner" time="0.0"/>
  <testcase name="testEmpty_write_byteArray_atStart [DELETE_FILES [8, 16]]" classname="com.google.common.jimfs.RegularFileTest$RegularFileTestRunner" time="0.0"/>
  <testcase name="testEmpty_write_singleBuffer_atNonZeroPosition [DELETE_FILES [8, 16]]" classname="com.google.common.jimfs.RegularFileTest$RegularFileTestRunner" time="0.0"/>
  <testcase name="testEmpty_write_multipleBuffers_atNonZeroPosition [DELETE_FILES [8, 16]]" classname="com.google.common.jimfs.RegularFileTest$RegularFileTestRunner" time="0.0"/>
  <testcase name="testEmpty_write_noBytesArray_atStart [DELETE_FILES [8, 16]]" classname="com.google.common.jimfs.RegularFileTest$RegularFileTestRunner" time="0.0"/>
  <testcase name="testEmpty_write_noBytesArray_atNonZeroPosition [DELETE_FILES [8, 16]]" classname="com.google.common.jimfs.RegularFileTest$RegularFileTestRunner" time="0.0"/>
  <testcase name="testEmpty_write_noBytesBuffer_atStart [DELETE_FILES [8, 16]]" classname="com.google.common.jimfs.RegularFileTest$RegularFileTestRunner" time="0.0"/>
  <testcase name="testEmpty_write_noBytesBuffer_atNonZeroPosition [DELETE_FILES [8, 16]]" classname="com.google.common.jimfs.RegularFileTest$RegularFileTestRunner" time="0.0"/>
  <testcase name="testEmpty_write_noBytesBuffers_atStart [DELETE_FILES [8, 16]]" classname="com.google.common.jimfs.RegularFileTest$RegularFileTestRunner" time="0.0"/>
  <testcase name="testEmpty_write_noBytesBuffers_atNonZeroPosition [DELETE_FILES [8, 16]]" classname="com.google.common.jimfs.RegularFileTest$RegularFileTestRunner" time="0.0"/>
  <testcase name="testEmpty_transferFrom_fromStart_countEqualsSrcSize [DELETE_FILES [8, 16]]" classname="com.google.common.jimfs.RegularFileTest$RegularFileTestRunner" time="0.0"/>
  <testcase name="testEmpty_transferFrom_fromStart_countLessThanSrcSize [DELETE_FILES [8, 16]]" classname="com.google.common.jimfs.RegularFileTest$RegularFileTestRunner" time="0.0"/>
  <testcase name="testEmpty_transferFrom_fromStart_countGreaterThanSrcSize [DELETE_FILES [8, 16]]" classname="com.google.common.jimfs.RegularFileTest$RegularFileTestRunner" time="0.0"/>
  <testcase name="testEmpty_transferFrom_positionGreaterThanSize [DELETE_FILES [8, 16]]" classname="com.google.common.jimfs.RegularFileTest$RegularFileTestRunner" time="0.0"/>
  <testcase name="testEmpty_transferFrom_positionGreaterThanSize_countEqualsSrcSize [DELETE_FILES [8, 16]]" classname="com.google.common.jimfs.RegularFileTest$RegularFileTestRunner" time="0.0"/>
  <testcase name="testEmpty_transferFrom_fromStart_noBytes_countEqualsSrcSize [DELETE_FILES [8, 16]]" classname="com.google.common.jimfs.RegularFileTest$RegularFileTestRunner" time="0.0"/>
  <testcase name="testEmpty_transferFrom_fromStart_noBytes_countGreaterThanSrcSize [DELETE_FILES [8, 16]]" classname="com.google.common.jimfs.RegularFileTest$RegularFileTestRunner" time="0.0"/>
  <testcase name="testEmpty_transferFrom_postionGreaterThanSrcSize_noBytes_countEqualsSrcSize [DELETE_FILES [8, 16]]" classname="com.google.common.jimfs.RegularFileTest$RegularFileTestRunner" time="0.0"/>
  <testcase name="testEmpty_transferFrom_postionGreaterThanSrcSize_noBytes_countGreaterThanSrcSize [DELETE_FILES [8, 16]]" classname="com.google.common.jimfs.RegularFileTest$RegularFileTestRunner" time="0.002"/>
  <testcase name="testEmpty_transferTo [DELETE_FILES [8, 16]]" classname="com.google.common.jimfs.RegularFileTest$RegularFileTestRunner" time="0.0"/>
  <testcase name="testEmpty_copy [DELETE_FILES [8, 16]]" classname="com.google.common.jimfs.RegularFileTest$RegularFileTestRunner" time="0.0"/>
  <testcase name="testEmpty_truncate_toZero [DELETE_FILES [8, 16]]" classname="com.google.common.jimfs.RegularFileTest$RegularFileTestRunner" time="0.0"/>
  <testcase name="testEmpty_truncate_sizeUp [DELETE_FILES [8, 16]]" classname="com.google.common.jimfs.RegularFileTest$RegularFileTestRunner" time="0.0"/>
  <testcase name="testNonEmpty [DELETE_FILES [8, 16]]" classname="com.google.common.jimfs.RegularFileTest$RegularFileTestRunner" time="0.0"/>
  <testcase name="testNonEmpty_read_singleByte [DELETE_FILES [8, 16]]" classname="com.google.common.jimfs.RegularFileTest$RegularFileTestRunner" time="0.0"/>
  <testcase name="testNonEmpty_read_all_byteArray [DELETE_FILES [8, 16]]" classname="com.google.common.jimfs.RegularFileTest$RegularFileTestRunner" time="0.0"/>
  <testcase name="testNonEmpty_read_all_singleBuffer [DELETE_FILES [8, 16]]" classname="com.google.common.jimfs.RegularFileTest$RegularFileTestRunner" time="0.0"/>
  <testcase name="testNonEmpty_read_all_multipleBuffers [DELETE_FILES [8, 16]]" classname="com.google.common.jimfs.RegularFileTest$RegularFileTestRunner" time="0.0"/>
  <testcase name="testNonEmpty_read_all_byteArray_largerThanContent [DELETE_FILES [8, 16]]" classname="com.google.common.jimfs.RegularFileTest$RegularFileTestRunner" time="0.0"/>
  <testcase name="testNonEmpty_read_all_singleBuffer_largerThanContent [DELETE_FILES [8, 16]]" classname="com.google.common.jimfs.RegularFileTest$RegularFileTestRunner" time="0.0"/>
  <testcase name="testNonEmpty_read_all_multipleBuffers_largerThanContent [DELETE_FILES [8, 16]]" classname="com.google.common.jimfs.RegularFileTest$RegularFileTestRunner" time="0.0"/>
  <testcase name="testNonEmpty_read_all_multipleBuffers_extraBuffers [DELETE_FILES [8, 16]]" classname="com.google.common.jimfs.RegularFileTest$RegularFileTestRunner" time="0.0"/>
  <testcase name="testNonEmpty_read_partial_fromStart_byteArray [DELETE_FILES [8, 16]]" classname="com.google.common.jimfs.RegularFileTest$RegularFileTestRunner" time="0.0"/>
  <testcase name="testNonEmpty_read_partial_fromMiddle_byteArray [DELETE_FILES [8, 16]]" classname="com.google.common.jimfs.RegularFileTest$RegularFileTestRunner" time="0.0"/>
  <testcase name="testNonEmpty_read_partial_fromEnd_byteArray [DELETE_FILES [8, 16]]" classname="com.google.common.jimfs.RegularFileTest$RegularFileTestRunner" time="0.0"/>
  <testcase name="testNonEmpty_read_partial_fromStart_singleBuffer [DELETE_FILES [8, 16]]" classname="com.google.common.jimfs.RegularFileTest$RegularFileTestRunner" time="0.0"/>
  <testcase name="testNonEmpty_read_partial_fromMiddle_singleBuffer [DELETE_FILES [8, 16]]" classname="com.google.common.jimfs.RegularFileTest$RegularFileTestRunner" time="0.0"/>
  <testcase name="testNonEmpty_read_partial_fromEnd_singleBuffer [DELETE_FILES [8, 16]]" classname="com.google.common.jimfs.RegularFileTest$RegularFileTestRunner" time="0.0"/>
  <testcase name="testEmpty_write_multipleBuffers_atStart [DELETE_FILES [8, 16]]" classname="com.google.common.jimfs.RegularFileTest$RegularFileTestRunner" time="0.0"/>
  <testcase name="testEmpty_write_byteArray_atNonZeroPosition [DELETE_FILES [8, 16]]" classname="com.google.common.jimfs.RegularFileTest$RegularFileTestRunner" time="0.0"/>
  <testcase name="testEmpty_read_singleByte [DELETE_FILES [8, 16]]" classname="com.google.common.jimfs.RegularFileTest$RegularFileTestRunner" time="0.0"/>
  <testcase name="testEmpty_read_byteArray [DELETE_FILES [8, 16]]" classname="com.google.common.jimfs.RegularFileTest$RegularFileTestRunner" time="0.0"/>
  <testcase name="testEmpty_read_singleBuffer [DELETE_FILES [8, 16]]" classname="com.google.common.jimfs.RegularFileTest$RegularFileTestRunner" time="0.0"/>
  <testcase name="testEmpty_read_multipleBuffers [DELETE_FILES [8, 16]]" classname="com.google.common.jimfs.RegularFileTest$RegularFileTestRunner" time="0.0"/>
  <testcase name="testEmpty_write_partialByteArray_atNonZeroPosition [DELETE_FILES [8, 16]]" classname="com.google.common.jimfs.RegularFileTest$RegularFileTestRunner" time="0.0"/>
  <testcase name="testEmpty_write_singleBuffer_atStart [DELETE_FILES [8, 16]]" classname="com.google.common.jimfs.RegularFileTest$RegularFileTestRunner" time="0.0"/>
  <testcase name="testEmpty_write_partialByteArray_atStart [DELETE_FILES [8, 16]]" classname="com.google.common.jimfs.RegularFileTest$RegularFileTestRunner" time="0.0"/>
  <testcase name="testEmpty_transferFrom_positionGreaterThanSize_countGreaterThanSrcSize [DELETE_FILES [8, 16]]" classname="com.google.common.jimfs.RegularFileTest$RegularFileTestRunner" time="0.0"/>
  <testcase name="testEmpty [DELETE_FILES [8, 16]]" classname="com.google.common.jimfs.RegularFileTest$RegularFileTestRunner" time="0.0"/>
  <testcase name="testNonEmpty_read_partial_fromStart_multipleBuffers [DELETE_FILES [8, 16]]" classname="com.google.common.jimfs.RegularFileTest$RegularFileTestRunner" time="0.0"/>
  <testcase name="testNonEmpty_read_partial_fromMiddle_multipleBuffers [DELETE_FILES [8, 16]]" classname="com.google.common.jimfs.RegularFileTest$RegularFileTestRunner" time="0.0"/>
  <testcase name="testNonEmpty_read_partial_fromEnd_multipleBuffers [DELETE_FILES [8, 16]]" classname="com.google.common.jimfs.RegularFileTest$RegularFileTestRunner" time="0.0"/>
  <testcase name="testNonEmpty_read_fromPastEnd_byteArray [DELETE_FILES [8, 16]]" classname="com.google.common.jimfs.RegularFileTest$RegularFileTestRunner" time="0.0"/>
  <testcase name="testNonEmpty_read_fromPastEnd_singleBuffer [DELETE_FILES [8, 16]]" classname="com.google.common.jimfs.RegularFileTest$RegularFileTestRunner" time="0.0"/>
  <testcase name="testNonEmpty_read_fromPastEnd_multipleBuffers [DELETE_FILES [8, 16]]" classname="com.google.common.jimfs.RegularFileTest$RegularFileTestRunner" time="0.0"/>
  <testcase name="testNonEmpty_write_partial_fromStart_singleByte [DELETE_FILES [8, 16]]" classname="com.google.common.jimfs.RegularFileTest$RegularFileTestRunner" time="0.0"/>
  <testcase name="testNonEmpty_write_partial_fromMiddle_singleByte [DELETE_FILES [8, 16]]" classname="com.google.common.jimfs.RegularFileTest$RegularFileTestRunner" time="0.0"/>
  <testcase name="testNonEmpty_write_partial_fromEnd_singleByte [DELETE_FILES [8, 16]]" classname="com.google.common.jimfs.RegularFileTest$RegularFileTestRunner" time="0.0"/>
  <testcase name="testNonEmpty_write_partial_fromStart_byteArray [DELETE_FILES [8, 16]]" classname="com.google.common.jimfs.RegularFileTest$RegularFileTestRunner" time="0.0"/>
  <testcase name="testNonEmpty_write_partial_fromMiddle_byteArray [DELETE_FILES [8, 16]]" classname="com.google.common.jimfs.RegularFileTest$RegularFileTestRunner" time="0.0"/>
  <testcase name="testNonEmpty_write_partial_fromBeforeEnd_byteArray [DELETE_FILES [8, 16]]" classname="com.google.common.jimfs.RegularFileTest$RegularFileTestRunner" time="0.0"/>
  <testcase name="testNonEmpty_write_partial_fromEnd_byteArray [DELETE_FILES [8, 16]]" classname="com.google.common.jimfs.RegularFileTest$RegularFileTestRunner" time="0.0"/>
  <testcase name="testNonEmpty_write_partial_fromPastEnd_byteArray [DELETE_FILES [8, 16]]" classname="com.google.common.jimfs.RegularFileTest$RegularFileTestRunner" time="0.0"/>
  <testcase name="testNonEmpty_write_partial_fromStart_singleBuffer [DELETE_FILES [8, 16]]" classname="com.google.common.jimfs.RegularFileTest$RegularFileTestRunner" time="0.0"/>
  <testcase name="testNonEmpty_write_partial_fromMiddle_singleBuffer [DELETE_FILES [8, 16]]" classname="com.google.common.jimfs.RegularFileTest$RegularFileTestRunner" time="0.0"/>
  <testcase name="testNonEmpty_write_partial_fromEnd_singleBuffer [DELETE_FILES [8, 16]]" classname="com.google.common.jimfs.RegularFileTest$RegularFileTestRunner" time="0.0"/>
  <testcase name="testNonEmpty_write_partial_fromPastEnd_singleBuffer [DELETE_FILES [8, 16]]" classname="com.google.common.jimfs.RegularFileTest$RegularFileTestRunner" time="0.0"/>
  <testcase name="testNonEmpty_write_partial_fromStart_multipleBuffers [DELETE_FILES [8, 16]]" classname="com.google.common.jimfs.RegularFileTest$RegularFileTestRunner" time="0.0"/>
  <testcase name="testNonEmpty_write_partial_fromMiddle_multipleBuffers [DELETE_FILES [8, 16]]" classname="com.google.common.jimfs.RegularFileTest$RegularFileTestRunner" time="0.0"/>
  <testcase name="testNonEmpty_write_partial_fromBeforeEnd_multipleBuffers [DELETE_FILES [8, 16]]" classname="com.google.common.jimfs.RegularFileTest$RegularFileTestRunner" time="0.0"/>
  <testcase name="testNonEmpty_write_partial_fromEnd_multipleBuffers [DELETE_FILES [8, 16]]" classname="com.google.common.jimfs.RegularFileTest$RegularFileTestRunner" time="0.0"/>
  <testcase name="testNonEmpty_write_partial_fromPastEnd_multipleBuffers [DELETE_FILES [8, 16]]" classname="com.google.common.jimfs.RegularFileTest$RegularFileTestRunner" time="0.0"/>
  <testcase name="testNonEmpty_write_overwrite_sameLength [DELETE_FILES [8, 16]]" classname="com.google.common.jimfs.RegularFileTest$RegularFileTestRunner" time="0.0"/>
  <testcase name="testNonEmpty_write_overwrite_greaterLength [DELETE_FILES [8, 16]]" classname="com.google.common.jimfs.RegularFileTest$RegularFileTestRunner" time="0.0"/>
  <testcase name="testNonEmpty_transferTo_fromStart_countEqualsSize [DELETE_FILES [8, 16]]" classname="com.google.common.jimfs.RegularFileTest$RegularFileTestRunner" time="0.0"/>
  <testcase name="testNonEmpty_transferTo_fromStart_countLessThanSize [DELETE_FILES [8, 16]]" classname="com.google.common.jimfs.RegularFileTest$RegularFileTestRunner" time="0.0"/>
  <testcase name="testNonEmpty_transferTo_fromMiddle_countEqualsSize [DELETE_FILES [8, 16]]" classname="com.google.common.jimfs.RegularFileTest$RegularFileTestRunner" time="0.0"/>
  <testcase name="testNonEmpty_transferTo_fromMiddle_countLessThanSize [DELETE_FILES [8, 16]]" classname="com.google.common.jimfs.RegularFileTest$RegularFileTestRunner" time="0.0"/>
  <testcase name="testNonEmpty_transferFrom_toStart_countEqualsSrcSize [DELETE_FILES [8, 16]]" classname="com.google.common.jimfs.RegularFileTest$RegularFileTestRunner" time="0.0"/>
  <testcase name="testNonEmpty_transferFrom_toStart_countLessThanSrcSize [DELETE_FILES [8, 16]]" classname="com.google.common.jimfs.RegularFileTest$RegularFileTestRunner" time="0.0"/>
  <testcase name="testNonEmpty_transferFrom_toStart_countGreaterThanSrcSize [DELETE_FILES [8, 16]]" classname="com.google.common.jimfs.RegularFileTest$RegularFileTestRunner" time="0.0"/>
  <testcase name="testNonEmpty_transferFrom_toMiddle_countEqualsSrcSize [DELETE_FILES [8, 16]]" classname="com.google.common.jimfs.RegularFileTest$RegularFileTestRunner" time="0.0"/>
  <testcase name="testNonEmpty_transferFrom_toMiddle_countLessThanSrcSize [DELETE_FILES [8, 16]]" classname="com.google.common.jimfs.RegularFileTest$RegularFileTestRunner" time="0.0"/>
  <testcase name="testNonEmpty_transferFrom_toMiddle_countGreaterThanSrcSize [DELETE_FILES [8, 16]]" classname="com.google.common.jimfs.RegularFileTest$RegularFileTestRunner" time="0.0"/>
  <testcase name="testNonEmpty_transferFrom_toMiddle_transferGoesBeyondContentSize [DELETE_FILES [8, 16]]" classname="com.google.common.jimfs.RegularFileTest$RegularFileTestRunner" time="0.0"/>
  <testcase name="testNonEmpty_transferFrom_toEnd [DELETE_FILES [8, 16]]" classname="com.google.common.jimfs.RegularFileTest$RegularFileTestRunner" time="0.0"/>
  <testcase name="testNonEmpty_transferFrom_positionGreaterThanSize [DELETE_FILES [8, 16]]" classname="com.google.common.jimfs.RegularFileTest$RegularFileTestRunner" time="0.0"/>
  <testcase name="testNonEmpty_transferFrom_hugeOverestimateCount [DELETE_FILES [8, 16]]" classname="com.google.common.jimfs.RegularFileTest$RegularFileTestRunner" time="0.0"/>
  <testcase name="testNonEmpty_copy [DELETE_FILES [8, 16]]" classname="com.google.common.jimfs.RegularFileTest$RegularFileTestRunner" time="0.0"/>
  <testcase name="testNonEmpty_copy_multipleTimes [DELETE_FILES [8, 16]]" classname="com.google.common.jimfs.RegularFileTest$RegularFileTestRunner" time="0.0"/>
  <testcase name="testNonEmpty_truncate_toZero [DELETE_FILES [8, 16]]" classname="com.google.common.jimfs.RegularFileTest$RegularFileTestRunner" time="0.0"/>
  <testcase name="testNonEmpty_truncate_partial [DELETE_FILES [8, 16]]" classname="com.google.common.jimfs.RegularFileTest$RegularFileTestRunner" time="0.0"/>
  <testcase name="testNonEmpty_truncate_sizeUp [DELETE_FILES [8, 16]]" classname="com.google.common.jimfs.RegularFileTest$RegularFileTestRunner" time="0.0"/>
  <testcase name="testDeletedStoreRemainsUsableWhileOpen [DELETE_FILES [8, 16]]" classname="com.google.common.jimfs.RegularFileTest$RegularFileTestRunner" time="0.0"/>
  <testcase name="testEmpty_write_singleByte_atNonZeroPosition [DELETE_FILES [8, 128]]" classname="com.google.common.jimfs.RegularFileTest$RegularFileTestRunner" time="0.0"/>
  <testcase name="testNonEmpty_write_partial_fromBeforeEnd_singleBuffer [DELETE_FILES [8, 128]]" classname="com.google.common.jimfs.RegularFileTest$RegularFileTestRunner" time="0.0"/>
  <testcase name="testEmpty_transferFrom_positionGreaterThanSize_countLessThanSrcSize [DELETE_FILES [8, 128]]" classname="com.google.common.jimfs.RegularFileTest$RegularFileTestRunner" time="0.0"/>
  <testcase name="testEmpty_write_singleByte_atStart [DELETE_FILES [8, 128]]" classname="com.google.common.jimfs.RegularFileTest$RegularFileTestRunner" time="0.0"/>
  <testcase name="testEmpty_write_byteArray_atStart [DELETE_FILES [8, 128]]" classname="com.google.common.jimfs.RegularFileTest$RegularFileTestRunner" time="0.0"/>
  <testcase name="testEmpty_write_singleBuffer_atNonZeroPosition [DELETE_FILES [8, 128]]" classname="com.google.common.jimfs.RegularFileTest$RegularFileTestRunner" time="0.0"/>
  <testcase name="testEmpty_write_multipleBuffers_atNonZeroPosition [DELETE_FILES [8, 128]]" classname="com.google.common.jimfs.RegularFileTest$RegularFileTestRunner" time="0.0"/>
  <testcase name="testEmpty_write_noBytesArray_atStart [DELETE_FILES [8, 128]]" classname="com.google.common.jimfs.RegularFileTest$RegularFileTestRunner" time="0.0"/>
  <testcase name="testEmpty_write_noBytesArray_atNonZeroPosition [DELETE_FILES [8, 128]]" classname="com.google.common.jimfs.RegularFileTest$RegularFileTestRunner" time="0.0"/>
  <testcase name="testEmpty_write_noBytesBuffer_atStart [DELETE_FILES [8, 128]]" classname="com.google.common.jimfs.RegularFileTest$RegularFileTestRunner" time="0.0"/>
  <testcase name="testEmpty_write_noBytesBuffer_atNonZeroPosition [DELETE_FILES [8, 128]]" classname="com.google.common.jimfs.RegularFileTest$RegularFileTestRunner" time="0.0"/>
  <testcase name="testEmpty_write_noBytesBuffers_atStart [DELETE_FILES [8, 128]]" classname="com.google.common.jimfs.RegularFileTest$RegularFileTestRunner" time="0.0"/>
  <testcase name="testEmpty_write_noBytesBuffers_atNonZeroPosition [DELETE_FILES [8, 128]]" classname="com.google.common.jimfs.RegularFileTest$RegularFileTestRunner" time="0.0"/>
  <testcase name="testEmpty_transferFrom_fromStart_countEqualsSrcSize [DELETE_FILES [8, 128]]" classname="com.google.common.jimfs.RegularFileTest$RegularFileTestRunner" time="0.0"/>
  <testcase name="testEmpty_transferFrom_fromStart_countLessThanSrcSize [DELETE_FILES [8, 128]]" classname="com.google.common.jimfs.RegularFileTest$RegularFileTestRunner" time="0.0"/>
  <testcase name="testEmpty_transferFrom_fromStart_countGreaterThanSrcSize [DELETE_FILES [8, 128]]" classname="com.google.common.jimfs.RegularFileTest$RegularFileTestRunner" time="0.0"/>
  <testcase name="testEmpty_transferFrom_positionGreaterThanSize [DELETE_FILES [8, 128]]" classname="com.google.common.jimfs.RegularFileTest$RegularFileTestRunner" time="0.0"/>
  <testcase name="testEmpty_transferFrom_positionGreaterThanSize_countEqualsSrcSize [DELETE_FILES [8, 128]]" classname="com.google.common.jimfs.RegularFileTest$RegularFileTestRunner" time="0.0"/>
  <testcase name="testEmpty_transferFrom_fromStart_noBytes_countEqualsSrcSize [DELETE_FILES [8, 128]]" classname="com.google.common.jimfs.RegularFileTest$RegularFileTestRunner" time="0.0"/>
  <testcase name="testEmpty_transferFrom_fromStart_noBytes_countGreaterThanSrcSize [DELETE_FILES [8, 128]]" classname="com.google.common.jimfs.RegularFileTest$RegularFileTestRunner" time="0.0"/>
  <testcase name="testEmpty_transferFrom_postionGreaterThanSrcSize_noBytes_countEqualsSrcSize [DELETE_FILES [8, 128]]" classname="com.google.common.jimfs.RegularFileTest$RegularFileTestRunner" time="0.0"/>
  <testcase name="testEmpty_transferFrom_postionGreaterThanSrcSize_noBytes_countGreaterThanSrcSize [DELETE_FILES [8, 128]]" classname="com.google.common.jimfs.RegularFileTest$RegularFileTestRunner" time="0.0"/>
  <testcase name="testEmpty_transferTo [DELETE_FILES [8, 128]]" classname="com.google.common.jimfs.RegularFileTest$RegularFileTestRunner" time="0.0"/>
  <testcase name="testEmpty_copy [DELETE_FILES [8, 128]]" classname="com.google.common.jimfs.RegularFileTest$RegularFileTestRunner" time="0.0"/>
  <testcase name="testEmpty_truncate_toZero [DELETE_FILES [8, 128]]" classname="com.google.common.jimfs.RegularFileTest$RegularFileTestRunner" time="0.0"/>
  <testcase name="testEmpty_truncate_sizeUp [DELETE_FILES [8, 128]]" classname="com.google.common.jimfs.RegularFileTest$RegularFileTestRunner" time="0.0"/>
  <testcase name="testNonEmpty [DELETE_FILES [8, 128]]" classname="com.google.common.jimfs.RegularFileTest$RegularFileTestRunner" time="0.0"/>
  <testcase name="testNonEmpty_read_singleByte [DELETE_FILES [8, 128]]" classname="com.google.common.jimfs.RegularFileTest$RegularFileTestRunner" time="0.0"/>
  <testcase name="testNonEmpty_read_all_byteArray [DELETE_FILES [8, 128]]" classname="com.google.common.jimfs.RegularFileTest$RegularFileTestRunner" time="0.0"/>
  <testcase name="testNonEmpty_read_all_singleBuffer [DELETE_FILES [8, 128]]" classname="com.google.common.jimfs.RegularFileTest$RegularFileTestRunner" time="0.0"/>
  <testcase name="testNonEmpty_read_all_multipleBuffers [DELETE_FILES [8, 128]]" classname="com.google.common.jimfs.RegularFileTest$RegularFileTestRunner" time="0.0"/>
  <testcase name="testNonEmpty_read_all_byteArray_largerThanContent [DELETE_FILES [8, 128]]" classname="com.google.common.jimfs.RegularFileTest$RegularFileTestRunner" time="0.0"/>
  <testcase name="testNonEmpty_read_all_singleBuffer_largerThanContent [DELETE_FILES [8, 128]]" classname="com.google.common.jimfs.RegularFileTest$RegularFileTestRunner" time="0.0"/>
  <testcase name="testNonEmpty_read_all_multipleBuffers_largerThanContent [DELETE_FILES [8, 128]]" classname="com.google.common.jimfs.RegularFileTest$RegularFileTestRunner" time="0.0"/>
  <testcase name="testNonEmpty_read_all_multipleBuffers_extraBuffers [DELETE_FILES [8, 128]]" classname="com.google.common.jimfs.RegularFileTest$RegularFileTestRunner" time="0.0"/>
  <testcase name="testNonEmpty_read_partial_fromStart_byteArray [DELETE_FILES [8, 128]]" classname="com.google.common.jimfs.RegularFileTest$RegularFileTestRunner" time="0.0"/>
  <testcase name="testNonEmpty_read_partial_fromMiddle_byteArray [DELETE_FILES [8, 128]]" classname="com.google.common.jimfs.RegularFileTest$RegularFileTestRunner" time="0.0"/>
  <testcase name="testNonEmpty_read_partial_fromEnd_byteArray [DELETE_FILES [8, 128]]" classname="com.google.common.jimfs.RegularFileTest$RegularFileTestRunner" time="0.0"/>
  <testcase name="testNonEmpty_read_partial_fromStart_singleBuffer [DELETE_FILES [8, 128]]" classname="com.google.common.jimfs.RegularFileTest$RegularFileTestRunner" time="0.0"/>
  <testcase name="testNonEmpty_read_partial_fromMiddle_singleBuffer [DELETE_FILES [8, 128]]" classname="com.google.common.jimfs.RegularFileTest$RegularFileTestRunner" time="0.0"/>
  <testcase name="testNonEmpty_read_partial_fromEnd_singleBuffer [DELETE_FILES [8, 128]]" classname="com.google.common.jimfs.RegularFileTest$RegularFileTestRunner" time="0.0"/>
  <testcase name="testEmpty_write_multipleBuffers_atStart [DELETE_FILES [8, 128]]" classname="com.google.common.jimfs.RegularFileTest$RegularFileTestRunner" time="0.0"/>
  <testcase name="testEmpty_write_byteArray_atNonZeroPosition [DELETE_FILES [8, 128]]" classname="com.google.common.jimfs.RegularFileTest$RegularFileTestRunner" time="0.0"/>
  <testcase name="testEmpty_read_singleByte [DELETE_FILES [8, 128]]" classname="com.google.common.jimfs.RegularFileTest$RegularFileTestRunner" time="0.0"/>
  <testcase name="testEmpty_read_byteArray [DELETE_FILES [8, 128]]" classname="com.google.common.jimfs.RegularFileTest$RegularFileTestRunner" time="0.0"/>
  <testcase name="testEmpty_read_singleBuffer [DELETE_FILES [8, 128]]" classname="com.google.common.jimfs.RegularFileTest$RegularFileTestRunner" time="0.0"/>
  <testcase name="testEmpty_read_multipleBuffers [DELETE_FILES [8, 128]]" classname="com.google.common.jimfs.RegularFileTest$RegularFileTestRunner" time="0.0"/>
  <testcase name="testEmpty_write_partialByteArray_atNonZeroPosition [DELETE_FILES [8, 128]]" classname="com.google.common.jimfs.RegularFileTest$RegularFileTestRunner" time="0.0"/>
  <testcase name="testEmpty_write_singleBuffer_atStart [DELETE_FILES [8, 128]]" classname="com.google.common.jimfs.RegularFileTest$RegularFileTestRunner" time="0.0"/>
  <testcase name="testEmpty_write_partialByteArray_atStart [DELETE_FILES [8, 128]]" classname="com.google.common.jimfs.RegularFileTest$RegularFileTestRunner" time="0.0"/>
  <testcase name="testEmpty_transferFrom_positionGreaterThanSize_countGreaterThanSrcSize [DELETE_FILES [8, 128]]" classname="com.google.common.jimfs.RegularFileTest$RegularFileTestRunner" time="0.0"/>
  <testcase name="testEmpty [DELETE_FILES [8, 128]]" classname="com.google.common.jimfs.RegularFileTest$RegularFileTestRunner" time="0.0"/>
  <testcase name="testNonEmpty_read_partial_fromStart_multipleBuffers [DELETE_FILES [8, 128]]" classname="com.google.common.jimfs.RegularFileTest$RegularFileTestRunner" time="0.0"/>
  <testcase name="testNonEmpty_read_partial_fromMiddle_multipleBuffers [DELETE_FILES [8, 128]]" classname="com.google.common.jimfs.RegularFileTest$RegularFileTestRunner" time="0.0"/>
  <testcase name="testNonEmpty_read_partial_fromEnd_multipleBuffers [DELETE_FILES [8, 128]]" classname="com.google.common.jimfs.RegularFileTest$RegularFileTestRunner" time="0.0"/>
  <testcase name="testNonEmpty_read_fromPastEnd_byteArray [DELETE_FILES [8, 128]]" classname="com.google.common.jimfs.RegularFileTest$RegularFileTestRunner" time="0.0"/>
  <testcase name="testNonEmpty_read_fromPastEnd_singleBuffer [DELETE_FILES [8, 128]]" classname="com.google.common.jimfs.RegularFileTest$RegularFileTestRunner" time="0.0"/>
  <testcase name="testNonEmpty_read_fromPastEnd_multipleBuffers [DELETE_FILES [8, 128]]" classname="com.google.common.jimfs.RegularFileTest$RegularFileTestRunner" time="0.0"/>
  <testcase name="testNonEmpty_write_partial_fromStart_singleByte [DELETE_FILES [8, 128]]" classname="com.google.common.jimfs.RegularFileTest$RegularFileTestRunner" time="0.0"/>
  <testcase name="testNonEmpty_write_partial_fromMiddle_singleByte [DELETE_FILES [8, 128]]" classname="com.google.common.jimfs.RegularFileTest$RegularFileTestRunner" time="0.0"/>
  <testcase name="testNonEmpty_write_partial_fromEnd_singleByte [DELETE_FILES [8, 128]]" classname="com.google.common.jimfs.RegularFileTest$RegularFileTestRunner" time="0.0"/>
  <testcase name="testNonEmpty_write_partial_fromStart_byteArray [DELETE_FILES [8, 128]]" classname="com.google.common.jimfs.RegularFileTest$RegularFileTestRunner" time="0.0"/>
  <testcase name="testNonEmpty_write_partial_fromMiddle_byteArray [DELETE_FILES [8, 128]]" classname="com.google.common.jimfs.RegularFileTest$RegularFileTestRunner" time="0.0"/>
  <testcase name="testNonEmpty_write_partial_fromBeforeEnd_byteArray [DELETE_FILES [8, 128]]" classname="com.google.common.jimfs.RegularFileTest$RegularFileTestRunner" time="0.0"/>
  <testcase name="testNonEmpty_write_partial_fromEnd_byteArray [DELETE_FILES [8, 128]]" classname="com.google.common.jimfs.RegularFileTest$RegularFileTestRunner" time="0.0"/>
  <testcase name="testNonEmpty_write_partial_fromPastEnd_byteArray [DELETE_FILES [8, 128]]" classname="com.google.common.jimfs.RegularFileTest$RegularFileTestRunner" time="0.0"/>
  <testcase name="testNonEmpty_write_partial_fromStart_singleBuffer [DELETE_FILES [8, 128]]" classname="com.google.common.jimfs.RegularFileTest$RegularFileTestRunner" time="0.0"/>
  <testcase name="testNonEmpty_write_partial_fromMiddle_singleBuffer [DELETE_FILES [8, 128]]" classname="com.google.common.jimfs.RegularFileTest$RegularFileTestRunner" time="0.0"/>
  <testcase name="testNonEmpty_write_partial_fromEnd_singleBuffer [DELETE_FILES [8, 128]]" classname="com.google.common.jimfs.RegularFileTest$RegularFileTestRunner" time="0.0"/>
  <testcase name="testNonEmpty_write_partial_fromPastEnd_singleBuffer [DELETE_FILES [8, 128]]" classname="com.google.common.jimfs.RegularFileTest$RegularFileTestRunner" time="0.0"/>
  <testcase name="testNonEmpty_write_partial_fromStart_multipleBuffers [DELETE_FILES [8, 128]]" classname="com.google.common.jimfs.RegularFileTest$RegularFileTestRunner" time="0.0"/>
  <testcase name="testNonEmpty_write_partial_fromMiddle_multipleBuffers [DELETE_FILES [8, 128]]" classname="com.google.common.jimfs.RegularFileTest$RegularFileTestRunner" time="0.0"/>
  <testcase name="testNonEmpty_write_partial_fromBeforeEnd_multipleBuffers [DELETE_FILES [8, 128]]" classname="com.google.common.jimfs.RegularFileTest$RegularFileTestRunner" time="0.0"/>
  <testcase name="testNonEmpty_write_partial_fromEnd_multipleBuffers [DELETE_FILES [8, 128]]" classname="com.google.common.jimfs.RegularFileTest$RegularFileTestRunner" time="0.0"/>
  <testcase name="testNonEmpty_write_partial_fromPastEnd_multipleBuffers [DELETE_FILES [8, 128]]" classname="com.google.common.jimfs.RegularFileTest$RegularFileTestRunner" time="0.0"/>
  <testcase name="testNonEmpty_write_overwrite_sameLength [DELETE_FILES [8, 128]]" classname="com.google.common.jimfs.RegularFileTest$RegularFileTestRunner" time="0.0"/>
  <testcase name="testNonEmpty_write_overwrite_greaterLength [DELETE_FILES [8, 128]]" classname="com.google.common.jimfs.RegularFileTest$RegularFileTestRunner" time="0.0"/>
  <testcase name="testNonEmpty_transferTo_fromStart_countEqualsSize [DELETE_FILES [8, 128]]" classname="com.google.common.jimfs.RegularFileTest$RegularFileTestRunner" time="0.0"/>
  <testcase name="testNonEmpty_transferTo_fromStart_countLessThanSize [DELETE_FILES [8, 128]]" classname="com.google.common.jimfs.RegularFileTest$RegularFileTestRunner" time="0.0"/>
  <testcase name="testNonEmpty_transferTo_fromMiddle_countEqualsSize [DELETE_FILES [8, 128]]" classname="com.google.common.jimfs.RegularFileTest$RegularFileTestRunner" time="0.0"/>
  <testcase name="testNonEmpty_transferTo_fromMiddle_countLessThanSize [DELETE_FILES [8, 128]]" classname="com.google.common.jimfs.RegularFileTest$RegularFileTestRunner" time="0.0"/>
  <testcase name="testNonEmpty_transferFrom_toStart_countEqualsSrcSize [DELETE_FILES [8, 128]]" classname="com.google.common.jimfs.RegularFileTest$RegularFileTestRunner" time="0.0"/>
  <testcase name="testNonEmpty_transferFrom_toStart_countLessThanSrcSize [DELETE_FILES [8, 128]]" classname="com.google.common.jimfs.RegularFileTest$RegularFileTestRunner" time="0.0"/>
  <testcase name="testNonEmpty_transferFrom_toStart_countGreaterThanSrcSize [DELETE_FILES [8, 128]]" classname="com.google.common.jimfs.RegularFileTest$RegularFileTestRunner" time="0.0"/>
  <testcase name="testNonEmpty_transferFrom_toMiddle_countEqualsSrcSize [DELETE_FILES [8, 128]]" classname="com.google.common.jimfs.RegularFileTest$RegularFileTestRunner" time="0.0"/>
  <testcase name="testNonEmpty_transferFrom_toMiddle_countLessThanSrcSize [DELETE_FILES [8, 128]]" classname="com.google.common.jimfs.RegularFileTest$RegularFileTestRunner" time="0.0"/>
  <testcase name="testNonEmpty_transferFrom_toMiddle_countGreaterThanSrcSize [DELETE_FILES [8, 128]]" classname="com.google.common.jimfs.RegularFileTest$RegularFileTestRunner" time="0.0"/>
  <testcase name="testNonEmpty_transferFrom_toMiddle_transferGoesBeyondContentSize [DELETE_FILES [8, 128]]" classname="com.google.common.jimfs.RegularFileTest$RegularFileTestRunner" time="0.0"/>
  <testcase name="testNonEmpty_transferFrom_toEnd [DELETE_FILES [8, 128]]" classname="com.google.common.jimfs.RegularFileTest$RegularFileTestRunner" time="0.0"/>
  <testcase name="testNonEmpty_transferFrom_positionGreaterThanSize [DELETE_FILES [8, 128]]" classname="com.google.common.jimfs.RegularFileTest$RegularFileTestRunner" time="0.0"/>
  <testcase name="testNonEmpty_transferFrom_hugeOverestimateCount [DELETE_FILES [8, 128]]" classname="com.google.common.jimfs.RegularFileTest$RegularFileTestRunner" time="0.0"/>
  <testcase name="testNonEmpty_copy [DELETE_FILES [8, 128]]" classname="com.google.common.jimfs.RegularFileTest$RegularFileTestRunner" time="0.0"/>
  <testcase name="testNonEmpty_copy_multipleTimes [DELETE_FILES [8, 128]]" classname="com.google.common.jimfs.RegularFileTest$RegularFileTestRunner" time="0.0"/>
  <testcase name="testNonEmpty_truncate_toZero [DELETE_FILES [8, 128]]" classname="com.google.common.jimfs.RegularFileTest$RegularFileTestRunner" time="0.0"/>
  <testcase name="testNonEmpty_truncate_partial [DELETE_FILES [8, 128]]" classname="com.google.common.jimfs.RegularFileTest$RegularFileTestRunner" time="0.0"/>
  <testcase name="testNonEmpty_truncate_sizeUp [DELETE_FILES [8, 128]]" classname="com.google.common.jimfs.RegularFileTest$RegularFileTestRunner" time="0.0"/>
  <testcase name="testDeletedStoreRemainsUsableWhileOpen [DELETE_FILES [8, 128]]" classname="com.google.common.jimfs.RegularFileTest$RegularFileTestRunner" time="0.0"/>
  <testcase name="testEmpty_write_singleByte_atNonZeroPosition [DELETE_FILES [8, -1]]" classname="com.google.common.jimfs.RegularFileTest$RegularFileTestRunner" time="0.0"/>
  <testcase name="testNonEmpty_write_partial_fromBeforeEnd_singleBuffer [DELETE_FILES [8, -1]]" classname="com.google.common.jimfs.RegularFileTest$RegularFileTestRunner" time="0.0"/>
  <testcase name="testEmpty_transferFrom_positionGreaterThanSize_countLessThanSrcSize [DELETE_FILES [8, -1]]" classname="com.google.common.jimfs.RegularFileTest$RegularFileTestRunner" time="0.0"/>
  <testcase name="testEmpty_write_singleByte_atStart [DELETE_FILES [8, -1]]" classname="com.google.common.jimfs.RegularFileTest$RegularFileTestRunner" time="0.0"/>
  <testcase name="testEmpty_write_byteArray_atStart [DELETE_FILES [8, -1]]" classname="com.google.common.jimfs.RegularFileTest$RegularFileTestRunner" time="0.0"/>
  <testcase name="testEmpty_write_singleBuffer_atNonZeroPosition [DELETE_FILES [8, -1]]" classname="com.google.common.jimfs.RegularFileTest$RegularFileTestRunner" time="0.0"/>
  <testcase name="testEmpty_write_multipleBuffers_atNonZeroPosition [DELETE_FILES [8, -1]]" classname="com.google.common.jimfs.RegularFileTest$RegularFileTestRunner" time="0.0"/>
  <testcase name="testEmpty_write_noBytesArray_atStart [DELETE_FILES [8, -1]]" classname="com.google.common.jimfs.RegularFileTest$RegularFileTestRunner" time="0.0"/>
  <testcase name="testEmpty_write_noBytesArray_atNonZeroPosition [DELETE_FILES [8, -1]]" classname="com.google.common.jimfs.RegularFileTest$RegularFileTestRunner" time="0.0"/>
  <testcase name="testEmpty_write_noBytesBuffer_atStart [DELETE_FILES [8, -1]]" classname="com.google.common.jimfs.RegularFileTest$RegularFileTestRunner" time="0.0"/>
  <testcase name="testEmpty_write_noBytesBuffer_atNonZeroPosition [DELETE_FILES [8, -1]]" classname="com.google.common.jimfs.RegularFileTest$RegularFileTestRunner" time="0.0"/>
  <testcase name="testEmpty_write_noBytesBuffers_atStart [DELETE_FILES [8, -1]]" classname="com.google.common.jimfs.RegularFileTest$RegularFileTestRunner" time="0.0"/>
  <testcase name="testEmpty_write_noBytesBuffers_atNonZeroPosition [DELETE_FILES [8, -1]]" classname="com.google.common.jimfs.RegularFileTest$RegularFileTestRunner" time="0.0"/>
  <testcase name="testEmpty_transferFrom_fromStart_countEqualsSrcSize [DELETE_FILES [8, -1]]" classname="com.google.common.jimfs.RegularFileTest$RegularFileTestRunner" time="0.0"/>
  <testcase name="testEmpty_transferFrom_fromStart_countLessThanSrcSize [DELETE_FILES [8, -1]]" classname="com.google.common.jimfs.RegularFileTest$RegularFileTestRunner" time="0.0"/>
  <testcase name="testEmpty_transferFrom_fromStart_countGreaterThanSrcSize [DELETE_FILES [8, -1]]" classname="com.google.common.jimfs.RegularFileTest$RegularFileTestRunner" time="0.0"/>
  <testcase name="testEmpty_transferFrom_positionGreaterThanSize [DELETE_FILES [8, -1]]" classname="com.google.common.jimfs.RegularFileTest$RegularFileTestRunner" time="0.0"/>
  <testcase name="testEmpty_transferFrom_positionGreaterThanSize_countEqualsSrcSize [DELETE_FILES [8, -1]]" classname="com.google.common.jimfs.RegularFileTest$RegularFileTestRunner" time="0.0"/>
  <testcase name="testEmpty_transferFrom_fromStart_noBytes_countEqualsSrcSize [DELETE_FILES [8, -1]]" classname="com.google.common.jimfs.RegularFileTest$RegularFileTestRunner" time="0.0"/>
  <testcase name="testEmpty_transferFrom_fromStart_noBytes_countGreaterThanSrcSize [DELETE_FILES [8, -1]]" classname="com.google.common.jimfs.RegularFileTest$RegularFileTestRunner" time="0.0"/>
  <testcase name="testEmpty_transferFrom_postionGreaterThanSrcSize_noBytes_countEqualsSrcSize [DELETE_FILES [8, -1]]" classname="com.google.common.jimfs.RegularFileTest$RegularFileTestRunner" time="0.0"/>
  <testcase name="testEmpty_transferFrom_postionGreaterThanSrcSize_noBytes_countGreaterThanSrcSize [DELETE_FILES [8, -1]]" classname="com.google.common.jimfs.RegularFileTest$RegularFileTestRunner" time="0.0"/>
  <testcase name="testEmpty_transferTo [DELETE_FILES [8, -1]]" classname="com.google.common.jimfs.RegularFileTest$RegularFileTestRunner" time="0.0"/>
  <testcase name="testEmpty_copy [DELETE_FILES [8, -1]]" classname="com.google.common.jimfs.RegularFileTest$RegularFileTestRunner" time="0.0"/>
  <testcase name="testEmpty_truncate_toZero [DELETE_FILES [8, -1]]" classname="com.google.common.jimfs.RegularFileTest$RegularFileTestRunner" time="0.0"/>
  <testcase name="testEmpty_truncate_sizeUp [DELETE_FILES [8, -1]]" classname="com.google.common.jimfs.RegularFileTest$RegularFileTestRunner" time="0.0"/>
  <testcase name="testNonEmpty [DELETE_FILES [8, -1]]" classname="com.google.common.jimfs.RegularFileTest$RegularFileTestRunner" time="0.0"/>
  <testcase name="testNonEmpty_read_singleByte [DELETE_FILES [8, -1]]" classname="com.google.common.jimfs.RegularFileTest$RegularFileTestRunner" time="0.0"/>
  <testcase name="testNonEmpty_read_all_byteArray [DELETE_FILES [8, -1]]" classname="com.google.common.jimfs.RegularFileTest$RegularFileTestRunner" time="0.0"/>
  <testcase name="testNonEmpty_read_all_singleBuffer [DELETE_FILES [8, -1]]" classname="com.google.common.jimfs.RegularFileTest$RegularFileTestRunner" time="0.0"/>
  <testcase name="testNonEmpty_read_all_multipleBuffers [DELETE_FILES [8, -1]]" classname="com.google.common.jimfs.RegularFileTest$RegularFileTestRunner" time="0.0"/>
  <testcase name="testNonEmpty_read_all_byteArray_largerThanContent [DELETE_FILES [8, -1]]" classname="com.google.common.jimfs.RegularFileTest$RegularFileTestRunner" time="0.0"/>
  <testcase name="testNonEmpty_read_all_singleBuffer_largerThanContent [DELETE_FILES [8, -1]]" classname="com.google.common.jimfs.RegularFileTest$RegularFileTestRunner" time="0.0"/>
  <testcase name="testNonEmpty_read_all_multipleBuffers_largerThanContent [DELETE_FILES [8, -1]]" classname="com.google.common.jimfs.RegularFileTest$RegularFileTestRunner" time="0.0"/>
  <testcase name="testNonEmpty_read_all_multipleBuffers_extraBuffers [DELETE_FILES [8, -1]]" classname="com.google.common.jimfs.RegularFileTest$RegularFileTestRunner" time="0.0"/>
  <testcase name="testNonEmpty_read_partial_fromStart_byteArray [DELETE_FILES [8, -1]]" classname="com.google.common.jimfs.RegularFileTest$RegularFileTestRunner" time="0.0"/>
  <testcase name="testNonEmpty_read_partial_fromMiddle_byteArray [DELETE_FILES [8, -1]]" classname="com.google.common.jimfs.RegularFileTest$RegularFileTestRunner" time="0.0"/>
  <testcase name="testNonEmpty_read_partial_fromEnd_byteArray [DELETE_FILES [8, -1]]" classname="com.google.common.jimfs.RegularFileTest$RegularFileTestRunner" time="0.0"/>
  <testcase name="testNonEmpty_read_partial_fromStart_singleBuffer [DELETE_FILES [8, -1]]" classname="com.google.common.jimfs.RegularFileTest$RegularFileTestRunner" time="0.0"/>
  <testcase name="testNonEmpty_read_partial_fromMiddle_singleBuffer [DELETE_FILES [8, -1]]" classname="com.google.common.jimfs.RegularFileTest$RegularFileTestRunner" time="0.0"/>
  <testcase name="testNonEmpty_read_partial_fromEnd_singleBuffer [DELETE_FILES [8, -1]]" classname="com.google.common.jimfs.RegularFileTest$RegularFileTestRunner" time="0.0"/>
  <testcase name="testEmpty_write_multipleBuffers_atStart [DELETE_FILES [8, -1]]" classname="com.google.common.jimfs.RegularFileTest$RegularFileTestRunner" time="0.0"/>
  <testcase name="testEmpty_write_byteArray_atNonZeroPosition [DELETE_FILES [8, -1]]" classname="com.google.common.jimfs.RegularFileTest$RegularFileTestRunner" time="0.0"/>
  <testcase name="testEmpty_read_singleByte [DELETE_FILES [8, -1]]" classname="com.google.common.jimfs.RegularFileTest$RegularFileTestRunner" time="0.0"/>
  <testcase name="testEmpty_read_byteArray [DELETE_FILES [8, -1]]" classname="com.google.common.jimfs.RegularFileTest$RegularFileTestRunner" time="0.0"/>
  <testcase name="testEmpty_read_singleBuffer [DELETE_FILES [8, -1]]" classname="com.google.common.jimfs.RegularFileTest$RegularFileTestRunner" time="0.0"/>
  <testcase name="testEmpty_read_multipleBuffers [DELETE_FILES [8, -1]]" classname="com.google.common.jimfs.RegularFileTest$RegularFileTestRunner" time="0.0"/>
  <testcase name="testEmpty_write_partialByteArray_atNonZeroPosition [DELETE_FILES [8, -1]]" classname="com.google.common.jimfs.RegularFileTest$RegularFileTestRunner" time="0.0"/>
  <testcase name="testEmpty_write_singleBuffer_atStart [DELETE_FILES [8, -1]]" classname="com.google.common.jimfs.RegularFileTest$RegularFileTestRunner" time="0.0"/>
  <testcase name="testEmpty_write_partialByteArray_atStart [DELETE_FILES [8, -1]]" classname="com.google.common.jimfs.RegularFileTest$RegularFileTestRunner" time="0.0"/>
  <testcase name="testEmpty_transferFrom_positionGreaterThanSize_countGreaterThanSrcSize [DELETE_FILES [8, -1]]" classname="com.google.common.jimfs.RegularFileTest$RegularFileTestRunner" time="0.0"/>
  <testcase name="testEmpty [DELETE_FILES [8, -1]]" classname="com.google.common.jimfs.RegularFileTest$RegularFileTestRunner" time="0.0"/>
  <testcase name="testNonEmpty_read_partial_fromStart_multipleBuffers [DELETE_FILES [8, -1]]" classname="com.google.common.jimfs.RegularFileTest$RegularFileTestRunner" time="0.0"/>
  <testcase name="testNonEmpty_read_partial_fromMiddle_multipleBuffers [DELETE_FILES [8, -1]]" classname="com.google.common.jimfs.RegularFileTest$RegularFileTestRunner" time="0.0"/>
  <testcase name="testNonEmpty_read_partial_fromEnd_multipleBuffers [DELETE_FILES [8, -1]]" classname="com.google.common.jimfs.RegularFileTest$RegularFileTestRunner" time="0.0"/>
  <testcase name="testNonEmpty_read_fromPastEnd_byteArray [DELETE_FILES [8, -1]]" classname="com.google.common.jimfs.RegularFileTest$RegularFileTestRunner" time="0.0"/>
  <testcase name="testNonEmpty_read_fromPastEnd_singleBuffer [DELETE_FILES [8, -1]]" classname="com.google.common.jimfs.RegularFileTest$RegularFileTestRunner" time="0.0"/>
  <testcase name="testNonEmpty_read_fromPastEnd_multipleBuffers [DELETE_FILES [8, -1]]" classname="com.google.common.jimfs.RegularFileTest$RegularFileTestRunner" time="0.0"/>
  <testcase name="testNonEmpty_write_partial_fromStart_singleByte [DELETE_FILES [8, -1]]" classname="com.google.common.jimfs.RegularFileTest$RegularFileTestRunner" time="0.0"/>
  <testcase name="testNonEmpty_write_partial_fromMiddle_singleByte [DELETE_FILES [8, -1]]" classname="com.google.common.jimfs.RegularFileTest$RegularFileTestRunner" time="0.0"/>
  <testcase name="testNonEmpty_write_partial_fromEnd_singleByte [DELETE_FILES [8, -1]]" classname="com.google.common.jimfs.RegularFileTest$RegularFileTestRunner" time="0.0"/>
  <testcase name="testNonEmpty_write_partial_fromStart_byteArray [DELETE_FILES [8, -1]]" classname="com.google.common.jimfs.RegularFileTest$RegularFileTestRunner" time="0.0"/>
  <testcase name="testNonEmpty_write_partial_fromMiddle_byteArray [DELETE_FILES [8, -1]]" classname="com.google.common.jimfs.RegularFileTest$RegularFileTestRunner" time="0.0"/>
  <testcase name="testNonEmpty_write_partial_fromBeforeEnd_byteArray [DELETE_FILES [8, -1]]" classname="com.google.common.jimfs.RegularFileTest$RegularFileTestRunner" time="0.0"/>
  <testcase name="testNonEmpty_write_partial_fromEnd_byteArray [DELETE_FILES [8, -1]]" classname="com.google.common.jimfs.RegularFileTest$RegularFileTestRunner" time="0.0"/>
  <testcase name="testNonEmpty_write_partial_fromPastEnd_byteArray [DELETE_FILES [8, -1]]" classname="com.google.common.jimfs.RegularFileTest$RegularFileTestRunner" time="0.0"/>
  <testcase name="testNonEmpty_write_partial_fromStart_singleBuffer [DELETE_FILES [8, -1]]" classname="com.google.common.jimfs.RegularFileTest$RegularFileTestRunner" time="0.0"/>
  <testcase name="testNonEmpty_write_partial_fromMiddle_singleBuffer [DELETE_FILES [8, -1]]" classname="com.google.common.jimfs.RegularFileTest$RegularFileTestRunner" time="0.0"/>
  <testcase name="testNonEmpty_write_partial_fromEnd_singleBuffer [DELETE_FILES [8, -1]]" classname="com.google.common.jimfs.RegularFileTest$RegularFileTestRunner" time="0.0"/>
  <testcase name="testNonEmpty_write_partial_fromPastEnd_singleBuffer [DELETE_FILES [8, -1]]" classname="com.google.common.jimfs.RegularFileTest$RegularFileTestRunner" time="0.0"/>
  <testcase name="testNonEmpty_write_partial_fromStart_multipleBuffers [DELETE_FILES [8, -1]]" classname="com.google.common.jimfs.RegularFileTest$RegularFileTestRunner" time="0.0"/>
  <testcase name="testNonEmpty_write_partial_fromMiddle_multipleBuffers [DELETE_FILES [8, -1]]" classname="com.google.common.jimfs.RegularFileTest$RegularFileTestRunner" time="0.0"/>
  <testcase name="testNonEmpty_write_partial_fromBeforeEnd_multipleBuffers [DELETE_FILES [8, -1]]" classname="com.google.common.jimfs.RegularFileTest$RegularFileTestRunner" time="0.0"/>
  <testcase name="testNonEmpty_write_partial_fromEnd_multipleBuffers [DELETE_FILES [8, -1]]" classname="com.google.common.jimfs.RegularFileTest$RegularFileTestRunner" time="0.0"/>
  <testcase name="testNonEmpty_write_partial_fromPastEnd_multipleBuffers [DELETE_FILES [8, -1]]" classname="com.google.common.jimfs.RegularFileTest$RegularFileTestRunner" time="0.0"/>
  <testcase name="testNonEmpty_write_overwrite_sameLength [DELETE_FILES [8, -1]]" classname="com.google.common.jimfs.RegularFileTest$RegularFileTestRunner" time="0.0"/>
  <testcase name="testNonEmpty_write_overwrite_greaterLength [DELETE_FILES [8, -1]]" classname="com.google.common.jimfs.RegularFileTest$RegularFileTestRunner" time="0.0"/>
  <testcase name="testNonEmpty_transferTo_fromStart_countEqualsSize [DELETE_FILES [8, -1]]" classname="com.google.common.jimfs.RegularFileTest$RegularFileTestRunner" time="0.0"/>
  <testcase name="testNonEmpty_transferTo_fromStart_countLessThanSize [DELETE_FILES [8, -1]]" classname="com.google.common.jimfs.RegularFileTest$RegularFileTestRunner" time="0.0"/>
  <testcase name="testNonEmpty_transferTo_fromMiddle_countEqualsSize [DELETE_FILES [8, -1]]" classname="com.google.common.jimfs.RegularFileTest$RegularFileTestRunner" time="0.0"/>
  <testcase name="testNonEmpty_transferTo_fromMiddle_countLessThanSize [DELETE_FILES [8, -1]]" classname="com.google.common.jimfs.RegularFileTest$RegularFileTestRunner" time="0.0"/>
  <testcase name="testNonEmpty_transferFrom_toStart_countEqualsSrcSize [DELETE_FILES [8, -1]]" classname="com.google.common.jimfs.RegularFileTest$RegularFileTestRunner" time="0.0"/>
  <testcase name="testNonEmpty_transferFrom_toStart_countLessThanSrcSize [DELETE_FILES [8, -1]]" classname="com.google.common.jimfs.RegularFileTest$RegularFileTestRunner" time="0.0"/>
  <testcase name="testNonEmpty_transferFrom_toStart_countGreaterThanSrcSize [DELETE_FILES [8, -1]]" classname="com.google.common.jimfs.RegularFileTest$RegularFileTestRunner" time="0.0"/>
  <testcase name="testNonEmpty_transferFrom_toMiddle_countEqualsSrcSize [DELETE_FILES [8, -1]]" classname="com.google.common.jimfs.RegularFileTest$RegularFileTestRunner" time="0.0"/>
  <testcase name="testNonEmpty_transferFrom_toMiddle_countLessThanSrcSize [DELETE_FILES [8, -1]]" classname="com.google.common.jimfs.RegularFileTest$RegularFileTestRunner" time="0.001"/>
  <testcase name="testNonEmpty_transferFrom_toMiddle_countGreaterThanSrcSize [DELETE_FILES [8, -1]]" classname="com.google.common.jimfs.RegularFileTest$RegularFileTestRunner" time="0.0"/>
  <testcase name="testNonEmpty_transferFrom_toMiddle_transferGoesBeyondContentSize [DELETE_FILES [8, -1]]" classname="com.google.common.jimfs.RegularFileTest$RegularFileTestRunner" time="0.0"/>
  <testcase name="testNonEmpty_transferFrom_toEnd [DELETE_FILES [8, -1]]" classname="com.google.common.jimfs.RegularFileTest$RegularFileTestRunner" time="0.0"/>
  <testcase name="testNonEmpty_transferFrom_positionGreaterThanSize [DELETE_FILES [8, -1]]" classname="com.google.common.jimfs.RegularFileTest$RegularFileTestRunner" time="0.0"/>
  <testcase name="testNonEmpty_transferFrom_hugeOverestimateCount [DELETE_FILES [8, -1]]" classname="com.google.common.jimfs.RegularFileTest$RegularFileTestRunner" time="0.0"/>
  <testcase name="testNonEmpty_copy [DELETE_FILES [8, -1]]" classname="com.google.common.jimfs.RegularFileTest$RegularFileTestRunner" time="0.0"/>
  <testcase name="testNonEmpty_copy_multipleTimes [DELETE_FILES [8, -1]]" classname="com.google.common.jimfs.RegularFileTest$RegularFileTestRunner" time="0.0"/>
  <testcase name="testNonEmpty_truncate_toZero [DELETE_FILES [8, -1]]" classname="com.google.common.jimfs.RegularFileTest$RegularFileTestRunner" time="0.0"/>
  <testcase name="testNonEmpty_truncate_partial [DELETE_FILES [8, -1]]" classname="com.google.common.jimfs.RegularFileTest$RegularFileTestRunner" time="0.0"/>
  <testcase name="testNonEmpty_truncate_sizeUp [DELETE_FILES [8, -1]]" classname="com.google.common.jimfs.RegularFileTest$RegularFileTestRunner" time="0.0"/>
  <testcase name="testDeletedStoreRemainsUsableWhileOpen [DELETE_FILES [8, -1]]" classname="com.google.common.jimfs.RegularFileTest$RegularFileTestRunner" time="0.0"/>
  <testcase name="testEmpty_write_singleByte_atNonZeroPosition [DELETE_FILES [128, 0]]" classname="com.google.common.jimfs.RegularFileTest$RegularFileTestRunner" time="0.0"/>
  <testcase name="testNonEmpty_write_partial_fromBeforeEnd_singleBuffer [DELETE_FILES [128, 0]]" classname="com.google.common.jimfs.RegularFileTest$RegularFileTestRunner" time="0.0"/>
  <testcase name="testEmpty_transferFrom_positionGreaterThanSize_countLessThanSrcSize [DELETE_FILES [128, 0]]" classname="com.google.common.jimfs.RegularFileTest$RegularFileTestRunner" time="0.0"/>
  <testcase name="testEmpty_write_singleByte_atStart [DELETE_FILES [128, 0]]" classname="com.google.common.jimfs.RegularFileTest$RegularFileTestRunner" time="0.0"/>
  <testcase name="testEmpty_write_byteArray_atStart [DELETE_FILES [128, 0]]" classname="com.google.common.jimfs.RegularFileTest$RegularFileTestRunner" time="0.0"/>
  <testcase name="testEmpty_write_singleBuffer_atNonZeroPosition [DELETE_FILES [128, 0]]" classname="com.google.common.jimfs.RegularFileTest$RegularFileTestRunner" time="0.0"/>
  <testcase name="testEmpty_write_multipleBuffers_atNonZeroPosition [DELETE_FILES [128, 0]]" classname="com.google.common.jimfs.RegularFileTest$RegularFileTestRunner" time="0.0"/>
  <testcase name="testEmpty_write_noBytesArray_atStart [DELETE_FILES [128, 0]]" classname="com.google.common.jimfs.RegularFileTest$RegularFileTestRunner" time="0.0"/>
  <testcase name="testEmpty_write_noBytesArray_atNonZeroPosition [DELETE_FILES [128, 0]]" classname="com.google.common.jimfs.RegularFileTest$RegularFileTestRunner" time="0.0"/>
  <testcase name="testEmpty_write_noBytesBuffer_atStart [DELETE_FILES [128, 0]]" classname="com.google.common.jimfs.RegularFileTest$RegularFileTestRunner" time="0.0"/>
  <testcase name="testEmpty_write_noBytesBuffer_atNonZeroPosition [DELETE_FILES [128, 0]]" classname="com.google.common.jimfs.RegularFileTest$RegularFileTestRunner" time="0.0"/>
  <testcase name="testEmpty_write_noBytesBuffers_atStart [DELETE_FILES [128, 0]]" classname="com.google.common.jimfs.RegularFileTest$RegularFileTestRunner" time="0.0"/>
  <testcase name="testEmpty_write_noBytesBuffers_atNonZeroPosition [DELETE_FILES [128, 0]]" classname="com.google.common.jimfs.RegularFileTest$RegularFileTestRunner" time="0.0"/>
  <testcase name="testEmpty_transferFrom_fromStart_countEqualsSrcSize [DELETE_FILES [128, 0]]" classname="com.google.common.jimfs.RegularFileTest$RegularFileTestRunner" time="0.0"/>
  <testcase name="testEmpty_transferFrom_fromStart_countLessThanSrcSize [DELETE_FILES [128, 0]]" classname="com.google.common.jimfs.RegularFileTest$RegularFileTestRunner" time="0.0"/>
  <testcase name="testEmpty_transferFrom_fromStart_countGreaterThanSrcSize [DELETE_FILES [128, 0]]" classname="com.google.common.jimfs.RegularFileTest$RegularFileTestRunner" time="0.0"/>
  <testcase name="testEmpty_transferFrom_positionGreaterThanSize [DELETE_FILES [128, 0]]" classname="com.google.common.jimfs.RegularFileTest$RegularFileTestRunner" time="0.0"/>
  <testcase name="testEmpty_transferFrom_positionGreaterThanSize_countEqualsSrcSize [DELETE_FILES [128, 0]]" classname="com.google.common.jimfs.RegularFileTest$RegularFileTestRunner" time="0.0"/>
  <testcase name="testEmpty_transferFrom_fromStart_noBytes_countEqualsSrcSize [DELETE_FILES [128, 0]]" classname="com.google.common.jimfs.RegularFileTest$RegularFileTestRunner" time="0.0"/>
  <testcase name="testEmpty_transferFrom_fromStart_noBytes_countGreaterThanSrcSize [DELETE_FILES [128, 0]]" classname="com.google.common.jimfs.RegularFileTest$RegularFileTestRunner" time="0.0"/>
  <testcase name="testEmpty_transferFrom_postionGreaterThanSrcSize_noBytes_countEqualsSrcSize [DELETE_FILES [128, 0]]" classname="com.google.common.jimfs.RegularFileTest$RegularFileTestRunner" time="0.0"/>
  <testcase name="testEmpty_transferFrom_postionGreaterThanSrcSize_noBytes_countGreaterThanSrcSize [DELETE_FILES [128, 0]]" classname="com.google.common.jimfs.RegularFileTest$RegularFileTestRunner" time="0.0"/>
  <testcase name="testEmpty_transferTo [DELETE_FILES [128, 0]]" classname="com.google.common.jimfs.RegularFileTest$RegularFileTestRunner" time="0.0"/>
  <testcase name="testEmpty_copy [DELETE_FILES [128, 0]]" classname="com.google.common.jimfs.RegularFileTest$RegularFileTestRunner" time="0.0"/>
  <testcase name="testEmpty_truncate_toZero [DELETE_FILES [128, 0]]" classname="com.google.common.jimfs.RegularFileTest$RegularFileTestRunner" time="0.0"/>
  <testcase name="testEmpty_truncate_sizeUp [DELETE_FILES [128, 0]]" classname="com.google.common.jimfs.RegularFileTest$RegularFileTestRunner" time="0.0"/>
  <testcase name="testNonEmpty [DELETE_FILES [128, 0]]" classname="com.google.common.jimfs.RegularFileTest$RegularFileTestRunner" time="0.0"/>
  <testcase name="testNonEmpty_read_singleByte [DELETE_FILES [128, 0]]" classname="com.google.common.jimfs.RegularFileTest$RegularFileTestRunner" time="0.0"/>
  <testcase name="testNonEmpty_read_all_byteArray [DELETE_FILES [128, 0]]" classname="com.google.common.jimfs.RegularFileTest$RegularFileTestRunner" time="0.0"/>
  <testcase name="testNonEmpty_read_all_singleBuffer [DELETE_FILES [128, 0]]" classname="com.google.common.jimfs.RegularFileTest$RegularFileTestRunner" time="0.0"/>
  <testcase name="testNonEmpty_read_all_multipleBuffers [DELETE_FILES [128, 0]]" classname="com.google.common.jimfs.RegularFileTest$RegularFileTestRunner" time="0.0"/>
  <testcase name="testNonEmpty_read_all_byteArray_largerThanContent [DELETE_FILES [128, 0]]" classname="com.google.common.jimfs.RegularFileTest$RegularFileTestRunner" time="0.0"/>
  <testcase name="testNonEmpty_read_all_singleBuffer_largerThanContent [DELETE_FILES [128, 0]]" classname="com.google.common.jimfs.RegularFileTest$RegularFileTestRunner" time="0.0"/>
  <testcase name="testNonEmpty_read_all_multipleBuffers_largerThanContent [DELETE_FILES [128, 0]]" classname="com.google.common.jimfs.RegularFileTest$RegularFileTestRunner" time="0.0"/>
  <testcase name="testNonEmpty_read_all_multipleBuffers_extraBuffers [DELETE_FILES [128, 0]]" classname="com.google.common.jimfs.RegularFileTest$RegularFileTestRunner" time="0.0"/>
  <testcase name="testNonEmpty_read_partial_fromStart_byteArray [DELETE_FILES [128, 0]]" classname="com.google.common.jimfs.RegularFileTest$RegularFileTestRunner" time="0.0"/>
  <testcase name="testNonEmpty_read_partial_fromMiddle_byteArray [DELETE_FILES [128, 0]]" classname="com.google.common.jimfs.RegularFileTest$RegularFileTestRunner" time="0.0"/>
  <testcase name="testNonEmpty_read_partial_fromEnd_byteArray [DELETE_FILES [128, 0]]" classname="com.google.common.jimfs.RegularFileTest$RegularFileTestRunner" time="0.0"/>
  <testcase name="testNonEmpty_read_partial_fromStart_singleBuffer [DELETE_FILES [128, 0]]" classname="com.google.common.jimfs.RegularFileTest$RegularFileTestRunner" time="0.0"/>
  <testcase name="testNonEmpty_read_partial_fromMiddle_singleBuffer [DELETE_FILES [128, 0]]" classname="com.google.common.jimfs.RegularFileTest$RegularFileTestRunner" time="0.0"/>
  <testcase name="testNonEmpty_read_partial_fromEnd_singleBuffer [DELETE_FILES [128, 0]]" classname="com.google.common.jimfs.RegularFileTest$RegularFileTestRunner" time="0.0"/>
  <testcase name="testEmpty_write_multipleBuffers_atStart [DELETE_FILES [128, 0]]" classname="com.google.common.jimfs.RegularFileTest$RegularFileTestRunner" time="0.0"/>
  <testcase name="testEmpty_write_byteArray_atNonZeroPosition [DELETE_FILES [128, 0]]" classname="com.google.common.jimfs.RegularFileTest$RegularFileTestRunner" time="0.0"/>
  <testcase name="testEmpty_read_singleByte [DELETE_FILES [128, 0]]" classname="com.google.common.jimfs.RegularFileTest$RegularFileTestRunner" time="0.0"/>
  <testcase name="testEmpty_read_byteArray [DELETE_FILES [128, 0]]" classname="com.google.common.jimfs.RegularFileTest$RegularFileTestRunner" time="0.0"/>
  <testcase name="testEmpty_read_singleBuffer [DELETE_FILES [128, 0]]" classname="com.google.common.jimfs.RegularFileTest$RegularFileTestRunner" time="0.0"/>
  <testcase name="testEmpty_read_multipleBuffers [DELETE_FILES [128, 0]]" classname="com.google.common.jimfs.RegularFileTest$RegularFileTestRunner" time="0.0"/>
  <testcase name="testEmpty_write_partialByteArray_atNonZeroPosition [DELETE_FILES [128, 0]]" classname="com.google.common.jimfs.RegularFileTest$RegularFileTestRunner" time="0.0"/>
  <testcase name="testEmpty_write_singleBuffer_atStart [DELETE_FILES [128, 0]]" classname="com.google.common.jimfs.RegularFileTest$RegularFileTestRunner" time="0.0"/>
  <testcase name="testEmpty_write_partialByteArray_atStart [DELETE_FILES [128, 0]]" classname="com.google.common.jimfs.RegularFileTest$RegularFileTestRunner" time="0.0"/>
  <testcase name="testEmpty_transferFrom_positionGreaterThanSize_countGreaterThanSrcSize [DELETE_FILES [128, 0]]" classname="com.google.common.jimfs.RegularFileTest$RegularFileTestRunner" time="0.0"/>
  <testcase name="testEmpty [DELETE_FILES [128, 0]]" classname="com.google.common.jimfs.RegularFileTest$RegularFileTestRunner" time="0.0"/>
  <testcase name="testNonEmpty_read_partial_fromStart_multipleBuffers [DELETE_FILES [128, 0]]" classname="com.google.common.jimfs.RegularFileTest$RegularFileTestRunner" time="0.0"/>
  <testcase name="testNonEmpty_read_partial_fromMiddle_multipleBuffers [DELETE_FILES [128, 0]]" classname="com.google.common.jimfs.RegularFileTest$RegularFileTestRunner" time="0.0"/>
  <testcase name="testNonEmpty_read_partial_fromEnd_multipleBuffers [DELETE_FILES [128, 0]]" classname="com.google.common.jimfs.RegularFileTest$RegularFileTestRunner" time="0.0"/>
  <testcase name="testNonEmpty_read_fromPastEnd_byteArray [DELETE_FILES [128, 0]]" classname="com.google.common.jimfs.RegularFileTest$RegularFileTestRunner" time="0.0"/>
  <testcase name="testNonEmpty_read_fromPastEnd_singleBuffer [DELETE_FILES [128, 0]]" classname="com.google.common.jimfs.RegularFileTest$RegularFileTestRunner" time="0.0"/>
  <testcase name="testNonEmpty_read_fromPastEnd_multipleBuffers [DELETE_FILES [128, 0]]" classname="com.google.common.jimfs.RegularFileTest$RegularFileTestRunner" time="0.0"/>
  <testcase name="testNonEmpty_write_partial_fromStart_singleByte [DELETE_FILES [128, 0]]" classname="com.google.common.jimfs.RegularFileTest$RegularFileTestRunner" time="0.0"/>
  <testcase name="testNonEmpty_write_partial_fromMiddle_singleByte [DELETE_FILES [128, 0]]" classname="com.google.common.jimfs.RegularFileTest$RegularFileTestRunner" time="0.0"/>
  <testcase name="testNonEmpty_write_partial_fromEnd_singleByte [DELETE_FILES [128, 0]]" classname="com.google.common.jimfs.RegularFileTest$RegularFileTestRunner" time="0.0"/>
  <testcase name="testNonEmpty_write_partial_fromStart_byteArray [DELETE_FILES [128, 0]]" classname="com.google.common.jimfs.RegularFileTest$RegularFileTestRunner" time="0.0"/>
  <testcase name="testNonEmpty_write_partial_fromMiddle_byteArray [DELETE_FILES [128, 0]]" classname="com.google.common.jimfs.RegularFileTest$RegularFileTestRunner" time="0.0"/>
  <testcase name="testNonEmpty_write_partial_fromBeforeEnd_byteArray [DELETE_FILES [128, 0]]" classname="com.google.common.jimfs.RegularFileTest$RegularFileTestRunner" time="0.0"/>
  <testcase name="testNonEmpty_write_partial_fromEnd_byteArray [DELETE_FILES [128, 0]]" classname="com.google.common.jimfs.RegularFileTest$RegularFileTestRunner" time="0.0"/>
  <testcase name="testNonEmpty_write_partial_fromPastEnd_byteArray [DELETE_FILES [128, 0]]" classname="com.google.common.jimfs.RegularFileTest$RegularFileTestRunner" time="0.0"/>
  <testcase name="testNonEmpty_write_partial_fromStart_singleBuffer [DELETE_FILES [128, 0]]" classname="com.google.common.jimfs.RegularFileTest$RegularFileTestRunner" time="0.0"/>
  <testcase name="testNonEmpty_write_partial_fromMiddle_singleBuffer [DELETE_FILES [128, 0]]" classname="com.google.common.jimfs.RegularFileTest$RegularFileTestRunner" time="0.0"/>
  <testcase name="testNonEmpty_write_partial_fromEnd_singleBuffer [DELETE_FILES [128, 0]]" classname="com.google.common.jimfs.RegularFileTest$RegularFileTestRunner" time="0.0"/>
  <testcase name="testNonEmpty_write_partial_fromPastEnd_singleBuffer [DELETE_FILES [128, 0]]" classname="com.google.common.jimfs.RegularFileTest$RegularFileTestRunner" time="0.0"/>
  <testcase name="testNonEmpty_write_partial_fromStart_multipleBuffers [DELETE_FILES [128, 0]]" classname="com.google.common.jimfs.RegularFileTest$RegularFileTestRunner" time="0.0"/>
  <testcase name="testNonEmpty_write_partial_fromMiddle_multipleBuffers [DELETE_FILES [128, 0]]" classname="com.google.common.jimfs.RegularFileTest$RegularFileTestRunner" time="0.0"/>
  <testcase name="testNonEmpty_write_partial_fromBeforeEnd_multipleBuffers [DELETE_FILES [128, 0]]" classname="com.google.common.jimfs.RegularFileTest$RegularFileTestRunner" time="0.0"/>
  <testcase name="testNonEmpty_write_partial_fromEnd_multipleBuffers [DELETE_FILES [128, 0]]" classname="com.google.common.jimfs.RegularFileTest$RegularFileTestRunner" time="0.0"/>
  <testcase name="testNonEmpty_write_partial_fromPastEnd_multipleBuffers [DELETE_FILES [128, 0]]" classname="com.google.common.jimfs.RegularFileTest$RegularFileTestRunner" time="0.0"/>
  <testcase name="testNonEmpty_write_overwrite_sameLength [DELETE_FILES [128, 0]]" classname="com.google.common.jimfs.RegularFileTest$RegularFileTestRunner" time="0.0"/>
  <testcase name="testNonEmpty_write_overwrite_greaterLength [DELETE_FILES [128, 0]]" classname="com.google.common.jimfs.RegularFileTest$RegularFileTestRunner" time="0.0"/>
  <testcase name="testNonEmpty_transferTo_fromStart_countEqualsSize [DELETE_FILES [128, 0]]" classname="com.google.common.jimfs.RegularFileTest$RegularFileTestRunner" time="0.0"/>
  <testcase name="testNonEmpty_transferTo_fromStart_countLessThanSize [DELETE_FILES [128, 0]]" classname="com.google.common.jimfs.RegularFileTest$RegularFileTestRunner" time="0.001"/>
  <testcase name="testNonEmpty_transferTo_fromMiddle_countEqualsSize [DELETE_FILES [128, 0]]" classname="com.google.common.jimfs.RegularFileTest$RegularFileTestRunner" time="0.0"/>
  <testcase name="testNonEmpty_transferTo_fromMiddle_countLessThanSize [DELETE_FILES [128, 0]]" classname="com.google.common.jimfs.RegularFileTest$RegularFileTestRunner" time="0.0"/>
  <testcase name="testNonEmpty_transferFrom_toStart_countEqualsSrcSize [DELETE_FILES [128, 0]]" classname="com.google.common.jimfs.RegularFileTest$RegularFileTestRunner" time="0.0"/>
  <testcase name="testNonEmpty_transferFrom_toStart_countLessThanSrcSize [DELETE_FILES [128, 0]]" classname="com.google.common.jimfs.RegularFileTest$RegularFileTestRunner" time="0.0"/>
  <testcase name="testNonEmpty_transferFrom_toStart_countGreaterThanSrcSize [DELETE_FILES [128, 0]]" classname="com.google.common.jimfs.RegularFileTest$RegularFileTestRunner" time="0.0"/>
  <testcase name="testNonEmpty_transferFrom_toMiddle_countEqualsSrcSize [DELETE_FILES [128, 0]]" classname="com.google.common.jimfs.RegularFileTest$RegularFileTestRunner" time="0.0"/>
  <testcase name="testNonEmpty_transferFrom_toMiddle_countLessThanSrcSize [DELETE_FILES [128, 0]]" classname="com.google.common.jimfs.RegularFileTest$RegularFileTestRunner" time="0.0"/>
  <testcase name="testNonEmpty_transferFrom_toMiddle_countGreaterThanSrcSize [DELETE_FILES [128, 0]]" classname="com.google.common.jimfs.RegularFileTest$RegularFileTestRunner" time="0.0"/>
  <testcase name="testNonEmpty_transferFrom_toMiddle_transferGoesBeyondContentSize [DELETE_FILES [128, 0]]" classname="com.google.common.jimfs.RegularFileTest$RegularFileTestRunner" time="0.0"/>
  <testcase name="testNonEmpty_transferFrom_toEnd [DELETE_FILES [128, 0]]" classname="com.google.common.jimfs.RegularFileTest$RegularFileTestRunner" time="0.0"/>
  <testcase name="testNonEmpty_transferFrom_positionGreaterThanSize [DELETE_FILES [128, 0]]" classname="com.google.common.jimfs.RegularFileTest$RegularFileTestRunner" time="0.0"/>
  <testcase name="testNonEmpty_transferFrom_hugeOverestimateCount [DELETE_FILES [128, 0]]" classname="com.google.common.jimfs.RegularFileTest$RegularFileTestRunner" time="0.0"/>
  <testcase name="testNonEmpty_copy [DELETE_FILES [128, 0]]" classname="com.google.common.jimfs.RegularFileTest$RegularFileTestRunner" time="0.0"/>
  <testcase name="testNonEmpty_copy_multipleTimes [DELETE_FILES [128, 0]]" classname="com.google.common.jimfs.RegularFileTest$RegularFileTestRunner" time="0.0"/>
  <testcase name="testNonEmpty_truncate_toZero [DELETE_FILES [128, 0]]" classname="com.google.common.jimfs.RegularFileTest$RegularFileTestRunner" time="0.0"/>
  <testcase name="testNonEmpty_truncate_partial [DELETE_FILES [128, 0]]" classname="com.google.common.jimfs.RegularFileTest$RegularFileTestRunner" time="0.0"/>
  <testcase name="testNonEmpty_truncate_sizeUp [DELETE_FILES [128, 0]]" classname="com.google.common.jimfs.RegularFileTest$RegularFileTestRunner" time="0.0"/>
  <testcase name="testDeletedStoreRemainsUsableWhileOpen [DELETE_FILES [128, 0]]" classname="com.google.common.jimfs.RegularFileTest$RegularFileTestRunner" time="0.0"/>
  <testcase name="testEmpty_write_singleByte_atNonZeroPosition [DELETE_FILES [128, 128]]" classname="com.google.common.jimfs.RegularFileTest$RegularFileTestRunner" time="0.0"/>
  <testcase name="testNonEmpty_write_partial_fromBeforeEnd_singleBuffer [DELETE_FILES [128, 128]]" classname="com.google.common.jimfs.RegularFileTest$RegularFileTestRunner" time="0.0"/>
  <testcase name="testEmpty_transferFrom_positionGreaterThanSize_countLessThanSrcSize [DELETE_FILES [128, 128]]" classname="com.google.common.jimfs.RegularFileTest$RegularFileTestRunner" time="0.0"/>
  <testcase name="testEmpty_write_singleByte_atStart [DELETE_FILES [128, 128]]" classname="com.google.common.jimfs.RegularFileTest$RegularFileTestRunner" time="0.0"/>
  <testcase name="testEmpty_write_byteArray_atStart [DELETE_FILES [128, 128]]" classname="com.google.common.jimfs.RegularFileTest$RegularFileTestRunner" time="0.0"/>
  <testcase name="testEmpty_write_singleBuffer_atNonZeroPosition [DELETE_FILES [128, 128]]" classname="com.google.common.jimfs.RegularFileTest$RegularFileTestRunner" time="0.0"/>
  <testcase name="testEmpty_write_multipleBuffers_atNonZeroPosition [DELETE_FILES [128, 128]]" classname="com.google.common.jimfs.RegularFileTest$RegularFileTestRunner" time="0.0"/>
  <testcase name="testEmpty_write_noBytesArray_atStart [DELETE_FILES [128, 128]]" classname="com.google.common.jimfs.RegularFileTest$RegularFileTestRunner" time="0.0"/>
  <testcase name="testEmpty_write_noBytesArray_atNonZeroPosition [DELETE_FILES [128, 128]]" classname="com.google.common.jimfs.RegularFileTest$RegularFileTestRunner" time="0.0"/>
  <testcase name="testEmpty_write_noBytesBuffer_atStart [DELETE_FILES [128, 128]]" classname="com.google.common.jimfs.RegularFileTest$RegularFileTestRunner" time="0.0"/>
  <testcase name="testEmpty_write_noBytesBuffer_atNonZeroPosition [DELETE_FILES [128, 128]]" classname="com.google.common.jimfs.RegularFileTest$RegularFileTestRunner" time="0.0"/>
  <testcase name="testEmpty_write_noBytesBuffers_atStart [DELETE_FILES [128, 128]]" classname="com.google.common.jimfs.RegularFileTest$RegularFileTestRunner" time="0.0"/>
  <testcase name="testEmpty_write_noBytesBuffers_atNonZeroPosition [DELETE_FILES [128, 128]]" classname="com.google.common.jimfs.RegularFileTest$RegularFileTestRunner" time="0.003"/>
  <testcase name="testEmpty_transferFrom_fromStart_countEqualsSrcSize [DELETE_FILES [128, 128]]" classname="com.google.common.jimfs.RegularFileTest$RegularFileTestRunner" time="0.0"/>
  <testcase name="testEmpty_transferFrom_fromStart_countLessThanSrcSize [DELETE_FILES [128, 128]]" classname="com.google.common.jimfs.RegularFileTest$RegularFileTestRunner" time="0.0"/>
  <testcase name="testEmpty_transferFrom_fromStart_countGreaterThanSrcSize [DELETE_FILES [128, 128]]" classname="com.google.common.jimfs.RegularFileTest$RegularFileTestRunner" time="0.0"/>
  <testcase name="testEmpty_transferFrom_positionGreaterThanSize [DELETE_FILES [128, 128]]" classname="com.google.common.jimfs.RegularFileTest$RegularFileTestRunner" time="0.0"/>
  <testcase name="testEmpty_transferFrom_positionGreaterThanSize_countEqualsSrcSize [DELETE_FILES [128, 128]]" classname="com.google.common.jimfs.RegularFileTest$RegularFileTestRunner" time="0.0"/>
  <testcase name="testEmpty_transferFrom_fromStart_noBytes_countEqualsSrcSize [DELETE_FILES [128, 128]]" classname="com.google.common.jimfs.RegularFileTest$RegularFileTestRunner" time="0.0"/>
  <testcase name="testEmpty_transferFrom_fromStart_noBytes_countGreaterThanSrcSize [DELETE_FILES [128, 128]]" classname="com.google.common.jimfs.RegularFileTest$RegularFileTestRunner" time="0.0"/>
  <testcase name="testEmpty_transferFrom_postionGreaterThanSrcSize_noBytes_countEqualsSrcSize [DELETE_FILES [128, 128]]" classname="com.google.common.jimfs.RegularFileTest$RegularFileTestRunner" time="0.0"/>
  <testcase name="testEmpty_transferFrom_postionGreaterThanSrcSize_noBytes_countGreaterThanSrcSize [DELETE_FILES [128, 128]]" classname="com.google.common.jimfs.RegularFileTest$RegularFileTestRunner" time="0.0"/>
  <testcase name="testEmpty_transferTo [DELETE_FILES [128, 128]]" classname="com.google.common.jimfs.RegularFileTest$RegularFileTestRunner" time="0.0"/>
  <testcase name="testEmpty_copy [DELETE_FILES [128, 128]]" classname="com.google.common.jimfs.RegularFileTest$RegularFileTestRunner" time="0.0"/>
  <testcase name="testEmpty_truncate_toZero [DELETE_FILES [128, 128]]" classname="com.google.common.jimfs.RegularFileTest$RegularFileTestRunner" time="0.0"/>
  <testcase name="testEmpty_truncate_sizeUp [DELETE_FILES [128, 128]]" classname="com.google.common.jimfs.RegularFileTest$RegularFileTestRunner" time="0.0"/>
  <testcase name="testNonEmpty [DELETE_FILES [128, 128]]" classname="com.google.common.jimfs.RegularFileTest$RegularFileTestRunner" time="0.0"/>
  <testcase name="testNonEmpty_read_singleByte [DELETE_FILES [128, 128]]" classname="com.google.common.jimfs.RegularFileTest$RegularFileTestRunner" time="0.0"/>
  <testcase name="testNonEmpty_read_all_byteArray [DELETE_FILES [128, 128]]" classname="com.google.common.jimfs.RegularFileTest$RegularFileTestRunner" time="0.0"/>
  <testcase name="testNonEmpty_read_all_singleBuffer [DELETE_FILES [128, 128]]" classname="com.google.common.jimfs.RegularFileTest$RegularFileTestRunner" time="0.0"/>
  <testcase name="testNonEmpty_read_all_multipleBuffers [DELETE_FILES [128, 128]]" classname="com.google.common.jimfs.RegularFileTest$RegularFileTestRunner" time="0.0"/>
  <testcase name="testNonEmpty_read_all_byteArray_largerThanContent [DELETE_FILES [128, 128]]" classname="com.google.common.jimfs.RegularFileTest$RegularFileTestRunner" time="0.0"/>
  <testcase name="testNonEmpty_read_all_singleBuffer_largerThanContent [DELETE_FILES [128, 128]]" classname="com.google.common.jimfs.RegularFileTest$RegularFileTestRunner" time="0.0"/>
  <testcase name="testNonEmpty_read_all_multipleBuffers_largerThanContent [DELETE_FILES [128, 128]]" classname="com.google.common.jimfs.RegularFileTest$RegularFileTestRunner" time="0.0"/>
  <testcase name="testNonEmpty_read_all_multipleBuffers_extraBuffers [DELETE_FILES [128, 128]]" classname="com.google.common.jimfs.RegularFileTest$RegularFileTestRunner" time="0.0"/>
  <testcase name="testNonEmpty_read_partial_fromStart_byteArray [DELETE_FILES [128, 128]]" classname="com.google.common.jimfs.RegularFileTest$RegularFileTestRunner" time="0.0"/>
  <testcase name="testNonEmpty_read_partial_fromMiddle_byteArray [DELETE_FILES [128, 128]]" classname="com.google.common.jimfs.RegularFileTest$RegularFileTestRunner" time="0.0"/>
  <testcase name="testNonEmpty_read_partial_fromEnd_byteArray [DELETE_FILES [128, 128]]" classname="com.google.common.jimfs.RegularFileTest$RegularFileTestRunner" time="0.0"/>
  <testcase name="testNonEmpty_read_partial_fromStart_singleBuffer [DELETE_FILES [128, 128]]" classname="com.google.common.jimfs.RegularFileTest$RegularFileTestRunner" time="0.0"/>
  <testcase name="testNonEmpty_read_partial_fromMiddle_singleBuffer [DELETE_FILES [128, 128]]" classname="com.google.common.jimfs.RegularFileTest$RegularFileTestRunner" time="0.0"/>
  <testcase name="testNonEmpty_read_partial_fromEnd_singleBuffer [DELETE_FILES [128, 128]]" classname="com.google.common.jimfs.RegularFileTest$RegularFileTestRunner" time="0.0"/>
  <testcase name="testEmpty_write_multipleBuffers_atStart [DELETE_FILES [128, 128]]" classname="com.google.common.jimfs.RegularFileTest$RegularFileTestRunner" time="0.0"/>
  <testcase name="testEmpty_write_byteArray_atNonZeroPosition [DELETE_FILES [128, 128]]" classname="com.google.common.jimfs.RegularFileTest$RegularFileTestRunner" time="0.0"/>
  <testcase name="testEmpty_read_singleByte [DELETE_FILES [128, 128]]" classname="com.google.common.jimfs.RegularFileTest$RegularFileTestRunner" time="0.0"/>
  <testcase name="testEmpty_read_byteArray [DELETE_FILES [128, 128]]" classname="com.google.common.jimfs.RegularFileTest$RegularFileTestRunner" time="0.0"/>
  <testcase name="testEmpty_read_singleBuffer [DELETE_FILES [128, 128]]" classname="com.google.common.jimfs.RegularFileTest$RegularFileTestRunner" time="0.0"/>
  <testcase name="testEmpty_read_multipleBuffers [DELETE_FILES [128, 128]]" classname="com.google.common.jimfs.RegularFileTest$RegularFileTestRunner" time="0.0"/>
  <testcase name="testEmpty_write_partialByteArray_atNonZeroPosition [DELETE_FILES [128, 128]]" classname="com.google.common.jimfs.RegularFileTest$RegularFileTestRunner" time="0.0"/>
  <testcase name="testEmpty_write_singleBuffer_atStart [DELETE_FILES [128, 128]]" classname="com.google.common.jimfs.RegularFileTest$RegularFileTestRunner" time="0.0"/>
  <testcase name="testEmpty_write_partialByteArray_atStart [DELETE_FILES [128, 128]]" classname="com.google.common.jimfs.RegularFileTest$RegularFileTestRunner" time="0.0"/>
  <testcase name="testEmpty_transferFrom_positionGreaterThanSize_countGreaterThanSrcSize [DELETE_FILES [128, 128]]" classname="com.google.common.jimfs.RegularFileTest$RegularFileTestRunner" time="0.0"/>
  <testcase name="testEmpty [DELETE_FILES [128, 128]]" classname="com.google.common.jimfs.RegularFileTest$RegularFileTestRunner" time="0.0"/>
  <testcase name="testNonEmpty_read_partial_fromStart_multipleBuffers [DELETE_FILES [128, 128]]" classname="com.google.common.jimfs.RegularFileTest$RegularFileTestRunner" time="0.0"/>
  <testcase name="testNonEmpty_read_partial_fromMiddle_multipleBuffers [DELETE_FILES [128, 128]]" classname="com.google.common.jimfs.RegularFileTest$RegularFileTestRunner" time="0.0"/>
  <testcase name="testNonEmpty_read_partial_fromEnd_multipleBuffers [DELETE_FILES [128, 128]]" classname="com.google.common.jimfs.RegularFileTest$RegularFileTestRunner" time="0.0"/>
  <testcase name="testNonEmpty_read_fromPastEnd_byteArray [DELETE_FILES [128, 128]]" classname="com.google.common.jimfs.RegularFileTest$RegularFileTestRunner" time="0.0"/>
  <testcase name="testNonEmpty_read_fromPastEnd_singleBuffer [DELETE_FILES [128, 128]]" classname="com.google.common.jimfs.RegularFileTest$RegularFileTestRunner" time="0.0"/>
  <testcase name="testNonEmpty_read_fromPastEnd_multipleBuffers [DELETE_FILES [128, 128]]" classname="com.google.common.jimfs.RegularFileTest$RegularFileTestRunner" time="0.0"/>
  <testcase name="testNonEmpty_write_partial_fromStart_singleByte [DELETE_FILES [128, 128]]" classname="com.google.common.jimfs.RegularFileTest$RegularFileTestRunner" time="0.0"/>
  <testcase name="testNonEmpty_write_partial_fromMiddle_singleByte [DELETE_FILES [128, 128]]" classname="com.google.common.jimfs.RegularFileTest$RegularFileTestRunner" time="0.0"/>
  <testcase name="testNonEmpty_write_partial_fromEnd_singleByte [DELETE_FILES [128, 128]]" classname="com.google.common.jimfs.RegularFileTest$RegularFileTestRunner" time="0.0"/>
  <testcase name="testNonEmpty_write_partial_fromStart_byteArray [DELETE_FILES [128, 128]]" classname="com.google.common.jimfs.RegularFileTest$RegularFileTestRunner" time="0.0"/>
  <testcase name="testNonEmpty_write_partial_fromMiddle_byteArray [DELETE_FILES [128, 128]]" classname="com.google.common.jimfs.RegularFileTest$RegularFileTestRunner" time="0.0"/>
  <testcase name="testNonEmpty_write_partial_fromBeforeEnd_byteArray [DELETE_FILES [128, 128]]" classname="com.google.common.jimfs.RegularFileTest$RegularFileTestRunner" time="0.0"/>
  <testcase name="testNonEmpty_write_partial_fromEnd_byteArray [DELETE_FILES [128, 128]]" classname="com.google.common.jimfs.RegularFileTest$RegularFileTestRunner" time="0.0"/>
  <testcase name="testNonEmpty_write_partial_fromPastEnd_byteArray [DELETE_FILES [128, 128]]" classname="com.google.common.jimfs.RegularFileTest$RegularFileTestRunner" time="0.0"/>
  <testcase name="testNonEmpty_write_partial_fromStart_singleBuffer [DELETE_FILES [128, 128]]" classname="com.google.common.jimfs.RegularFileTest$RegularFileTestRunner" time="0.0"/>
  <testcase name="testNonEmpty_write_partial_fromMiddle_singleBuffer [DELETE_FILES [128, 128]]" classname="com.google.common.jimfs.RegularFileTest$RegularFileTestRunner" time="0.0"/>
  <testcase name="testNonEmpty_write_partial_fromEnd_singleBuffer [DELETE_FILES [128, 128]]" classname="com.google.common.jimfs.RegularFileTest$RegularFileTestRunner" time="0.0"/>
  <testcase name="testNonEmpty_write_partial_fromPastEnd_singleBuffer [DELETE_FILES [128, 128]]" classname="com.google.common.jimfs.RegularFileTest$RegularFileTestRunner" time="0.0"/>
  <testcase name="testNonEmpty_write_partial_fromStart_multipleBuffers [DELETE_FILES [128, 128]]" classname="com.google.common.jimfs.RegularFileTest$RegularFileTestRunner" time="0.0"/>
  <testcase name="testNonEmpty_write_partial_fromMiddle_multipleBuffers [DELETE_FILES [128, 128]]" classname="com.google.common.jimfs.RegularFileTest$RegularFileTestRunner" time="0.0"/>
  <testcase name="testNonEmpty_write_partial_fromBeforeEnd_multipleBuffers [DELETE_FILES [128, 128]]" classname="com.google.common.jimfs.RegularFileTest$RegularFileTestRunner" time="0.0"/>
  <testcase name="testNonEmpty_write_partial_fromEnd_multipleBuffers [DELETE_FILES [128, 128]]" classname="com.google.common.jimfs.RegularFileTest$RegularFileTestRunner" time="0.0"/>
  <testcase name="testNonEmpty_write_partial_fromPastEnd_multipleBuffers [DELETE_FILES [128, 128]]" classname="com.google.common.jimfs.RegularFileTest$RegularFileTestRunner" time="0.0"/>
  <testcase name="testNonEmpty_write_overwrite_sameLength [DELETE_FILES [128, 128]]" classname="com.google.common.jimfs.RegularFileTest$RegularFileTestRunner" time="0.0"/>
  <testcase name="testNonEmpty_write_overwrite_greaterLength [DELETE_FILES [128, 128]]" classname="com.google.common.jimfs.RegularFileTest$RegularFileTestRunner" time="0.0"/>
  <testcase name="testNonEmpty_transferTo_fromStart_countEqualsSize [DELETE_FILES [128, 128]]" classname="com.google.common.jimfs.RegularFileTest$RegularFileTestRunner" time="0.0"/>
  <testcase name="testNonEmpty_transferTo_fromStart_countLessThanSize [DELETE_FILES [128, 128]]" classname="com.google.common.jimfs.RegularFileTest$RegularFileTestRunner" time="0.0"/>
  <testcase name="testNonEmpty_transferTo_fromMiddle_countEqualsSize [DELETE_FILES [128, 128]]" classname="com.google.common.jimfs.RegularFileTest$RegularFileTestRunner" time="0.0"/>
  <testcase name="testNonEmpty_transferTo_fromMiddle_countLessThanSize [DELETE_FILES [128, 128]]" classname="com.google.common.jimfs.RegularFileTest$RegularFileTestRunner" time="0.0"/>
  <testcase name="testNonEmpty_transferFrom_toStart_countEqualsSrcSize [DELETE_FILES [128, 128]]" classname="com.google.common.jimfs.RegularFileTest$RegularFileTestRunner" time="0.0"/>
  <testcase name="testNonEmpty_transferFrom_toStart_countLessThanSrcSize [DELETE_FILES [128, 128]]" classname="com.google.common.jimfs.RegularFileTest$RegularFileTestRunner" time="0.0"/>
  <testcase name="testNonEmpty_transferFrom_toStart_countGreaterThanSrcSize [DELETE_FILES [128, 128]]" classname="com.google.common.jimfs.RegularFileTest$RegularFileTestRunner" time="0.0"/>
  <testcase name="testNonEmpty_transferFrom_toMiddle_countEqualsSrcSize [DELETE_FILES [128, 128]]" classname="com.google.common.jimfs.RegularFileTest$RegularFileTestRunner" time="0.0"/>
  <testcase name="testNonEmpty_transferFrom_toMiddle_countLessThanSrcSize [DELETE_FILES [128, 128]]" classname="com.google.common.jimfs.RegularFileTest$RegularFileTestRunner" time="0.0"/>
  <testcase name="testNonEmpty_transferFrom_toMiddle_countGreaterThanSrcSize [DELETE_FILES [128, 128]]" classname="com.google.common.jimfs.RegularFileTest$RegularFileTestRunner" time="0.0"/>
  <testcase name="testNonEmpty_transferFrom_toMiddle_transferGoesBeyondContentSize [DELETE_FILES [128, 128]]" classname="com.google.common.jimfs.RegularFileTest$RegularFileTestRunner" time="0.0"/>
  <testcase name="testNonEmpty_transferFrom_toEnd [DELETE_FILES [128, 128]]" classname="com.google.common.jimfs.RegularFileTest$RegularFileTestRunner" time="0.0"/>
  <testcase name="testNonEmpty_transferFrom_positionGreaterThanSize [DELETE_FILES [128, 128]]" classname="com.google.common.jimfs.RegularFileTest$RegularFileTestRunner" time="0.0"/>
  <testcase name="testNonEmpty_transferFrom_hugeOverestimateCount [DELETE_FILES [128, 128]]" classname="com.google.common.jimfs.RegularFileTest$RegularFileTestRunner" time="0.0"/>
  <testcase name="testNonEmpty_copy [DELETE_FILES [128, 128]]" classname="com.google.common.jimfs.RegularFileTest$RegularFileTestRunner" time="0.0"/>
  <testcase name="testNonEmpty_copy_multipleTimes [DELETE_FILES [128, 128]]" classname="com.google.common.jimfs.RegularFileTest$RegularFileTestRunner" time="0.0"/>
  <testcase name="testNonEmpty_truncate_toZero [DELETE_FILES [128, 128]]" classname="com.google.common.jimfs.RegularFileTest$RegularFileTestRunner" time="0.0"/>
  <testcase name="testNonEmpty_truncate_partial [DELETE_FILES [128, 128]]" classname="com.google.common.jimfs.RegularFileTest$RegularFileTestRunner" time="0.0"/>
  <testcase name="testNonEmpty_truncate_sizeUp [DELETE_FILES [128, 128]]" classname="com.google.common.jimfs.RegularFileTest$RegularFileTestRunner" time="0.0"/>
  <testcase name="testDeletedStoreRemainsUsableWhileOpen [DELETE_FILES [128, 128]]" classname="com.google.common.jimfs.RegularFileTest$RegularFileTestRunner" time="0.0"/>
  <testcase name="testEmpty_write_singleByte_atNonZeroPosition [DELETE_FILES [128, -1]]" classname="com.google.common.jimfs.RegularFileTest$RegularFileTestRunner" time="0.0"/>
  <testcase name="testNonEmpty_write_partial_fromBeforeEnd_singleBuffer [DELETE_FILES [128, -1]]" classname="com.google.common.jimfs.RegularFileTest$RegularFileTestRunner" time="0.0"/>
  <testcase name="testEmpty_transferFrom_positionGreaterThanSize_countLessThanSrcSize [DELETE_FILES [128, -1]]" classname="com.google.common.jimfs.RegularFileTest$RegularFileTestRunner" time="0.0"/>
  <testcase name="testEmpty_write_singleByte_atStart [DELETE_FILES [128, -1]]" classname="com.google.common.jimfs.RegularFileTest$RegularFileTestRunner" time="0.0"/>
  <testcase name="testEmpty_write_byteArray_atStart [DELETE_FILES [128, -1]]" classname="com.google.common.jimfs.RegularFileTest$RegularFileTestRunner" time="0.0"/>
  <testcase name="testEmpty_write_singleBuffer_atNonZeroPosition [DELETE_FILES [128, -1]]" classname="com.google.common.jimfs.RegularFileTest$RegularFileTestRunner" time="0.0"/>
  <testcase name="testEmpty_write_multipleBuffers_atNonZeroPosition [DELETE_FILES [128, -1]]" classname="com.google.common.jimfs.RegularFileTest$RegularFileTestRunner" time="0.0"/>
  <testcase name="testEmpty_write_noBytesArray_atStart [DELETE_FILES [128, -1]]" classname="com.google.common.jimfs.RegularFileTest$RegularFileTestRunner" time="0.0"/>
  <testcase name="testEmpty_write_noBytesArray_atNonZeroPosition [DELETE_FILES [128, -1]]" classname="com.google.common.jimfs.RegularFileTest$RegularFileTestRunner" time="0.0"/>
  <testcase name="testEmpty_write_noBytesBuffer_atStart [DELETE_FILES [128, -1]]" classname="com.google.common.jimfs.RegularFileTest$RegularFileTestRunner" time="0.0"/>
  <testcase name="testEmpty_write_noBytesBuffer_atNonZeroPosition [DELETE_FILES [128, -1]]" classname="com.google.common.jimfs.RegularFileTest$RegularFileTestRunner" time="0.0"/>
  <testcase name="testEmpty_write_noBytesBuffers_atStart [DELETE_FILES [128, -1]]" classname="com.google.common.jimfs.RegularFileTest$RegularFileTestRunner" time="0.0"/>
  <testcase name="testEmpty_write_noBytesBuffers_atNonZeroPosition [DELETE_FILES [128, -1]]" classname="com.google.common.jimfs.RegularFileTest$RegularFileTestRunner" time="0.0"/>
  <testcase name="testEmpty_transferFrom_fromStart_countEqualsSrcSize [DELETE_FILES [128, -1]]" classname="com.google.common.jimfs.RegularFileTest$RegularFileTestRunner" time="0.0"/>
  <testcase name="testEmpty_transferFrom_fromStart_countLessThanSrcSize [DELETE_FILES [128, -1]]" classname="com.google.common.jimfs.RegularFileTest$RegularFileTestRunner" time="0.0"/>
  <testcase name="testEmpty_transferFrom_fromStart_countGreaterThanSrcSize [DELETE_FILES [128, -1]]" classname="com.google.common.jimfs.RegularFileTest$RegularFileTestRunner" time="0.0"/>
  <testcase name="testEmpty_transferFrom_positionGreaterThanSize [DELETE_FILES [128, -1]]" classname="com.google.common.jimfs.RegularFileTest$RegularFileTestRunner" time="0.0"/>
  <testcase name="testEmpty_transferFrom_positionGreaterThanSize_countEqualsSrcSize [DELETE_FILES [128, -1]]" classname="com.google.common.jimfs.RegularFileTest$RegularFileTestRunner" time="0.0"/>
  <testcase name="testEmpty_transferFrom_fromStart_noBytes_countEqualsSrcSize [DELETE_FILES [128, -1]]" classname="com.google.common.jimfs.RegularFileTest$RegularFileTestRunner" time="0.0"/>
  <testcase name="testEmpty_transferFrom_fromStart_noBytes_countGreaterThanSrcSize [DELETE_FILES [128, -1]]" classname="com.google.common.jimfs.RegularFileTest$RegularFileTestRunner" time="0.0"/>
  <testcase name="testEmpty_transferFrom_postionGreaterThanSrcSize_noBytes_countEqualsSrcSize [DELETE_FILES [128, -1]]" classname="com.google.common.jimfs.RegularFileTest$RegularFileTestRunner" time="0.0"/>
  <testcase name="testEmpty_transferFrom_postionGreaterThanSrcSize_noBytes_countGreaterThanSrcSize [DELETE_FILES [128, -1]]" classname="com.google.common.jimfs.RegularFileTest$RegularFileTestRunner" time="0.0"/>
  <testcase name="testEmpty_transferTo [DELETE_FILES [128, -1]]" classname="com.google.common.jimfs.RegularFileTest$RegularFileTestRunner" time="0.0"/>
  <testcase name="testEmpty_copy [DELETE_FILES [128, -1]]" classname="com.google.common.jimfs.RegularFileTest$RegularFileTestRunner" time="0.0"/>
  <testcase name="testEmpty_truncate_toZero [DELETE_FILES [128, -1]]" classname="com.google.common.jimfs.RegularFileTest$RegularFileTestRunner" time="0.0"/>
  <testcase name="testEmpty_truncate_sizeUp [DELETE_FILES [128, -1]]" classname="com.google.common.jimfs.RegularFileTest$RegularFileTestRunner" time="0.0"/>
  <testcase name="testNonEmpty [DELETE_FILES [128, -1]]" classname="com.google.common.jimfs.RegularFileTest$RegularFileTestRunner" time="0.0"/>
  <testcase name="testNonEmpty_read_singleByte [DELETE_FILES [128, -1]]" classname="com.google.common.jimfs.RegularFileTest$RegularFileTestRunner" time="0.0"/>
  <testcase name="testNonEmpty_read_all_byteArray [DELETE_FILES [128, -1]]" classname="com.google.common.jimfs.RegularFileTest$RegularFileTestRunner" time="0.0"/>
  <testcase name="testNonEmpty_read_all_singleBuffer [DELETE_FILES [128, -1]]" classname="com.google.common.jimfs.RegularFileTest$RegularFileTestRunner" time="0.0"/>
  <testcase name="testNonEmpty_read_all_multipleBuffers [DELETE_FILES [128, -1]]" classname="com.google.common.jimfs.RegularFileTest$RegularFileTestRunner" time="0.0"/>
  <testcase name="testNonEmpty_read_all_byteArray_largerThanContent [DELETE_FILES [128, -1]]" classname="com.google.common.jimfs.RegularFileTest$RegularFileTestRunner" time="0.0"/>
  <testcase name="testNonEmpty_read_all_singleBuffer_largerThanContent [DELETE_FILES [128, -1]]" classname="com.google.common.jimfs.RegularFileTest$RegularFileTestRunner" time="0.0"/>
  <testcase name="testNonEmpty_read_all_multipleBuffers_largerThanContent [DELETE_FILES [128, -1]]" classname="com.google.common.jimfs.RegularFileTest$RegularFileTestRunner" time="0.0"/>
  <testcase name="testNonEmpty_read_all_multipleBuffers_extraBuffers [DELETE_FILES [128, -1]]" classname="com.google.common.jimfs.RegularFileTest$RegularFileTestRunner" time="0.0"/>
  <testcase name="testNonEmpty_read_partial_fromStart_byteArray [DELETE_FILES [128, -1]]" classname="com.google.common.jimfs.RegularFileTest$RegularFileTestRunner" time="0.0"/>
  <testcase name="testNonEmpty_read_partial_fromMiddle_byteArray [DELETE_FILES [128, -1]]" classname="com.google.common.jimfs.RegularFileTest$RegularFileTestRunner" time="0.0"/>
  <testcase name="testNonEmpty_read_partial_fromEnd_byteArray [DELETE_FILES [128, -1]]" classname="com.google.common.jimfs.RegularFileTest$RegularFileTestRunner" time="0.0"/>
  <testcase name="testNonEmpty_read_partial_fromStart_singleBuffer [DELETE_FILES [128, -1]]" classname="com.google.common.jimfs.RegularFileTest$RegularFileTestRunner" time="0.0"/>
  <testcase name="testNonEmpty_read_partial_fromMiddle_singleBuffer [DELETE_FILES [128, -1]]" classname="com.google.common.jimfs.RegularFileTest$RegularFileTestRunner" time="0.0"/>
  <testcase name="testNonEmpty_read_partial_fromEnd_singleBuffer [DELETE_FILES [128, -1]]" classname="com.google.common.jimfs.RegularFileTest$RegularFileTestRunner" time="0.0"/>
  <testcase name="testEmpty_write_multipleBuffers_atStart [DELETE_FILES [128, -1]]" classname="com.google.common.jimfs.RegularFileTest$RegularFileTestRunner" time="0.0"/>
  <testcase name="testEmpty_write_byteArray_atNonZeroPosition [DELETE_FILES [128, -1]]" classname="com.google.common.jimfs.RegularFileTest$RegularFileTestRunner" time="0.0"/>
  <testcase name="testEmpty_read_singleByte [DELETE_FILES [128, -1]]" classname="com.google.common.jimfs.RegularFileTest$RegularFileTestRunner" time="0.0"/>
  <testcase name="testEmpty_read_byteArray [DELETE_FILES [128, -1]]" classname="com.google.common.jimfs.RegularFileTest$RegularFileTestRunner" time="0.0"/>
  <testcase name="testEmpty_read_singleBuffer [DELETE_FILES [128, -1]]" classname="com.google.common.jimfs.RegularFileTest$RegularFileTestRunner" time="0.0"/>
  <testcase name="testEmpty_read_multipleBuffers [DELETE_FILES [128, -1]]" classname="com.google.common.jimfs.RegularFileTest$RegularFileTestRunner" time="0.0"/>
  <testcase name="testEmpty_write_partialByteArray_atNonZeroPosition [DELETE_FILES [128, -1]]" classname="com.google.common.jimfs.RegularFileTest$RegularFileTestRunner" time="0.0"/>
  <testcase name="testEmpty_write_singleBuffer_atStart [DELETE_FILES [128, -1]]" classname="com.google.common.jimfs.RegularFileTest$RegularFileTestRunner" time="0.0"/>
  <testcase name="testEmpty_write_partialByteArray_atStart [DELETE_FILES [128, -1]]" classname="com.google.common.jimfs.RegularFileTest$RegularFileTestRunner" time="0.0"/>
  <testcase name="testEmpty_transferFrom_positionGreaterThanSize_countGreaterThanSrcSize [DELETE_FILES [128, -1]]" classname="com.google.common.jimfs.RegularFileTest$RegularFileTestRunner" time="0.0"/>
  <testcase name="testEmpty [DELETE_FILES [128, -1]]" classname="com.google.common.jimfs.RegularFileTest$RegularFileTestRunner" time="0.0"/>
  <testcase name="testNonEmpty_read_partial_fromStart_multipleBuffers [DELETE_FILES [128, -1]]" classname="com.google.common.jimfs.RegularFileTest$RegularFileTestRunner" time="0.0"/>
  <testcase name="testNonEmpty_read_partial_fromMiddle_multipleBuffers [DELETE_FILES [128, -1]]" classname="com.google.common.jimfs.RegularFileTest$RegularFileTestRunner" time="0.0"/>
  <testcase name="testNonEmpty_read_partial_fromEnd_multipleBuffers [DELETE_FILES [128, -1]]" classname="com.google.common.jimfs.RegularFileTest$RegularFileTestRunner" time="0.0"/>
  <testcase name="testNonEmpty_read_fromPastEnd_byteArray [DELETE_FILES [128, -1]]" classname="com.google.common.jimfs.RegularFileTest$RegularFileTestRunner" time="0.0"/>
  <testcase name="testNonEmpty_read_fromPastEnd_singleBuffer [DELETE_FILES [128, -1]]" classname="com.google.common.jimfs.RegularFileTest$RegularFileTestRunner" time="0.0"/>
  <testcase name="testNonEmpty_read_fromPastEnd_multipleBuffers [DELETE_FILES [128, -1]]" classname="com.google.common.jimfs.RegularFileTest$RegularFileTestRunner" time="0.0"/>
  <testcase name="testNonEmpty_write_partial_fromStart_singleByte [DELETE_FILES [128, -1]]" classname="com.google.common.jimfs.RegularFileTest$RegularFileTestRunner" time="0.0"/>
  <testcase name="testNonEmpty_write_partial_fromMiddle_singleByte [DELETE_FILES [128, -1]]" classname="com.google.common.jimfs.RegularFileTest$RegularFileTestRunner" time="0.0"/>
  <testcase name="testNonEmpty_write_partial_fromEnd_singleByte [DELETE_FILES [128, -1]]" classname="com.google.common.jimfs.RegularFileTest$RegularFileTestRunner" time="0.0"/>
  <testcase name="testNonEmpty_write_partial_fromStart_byteArray [DELETE_FILES [128, -1]]" classname="com.google.common.jimfs.RegularFileTest$RegularFileTestRunner" time="0.0"/>
  <testcase name="testNonEmpty_write_partial_fromMiddle_byteArray [DELETE_FILES [128, -1]]" classname="com.google.common.jimfs.RegularFileTest$RegularFileTestRunner" time="0.0"/>
  <testcase name="testNonEmpty_write_partial_fromBeforeEnd_byteArray [DELETE_FILES [128, -1]]" classname="com.google.common.jimfs.RegularFileTest$RegularFileTestRunner" time="0.0"/>
  <testcase name="testNonEmpty_write_partial_fromEnd_byteArray [DELETE_FILES [128, -1]]" classname="com.google.common.jimfs.RegularFileTest$RegularFileTestRunner" time="0.0"/>
  <testcase name="testNonEmpty_write_partial_fromPastEnd_byteArray [DELETE_FILES [128, -1]]" classname="com.google.common.jimfs.RegularFileTest$RegularFileTestRunner" time="0.0"/>
  <testcase name="testNonEmpty_write_partial_fromStart_singleBuffer [DELETE_FILES [128, -1]]" classname="com.google.common.jimfs.RegularFileTest$RegularFileTestRunner" time="0.0"/>
  <testcase name="testNonEmpty_write_partial_fromMiddle_singleBuffer [DELETE_FILES [128, -1]]" classname="com.google.common.jimfs.RegularFileTest$RegularFileTestRunner" time="0.0"/>
  <testcase name="testNonEmpty_write_partial_fromEnd_singleBuffer [DELETE_FILES [128, -1]]" classname="com.google.common.jimfs.RegularFileTest$RegularFileTestRunner" time="0.0"/>
  <testcase name="testNonEmpty_write_partial_fromPastEnd_singleBuffer [DELETE_FILES [128, -1]]" classname="com.google.common.jimfs.RegularFileTest$RegularFileTestRunner" time="0.0"/>
  <testcase name="testNonEmpty_write_partial_fromStart_multipleBuffers [DELETE_FILES [128, -1]]" classname="com.google.common.jimfs.RegularFileTest$RegularFileTestRunner" time="0.0"/>
  <testcase name="testNonEmpty_write_partial_fromMiddle_multipleBuffers [DELETE_FILES [128, -1]]" classname="com.google.common.jimfs.RegularFileTest$RegularFileTestRunner" time="0.0"/>
  <testcase name="testNonEmpty_write_partial_fromBeforeEnd_multipleBuffers [DELETE_FILES [128, -1]]" classname="com.google.common.jimfs.RegularFileTest$RegularFileTestRunner" time="0.0"/>
  <testcase name="testNonEmpty_write_partial_fromEnd_multipleBuffers [DELETE_FILES [128, -1]]" classname="com.google.common.jimfs.RegularFileTest$RegularFileTestRunner" time="0.0"/>
  <testcase name="testNonEmpty_write_partial_fromPastEnd_multipleBuffers [DELETE_FILES [128, -1]]" classname="com.google.common.jimfs.RegularFileTest$RegularFileTestRunner" time="0.0"/>
  <testcase name="testNonEmpty_write_overwrite_sameLength [DELETE_FILES [128, -1]]" classname="com.google.common.jimfs.RegularFileTest$RegularFileTestRunner" time="0.0"/>
  <testcase name="testNonEmpty_write_overwrite_greaterLength [DELETE_FILES [128, -1]]" classname="com.google.common.jimfs.RegularFileTest$RegularFileTestRunner" time="0.0"/>
  <testcase name="testNonEmpty_transferTo_fromStart_countEqualsSize [DELETE_FILES [128, -1]]" classname="com.google.common.jimfs.RegularFileTest$RegularFileTestRunner" time="0.0"/>
  <testcase name="testNonEmpty_transferTo_fromStart_countLessThanSize [DELETE_FILES [128, -1]]" classname="com.google.common.jimfs.RegularFileTest$RegularFileTestRunner" time="0.0"/>
  <testcase name="testNonEmpty_transferTo_fromMiddle_countEqualsSize [DELETE_FILES [128, -1]]" classname="com.google.common.jimfs.RegularFileTest$RegularFileTestRunner" time="0.0"/>
  <testcase name="testNonEmpty_transferTo_fromMiddle_countLessThanSize [DELETE_FILES [128, -1]]" classname="com.google.common.jimfs.RegularFileTest$RegularFileTestRunner" time="0.0"/>
  <testcase name="testNonEmpty_transferFrom_toStart_countEqualsSrcSize [DELETE_FILES [128, -1]]" classname="com.google.common.jimfs.RegularFileTest$RegularFileTestRunner" time="0.0"/>
  <testcase name="testNonEmpty_transferFrom_toStart_countLessThanSrcSize [DELETE_FILES [128, -1]]" classname="com.google.common.jimfs.RegularFileTest$RegularFileTestRunner" time="0.0"/>
  <testcase name="testNonEmpty_transferFrom_toStart_countGreaterThanSrcSize [DELETE_FILES [128, -1]]" classname="com.google.common.jimfs.RegularFileTest$RegularFileTestRunner" time="0.0"/>
  <testcase name="testNonEmpty_transferFrom_toMiddle_countEqualsSrcSize [DELETE_FILES [128, -1]]" classname="com.google.common.jimfs.RegularFileTest$RegularFileTestRunner" time="0.0"/>
  <testcase name="testNonEmpty_transferFrom_toMiddle_countLessThanSrcSize [DELETE_FILES [128, -1]]" classname="com.google.common.jimfs.RegularFileTest$RegularFileTestRunner" time="0.0"/>
  <testcase name="testNonEmpty_transferFrom_toMiddle_countGreaterThanSrcSize [DELETE_FILES [128, -1]]" classname="com.google.common.jimfs.RegularFileTest$RegularFileTestRunner" time="0.0"/>
  <testcase name="testNonEmpty_transferFrom_toMiddle_transferGoesBeyondContentSize [DELETE_FILES [128, -1]]" classname="com.google.common.jimfs.RegularFileTest$RegularFileTestRunner" time="0.0"/>
  <testcase name="testNonEmpty_transferFrom_toEnd [DELETE_FILES [128, -1]]" classname="com.google.common.jimfs.RegularFileTest$RegularFileTestRunner" time="0.0"/>
  <testcase name="testNonEmpty_transferFrom_positionGreaterThanSize [DELETE_FILES [128, -1]]" classname="com.google.common.jimfs.RegularFileTest$RegularFileTestRunner" time="0.0"/>
  <testcase name="testNonEmpty_transferFrom_hugeOverestimateCount [DELETE_FILES [128, -1]]" classname="com.google.common.jimfs.RegularFileTest$RegularFileTestRunner" time="0.0"/>
  <testcase name="testNonEmpty_copy [DELETE_FILES [128, -1]]" classname="com.google.common.jimfs.RegularFileTest$RegularFileTestRunner" time="0.0"/>
  <testcase name="testNonEmpty_copy_multipleTimes [DELETE_FILES [128, -1]]" classname="com.google.common.jimfs.RegularFileTest$RegularFileTestRunner" time="0.0"/>
  <testcase name="testNonEmpty_truncate_toZero [DELETE_FILES [128, -1]]" classname="com.google.common.jimfs.RegularFileTest$RegularFileTestRunner" time="0.0"/>
  <testcase name="testNonEmpty_truncate_partial [DELETE_FILES [128, -1]]" classname="com.google.common.jimfs.RegularFileTest$RegularFileTestRunner" time="0.0"/>
  <testcase name="testNonEmpty_truncate_sizeUp [DELETE_FILES [128, -1]]" classname="com.google.common.jimfs.RegularFileTest$RegularFileTestRunner" time="0.0"/>
  <testcase name="testDeletedStoreRemainsUsableWhileOpen [DELETE_FILES [128, -1]]" classname="com.google.common.jimfs.RegularFileTest$RegularFileTestRunner" time="0.0"/>
  <testcase name="testEmpty_write_singleByte_atNonZeroPosition [DELETE_FILES [8192, 0]]" classname="com.google.common.jimfs.RegularFileTest$RegularFileTestRunner" time="0.0"/>
  <testcase name="testNonEmpty_write_partial_fromBeforeEnd_singleBuffer [DELETE_FILES [8192, 0]]" classname="com.google.common.jimfs.RegularFileTest$RegularFileTestRunner" time="0.0"/>
  <testcase name="testEmpty_transferFrom_positionGreaterThanSize_countLessThanSrcSize [DELETE_FILES [8192, 0]]" classname="com.google.common.jimfs.RegularFileTest$RegularFileTestRunner" time="0.0"/>
  <testcase name="testEmpty_write_singleByte_atStart [DELETE_FILES [8192, 0]]" classname="com.google.common.jimfs.RegularFileTest$RegularFileTestRunner" time="0.0"/>
  <testcase name="testEmpty_write_byteArray_atStart [DELETE_FILES [8192, 0]]" classname="com.google.common.jimfs.RegularFileTest$RegularFileTestRunner" time="0.0"/>
  <testcase name="testEmpty_write_singleBuffer_atNonZeroPosition [DELETE_FILES [8192, 0]]" classname="com.google.common.jimfs.RegularFileTest$RegularFileTestRunner" time="0.0"/>
  <testcase name="testEmpty_write_multipleBuffers_atNonZeroPosition [DELETE_FILES [8192, 0]]" classname="com.google.common.jimfs.RegularFileTest$RegularFileTestRunner" time="0.0"/>
  <testcase name="testEmpty_write_noBytesArray_atStart [DELETE_FILES [8192, 0]]" classname="com.google.common.jimfs.RegularFileTest$RegularFileTestRunner" time="0.0"/>
  <testcase name="testEmpty_write_noBytesArray_atNonZeroPosition [DELETE_FILES [8192, 0]]" classname="com.google.common.jimfs.RegularFileTest$RegularFileTestRunner" time="0.0"/>
  <testcase name="testEmpty_write_noBytesBuffer_atStart [DELETE_FILES [8192, 0]]" classname="com.google.common.jimfs.RegularFileTest$RegularFileTestRunner" time="0.0"/>
  <testcase name="testEmpty_write_noBytesBuffer_atNonZeroPosition [DELETE_FILES [8192, 0]]" classname="com.google.common.jimfs.RegularFileTest$RegularFileTestRunner" time="0.0"/>
  <testcase name="testEmpty_write_noBytesBuffers_atStart [DELETE_FILES [8192, 0]]" classname="com.google.common.jimfs.RegularFileTest$RegularFileTestRunner" time="0.0"/>
  <testcase name="testEmpty_write_noBytesBuffers_atNonZeroPosition [DELETE_FILES [8192, 0]]" classname="com.google.common.jimfs.RegularFileTest$RegularFileTestRunner" time="0.0"/>
  <testcase name="testEmpty_transferFrom_fromStart_countEqualsSrcSize [DELETE_FILES [8192, 0]]" classname="com.google.common.jimfs.RegularFileTest$RegularFileTestRunner" time="0.0"/>
  <testcase name="testEmpty_transferFrom_fromStart_countLessThanSrcSize [DELETE_FILES [8192, 0]]" classname="com.google.common.jimfs.RegularFileTest$RegularFileTestRunner" time="0.0"/>
  <testcase name="testEmpty_transferFrom_fromStart_countGreaterThanSrcSize [DELETE_FILES [8192, 0]]" classname="com.google.common.jimfs.RegularFileTest$RegularFileTestRunner" time="0.0"/>
  <testcase name="testEmpty_transferFrom_positionGreaterThanSize [DELETE_FILES [8192, 0]]" classname="com.google.common.jimfs.RegularFileTest$RegularFileTestRunner" time="0.0"/>
  <testcase name="testEmpty_transferFrom_positionGreaterThanSize_countEqualsSrcSize [DELETE_FILES [8192, 0]]" classname="com.google.common.jimfs.RegularFileTest$RegularFileTestRunner" time="0.0"/>
  <testcase name="testEmpty_transferFrom_fromStart_noBytes_countEqualsSrcSize [DELETE_FILES [8192, 0]]" classname="com.google.common.jimfs.RegularFileTest$RegularFileTestRunner" time="0.0"/>
  <testcase name="testEmpty_transferFrom_fromStart_noBytes_countGreaterThanSrcSize [DELETE_FILES [8192, 0]]" classname="com.google.common.jimfs.RegularFileTest$RegularFileTestRunner" time="0.0"/>
  <testcase name="testEmpty_transferFrom_postionGreaterThanSrcSize_noBytes_countEqualsSrcSize [DELETE_FILES [8192, 0]]" classname="com.google.common.jimfs.RegularFileTest$RegularFileTestRunner" time="0.0"/>
  <testcase name="testEmpty_transferFrom_postionGreaterThanSrcSize_noBytes_countGreaterThanSrcSize [DELETE_FILES [8192, 0]]" classname="com.google.common.jimfs.RegularFileTest$RegularFileTestRunner" time="0.0"/>
  <testcase name="testEmpty_transferTo [DELETE_FILES [8192, 0]]" classname="com.google.common.jimfs.RegularFileTest$RegularFileTestRunner" time="0.0"/>
  <testcase name="testEmpty_copy [DELETE_FILES [8192, 0]]" classname="com.google.common.jimfs.RegularFileTest$RegularFileTestRunner" time="0.0"/>
  <testcase name="testEmpty_truncate_toZero [DELETE_FILES [8192, 0]]" classname="com.google.common.jimfs.RegularFileTest$RegularFileTestRunner" time="0.0"/>
  <testcase name="testEmpty_truncate_sizeUp [DELETE_FILES [8192, 0]]" classname="com.google.common.jimfs.RegularFileTest$RegularFileTestRunner" time="0.0"/>
  <testcase name="testNonEmpty [DELETE_FILES [8192, 0]]" classname="com.google.common.jimfs.RegularFileTest$RegularFileTestRunner" time="0.0"/>
  <testcase name="testNonEmpty_read_singleByte [DELETE_FILES [8192, 0]]" classname="com.google.common.jimfs.RegularFileTest$RegularFileTestRunner" time="0.0"/>
  <testcase name="testNonEmpty_read_all_byteArray [DELETE_FILES [8192, 0]]" classname="com.google.common.jimfs.RegularFileTest$RegularFileTestRunner" time="0.0"/>
  <testcase name="testNonEmpty_read_all_singleBuffer [DELETE_FILES [8192, 0]]" classname="com.google.common.jimfs.RegularFileTest$RegularFileTestRunner" time="0.0"/>
  <testcase name="testNonEmpty_read_all_multipleBuffers [DELETE_FILES [8192, 0]]" classname="com.google.common.jimfs.RegularFileTest$RegularFileTestRunner" time="0.0"/>
  <testcase name="testNonEmpty_read_all_byteArray_largerThanContent [DELETE_FILES [8192, 0]]" classname="com.google.common.jimfs.RegularFileTest$RegularFileTestRunner" time="0.0"/>
  <testcase name="testNonEmpty_read_all_singleBuffer_largerThanContent [DELETE_FILES [8192, 0]]" classname="com.google.common.jimfs.RegularFileTest$RegularFileTestRunner" time="0.0"/>
  <testcase name="testNonEmpty_read_all_multipleBuffers_largerThanContent [DELETE_FILES [8192, 0]]" classname="com.google.common.jimfs.RegularFileTest$RegularFileTestRunner" time="0.0"/>
  <testcase name="testNonEmpty_read_all_multipleBuffers_extraBuffers [DELETE_FILES [8192, 0]]" classname="com.google.common.jimfs.RegularFileTest$RegularFileTestRunner" time="0.0"/>
  <testcase name="testNonEmpty_read_partial_fromStart_byteArray [DELETE_FILES [8192, 0]]" classname="com.google.common.jimfs.RegularFileTest$RegularFileTestRunner" time="0.0"/>
  <testcase name="testNonEmpty_read_partial_fromMiddle_byteArray [DELETE_FILES [8192, 0]]" classname="com.google.common.jimfs.RegularFileTest$RegularFileTestRunner" time="0.0"/>
  <testcase name="testNonEmpty_read_partial_fromEnd_byteArray [DELETE_FILES [8192, 0]]" classname="com.google.common.jimfs.RegularFileTest$RegularFileTestRunner" time="0.0"/>
  <testcase name="testNonEmpty_read_partial_fromStart_singleBuffer [DELETE_FILES [8192, 0]]" classname="com.google.common.jimfs.RegularFileTest$RegularFileTestRunner" time="0.0"/>
  <testcase name="testNonEmpty_read_partial_fromMiddle_singleBuffer [DELETE_FILES [8192, 0]]" classname="com.google.common.jimfs.RegularFileTest$RegularFileTestRunner" time="0.0"/>
  <testcase name="testNonEmpty_read_partial_fromEnd_singleBuffer [DELETE_FILES [8192, 0]]" classname="com.google.common.jimfs.RegularFileTest$RegularFileTestRunner" time="0.0"/>
  <testcase name="testEmpty_write_multipleBuffers_atStart [DELETE_FILES [8192, 0]]" classname="com.google.common.jimfs.RegularFileTest$RegularFileTestRunner" time="0.0"/>
  <testcase name="testEmpty_write_byteArray_atNonZeroPosition [DELETE_FILES [8192, 0]]" classname="com.google.common.jimfs.RegularFileTest$RegularFileTestRunner" time="0.0"/>
  <testcase name="testEmpty_read_singleByte [DELETE_FILES [8192, 0]]" classname="com.google.common.jimfs.RegularFileTest$RegularFileTestRunner" time="0.0"/>
  <testcase name="testEmpty_read_byteArray [DELETE_FILES [8192, 0]]" classname="com.google.common.jimfs.RegularFileTest$RegularFileTestRunner" time="0.0"/>
  <testcase name="testEmpty_read_singleBuffer [DELETE_FILES [8192, 0]]" classname="com.google.common.jimfs.RegularFileTest$RegularFileTestRunner" time="0.0"/>
  <testcase name="testEmpty_read_multipleBuffers [DELETE_FILES [8192, 0]]" classname="com.google.common.jimfs.RegularFileTest$RegularFileTestRunner" time="0.0"/>
  <testcase name="testEmpty_write_partialByteArray_atNonZeroPosition [DELETE_FILES [8192, 0]]" classname="com.google.common.jimfs.RegularFileTest$RegularFileTestRunner" time="0.0"/>
  <testcase name="testEmpty_write_singleBuffer_atStart [DELETE_FILES [8192, 0]]" classname="com.google.common.jimfs.RegularFileTest$RegularFileTestRunner" time="0.0"/>
  <testcase name="testEmpty_write_partialByteArray_atStart [DELETE_FILES [8192, 0]]" classname="com.google.common.jimfs.RegularFileTest$RegularFileTestRunner" time="0.0"/>
  <testcase name="testEmpty_transferFrom_positionGreaterThanSize_countGreaterThanSrcSize [DELETE_FILES [8192, 0]]" classname="com.google.common.jimfs.RegularFileTest$RegularFileTestRunner" time="0.0"/>
  <testcase name="testEmpty [DELETE_FILES [8192, 0]]" classname="com.google.common.jimfs.RegularFileTest$RegularFileTestRunner" time="0.0"/>
  <testcase name="testNonEmpty_read_partial_fromStart_multipleBuffers [DELETE_FILES [8192, 0]]" classname="com.google.common.jimfs.RegularFileTest$RegularFileTestRunner" time="0.0"/>
  <testcase name="testNonEmpty_read_partial_fromMiddle_multipleBuffers [DELETE_FILES [8192, 0]]" classname="com.google.common.jimfs.RegularFileTest$RegularFileTestRunner" time="0.0"/>
  <testcase name="testNonEmpty_read_partial_fromEnd_multipleBuffers [DELETE_FILES [8192, 0]]" classname="com.google.common.jimfs.RegularFileTest$RegularFileTestRunner" time="0.0"/>
  <testcase name="testNonEmpty_read_fromPastEnd_byteArray [DELETE_FILES [8192, 0]]" classname="com.google.common.jimfs.RegularFileTest$RegularFileTestRunner" time="0.0"/>
  <testcase name="testNonEmpty_read_fromPastEnd_singleBuffer [DELETE_FILES [8192, 0]]" classname="com.google.common.jimfs.RegularFileTest$RegularFileTestRunner" time="0.0"/>
  <testcase name="testNonEmpty_read_fromPastEnd_multipleBuffers [DELETE_FILES [8192, 0]]" classname="com.google.common.jimfs.RegularFileTest$RegularFileTestRunner" time="0.0"/>
  <testcase name="testNonEmpty_write_partial_fromStart_singleByte [DELETE_FILES [8192, 0]]" classname="com.google.common.jimfs.RegularFileTest$RegularFileTestRunner" time="0.0"/>
  <testcase name="testNonEmpty_write_partial_fromMiddle_singleByte [DELETE_FILES [8192, 0]]" classname="com.google.common.jimfs.RegularFileTest$RegularFileTestRunner" time="0.0"/>
  <testcase name="testNonEmpty_write_partial_fromEnd_singleByte [DELETE_FILES [8192, 0]]" classname="com.google.common.jimfs.RegularFileTest$RegularFileTestRunner" time="0.0"/>
  <testcase name="testNonEmpty_write_partial_fromStart_byteArray [DELETE_FILES [8192, 0]]" classname="com.google.common.jimfs.RegularFileTest$RegularFileTestRunner" time="0.0"/>
  <testcase name="testNonEmpty_write_partial_fromMiddle_byteArray [DELETE_FILES [8192, 0]]" classname="com.google.common.jimfs.RegularFileTest$RegularFileTestRunner" time="0.0"/>
  <testcase name="testNonEmpty_write_partial_fromBeforeEnd_byteArray [DELETE_FILES [8192, 0]]" classname="com.google.common.jimfs.RegularFileTest$RegularFileTestRunner" time="0.0"/>
  <testcase name="testNonEmpty_write_partial_fromEnd_byteArray [DELETE_FILES [8192, 0]]" classname="com.google.common.jimfs.RegularFileTest$RegularFileTestRunner" time="0.0"/>
  <testcase name="testNonEmpty_write_partial_fromPastEnd_byteArray [DELETE_FILES [8192, 0]]" classname="com.google.common.jimfs.RegularFileTest$RegularFileTestRunner" time="0.0"/>
  <testcase name="testNonEmpty_write_partial_fromStart_singleBuffer [DELETE_FILES [8192, 0]]" classname="com.google.common.jimfs.RegularFileTest$RegularFileTestRunner" time="0.0"/>
  <testcase name="testNonEmpty_write_partial_fromMiddle_singleBuffer [DELETE_FILES [8192, 0]]" classname="com.google.common.jimfs.RegularFileTest$RegularFileTestRunner" time="0.0"/>
  <testcase name="testNonEmpty_write_partial_fromEnd_singleBuffer [DELETE_FILES [8192, 0]]" classname="com.google.common.jimfs.RegularFileTest$RegularFileTestRunner" time="0.0"/>
  <testcase name="testNonEmpty_write_partial_fromPastEnd_singleBuffer [DELETE_FILES [8192, 0]]" classname="com.google.common.jimfs.RegularFileTest$RegularFileTestRunner" time="0.0"/>
  <testcase name="testNonEmpty_write_partial_fromStart_multipleBuffers [DELETE_FILES [8192, 0]]" classname="com.google.common.jimfs.RegularFileTest$RegularFileTestRunner" time="0.0"/>
  <testcase name="testNonEmpty_write_partial_fromMiddle_multipleBuffers [DELETE_FILES [8192, 0]]" classname="com.google.common.jimfs.RegularFileTest$RegularFileTestRunner" time="0.0"/>
  <testcase name="testNonEmpty_write_partial_fromBeforeEnd_multipleBuffers [DELETE_FILES [8192, 0]]" classname="com.google.common.jimfs.RegularFileTest$RegularFileTestRunner" time="0.0"/>
  <testcase name="testNonEmpty_write_partial_fromEnd_multipleBuffers [DELETE_FILES [8192, 0]]" classname="com.google.common.jimfs.RegularFileTest$RegularFileTestRunner" time="0.0"/>
  <testcase name="testNonEmpty_write_partial_fromPastEnd_multipleBuffers [DELETE_FILES [8192, 0]]" classname="com.google.common.jimfs.RegularFileTest$RegularFileTestRunner" time="0.0"/>
  <testcase name="testNonEmpty_write_overwrite_sameLength [DELETE_FILES [8192, 0]]" classname="com.google.common.jimfs.RegularFileTest$RegularFileTestRunner" time="0.0"/>
  <testcase name="testNonEmpty_write_overwrite_greaterLength [DELETE_FILES [8192, 0]]" classname="com.google.common.jimfs.RegularFileTest$RegularFileTestRunner" time="0.0"/>
  <testcase name="testNonEmpty_transferTo_fromStart_countEqualsSize [DELETE_FILES [8192, 0]]" classname="com.google.common.jimfs.RegularFileTest$RegularFileTestRunner" time="0.0"/>
  <testcase name="testNonEmpty_transferTo_fromStart_countLessThanSize [DELETE_FILES [8192, 0]]" classname="com.google.common.jimfs.RegularFileTest$RegularFileTestRunner" time="0.0"/>
  <testcase name="testNonEmpty_transferTo_fromMiddle_countEqualsSize [DELETE_FILES [8192, 0]]" classname="com.google.common.jimfs.RegularFileTest$RegularFileTestRunner" time="0.0"/>
  <testcase name="testNonEmpty_transferTo_fromMiddle_countLessThanSize [DELETE_FILES [8192, 0]]" classname="com.google.common.jimfs.RegularFileTest$RegularFileTestRunner" time="0.0"/>
  <testcase name="testNonEmpty_transferFrom_toStart_countEqualsSrcSize [DELETE_FILES [8192, 0]]" classname="com.google.common.jimfs.RegularFileTest$RegularFileTestRunner" time="0.0"/>
  <testcase name="testNonEmpty_transferFrom_toStart_countLessThanSrcSize [DELETE_FILES [8192, 0]]" classname="com.google.common.jimfs.RegularFileTest$RegularFileTestRunner" time="0.0"/>
  <testcase name="testNonEmpty_transferFrom_toStart_countGreaterThanSrcSize [DELETE_FILES [8192, 0]]" classname="com.google.common.jimfs.RegularFileTest$RegularFileTestRunner" time="0.0"/>
  <testcase name="testNonEmpty_transferFrom_toMiddle_countEqualsSrcSize [DELETE_FILES [8192, 0]]" classname="com.google.common.jimfs.RegularFileTest$RegularFileTestRunner" time="0.0"/>
  <testcase name="testNonEmpty_transferFrom_toMiddle_countLessThanSrcSize [DELETE_FILES [8192, 0]]" classname="com.google.common.jimfs.RegularFileTest$RegularFileTestRunner" time="0.0"/>
  <testcase name="testNonEmpty_transferFrom_toMiddle_countGreaterThanSrcSize [DELETE_FILES [8192, 0]]" classname="com.google.common.jimfs.RegularFileTest$RegularFileTestRunner" time="0.0"/>
  <testcase name="testNonEmpty_transferFrom_toMiddle_transferGoesBeyondContentSize [DELETE_FILES [8192, 0]]" classname="com.google.common.jimfs.RegularFileTest$RegularFileTestRunner" time="0.0"/>
  <testcase name="testNonEmpty_transferFrom_toEnd [DELETE_FILES [8192, 0]]" classname="com.google.common.jimfs.RegularFileTest$RegularFileTestRunner" time="0.0"/>
  <testcase name="testNonEmpty_transferFrom_positionGreaterThanSize [DELETE_FILES [8192, 0]]" classname="com.google.common.jimfs.RegularFileTest$RegularFileTestRunner" time="0.0"/>
  <testcase name="testNonEmpty_transferFrom_hugeOverestimateCount [DELETE_FILES [8192, 0]]" classname="com.google.common.jimfs.RegularFileTest$RegularFileTestRunner" time="0.0"/>
  <testcase name="testNonEmpty_copy [DELETE_FILES [8192, 0]]" classname="com.google.common.jimfs.RegularFileTest$RegularFileTestRunner" time="0.0"/>
  <testcase name="testNonEmpty_copy_multipleTimes [DELETE_FILES [8192, 0]]" classname="com.google.common.jimfs.RegularFileTest$RegularFileTestRunner" time="0.0"/>
  <testcase name="testNonEmpty_truncate_toZero [DELETE_FILES [8192, 0]]" classname="com.google.common.jimfs.RegularFileTest$RegularFileTestRunner" time="0.0"/>
  <testcase name="testNonEmpty_truncate_partial [DELETE_FILES [8192, 0]]" classname="com.google.common.jimfs.RegularFileTest$RegularFileTestRunner" time="0.0"/>
  <testcase name="testNonEmpty_truncate_sizeUp [DELETE_FILES [8192, 0]]" classname="com.google.common.jimfs.RegularFileTest$RegularFileTestRunner" time="0.0"/>
  <testcase name="testDeletedStoreRemainsUsableWhileOpen [DELETE_FILES [8192, 0]]" classname="com.google.common.jimfs.RegularFileTest$RegularFileTestRunner" time="0.0"/>
  <testcase name="testEmpty_write_singleByte_atNonZeroPosition [DELETE_FILES [8192, -1]]" classname="com.google.common.jimfs.RegularFileTest$RegularFileTestRunner" time="0.0"/>
  <testcase name="testNonEmpty_write_partial_fromBeforeEnd_singleBuffer [DELETE_FILES [8192, -1]]" classname="com.google.common.jimfs.RegularFileTest$RegularFileTestRunner" time="0.0"/>
  <testcase name="testEmpty_transferFrom_positionGreaterThanSize_countLessThanSrcSize [DELETE_FILES [8192, -1]]" classname="com.google.common.jimfs.RegularFileTest$RegularFileTestRunner" time="0.0"/>
  <testcase name="testEmpty_write_singleByte_atStart [DELETE_FILES [8192, -1]]" classname="com.google.common.jimfs.RegularFileTest$RegularFileTestRunner" time="0.0"/>
  <testcase name="testEmpty_write_byteArray_atStart [DELETE_FILES [8192, -1]]" classname="com.google.common.jimfs.RegularFileTest$RegularFileTestRunner" time="0.0"/>
  <testcase name="testEmpty_write_singleBuffer_atNonZeroPosition [DELETE_FILES [8192, -1]]" classname="com.google.common.jimfs.RegularFileTest$RegularFileTestRunner" time="0.0"/>
  <testcase name="testEmpty_write_multipleBuffers_atNonZeroPosition [DELETE_FILES [8192, -1]]" classname="com.google.common.jimfs.RegularFileTest$RegularFileTestRunner" time="0.0"/>
  <testcase name="testEmpty_write_noBytesArray_atStart [DELETE_FILES [8192, -1]]" classname="com.google.common.jimfs.RegularFileTest$RegularFileTestRunner" time="0.0"/>
  <testcase name="testEmpty_write_noBytesArray_atNonZeroPosition [DELETE_FILES [8192, -1]]" classname="com.google.common.jimfs.RegularFileTest$RegularFileTestRunner" time="0.0"/>
  <testcase name="testEmpty_write_noBytesBuffer_atStart [DELETE_FILES [8192, -1]]" classname="com.google.common.jimfs.RegularFileTest$RegularFileTestRunner" time="0.0"/>
  <testcase name="testEmpty_write_noBytesBuffer_atNonZeroPosition [DELETE_FILES [8192, -1]]" classname="com.google.common.jimfs.RegularFileTest$RegularFileTestRunner" time="0.0"/>
  <testcase name="testEmpty_write_noBytesBuffers_atStart [DELETE_FILES [8192, -1]]" classname="com.google.common.jimfs.RegularFileTest$RegularFileTestRunner" time="0.0"/>
  <testcase name="testEmpty_write_noBytesBuffers_atNonZeroPosition [DELETE_FILES [8192, -1]]" classname="com.google.common.jimfs.RegularFileTest$RegularFileTestRunner" time="0.0"/>
  <testcase name="testEmpty_transferFrom_fromStart_countEqualsSrcSize [DELETE_FILES [8192, -1]]" classname="com.google.common.jimfs.RegularFileTest$RegularFileTestRunner" time="0.0"/>
  <testcase name="testEmpty_transferFrom_fromStart_countLessThanSrcSize [DELETE_FILES [8192, -1]]" classname="com.google.common.jimfs.RegularFileTest$RegularFileTestRunner" time="0.0"/>
  <testcase name="testEmpty_transferFrom_fromStart_countGreaterThanSrcSize [DELETE_FILES [8192, -1]]" classname="com.google.common.jimfs.RegularFileTest$RegularFileTestRunner" time="0.0"/>
  <testcase name="testEmpty_transferFrom_positionGreaterThanSize [DELETE_FILES [8192, -1]]" classname="com.google.common.jimfs.RegularFileTest$RegularFileTestRunner" time="0.0"/>
  <testcase name="testEmpty_transferFrom_positionGreaterThanSize_countEqualsSrcSize [DELETE_FILES [8192, -1]]" classname="com.google.common.jimfs.RegularFileTest$RegularFileTestRunner" time="0.0"/>
  <testcase name="testEmpty_transferFrom_fromStart_noBytes_countEqualsSrcSize [DELETE_FILES [8192, -1]]" classname="com.google.common.jimfs.RegularFileTest$RegularFileTestRunner" time="0.0"/>
  <testcase name="testEmpty_transferFrom_fromStart_noBytes_countGreaterThanSrcSize [DELETE_FILES [8192, -1]]" classname="com.google.common.jimfs.RegularFileTest$RegularFileTestRunner" time="0.0"/>
  <testcase name="testEmpty_transferFrom_postionGreaterThanSrcSize_noBytes_countEqualsSrcSize [DELETE_FILES [8192, -1]]" classname="com.google.common.jimfs.RegularFileTest$RegularFileTestRunner" time="0.0"/>
  <testcase name="testEmpty_transferFrom_postionGreaterThanSrcSize_noBytes_countGreaterThanSrcSize [DELETE_FILES [8192, -1]]" classname="com.google.common.jimfs.RegularFileTest$RegularFileTestRunner" time="0.0"/>
  <testcase name="testEmpty_transferTo [DELETE_FILES [8192, -1]]" classname="com.google.common.jimfs.RegularFileTest$RegularFileTestRunner" time="0.0"/>
  <testcase name="testEmpty_copy [DELETE_FILES [8192, -1]]" classname="com.google.common.jimfs.RegularFileTest$RegularFileTestRunner" time="0.0"/>
  <testcase name="testEmpty_truncate_toZero [DELETE_FILES [8192, -1]]" classname="com.google.common.jimfs.RegularFileTest$RegularFileTestRunner" time="0.0"/>
  <testcase name="testEmpty_truncate_sizeUp [DELETE_FILES [8192, -1]]" classname="com.google.common.jimfs.RegularFileTest$RegularFileTestRunner" time="0.0"/>
  <testcase name="testNonEmpty [DELETE_FILES [8192, -1]]" classname="com.google.common.jimfs.RegularFileTest$RegularFileTestRunner" time="0.0"/>
  <testcase name="testNonEmpty_read_singleByte [DELETE_FILES [8192, -1]]" classname="com.google.common.jimfs.RegularFileTest$RegularFileTestRunner" time="0.0"/>
  <testcase name="testNonEmpty_read_all_byteArray [DELETE_FILES [8192, -1]]" classname="com.google.common.jimfs.RegularFileTest$RegularFileTestRunner" time="0.0"/>
  <testcase name="testNonEmpty_read_all_singleBuffer [DELETE_FILES [8192, -1]]" classname="com.google.common.jimfs.RegularFileTest$RegularFileTestRunner" time="0.0"/>
  <testcase name="testNonEmpty_read_all_multipleBuffers [DELETE_FILES [8192, -1]]" classname="com.google.common.jimfs.RegularFileTest$RegularFileTestRunner" time="0.0"/>
  <testcase name="testNonEmpty_read_all_byteArray_largerThanContent [DELETE_FILES [8192, -1]]" classname="com.google.common.jimfs.RegularFileTest$RegularFileTestRunner" time="0.0"/>
  <testcase name="testNonEmpty_read_all_singleBuffer_largerThanContent [DELETE_FILES [8192, -1]]" classname="com.google.common.jimfs.RegularFileTest$RegularFileTestRunner" time="0.0"/>
  <testcase name="testNonEmpty_read_all_multipleBuffers_largerThanContent [DELETE_FILES [8192, -1]]" classname="com.google.common.jimfs.RegularFileTest$RegularFileTestRunner" time="0.0"/>
  <testcase name="testNonEmpty_read_all_multipleBuffers_extraBuffers [DELETE_FILES [8192, -1]]" classname="com.google.common.jimfs.RegularFileTest$RegularFileTestRunner" time="0.0"/>
  <testcase name="testNonEmpty_read_partial_fromStart_byteArray [DELETE_FILES [8192, -1]]" classname="com.google.common.jimfs.RegularFileTest$RegularFileTestRunner" time="0.0"/>
  <testcase name="testNonEmpty_read_partial_fromMiddle_byteArray [DELETE_FILES [8192, -1]]" classname="com.google.common.jimfs.RegularFileTest$RegularFileTestRunner" time="0.0"/>
  <testcase name="testNonEmpty_read_partial_fromEnd_byteArray [DELETE_FILES [8192, -1]]" classname="com.google.common.jimfs.RegularFileTest$RegularFileTestRunner" time="0.0"/>
  <testcase name="testNonEmpty_read_partial_fromStart_singleBuffer [DELETE_FILES [8192, -1]]" classname="com.google.common.jimfs.RegularFileTest$RegularFileTestRunner" time="0.0"/>
  <testcase name="testNonEmpty_read_partial_fromMiddle_singleBuffer [DELETE_FILES [8192, -1]]" classname="com.google.common.jimfs.RegularFileTest$RegularFileTestRunner" time="0.0"/>
  <testcase name="testNonEmpty_read_partial_fromEnd_singleBuffer [DELETE_FILES [8192, -1]]" classname="com.google.common.jimfs.RegularFileTest$RegularFileTestRunner" time="0.0"/>
  <testcase name="testEmpty_write_multipleBuffers_atStart [DELETE_FILES [8192, -1]]" classname="com.google.common.jimfs.RegularFileTest$RegularFileTestRunner" time="0.0"/>
  <testcase name="testEmpty_write_byteArray_atNonZeroPosition [DELETE_FILES [8192, -1]]" classname="com.google.common.jimfs.RegularFileTest$RegularFileTestRunner" time="0.0"/>
  <testcase name="testEmpty_read_singleByte [DELETE_FILES [8192, -1]]" classname="com.google.common.jimfs.RegularFileTest$RegularFileTestRunner" time="0.0"/>
  <testcase name="testEmpty_read_byteArray [DELETE_FILES [8192, -1]]" classname="com.google.common.jimfs.RegularFileTest$RegularFileTestRunner" time="0.0"/>
  <testcase name="testEmpty_read_singleBuffer [DELETE_FILES [8192, -1]]" classname="com.google.common.jimfs.RegularFileTest$RegularFileTestRunner" time="0.0"/>
  <testcase name="testEmpty_read_multipleBuffers [DELETE_FILES [8192, -1]]" classname="com.google.common.jimfs.RegularFileTest$RegularFileTestRunner" time="0.0"/>
  <testcase name="testEmpty_write_partialByteArray_atNonZeroPosition [DELETE_FILES [8192, -1]]" classname="com.google.common.jimfs.RegularFileTest$RegularFileTestRunner" time="0.0"/>
  <testcase name="testEmpty_write_singleBuffer_atStart [DELETE_FILES [8192, -1]]" classname="com.google.common.jimfs.RegularFileTest$RegularFileTestRunner" time="0.0"/>
  <testcase name="testEmpty_write_partialByteArray_atStart [DELETE_FILES [8192, -1]]" classname="com.google.common.jimfs.RegularFileTest$RegularFileTestRunner" time="0.0"/>
  <testcase name="testEmpty_transferFrom_positionGreaterThanSize_countGreaterThanSrcSize [DELETE_FILES [8192, -1]]" classname="com.google.common.jimfs.RegularFileTest$RegularFileTestRunner" time="0.0"/>
  <testcase name="testEmpty [DELETE_FILES [8192, -1]]" classname="com.google.common.jimfs.RegularFileTest$RegularFileTestRunner" time="0.0"/>
  <testcase name="testNonEmpty_read_partial_fromStart_multipleBuffers [DELETE_FILES [8192, -1]]" classname="com.google.common.jimfs.RegularFileTest$RegularFileTestRunner" time="0.0"/>
  <testcase name="testNonEmpty_read_partial_fromMiddle_multipleBuffers [DELETE_FILES [8192, -1]]" classname="com.google.common.jimfs.RegularFileTest$RegularFileTestRunner" time="0.0"/>
  <testcase name="testNonEmpty_read_partial_fromEnd_multipleBuffers [DELETE_FILES [8192, -1]]" classname="com.google.common.jimfs.RegularFileTest$RegularFileTestRunner" time="0.0"/>
  <testcase name="testNonEmpty_read_fromPastEnd_byteArray [DELETE_FILES [8192, -1]]" classname="com.google.common.jimfs.RegularFileTest$RegularFileTestRunner" time="0.0"/>
  <testcase name="testNonEmpty_read_fromPastEnd_singleBuffer [DELETE_FILES [8192, -1]]" classname="com.google.common.jimfs.RegularFileTest$RegularFileTestRunner" time="0.0"/>
  <testcase name="testNonEmpty_read_fromPastEnd_multipleBuffers [DELETE_FILES [8192, -1]]" classname="com.google.common.jimfs.RegularFileTest$RegularFileTestRunner" time="0.0"/>
  <testcase name="testNonEmpty_write_partial_fromStart_singleByte [DELETE_FILES [8192, -1]]" classname="com.google.common.jimfs.RegularFileTest$RegularFileTestRunner" time="0.0"/>
  <testcase name="testNonEmpty_write_partial_fromMiddle_singleByte [DELETE_FILES [8192, -1]]" classname="com.google.common.jimfs.RegularFileTest$RegularFileTestRunner" time="0.0"/>
  <testcase name="testNonEmpty_write_partial_fromEnd_singleByte [DELETE_FILES [8192, -1]]" classname="com.google.common.jimfs.RegularFileTest$RegularFileTestRunner" time="0.0"/>
  <testcase name="testNonEmpty_write_partial_fromStart_byteArray [DELETE_FILES [8192, -1]]" classname="com.google.common.jimfs.RegularFileTest$RegularFileTestRunner" time="0.0"/>
  <testcase name="testNonEmpty_write_partial_fromMiddle_byteArray [DELETE_FILES [8192, -1]]" classname="com.google.common.jimfs.RegularFileTest$RegularFileTestRunner" time="0.0"/>
  <testcase name="testNonEmpty_write_partial_fromBeforeEnd_byteArray [DELETE_FILES [8192, -1]]" classname="com.google.common.jimfs.RegularFileTest$RegularFileTestRunner" time="0.0"/>
  <testcase name="testNonEmpty_write_partial_fromEnd_byteArray [DELETE_FILES [8192, -1]]" classname="com.google.common.jimfs.RegularFileTest$RegularFileTestRunner" time="0.0"/>
  <testcase name="testNonEmpty_write_partial_fromPastEnd_byteArray [DELETE_FILES [8192, -1]]" classname="com.google.common.jimfs.RegularFileTest$RegularFileTestRunner" time="0.0"/>
  <testcase name="testNonEmpty_write_partial_fromStart_singleBuffer [DELETE_FILES [8192, -1]]" classname="com.google.common.jimfs.RegularFileTest$RegularFileTestRunner" time="0.0"/>
  <testcase name="testNonEmpty_write_partial_fromMiddle_singleBuffer [DELETE_FILES [8192, -1]]" classname="com.google.common.jimfs.RegularFileTest$RegularFileTestRunner" time="0.0"/>
  <testcase name="testNonEmpty_write_partial_fromEnd_singleBuffer [DELETE_FILES [8192, -1]]" classname="com.google.common.jimfs.RegularFileTest$RegularFileTestRunner" time="0.0"/>
  <testcase name="testNonEmpty_write_partial_fromPastEnd_singleBuffer [DELETE_FILES [8192, -1]]" classname="com.google.common.jimfs.RegularFileTest$RegularFileTestRunner" time="0.0"/>
  <testcase name="testNonEmpty_write_partial_fromStart_multipleBuffers [DELETE_FILES [8192, -1]]" classname="com.google.common.jimfs.RegularFileTest$RegularFileTestRunner" time="0.0"/>
  <testcase name="testNonEmpty_write_partial_fromMiddle_multipleBuffers [DELETE_FILES [8192, -1]]" classname="com.google.common.jimfs.RegularFileTest$RegularFileTestRunner" time="0.0"/>
  <testcase name="testNonEmpty_write_partial_fromBeforeEnd_multipleBuffers [DELETE_FILES [8192, -1]]" classname="com.google.common.jimfs.RegularFileTest$RegularFileTestRunner" time="0.0"/>
  <testcase name="testNonEmpty_write_partial_fromEnd_multipleBuffers [DELETE_FILES [8192, -1]]" classname="com.google.common.jimfs.RegularFileTest$RegularFileTestRunner" time="0.0"/>
  <testcase name="testNonEmpty_write_partial_fromPastEnd_multipleBuffers [DELETE_FILES [8192, -1]]" classname="com.google.common.jimfs.RegularFileTest$RegularFileTestRunner" time="0.0"/>
  <testcase name="testNonEmpty_write_overwrite_sameLength [DELETE_FILES [8192, -1]]" classname="com.google.common.jimfs.RegularFileTest$RegularFileTestRunner" time="0.0"/>
  <testcase name="testNonEmpty_write_overwrite_greaterLength [DELETE_FILES [8192, -1]]" classname="com.google.common.jimfs.RegularFileTest$RegularFileTestRunner" time="0.0"/>
  <testcase name="testNonEmpty_transferTo_fromStart_countEqualsSize [DELETE_FILES [8192, -1]]" classname="com.google.common.jimfs.RegularFileTest$RegularFileTestRunner" time="0.0"/>
  <testcase name="testNonEmpty_transferTo_fromStart_countLessThanSize [DELETE_FILES [8192, -1]]" classname="com.google.common.jimfs.RegularFileTest$RegularFileTestRunner" time="0.0"/>
  <testcase name="testNonEmpty_transferTo_fromMiddle_countEqualsSize [DELETE_FILES [8192, -1]]" classname="com.google.common.jimfs.RegularFileTest$RegularFileTestRunner" time="0.0"/>
  <testcase name="testNonEmpty_transferTo_fromMiddle_countLessThanSize [DELETE_FILES [8192, -1]]" classname="com.google.common.jimfs.RegularFileTest$RegularFileTestRunner" time="0.0"/>
  <testcase name="testNonEmpty_transferFrom_toStart_countEqualsSrcSize [DELETE_FILES [8192, -1]]" classname="com.google.common.jimfs.RegularFileTest$RegularFileTestRunner" time="0.0"/>
  <testcase name="testNonEmpty_transferFrom_toStart_countLessThanSrcSize [DELETE_FILES [8192, -1]]" classname="com.google.common.jimfs.RegularFileTest$RegularFileTestRunner" time="0.0"/>
  <testcase name="testNonEmpty_transferFrom_toStart_countGreaterThanSrcSize [DELETE_FILES [8192, -1]]" classname="com.google.common.jimfs.RegularFileTest$RegularFileTestRunner" time="0.0"/>
  <testcase name="testNonEmpty_transferFrom_toMiddle_countEqualsSrcSize [DELETE_FILES [8192, -1]]" classname="com.google.common.jimfs.RegularFileTest$RegularFileTestRunner" time="0.0"/>
  <testcase name="testNonEmpty_transferFrom_toMiddle_countLessThanSrcSize [DELETE_FILES [8192, -1]]" classname="com.google.common.jimfs.RegularFileTest$RegularFileTestRunner" time="0.0"/>
  <testcase name="testNonEmpty_transferFrom_toMiddle_countGreaterThanSrcSize [DELETE_FILES [8192, -1]]" classname="com.google.common.jimfs.RegularFileTest$RegularFileTestRunner" time="0.0"/>
  <testcase name="testNonEmpty_transferFrom_toMiddle_transferGoesBeyondContentSize [DELETE_FILES [8192, -1]]" classname="com.google.common.jimfs.RegularFileTest$RegularFileTestRunner" time="0.0"/>
  <testcase name="testNonEmpty_transferFrom_toEnd [DELETE_FILES [8192, -1]]" classname="com.google.common.jimfs.RegularFileTest$RegularFileTestRunner" time="0.0"/>
  <testcase name="testNonEmpty_transferFrom_positionGreaterThanSize [DELETE_FILES [8192, -1]]" classname="com.google.common.jimfs.RegularFileTest$RegularFileTestRunner" time="0.0"/>
  <testcase name="testNonEmpty_transferFrom_hugeOverestimateCount [DELETE_FILES [8192, -1]]" classname="com.google.common.jimfs.RegularFileTest$RegularFileTestRunner" time="0.0"/>
  <testcase name="testNonEmpty_copy [DELETE_FILES [8192, -1]]" classname="com.google.common.jimfs.RegularFileTest$RegularFileTestRunner" time="0.0"/>
  <testcase name="testNonEmpty_copy_multipleTimes [DELETE_FILES [8192, -1]]" classname="com.google.common.jimfs.RegularFileTest$RegularFileTestRunner" time="0.0"/>
  <testcase name="testNonEmpty_truncate_toZero [DELETE_FILES [8192, -1]]" classname="com.google.common.jimfs.RegularFileTest$RegularFileTestRunner" time="0.0"/>
  <testcase name="testNonEmpty_truncate_partial [DELETE_FILES [8192, -1]]" classname="com.google.common.jimfs.RegularFileTest$RegularFileTestRunner" time="0.0"/>
  <testcase name="testNonEmpty_truncate_sizeUp [DELETE_FILES [8192, -1]]" classname="com.google.common.jimfs.RegularFileTest$RegularFileTestRunner" time="0.0"/>
  <testcase name="testDeletedStoreRemainsUsableWhileOpen [DELETE_FILES [8192, -1]]" classname="com.google.common.jimfs.RegularFileTest$RegularFileTestRunner" time="0.0"/>
  <testcase name="testEmpty_write_singleByte_atNonZeroPosition [KEEP_OR_DELETE_FILES [2, 0]]" classname="com.google.common.jimfs.RegularFileTest$RegularFileTestRunner" time="0.0"/>
  <testcase name="testNonEmpty_write_partial_fromBeforeEnd_singleBuffer [KEEP_OR_DELETE_FILES [2, 0]]" classname="com.google.common.jimfs.RegularFileTest$RegularFileTestRunner" time="0.0"/>
  <testcase name="testEmpty_transferFrom_positionGreaterThanSize_countLessThanSrcSize [KEEP_OR_DELETE_FILES [2, 0]]" classname="com.google.common.jimfs.RegularFileTest$RegularFileTestRunner" time="0.0"/>
  <testcase name="testEmpty_write_singleByte_atStart [KEEP_OR_DELETE_FILES [2, 0]]" classname="com.google.common.jimfs.RegularFileTest$RegularFileTestRunner" time="0.0"/>
  <testcase name="testEmpty_write_byteArray_atStart [KEEP_OR_DELETE_FILES [2, 0]]" classname="com.google.common.jimfs.RegularFileTest$RegularFileTestRunner" time="0.0"/>
  <testcase name="testEmpty_write_singleBuffer_atNonZeroPosition [KEEP_OR_DELETE_FILES [2, 0]]" classname="com.google.common.jimfs.RegularFileTest$RegularFileTestRunner" time="0.0"/>
  <testcase name="testEmpty_write_multipleBuffers_atNonZeroPosition [KEEP_OR_DELETE_FILES [2, 0]]" classname="com.google.common.jimfs.RegularFileTest$RegularFileTestRunner" time="0.0"/>
  <testcase name="testEmpty_write_noBytesArray_atStart [KEEP_OR_DELETE_FILES [2, 0]]" classname="com.google.common.jimfs.RegularFileTest$RegularFileTestRunner" time="0.0"/>
  <testcase name="testEmpty_write_noBytesArray_atNonZeroPosition [KEEP_OR_DELETE_FILES [2, 0]]" classname="com.google.common.jimfs.RegularFileTest$RegularFileTestRunner" time="0.0"/>
  <testcase name="testEmpty_write_noBytesBuffer_atStart [KEEP_OR_DELETE_FILES [2, 0]]" classname="com.google.common.jimfs.RegularFileTest$RegularFileTestRunner" time="0.0"/>
  <testcase name="testEmpty_write_noBytesBuffer_atNonZeroPosition [KEEP_OR_DELETE_FILES [2, 0]]" classname="com.google.common.jimfs.RegularFileTest$RegularFileTestRunner" time="0.0"/>
  <testcase name="testEmpty_write_noBytesBuffers_atStart [KEEP_OR_DELETE_FILES [2, 0]]" classname="com.google.common.jimfs.RegularFileTest$RegularFileTestRunner" time="0.0"/>
  <testcase name="testEmpty_write_noBytesBuffers_atNonZeroPosition [KEEP_OR_DELETE_FILES [2, 0]]" classname="com.google.common.jimfs.RegularFileTest$RegularFileTestRunner" time="0.0"/>
  <testcase name="testEmpty_transferFrom_fromStart_countEqualsSrcSize [KEEP_OR_DELETE_FILES [2, 0]]" classname="com.google.common.jimfs.RegularFileTest$RegularFileTestRunner" time="0.0"/>
  <testcase name="testEmpty_transferFrom_fromStart_countLessThanSrcSize [KEEP_OR_DELETE_FILES [2, 0]]" classname="com.google.common.jimfs.RegularFileTest$RegularFileTestRunner" time="0.0"/>
  <testcase name="testEmpty_transferFrom_fromStart_countGreaterThanSrcSize [KEEP_OR_DELETE_FILES [2, 0]]" classname="com.google.common.jimfs.RegularFileTest$RegularFileTestRunner" time="0.0"/>
  <testcase name="testEmpty_transferFrom_positionGreaterThanSize [KEEP_OR_DELETE_FILES [2, 0]]" classname="com.google.common.jimfs.RegularFileTest$RegularFileTestRunner" time="0.0"/>
  <testcase name="testEmpty_transferFrom_positionGreaterThanSize_countEqualsSrcSize [KEEP_OR_DELETE_FILES [2, 0]]" classname="com.google.common.jimfs.RegularFileTest$RegularFileTestRunner" time="0.0"/>
  <testcase name="testEmpty_transferFrom_fromStart_noBytes_countEqualsSrcSize [KEEP_OR_DELETE_FILES [2, 0]]" classname="com.google.common.jimfs.RegularFileTest$RegularFileTestRunner" time="0.0"/>
  <testcase name="testEmpty_transferFrom_fromStart_noBytes_countGreaterThanSrcSize [KEEP_OR_DELETE_FILES [2, 0]]" classname="com.google.common.jimfs.RegularFileTest$RegularFileTestRunner" time="0.0"/>
  <testcase name="testEmpty_transferFrom_postionGreaterThanSrcSize_noBytes_countEqualsSrcSize [KEEP_OR_DELETE_FILES [2, 0]]" classname="com.google.common.jimfs.RegularFileTest$RegularFileTestRunner" time="0.0"/>
  <testcase name="testEmpty_transferFrom_postionGreaterThanSrcSize_noBytes_countGreaterThanSrcSize [KEEP_OR_DELETE_FILES [2, 0]]" classname="com.google.common.jimfs.RegularFileTest$RegularFileTestRunner" time="0.0"/>
  <testcase name="testEmpty_transferTo [KEEP_OR_DELETE_FILES [2, 0]]" classname="com.google.common.jimfs.RegularFileTest$RegularFileTestRunner" time="0.0"/>
  <testcase name="testEmpty_copy [KEEP_OR_DELETE_FILES [2, 0]]" classname="com.google.common.jimfs.RegularFileTest$RegularFileTestRunner" time="0.0"/>
  <testcase name="testEmpty_truncate_toZero [KEEP_OR_DELETE_FILES [2, 0]]" classname="com.google.common.jimfs.RegularFileTest$RegularFileTestRunner" time="0.0"/>
  <testcase name="testEmpty_truncate_sizeUp [KEEP_OR_DELETE_FILES [2, 0]]" classname="com.google.common.jimfs.RegularFileTest$RegularFileTestRunner" time="0.0"/>
  <testcase name="testNonEmpty [KEEP_OR_DELETE_FILES [2, 0]]" classname="com.google.common.jimfs.RegularFileTest$RegularFileTestRunner" time="0.0"/>
  <testcase name="testNonEmpty_read_singleByte [KEEP_OR_DELETE_FILES [2, 0]]" classname="com.google.common.jimfs.RegularFileTest$RegularFileTestRunner" time="0.0"/>
  <testcase name="testNonEmpty_read_all_byteArray [KEEP_OR_DELETE_FILES [2, 0]]" classname="com.google.common.jimfs.RegularFileTest$RegularFileTestRunner" time="0.0"/>
  <testcase name="testNonEmpty_read_all_singleBuffer [KEEP_OR_DELETE_FILES [2, 0]]" classname="com.google.common.jimfs.RegularFileTest$RegularFileTestRunner" time="0.0"/>
  <testcase name="testNonEmpty_read_all_multipleBuffers [KEEP_OR_DELETE_FILES [2, 0]]" classname="com.google.common.jimfs.RegularFileTest$RegularFileTestRunner" time="0.0"/>
  <testcase name="testNonEmpty_read_all_byteArray_largerThanContent [KEEP_OR_DELETE_FILES [2, 0]]" classname="com.google.common.jimfs.RegularFileTest$RegularFileTestRunner" time="0.0"/>
  <testcase name="testNonEmpty_read_all_singleBuffer_largerThanContent [KEEP_OR_DELETE_FILES [2, 0]]" classname="com.google.common.jimfs.RegularFileTest$RegularFileTestRunner" time="0.0"/>
  <testcase name="testNonEmpty_read_all_multipleBuffers_largerThanContent [KEEP_OR_DELETE_FILES [2, 0]]" classname="com.google.common.jimfs.RegularFileTest$RegularFileTestRunner" time="0.0"/>
  <testcase name="testNonEmpty_read_all_multipleBuffers_extraBuffers [KEEP_OR_DELETE_FILES [2, 0]]" classname="com.google.common.jimfs.RegularFileTest$RegularFileTestRunner" time="0.0"/>
  <testcase name="testNonEmpty_read_partial_fromStart_byteArray [KEEP_OR_DELETE_FILES [2, 0]]" classname="com.google.common.jimfs.RegularFileTest$RegularFileTestRunner" time="0.0"/>
  <testcase name="testNonEmpty_read_partial_fromMiddle_byteArray [KEEP_OR_DELETE_FILES [2, 0]]" classname="com.google.common.jimfs.RegularFileTest$RegularFileTestRunner" time="0.0"/>
  <testcase name="testNonEmpty_read_partial_fromEnd_byteArray [KEEP_OR_DELETE_FILES [2, 0]]" classname="com.google.common.jimfs.RegularFileTest$RegularFileTestRunner" time="0.0"/>
  <testcase name="testNonEmpty_read_partial_fromStart_singleBuffer [KEEP_OR_DELETE_FILES [2, 0]]" classname="com.google.common.jimfs.RegularFileTest$RegularFileTestRunner" time="0.0"/>
  <testcase name="testNonEmpty_read_partial_fromMiddle_singleBuffer [KEEP_OR_DELETE_FILES [2, 0]]" classname="com.google.common.jimfs.RegularFileTest$RegularFileTestRunner" time="0.0"/>
  <testcase name="testNonEmpty_read_partial_fromEnd_singleBuffer [KEEP_OR_DELETE_FILES [2, 0]]" classname="com.google.common.jimfs.RegularFileTest$RegularFileTestRunner" time="0.0"/>
  <testcase name="testEmpty_write_multipleBuffers_atStart [KEEP_OR_DELETE_FILES [2, 0]]" classname="com.google.common.jimfs.RegularFileTest$RegularFileTestRunner" time="0.0"/>
  <testcase name="testEmpty_write_byteArray_atNonZeroPosition [KEEP_OR_DELETE_FILES [2, 0]]" classname="com.google.common.jimfs.RegularFileTest$RegularFileTestRunner" time="0.0"/>
  <testcase name="testEmpty_read_singleByte [KEEP_OR_DELETE_FILES [2, 0]]" classname="com.google.common.jimfs.RegularFileTest$RegularFileTestRunner" time="0.0"/>
  <testcase name="testEmpty_read_byteArray [KEEP_OR_DELETE_FILES [2, 0]]" classname="com.google.common.jimfs.RegularFileTest$RegularFileTestRunner" time="0.0"/>
  <testcase name="testEmpty_read_singleBuffer [KEEP_OR_DELETE_FILES [2, 0]]" classname="com.google.common.jimfs.RegularFileTest$RegularFileTestRunner" time="0.0"/>
  <testcase name="testEmpty_read_multipleBuffers [KEEP_OR_DELETE_FILES [2, 0]]" classname="com.google.common.jimfs.RegularFileTest$RegularFileTestRunner" time="0.0"/>
  <testcase name="testEmpty_write_partialByteArray_atNonZeroPosition [KEEP_OR_DELETE_FILES [2, 0]]" classname="com.google.common.jimfs.RegularFileTest$RegularFileTestRunner" time="0.0"/>
  <testcase name="testEmpty_write_singleBuffer_atStart [KEEP_OR_DELETE_FILES [2, 0]]" classname="com.google.common.jimfs.RegularFileTest$RegularFileTestRunner" time="0.0"/>
  <testcase name="testEmpty_write_partialByteArray_atStart [KEEP_OR_DELETE_FILES [2, 0]]" classname="com.google.common.jimfs.RegularFileTest$RegularFileTestRunner" time="0.0"/>
  <testcase name="testEmpty_transferFrom_positionGreaterThanSize_countGreaterThanSrcSize [KEEP_OR_DELETE_FILES [2, 0]]" classname="com.google.common.jimfs.RegularFileTest$RegularFileTestRunner" time="0.0"/>
  <testcase name="testEmpty [KEEP_OR_DELETE_FILES [2, 0]]" classname="com.google.common.jimfs.RegularFileTest$RegularFileTestRunner" time="0.0"/>
  <testcase name="testNonEmpty_read_partial_fromStart_multipleBuffers [KEEP_OR_DELETE_FILES [2, 0]]" classname="com.google.common.jimfs.RegularFileTest$RegularFileTestRunner" time="0.0"/>
  <testcase name="testNonEmpty_read_partial_fromMiddle_multipleBuffers [KEEP_OR_DELETE_FILES [2, 0]]" classname="com.google.common.jimfs.RegularFileTest$RegularFileTestRunner" time="0.0"/>
  <testcase name="testNonEmpty_read_partial_fromEnd_multipleBuffers [KEEP_OR_DELETE_FILES [2, 0]]" classname="com.google.common.jimfs.RegularFileTest$RegularFileTestRunner" time="0.0"/>
  <testcase name="testNonEmpty_read_fromPastEnd_byteArray [KEEP_OR_DELETE_FILES [2, 0]]" classname="com.google.common.jimfs.RegularFileTest$RegularFileTestRunner" time="0.0"/>
  <testcase name="testNonEmpty_read_fromPastEnd_singleBuffer [KEEP_OR_DELETE_FILES [2, 0]]" classname="com.google.common.jimfs.RegularFileTest$RegularFileTestRunner" time="0.0"/>
  <testcase name="testNonEmpty_read_fromPastEnd_multipleBuffers [KEEP_OR_DELETE_FILES [2, 0]]" classname="com.google.common.jimfs.RegularFileTest$RegularFileTestRunner" time="0.0"/>
  <testcase name="testNonEmpty_write_partial_fromStart_singleByte [KEEP_OR_DELETE_FILES [2, 0]]" classname="com.google.common.jimfs.RegularFileTest$RegularFileTestRunner" time="0.0"/>
  <testcase name="testNonEmpty_write_partial_fromMiddle_singleByte [KEEP_OR_DELETE_FILES [2, 0]]" classname="com.google.common.jimfs.RegularFileTest$RegularFileTestRunner" time="0.0"/>
  <testcase name="testNonEmpty_write_partial_fromEnd_singleByte [KEEP_OR_DELETE_FILES [2, 0]]" classname="com.google.common.jimfs.RegularFileTest$RegularFileTestRunner" time="0.0"/>
  <testcase name="testNonEmpty_write_partial_fromStart_byteArray [KEEP_OR_DELETE_FILES [2, 0]]" classname="com.google.common.jimfs.RegularFileTest$RegularFileTestRunner" time="0.0"/>
  <testcase name="testNonEmpty_write_partial_fromMiddle_byteArray [KEEP_OR_DELETE_FILES [2, 0]]" classname="com.google.common.jimfs.RegularFileTest$RegularFileTestRunner" time="0.0"/>
  <testcase name="testNonEmpty_write_partial_fromBeforeEnd_byteArray [KEEP_OR_DELETE_FILES [2, 0]]" classname="com.google.common.jimfs.RegularFileTest$RegularFileTestRunner" time="0.0"/>
  <testcase name="testNonEmpty_write_partial_fromEnd_byteArray [KEEP_OR_DELETE_FILES [2, 0]]" classname="com.google.common.jimfs.RegularFileTest$RegularFileTestRunner" time="0.0"/>
  <testcase name="testNonEmpty_write_partial_fromPastEnd_byteArray [KEEP_OR_DELETE_FILES [2, 0]]" classname="com.google.common.jimfs.RegularFileTest$RegularFileTestRunner" time="0.0"/>
  <testcase name="testNonEmpty_write_partial_fromStart_singleBuffer [KEEP_OR_DELETE_FILES [2, 0]]" classname="com.google.common.jimfs.RegularFileTest$RegularFileTestRunner" time="0.0"/>
  <testcase name="testNonEmpty_write_partial_fromMiddle_singleBuffer [KEEP_OR_DELETE_FILES [2, 0]]" classname="com.google.common.jimfs.RegularFileTest$RegularFileTestRunner" time="0.0"/>
  <testcase name="testNonEmpty_write_partial_fromEnd_singleBuffer [KEEP_OR_DELETE_FILES [2, 0]]" classname="com.google.common.jimfs.RegularFileTest$RegularFileTestRunner" time="0.0"/>
  <testcase name="testNonEmpty_write_partial_fromPastEnd_singleBuffer [KEEP_OR_DELETE_FILES [2, 0]]" classname="com.google.common.jimfs.RegularFileTest$RegularFileTestRunner" time="0.0"/>
  <testcase name="testNonEmpty_write_partial_fromStart_multipleBuffers [KEEP_OR_DELETE_FILES [2, 0]]" classname="com.google.common.jimfs.RegularFileTest$RegularFileTestRunner" time="0.0"/>
  <testcase name="testNonEmpty_write_partial_fromMiddle_multipleBuffers [KEEP_OR_DELETE_FILES [2, 0]]" classname="com.google.common.jimfs.RegularFileTest$RegularFileTestRunner" time="0.0"/>
  <testcase name="testNonEmpty_write_partial_fromBeforeEnd_multipleBuffers [KEEP_OR_DELETE_FILES [2, 0]]" classname="com.google.common.jimfs.RegularFileTest$RegularFileTestRunner" time="0.0"/>
  <testcase name="testNonEmpty_write_partial_fromEnd_multipleBuffers [KEEP_OR_DELETE_FILES [2, 0]]" classname="com.google.common.jimfs.RegularFileTest$RegularFileTestRunner" time="0.0"/>
  <testcase name="testNonEmpty_write_partial_fromPastEnd_multipleBuffers [KEEP_OR_DELETE_FILES [2, 0]]" classname="com.google.common.jimfs.RegularFileTest$RegularFileTestRunner" time="0.0"/>
  <testcase name="testNonEmpty_write_overwrite_sameLength [KEEP_OR_DELETE_FILES [2, 0]]" classname="com.google.common.jimfs.RegularFileTest$RegularFileTestRunner" time="0.0"/>
  <testcase name="testNonEmpty_write_overwrite_greaterLength [KEEP_OR_DELETE_FILES [2, 0]]" classname="com.google.common.jimfs.RegularFileTest$RegularFileTestRunner" time="0.0"/>
  <testcase name="testNonEmpty_transferTo_fromStart_countEqualsSize [KEEP_OR_DELETE_FILES [2, 0]]" classname="com.google.common.jimfs.RegularFileTest$RegularFileTestRunner" time="0.0"/>
  <testcase name="testNonEmpty_transferTo_fromStart_countLessThanSize [KEEP_OR_DELETE_FILES [2, 0]]" classname="com.google.common.jimfs.RegularFileTest$RegularFileTestRunner" time="0.0"/>
  <testcase name="testNonEmpty_transferTo_fromMiddle_countEqualsSize [KEEP_OR_DELETE_FILES [2, 0]]" classname="com.google.common.jimfs.RegularFileTest$RegularFileTestRunner" time="0.0"/>
  <testcase name="testNonEmpty_transferTo_fromMiddle_countLessThanSize [KEEP_OR_DELETE_FILES [2, 0]]" classname="com.google.common.jimfs.RegularFileTest$RegularFileTestRunner" time="0.0"/>
  <testcase name="testNonEmpty_transferFrom_toStart_countEqualsSrcSize [KEEP_OR_DELETE_FILES [2, 0]]" classname="com.google.common.jimfs.RegularFileTest$RegularFileTestRunner" time="0.0"/>
  <testcase name="testNonEmpty_transferFrom_toStart_countLessThanSrcSize [KEEP_OR_DELETE_FILES [2, 0]]" classname="com.google.common.jimfs.RegularFileTest$RegularFileTestRunner" time="0.0"/>
  <testcase name="testNonEmpty_transferFrom_toStart_countGreaterThanSrcSize [KEEP_OR_DELETE_FILES [2, 0]]" classname="com.google.common.jimfs.RegularFileTest$RegularFileTestRunner" time="0.0"/>
  <testcase name="testNonEmpty_transferFrom_toMiddle_countEqualsSrcSize [KEEP_OR_DELETE_FILES [2, 0]]" classname="com.google.common.jimfs.RegularFileTest$RegularFileTestRunner" time="0.0"/>
  <testcase name="testNonEmpty_transferFrom_toMiddle_countLessThanSrcSize [KEEP_OR_DELETE_FILES [2, 0]]" classname="com.google.common.jimfs.RegularFileTest$RegularFileTestRunner" time="0.0"/>
  <testcase name="testNonEmpty_transferFrom_toMiddle_countGreaterThanSrcSize [KEEP_OR_DELETE_FILES [2, 0]]" classname="com.google.common.jimfs.RegularFileTest$RegularFileTestRunner" time="0.0"/>
  <testcase name="testNonEmpty_transferFrom_toMiddle_transferGoesBeyondContentSize [KEEP_OR_DELETE_FILES [2, 0]]" classname="com.google.common.jimfs.RegularFileTest$RegularFileTestRunner" time="0.0"/>
  <testcase name="testNonEmpty_transferFrom_toEnd [KEEP_OR_DELETE_FILES [2, 0]]" classname="com.google.common.jimfs.RegularFileTest$RegularFileTestRunner" time="0.0"/>
  <testcase name="testNonEmpty_transferFrom_positionGreaterThanSize [KEEP_OR_DELETE_FILES [2, 0]]" classname="com.google.common.jimfs.RegularFileTest$RegularFileTestRunner" time="0.0"/>
  <testcase name="testNonEmpty_transferFrom_hugeOverestimateCount [KEEP_OR_DELETE_FILES [2, 0]]" classname="com.google.common.jimfs.RegularFileTest$RegularFileTestRunner" time="0.0"/>
  <testcase name="testNonEmpty_copy [KEEP_OR_DELETE_FILES [2, 0]]" classname="com.google.common.jimfs.RegularFileTest$RegularFileTestRunner" time="0.0"/>
  <testcase name="testNonEmpty_copy_multipleTimes [KEEP_OR_DELETE_FILES [2, 0]]" classname="com.google.common.jimfs.RegularFileTest$RegularFileTestRunner" time="0.0"/>
  <testcase name="testNonEmpty_truncate_toZero [KEEP_OR_DELETE_FILES [2, 0]]" classname="com.google.common.jimfs.RegularFileTest$RegularFileTestRunner" time="0.0"/>
  <testcase name="testNonEmpty_truncate_partial [KEEP_OR_DELETE_FILES [2, 0]]" classname="com.google.common.jimfs.RegularFileTest$RegularFileTestRunner" time="0.0"/>
  <testcase name="testNonEmpty_truncate_sizeUp [KEEP_OR_DELETE_FILES [2, 0]]" classname="com.google.common.jimfs.RegularFileTest$RegularFileTestRunner" time="0.0"/>
  <testcase name="testDeletedStoreRemainsUsableWhileOpen [KEEP_OR_DELETE_FILES [2, 0]]" classname="com.google.common.jimfs.RegularFileTest$RegularFileTestRunner" time="0.0"/>
  <testcase name="testEmpty_write_singleByte_atNonZeroPosition [KEEP_OR_DELETE_FILES [2, 4]]" classname="com.google.common.jimfs.RegularFileTest$RegularFileTestRunner" time="0.0"/>
  <testcase name="testNonEmpty_write_partial_fromBeforeEnd_singleBuffer [KEEP_OR_DELETE_FILES [2, 4]]" classname="com.google.common.jimfs.RegularFileTest$RegularFileTestRunner" time="0.0"/>
  <testcase name="testEmpty_transferFrom_positionGreaterThanSize_countLessThanSrcSize [KEEP_OR_DELETE_FILES [2, 4]]" classname="com.google.common.jimfs.RegularFileTest$RegularFileTestRunner" time="0.0"/>
  <testcase name="testEmpty_write_singleByte_atStart [KEEP_OR_DELETE_FILES [2, 4]]" classname="com.google.common.jimfs.RegularFileTest$RegularFileTestRunner" time="0.0"/>
  <testcase name="testEmpty_write_byteArray_atStart [KEEP_OR_DELETE_FILES [2, 4]]" classname="com.google.common.jimfs.RegularFileTest$RegularFileTestRunner" time="0.0"/>
  <testcase name="testEmpty_write_singleBuffer_atNonZeroPosition [KEEP_OR_DELETE_FILES [2, 4]]" classname="com.google.common.jimfs.RegularFileTest$RegularFileTestRunner" time="0.0"/>
  <testcase name="testEmpty_write_multipleBuffers_atNonZeroPosition [KEEP_OR_DELETE_FILES [2, 4]]" classname="com.google.common.jimfs.RegularFileTest$RegularFileTestRunner" time="0.0"/>
  <testcase name="testEmpty_write_noBytesArray_atStart [KEEP_OR_DELETE_FILES [2, 4]]" classname="com.google.common.jimfs.RegularFileTest$RegularFileTestRunner" time="0.0"/>
  <testcase name="testEmpty_write_noBytesArray_atNonZeroPosition [KEEP_OR_DELETE_FILES [2, 4]]" classname="com.google.common.jimfs.RegularFileTest$RegularFileTestRunner" time="0.0"/>
  <testcase name="testEmpty_write_noBytesBuffer_atStart [KEEP_OR_DELETE_FILES [2, 4]]" classname="com.google.common.jimfs.RegularFileTest$RegularFileTestRunner" time="0.0"/>
  <testcase name="testEmpty_write_noBytesBuffer_atNonZeroPosition [KEEP_OR_DELETE_FILES [2, 4]]" classname="com.google.common.jimfs.RegularFileTest$RegularFileTestRunner" time="0.0"/>
  <testcase name="testEmpty_write_noBytesBuffers_atStart [KEEP_OR_DELETE_FILES [2, 4]]" classname="com.google.common.jimfs.RegularFileTest$RegularFileTestRunner" time="0.0"/>
  <testcase name="testEmpty_write_noBytesBuffers_atNonZeroPosition [KEEP_OR_DELETE_FILES [2, 4]]" classname="com.google.common.jimfs.RegularFileTest$RegularFileTestRunner" time="0.0"/>
  <testcase name="testEmpty_transferFrom_fromStart_countEqualsSrcSize [KEEP_OR_DELETE_FILES [2, 4]]" classname="com.google.common.jimfs.RegularFileTest$RegularFileTestRunner" time="0.0"/>
  <testcase name="testEmpty_transferFrom_fromStart_countLessThanSrcSize [KEEP_OR_DELETE_FILES [2, 4]]" classname="com.google.common.jimfs.RegularFileTest$RegularFileTestRunner" time="0.0"/>
  <testcase name="testEmpty_transferFrom_fromStart_countGreaterThanSrcSize [KEEP_OR_DELETE_FILES [2, 4]]" classname="com.google.common.jimfs.RegularFileTest$RegularFileTestRunner" time="0.0"/>
  <testcase name="testEmpty_transferFrom_positionGreaterThanSize [KEEP_OR_DELETE_FILES [2, 4]]" classname="com.google.common.jimfs.RegularFileTest$RegularFileTestRunner" time="0.0"/>
  <testcase name="testEmpty_transferFrom_positionGreaterThanSize_countEqualsSrcSize [KEEP_OR_DELETE_FILES [2, 4]]" classname="com.google.common.jimfs.RegularFileTest$RegularFileTestRunner" time="0.0"/>
  <testcase name="testEmpty_transferFrom_fromStart_noBytes_countEqualsSrcSize [KEEP_OR_DELETE_FILES [2, 4]]" classname="com.google.common.jimfs.RegularFileTest$RegularFileTestRunner" time="0.0"/>
  <testcase name="testEmpty_transferFrom_fromStart_noBytes_countGreaterThanSrcSize [KEEP_OR_DELETE_FILES [2, 4]]" classname="com.google.common.jimfs.RegularFileTest$RegularFileTestRunner" time="0.0"/>
  <testcase name="testEmpty_transferFrom_postionGreaterThanSrcSize_noBytes_countEqualsSrcSize [KEEP_OR_DELETE_FILES [2, 4]]" classname="com.google.common.jimfs.RegularFileTest$RegularFileTestRunner" time="0.0"/>
  <testcase name="testEmpty_transferFrom_postionGreaterThanSrcSize_noBytes_countGreaterThanSrcSize [KEEP_OR_DELETE_FILES [2, 4]]" classname="com.google.common.jimfs.RegularFileTest$RegularFileTestRunner" time="0.0"/>
  <testcase name="testEmpty_transferTo [KEEP_OR_DELETE_FILES [2, 4]]" classname="com.google.common.jimfs.RegularFileTest$RegularFileTestRunner" time="0.0"/>
  <testcase name="testEmpty_copy [KEEP_OR_DELETE_FILES [2, 4]]" classname="com.google.common.jimfs.RegularFileTest$RegularFileTestRunner" time="0.0"/>
  <testcase name="testEmpty_truncate_toZero [KEEP_OR_DELETE_FILES [2, 4]]" classname="com.google.common.jimfs.RegularFileTest$RegularFileTestRunner" time="0.0"/>
  <testcase name="testEmpty_truncate_sizeUp [KEEP_OR_DELETE_FILES [2, 4]]" classname="com.google.common.jimfs.RegularFileTest$RegularFileTestRunner" time="0.0"/>
  <testcase name="testNonEmpty [KEEP_OR_DELETE_FILES [2, 4]]" classname="com.google.common.jimfs.RegularFileTest$RegularFileTestRunner" time="0.0"/>
  <testcase name="testNonEmpty_read_singleByte [KEEP_OR_DELETE_FILES [2, 4]]" classname="com.google.common.jimfs.RegularFileTest$RegularFileTestRunner" time="0.0"/>
  <testcase name="testNonEmpty_read_all_byteArray [KEEP_OR_DELETE_FILES [2, 4]]" classname="com.google.common.jimfs.RegularFileTest$RegularFileTestRunner" time="0.0"/>
  <testcase name="testNonEmpty_read_all_singleBuffer [KEEP_OR_DELETE_FILES [2, 4]]" classname="com.google.common.jimfs.RegularFileTest$RegularFileTestRunner" time="0.0"/>
  <testcase name="testNonEmpty_read_all_multipleBuffers [KEEP_OR_DELETE_FILES [2, 4]]" classname="com.google.common.jimfs.RegularFileTest$RegularFileTestRunner" time="0.0"/>
  <testcase name="testNonEmpty_read_all_byteArray_largerThanContent [KEEP_OR_DELETE_FILES [2, 4]]" classname="com.google.common.jimfs.RegularFileTest$RegularFileTestRunner" time="0.0"/>
  <testcase name="testNonEmpty_read_all_singleBuffer_largerThanContent [KEEP_OR_DELETE_FILES [2, 4]]" classname="com.google.common.jimfs.RegularFileTest$RegularFileTestRunner" time="0.0"/>
  <testcase name="testNonEmpty_read_all_multipleBuffers_largerThanContent [KEEP_OR_DELETE_FILES [2, 4]]" classname="com.google.common.jimfs.RegularFileTest$RegularFileTestRunner" time="0.0"/>
  <testcase name="testNonEmpty_read_all_multipleBuffers_extraBuffers [KEEP_OR_DELETE_FILES [2, 4]]" classname="com.google.common.jimfs.RegularFileTest$RegularFileTestRunner" time="0.0"/>
  <testcase name="testNonEmpty_read_partial_fromStart_byteArray [KEEP_OR_DELETE_FILES [2, 4]]" classname="com.google.common.jimfs.RegularFileTest$RegularFileTestRunner" time="0.0"/>
  <testcase name="testNonEmpty_read_partial_fromMiddle_byteArray [KEEP_OR_DELETE_FILES [2, 4]]" classname="com.google.common.jimfs.RegularFileTest$RegularFileTestRunner" time="0.0"/>
  <testcase name="testNonEmpty_read_partial_fromEnd_byteArray [KEEP_OR_DELETE_FILES [2, 4]]" classname="com.google.common.jimfs.RegularFileTest$RegularFileTestRunner" time="0.0"/>
  <testcase name="testNonEmpty_read_partial_fromStart_singleBuffer [KEEP_OR_DELETE_FILES [2, 4]]" classname="com.google.common.jimfs.RegularFileTest$RegularFileTestRunner" time="0.0"/>
  <testcase name="testNonEmpty_read_partial_fromMiddle_singleBuffer [KEEP_OR_DELETE_FILES [2, 4]]" classname="com.google.common.jimfs.RegularFileTest$RegularFileTestRunner" time="0.0"/>
  <testcase name="testNonEmpty_read_partial_fromEnd_singleBuffer [KEEP_OR_DELETE_FILES [2, 4]]" classname="com.google.common.jimfs.RegularFileTest$RegularFileTestRunner" time="0.0"/>
  <testcase name="testEmpty_write_multipleBuffers_atStart [KEEP_OR_DELETE_FILES [2, 4]]" classname="com.google.common.jimfs.RegularFileTest$RegularFileTestRunner" time="0.0"/>
  <testcase name="testEmpty_write_byteArray_atNonZeroPosition [KEEP_OR_DELETE_FILES [2, 4]]" classname="com.google.common.jimfs.RegularFileTest$RegularFileTestRunner" time="0.0"/>
  <testcase name="testEmpty_read_singleByte [KEEP_OR_DELETE_FILES [2, 4]]" classname="com.google.common.jimfs.RegularFileTest$RegularFileTestRunner" time="0.0"/>
  <testcase name="testEmpty_read_byteArray [KEEP_OR_DELETE_FILES [2, 4]]" classname="com.google.common.jimfs.RegularFileTest$RegularFileTestRunner" time="0.0"/>
  <testcase name="testEmpty_read_singleBuffer [KEEP_OR_DELETE_FILES [2, 4]]" classname="com.google.common.jimfs.RegularFileTest$RegularFileTestRunner" time="0.0"/>
  <testcase name="testEmpty_read_multipleBuffers [KEEP_OR_DELETE_FILES [2, 4]]" classname="com.google.common.jimfs.RegularFileTest$RegularFileTestRunner" time="0.0"/>
  <testcase name="testEmpty_write_partialByteArray_atNonZeroPosition [KEEP_OR_DELETE_FILES [2, 4]]" classname="com.google.common.jimfs.RegularFileTest$RegularFileTestRunner" time="0.0"/>
  <testcase name="testEmpty_write_singleBuffer_atStart [KEEP_OR_DELETE_FILES [2, 4]]" classname="com.google.common.jimfs.RegularFileTest$RegularFileTestRunner" time="0.0"/>
  <testcase name="testEmpty_write_partialByteArray_atStart [KEEP_OR_DELETE_FILES [2, 4]]" classname="com.google.common.jimfs.RegularFileTest$RegularFileTestRunner" time="0.0"/>
  <testcase name="testEmpty_transferFrom_positionGreaterThanSize_countGreaterThanSrcSize [KEEP_OR_DELETE_FILES [2, 4]]" classname="com.google.common.jimfs.RegularFileTest$RegularFileTestRunner" time="0.0"/>
  <testcase name="testEmpty [KEEP_OR_DELETE_FILES [2, 4]]" classname="com.google.common.jimfs.RegularFileTest$RegularFileTestRunner" time="0.0"/>
  <testcase name="testNonEmpty_read_partial_fromStart_multipleBuffers [KEEP_OR_DELETE_FILES [2, 4]]" classname="com.google.common.jimfs.RegularFileTest$RegularFileTestRunner" time="0.0"/>
  <testcase name="testNonEmpty_read_partial_fromMiddle_multipleBuffers [KEEP_OR_DELETE_FILES [2, 4]]" classname="com.google.common.jimfs.RegularFileTest$RegularFileTestRunner" time="0.0"/>
  <testcase name="testNonEmpty_read_partial_fromEnd_multipleBuffers [KEEP_OR_DELETE_FILES [2, 4]]" classname="com.google.common.jimfs.RegularFileTest$RegularFileTestRunner" time="0.0"/>
  <testcase name="testNonEmpty_read_fromPastEnd_byteArray [KEEP_OR_DELETE_FILES [2, 4]]" classname="com.google.common.jimfs.RegularFileTest$RegularFileTestRunner" time="0.0"/>
  <testcase name="testNonEmpty_read_fromPastEnd_singleBuffer [KEEP_OR_DELETE_FILES [2, 4]]" classname="com.google.common.jimfs.RegularFileTest$RegularFileTestRunner" time="0.0"/>
  <testcase name="testNonEmpty_read_fromPastEnd_multipleBuffers [KEEP_OR_DELETE_FILES [2, 4]]" classname="com.google.common.jimfs.RegularFileTest$RegularFileTestRunner" time="0.0"/>
  <testcase name="testNonEmpty_write_partial_fromStart_singleByte [KEEP_OR_DELETE_FILES [2, 4]]" classname="com.google.common.jimfs.RegularFileTest$RegularFileTestRunner" time="0.0"/>
  <testcase name="testNonEmpty_write_partial_fromMiddle_singleByte [KEEP_OR_DELETE_FILES [2, 4]]" classname="com.google.common.jimfs.RegularFileTest$RegularFileTestRunner" time="0.0"/>
  <testcase name="testNonEmpty_write_partial_fromEnd_singleByte [KEEP_OR_DELETE_FILES [2, 4]]" classname="com.google.common.jimfs.RegularFileTest$RegularFileTestRunner" time="0.0"/>
  <testcase name="testNonEmpty_write_partial_fromStart_byteArray [KEEP_OR_DELETE_FILES [2, 4]]" classname="com.google.common.jimfs.RegularFileTest$RegularFileTestRunner" time="0.0"/>
  <testcase name="testNonEmpty_write_partial_fromMiddle_byteArray [KEEP_OR_DELETE_FILES [2, 4]]" classname="com.google.common.jimfs.RegularFileTest$RegularFileTestRunner" time="0.0"/>
  <testcase name="testNonEmpty_write_partial_fromBeforeEnd_byteArray [KEEP_OR_DELETE_FILES [2, 4]]" classname="com.google.common.jimfs.RegularFileTest$RegularFileTestRunner" time="0.0"/>
  <testcase name="testNonEmpty_write_partial_fromEnd_byteArray [KEEP_OR_DELETE_FILES [2, 4]]" classname="com.google.common.jimfs.RegularFileTest$RegularFileTestRunner" time="0.0"/>
  <testcase name="testNonEmpty_write_partial_fromPastEnd_byteArray [KEEP_OR_DELETE_FILES [2, 4]]" classname="com.google.common.jimfs.RegularFileTest$RegularFileTestRunner" time="0.0"/>
  <testcase name="testNonEmpty_write_partial_fromStart_singleBuffer [KEEP_OR_DELETE_FILES [2, 4]]" classname="com.google.common.jimfs.RegularFileTest$RegularFileTestRunner" time="0.0"/>
  <testcase name="testNonEmpty_write_partial_fromMiddle_singleBuffer [KEEP_OR_DELETE_FILES [2, 4]]" classname="com.google.common.jimfs.RegularFileTest$RegularFileTestRunner" time="0.0"/>
  <testcase name="testNonEmpty_write_partial_fromEnd_singleBuffer [KEEP_OR_DELETE_FILES [2, 4]]" classname="com.google.common.jimfs.RegularFileTest$RegularFileTestRunner" time="0.0"/>
  <testcase name="testNonEmpty_write_partial_fromPastEnd_singleBuffer [KEEP_OR_DELETE_FILES [2, 4]]" classname="com.google.common.jimfs.RegularFileTest$RegularFileTestRunner" time="0.0"/>
  <testcase name="testNonEmpty_write_partial_fromStart_multipleBuffers [KEEP_OR_DELETE_FILES [2, 4]]" classname="com.google.common.jimfs.RegularFileTest$RegularFileTestRunner" time="0.0"/>
  <testcase name="testNonEmpty_write_partial_fromMiddle_multipleBuffers [KEEP_OR_DELETE_FILES [2, 4]]" classname="com.google.common.jimfs.RegularFileTest$RegularFileTestRunner" time="0.0"/>
  <testcase name="testNonEmpty_write_partial_fromBeforeEnd_multipleBuffers [KEEP_OR_DELETE_FILES [2, 4]]" classname="com.google.common.jimfs.RegularFileTest$RegularFileTestRunner" time="0.0"/>
  <testcase name="testNonEmpty_write_partial_fromEnd_multipleBuffers [KEEP_OR_DELETE_FILES [2, 4]]" classname="com.google.common.jimfs.RegularFileTest$RegularFileTestRunner" time="0.0"/>
  <testcase name="testNonEmpty_write_partial_fromPastEnd_multipleBuffers [KEEP_OR_DELETE_FILES [2, 4]]" classname="com.google.common.jimfs.RegularFileTest$RegularFileTestRunner" time="0.0"/>
  <testcase name="testNonEmpty_write_overwrite_sameLength [KEEP_OR_DELETE_FILES [2, 4]]" classname="com.google.common.jimfs.RegularFileTest$RegularFileTestRunner" time="0.0"/>
  <testcase name="testNonEmpty_write_overwrite_greaterLength [KEEP_OR_DELETE_FILES [2, 4]]" classname="com.google.common.jimfs.RegularFileTest$RegularFileTestRunner" time="0.0"/>
  <testcase name="testNonEmpty_transferTo_fromStart_countEqualsSize [KEEP_OR_DELETE_FILES [2, 4]]" classname="com.google.common.jimfs.RegularFileTest$RegularFileTestRunner" time="0.0"/>
  <testcase name="testNonEmpty_transferTo_fromStart_countLessThanSize [KEEP_OR_DELETE_FILES [2, 4]]" classname="com.google.common.jimfs.RegularFileTest$RegularFileTestRunner" time="0.0"/>
  <testcase name="testNonEmpty_transferTo_fromMiddle_countEqualsSize [KEEP_OR_DELETE_FILES [2, 4]]" classname="com.google.common.jimfs.RegularFileTest$RegularFileTestRunner" time="0.0"/>
  <testcase name="testNonEmpty_transferTo_fromMiddle_countLessThanSize [KEEP_OR_DELETE_FILES [2, 4]]" classname="com.google.common.jimfs.RegularFileTest$RegularFileTestRunner" time="0.0"/>
  <testcase name="testNonEmpty_transferFrom_toStart_countEqualsSrcSize [KEEP_OR_DELETE_FILES [2, 4]]" classname="com.google.common.jimfs.RegularFileTest$RegularFileTestRunner" time="0.0"/>
  <testcase name="testNonEmpty_transferFrom_toStart_countLessThanSrcSize [KEEP_OR_DELETE_FILES [2, 4]]" classname="com.google.common.jimfs.RegularFileTest$RegularFileTestRunner" time="0.0"/>
  <testcase name="testNonEmpty_transferFrom_toStart_countGreaterThanSrcSize [KEEP_OR_DELETE_FILES [2, 4]]" classname="com.google.common.jimfs.RegularFileTest$RegularFileTestRunner" time="0.0"/>
  <testcase name="testNonEmpty_transferFrom_toMiddle_countEqualsSrcSize [KEEP_OR_DELETE_FILES [2, 4]]" classname="com.google.common.jimfs.RegularFileTest$RegularFileTestRunner" time="0.0"/>
  <testcase name="testNonEmpty_transferFrom_toMiddle_countLessThanSrcSize [KEEP_OR_DELETE_FILES [2, 4]]" classname="com.google.common.jimfs.RegularFileTest$RegularFileTestRunner" time="0.0"/>
  <testcase name="testNonEmpty_transferFrom_toMiddle_countGreaterThanSrcSize [KEEP_OR_DELETE_FILES [2, 4]]" classname="com.google.common.jimfs.RegularFileTest$RegularFileTestRunner" time="0.0"/>
  <testcase name="testNonEmpty_transferFrom_toMiddle_transferGoesBeyondContentSize [KEEP_OR_DELETE_FILES [2, 4]]" classname="com.google.common.jimfs.RegularFileTest$RegularFileTestRunner" time="0.0"/>
  <testcase name="testNonEmpty_transferFrom_toEnd [KEEP_OR_DELETE_FILES [2, 4]]" classname="com.google.common.jimfs.RegularFileTest$RegularFileTestRunner" time="0.0"/>
  <testcase name="testNonEmpty_transferFrom_positionGreaterThanSize [KEEP_OR_DELETE_FILES [2, 4]]" classname="com.google.common.jimfs.RegularFileTest$RegularFileTestRunner" time="0.0"/>
  <testcase name="testNonEmpty_transferFrom_hugeOverestimateCount [KEEP_OR_DELETE_FILES [2, 4]]" classname="com.google.common.jimfs.RegularFileTest$RegularFileTestRunner" time="0.0"/>
  <testcase name="testNonEmpty_copy [KEEP_OR_DELETE_FILES [2, 4]]" classname="com.google.common.jimfs.RegularFileTest$RegularFileTestRunner" time="0.0"/>
  <testcase name="testNonEmpty_copy_multipleTimes [KEEP_OR_DELETE_FILES [2, 4]]" classname="com.google.common.jimfs.RegularFileTest$RegularFileTestRunner" time="0.0"/>
  <testcase name="testNonEmpty_truncate_toZero [KEEP_OR_DELETE_FILES [2, 4]]" classname="com.google.common.jimfs.RegularFileTest$RegularFileTestRunner" time="0.0"/>
  <testcase name="testNonEmpty_truncate_partial [KEEP_OR_DELETE_FILES [2, 4]]" classname="com.google.common.jimfs.RegularFileTest$RegularFileTestRunner" time="0.0"/>
  <testcase name="testNonEmpty_truncate_sizeUp [KEEP_OR_DELETE_FILES [2, 4]]" classname="com.google.common.jimfs.RegularFileTest$RegularFileTestRunner" time="0.0"/>
  <testcase name="testDeletedStoreRemainsUsableWhileOpen [KEEP_OR_DELETE_FILES [2, 4]]" classname="com.google.common.jimfs.RegularFileTest$RegularFileTestRunner" time="0.0"/>
  <testcase name="testEmpty_write_singleByte_atNonZeroPosition [KEEP_OR_DELETE_FILES [2, 16]]" classname="com.google.common.jimfs.RegularFileTest$RegularFileTestRunner" time="0.0"/>
  <testcase name="testNonEmpty_write_partial_fromBeforeEnd_singleBuffer [KEEP_OR_DELETE_FILES [2, 16]]" classname="com.google.common.jimfs.RegularFileTest$RegularFileTestRunner" time="0.0"/>
  <testcase name="testEmpty_transferFrom_positionGreaterThanSize_countLessThanSrcSize [KEEP_OR_DELETE_FILES [2, 16]]" classname="com.google.common.jimfs.RegularFileTest$RegularFileTestRunner" time="0.0"/>
  <testcase name="testEmpty_write_singleByte_atStart [KEEP_OR_DELETE_FILES [2, 16]]" classname="com.google.common.jimfs.RegularFileTest$RegularFileTestRunner" time="0.0"/>
  <testcase name="testEmpty_write_byteArray_atStart [KEEP_OR_DELETE_FILES [2, 16]]" classname="com.google.common.jimfs.RegularFileTest$RegularFileTestRunner" time="0.0"/>
  <testcase name="testEmpty_write_singleBuffer_atNonZeroPosition [KEEP_OR_DELETE_FILES [2, 16]]" classname="com.google.common.jimfs.RegularFileTest$RegularFileTestRunner" time="0.0"/>
  <testcase name="testEmpty_write_multipleBuffers_atNonZeroPosition [KEEP_OR_DELETE_FILES [2, 16]]" classname="com.google.common.jimfs.RegularFileTest$RegularFileTestRunner" time="0.0"/>
  <testcase name="testEmpty_write_noBytesArray_atStart [KEEP_OR_DELETE_FILES [2, 16]]" classname="com.google.common.jimfs.RegularFileTest$RegularFileTestRunner" time="0.0"/>
  <testcase name="testEmpty_write_noBytesArray_atNonZeroPosition [KEEP_OR_DELETE_FILES [2, 16]]" classname="com.google.common.jimfs.RegularFileTest$RegularFileTestRunner" time="0.0"/>
  <testcase name="testEmpty_write_noBytesBuffer_atStart [KEEP_OR_DELETE_FILES [2, 16]]" classname="com.google.common.jimfs.RegularFileTest$RegularFileTestRunner" time="0.0"/>
  <testcase name="testEmpty_write_noBytesBuffer_atNonZeroPosition [KEEP_OR_DELETE_FILES [2, 16]]" classname="com.google.common.jimfs.RegularFileTest$RegularFileTestRunner" time="0.0"/>
  <testcase name="testEmpty_write_noBytesBuffers_atStart [KEEP_OR_DELETE_FILES [2, 16]]" classname="com.google.common.jimfs.RegularFileTest$RegularFileTestRunner" time="0.0"/>
  <testcase name="testEmpty_write_noBytesBuffers_atNonZeroPosition [KEEP_OR_DELETE_FILES [2, 16]]" classname="com.google.common.jimfs.RegularFileTest$RegularFileTestRunner" time="0.0"/>
  <testcase name="testEmpty_transferFrom_fromStart_countEqualsSrcSize [KEEP_OR_DELETE_FILES [2, 16]]" classname="com.google.common.jimfs.RegularFileTest$RegularFileTestRunner" time="0.0"/>
  <testcase name="testEmpty_transferFrom_fromStart_countLessThanSrcSize [KEEP_OR_DELETE_FILES [2, 16]]" classname="com.google.common.jimfs.RegularFileTest$RegularFileTestRunner" time="0.0"/>
  <testcase name="testEmpty_transferFrom_fromStart_countGreaterThanSrcSize [KEEP_OR_DELETE_FILES [2, 16]]" classname="com.google.common.jimfs.RegularFileTest$RegularFileTestRunner" time="0.0"/>
  <testcase name="testEmpty_transferFrom_positionGreaterThanSize [KEEP_OR_DELETE_FILES [2, 16]]" classname="com.google.common.jimfs.RegularFileTest$RegularFileTestRunner" time="0.0"/>
  <testcase name="testEmpty_transferFrom_positionGreaterThanSize_countEqualsSrcSize [KEEP_OR_DELETE_FILES [2, 16]]" classname="com.google.common.jimfs.RegularFileTest$RegularFileTestRunner" time="0.0"/>
  <testcase name="testEmpty_transferFrom_fromStart_noBytes_countEqualsSrcSize [KEEP_OR_DELETE_FILES [2, 16]]" classname="com.google.common.jimfs.RegularFileTest$RegularFileTestRunner" time="0.0"/>
  <testcase name="testEmpty_transferFrom_fromStart_noBytes_countGreaterThanSrcSize [KEEP_OR_DELETE_FILES [2, 16]]" classname="com.google.common.jimfs.RegularFileTest$RegularFileTestRunner" time="0.0"/>
  <testcase name="testEmpty_transferFrom_postionGreaterThanSrcSize_noBytes_countEqualsSrcSize [KEEP_OR_DELETE_FILES [2, 16]]" classname="com.google.common.jimfs.RegularFileTest$RegularFileTestRunner" time="0.0"/>
  <testcase name="testEmpty_transferFrom_postionGreaterThanSrcSize_noBytes_countGreaterThanSrcSize [KEEP_OR_DELETE_FILES [2, 16]]" classname="com.google.common.jimfs.RegularFileTest$RegularFileTestRunner" time="0.0"/>
  <testcase name="testEmpty_transferTo [KEEP_OR_DELETE_FILES [2, 16]]" classname="com.google.common.jimfs.RegularFileTest$RegularFileTestRunner" time="0.0"/>
  <testcase name="testEmpty_copy [KEEP_OR_DELETE_FILES [2, 16]]" classname="com.google.common.jimfs.RegularFileTest$RegularFileTestRunner" time="0.0"/>
  <testcase name="testEmpty_truncate_toZero [KEEP_OR_DELETE_FILES [2, 16]]" classname="com.google.common.jimfs.RegularFileTest$RegularFileTestRunner" time="0.0"/>
  <testcase name="testEmpty_truncate_sizeUp [KEEP_OR_DELETE_FILES [2, 16]]" classname="com.google.common.jimfs.RegularFileTest$RegularFileTestRunner" time="0.0"/>
  <testcase name="testNonEmpty [KEEP_OR_DELETE_FILES [2, 16]]" classname="com.google.common.jimfs.RegularFileTest$RegularFileTestRunner" time="0.0"/>
  <testcase name="testNonEmpty_read_singleByte [KEEP_OR_DELETE_FILES [2, 16]]" classname="com.google.common.jimfs.RegularFileTest$RegularFileTestRunner" time="0.0"/>
  <testcase name="testNonEmpty_read_all_byteArray [KEEP_OR_DELETE_FILES [2, 16]]" classname="com.google.common.jimfs.RegularFileTest$RegularFileTestRunner" time="0.0"/>
  <testcase name="testNonEmpty_read_all_singleBuffer [KEEP_OR_DELETE_FILES [2, 16]]" classname="com.google.common.jimfs.RegularFileTest$RegularFileTestRunner" time="0.0"/>
  <testcase name="testNonEmpty_read_all_multipleBuffers [KEEP_OR_DELETE_FILES [2, 16]]" classname="com.google.common.jimfs.RegularFileTest$RegularFileTestRunner" time="0.0"/>
  <testcase name="testNonEmpty_read_all_byteArray_largerThanContent [KEEP_OR_DELETE_FILES [2, 16]]" classname="com.google.common.jimfs.RegularFileTest$RegularFileTestRunner" time="0.0"/>
  <testcase name="testNonEmpty_read_all_singleBuffer_largerThanContent [KEEP_OR_DELETE_FILES [2, 16]]" classname="com.google.common.jimfs.RegularFileTest$RegularFileTestRunner" time="0.0"/>
  <testcase name="testNonEmpty_read_all_multipleBuffers_largerThanContent [KEEP_OR_DELETE_FILES [2, 16]]" classname="com.google.common.jimfs.RegularFileTest$RegularFileTestRunner" time="0.0"/>
  <testcase name="testNonEmpty_read_all_multipleBuffers_extraBuffers [KEEP_OR_DELETE_FILES [2, 16]]" classname="com.google.common.jimfs.RegularFileTest$RegularFileTestRunner" time="0.0"/>
  <testcase name="testNonEmpty_read_partial_fromStart_byteArray [KEEP_OR_DELETE_FILES [2, 16]]" classname="com.google.common.jimfs.RegularFileTest$RegularFileTestRunner" time="0.0"/>
  <testcase name="testNonEmpty_read_partial_fromMiddle_byteArray [KEEP_OR_DELETE_FILES [2, 16]]" classname="com.google.common.jimfs.RegularFileTest$RegularFileTestRunner" time="0.0"/>
  <testcase name="testNonEmpty_read_partial_fromEnd_byteArray [KEEP_OR_DELETE_FILES [2, 16]]" classname="com.google.common.jimfs.RegularFileTest$RegularFileTestRunner" time="0.0"/>
  <testcase name="testNonEmpty_read_partial_fromStart_singleBuffer [KEEP_OR_DELETE_FILES [2, 16]]" classname="com.google.common.jimfs.RegularFileTest$RegularFileTestRunner" time="0.0"/>
  <testcase name="testNonEmpty_read_partial_fromMiddle_singleBuffer [KEEP_OR_DELETE_FILES [2, 16]]" classname="com.google.common.jimfs.RegularFileTest$RegularFileTestRunner" time="0.0"/>
  <testcase name="testNonEmpty_read_partial_fromEnd_singleBuffer [KEEP_OR_DELETE_FILES [2, 16]]" classname="com.google.common.jimfs.RegularFileTest$RegularFileTestRunner" time="0.0"/>
  <testcase name="testEmpty_write_multipleBuffers_atStart [KEEP_OR_DELETE_FILES [2, 16]]" classname="com.google.common.jimfs.RegularFileTest$RegularFileTestRunner" time="0.0"/>
  <testcase name="testEmpty_write_byteArray_atNonZeroPosition [KEEP_OR_DELETE_FILES [2, 16]]" classname="com.google.common.jimfs.RegularFileTest$RegularFileTestRunner" time="0.0"/>
  <testcase name="testEmpty_read_singleByte [KEEP_OR_DELETE_FILES [2, 16]]" classname="com.google.common.jimfs.RegularFileTest$RegularFileTestRunner" time="0.0"/>
  <testcase name="testEmpty_read_byteArray [KEEP_OR_DELETE_FILES [2, 16]]" classname="com.google.common.jimfs.RegularFileTest$RegularFileTestRunner" time="0.0"/>
  <testcase name="testEmpty_read_singleBuffer [KEEP_OR_DELETE_FILES [2, 16]]" classname="com.google.common.jimfs.RegularFileTest$RegularFileTestRunner" time="0.0"/>
  <testcase name="testEmpty_read_multipleBuffers [KEEP_OR_DELETE_FILES [2, 16]]" classname="com.google.common.jimfs.RegularFileTest$RegularFileTestRunner" time="0.0"/>
  <testcase name="testEmpty_write_partialByteArray_atNonZeroPosition [KEEP_OR_DELETE_FILES [2, 16]]" classname="com.google.common.jimfs.RegularFileTest$RegularFileTestRunner" time="0.0"/>
  <testcase name="testEmpty_write_singleBuffer_atStart [KEEP_OR_DELETE_FILES [2, 16]]" classname="com.google.common.jimfs.RegularFileTest$RegularFileTestRunner" time="0.0"/>
  <testcase name="testEmpty_write_partialByteArray_atStart [KEEP_OR_DELETE_FILES [2, 16]]" classname="com.google.common.jimfs.RegularFileTest$RegularFileTestRunner" time="0.0"/>
  <testcase name="testEmpty_transferFrom_positionGreaterThanSize_countGreaterThanSrcSize [KEEP_OR_DELETE_FILES [2, 16]]" classname="com.google.common.jimfs.RegularFileTest$RegularFileTestRunner" time="0.0"/>
  <testcase name="testEmpty [KEEP_OR_DELETE_FILES [2, 16]]" classname="com.google.common.jimfs.RegularFileTest$RegularFileTestRunner" time="0.0"/>
  <testcase name="testNonEmpty_read_partial_fromStart_multipleBuffers [KEEP_OR_DELETE_FILES [2, 16]]" classname="com.google.common.jimfs.RegularFileTest$RegularFileTestRunner" time="0.0"/>
  <testcase name="testNonEmpty_read_partial_fromMiddle_multipleBuffers [KEEP_OR_DELETE_FILES [2, 16]]" classname="com.google.common.jimfs.RegularFileTest$RegularFileTestRunner" time="0.0"/>
  <testcase name="testNonEmpty_read_partial_fromEnd_multipleBuffers [KEEP_OR_DELETE_FILES [2, 16]]" classname="com.google.common.jimfs.RegularFileTest$RegularFileTestRunner" time="0.0"/>
  <testcase name="testNonEmpty_read_fromPastEnd_byteArray [KEEP_OR_DELETE_FILES [2, 16]]" classname="com.google.common.jimfs.RegularFileTest$RegularFileTestRunner" time="0.0"/>
  <testcase name="testNonEmpty_read_fromPastEnd_singleBuffer [KEEP_OR_DELETE_FILES [2, 16]]" classname="com.google.common.jimfs.RegularFileTest$RegularFileTestRunner" time="0.0"/>
  <testcase name="testNonEmpty_read_fromPastEnd_multipleBuffers [KEEP_OR_DELETE_FILES [2, 16]]" classname="com.google.common.jimfs.RegularFileTest$RegularFileTestRunner" time="0.0"/>
  <testcase name="testNonEmpty_write_partial_fromStart_singleByte [KEEP_OR_DELETE_FILES [2, 16]]" classname="com.google.common.jimfs.RegularFileTest$RegularFileTestRunner" time="0.0"/>
  <testcase name="testNonEmpty_write_partial_fromMiddle_singleByte [KEEP_OR_DELETE_FILES [2, 16]]" classname="com.google.common.jimfs.RegularFileTest$RegularFileTestRunner" time="0.0"/>
  <testcase name="testNonEmpty_write_partial_fromEnd_singleByte [KEEP_OR_DELETE_FILES [2, 16]]" classname="com.google.common.jimfs.RegularFileTest$RegularFileTestRunner" time="0.0"/>
  <testcase name="testNonEmpty_write_partial_fromStart_byteArray [KEEP_OR_DELETE_FILES [2, 16]]" classname="com.google.common.jimfs.RegularFileTest$RegularFileTestRunner" time="0.0"/>
  <testcase name="testNonEmpty_write_partial_fromMiddle_byteArray [KEEP_OR_DELETE_FILES [2, 16]]" classname="com.google.common.jimfs.RegularFileTest$RegularFileTestRunner" time="0.0"/>
  <testcase name="testNonEmpty_write_partial_fromBeforeEnd_byteArray [KEEP_OR_DELETE_FILES [2, 16]]" classname="com.google.common.jimfs.RegularFileTest$RegularFileTestRunner" time="0.0"/>
  <testcase name="testNonEmpty_write_partial_fromEnd_byteArray [KEEP_OR_DELETE_FILES [2, 16]]" classname="com.google.common.jimfs.RegularFileTest$RegularFileTestRunner" time="0.0"/>
  <testcase name="testNonEmpty_write_partial_fromPastEnd_byteArray [KEEP_OR_DELETE_FILES [2, 16]]" classname="com.google.common.jimfs.RegularFileTest$RegularFileTestRunner" time="0.0"/>
  <testcase name="testNonEmpty_write_partial_fromStart_singleBuffer [KEEP_OR_DELETE_FILES [2, 16]]" classname="com.google.common.jimfs.RegularFileTest$RegularFileTestRunner" time="0.0"/>
  <testcase name="testNonEmpty_write_partial_fromMiddle_singleBuffer [KEEP_OR_DELETE_FILES [2, 16]]" classname="com.google.common.jimfs.RegularFileTest$RegularFileTestRunner" time="0.0"/>
  <testcase name="testNonEmpty_write_partial_fromEnd_singleBuffer [KEEP_OR_DELETE_FILES [2, 16]]" classname="com.google.common.jimfs.RegularFileTest$RegularFileTestRunner" time="0.0"/>
  <testcase name="testNonEmpty_write_partial_fromPastEnd_singleBuffer [KEEP_OR_DELETE_FILES [2, 16]]" classname="com.google.common.jimfs.RegularFileTest$RegularFileTestRunner" time="0.0"/>
  <testcase name="testNonEmpty_write_partial_fromStart_multipleBuffers [KEEP_OR_DELETE_FILES [2, 16]]" classname="com.google.common.jimfs.RegularFileTest$RegularFileTestRunner" time="0.0"/>
  <testcase name="testNonEmpty_write_partial_fromMiddle_multipleBuffers [KEEP_OR_DELETE_FILES [2, 16]]" classname="com.google.common.jimfs.RegularFileTest$RegularFileTestRunner" time="0.0"/>
  <testcase name="testNonEmpty_write_partial_fromBeforeEnd_multipleBuffers [KEEP_OR_DELETE_FILES [2, 16]]" classname="com.google.common.jimfs.RegularFileTest$RegularFileTestRunner" time="0.0"/>
  <testcase name="testNonEmpty_write_partial_fromEnd_multipleBuffers [KEEP_OR_DELETE_FILES [2, 16]]" classname="com.google.common.jimfs.RegularFileTest$RegularFileTestRunner" time="0.0"/>
  <testcase name="testNonEmpty_write_partial_fromPastEnd_multipleBuffers [KEEP_OR_DELETE_FILES [2, 16]]" classname="com.google.common.jimfs.RegularFileTest$RegularFileTestRunner" time="0.0"/>
  <testcase name="testNonEmpty_write_overwrite_sameLength [KEEP_OR_DELETE_FILES [2, 16]]" classname="com.google.common.jimfs.RegularFileTest$RegularFileTestRunner" time="0.0"/>
  <testcase name="testNonEmpty_write_overwrite_greaterLength [KEEP_OR_DELETE_FILES [2, 16]]" classname="com.google.common.jimfs.RegularFileTest$RegularFileTestRunner" time="0.0"/>
  <testcase name="testNonEmpty_transferTo_fromStart_countEqualsSize [KEEP_OR_DELETE_FILES [2, 16]]" classname="com.google.common.jimfs.RegularFileTest$RegularFileTestRunner" time="0.0"/>
  <testcase name="testNonEmpty_transferTo_fromStart_countLessThanSize [KEEP_OR_DELETE_FILES [2, 16]]" classname="com.google.common.jimfs.RegularFileTest$RegularFileTestRunner" time="0.0"/>
  <testcase name="testNonEmpty_transferTo_fromMiddle_countEqualsSize [KEEP_OR_DELETE_FILES [2, 16]]" classname="com.google.common.jimfs.RegularFileTest$RegularFileTestRunner" time="0.0"/>
  <testcase name="testNonEmpty_transferTo_fromMiddle_countLessThanSize [KEEP_OR_DELETE_FILES [2, 16]]" classname="com.google.common.jimfs.RegularFileTest$RegularFileTestRunner" time="0.0"/>
  <testcase name="testNonEmpty_transferFrom_toStart_countEqualsSrcSize [KEEP_OR_DELETE_FILES [2, 16]]" classname="com.google.common.jimfs.RegularFileTest$RegularFileTestRunner" time="0.0"/>
  <testcase name="testNonEmpty_transferFrom_toStart_countLessThanSrcSize [KEEP_OR_DELETE_FILES [2, 16]]" classname="com.google.common.jimfs.RegularFileTest$RegularFileTestRunner" time="0.0"/>
  <testcase name="testNonEmpty_transferFrom_toStart_countGreaterThanSrcSize [KEEP_OR_DELETE_FILES [2, 16]]" classname="com.google.common.jimfs.RegularFileTest$RegularFileTestRunner" time="0.0"/>
  <testcase name="testNonEmpty_transferFrom_toMiddle_countEqualsSrcSize [KEEP_OR_DELETE_FILES [2, 16]]" classname="com.google.common.jimfs.RegularFileTest$RegularFileTestRunner" time="0.0"/>
  <testcase name="testNonEmpty_transferFrom_toMiddle_countLessThanSrcSize [KEEP_OR_DELETE_FILES [2, 16]]" classname="com.google.common.jimfs.RegularFileTest$RegularFileTestRunner" time="0.0"/>
  <testcase name="testNonEmpty_transferFrom_toMiddle_countGreaterThanSrcSize [KEEP_OR_DELETE_FILES [2, 16]]" classname="com.google.common.jimfs.RegularFileTest$RegularFileTestRunner" time="0.0"/>
  <testcase name="testNonEmpty_transferFrom_toMiddle_transferGoesBeyondContentSize [KEEP_OR_DELETE_FILES [2, 16]]" classname="com.google.common.jimfs.RegularFileTest$RegularFileTestRunner" time="0.0"/>
  <testcase name="testNonEmpty_transferFrom_toEnd [KEEP_OR_DELETE_FILES [2, 16]]" classname="com.google.common.jimfs.RegularFileTest$RegularFileTestRunner" time="0.0"/>
  <testcase name="testNonEmpty_transferFrom_positionGreaterThanSize [KEEP_OR_DELETE_FILES [2, 16]]" classname="com.google.common.jimfs.RegularFileTest$RegularFileTestRunner" time="0.0"/>
  <testcase name="testNonEmpty_transferFrom_hugeOverestimateCount [KEEP_OR_DELETE_FILES [2, 16]]" classname="com.google.common.jimfs.RegularFileTest$RegularFileTestRunner" time="0.0"/>
  <testcase name="testNonEmpty_copy [KEEP_OR_DELETE_FILES [2, 16]]" classname="com.google.common.jimfs.RegularFileTest$RegularFileTestRunner" time="0.0"/>
  <testcase name="testNonEmpty_copy_multipleTimes [KEEP_OR_DELETE_FILES [2, 16]]" classname="com.google.common.jimfs.RegularFileTest$RegularFileTestRunner" time="0.0"/>
  <testcase name="testNonEmpty_truncate_toZero [KEEP_OR_DELETE_FILES [2, 16]]" classname="com.google.common.jimfs.RegularFileTest$RegularFileTestRunner" time="0.0"/>
  <testcase name="testNonEmpty_truncate_partial [KEEP_OR_DELETE_FILES [2, 16]]" classname="com.google.common.jimfs.RegularFileTest$RegularFileTestRunner" time="0.0"/>
  <testcase name="testNonEmpty_truncate_sizeUp [KEEP_OR_DELETE_FILES [2, 16]]" classname="com.google.common.jimfs.RegularFileTest$RegularFileTestRunner" time="0.0"/>
  <testcase name="testDeletedStoreRemainsUsableWhileOpen [KEEP_OR_DELETE_FILES [2, 16]]" classname="com.google.common.jimfs.RegularFileTest$RegularFileTestRunner" time="0.0"/>
  <testcase name="testEmpty_write_singleByte_atNonZeroPosition [KEEP_OR_DELETE_FILES [2, 128]]" classname="com.google.common.jimfs.RegularFileTest$RegularFileTestRunner" time="0.0"/>
  <testcase name="testNonEmpty_write_partial_fromBeforeEnd_singleBuffer [KEEP_OR_DELETE_FILES [2, 128]]" classname="com.google.common.jimfs.RegularFileTest$RegularFileTestRunner" time="0.0"/>
  <testcase name="testEmpty_transferFrom_positionGreaterThanSize_countLessThanSrcSize [KEEP_OR_DELETE_FILES [2, 128]]" classname="com.google.common.jimfs.RegularFileTest$RegularFileTestRunner" time="0.0"/>
  <testcase name="testEmpty_write_singleByte_atStart [KEEP_OR_DELETE_FILES [2, 128]]" classname="com.google.common.jimfs.RegularFileTest$RegularFileTestRunner" time="0.0"/>
  <testcase name="testEmpty_write_byteArray_atStart [KEEP_OR_DELETE_FILES [2, 128]]" classname="com.google.common.jimfs.RegularFileTest$RegularFileTestRunner" time="0.0"/>
  <testcase name="testEmpty_write_singleBuffer_atNonZeroPosition [KEEP_OR_DELETE_FILES [2, 128]]" classname="com.google.common.jimfs.RegularFileTest$RegularFileTestRunner" time="0.0"/>
  <testcase name="testEmpty_write_multipleBuffers_atNonZeroPosition [KEEP_OR_DELETE_FILES [2, 128]]" classname="com.google.common.jimfs.RegularFileTest$RegularFileTestRunner" time="0.0"/>
  <testcase name="testEmpty_write_noBytesArray_atStart [KEEP_OR_DELETE_FILES [2, 128]]" classname="com.google.common.jimfs.RegularFileTest$RegularFileTestRunner" time="0.0"/>
  <testcase name="testEmpty_write_noBytesArray_atNonZeroPosition [KEEP_OR_DELETE_FILES [2, 128]]" classname="com.google.common.jimfs.RegularFileTest$RegularFileTestRunner" time="0.0"/>
  <testcase name="testEmpty_write_noBytesBuffer_atStart [KEEP_OR_DELETE_FILES [2, 128]]" classname="com.google.common.jimfs.RegularFileTest$RegularFileTestRunner" time="0.0"/>
  <testcase name="testEmpty_write_noBytesBuffer_atNonZeroPosition [KEEP_OR_DELETE_FILES [2, 128]]" classname="com.google.common.jimfs.RegularFileTest$RegularFileTestRunner" time="0.0"/>
  <testcase name="testEmpty_write_noBytesBuffers_atStart [KEEP_OR_DELETE_FILES [2, 128]]" classname="com.google.common.jimfs.RegularFileTest$RegularFileTestRunner" time="0.0"/>
  <testcase name="testEmpty_write_noBytesBuffers_atNonZeroPosition [KEEP_OR_DELETE_FILES [2, 128]]" classname="com.google.common.jimfs.RegularFileTest$RegularFileTestRunner" time="0.0"/>
  <testcase name="testEmpty_transferFrom_fromStart_countEqualsSrcSize [KEEP_OR_DELETE_FILES [2, 128]]" classname="com.google.common.jimfs.RegularFileTest$RegularFileTestRunner" time="0.0"/>
  <testcase name="testEmpty_transferFrom_fromStart_countLessThanSrcSize [KEEP_OR_DELETE_FILES [2, 128]]" classname="com.google.common.jimfs.RegularFileTest$RegularFileTestRunner" time="0.0"/>
  <testcase name="testEmpty_transferFrom_fromStart_countGreaterThanSrcSize [KEEP_OR_DELETE_FILES [2, 128]]" classname="com.google.common.jimfs.RegularFileTest$RegularFileTestRunner" time="0.0"/>
  <testcase name="testEmpty_transferFrom_positionGreaterThanSize [KEEP_OR_DELETE_FILES [2, 128]]" classname="com.google.common.jimfs.RegularFileTest$RegularFileTestRunner" time="0.0"/>
  <testcase name="testEmpty_transferFrom_positionGreaterThanSize_countEqualsSrcSize [KEEP_OR_DELETE_FILES [2, 128]]" classname="com.google.common.jimfs.RegularFileTest$RegularFileTestRunner" time="0.0"/>
  <testcase name="testEmpty_transferFrom_fromStart_noBytes_countEqualsSrcSize [KEEP_OR_DELETE_FILES [2, 128]]" classname="com.google.common.jimfs.RegularFileTest$RegularFileTestRunner" time="0.0"/>
  <testcase name="testEmpty_transferFrom_fromStart_noBytes_countGreaterThanSrcSize [KEEP_OR_DELETE_FILES [2, 128]]" classname="com.google.common.jimfs.RegularFileTest$RegularFileTestRunner" time="0.0"/>
  <testcase name="testEmpty_transferFrom_postionGreaterThanSrcSize_noBytes_countEqualsSrcSize [KEEP_OR_DELETE_FILES [2, 128]]" classname="com.google.common.jimfs.RegularFileTest$RegularFileTestRunner" time="0.0"/>
  <testcase name="testEmpty_transferFrom_postionGreaterThanSrcSize_noBytes_countGreaterThanSrcSize [KEEP_OR_DELETE_FILES [2, 128]]" classname="com.google.common.jimfs.RegularFileTest$RegularFileTestRunner" time="0.0"/>
  <testcase name="testEmpty_transferTo [KEEP_OR_DELETE_FILES [2, 128]]" classname="com.google.common.jimfs.RegularFileTest$RegularFileTestRunner" time="0.0"/>
  <testcase name="testEmpty_copy [KEEP_OR_DELETE_FILES [2, 128]]" classname="com.google.common.jimfs.RegularFileTest$RegularFileTestRunner" time="0.0"/>
  <testcase name="testEmpty_truncate_toZero [KEEP_OR_DELETE_FILES [2, 128]]" classname="com.google.common.jimfs.RegularFileTest$RegularFileTestRunner" time="0.0"/>
  <testcase name="testEmpty_truncate_sizeUp [KEEP_OR_DELETE_FILES [2, 128]]" classname="com.google.common.jimfs.RegularFileTest$RegularFileTestRunner" time="0.0"/>
  <testcase name="testNonEmpty [KEEP_OR_DELETE_FILES [2, 128]]" classname="com.google.common.jimfs.RegularFileTest$RegularFileTestRunner" time="0.0"/>
  <testcase name="testNonEmpty_read_singleByte [KEEP_OR_DELETE_FILES [2, 128]]" classname="com.google.common.jimfs.RegularFileTest$RegularFileTestRunner" time="0.0"/>
  <testcase name="testNonEmpty_read_all_byteArray [KEEP_OR_DELETE_FILES [2, 128]]" classname="com.google.common.jimfs.RegularFileTest$RegularFileTestRunner" time="0.0"/>
  <testcase name="testNonEmpty_read_all_singleBuffer [KEEP_OR_DELETE_FILES [2, 128]]" classname="com.google.common.jimfs.RegularFileTest$RegularFileTestRunner" time="0.0"/>
  <testcase name="testNonEmpty_read_all_multipleBuffers [KEEP_OR_DELETE_FILES [2, 128]]" classname="com.google.common.jimfs.RegularFileTest$RegularFileTestRunner" time="0.0"/>
  <testcase name="testNonEmpty_read_all_byteArray_largerThanContent [KEEP_OR_DELETE_FILES [2, 128]]" classname="com.google.common.jimfs.RegularFileTest$RegularFileTestRunner" time="0.0"/>
  <testcase name="testNonEmpty_read_all_singleBuffer_largerThanContent [KEEP_OR_DELETE_FILES [2, 128]]" classname="com.google.common.jimfs.RegularFileTest$RegularFileTestRunner" time="0.0"/>
  <testcase name="testNonEmpty_read_all_multipleBuffers_largerThanContent [KEEP_OR_DELETE_FILES [2, 128]]" classname="com.google.common.jimfs.RegularFileTest$RegularFileTestRunner" time="0.0"/>
  <testcase name="testNonEmpty_read_all_multipleBuffers_extraBuffers [KEEP_OR_DELETE_FILES [2, 128]]" classname="com.google.common.jimfs.RegularFileTest$RegularFileTestRunner" time="0.0"/>
  <testcase name="testNonEmpty_read_partial_fromStart_byteArray [KEEP_OR_DELETE_FILES [2, 128]]" classname="com.google.common.jimfs.RegularFileTest$RegularFileTestRunner" time="0.0"/>
  <testcase name="testNonEmpty_read_partial_fromMiddle_byteArray [KEEP_OR_DELETE_FILES [2, 128]]" classname="com.google.common.jimfs.RegularFileTest$RegularFileTestRunner" time="0.0"/>
  <testcase name="testNonEmpty_read_partial_fromEnd_byteArray [KEEP_OR_DELETE_FILES [2, 128]]" classname="com.google.common.jimfs.RegularFileTest$RegularFileTestRunner" time="0.0"/>
  <testcase name="testNonEmpty_read_partial_fromStart_singleBuffer [KEEP_OR_DELETE_FILES [2, 128]]" classname="com.google.common.jimfs.RegularFileTest$RegularFileTestRunner" time="0.0"/>
  <testcase name="testNonEmpty_read_partial_fromMiddle_singleBuffer [KEEP_OR_DELETE_FILES [2, 128]]" classname="com.google.common.jimfs.RegularFileTest$RegularFileTestRunner" time="0.0"/>
  <testcase name="testNonEmpty_read_partial_fromEnd_singleBuffer [KEEP_OR_DELETE_FILES [2, 128]]" classname="com.google.common.jimfs.RegularFileTest$RegularFileTestRunner" time="0.0"/>
  <testcase name="testEmpty_write_multipleBuffers_atStart [KEEP_OR_DELETE_FILES [2, 128]]" classname="com.google.common.jimfs.RegularFileTest$RegularFileTestRunner" time="0.0"/>
  <testcase name="testEmpty_write_byteArray_atNonZeroPosition [KEEP_OR_DELETE_FILES [2, 128]]" classname="com.google.common.jimfs.RegularFileTest$RegularFileTestRunner" time="0.0"/>
  <testcase name="testEmpty_read_singleByte [KEEP_OR_DELETE_FILES [2, 128]]" classname="com.google.common.jimfs.RegularFileTest$RegularFileTestRunner" time="0.0"/>
  <testcase name="testEmpty_read_byteArray [KEEP_OR_DELETE_FILES [2, 128]]" classname="com.google.common.jimfs.RegularFileTest$RegularFileTestRunner" time="0.0"/>
  <testcase name="testEmpty_read_singleBuffer [KEEP_OR_DELETE_FILES [2, 128]]" classname="com.google.common.jimfs.RegularFileTest$RegularFileTestRunner" time="0.0"/>
  <testcase name="testEmpty_read_multipleBuffers [KEEP_OR_DELETE_FILES [2, 128]]" classname="com.google.common.jimfs.RegularFileTest$RegularFileTestRunner" time="0.0"/>
  <testcase name="testEmpty_write_partialByteArray_atNonZeroPosition [KEEP_OR_DELETE_FILES [2, 128]]" classname="com.google.common.jimfs.RegularFileTest$RegularFileTestRunner" time="0.0"/>
  <testcase name="testEmpty_write_singleBuffer_atStart [KEEP_OR_DELETE_FILES [2, 128]]" classname="com.google.common.jimfs.RegularFileTest$RegularFileTestRunner" time="0.0"/>
  <testcase name="testEmpty_write_partialByteArray_atStart [KEEP_OR_DELETE_FILES [2, 128]]" classname="com.google.common.jimfs.RegularFileTest$RegularFileTestRunner" time="0.0"/>
  <testcase name="testEmpty_transferFrom_positionGreaterThanSize_countGreaterThanSrcSize [KEEP_OR_DELETE_FILES [2, 128]]" classname="com.google.common.jimfs.RegularFileTest$RegularFileTestRunner" time="0.0"/>
  <testcase name="testEmpty [KEEP_OR_DELETE_FILES [2, 128]]" classname="com.google.common.jimfs.RegularFileTest$RegularFileTestRunner" time="0.0"/>
  <testcase name="testNonEmpty_read_partial_fromStart_multipleBuffers [KEEP_OR_DELETE_FILES [2, 128]]" classname="com.google.common.jimfs.RegularFileTest$RegularFileTestRunner" time="0.0"/>
  <testcase name="testNonEmpty_read_partial_fromMiddle_multipleBuffers [KEEP_OR_DELETE_FILES [2, 128]]" classname="com.google.common.jimfs.RegularFileTest$RegularFileTestRunner" time="0.0"/>
  <testcase name="testNonEmpty_read_partial_fromEnd_multipleBuffers [KEEP_OR_DELETE_FILES [2, 128]]" classname="com.google.common.jimfs.RegularFileTest$RegularFileTestRunner" time="0.0"/>
  <testcase name="testNonEmpty_read_fromPastEnd_byteArray [KEEP_OR_DELETE_FILES [2, 128]]" classname="com.google.common.jimfs.RegularFileTest$RegularFileTestRunner" time="0.0"/>
  <testcase name="testNonEmpty_read_fromPastEnd_singleBuffer [KEEP_OR_DELETE_FILES [2, 128]]" classname="com.google.common.jimfs.RegularFileTest$RegularFileTestRunner" time="0.0"/>
  <testcase name="testNonEmpty_read_fromPastEnd_multipleBuffers [KEEP_OR_DELETE_FILES [2, 128]]" classname="com.google.common.jimfs.RegularFileTest$RegularFileTestRunner" time="0.0"/>
  <testcase name="testNonEmpty_write_partial_fromStart_singleByte [KEEP_OR_DELETE_FILES [2, 128]]" classname="com.google.common.jimfs.RegularFileTest$RegularFileTestRunner" time="0.0"/>
  <testcase name="testNonEmpty_write_partial_fromMiddle_singleByte [KEEP_OR_DELETE_FILES [2, 128]]" classname="com.google.common.jimfs.RegularFileTest$RegularFileTestRunner" time="0.0"/>
  <testcase name="testNonEmpty_write_partial_fromEnd_singleByte [KEEP_OR_DELETE_FILES [2, 128]]" classname="com.google.common.jimfs.RegularFileTest$RegularFileTestRunner" time="0.0"/>
  <testcase name="testNonEmpty_write_partial_fromStart_byteArray [KEEP_OR_DELETE_FILES [2, 128]]" classname="com.google.common.jimfs.RegularFileTest$RegularFileTestRunner" time="0.0"/>
  <testcase name="testNonEmpty_write_partial_fromMiddle_byteArray [KEEP_OR_DELETE_FILES [2, 128]]" classname="com.google.common.jimfs.RegularFileTest$RegularFileTestRunner" time="0.0"/>
  <testcase name="testNonEmpty_write_partial_fromBeforeEnd_byteArray [KEEP_OR_DELETE_FILES [2, 128]]" classname="com.google.common.jimfs.RegularFileTest$RegularFileTestRunner" time="0.0"/>
  <testcase name="testNonEmpty_write_partial_fromEnd_byteArray [KEEP_OR_DELETE_FILES [2, 128]]" classname="com.google.common.jimfs.RegularFileTest$RegularFileTestRunner" time="0.0"/>
  <testcase name="testNonEmpty_write_partial_fromPastEnd_byteArray [KEEP_OR_DELETE_FILES [2, 128]]" classname="com.google.common.jimfs.RegularFileTest$RegularFileTestRunner" time="0.0"/>
  <testcase name="testNonEmpty_write_partial_fromStart_singleBuffer [KEEP_OR_DELETE_FILES [2, 128]]" classname="com.google.common.jimfs.RegularFileTest$RegularFileTestRunner" time="0.0"/>
  <testcase name="testNonEmpty_write_partial_fromMiddle_singleBuffer [KEEP_OR_DELETE_FILES [2, 128]]" classname="com.google.common.jimfs.RegularFileTest$RegularFileTestRunner" time="0.0"/>
  <testcase name="testNonEmpty_write_partial_fromEnd_singleBuffer [KEEP_OR_DELETE_FILES [2, 128]]" classname="com.google.common.jimfs.RegularFileTest$RegularFileTestRunner" time="0.0"/>
  <testcase name="testNonEmpty_write_partial_fromPastEnd_singleBuffer [KEEP_OR_DELETE_FILES [2, 128]]" classname="com.google.common.jimfs.RegularFileTest$RegularFileTestRunner" time="0.0"/>
  <testcase name="testNonEmpty_write_partial_fromStart_multipleBuffers [KEEP_OR_DELETE_FILES [2, 128]]" classname="com.google.common.jimfs.RegularFileTest$RegularFileTestRunner" time="0.0"/>
  <testcase name="testNonEmpty_write_partial_fromMiddle_multipleBuffers [KEEP_OR_DELETE_FILES [2, 128]]" classname="com.google.common.jimfs.RegularFileTest$RegularFileTestRunner" time="0.0"/>
  <testcase name="testNonEmpty_write_partial_fromBeforeEnd_multipleBuffers [KEEP_OR_DELETE_FILES [2, 128]]" classname="com.google.common.jimfs.RegularFileTest$RegularFileTestRunner" time="0.0"/>
  <testcase name="testNonEmpty_write_partial_fromEnd_multipleBuffers [KEEP_OR_DELETE_FILES [2, 128]]" classname="com.google.common.jimfs.RegularFileTest$RegularFileTestRunner" time="0.0"/>
  <testcase name="testNonEmpty_write_partial_fromPastEnd_multipleBuffers [KEEP_OR_DELETE_FILES [2, 128]]" classname="com.google.common.jimfs.RegularFileTest$RegularFileTestRunner" time="0.0"/>
  <testcase name="testNonEmpty_write_overwrite_sameLength [KEEP_OR_DELETE_FILES [2, 128]]" classname="com.google.common.jimfs.RegularFileTest$RegularFileTestRunner" time="0.0"/>
  <testcase name="testNonEmpty_write_overwrite_greaterLength [KEEP_OR_DELETE_FILES [2, 128]]" classname="com.google.common.jimfs.RegularFileTest$RegularFileTestRunner" time="0.0"/>
  <testcase name="testNonEmpty_transferTo_fromStart_countEqualsSize [KEEP_OR_DELETE_FILES [2, 128]]" classname="com.google.common.jimfs.RegularFileTest$RegularFileTestRunner" time="0.0"/>
  <testcase name="testNonEmpty_transferTo_fromStart_countLessThanSize [KEEP_OR_DELETE_FILES [2, 128]]" classname="com.google.common.jimfs.RegularFileTest$RegularFileTestRunner" time="0.0"/>
  <testcase name="testNonEmpty_transferTo_fromMiddle_countEqualsSize [KEEP_OR_DELETE_FILES [2, 128]]" classname="com.google.common.jimfs.RegularFileTest$RegularFileTestRunner" time="0.0"/>
  <testcase name="testNonEmpty_transferTo_fromMiddle_countLessThanSize [KEEP_OR_DELETE_FILES [2, 128]]" classname="com.google.common.jimfs.RegularFileTest$RegularFileTestRunner" time="0.0"/>
  <testcase name="testNonEmpty_transferFrom_toStart_countEqualsSrcSize [KEEP_OR_DELETE_FILES [2, 128]]" classname="com.google.common.jimfs.RegularFileTest$RegularFileTestRunner" time="0.0"/>
  <testcase name="testNonEmpty_transferFrom_toStart_countLessThanSrcSize [KEEP_OR_DELETE_FILES [2, 128]]" classname="com.google.common.jimfs.RegularFileTest$RegularFileTestRunner" time="0.0"/>
  <testcase name="testNonEmpty_transferFrom_toStart_countGreaterThanSrcSize [KEEP_OR_DELETE_FILES [2, 128]]" classname="com.google.common.jimfs.RegularFileTest$RegularFileTestRunner" time="0.0"/>
  <testcase name="testNonEmpty_transferFrom_toMiddle_countEqualsSrcSize [KEEP_OR_DELETE_FILES [2, 128]]" classname="com.google.common.jimfs.RegularFileTest$RegularFileTestRunner" time="0.0"/>
  <testcase name="testNonEmpty_transferFrom_toMiddle_countLessThanSrcSize [KEEP_OR_DELETE_FILES [2, 128]]" classname="com.google.common.jimfs.RegularFileTest$RegularFileTestRunner" time="0.0"/>
  <testcase name="testNonEmpty_transferFrom_toMiddle_countGreaterThanSrcSize [KEEP_OR_DELETE_FILES [2, 128]]" classname="com.google.common.jimfs.RegularFileTest$RegularFileTestRunner" time="0.0"/>
  <testcase name="testNonEmpty_transferFrom_toMiddle_transferGoesBeyondContentSize [KEEP_OR_DELETE_FILES [2, 128]]" classname="com.google.common.jimfs.RegularFileTest$RegularFileTestRunner" time="0.0"/>
  <testcase name="testNonEmpty_transferFrom_toEnd [KEEP_OR_DELETE_FILES [2, 128]]" classname="com.google.common.jimfs.RegularFileTest$RegularFileTestRunner" time="0.0"/>
  <testcase name="testNonEmpty_transferFrom_positionGreaterThanSize [KEEP_OR_DELETE_FILES [2, 128]]" classname="com.google.common.jimfs.RegularFileTest$RegularFileTestRunner" time="0.0"/>
  <testcase name="testNonEmpty_transferFrom_hugeOverestimateCount [KEEP_OR_DELETE_FILES [2, 128]]" classname="com.google.common.jimfs.RegularFileTest$RegularFileTestRunner" time="0.0"/>
  <testcase name="testNonEmpty_copy [KEEP_OR_DELETE_FILES [2, 128]]" classname="com.google.common.jimfs.RegularFileTest$RegularFileTestRunner" time="0.0"/>
  <testcase name="testNonEmpty_copy_multipleTimes [KEEP_OR_DELETE_FILES [2, 128]]" classname="com.google.common.jimfs.RegularFileTest$RegularFileTestRunner" time="0.0"/>
  <testcase name="testNonEmpty_truncate_toZero [KEEP_OR_DELETE_FILES [2, 128]]" classname="com.google.common.jimfs.RegularFileTest$RegularFileTestRunner" time="0.0"/>
  <testcase name="testNonEmpty_truncate_partial [KEEP_OR_DELETE_FILES [2, 128]]" classname="com.google.common.jimfs.RegularFileTest$RegularFileTestRunner" time="0.0"/>
  <testcase name="testNonEmpty_truncate_sizeUp [KEEP_OR_DELETE_FILES [2, 128]]" classname="com.google.common.jimfs.RegularFileTest$RegularFileTestRunner" time="0.0"/>
  <testcase name="testDeletedStoreRemainsUsableWhileOpen [KEEP_OR_DELETE_FILES [2, 128]]" classname="com.google.common.jimfs.RegularFileTest$RegularFileTestRunner" time="0.0"/>
  <testcase name="testEmpty_write_singleByte_atNonZeroPosition [KEEP_OR_DELETE_FILES [2, -1]]" classname="com.google.common.jimfs.RegularFileTest$RegularFileTestRunner" time="0.0"/>
  <testcase name="testNonEmpty_write_partial_fromBeforeEnd_singleBuffer [KEEP_OR_DELETE_FILES [2, -1]]" classname="com.google.common.jimfs.RegularFileTest$RegularFileTestRunner" time="0.0"/>
  <testcase name="testEmpty_transferFrom_positionGreaterThanSize_countLessThanSrcSize [KEEP_OR_DELETE_FILES [2, -1]]" classname="com.google.common.jimfs.RegularFileTest$RegularFileTestRunner" time="0.0"/>
  <testcase name="testEmpty_write_singleByte_atStart [KEEP_OR_DELETE_FILES [2, -1]]" classname="com.google.common.jimfs.RegularFileTest$RegularFileTestRunner" time="0.0"/>
  <testcase name="testEmpty_write_byteArray_atStart [KEEP_OR_DELETE_FILES [2, -1]]" classname="com.google.common.jimfs.RegularFileTest$RegularFileTestRunner" time="0.0"/>
  <testcase name="testEmpty_write_singleBuffer_atNonZeroPosition [KEEP_OR_DELETE_FILES [2, -1]]" classname="com.google.common.jimfs.RegularFileTest$RegularFileTestRunner" time="0.0"/>
  <testcase name="testEmpty_write_multipleBuffers_atNonZeroPosition [KEEP_OR_DELETE_FILES [2, -1]]" classname="com.google.common.jimfs.RegularFileTest$RegularFileTestRunner" time="0.0"/>
  <testcase name="testEmpty_write_noBytesArray_atStart [KEEP_OR_DELETE_FILES [2, -1]]" classname="com.google.common.jimfs.RegularFileTest$RegularFileTestRunner" time="0.0"/>
  <testcase name="testEmpty_write_noBytesArray_atNonZeroPosition [KEEP_OR_DELETE_FILES [2, -1]]" classname="com.google.common.jimfs.RegularFileTest$RegularFileTestRunner" time="0.0"/>
  <testcase name="testEmpty_write_noBytesBuffer_atStart [KEEP_OR_DELETE_FILES [2, -1]]" classname="com.google.common.jimfs.RegularFileTest$RegularFileTestRunner" time="0.0"/>
  <testcase name="testEmpty_write_noBytesBuffer_atNonZeroPosition [KEEP_OR_DELETE_FILES [2, -1]]" classname="com.google.common.jimfs.RegularFileTest$RegularFileTestRunner" time="0.0"/>
  <testcase name="testEmpty_write_noBytesBuffers_atStart [KEEP_OR_DELETE_FILES [2, -1]]" classname="com.google.common.jimfs.RegularFileTest$RegularFileTestRunner" time="0.0"/>
  <testcase name="testEmpty_write_noBytesBuffers_atNonZeroPosition [KEEP_OR_DELETE_FILES [2, -1]]" classname="com.google.common.jimfs.RegularFileTest$RegularFileTestRunner" time="0.0"/>
  <testcase name="testEmpty_transferFrom_fromStart_countEqualsSrcSize [KEEP_OR_DELETE_FILES [2, -1]]" classname="com.google.common.jimfs.RegularFileTest$RegularFileTestRunner" time="0.0"/>
  <testcase name="testEmpty_transferFrom_fromStart_countLessThanSrcSize [KEEP_OR_DELETE_FILES [2, -1]]" classname="com.google.common.jimfs.RegularFileTest$RegularFileTestRunner" time="0.0"/>
  <testcase name="testEmpty_transferFrom_fromStart_countGreaterThanSrcSize [KEEP_OR_DELETE_FILES [2, -1]]" classname="com.google.common.jimfs.RegularFileTest$RegularFileTestRunner" time="0.0"/>
  <testcase name="testEmpty_transferFrom_positionGreaterThanSize [KEEP_OR_DELETE_FILES [2, -1]]" classname="com.google.common.jimfs.RegularFileTest$RegularFileTestRunner" time="0.0"/>
  <testcase name="testEmpty_transferFrom_positionGreaterThanSize_countEqualsSrcSize [KEEP_OR_DELETE_FILES [2, -1]]" classname="com.google.common.jimfs.RegularFileTest$RegularFileTestRunner" time="0.0"/>
  <testcase name="testEmpty_transferFrom_fromStart_noBytes_countEqualsSrcSize [KEEP_OR_DELETE_FILES [2, -1]]" classname="com.google.common.jimfs.RegularFileTest$RegularFileTestRunner" time="0.0"/>
  <testcase name="testEmpty_transferFrom_fromStart_noBytes_countGreaterThanSrcSize [KEEP_OR_DELETE_FILES [2, -1]]" classname="com.google.common.jimfs.RegularFileTest$RegularFileTestRunner" time="0.0"/>
  <testcase name="testEmpty_transferFrom_postionGreaterThanSrcSize_noBytes_countEqualsSrcSize [KEEP_OR_DELETE_FILES [2, -1]]" classname="com.google.common.jimfs.RegularFileTest$RegularFileTestRunner" time="0.0"/>
  <testcase name="testEmpty_transferFrom_postionGreaterThanSrcSize_noBytes_countGreaterThanSrcSize [KEEP_OR_DELETE_FILES [2, -1]]" classname="com.google.common.jimfs.RegularFileTest$RegularFileTestRunner" time="0.0"/>
  <testcase name="testEmpty_transferTo [KEEP_OR_DELETE_FILES [2, -1]]" classname="com.google.common.jimfs.RegularFileTest$RegularFileTestRunner" time="0.0"/>
  <testcase name="testEmpty_copy [KEEP_OR_DELETE_FILES [2, -1]]" classname="com.google.common.jimfs.RegularFileTest$RegularFileTestRunner" time="0.0"/>
  <testcase name="testEmpty_truncate_toZero [KEEP_OR_DELETE_FILES [2, -1]]" classname="com.google.common.jimfs.RegularFileTest$RegularFileTestRunner" time="0.0"/>
  <testcase name="testEmpty_truncate_sizeUp [KEEP_OR_DELETE_FILES [2, -1]]" classname="com.google.common.jimfs.RegularFileTest$RegularFileTestRunner" time="0.0"/>
  <testcase name="testNonEmpty [KEEP_OR_DELETE_FILES [2, -1]]" classname="com.google.common.jimfs.RegularFileTest$RegularFileTestRunner" time="0.0"/>
  <testcase name="testNonEmpty_read_singleByte [KEEP_OR_DELETE_FILES [2, -1]]" classname="com.google.common.jimfs.RegularFileTest$RegularFileTestRunner" time="0.0"/>
  <testcase name="testNonEmpty_read_all_byteArray [KEEP_OR_DELETE_FILES [2, -1]]" classname="com.google.common.jimfs.RegularFileTest$RegularFileTestRunner" time="0.0"/>
  <testcase name="testNonEmpty_read_all_singleBuffer [KEEP_OR_DELETE_FILES [2, -1]]" classname="com.google.common.jimfs.RegularFileTest$RegularFileTestRunner" time="0.0"/>
  <testcase name="testNonEmpty_read_all_multipleBuffers [KEEP_OR_DELETE_FILES [2, -1]]" classname="com.google.common.jimfs.RegularFileTest$RegularFileTestRunner" time="0.0"/>
  <testcase name="testNonEmpty_read_all_byteArray_largerThanContent [KEEP_OR_DELETE_FILES [2, -1]]" classname="com.google.common.jimfs.RegularFileTest$RegularFileTestRunner" time="0.0"/>
  <testcase name="testNonEmpty_read_all_singleBuffer_largerThanContent [KEEP_OR_DELETE_FILES [2, -1]]" classname="com.google.common.jimfs.RegularFileTest$RegularFileTestRunner" time="0.0"/>
  <testcase name="testNonEmpty_read_all_multipleBuffers_largerThanContent [KEEP_OR_DELETE_FILES [2, -1]]" classname="com.google.common.jimfs.RegularFileTest$RegularFileTestRunner" time="0.0"/>
  <testcase name="testNonEmpty_read_all_multipleBuffers_extraBuffers [KEEP_OR_DELETE_FILES [2, -1]]" classname="com.google.common.jimfs.RegularFileTest$RegularFileTestRunner" time="0.0"/>
  <testcase name="testNonEmpty_read_partial_fromStart_byteArray [KEEP_OR_DELETE_FILES [2, -1]]" classname="com.google.common.jimfs.RegularFileTest$RegularFileTestRunner" time="0.0"/>
  <testcase name="testNonEmpty_read_partial_fromMiddle_byteArray [KEEP_OR_DELETE_FILES [2, -1]]" classname="com.google.common.jimfs.RegularFileTest$RegularFileTestRunner" time="0.0"/>
  <testcase name="testNonEmpty_read_partial_fromEnd_byteArray [KEEP_OR_DELETE_FILES [2, -1]]" classname="com.google.common.jimfs.RegularFileTest$RegularFileTestRunner" time="0.0"/>
  <testcase name="testNonEmpty_read_partial_fromStart_singleBuffer [KEEP_OR_DELETE_FILES [2, -1]]" classname="com.google.common.jimfs.RegularFileTest$RegularFileTestRunner" time="0.0"/>
  <testcase name="testNonEmpty_read_partial_fromMiddle_singleBuffer [KEEP_OR_DELETE_FILES [2, -1]]" classname="com.google.common.jimfs.RegularFileTest$RegularFileTestRunner" time="0.0"/>
  <testcase name="testNonEmpty_read_partial_fromEnd_singleBuffer [KEEP_OR_DELETE_FILES [2, -1]]" classname="com.google.common.jimfs.RegularFileTest$RegularFileTestRunner" time="0.0"/>
  <testcase name="testEmpty_write_multipleBuffers_atStart [KEEP_OR_DELETE_FILES [2, -1]]" classname="com.google.common.jimfs.RegularFileTest$RegularFileTestRunner" time="0.0"/>
  <testcase name="testEmpty_write_byteArray_atNonZeroPosition [KEEP_OR_DELETE_FILES [2, -1]]" classname="com.google.common.jimfs.RegularFileTest$RegularFileTestRunner" time="0.0"/>
  <testcase name="testEmpty_read_singleByte [KEEP_OR_DELETE_FILES [2, -1]]" classname="com.google.common.jimfs.RegularFileTest$RegularFileTestRunner" time="0.0"/>
  <testcase name="testEmpty_read_byteArray [KEEP_OR_DELETE_FILES [2, -1]]" classname="com.google.common.jimfs.RegularFileTest$RegularFileTestRunner" time="0.0"/>
  <testcase name="testEmpty_read_singleBuffer [KEEP_OR_DELETE_FILES [2, -1]]" classname="com.google.common.jimfs.RegularFileTest$RegularFileTestRunner" time="0.0"/>
  <testcase name="testEmpty_read_multipleBuffers [KEEP_OR_DELETE_FILES [2, -1]]" classname="com.google.common.jimfs.RegularFileTest$RegularFileTestRunner" time="0.0"/>
  <testcase name="testEmpty_write_partialByteArray_atNonZeroPosition [KEEP_OR_DELETE_FILES [2, -1]]" classname="com.google.common.jimfs.RegularFileTest$RegularFileTestRunner" time="0.0"/>
  <testcase name="testEmpty_write_singleBuffer_atStart [KEEP_OR_DELETE_FILES [2, -1]]" classname="com.google.common.jimfs.RegularFileTest$RegularFileTestRunner" time="0.0"/>
  <testcase name="testEmpty_write_partialByteArray_atStart [KEEP_OR_DELETE_FILES [2, -1]]" classname="com.google.common.jimfs.RegularFileTest$RegularFileTestRunner" time="0.0"/>
  <testcase name="testEmpty_transferFrom_positionGreaterThanSize_countGreaterThanSrcSize [KEEP_OR_DELETE_FILES [2, -1]]" classname="com.google.common.jimfs.RegularFileTest$RegularFileTestRunner" time="0.0"/>
  <testcase name="testEmpty [KEEP_OR_DELETE_FILES [2, -1]]" classname="com.google.common.jimfs.RegularFileTest$RegularFileTestRunner" time="0.0"/>
  <testcase name="testNonEmpty_read_partial_fromStart_multipleBuffers [KEEP_OR_DELETE_FILES [2, -1]]" classname="com.google.common.jimfs.RegularFileTest$RegularFileTestRunner" time="0.0"/>
  <testcase name="testNonEmpty_read_partial_fromMiddle_multipleBuffers [KEEP_OR_DELETE_FILES [2, -1]]" classname="com.google.common.jimfs.RegularFileTest$RegularFileTestRunner" time="0.0"/>
  <testcase name="testNonEmpty_read_partial_fromEnd_multipleBuffers [KEEP_OR_DELETE_FILES [2, -1]]" classname="com.google.common.jimfs.RegularFileTest$RegularFileTestRunner" time="0.0"/>
  <testcase name="testNonEmpty_read_fromPastEnd_byteArray [KEEP_OR_DELETE_FILES [2, -1]]" classname="com.google.common.jimfs.RegularFileTest$RegularFileTestRunner" time="0.0"/>
  <testcase name="testNonEmpty_read_fromPastEnd_singleBuffer [KEEP_OR_DELETE_FILES [2, -1]]" classname="com.google.common.jimfs.RegularFileTest$RegularFileTestRunner" time="0.0"/>
  <testcase name="testNonEmpty_read_fromPastEnd_multipleBuffers [KEEP_OR_DELETE_FILES [2, -1]]" classname="com.google.common.jimfs.RegularFileTest$RegularFileTestRunner" time="0.0"/>
  <testcase name="testNonEmpty_write_partial_fromStart_singleByte [KEEP_OR_DELETE_FILES [2, -1]]" classname="com.google.common.jimfs.RegularFileTest$RegularFileTestRunner" time="0.0"/>
  <testcase name="testNonEmpty_write_partial_fromMiddle_singleByte [KEEP_OR_DELETE_FILES [2, -1]]" classname="com.google.common.jimfs.RegularFileTest$RegularFileTestRunner" time="0.0"/>
  <testcase name="testNonEmpty_write_partial_fromEnd_singleByte [KEEP_OR_DELETE_FILES [2, -1]]" classname="com.google.common.jimfs.RegularFileTest$RegularFileTestRunner" time="0.0"/>
  <testcase name="testNonEmpty_write_partial_fromStart_byteArray [KEEP_OR_DELETE_FILES [2, -1]]" classname="com.google.common.jimfs.RegularFileTest$RegularFileTestRunner" time="0.0"/>
  <testcase name="testNonEmpty_write_partial_fromMiddle_byteArray [KEEP_OR_DELETE_FILES [2, -1]]" classname="com.google.common.jimfs.RegularFileTest$RegularFileTestRunner" time="0.0"/>
  <testcase name="testNonEmpty_write_partial_fromBeforeEnd_byteArray [KEEP_OR_DELETE_FILES [2, -1]]" classname="com.google.common.jimfs.RegularFileTest$RegularFileTestRunner" time="0.0"/>
  <testcase name="testNonEmpty_write_partial_fromEnd_byteArray [KEEP_OR_DELETE_FILES [2, -1]]" classname="com.google.common.jimfs.RegularFileTest$RegularFileTestRunner" time="0.0"/>
  <testcase name="testNonEmpty_write_partial_fromPastEnd_byteArray [KEEP_OR_DELETE_FILES [2, -1]]" classname="com.google.common.jimfs.RegularFileTest$RegularFileTestRunner" time="0.0"/>
  <testcase name="testNonEmpty_write_partial_fromStart_singleBuffer [KEEP_OR_DELETE_FILES [2, -1]]" classname="com.google.common.jimfs.RegularFileTest$RegularFileTestRunner" time="0.0"/>
  <testcase name="testNonEmpty_write_partial_fromMiddle_singleBuffer [KEEP_OR_DELETE_FILES [2, -1]]" classname="com.google.common.jimfs.RegularFileTest$RegularFileTestRunner" time="0.0"/>
  <testcase name="testNonEmpty_write_partial_fromEnd_singleBuffer [KEEP_OR_DELETE_FILES [2, -1]]" classname="com.google.common.jimfs.RegularFileTest$RegularFileTestRunner" time="0.0"/>
  <testcase name="testNonEmpty_write_partial_fromPastEnd_singleBuffer [KEEP_OR_DELETE_FILES [2, -1]]" classname="com.google.common.jimfs.RegularFileTest$RegularFileTestRunner" time="0.0"/>
  <testcase name="testNonEmpty_write_partial_fromStart_multipleBuffers [KEEP_OR_DELETE_FILES [2, -1]]" classname="com.google.common.jimfs.RegularFileTest$RegularFileTestRunner" time="0.0"/>
  <testcase name="testNonEmpty_write_partial_fromMiddle_multipleBuffers [KEEP_OR_DELETE_FILES [2, -1]]" classname="com.google.common.jimfs.RegularFileTest$RegularFileTestRunner" time="0.0"/>
  <testcase name="testNonEmpty_write_partial_fromBeforeEnd_multipleBuffers [KEEP_OR_DELETE_FILES [2, -1]]" classname="com.google.common.jimfs.RegularFileTest$RegularFileTestRunner" time="0.0"/>
  <testcase name="testNonEmpty_write_partial_fromEnd_multipleBuffers [KEEP_OR_DELETE_FILES [2, -1]]" classname="com.google.common.jimfs.RegularFileTest$RegularFileTestRunner" time="0.0"/>
  <testcase name="testNonEmpty_write_partial_fromPastEnd_multipleBuffers [KEEP_OR_DELETE_FILES [2, -1]]" classname="com.google.common.jimfs.RegularFileTest$RegularFileTestRunner" time="0.0"/>
  <testcase name="testNonEmpty_write_overwrite_sameLength [KEEP_OR_DELETE_FILES [2, -1]]" classname="com.google.common.jimfs.RegularFileTest$RegularFileTestRunner" time="0.0"/>
  <testcase name="testNonEmpty_write_overwrite_greaterLength [KEEP_OR_DELETE_FILES [2, -1]]" classname="com.google.common.jimfs.RegularFileTest$RegularFileTestRunner" time="0.0"/>
  <testcase name="testNonEmpty_transferTo_fromStart_countEqualsSize [KEEP_OR_DELETE_FILES [2, -1]]" classname="com.google.common.jimfs.RegularFileTest$RegularFileTestRunner" time="0.0"/>
  <testcase name="testNonEmpty_transferTo_fromStart_countLessThanSize [KEEP_OR_DELETE_FILES [2, -1]]" classname="com.google.common.jimfs.RegularFileTest$RegularFileTestRunner" time="0.0"/>
  <testcase name="testNonEmpty_transferTo_fromMiddle_countEqualsSize [KEEP_OR_DELETE_FILES [2, -1]]" classname="com.google.common.jimfs.RegularFileTest$RegularFileTestRunner" time="0.0"/>
  <testcase name="testNonEmpty_transferTo_fromMiddle_countLessThanSize [KEEP_OR_DELETE_FILES [2, -1]]" classname="com.google.common.jimfs.RegularFileTest$RegularFileTestRunner" time="0.0"/>
  <testcase name="testNonEmpty_transferFrom_toStart_countEqualsSrcSize [KEEP_OR_DELETE_FILES [2, -1]]" classname="com.google.common.jimfs.RegularFileTest$RegularFileTestRunner" time="0.0"/>
  <testcase name="testNonEmpty_transferFrom_toStart_countLessThanSrcSize [KEEP_OR_DELETE_FILES [2, -1]]" classname="com.google.common.jimfs.RegularFileTest$RegularFileTestRunner" time="0.0"/>
  <testcase name="testNonEmpty_transferFrom_toStart_countGreaterThanSrcSize [KEEP_OR_DELETE_FILES [2, -1]]" classname="com.google.common.jimfs.RegularFileTest$RegularFileTestRunner" time="0.001"/>
  <testcase name="testNonEmpty_transferFrom_toMiddle_countEqualsSrcSize [KEEP_OR_DELETE_FILES [2, -1]]" classname="com.google.common.jimfs.RegularFileTest$RegularFileTestRunner" time="0.0"/>
  <testcase name="testNonEmpty_transferFrom_toMiddle_countLessThanSrcSize [KEEP_OR_DELETE_FILES [2, -1]]" classname="com.google.common.jimfs.RegularFileTest$RegularFileTestRunner" time="0.0"/>
  <testcase name="testNonEmpty_transferFrom_toMiddle_countGreaterThanSrcSize [KEEP_OR_DELETE_FILES [2, -1]]" classname="com.google.common.jimfs.RegularFileTest$RegularFileTestRunner" time="0.0"/>
  <testcase name="testNonEmpty_transferFrom_toMiddle_transferGoesBeyondContentSize [KEEP_OR_DELETE_FILES [2, -1]]" classname="com.google.common.jimfs.RegularFileTest$RegularFileTestRunner" time="0.0"/>
  <testcase name="testNonEmpty_transferFrom_toEnd [KEEP_OR_DELETE_FILES [2, -1]]" classname="com.google.common.jimfs.RegularFileTest$RegularFileTestRunner" time="0.0"/>
  <testcase name="testNonEmpty_transferFrom_positionGreaterThanSize [KEEP_OR_DELETE_FILES [2, -1]]" classname="com.google.common.jimfs.RegularFileTest$RegularFileTestRunner" time="0.0"/>
  <testcase name="testNonEmpty_transferFrom_hugeOverestimateCount [KEEP_OR_DELETE_FILES [2, -1]]" classname="com.google.common.jimfs.RegularFileTest$RegularFileTestRunner" time="0.0"/>
  <testcase name="testNonEmpty_copy [KEEP_OR_DELETE_FILES [2, -1]]" classname="com.google.common.jimfs.RegularFileTest$RegularFileTestRunner" time="0.0"/>
  <testcase name="testNonEmpty_copy_multipleTimes [KEEP_OR_DELETE_FILES [2, -1]]" classname="com.google.common.jimfs.RegularFileTest$RegularFileTestRunner" time="0.0"/>
  <testcase name="testNonEmpty_truncate_toZero [KEEP_OR_DELETE_FILES [2, -1]]" classname="com.google.common.jimfs.RegularFileTest$RegularFileTestRunner" time="0.0"/>
  <testcase name="testNonEmpty_truncate_partial [KEEP_OR_DELETE_FILES [2, -1]]" classname="com.google.common.jimfs.RegularFileTest$RegularFileTestRunner" time="0.0"/>
  <testcase name="testNonEmpty_truncate_sizeUp [KEEP_OR_DELETE_FILES [2, -1]]" classname="com.google.common.jimfs.RegularFileTest$RegularFileTestRunner" time="0.0"/>
  <testcase name="testDeletedStoreRemainsUsableWhileOpen [KEEP_OR_DELETE_FILES [2, -1]]" classname="com.google.common.jimfs.RegularFileTest$RegularFileTestRunner" time="0.0"/>
  <testcase name="testEmpty_write_singleByte_atNonZeroPosition [KEEP_OR_DELETE_FILES [8, 0]]" classname="com.google.common.jimfs.RegularFileTest$RegularFileTestRunner" time="0.0"/>
  <testcase name="testNonEmpty_write_partial_fromBeforeEnd_singleBuffer [KEEP_OR_DELETE_FILES [8, 0]]" classname="com.google.common.jimfs.RegularFileTest$RegularFileTestRunner" time="0.0"/>
  <testcase name="testEmpty_transferFrom_positionGreaterThanSize_countLessThanSrcSize [KEEP_OR_DELETE_FILES [8, 0]]" classname="com.google.common.jimfs.RegularFileTest$RegularFileTestRunner" time="0.0"/>
  <testcase name="testEmpty_write_singleByte_atStart [KEEP_OR_DELETE_FILES [8, 0]]" classname="com.google.common.jimfs.RegularFileTest$RegularFileTestRunner" time="0.0"/>
  <testcase name="testEmpty_write_byteArray_atStart [KEEP_OR_DELETE_FILES [8, 0]]" classname="com.google.common.jimfs.RegularFileTest$RegularFileTestRunner" time="0.0"/>
  <testcase name="testEmpty_write_singleBuffer_atNonZeroPosition [KEEP_OR_DELETE_FILES [8, 0]]" classname="com.google.common.jimfs.RegularFileTest$RegularFileTestRunner" time="0.0"/>
  <testcase name="testEmpty_write_multipleBuffers_atNonZeroPosition [KEEP_OR_DELETE_FILES [8, 0]]" classname="com.google.common.jimfs.RegularFileTest$RegularFileTestRunner" time="0.0"/>
  <testcase name="testEmpty_write_noBytesArray_atStart [KEEP_OR_DELETE_FILES [8, 0]]" classname="com.google.common.jimfs.RegularFileTest$RegularFileTestRunner" time="0.0"/>
  <testcase name="testEmpty_write_noBytesArray_atNonZeroPosition [KEEP_OR_DELETE_FILES [8, 0]]" classname="com.google.common.jimfs.RegularFileTest$RegularFileTestRunner" time="0.0"/>
  <testcase name="testEmpty_write_noBytesBuffer_atStart [KEEP_OR_DELETE_FILES [8, 0]]" classname="com.google.common.jimfs.RegularFileTest$RegularFileTestRunner" time="0.0"/>
  <testcase name="testEmpty_write_noBytesBuffer_atNonZeroPosition [KEEP_OR_DELETE_FILES [8, 0]]" classname="com.google.common.jimfs.RegularFileTest$RegularFileTestRunner" time="0.0"/>
  <testcase name="testEmpty_write_noBytesBuffers_atStart [KEEP_OR_DELETE_FILES [8, 0]]" classname="com.google.common.jimfs.RegularFileTest$RegularFileTestRunner" time="0.0"/>
  <testcase name="testEmpty_write_noBytesBuffers_atNonZeroPosition [KEEP_OR_DELETE_FILES [8, 0]]" classname="com.google.common.jimfs.RegularFileTest$RegularFileTestRunner" time="0.0"/>
  <testcase name="testEmpty_transferFrom_fromStart_countEqualsSrcSize [KEEP_OR_DELETE_FILES [8, 0]]" classname="com.google.common.jimfs.RegularFileTest$RegularFileTestRunner" time="0.0"/>
  <testcase name="testEmpty_transferFrom_fromStart_countLessThanSrcSize [KEEP_OR_DELETE_FILES [8, 0]]" classname="com.google.common.jimfs.RegularFileTest$RegularFileTestRunner" time="0.0"/>
  <testcase name="testEmpty_transferFrom_fromStart_countGreaterThanSrcSize [KEEP_OR_DELETE_FILES [8, 0]]" classname="com.google.common.jimfs.RegularFileTest$RegularFileTestRunner" time="0.0"/>
  <testcase name="testEmpty_transferFrom_positionGreaterThanSize [KEEP_OR_DELETE_FILES [8, 0]]" classname="com.google.common.jimfs.RegularFileTest$RegularFileTestRunner" time="0.0"/>
  <testcase name="testEmpty_transferFrom_positionGreaterThanSize_countEqualsSrcSize [KEEP_OR_DELETE_FILES [8, 0]]" classname="com.google.common.jimfs.RegularFileTest$RegularFileTestRunner" time="0.0"/>
  <testcase name="testEmpty_transferFrom_fromStart_noBytes_countEqualsSrcSize [KEEP_OR_DELETE_FILES [8, 0]]" classname="com.google.common.jimfs.RegularFileTest$RegularFileTestRunner" time="0.0"/>
  <testcase name="testEmpty_transferFrom_fromStart_noBytes_countGreaterThanSrcSize [KEEP_OR_DELETE_FILES [8, 0]]" classname="com.google.common.jimfs.RegularFileTest$RegularFileTestRunner" time="0.0"/>
  <testcase name="testEmpty_transferFrom_postionGreaterThanSrcSize_noBytes_countEqualsSrcSize [KEEP_OR_DELETE_FILES [8, 0]]" classname="com.google.common.jimfs.RegularFileTest$RegularFileTestRunner" time="0.0"/>
  <testcase name="testEmpty_transferFrom_postionGreaterThanSrcSize_noBytes_countGreaterThanSrcSize [KEEP_OR_DELETE_FILES [8, 0]]" classname="com.google.common.jimfs.RegularFileTest$RegularFileTestRunner" time="0.0"/>
  <testcase name="testEmpty_transferTo [KEEP_OR_DELETE_FILES [8, 0]]" classname="com.google.common.jimfs.RegularFileTest$RegularFileTestRunner" time="0.0"/>
  <testcase name="testEmpty_copy [KEEP_OR_DELETE_FILES [8, 0]]" classname="com.google.common.jimfs.RegularFileTest$RegularFileTestRunner" time="0.0"/>
  <testcase name="testEmpty_truncate_toZero [KEEP_OR_DELETE_FILES [8, 0]]" classname="com.google.common.jimfs.RegularFileTest$RegularFileTestRunner" time="0.0"/>
  <testcase name="testEmpty_truncate_sizeUp [KEEP_OR_DELETE_FILES [8, 0]]" classname="com.google.common.jimfs.RegularFileTest$RegularFileTestRunner" time="0.0"/>
  <testcase name="testNonEmpty [KEEP_OR_DELETE_FILES [8, 0]]" classname="com.google.common.jimfs.RegularFileTest$RegularFileTestRunner" time="0.0"/>
  <testcase name="testNonEmpty_read_singleByte [KEEP_OR_DELETE_FILES [8, 0]]" classname="com.google.common.jimfs.RegularFileTest$RegularFileTestRunner" time="0.0"/>
  <testcase name="testNonEmpty_read_all_byteArray [KEEP_OR_DELETE_FILES [8, 0]]" classname="com.google.common.jimfs.RegularFileTest$RegularFileTestRunner" time="0.0"/>
  <testcase name="testNonEmpty_read_all_singleBuffer [KEEP_OR_DELETE_FILES [8, 0]]" classname="com.google.common.jimfs.RegularFileTest$RegularFileTestRunner" time="0.0"/>
  <testcase name="testNonEmpty_read_all_multipleBuffers [KEEP_OR_DELETE_FILES [8, 0]]" classname="com.google.common.jimfs.RegularFileTest$RegularFileTestRunner" time="0.001"/>
  <testcase name="testNonEmpty_read_all_byteArray_largerThanContent [KEEP_OR_DELETE_FILES [8, 0]]" classname="com.google.common.jimfs.RegularFileTest$RegularFileTestRunner" time="0.0"/>
  <testcase name="testNonEmpty_read_all_singleBuffer_largerThanContent [KEEP_OR_DELETE_FILES [8, 0]]" classname="com.google.common.jimfs.RegularFileTest$RegularFileTestRunner" time="0.003"/>
  <testcase name="testNonEmpty_read_all_multipleBuffers_largerThanContent [KEEP_OR_DELETE_FILES [8, 0]]" classname="com.google.common.jimfs.RegularFileTest$RegularFileTestRunner" time="0.0"/>
  <testcase name="testNonEmpty_read_all_multipleBuffers_extraBuffers [KEEP_OR_DELETE_FILES [8, 0]]" classname="com.google.common.jimfs.RegularFileTest$RegularFileTestRunner" time="0.0"/>
  <testcase name="testNonEmpty_read_partial_fromStart_byteArray [KEEP_OR_DELETE_FILES [8, 0]]" classname="com.google.common.jimfs.RegularFileTest$RegularFileTestRunner" time="0.0"/>
  <testcase name="testNonEmpty_read_partial_fromMiddle_byteArray [KEEP_OR_DELETE_FILES [8, 0]]" classname="com.google.common.jimfs.RegularFileTest$RegularFileTestRunner" time="0.0"/>
  <testcase name="testNonEmpty_read_partial_fromEnd_byteArray [KEEP_OR_DELETE_FILES [8, 0]]" classname="com.google.common.jimfs.RegularFileTest$RegularFileTestRunner" time="0.0"/>
  <testcase name="testNonEmpty_read_partial_fromStart_singleBuffer [KEEP_OR_DELETE_FILES [8, 0]]" classname="com.google.common.jimfs.RegularFileTest$RegularFileTestRunner" time="0.0"/>
  <testcase name="testNonEmpty_read_partial_fromMiddle_singleBuffer [KEEP_OR_DELETE_FILES [8, 0]]" classname="com.google.common.jimfs.RegularFileTest$RegularFileTestRunner" time="0.0"/>
  <testcase name="testNonEmpty_read_partial_fromEnd_singleBuffer [KEEP_OR_DELETE_FILES [8, 0]]" classname="com.google.common.jimfs.RegularFileTest$RegularFileTestRunner" time="0.0"/>
  <testcase name="testEmpty_write_multipleBuffers_atStart [KEEP_OR_DELETE_FILES [8, 0]]" classname="com.google.common.jimfs.RegularFileTest$RegularFileTestRunner" time="0.0"/>
  <testcase name="testEmpty_write_byteArray_atNonZeroPosition [KEEP_OR_DELETE_FILES [8, 0]]" classname="com.google.common.jimfs.RegularFileTest$RegularFileTestRunner" time="0.0"/>
  <testcase name="testEmpty_read_singleByte [KEEP_OR_DELETE_FILES [8, 0]]" classname="com.google.common.jimfs.RegularFileTest$RegularFileTestRunner" time="0.0"/>
  <testcase name="testEmpty_read_byteArray [KEEP_OR_DELETE_FILES [8, 0]]" classname="com.google.common.jimfs.RegularFileTest$RegularFileTestRunner" time="0.0"/>
  <testcase name="testEmpty_read_singleBuffer [KEEP_OR_DELETE_FILES [8, 0]]" classname="com.google.common.jimfs.RegularFileTest$RegularFileTestRunner" time="0.0"/>
  <testcase name="testEmpty_read_multipleBuffers [KEEP_OR_DELETE_FILES [8, 0]]" classname="com.google.common.jimfs.RegularFileTest$RegularFileTestRunner" time="0.0"/>
  <testcase name="testEmpty_write_partialByteArray_atNonZeroPosition [KEEP_OR_DELETE_FILES [8, 0]]" classname="com.google.common.jimfs.RegularFileTest$RegularFileTestRunner" time="0.0"/>
  <testcase name="testEmpty_write_singleBuffer_atStart [KEEP_OR_DELETE_FILES [8, 0]]" classname="com.google.common.jimfs.RegularFileTest$RegularFileTestRunner" time="0.0"/>
  <testcase name="testEmpty_write_partialByteArray_atStart [KEEP_OR_DELETE_FILES [8, 0]]" classname="com.google.common.jimfs.RegularFileTest$RegularFileTestRunner" time="0.0"/>
  <testcase name="testEmpty_transferFrom_positionGreaterThanSize_countGreaterThanSrcSize [KEEP_OR_DELETE_FILES [8, 0]]" classname="com.google.common.jimfs.RegularFileTest$RegularFileTestRunner" time="0.0"/>
  <testcase name="testEmpty [KEEP_OR_DELETE_FILES [8, 0]]" classname="com.google.common.jimfs.RegularFileTest$RegularFileTestRunner" time="0.0"/>
  <testcase name="testNonEmpty_read_partial_fromStart_multipleBuffers [KEEP_OR_DELETE_FILES [8, 0]]" classname="com.google.common.jimfs.RegularFileTest$RegularFileTestRunner" time="0.0"/>
  <testcase name="testNonEmpty_read_partial_fromMiddle_multipleBuffers [KEEP_OR_DELETE_FILES [8, 0]]" classname="com.google.common.jimfs.RegularFileTest$RegularFileTestRunner" time="0.0"/>
  <testcase name="testNonEmpty_read_partial_fromEnd_multipleBuffers [KEEP_OR_DELETE_FILES [8, 0]]" classname="com.google.common.jimfs.RegularFileTest$RegularFileTestRunner" time="0.0"/>
  <testcase name="testNonEmpty_read_fromPastEnd_byteArray [KEEP_OR_DELETE_FILES [8, 0]]" classname="com.google.common.jimfs.RegularFileTest$RegularFileTestRunner" time="0.0"/>
  <testcase name="testNonEmpty_read_fromPastEnd_singleBuffer [KEEP_OR_DELETE_FILES [8, 0]]" classname="com.google.common.jimfs.RegularFileTest$RegularFileTestRunner" time="0.0"/>
  <testcase name="testNonEmpty_read_fromPastEnd_multipleBuffers [KEEP_OR_DELETE_FILES [8, 0]]" classname="com.google.common.jimfs.RegularFileTest$RegularFileTestRunner" time="0.0"/>
  <testcase name="testNonEmpty_write_partial_fromStart_singleByte [KEEP_OR_DELETE_FILES [8, 0]]" classname="com.google.common.jimfs.RegularFileTest$RegularFileTestRunner" time="0.0"/>
  <testcase name="testNonEmpty_write_partial_fromMiddle_singleByte [KEEP_OR_DELETE_FILES [8, 0]]" classname="com.google.common.jimfs.RegularFileTest$RegularFileTestRunner" time="0.0"/>
  <testcase name="testNonEmpty_write_partial_fromEnd_singleByte [KEEP_OR_DELETE_FILES [8, 0]]" classname="com.google.common.jimfs.RegularFileTest$RegularFileTestRunner" time="0.0"/>
  <testcase name="testNonEmpty_write_partial_fromStart_byteArray [KEEP_OR_DELETE_FILES [8, 0]]" classname="com.google.common.jimfs.RegularFileTest$RegularFileTestRunner" time="0.0"/>
  <testcase name="testNonEmpty_write_partial_fromMiddle_byteArray [KEEP_OR_DELETE_FILES [8, 0]]" classname="com.google.common.jimfs.RegularFileTest$RegularFileTestRunner" time="0.0"/>
  <testcase name="testNonEmpty_write_partial_fromBeforeEnd_byteArray [KEEP_OR_DELETE_FILES [8, 0]]" classname="com.google.common.jimfs.RegularFileTest$RegularFileTestRunner" time="0.0"/>
  <testcase name="testNonEmpty_write_partial_fromEnd_byteArray [KEEP_OR_DELETE_FILES [8, 0]]" classname="com.google.common.jimfs.RegularFileTest$RegularFileTestRunner" time="0.0"/>
  <testcase name="testNonEmpty_write_partial_fromPastEnd_byteArray [KEEP_OR_DELETE_FILES [8, 0]]" classname="com.google.common.jimfs.RegularFileTest$RegularFileTestRunner" time="0.0"/>
  <testcase name="testNonEmpty_write_partial_fromStart_singleBuffer [KEEP_OR_DELETE_FILES [8, 0]]" classname="com.google.common.jimfs.RegularFileTest$RegularFileTestRunner" time="0.0"/>
  <testcase name="testNonEmpty_write_partial_fromMiddle_singleBuffer [KEEP_OR_DELETE_FILES [8, 0]]" classname="com.google.common.jimfs.RegularFileTest$RegularFileTestRunner" time="0.0"/>
  <testcase name="testNonEmpty_write_partial_fromEnd_singleBuffer [KEEP_OR_DELETE_FILES [8, 0]]" classname="com.google.common.jimfs.RegularFileTest$RegularFileTestRunner" time="0.0"/>
  <testcase name="testNonEmpty_write_partial_fromPastEnd_singleBuffer [KEEP_OR_DELETE_FILES [8, 0]]" classname="com.google.common.jimfs.RegularFileTest$RegularFileTestRunner" time="0.0"/>
  <testcase name="testNonEmpty_write_partial_fromStart_multipleBuffers [KEEP_OR_DELETE_FILES [8, 0]]" classname="com.google.common.jimfs.RegularFileTest$RegularFileTestRunner" time="0.0"/>
  <testcase name="testNonEmpty_write_partial_fromMiddle_multipleBuffers [KEEP_OR_DELETE_FILES [8, 0]]" classname="com.google.common.jimfs.RegularFileTest$RegularFileTestRunner" time="0.0"/>
  <testcase name="testNonEmpty_write_partial_fromBeforeEnd_multipleBuffers [KEEP_OR_DELETE_FILES [8, 0]]" classname="com.google.common.jimfs.RegularFileTest$RegularFileTestRunner" time="0.0"/>
  <testcase name="testNonEmpty_write_partial_fromEnd_multipleBuffers [KEEP_OR_DELETE_FILES [8, 0]]" classname="com.google.common.jimfs.RegularFileTest$RegularFileTestRunner" time="0.0"/>
  <testcase name="testNonEmpty_write_partial_fromPastEnd_multipleBuffers [KEEP_OR_DELETE_FILES [8, 0]]" classname="com.google.common.jimfs.RegularFileTest$RegularFileTestRunner" time="0.0"/>
  <testcase name="testNonEmpty_write_overwrite_sameLength [KEEP_OR_DELETE_FILES [8, 0]]" classname="com.google.common.jimfs.RegularFileTest$RegularFileTestRunner" time="0.0"/>
  <testcase name="testNonEmpty_write_overwrite_greaterLength [KEEP_OR_DELETE_FILES [8, 0]]" classname="com.google.common.jimfs.RegularFileTest$RegularFileTestRunner" time="0.0"/>
  <testcase name="testNonEmpty_transferTo_fromStart_countEqualsSize [KEEP_OR_DELETE_FILES [8, 0]]" classname="com.google.common.jimfs.RegularFileTest$RegularFileTestRunner" time="0.0"/>
  <testcase name="testNonEmpty_transferTo_fromStart_countLessThanSize [KEEP_OR_DELETE_FILES [8, 0]]" classname="com.google.common.jimfs.RegularFileTest$RegularFileTestRunner" time="0.0"/>
  <testcase name="testNonEmpty_transferTo_fromMiddle_countEqualsSize [KEEP_OR_DELETE_FILES [8, 0]]" classname="com.google.common.jimfs.RegularFileTest$RegularFileTestRunner" time="0.0"/>
  <testcase name="testNonEmpty_transferTo_fromMiddle_countLessThanSize [KEEP_OR_DELETE_FILES [8, 0]]" classname="com.google.common.jimfs.RegularFileTest$RegularFileTestRunner" time="0.0"/>
  <testcase name="testNonEmpty_transferFrom_toStart_countEqualsSrcSize [KEEP_OR_DELETE_FILES [8, 0]]" classname="com.google.common.jimfs.RegularFileTest$RegularFileTestRunner" time="0.0"/>
  <testcase name="testNonEmpty_transferFrom_toStart_countLessThanSrcSize [KEEP_OR_DELETE_FILES [8, 0]]" classname="com.google.common.jimfs.RegularFileTest$RegularFileTestRunner" time="0.0"/>
  <testcase name="testNonEmpty_transferFrom_toStart_countGreaterThanSrcSize [KEEP_OR_DELETE_FILES [8, 0]]" classname="com.google.common.jimfs.RegularFileTest$RegularFileTestRunner" time="0.0"/>
  <testcase name="testNonEmpty_transferFrom_toMiddle_countEqualsSrcSize [KEEP_OR_DELETE_FILES [8, 0]]" classname="com.google.common.jimfs.RegularFileTest$RegularFileTestRunner" time="0.0"/>
  <testcase name="testNonEmpty_transferFrom_toMiddle_countLessThanSrcSize [KEEP_OR_DELETE_FILES [8, 0]]" classname="com.google.common.jimfs.RegularFileTest$RegularFileTestRunner" time="0.0"/>
  <testcase name="testNonEmpty_transferFrom_toMiddle_countGreaterThanSrcSize [KEEP_OR_DELETE_FILES [8, 0]]" classname="com.google.common.jimfs.RegularFileTest$RegularFileTestRunner" time="0.0"/>
  <testcase name="testNonEmpty_transferFrom_toMiddle_transferGoesBeyondContentSize [KEEP_OR_DELETE_FILES [8, 0]]" classname="com.google.common.jimfs.RegularFileTest$RegularFileTestRunner" time="0.0"/>
  <testcase name="testNonEmpty_transferFrom_toEnd [KEEP_OR_DELETE_FILES [8, 0]]" classname="com.google.common.jimfs.RegularFileTest$RegularFileTestRunner" time="0.0"/>
  <testcase name="testNonEmpty_transferFrom_positionGreaterThanSize [KEEP_OR_DELETE_FILES [8, 0]]" classname="com.google.common.jimfs.RegularFileTest$RegularFileTestRunner" time="0.0"/>
  <testcase name="testNonEmpty_transferFrom_hugeOverestimateCount [KEEP_OR_DELETE_FILES [8, 0]]" classname="com.google.common.jimfs.RegularFileTest$RegularFileTestRunner" time="0.0"/>
  <testcase name="testNonEmpty_copy [KEEP_OR_DELETE_FILES [8, 0]]" classname="com.google.common.jimfs.RegularFileTest$RegularFileTestRunner" time="0.0"/>
  <testcase name="testNonEmpty_copy_multipleTimes [KEEP_OR_DELETE_FILES [8, 0]]" classname="com.google.common.jimfs.RegularFileTest$RegularFileTestRunner" time="0.0"/>
  <testcase name="testNonEmpty_truncate_toZero [KEEP_OR_DELETE_FILES [8, 0]]" classname="com.google.common.jimfs.RegularFileTest$RegularFileTestRunner" time="0.0"/>
  <testcase name="testNonEmpty_truncate_partial [KEEP_OR_DELETE_FILES [8, 0]]" classname="com.google.common.jimfs.RegularFileTest$RegularFileTestRunner" time="0.0"/>
  <testcase name="testNonEmpty_truncate_sizeUp [KEEP_OR_DELETE_FILES [8, 0]]" classname="com.google.common.jimfs.RegularFileTest$RegularFileTestRunner" time="0.0"/>
  <testcase name="testDeletedStoreRemainsUsableWhileOpen [KEEP_OR_DELETE_FILES [8, 0]]" classname="com.google.common.jimfs.RegularFileTest$RegularFileTestRunner" time="0.0"/>
  <testcase name="testEmpty_write_singleByte_atNonZeroPosition [KEEP_OR_DELETE_FILES [8, 16]]" classname="com.google.common.jimfs.RegularFileTest$RegularFileTestRunner" time="0.0"/>
  <testcase name="testNonEmpty_write_partial_fromBeforeEnd_singleBuffer [KEEP_OR_DELETE_FILES [8, 16]]" classname="com.google.common.jimfs.RegularFileTest$RegularFileTestRunner" time="0.0"/>
  <testcase name="testEmpty_transferFrom_positionGreaterThanSize_countLessThanSrcSize [KEEP_OR_DELETE_FILES [8, 16]]" classname="com.google.common.jimfs.RegularFileTest$RegularFileTestRunner" time="0.0"/>
  <testcase name="testEmpty_write_singleByte_atStart [KEEP_OR_DELETE_FILES [8, 16]]" classname="com.google.common.jimfs.RegularFileTest$RegularFileTestRunner" time="0.0"/>
  <testcase name="testEmpty_write_byteArray_atStart [KEEP_OR_DELETE_FILES [8, 16]]" classname="com.google.common.jimfs.RegularFileTest$RegularFileTestRunner" time="0.0"/>
  <testcase name="testEmpty_write_singleBuffer_atNonZeroPosition [KEEP_OR_DELETE_FILES [8, 16]]" classname="com.google.common.jimfs.RegularFileTest$RegularFileTestRunner" time="0.0"/>
  <testcase name="testEmpty_write_multipleBuffers_atNonZeroPosition [KEEP_OR_DELETE_FILES [8, 16]]" classname="com.google.common.jimfs.RegularFileTest$RegularFileTestRunner" time="0.0"/>
  <testcase name="testEmpty_write_noBytesArray_atStart [KEEP_OR_DELETE_FILES [8, 16]]" classname="com.google.common.jimfs.RegularFileTest$RegularFileTestRunner" time="0.0"/>
  <testcase name="testEmpty_write_noBytesArray_atNonZeroPosition [KEEP_OR_DELETE_FILES [8, 16]]" classname="com.google.common.jimfs.RegularFileTest$RegularFileTestRunner" time="0.0"/>
  <testcase name="testEmpty_write_noBytesBuffer_atStart [KEEP_OR_DELETE_FILES [8, 16]]" classname="com.google.common.jimfs.RegularFileTest$RegularFileTestRunner" time="0.0"/>
  <testcase name="testEmpty_write_noBytesBuffer_atNonZeroPosition [KEEP_OR_DELETE_FILES [8, 16]]" classname="com.google.common.jimfs.RegularFileTest$RegularFileTestRunner" time="0.0"/>
  <testcase name="testEmpty_write_noBytesBuffers_atStart [KEEP_OR_DELETE_FILES [8, 16]]" classname="com.google.common.jimfs.RegularFileTest$RegularFileTestRunner" time="0.0"/>
  <testcase name="testEmpty_write_noBytesBuffers_atNonZeroPosition [KEEP_OR_DELETE_FILES [8, 16]]" classname="com.google.common.jimfs.RegularFileTest$RegularFileTestRunner" time="0.0"/>
  <testcase name="testEmpty_transferFrom_fromStart_countEqualsSrcSize [KEEP_OR_DELETE_FILES [8, 16]]" classname="com.google.common.jimfs.RegularFileTest$RegularFileTestRunner" time="0.0"/>
  <testcase name="testEmpty_transferFrom_fromStart_countLessThanSrcSize [KEEP_OR_DELETE_FILES [8, 16]]" classname="com.google.common.jimfs.RegularFileTest$RegularFileTestRunner" time="0.0"/>
  <testcase name="testEmpty_transferFrom_fromStart_countGreaterThanSrcSize [KEEP_OR_DELETE_FILES [8, 16]]" classname="com.google.common.jimfs.RegularFileTest$RegularFileTestRunner" time="0.0"/>
  <testcase name="testEmpty_transferFrom_positionGreaterThanSize [KEEP_OR_DELETE_FILES [8, 16]]" classname="com.google.common.jimfs.RegularFileTest$RegularFileTestRunner" time="0.0"/>
  <testcase name="testEmpty_transferFrom_positionGreaterThanSize_countEqualsSrcSize [KEEP_OR_DELETE_FILES [8, 16]]" classname="com.google.common.jimfs.RegularFileTest$RegularFileTestRunner" time="0.0"/>
  <testcase name="testEmpty_transferFrom_fromStart_noBytes_countEqualsSrcSize [KEEP_OR_DELETE_FILES [8, 16]]" classname="com.google.common.jimfs.RegularFileTest$RegularFileTestRunner" time="0.0"/>
  <testcase name="testEmpty_transferFrom_fromStart_noBytes_countGreaterThanSrcSize [KEEP_OR_DELETE_FILES [8, 16]]" classname="com.google.common.jimfs.RegularFileTest$RegularFileTestRunner" time="0.0"/>
  <testcase name="testEmpty_transferFrom_postionGreaterThanSrcSize_noBytes_countEqualsSrcSize [KEEP_OR_DELETE_FILES [8, 16]]" classname="com.google.common.jimfs.RegularFileTest$RegularFileTestRunner" time="0.0"/>
  <testcase name="testEmpty_transferFrom_postionGreaterThanSrcSize_noBytes_countGreaterThanSrcSize [KEEP_OR_DELETE_FILES [8, 16]]" classname="com.google.common.jimfs.RegularFileTest$RegularFileTestRunner" time="0.0"/>
  <testcase name="testEmpty_transferTo [KEEP_OR_DELETE_FILES [8, 16]]" classname="com.google.common.jimfs.RegularFileTest$RegularFileTestRunner" time="0.0"/>
  <testcase name="testEmpty_copy [KEEP_OR_DELETE_FILES [8, 16]]" classname="com.google.common.jimfs.RegularFileTest$RegularFileTestRunner" time="0.0"/>
  <testcase name="testEmpty_truncate_toZero [KEEP_OR_DELETE_FILES [8, 16]]" classname="com.google.common.jimfs.RegularFileTest$RegularFileTestRunner" time="0.0"/>
  <testcase name="testEmpty_truncate_sizeUp [KEEP_OR_DELETE_FILES [8, 16]]" classname="com.google.common.jimfs.RegularFileTest$RegularFileTestRunner" time="0.0"/>
  <testcase name="testNonEmpty [KEEP_OR_DELETE_FILES [8, 16]]" classname="com.google.common.jimfs.RegularFileTest$RegularFileTestRunner" time="0.0"/>
  <testcase name="testNonEmpty_read_singleByte [KEEP_OR_DELETE_FILES [8, 16]]" classname="com.google.common.jimfs.RegularFileTest$RegularFileTestRunner" time="0.0"/>
  <testcase name="testNonEmpty_read_all_byteArray [KEEP_OR_DELETE_FILES [8, 16]]" classname="com.google.common.jimfs.RegularFileTest$RegularFileTestRunner" time="0.0"/>
  <testcase name="testNonEmpty_read_all_singleBuffer [KEEP_OR_DELETE_FILES [8, 16]]" classname="com.google.common.jimfs.RegularFileTest$RegularFileTestRunner" time="0.0"/>
  <testcase name="testNonEmpty_read_all_multipleBuffers [KEEP_OR_DELETE_FILES [8, 16]]" classname="com.google.common.jimfs.RegularFileTest$RegularFileTestRunner" time="0.0"/>
  <testcase name="testNonEmpty_read_all_byteArray_largerThanContent [KEEP_OR_DELETE_FILES [8, 16]]" classname="com.google.common.jimfs.RegularFileTest$RegularFileTestRunner" time="0.0"/>
  <testcase name="testNonEmpty_read_all_singleBuffer_largerThanContent [KEEP_OR_DELETE_FILES [8, 16]]" classname="com.google.common.jimfs.RegularFileTest$RegularFileTestRunner" time="0.0"/>
  <testcase name="testNonEmpty_read_all_multipleBuffers_largerThanContent [KEEP_OR_DELETE_FILES [8, 16]]" classname="com.google.common.jimfs.RegularFileTest$RegularFileTestRunner" time="0.0"/>
  <testcase name="testNonEmpty_read_all_multipleBuffers_extraBuffers [KEEP_OR_DELETE_FILES [8, 16]]" classname="com.google.common.jimfs.RegularFileTest$RegularFileTestRunner" time="0.0"/>
  <testcase name="testNonEmpty_read_partial_fromStart_byteArray [KEEP_OR_DELETE_FILES [8, 16]]" classname="com.google.common.jimfs.RegularFileTest$RegularFileTestRunner" time="0.0"/>
  <testcase name="testNonEmpty_read_partial_fromMiddle_byteArray [KEEP_OR_DELETE_FILES [8, 16]]" classname="com.google.common.jimfs.RegularFileTest$RegularFileTestRunner" time="0.0"/>
  <testcase name="testNonEmpty_read_partial_fromEnd_byteArray [KEEP_OR_DELETE_FILES [8, 16]]" classname="com.google.common.jimfs.RegularFileTest$RegularFileTestRunner" time="0.0"/>
  <testcase name="testNonEmpty_read_partial_fromStart_singleBuffer [KEEP_OR_DELETE_FILES [8, 16]]" classname="com.google.common.jimfs.RegularFileTest$RegularFileTestRunner" time="0.0"/>
  <testcase name="testNonEmpty_read_partial_fromMiddle_singleBuffer [KEEP_OR_DELETE_FILES [8, 16]]" classname="com.google.common.jimfs.RegularFileTest$RegularFileTestRunner" time="0.0"/>
  <testcase name="testNonEmpty_read_partial_fromEnd_singleBuffer [KEEP_OR_DELETE_FILES [8, 16]]" classname="com.google.common.jimfs.RegularFileTest$RegularFileTestRunner" time="0.0"/>
  <testcase name="testEmpty_write_multipleBuffers_atStart [KEEP_OR_DELETE_FILES [8, 16]]" classname="com.google.common.jimfs.RegularFileTest$RegularFileTestRunner" time="0.0"/>
  <testcase name="testEmpty_write_byteArray_atNonZeroPosition [KEEP_OR_DELETE_FILES [8, 16]]" classname="com.google.common.jimfs.RegularFileTest$RegularFileTestRunner" time="0.0"/>
  <testcase name="testEmpty_read_singleByte [KEEP_OR_DELETE_FILES [8, 16]]" classname="com.google.common.jimfs.RegularFileTest$RegularFileTestRunner" time="0.0"/>
  <testcase name="testEmpty_read_byteArray [KEEP_OR_DELETE_FILES [8, 16]]" classname="com.google.common.jimfs.RegularFileTest$RegularFileTestRunner" time="0.0"/>
  <testcase name="testEmpty_read_singleBuffer [KEEP_OR_DELETE_FILES [8, 16]]" classname="com.google.common.jimfs.RegularFileTest$RegularFileTestRunner" time="0.0"/>
  <testcase name="testEmpty_read_multipleBuffers [KEEP_OR_DELETE_FILES [8, 16]]" classname="com.google.common.jimfs.RegularFileTest$RegularFileTestRunner" time="0.0"/>
  <testcase name="testEmpty_write_partialByteArray_atNonZeroPosition [KEEP_OR_DELETE_FILES [8, 16]]" classname="com.google.common.jimfs.RegularFileTest$RegularFileTestRunner" time="0.0"/>
  <testcase name="testEmpty_write_singleBuffer_atStart [KEEP_OR_DELETE_FILES [8, 16]]" classname="com.google.common.jimfs.RegularFileTest$RegularFileTestRunner" time="0.0"/>
  <testcase name="testEmpty_write_partialByteArray_atStart [KEEP_OR_DELETE_FILES [8, 16]]" classname="com.google.common.jimfs.RegularFileTest$RegularFileTestRunner" time="0.0"/>
  <testcase name="testEmpty_transferFrom_positionGreaterThanSize_countGreaterThanSrcSize [KEEP_OR_DELETE_FILES [8, 16]]" classname="com.google.common.jimfs.RegularFileTest$RegularFileTestRunner" time="0.0"/>
  <testcase name="testEmpty [KEEP_OR_DELETE_FILES [8, 16]]" classname="com.google.common.jimfs.RegularFileTest$RegularFileTestRunner" time="0.0"/>
  <testcase name="testNonEmpty_read_partial_fromStart_multipleBuffers [KEEP_OR_DELETE_FILES [8, 16]]" classname="com.google.common.jimfs.RegularFileTest$RegularFileTestRunner" time="0.0"/>
  <testcase name="testNonEmpty_read_partial_fromMiddle_multipleBuffers [KEEP_OR_DELETE_FILES [8, 16]]" classname="com.google.common.jimfs.RegularFileTest$RegularFileTestRunner" time="0.0"/>
  <testcase name="testNonEmpty_read_partial_fromEnd_multipleBuffers [KEEP_OR_DELETE_FILES [8, 16]]" classname="com.google.common.jimfs.RegularFileTest$RegularFileTestRunner" time="0.0"/>
  <testcase name="testNonEmpty_read_fromPastEnd_byteArray [KEEP_OR_DELETE_FILES [8, 16]]" classname="com.google.common.jimfs.RegularFileTest$RegularFileTestRunner" time="0.0"/>
  <testcase name="testNonEmpty_read_fromPastEnd_singleBuffer [KEEP_OR_DELETE_FILES [8, 16]]" classname="com.google.common.jimfs.RegularFileTest$RegularFileTestRunner" time="0.0"/>
  <testcase name="testNonEmpty_read_fromPastEnd_multipleBuffers [KEEP_OR_DELETE_FILES [8, 16]]" classname="com.google.common.jimfs.RegularFileTest$RegularFileTestRunner" time="0.0"/>
  <testcase name="testNonEmpty_write_partial_fromStart_singleByte [KEEP_OR_DELETE_FILES [8, 16]]" classname="com.google.common.jimfs.RegularFileTest$RegularFileTestRunner" time="0.0"/>
  <testcase name="testNonEmpty_write_partial_fromMiddle_singleByte [KEEP_OR_DELETE_FILES [8, 16]]" classname="com.google.common.jimfs.RegularFileTest$RegularFileTestRunner" time="0.0"/>
  <testcase name="testNonEmpty_write_partial_fromEnd_singleByte [KEEP_OR_DELETE_FILES [8, 16]]" classname="com.google.common.jimfs.RegularFileTest$RegularFileTestRunner" time="0.0"/>
  <testcase name="testNonEmpty_write_partial_fromStart_byteArray [KEEP_OR_DELETE_FILES [8, 16]]" classname="com.google.common.jimfs.RegularFileTest$RegularFileTestRunner" time="0.0"/>
  <testcase name="testNonEmpty_write_partial_fromMiddle_byteArray [KEEP_OR_DELETE_FILES [8, 16]]" classname="com.google.common.jimfs.RegularFileTest$RegularFileTestRunner" time="0.0"/>
  <testcase name="testNonEmpty_write_partial_fromBeforeEnd_byteArray [KEEP_OR_DELETE_FILES [8, 16]]" classname="com.google.common.jimfs.RegularFileTest$RegularFileTestRunner" time="0.0"/>
  <testcase name="testNonEmpty_write_partial_fromEnd_byteArray [KEEP_OR_DELETE_FILES [8, 16]]" classname="com.google.common.jimfs.RegularFileTest$RegularFileTestRunner" time="0.0"/>
  <testcase name="testNonEmpty_write_partial_fromPastEnd_byteArray [KEEP_OR_DELETE_FILES [8, 16]]" classname="com.google.common.jimfs.RegularFileTest$RegularFileTestRunner" time="0.0"/>
  <testcase name="testNonEmpty_write_partial_fromStart_singleBuffer [KEEP_OR_DELETE_FILES [8, 16]]" classname="com.google.common.jimfs.RegularFileTest$RegularFileTestRunner" time="0.0"/>
  <testcase name="testNonEmpty_write_partial_fromMiddle_singleBuffer [KEEP_OR_DELETE_FILES [8, 16]]" classname="com.google.common.jimfs.RegularFileTest$RegularFileTestRunner" time="0.0"/>
  <testcase name="testNonEmpty_write_partial_fromEnd_singleBuffer [KEEP_OR_DELETE_FILES [8, 16]]" classname="com.google.common.jimfs.RegularFileTest$RegularFileTestRunner" time="0.0"/>
  <testcase name="testNonEmpty_write_partial_fromPastEnd_singleBuffer [KEEP_OR_DELETE_FILES [8, 16]]" classname="com.google.common.jimfs.RegularFileTest$RegularFileTestRunner" time="0.0"/>
  <testcase name="testNonEmpty_write_partial_fromStart_multipleBuffers [KEEP_OR_DELETE_FILES [8, 16]]" classname="com.google.common.jimfs.RegularFileTest$RegularFileTestRunner" time="0.0"/>
  <testcase name="testNonEmpty_write_partial_fromMiddle_multipleBuffers [KEEP_OR_DELETE_FILES [8, 16]]" classname="com.google.common.jimfs.RegularFileTest$RegularFileTestRunner" time="0.0"/>
  <testcase name="testNonEmpty_write_partial_fromBeforeEnd_multipleBuffers [KEEP_OR_DELETE_FILES [8, 16]]" classname="com.google.common.jimfs.RegularFileTest$RegularFileTestRunner" time="0.0"/>
  <testcase name="testNonEmpty_write_partial_fromEnd_multipleBuffers [KEEP_OR_DELETE_FILES [8, 16]]" classname="com.google.common.jimfs.RegularFileTest$RegularFileTestRunner" time="0.0"/>
  <testcase name="testNonEmpty_write_partial_fromPastEnd_multipleBuffers [KEEP_OR_DELETE_FILES [8, 16]]" classname="com.google.common.jimfs.RegularFileTest$RegularFileTestRunner" time="0.0"/>
  <testcase name="testNonEmpty_write_overwrite_sameLength [KEEP_OR_DELETE_FILES [8, 16]]" classname="com.google.common.jimfs.RegularFileTest$RegularFileTestRunner" time="0.0"/>
  <testcase name="testNonEmpty_write_overwrite_greaterLength [KEEP_OR_DELETE_FILES [8, 16]]" classname="com.google.common.jimfs.RegularFileTest$RegularFileTestRunner" time="0.0"/>
  <testcase name="testNonEmpty_transferTo_fromStart_countEqualsSize [KEEP_OR_DELETE_FILES [8, 16]]" classname="com.google.common.jimfs.RegularFileTest$RegularFileTestRunner" time="0.0"/>
  <testcase name="testNonEmpty_transferTo_fromStart_countLessThanSize [KEEP_OR_DELETE_FILES [8, 16]]" classname="com.google.common.jimfs.RegularFileTest$RegularFileTestRunner" time="0.0"/>
  <testcase name="testNonEmpty_transferTo_fromMiddle_countEqualsSize [KEEP_OR_DELETE_FILES [8, 16]]" classname="com.google.common.jimfs.RegularFileTest$RegularFileTestRunner" time="0.0"/>
  <testcase name="testNonEmpty_transferTo_fromMiddle_countLessThanSize [KEEP_OR_DELETE_FILES [8, 16]]" classname="com.google.common.jimfs.RegularFileTest$RegularFileTestRunner" time="0.0"/>
  <testcase name="testNonEmpty_transferFrom_toStart_countEqualsSrcSize [KEEP_OR_DELETE_FILES [8, 16]]" classname="com.google.common.jimfs.RegularFileTest$RegularFileTestRunner" time="0.0"/>
  <testcase name="testNonEmpty_transferFrom_toStart_countLessThanSrcSize [KEEP_OR_DELETE_FILES [8, 16]]" classname="com.google.common.jimfs.RegularFileTest$RegularFileTestRunner" time="0.0"/>
  <testcase name="testNonEmpty_transferFrom_toStart_countGreaterThanSrcSize [KEEP_OR_DELETE_FILES [8, 16]]" classname="com.google.common.jimfs.RegularFileTest$RegularFileTestRunner" time="0.0"/>
  <testcase name="testNonEmpty_transferFrom_toMiddle_countEqualsSrcSize [KEEP_OR_DELETE_FILES [8, 16]]" classname="com.google.common.jimfs.RegularFileTest$RegularFileTestRunner" time="0.0"/>
  <testcase name="testNonEmpty_transferFrom_toMiddle_countLessThanSrcSize [KEEP_OR_DELETE_FILES [8, 16]]" classname="com.google.common.jimfs.RegularFileTest$RegularFileTestRunner" time="0.0"/>
  <testcase name="testNonEmpty_transferFrom_toMiddle_countGreaterThanSrcSize [KEEP_OR_DELETE_FILES [8, 16]]" classname="com.google.common.jimfs.RegularFileTest$RegularFileTestRunner" time="0.0"/>
  <testcase name="testNonEmpty_transferFrom_toMiddle_transferGoesBeyondContentSize [KEEP_OR_DELETE_FILES [8, 16]]" classname="com.google.common.jimfs.RegularFileTest$RegularFileTestRunner" time="0.0"/>
  <testcase name="testNonEmpty_transferFrom_toEnd [KEEP_OR_DELETE_FILES [8, 16]]" classname="com.google.common.jimfs.RegularFileTest$RegularFileTestRunner" time="0.0"/>
  <testcase name="testNonEmpty_transferFrom_positionGreaterThanSize [KEEP_OR_DELETE_FILES [8, 16]]" classname="com.google.common.jimfs.RegularFileTest$RegularFileTestRunner" time="0.0"/>
  <testcase name="testNonEmpty_transferFrom_hugeOverestimateCount [KEEP_OR_DELETE_FILES [8, 16]]" classname="com.google.common.jimfs.RegularFileTest$RegularFileTestRunner" time="0.0"/>
  <testcase name="testNonEmpty_copy [KEEP_OR_DELETE_FILES [8, 16]]" classname="com.google.common.jimfs.RegularFileTest$RegularFileTestRunner" time="0.0"/>
  <testcase name="testNonEmpty_copy_multipleTimes [KEEP_OR_DELETE_FILES [8, 16]]" classname="com.google.common.jimfs.RegularFileTest$RegularFileTestRunner" time="0.0"/>
  <testcase name="testNonEmpty_truncate_toZero [KEEP_OR_DELETE_FILES [8, 16]]" classname="com.google.common.jimfs.RegularFileTest$RegularFileTestRunner" time="0.0"/>
  <testcase name="testNonEmpty_truncate_partial [KEEP_OR_DELETE_FILES [8, 16]]" classname="com.google.common.jimfs.RegularFileTest$RegularFileTestRunner" time="0.0"/>
  <testcase name="testNonEmpty_truncate_sizeUp [KEEP_OR_DELETE_FILES [8, 16]]" classname="com.google.common.jimfs.RegularFileTest$RegularFileTestRunner" time="0.0"/>
  <testcase name="testDeletedStoreRemainsUsableWhileOpen [KEEP_OR_DELETE_FILES [8, 16]]" classname="com.google.common.jimfs.RegularFileTest$RegularFileTestRunner" time="0.0"/>
  <testcase name="testEmpty_write_singleByte_atNonZeroPosition [KEEP_OR_DELETE_FILES [8, 128]]" classname="com.google.common.jimfs.RegularFileTest$RegularFileTestRunner" time="0.0"/>
  <testcase name="testNonEmpty_write_partial_fromBeforeEnd_singleBuffer [KEEP_OR_DELETE_FILES [8, 128]]" classname="com.google.common.jimfs.RegularFileTest$RegularFileTestRunner" time="0.0"/>
  <testcase name="testEmpty_transferFrom_positionGreaterThanSize_countLessThanSrcSize [KEEP_OR_DELETE_FILES [8, 128]]" classname="com.google.common.jimfs.RegularFileTest$RegularFileTestRunner" time="0.0"/>
  <testcase name="testEmpty_write_singleByte_atStart [KEEP_OR_DELETE_FILES [8, 128]]" classname="com.google.common.jimfs.RegularFileTest$RegularFileTestRunner" time="0.0"/>
  <testcase name="testEmpty_write_byteArray_atStart [KEEP_OR_DELETE_FILES [8, 128]]" classname="com.google.common.jimfs.RegularFileTest$RegularFileTestRunner" time="0.0"/>
  <testcase name="testEmpty_write_singleBuffer_atNonZeroPosition [KEEP_OR_DELETE_FILES [8, 128]]" classname="com.google.common.jimfs.RegularFileTest$RegularFileTestRunner" time="0.0"/>
  <testcase name="testEmpty_write_multipleBuffers_atNonZeroPosition [KEEP_OR_DELETE_FILES [8, 128]]" classname="com.google.common.jimfs.RegularFileTest$RegularFileTestRunner" time="0.0"/>
  <testcase name="testEmpty_write_noBytesArray_atStart [KEEP_OR_DELETE_FILES [8, 128]]" classname="com.google.common.jimfs.RegularFileTest$RegularFileTestRunner" time="0.0"/>
  <testcase name="testEmpty_write_noBytesArray_atNonZeroPosition [KEEP_OR_DELETE_FILES [8, 128]]" classname="com.google.common.jimfs.RegularFileTest$RegularFileTestRunner" time="0.0"/>
  <testcase name="testEmpty_write_noBytesBuffer_atStart [KEEP_OR_DELETE_FILES [8, 128]]" classname="com.google.common.jimfs.RegularFileTest$RegularFileTestRunner" time="0.0"/>
  <testcase name="testEmpty_write_noBytesBuffer_atNonZeroPosition [KEEP_OR_DELETE_FILES [8, 128]]" classname="com.google.common.jimfs.RegularFileTest$RegularFileTestRunner" time="0.0"/>
  <testcase name="testEmpty_write_noBytesBuffers_atStart [KEEP_OR_DELETE_FILES [8, 128]]" classname="com.google.common.jimfs.RegularFileTest$RegularFileTestRunner" time="0.0"/>
  <testcase name="testEmpty_write_noBytesBuffers_atNonZeroPosition [KEEP_OR_DELETE_FILES [8, 128]]" classname="com.google.common.jimfs.RegularFileTest$RegularFileTestRunner" time="0.0"/>
  <testcase name="testEmpty_transferFrom_fromStart_countEqualsSrcSize [KEEP_OR_DELETE_FILES [8, 128]]" classname="com.google.common.jimfs.RegularFileTest$RegularFileTestRunner" time="0.0"/>
  <testcase name="testEmpty_transferFrom_fromStart_countLessThanSrcSize [KEEP_OR_DELETE_FILES [8, 128]]" classname="com.google.common.jimfs.RegularFileTest$RegularFileTestRunner" time="0.0"/>
  <testcase name="testEmpty_transferFrom_fromStart_countGreaterThanSrcSize [KEEP_OR_DELETE_FILES [8, 128]]" classname="com.google.common.jimfs.RegularFileTest$RegularFileTestRunner" time="0.0"/>
  <testcase name="testEmpty_transferFrom_positionGreaterThanSize [KEEP_OR_DELETE_FILES [8, 128]]" classname="com.google.common.jimfs.RegularFileTest$RegularFileTestRunner" time="0.0"/>
  <testcase name="testEmpty_transferFrom_positionGreaterThanSize_countEqualsSrcSize [KEEP_OR_DELETE_FILES [8, 128]]" classname="com.google.common.jimfs.RegularFileTest$RegularFileTestRunner" time="0.0"/>
  <testcase name="testEmpty_transferFrom_fromStart_noBytes_countEqualsSrcSize [KEEP_OR_DELETE_FILES [8, 128]]" classname="com.google.common.jimfs.RegularFileTest$RegularFileTestRunner" time="0.0"/>
  <testcase name="testEmpty_transferFrom_fromStart_noBytes_countGreaterThanSrcSize [KEEP_OR_DELETE_FILES [8, 128]]" classname="com.google.common.jimfs.RegularFileTest$RegularFileTestRunner" time="0.0"/>
  <testcase name="testEmpty_transferFrom_postionGreaterThanSrcSize_noBytes_countEqualsSrcSize [KEEP_OR_DELETE_FILES [8, 128]]" classname="com.google.common.jimfs.RegularFileTest$RegularFileTestRunner" time="0.0"/>
  <testcase name="testEmpty_transferFrom_postionGreaterThanSrcSize_noBytes_countGreaterThanSrcSize [KEEP_OR_DELETE_FILES [8, 128]]" classname="com.google.common.jimfs.RegularFileTest$RegularFileTestRunner" time="0.0"/>
  <testcase name="testEmpty_transferTo [KEEP_OR_DELETE_FILES [8, 128]]" classname="com.google.common.jimfs.RegularFileTest$RegularFileTestRunner" time="0.0"/>
  <testcase name="testEmpty_copy [KEEP_OR_DELETE_FILES [8, 128]]" classname="com.google.common.jimfs.RegularFileTest$RegularFileTestRunner" time="0.0"/>
  <testcase name="testEmpty_truncate_toZero [KEEP_OR_DELETE_FILES [8, 128]]" classname="com.google.common.jimfs.RegularFileTest$RegularFileTestRunner" time="0.0"/>
  <testcase name="testEmpty_truncate_sizeUp [KEEP_OR_DELETE_FILES [8, 128]]" classname="com.google.common.jimfs.RegularFileTest$RegularFileTestRunner" time="0.0"/>
  <testcase name="testNonEmpty [KEEP_OR_DELETE_FILES [8, 128]]" classname="com.google.common.jimfs.RegularFileTest$RegularFileTestRunner" time="0.0"/>
  <testcase name="testNonEmpty_read_singleByte [KEEP_OR_DELETE_FILES [8, 128]]" classname="com.google.common.jimfs.RegularFileTest$RegularFileTestRunner" time="0.0"/>
  <testcase name="testNonEmpty_read_all_byteArray [KEEP_OR_DELETE_FILES [8, 128]]" classname="com.google.common.jimfs.RegularFileTest$RegularFileTestRunner" time="0.0"/>
  <testcase name="testNonEmpty_read_all_singleBuffer [KEEP_OR_DELETE_FILES [8, 128]]" classname="com.google.common.jimfs.RegularFileTest$RegularFileTestRunner" time="0.0"/>
  <testcase name="testNonEmpty_read_all_multipleBuffers [KEEP_OR_DELETE_FILES [8, 128]]" classname="com.google.common.jimfs.RegularFileTest$RegularFileTestRunner" time="0.0"/>
  <testcase name="testNonEmpty_read_all_byteArray_largerThanContent [KEEP_OR_DELETE_FILES [8, 128]]" classname="com.google.common.jimfs.RegularFileTest$RegularFileTestRunner" time="0.0"/>
  <testcase name="testNonEmpty_read_all_singleBuffer_largerThanContent [KEEP_OR_DELETE_FILES [8, 128]]" classname="com.google.common.jimfs.RegularFileTest$RegularFileTestRunner" time="0.0"/>
  <testcase name="testNonEmpty_read_all_multipleBuffers_largerThanContent [KEEP_OR_DELETE_FILES [8, 128]]" classname="com.google.common.jimfs.RegularFileTest$RegularFileTestRunner" time="0.0"/>
  <testcase name="testNonEmpty_read_all_multipleBuffers_extraBuffers [KEEP_OR_DELETE_FILES [8, 128]]" classname="com.google.common.jimfs.RegularFileTest$RegularFileTestRunner" time="0.0"/>
  <testcase name="testNonEmpty_read_partial_fromStart_byteArray [KEEP_OR_DELETE_FILES [8, 128]]" classname="com.google.common.jimfs.RegularFileTest$RegularFileTestRunner" time="0.0"/>
  <testcase name="testNonEmpty_read_partial_fromMiddle_byteArray [KEEP_OR_DELETE_FILES [8, 128]]" classname="com.google.common.jimfs.RegularFileTest$RegularFileTestRunner" time="0.0"/>
  <testcase name="testNonEmpty_read_partial_fromEnd_byteArray [KEEP_OR_DELETE_FILES [8, 128]]" classname="com.google.common.jimfs.RegularFileTest$RegularFileTestRunner" time="0.0"/>
  <testcase name="testNonEmpty_read_partial_fromStart_singleBuffer [KEEP_OR_DELETE_FILES [8, 128]]" classname="com.google.common.jimfs.RegularFileTest$RegularFileTestRunner" time="0.0"/>
  <testcase name="testNonEmpty_read_partial_fromMiddle_singleBuffer [KEEP_OR_DELETE_FILES [8, 128]]" classname="com.google.common.jimfs.RegularFileTest$RegularFileTestRunner" time="0.0"/>
  <testcase name="testNonEmpty_read_partial_fromEnd_singleBuffer [KEEP_OR_DELETE_FILES [8, 128]]" classname="com.google.common.jimfs.RegularFileTest$RegularFileTestRunner" time="0.0"/>
  <testcase name="testEmpty_write_multipleBuffers_atStart [KEEP_OR_DELETE_FILES [8, 128]]" classname="com.google.common.jimfs.RegularFileTest$RegularFileTestRunner" time="0.0"/>
  <testcase name="testEmpty_write_byteArray_atNonZeroPosition [KEEP_OR_DELETE_FILES [8, 128]]" classname="com.google.common.jimfs.RegularFileTest$RegularFileTestRunner" time="0.0"/>
  <testcase name="testEmpty_read_singleByte [KEEP_OR_DELETE_FILES [8, 128]]" classname="com.google.common.jimfs.RegularFileTest$RegularFileTestRunner" time="0.0"/>
  <testcase name="testEmpty_read_byteArray [KEEP_OR_DELETE_FILES [8, 128]]" classname="com.google.common.jimfs.RegularFileTest$RegularFileTestRunner" time="0.0"/>
  <testcase name="testEmpty_read_singleBuffer [KEEP_OR_DELETE_FILES [8, 128]]" classname="com.google.common.jimfs.RegularFileTest$RegularFileTestRunner" time="0.0"/>
  <testcase name="testEmpty_read_multipleBuffers [KEEP_OR_DELETE_FILES [8, 128]]" classname="com.google.common.jimfs.RegularFileTest$RegularFileTestRunner" time="0.0"/>
  <testcase name="testEmpty_write_partialByteArray_atNonZeroPosition [KEEP_OR_DELETE_FILES [8, 128]]" classname="com.google.common.jimfs.RegularFileTest$RegularFileTestRunner" time="0.0"/>
  <testcase name="testEmpty_write_singleBuffer_atStart [KEEP_OR_DELETE_FILES [8, 128]]" classname="com.google.common.jimfs.RegularFileTest$RegularFileTestRunner" time="0.0"/>
  <testcase name="testEmpty_write_partialByteArray_atStart [KEEP_OR_DELETE_FILES [8, 128]]" classname="com.google.common.jimfs.RegularFileTest$RegularFileTestRunner" time="0.0"/>
  <testcase name="testEmpty_transferFrom_positionGreaterThanSize_countGreaterThanSrcSize [KEEP_OR_DELETE_FILES [8, 128]]" classname="com.google.common.jimfs.RegularFileTest$RegularFileTestRunner" time="0.0"/>
  <testcase name="testEmpty [KEEP_OR_DELETE_FILES [8, 128]]" classname="com.google.common.jimfs.RegularFileTest$RegularFileTestRunner" time="0.0"/>
  <testcase name="testNonEmpty_read_partial_fromStart_multipleBuffers [KEEP_OR_DELETE_FILES [8, 128]]" classname="com.google.common.jimfs.RegularFileTest$RegularFileTestRunner" time="0.0"/>
  <testcase name="testNonEmpty_read_partial_fromMiddle_multipleBuffers [KEEP_OR_DELETE_FILES [8, 128]]" classname="com.google.common.jimfs.RegularFileTest$RegularFileTestRunner" time="0.0"/>
  <testcase name="testNonEmpty_read_partial_fromEnd_multipleBuffers [KEEP_OR_DELETE_FILES [8, 128]]" classname="com.google.common.jimfs.RegularFileTest$RegularFileTestRunner" time="0.0"/>
  <testcase name="testNonEmpty_read_fromPastEnd_byteArray [KEEP_OR_DELETE_FILES [8, 128]]" classname="com.google.common.jimfs.RegularFileTest$RegularFileTestRunner" time="0.0"/>
  <testcase name="testNonEmpty_read_fromPastEnd_singleBuffer [KEEP_OR_DELETE_FILES [8, 128]]" classname="com.google.common.jimfs.RegularFileTest$RegularFileTestRunner" time="0.0"/>
  <testcase name="testNonEmpty_read_fromPastEnd_multipleBuffers [KEEP_OR_DELETE_FILES [8, 128]]" classname="com.google.common.jimfs.RegularFileTest$RegularFileTestRunner" time="0.0"/>
  <testcase name="testNonEmpty_write_partial_fromStart_singleByte [KEEP_OR_DELETE_FILES [8, 128]]" classname="com.google.common.jimfs.RegularFileTest$RegularFileTestRunner" time="0.0"/>
  <testcase name="testNonEmpty_write_partial_fromMiddle_singleByte [KEEP_OR_DELETE_FILES [8, 128]]" classname="com.google.common.jimfs.RegularFileTest$RegularFileTestRunner" time="0.0"/>
  <testcase name="testNonEmpty_write_partial_fromEnd_singleByte [KEEP_OR_DELETE_FILES [8, 128]]" classname="com.google.common.jimfs.RegularFileTest$RegularFileTestRunner" time="0.0"/>
  <testcase name="testNonEmpty_write_partial_fromStart_byteArray [KEEP_OR_DELETE_FILES [8, 128]]" classname="com.google.common.jimfs.RegularFileTest$RegularFileTestRunner" time="0.0"/>
  <testcase name="testNonEmpty_write_partial_fromMiddle_byteArray [KEEP_OR_DELETE_FILES [8, 128]]" classname="com.google.common.jimfs.RegularFileTest$RegularFileTestRunner" time="0.0"/>
  <testcase name="testNonEmpty_write_partial_fromBeforeEnd_byteArray [KEEP_OR_DELETE_FILES [8, 128]]" classname="com.google.common.jimfs.RegularFileTest$RegularFileTestRunner" time="0.0"/>
  <testcase name="testNonEmpty_write_partial_fromEnd_byteArray [KEEP_OR_DELETE_FILES [8, 128]]" classname="com.google.common.jimfs.RegularFileTest$RegularFileTestRunner" time="0.0"/>
  <testcase name="testNonEmpty_write_partial_fromPastEnd_byteArray [KEEP_OR_DELETE_FILES [8, 128]]" classname="com.google.common.jimfs.RegularFileTest$RegularFileTestRunner" time="0.0"/>
  <testcase name="testNonEmpty_write_partial_fromStart_singleBuffer [KEEP_OR_DELETE_FILES [8, 128]]" classname="com.google.common.jimfs.RegularFileTest$RegularFileTestRunner" time="0.0"/>
  <testcase name="testNonEmpty_write_partial_fromMiddle_singleBuffer [KEEP_OR_DELETE_FILES [8, 128]]" classname="com.google.common.jimfs.RegularFileTest$RegularFileTestRunner" time="0.0"/>
  <testcase name="testNonEmpty_write_partial_fromEnd_singleBuffer [KEEP_OR_DELETE_FILES [8, 128]]" classname="com.google.common.jimfs.RegularFileTest$RegularFileTestRunner" time="0.0"/>
  <testcase name="testNonEmpty_write_partial_fromPastEnd_singleBuffer [KEEP_OR_DELETE_FILES [8, 128]]" classname="com.google.common.jimfs.RegularFileTest$RegularFileTestRunner" time="0.0"/>
  <testcase name="testNonEmpty_write_partial_fromStart_multipleBuffers [KEEP_OR_DELETE_FILES [8, 128]]" classname="com.google.common.jimfs.RegularFileTest$RegularFileTestRunner" time="0.0"/>
  <testcase name="testNonEmpty_write_partial_fromMiddle_multipleBuffers [KEEP_OR_DELETE_FILES [8, 128]]" classname="com.google.common.jimfs.RegularFileTest$RegularFileTestRunner" time="0.0"/>
  <testcase name="testNonEmpty_write_partial_fromBeforeEnd_multipleBuffers [KEEP_OR_DELETE_FILES [8, 128]]" classname="com.google.common.jimfs.RegularFileTest$RegularFileTestRunner" time="0.0"/>
  <testcase name="testNonEmpty_write_partial_fromEnd_multipleBuffers [KEEP_OR_DELETE_FILES [8, 128]]" classname="com.google.common.jimfs.RegularFileTest$RegularFileTestRunner" time="0.0"/>
  <testcase name="testNonEmpty_write_partial_fromPastEnd_multipleBuffers [KEEP_OR_DELETE_FILES [8, 128]]" classname="com.google.common.jimfs.RegularFileTest$RegularFileTestRunner" time="0.0"/>
  <testcase name="testNonEmpty_write_overwrite_sameLength [KEEP_OR_DELETE_FILES [8, 128]]" classname="com.google.common.jimfs.RegularFileTest$RegularFileTestRunner" time="0.0"/>
  <testcase name="testNonEmpty_write_overwrite_greaterLength [KEEP_OR_DELETE_FILES [8, 128]]" classname="com.google.common.jimfs.RegularFileTest$RegularFileTestRunner" time="0.0"/>
  <testcase name="testNonEmpty_transferTo_fromStart_countEqualsSize [KEEP_OR_DELETE_FILES [8, 128]]" classname="com.google.common.jimfs.RegularFileTest$RegularFileTestRunner" time="0.0"/>
  <testcase name="testNonEmpty_transferTo_fromStart_countLessThanSize [KEEP_OR_DELETE_FILES [8, 128]]" classname="com.google.common.jimfs.RegularFileTest$RegularFileTestRunner" time="0.0"/>
  <testcase name="testNonEmpty_transferTo_fromMiddle_countEqualsSize [KEEP_OR_DELETE_FILES [8, 128]]" classname="com.google.common.jimfs.RegularFileTest$RegularFileTestRunner" time="0.0"/>
  <testcase name="testNonEmpty_transferTo_fromMiddle_countLessThanSize [KEEP_OR_DELETE_FILES [8, 128]]" classname="com.google.common.jimfs.RegularFileTest$RegularFileTestRunner" time="0.0"/>
  <testcase name="testNonEmpty_transferFrom_toStart_countEqualsSrcSize [KEEP_OR_DELETE_FILES [8, 128]]" classname="com.google.common.jimfs.RegularFileTest$RegularFileTestRunner" time="0.0"/>
  <testcase name="testNonEmpty_transferFrom_toStart_countLessThanSrcSize [KEEP_OR_DELETE_FILES [8, 128]]" classname="com.google.common.jimfs.RegularFileTest$RegularFileTestRunner" time="0.0"/>
  <testcase name="testNonEmpty_transferFrom_toStart_countGreaterThanSrcSize [KEEP_OR_DELETE_FILES [8, 128]]" classname="com.google.common.jimfs.RegularFileTest$RegularFileTestRunner" time="0.0"/>
  <testcase name="testNonEmpty_transferFrom_toMiddle_countEqualsSrcSize [KEEP_OR_DELETE_FILES [8, 128]]" classname="com.google.common.jimfs.RegularFileTest$RegularFileTestRunner" time="0.0"/>
  <testcase name="testNonEmpty_transferFrom_toMiddle_countLessThanSrcSize [KEEP_OR_DELETE_FILES [8, 128]]" classname="com.google.common.jimfs.RegularFileTest$RegularFileTestRunner" time="0.0"/>
  <testcase name="testNonEmpty_transferFrom_toMiddle_countGreaterThanSrcSize [KEEP_OR_DELETE_FILES [8, 128]]" classname="com.google.common.jimfs.RegularFileTest$RegularFileTestRunner" time="0.0"/>
  <testcase name="testNonEmpty_transferFrom_toMiddle_transferGoesBeyondContentSize [KEEP_OR_DELETE_FILES [8, 128]]" classname="com.google.common.jimfs.RegularFileTest$RegularFileTestRunner" time="0.0"/>
  <testcase name="testNonEmpty_transferFrom_toEnd [KEEP_OR_DELETE_FILES [8, 128]]" classname="com.google.common.jimfs.RegularFileTest$RegularFileTestRunner" time="0.0"/>
  <testcase name="testNonEmpty_transferFrom_positionGreaterThanSize [KEEP_OR_DELETE_FILES [8, 128]]" classname="com.google.common.jimfs.RegularFileTest$RegularFileTestRunner" time="0.0"/>
  <testcase name="testNonEmpty_transferFrom_hugeOverestimateCount [KEEP_OR_DELETE_FILES [8, 128]]" classname="com.google.common.jimfs.RegularFileTest$RegularFileTestRunner" time="0.0"/>
  <testcase name="testNonEmpty_copy [KEEP_OR_DELETE_FILES [8, 128]]" classname="com.google.common.jimfs.RegularFileTest$RegularFileTestRunner" time="0.0"/>
  <testcase name="testNonEmpty_copy_multipleTimes [KEEP_OR_DELETE_FILES [8, 128]]" classname="com.google.common.jimfs.RegularFileTest$RegularFileTestRunner" time="0.0"/>
  <testcase name="testNonEmpty_truncate_toZero [KEEP_OR_DELETE_FILES [8, 128]]" classname="com.google.common.jimfs.RegularFileTest$RegularFileTestRunner" time="0.0"/>
  <testcase name="testNonEmpty_truncate_partial [KEEP_OR_DELETE_FILES [8, 128]]" classname="com.google.common.jimfs.RegularFileTest$RegularFileTestRunner" time="0.0"/>
  <testcase name="testNonEmpty_truncate_sizeUp [KEEP_OR_DELETE_FILES [8, 128]]" classname="com.google.common.jimfs.RegularFileTest$RegularFileTestRunner" time="0.0"/>
  <testcase name="testDeletedStoreRemainsUsableWhileOpen [KEEP_OR_DELETE_FILES [8, 128]]" classname="com.google.common.jimfs.RegularFileTest$RegularFileTestRunner" time="0.0"/>
  <testcase name="testEmpty_write_singleByte_atNonZeroPosition [KEEP_OR_DELETE_FILES [8, -1]]" classname="com.google.common.jimfs.RegularFileTest$RegularFileTestRunner" time="0.0"/>
  <testcase name="testNonEmpty_write_partial_fromBeforeEnd_singleBuffer [KEEP_OR_DELETE_FILES [8, -1]]" classname="com.google.common.jimfs.RegularFileTest$RegularFileTestRunner" time="0.0"/>
  <testcase name="testEmpty_transferFrom_positionGreaterThanSize_countLessThanSrcSize [KEEP_OR_DELETE_FILES [8, -1]]" classname="com.google.common.jimfs.RegularFileTest$RegularFileTestRunner" time="0.0"/>
  <testcase name="testEmpty_write_singleByte_atStart [KEEP_OR_DELETE_FILES [8, -1]]" classname="com.google.common.jimfs.RegularFileTest$RegularFileTestRunner" time="0.0"/>
  <testcase name="testEmpty_write_byteArray_atStart [KEEP_OR_DELETE_FILES [8, -1]]" classname="com.google.common.jimfs.RegularFileTest$RegularFileTestRunner" time="0.0"/>
  <testcase name="testEmpty_write_singleBuffer_atNonZeroPosition [KEEP_OR_DELETE_FILES [8, -1]]" classname="com.google.common.jimfs.RegularFileTest$RegularFileTestRunner" time="0.0"/>
  <testcase name="testEmpty_write_multipleBuffers_atNonZeroPosition [KEEP_OR_DELETE_FILES [8, -1]]" classname="com.google.common.jimfs.RegularFileTest$RegularFileTestRunner" time="0.0"/>
  <testcase name="testEmpty_write_noBytesArray_atStart [KEEP_OR_DELETE_FILES [8, -1]]" classname="com.google.common.jimfs.RegularFileTest$RegularFileTestRunner" time="0.0"/>
  <testcase name="testEmpty_write_noBytesArray_atNonZeroPosition [KEEP_OR_DELETE_FILES [8, -1]]" classname="com.google.common.jimfs.RegularFileTest$RegularFileTestRunner" time="0.0"/>
  <testcase name="testEmpty_write_noBytesBuffer_atStart [KEEP_OR_DELETE_FILES [8, -1]]" classname="com.google.common.jimfs.RegularFileTest$RegularFileTestRunner" time="0.0"/>
  <testcase name="testEmpty_write_noBytesBuffer_atNonZeroPosition [KEEP_OR_DELETE_FILES [8, -1]]" classname="com.google.common.jimfs.RegularFileTest$RegularFileTestRunner" time="0.0"/>
  <testcase name="testEmpty_write_noBytesBuffers_atStart [KEEP_OR_DELETE_FILES [8, -1]]" classname="com.google.common.jimfs.RegularFileTest$RegularFileTestRunner" time="0.0"/>
  <testcase name="testEmpty_write_noBytesBuffers_atNonZeroPosition [KEEP_OR_DELETE_FILES [8, -1]]" classname="com.google.common.jimfs.RegularFileTest$RegularFileTestRunner" time="0.0"/>
  <testcase name="testEmpty_transferFrom_fromStart_countEqualsSrcSize [KEEP_OR_DELETE_FILES [8, -1]]" classname="com.google.common.jimfs.RegularFileTest$RegularFileTestRunner" time="0.0"/>
  <testcase name="testEmpty_transferFrom_fromStart_countLessThanSrcSize [KEEP_OR_DELETE_FILES [8, -1]]" classname="com.google.common.jimfs.RegularFileTest$RegularFileTestRunner" time="0.0"/>
  <testcase name="testEmpty_transferFrom_fromStart_countGreaterThanSrcSize [KEEP_OR_DELETE_FILES [8, -1]]" classname="com.google.common.jimfs.RegularFileTest$RegularFileTestRunner" time="0.0"/>
  <testcase name="testEmpty_transferFrom_positionGreaterThanSize [KEEP_OR_DELETE_FILES [8, -1]]" classname="com.google.common.jimfs.RegularFileTest$RegularFileTestRunner" time="0.0"/>
  <testcase name="testEmpty_transferFrom_positionGreaterThanSize_countEqualsSrcSize [KEEP_OR_DELETE_FILES [8, -1]]" classname="com.google.common.jimfs.RegularFileTest$RegularFileTestRunner" time="0.0"/>
  <testcase name="testEmpty_transferFrom_fromStart_noBytes_countEqualsSrcSize [KEEP_OR_DELETE_FILES [8, -1]]" classname="com.google.common.jimfs.RegularFileTest$RegularFileTestRunner" time="0.0"/>
  <testcase name="testEmpty_transferFrom_fromStart_noBytes_countGreaterThanSrcSize [KEEP_OR_DELETE_FILES [8, -1]]" classname="com.google.common.jimfs.RegularFileTest$RegularFileTestRunner" time="0.0"/>
  <testcase name="testEmpty_transferFrom_postionGreaterThanSrcSize_noBytes_countEqualsSrcSize [KEEP_OR_DELETE_FILES [8, -1]]" classname="com.google.common.jimfs.RegularFileTest$RegularFileTestRunner" time="0.0"/>
  <testcase name="testEmpty_transferFrom_postionGreaterThanSrcSize_noBytes_countGreaterThanSrcSize [KEEP_OR_DELETE_FILES [8, -1]]" classname="com.google.common.jimfs.RegularFileTest$RegularFileTestRunner" time="0.0"/>
  <testcase name="testEmpty_transferTo [KEEP_OR_DELETE_FILES [8, -1]]" classname="com.google.common.jimfs.RegularFileTest$RegularFileTestRunner" time="0.0"/>
  <testcase name="testEmpty_copy [KEEP_OR_DELETE_FILES [8, -1]]" classname="com.google.common.jimfs.RegularFileTest$RegularFileTestRunner" time="0.0"/>
  <testcase name="testEmpty_truncate_toZero [KEEP_OR_DELETE_FILES [8, -1]]" classname="com.google.common.jimfs.RegularFileTest$RegularFileTestRunner" time="0.0"/>
  <testcase name="testEmpty_truncate_sizeUp [KEEP_OR_DELETE_FILES [8, -1]]" classname="com.google.common.jimfs.RegularFileTest$RegularFileTestRunner" time="0.0"/>
  <testcase name="testNonEmpty [KEEP_OR_DELETE_FILES [8, -1]]" classname="com.google.common.jimfs.RegularFileTest$RegularFileTestRunner" time="0.0"/>
  <testcase name="testNonEmpty_read_singleByte [KEEP_OR_DELETE_FILES [8, -1]]" classname="com.google.common.jimfs.RegularFileTest$RegularFileTestRunner" time="0.0"/>
  <testcase name="testNonEmpty_read_all_byteArray [KEEP_OR_DELETE_FILES [8, -1]]" classname="com.google.common.jimfs.RegularFileTest$RegularFileTestRunner" time="0.0"/>
  <testcase name="testNonEmpty_read_all_singleBuffer [KEEP_OR_DELETE_FILES [8, -1]]" classname="com.google.common.jimfs.RegularFileTest$RegularFileTestRunner" time="0.0"/>
  <testcase name="testNonEmpty_read_all_multipleBuffers [KEEP_OR_DELETE_FILES [8, -1]]" classname="com.google.common.jimfs.RegularFileTest$RegularFileTestRunner" time="0.0"/>
  <testcase name="testNonEmpty_read_all_byteArray_largerThanContent [KEEP_OR_DELETE_FILES [8, -1]]" classname="com.google.common.jimfs.RegularFileTest$RegularFileTestRunner" time="0.0"/>
  <testcase name="testNonEmpty_read_all_singleBuffer_largerThanContent [KEEP_OR_DELETE_FILES [8, -1]]" classname="com.google.common.jimfs.RegularFileTest$RegularFileTestRunner" time="0.0"/>
  <testcase name="testNonEmpty_read_all_multipleBuffers_largerThanContent [KEEP_OR_DELETE_FILES [8, -1]]" classname="com.google.common.jimfs.RegularFileTest$RegularFileTestRunner" time="0.0"/>
  <testcase name="testNonEmpty_read_all_multipleBuffers_extraBuffers [KEEP_OR_DELETE_FILES [8, -1]]" classname="com.google.common.jimfs.RegularFileTest$RegularFileTestRunner" time="0.0"/>
  <testcase name="testNonEmpty_read_partial_fromStart_byteArray [KEEP_OR_DELETE_FILES [8, -1]]" classname="com.google.common.jimfs.RegularFileTest$RegularFileTestRunner" time="0.0"/>
  <testcase name="testNonEmpty_read_partial_fromMiddle_byteArray [KEEP_OR_DELETE_FILES [8, -1]]" classname="com.google.common.jimfs.RegularFileTest$RegularFileTestRunner" time="0.0"/>
  <testcase name="testNonEmpty_read_partial_fromEnd_byteArray [KEEP_OR_DELETE_FILES [8, -1]]" classname="com.google.common.jimfs.RegularFileTest$RegularFileTestRunner" time="0.0"/>
  <testcase name="testNonEmpty_read_partial_fromStart_singleBuffer [KEEP_OR_DELETE_FILES [8, -1]]" classname="com.google.common.jimfs.RegularFileTest$RegularFileTestRunner" time="0.0"/>
  <testcase name="testNonEmpty_read_partial_fromMiddle_singleBuffer [KEEP_OR_DELETE_FILES [8, -1]]" classname="com.google.common.jimfs.RegularFileTest$RegularFileTestRunner" time="0.0"/>
  <testcase name="testNonEmpty_read_partial_fromEnd_singleBuffer [KEEP_OR_DELETE_FILES [8, -1]]" classname="com.google.common.jimfs.RegularFileTest$RegularFileTestRunner" time="0.0"/>
  <testcase name="testEmpty_write_multipleBuffers_atStart [KEEP_OR_DELETE_FILES [8, -1]]" classname="com.google.common.jimfs.RegularFileTest$RegularFileTestRunner" time="0.0"/>
  <testcase name="testEmpty_write_byteArray_atNonZeroPosition [KEEP_OR_DELETE_FILES [8, -1]]" classname="com.google.common.jimfs.RegularFileTest$RegularFileTestRunner" time="0.0"/>
  <testcase name="testEmpty_read_singleByte [KEEP_OR_DELETE_FILES [8, -1]]" classname="com.google.common.jimfs.RegularFileTest$RegularFileTestRunner" time="0.0"/>
  <testcase name="testEmpty_read_byteArray [KEEP_OR_DELETE_FILES [8, -1]]" classname="com.google.common.jimfs.RegularFileTest$RegularFileTestRunner" time="0.0"/>
  <testcase name="testEmpty_read_singleBuffer [KEEP_OR_DELETE_FILES [8, -1]]" classname="com.google.common.jimfs.RegularFileTest$RegularFileTestRunner" time="0.0"/>
  <testcase name="testEmpty_read_multipleBuffers [KEEP_OR_DELETE_FILES [8, -1]]" classname="com.google.common.jimfs.RegularFileTest$RegularFileTestRunner" time="0.0"/>
  <testcase name="testEmpty_write_partialByteArray_atNonZeroPosition [KEEP_OR_DELETE_FILES [8, -1]]" classname="com.google.common.jimfs.RegularFileTest$RegularFileTestRunner" time="0.0"/>
  <testcase name="testEmpty_write_singleBuffer_atStart [KEEP_OR_DELETE_FILES [8, -1]]" classname="com.google.common.jimfs.RegularFileTest$RegularFileTestRunner" time="0.0"/>
  <testcase name="testEmpty_write_partialByteArray_atStart [KEEP_OR_DELETE_FILES [8, -1]]" classname="com.google.common.jimfs.RegularFileTest$RegularFileTestRunner" time="0.0"/>
  <testcase name="testEmpty_transferFrom_positionGreaterThanSize_countGreaterThanSrcSize [KEEP_OR_DELETE_FILES [8, -1]]" classname="com.google.common.jimfs.RegularFileTest$RegularFileTestRunner" time="0.0"/>
  <testcase name="testEmpty [KEEP_OR_DELETE_FILES [8, -1]]" classname="com.google.common.jimfs.RegularFileTest$RegularFileTestRunner" time="0.0"/>
  <testcase name="testNonEmpty_read_partial_fromStart_multipleBuffers [KEEP_OR_DELETE_FILES [8, -1]]" classname="com.google.common.jimfs.RegularFileTest$RegularFileTestRunner" time="0.0"/>
  <testcase name="testNonEmpty_read_partial_fromMiddle_multipleBuffers [KEEP_OR_DELETE_FILES [8, -1]]" classname="com.google.common.jimfs.RegularFileTest$RegularFileTestRunner" time="0.0"/>
  <testcase name="testNonEmpty_read_partial_fromEnd_multipleBuffers [KEEP_OR_DELETE_FILES [8, -1]]" classname="com.google.common.jimfs.RegularFileTest$RegularFileTestRunner" time="0.0"/>
  <testcase name="testNonEmpty_read_fromPastEnd_byteArray [KEEP_OR_DELETE_FILES [8, -1]]" classname="com.google.common.jimfs.RegularFileTest$RegularFileTestRunner" time="0.0"/>
  <testcase name="testNonEmpty_read_fromPastEnd_singleBuffer [KEEP_OR_DELETE_FILES [8, -1]]" classname="com.google.common.jimfs.RegularFileTest$RegularFileTestRunner" time="0.0"/>
  <testcase name="testNonEmpty_read_fromPastEnd_multipleBuffers [KEEP_OR_DELETE_FILES [8, -1]]" classname="com.google.common.jimfs.RegularFileTest$RegularFileTestRunner" time="0.0"/>
  <testcase name="testNonEmpty_write_partial_fromStart_singleByte [KEEP_OR_DELETE_FILES [8, -1]]" classname="com.google.common.jimfs.RegularFileTest$RegularFileTestRunner" time="0.0"/>
  <testcase name="testNonEmpty_write_partial_fromMiddle_singleByte [KEEP_OR_DELETE_FILES [8, -1]]" classname="com.google.common.jimfs.RegularFileTest$RegularFileTestRunner" time="0.0"/>
  <testcase name="testNonEmpty_write_partial_fromEnd_singleByte [KEEP_OR_DELETE_FILES [8, -1]]" classname="com.google.common.jimfs.RegularFileTest$RegularFileTestRunner" time="0.0"/>
  <testcase name="testNonEmpty_write_partial_fromStart_byteArray [KEEP_OR_DELETE_FILES [8, -1]]" classname="com.google.common.jimfs.RegularFileTest$RegularFileTestRunner" time="0.0"/>
  <testcase name="testNonEmpty_write_partial_fromMiddle_byteArray [KEEP_OR_DELETE_FILES [8, -1]]" classname="com.google.common.jimfs.RegularFileTest$RegularFileTestRunner" time="0.0"/>
  <testcase name="testNonEmpty_write_partial_fromBeforeEnd_byteArray [KEEP_OR_DELETE_FILES [8, -1]]" classname="com.google.common.jimfs.RegularFileTest$RegularFileTestRunner" time="0.0"/>
  <testcase name="testNonEmpty_write_partial_fromEnd_byteArray [KEEP_OR_DELETE_FILES [8, -1]]" classname="com.google.common.jimfs.RegularFileTest$RegularFileTestRunner" time="0.0"/>
  <testcase name="testNonEmpty_write_partial_fromPastEnd_byteArray [KEEP_OR_DELETE_FILES [8, -1]]" classname="com.google.common.jimfs.RegularFileTest$RegularFileTestRunner" time="0.0"/>
  <testcase name="testNonEmpty_write_partial_fromStart_singleBuffer [KEEP_OR_DELETE_FILES [8, -1]]" classname="com.google.common.jimfs.RegularFileTest$RegularFileTestRunner" time="0.0"/>
  <testcase name="testNonEmpty_write_partial_fromMiddle_singleBuffer [KEEP_OR_DELETE_FILES [8, -1]]" classname="com.google.common.jimfs.RegularFileTest$RegularFileTestRunner" time="0.0"/>
  <testcase name="testNonEmpty_write_partial_fromEnd_singleBuffer [KEEP_OR_DELETE_FILES [8, -1]]" classname="com.google.common.jimfs.RegularFileTest$RegularFileTestRunner" time="0.0"/>
  <testcase name="testNonEmpty_write_partial_fromPastEnd_singleBuffer [KEEP_OR_DELETE_FILES [8, -1]]" classname="com.google.common.jimfs.RegularFileTest$RegularFileTestRunner" time="0.0"/>
  <testcase name="testNonEmpty_write_partial_fromStart_multipleBuffers [KEEP_OR_DELETE_FILES [8, -1]]" classname="com.google.common.jimfs.RegularFileTest$RegularFileTestRunner" time="0.0"/>
  <testcase name="testNonEmpty_write_partial_fromMiddle_multipleBuffers [KEEP_OR_DELETE_FILES [8, -1]]" classname="com.google.common.jimfs.RegularFileTest$RegularFileTestRunner" time="0.0"/>
  <testcase name="testNonEmpty_write_partial_fromBeforeEnd_multipleBuffers [KEEP_OR_DELETE_FILES [8, -1]]" classname="com.google.common.jimfs.RegularFileTest$RegularFileTestRunner" time="0.0"/>
  <testcase name="testNonEmpty_write_partial_fromEnd_multipleBuffers [KEEP_OR_DELETE_FILES [8, -1]]" classname="com.google.common.jimfs.RegularFileTest$RegularFileTestRunner" time="0.0"/>
  <testcase name="testNonEmpty_write_partial_fromPastEnd_multipleBuffers [KEEP_OR_DELETE_FILES [8, -1]]" classname="com.google.common.jimfs.RegularFileTest$RegularFileTestRunner" time="0.0"/>
  <testcase name="testNonEmpty_write_overwrite_sameLength [KEEP_OR_DELETE_FILES [8, -1]]" classname="com.google.common.jimfs.RegularFileTest$RegularFileTestRunner" time="0.0"/>
  <testcase name="testNonEmpty_write_overwrite_greaterLength [KEEP_OR_DELETE_FILES [8, -1]]" classname="com.google.common.jimfs.RegularFileTest$RegularFileTestRunner" time="0.0"/>
  <testcase name="testNonEmpty_transferTo_fromStart_countEqualsSize [KEEP_OR_DELETE_FILES [8, -1]]" classname="com.google.common.jimfs.RegularFileTest$RegularFileTestRunner" time="0.0"/>
  <testcase name="testNonEmpty_transferTo_fromStart_countLessThanSize [KEEP_OR_DELETE_FILES [8, -1]]" classname="com.google.common.jimfs.RegularFileTest$RegularFileTestRunner" time="0.0"/>
  <testcase name="testNonEmpty_transferTo_fromMiddle_countEqualsSize [KEEP_OR_DELETE_FILES [8, -1]]" classname="com.google.common.jimfs.RegularFileTest$RegularFileTestRunner" time="0.0"/>
  <testcase name="testNonEmpty_transferTo_fromMiddle_countLessThanSize [KEEP_OR_DELETE_FILES [8, -1]]" classname="com.google.common.jimfs.RegularFileTest$RegularFileTestRunner" time="0.0"/>
  <testcase name="testNonEmpty_transferFrom_toStart_countEqualsSrcSize [KEEP_OR_DELETE_FILES [8, -1]]" classname="com.google.common.jimfs.RegularFileTest$RegularFileTestRunner" time="0.0"/>
  <testcase name="testNonEmpty_transferFrom_toStart_countLessThanSrcSize [KEEP_OR_DELETE_FILES [8, -1]]" classname="com.google.common.jimfs.RegularFileTest$RegularFileTestRunner" time="0.0"/>
  <testcase name="testNonEmpty_transferFrom_toStart_countGreaterThanSrcSize [KEEP_OR_DELETE_FILES [8, -1]]" classname="com.google.common.jimfs.RegularFileTest$RegularFileTestRunner" time="0.0"/>
  <testcase name="testNonEmpty_transferFrom_toMiddle_countEqualsSrcSize [KEEP_OR_DELETE_FILES [8, -1]]" classname="com.google.common.jimfs.RegularFileTest$RegularFileTestRunner" time="0.0"/>
  <testcase name="testNonEmpty_transferFrom_toMiddle_countLessThanSrcSize [KEEP_OR_DELETE_FILES [8, -1]]" classname="com.google.common.jimfs.RegularFileTest$RegularFileTestRunner" time="0.0"/>
  <testcase name="testNonEmpty_transferFrom_toMiddle_countGreaterThanSrcSize [KEEP_OR_DELETE_FILES [8, -1]]" classname="com.google.common.jimfs.RegularFileTest$RegularFileTestRunner" time="0.0"/>
  <testcase name="testNonEmpty_transferFrom_toMiddle_transferGoesBeyondContentSize [KEEP_OR_DELETE_FILES [8, -1]]" classname="com.google.common.jimfs.RegularFileTest$RegularFileTestRunner" time="0.0"/>
  <testcase name="testNonEmpty_transferFrom_toEnd [KEEP_OR_DELETE_FILES [8, -1]]" classname="com.google.common.jimfs.RegularFileTest$RegularFileTestRunner" time="0.0"/>
  <testcase name="testNonEmpty_transferFrom_positionGreaterThanSize [KEEP_OR_DELETE_FILES [8, -1]]" classname="com.google.common.jimfs.RegularFileTest$RegularFileTestRunner" time="0.0"/>
  <testcase name="testNonEmpty_transferFrom_hugeOverestimateCount [KEEP_OR_DELETE_FILES [8, -1]]" classname="com.google.common.jimfs.RegularFileTest$RegularFileTestRunner" time="0.0"/>
  <testcase name="testNonEmpty_copy [KEEP_OR_DELETE_FILES [8, -1]]" classname="com.google.common.jimfs.RegularFileTest$RegularFileTestRunner" time="0.001"/>
  <testcase name="testNonEmpty_copy_multipleTimes [KEEP_OR_DELETE_FILES [8, -1]]" classname="com.google.common.jimfs.RegularFileTest$RegularFileTestRunner" time="0.0"/>
  <testcase name="testNonEmpty_truncate_toZero [KEEP_OR_DELETE_FILES [8, -1]]" classname="com.google.common.jimfs.RegularFileTest$RegularFileTestRunner" time="0.0"/>
  <testcase name="testNonEmpty_truncate_partial [KEEP_OR_DELETE_FILES [8, -1]]" classname="com.google.common.jimfs.RegularFileTest$RegularFileTestRunner" time="0.0"/>
  <testcase name="testNonEmpty_truncate_sizeUp [KEEP_OR_DELETE_FILES [8, -1]]" classname="com.google.common.jimfs.RegularFileTest$RegularFileTestRunner" time="0.0"/>
  <testcase name="testDeletedStoreRemainsUsableWhileOpen [KEEP_OR_DELETE_FILES [8, -1]]" classname="com.google.common.jimfs.RegularFileTest$RegularFileTestRunner" time="0.0"/>
  <testcase name="testEmpty_write_singleByte_atNonZeroPosition [KEEP_OR_DELETE_FILES [128, 0]]" classname="com.google.common.jimfs.RegularFileTest$RegularFileTestRunner" time="0.0"/>
  <testcase name="testNonEmpty_write_partial_fromBeforeEnd_singleBuffer [KEEP_OR_DELETE_FILES [128, 0]]" classname="com.google.common.jimfs.RegularFileTest$RegularFileTestRunner" time="0.0"/>
  <testcase name="testEmpty_transferFrom_positionGreaterThanSize_countLessThanSrcSize [KEEP_OR_DELETE_FILES [128, 0]]" classname="com.google.common.jimfs.RegularFileTest$RegularFileTestRunner" time="0.0"/>
  <testcase name="testEmpty_write_singleByte_atStart [KEEP_OR_DELETE_FILES [128, 0]]" classname="com.google.common.jimfs.RegularFileTest$RegularFileTestRunner" time="0.0"/>
  <testcase name="testEmpty_write_byteArray_atStart [KEEP_OR_DELETE_FILES [128, 0]]" classname="com.google.common.jimfs.RegularFileTest$RegularFileTestRunner" time="0.0"/>
  <testcase name="testEmpty_write_singleBuffer_atNonZeroPosition [KEEP_OR_DELETE_FILES [128, 0]]" classname="com.google.common.jimfs.RegularFileTest$RegularFileTestRunner" time="0.0"/>
  <testcase name="testEmpty_write_multipleBuffers_atNonZeroPosition [KEEP_OR_DELETE_FILES [128, 0]]" classname="com.google.common.jimfs.RegularFileTest$RegularFileTestRunner" time="0.0"/>
  <testcase name="testEmpty_write_noBytesArray_atStart [KEEP_OR_DELETE_FILES [128, 0]]" classname="com.google.common.jimfs.RegularFileTest$RegularFileTestRunner" time="0.0"/>
  <testcase name="testEmpty_write_noBytesArray_atNonZeroPosition [KEEP_OR_DELETE_FILES [128, 0]]" classname="com.google.common.jimfs.RegularFileTest$RegularFileTestRunner" time="0.0"/>
  <testcase name="testEmpty_write_noBytesBuffer_atStart [KEEP_OR_DELETE_FILES [128, 0]]" classname="com.google.common.jimfs.RegularFileTest$RegularFileTestRunner" time="0.0"/>
  <testcase name="testEmpty_write_noBytesBuffer_atNonZeroPosition [KEEP_OR_DELETE_FILES [128, 0]]" classname="com.google.common.jimfs.RegularFileTest$RegularFileTestRunner" time="0.0"/>
  <testcase name="testEmpty_write_noBytesBuffers_atStart [KEEP_OR_DELETE_FILES [128, 0]]" classname="com.google.common.jimfs.RegularFileTest$RegularFileTestRunner" time="0.0"/>
  <testcase name="testEmpty_write_noBytesBuffers_atNonZeroPosition [KEEP_OR_DELETE_FILES [128, 0]]" classname="com.google.common.jimfs.RegularFileTest$RegularFileTestRunner" time="0.0"/>
  <testcase name="testEmpty_transferFrom_fromStart_countEqualsSrcSize [KEEP_OR_DELETE_FILES [128, 0]]" classname="com.google.common.jimfs.RegularFileTest$RegularFileTestRunner" time="0.0"/>
  <testcase name="testEmpty_transferFrom_fromStart_countLessThanSrcSize [KEEP_OR_DELETE_FILES [128, 0]]" classname="com.google.common.jimfs.RegularFileTest$RegularFileTestRunner" time="0.0"/>
  <testcase name="testEmpty_transferFrom_fromStart_countGreaterThanSrcSize [KEEP_OR_DELETE_FILES [128, 0]]" classname="com.google.common.jimfs.RegularFileTest$RegularFileTestRunner" time="0.0"/>
  <testcase name="testEmpty_transferFrom_positionGreaterThanSize [KEEP_OR_DELETE_FILES [128, 0]]" classname="com.google.common.jimfs.RegularFileTest$RegularFileTestRunner" time="0.0"/>
  <testcase name="testEmpty_transferFrom_positionGreaterThanSize_countEqualsSrcSize [KEEP_OR_DELETE_FILES [128, 0]]" classname="com.google.common.jimfs.RegularFileTest$RegularFileTestRunner" time="0.0"/>
  <testcase name="testEmpty_transferFrom_fromStart_noBytes_countEqualsSrcSize [KEEP_OR_DELETE_FILES [128, 0]]" classname="com.google.common.jimfs.RegularFileTest$RegularFileTestRunner" time="0.0"/>
  <testcase name="testEmpty_transferFrom_fromStart_noBytes_countGreaterThanSrcSize [KEEP_OR_DELETE_FILES [128, 0]]" classname="com.google.common.jimfs.RegularFileTest$RegularFileTestRunner" time="0.0"/>
  <testcase name="testEmpty_transferFrom_postionGreaterThanSrcSize_noBytes_countEqualsSrcSize [KEEP_OR_DELETE_FILES [128, 0]]" classname="com.google.common.jimfs.RegularFileTest$RegularFileTestRunner" time="0.0"/>
  <testcase name="testEmpty_transferFrom_postionGreaterThanSrcSize_noBytes_countGreaterThanSrcSize [KEEP_OR_DELETE_FILES [128, 0]]" classname="com.google.common.jimfs.RegularFileTest$RegularFileTestRunner" time="0.0"/>
  <testcase name="testEmpty_transferTo [KEEP_OR_DELETE_FILES [128, 0]]" classname="com.google.common.jimfs.RegularFileTest$RegularFileTestRunner" time="0.0"/>
  <testcase name="testEmpty_copy [KEEP_OR_DELETE_FILES [128, 0]]" classname="com.google.common.jimfs.RegularFileTest$RegularFileTestRunner" time="0.0"/>
  <testcase name="testEmpty_truncate_toZero [KEEP_OR_DELETE_FILES [128, 0]]" classname="com.google.common.jimfs.RegularFileTest$RegularFileTestRunner" time="0.0"/>
  <testcase name="testEmpty_truncate_sizeUp [KEEP_OR_DELETE_FILES [128, 0]]" classname="com.google.common.jimfs.RegularFileTest$RegularFileTestRunner" time="0.0"/>
  <testcase name="testNonEmpty [KEEP_OR_DELETE_FILES [128, 0]]" classname="com.google.common.jimfs.RegularFileTest$RegularFileTestRunner" time="0.0"/>
  <testcase name="testNonEmpty_read_singleByte [KEEP_OR_DELETE_FILES [128, 0]]" classname="com.google.common.jimfs.RegularFileTest$RegularFileTestRunner" time="0.0"/>
  <testcase name="testNonEmpty_read_all_byteArray [KEEP_OR_DELETE_FILES [128, 0]]" classname="com.google.common.jimfs.RegularFileTest$RegularFileTestRunner" time="0.0"/>
  <testcase name="testNonEmpty_read_all_singleBuffer [KEEP_OR_DELETE_FILES [128, 0]]" classname="com.google.common.jimfs.RegularFileTest$RegularFileTestRunner" time="0.0"/>
  <testcase name="testNonEmpty_read_all_multipleBuffers [KEEP_OR_DELETE_FILES [128, 0]]" classname="com.google.common.jimfs.RegularFileTest$RegularFileTestRunner" time="0.0"/>
  <testcase name="testNonEmpty_read_all_byteArray_largerThanContent [KEEP_OR_DELETE_FILES [128, 0]]" classname="com.google.common.jimfs.RegularFileTest$RegularFileTestRunner" time="0.0"/>
  <testcase name="testNonEmpty_read_all_singleBuffer_largerThanContent [KEEP_OR_DELETE_FILES [128, 0]]" classname="com.google.common.jimfs.RegularFileTest$RegularFileTestRunner" time="0.0"/>
  <testcase name="testNonEmpty_read_all_multipleBuffers_largerThanContent [KEEP_OR_DELETE_FILES [128, 0]]" classname="com.google.common.jimfs.RegularFileTest$RegularFileTestRunner" time="0.0"/>
  <testcase name="testNonEmpty_read_all_multipleBuffers_extraBuffers [KEEP_OR_DELETE_FILES [128, 0]]" classname="com.google.common.jimfs.RegularFileTest$RegularFileTestRunner" time="0.0"/>
  <testcase name="testNonEmpty_read_partial_fromStart_byteArray [KEEP_OR_DELETE_FILES [128, 0]]" classname="com.google.common.jimfs.RegularFileTest$RegularFileTestRunner" time="0.0"/>
  <testcase name="testNonEmpty_read_partial_fromMiddle_byteArray [KEEP_OR_DELETE_FILES [128, 0]]" classname="com.google.common.jimfs.RegularFileTest$RegularFileTestRunner" time="0.0"/>
  <testcase name="testNonEmpty_read_partial_fromEnd_byteArray [KEEP_OR_DELETE_FILES [128, 0]]" classname="com.google.common.jimfs.RegularFileTest$RegularFileTestRunner" time="0.0"/>
  <testcase name="testNonEmpty_read_partial_fromStart_singleBuffer [KEEP_OR_DELETE_FILES [128, 0]]" classname="com.google.common.jimfs.RegularFileTest$RegularFileTestRunner" time="0.0"/>
  <testcase name="testNonEmpty_read_partial_fromMiddle_singleBuffer [KEEP_OR_DELETE_FILES [128, 0]]" classname="com.google.common.jimfs.RegularFileTest$RegularFileTestRunner" time="0.0"/>
  <testcase name="testNonEmpty_read_partial_fromEnd_singleBuffer [KEEP_OR_DELETE_FILES [128, 0]]" classname="com.google.common.jimfs.RegularFileTest$RegularFileTestRunner" time="0.0"/>
  <testcase name="testEmpty_write_multipleBuffers_atStart [KEEP_OR_DELETE_FILES [128, 0]]" classname="com.google.common.jimfs.RegularFileTest$RegularFileTestRunner" time="0.0"/>
  <testcase name="testEmpty_write_byteArray_atNonZeroPosition [KEEP_OR_DELETE_FILES [128, 0]]" classname="com.google.common.jimfs.RegularFileTest$RegularFileTestRunner" time="0.0"/>
  <testcase name="testEmpty_read_singleByte [KEEP_OR_DELETE_FILES [128, 0]]" classname="com.google.common.jimfs.RegularFileTest$RegularFileTestRunner" time="0.0"/>
  <testcase name="testEmpty_read_byteArray [KEEP_OR_DELETE_FILES [128, 0]]" classname="com.google.common.jimfs.RegularFileTest$RegularFileTestRunner" time="0.0"/>
  <testcase name="testEmpty_read_singleBuffer [KEEP_OR_DELETE_FILES [128, 0]]" classname="com.google.common.jimfs.RegularFileTest$RegularFileTestRunner" time="0.0"/>
  <testcase name="testEmpty_read_multipleBuffers [KEEP_OR_DELETE_FILES [128, 0]]" classname="com.google.common.jimfs.RegularFileTest$RegularFileTestRunner" time="0.0"/>
  <testcase name="testEmpty_write_partialByteArray_atNonZeroPosition [KEEP_OR_DELETE_FILES [128, 0]]" classname="com.google.common.jimfs.RegularFileTest$RegularFileTestRunner" time="0.0"/>
  <testcase name="testEmpty_write_singleBuffer_atStart [KEEP_OR_DELETE_FILES [128, 0]]" classname="com.google.common.jimfs.RegularFileTest$RegularFileTestRunner" time="0.0"/>
  <testcase name="testEmpty_write_partialByteArray_atStart [KEEP_OR_DELETE_FILES [128, 0]]" classname="com.google.common.jimfs.RegularFileTest$RegularFileTestRunner" time="0.0"/>
  <testcase name="testEmpty_transferFrom_positionGreaterThanSize_countGreaterThanSrcSize [KEEP_OR_DELETE_FILES [128, 0]]" classname="com.google.common.jimfs.RegularFileTest$RegularFileTestRunner" time="0.0"/>
  <testcase name="testEmpty [KEEP_OR_DELETE_FILES [128, 0]]" classname="com.google.common.jimfs.RegularFileTest$RegularFileTestRunner" time="0.0"/>
  <testcase name="testNonEmpty_read_partial_fromStart_multipleBuffers [KEEP_OR_DELETE_FILES [128, 0]]" classname="com.google.common.jimfs.RegularFileTest$RegularFileTestRunner" time="0.0"/>
  <testcase name="testNonEmpty_read_partial_fromMiddle_multipleBuffers [KEEP_OR_DELETE_FILES [128, 0]]" classname="com.google.common.jimfs.RegularFileTest$RegularFileTestRunner" time="0.0"/>
  <testcase name="testNonEmpty_read_partial_fromEnd_multipleBuffers [KEEP_OR_DELETE_FILES [128, 0]]" classname="com.google.common.jimfs.RegularFileTest$RegularFileTestRunner" time="0.0"/>
  <testcase name="testNonEmpty_read_fromPastEnd_byteArray [KEEP_OR_DELETE_FILES [128, 0]]" classname="com.google.common.jimfs.RegularFileTest$RegularFileTestRunner" time="0.0"/>
  <testcase name="testNonEmpty_read_fromPastEnd_singleBuffer [KEEP_OR_DELETE_FILES [128, 0]]" classname="com.google.common.jimfs.RegularFileTest$RegularFileTestRunner" time="0.0"/>
  <testcase name="testNonEmpty_read_fromPastEnd_multipleBuffers [KEEP_OR_DELETE_FILES [128, 0]]" classname="com.google.common.jimfs.RegularFileTest$RegularFileTestRunner" time="0.0"/>
  <testcase name="testNonEmpty_write_partial_fromStart_singleByte [KEEP_OR_DELETE_FILES [128, 0]]" classname="com.google.common.jimfs.RegularFileTest$RegularFileTestRunner" time="0.0"/>
  <testcase name="testNonEmpty_write_partial_fromMiddle_singleByte [KEEP_OR_DELETE_FILES [128, 0]]" classname="com.google.common.jimfs.RegularFileTest$RegularFileTestRunner" time="0.0"/>
  <testcase name="testNonEmpty_write_partial_fromEnd_singleByte [KEEP_OR_DELETE_FILES [128, 0]]" classname="com.google.common.jimfs.RegularFileTest$RegularFileTestRunner" time="0.0"/>
  <testcase name="testNonEmpty_write_partial_fromStart_byteArray [KEEP_OR_DELETE_FILES [128, 0]]" classname="com.google.common.jimfs.RegularFileTest$RegularFileTestRunner" time="0.0"/>
  <testcase name="testNonEmpty_write_partial_fromMiddle_byteArray [KEEP_OR_DELETE_FILES [128, 0]]" classname="com.google.common.jimfs.RegularFileTest$RegularFileTestRunner" time="0.0"/>
  <testcase name="testNonEmpty_write_partial_fromBeforeEnd_byteArray [KEEP_OR_DELETE_FILES [128, 0]]" classname="com.google.common.jimfs.RegularFileTest$RegularFileTestRunner" time="0.0"/>
  <testcase name="testNonEmpty_write_partial_fromEnd_byteArray [KEEP_OR_DELETE_FILES [128, 0]]" classname="com.google.common.jimfs.RegularFileTest$RegularFileTestRunner" time="0.0"/>
  <testcase name="testNonEmpty_write_partial_fromPastEnd_byteArray [KEEP_OR_DELETE_FILES [128, 0]]" classname="com.google.common.jimfs.RegularFileTest$RegularFileTestRunner" time="0.0"/>
  <testcase name="testNonEmpty_write_partial_fromStart_singleBuffer [KEEP_OR_DELETE_FILES [128, 0]]" classname="com.google.common.jimfs.RegularFileTest$RegularFileTestRunner" time="0.0"/>
  <testcase name="testNonEmpty_write_partial_fromMiddle_singleBuffer [KEEP_OR_DELETE_FILES [128, 0]]" classname="com.google.common.jimfs.RegularFileTest$RegularFileTestRunner" time="0.0"/>
  <testcase name="testNonEmpty_write_partial_fromEnd_singleBuffer [KEEP_OR_DELETE_FILES [128, 0]]" classname="com.google.common.jimfs.RegularFileTest$RegularFileTestRunner" time="0.0"/>
  <testcase name="testNonEmpty_write_partial_fromPastEnd_singleBuffer [KEEP_OR_DELETE_FILES [128, 0]]" classname="com.google.common.jimfs.RegularFileTest$RegularFileTestRunner" time="0.0"/>
  <testcase name="testNonEmpty_write_partial_fromStart_multipleBuffers [KEEP_OR_DELETE_FILES [128, 0]]" classname="com.google.common.jimfs.RegularFileTest$RegularFileTestRunner" time="0.0"/>
  <testcase name="testNonEmpty_write_partial_fromMiddle_multipleBuffers [KEEP_OR_DELETE_FILES [128, 0]]" classname="com.google.common.jimfs.RegularFileTest$RegularFileTestRunner" time="0.0"/>
  <testcase name="testNonEmpty_write_partial_fromBeforeEnd_multipleBuffers [KEEP_OR_DELETE_FILES [128, 0]]" classname="com.google.common.jimfs.RegularFileTest$RegularFileTestRunner" time="0.0"/>
  <testcase name="testNonEmpty_write_partial_fromEnd_multipleBuffers [KEEP_OR_DELETE_FILES [128, 0]]" classname="com.google.common.jimfs.RegularFileTest$RegularFileTestRunner" time="0.0"/>
  <testcase name="testNonEmpty_write_partial_fromPastEnd_multipleBuffers [KEEP_OR_DELETE_FILES [128, 0]]" classname="com.google.common.jimfs.RegularFileTest$RegularFileTestRunner" time="0.0"/>
  <testcase name="testNonEmpty_write_overwrite_sameLength [KEEP_OR_DELETE_FILES [128, 0]]" classname="com.google.common.jimfs.RegularFileTest$RegularFileTestRunner" time="0.0"/>
  <testcase name="testNonEmpty_write_overwrite_greaterLength [KEEP_OR_DELETE_FILES [128, 0]]" classname="com.google.common.jimfs.RegularFileTest$RegularFileTestRunner" time="0.0"/>
  <testcase name="testNonEmpty_transferTo_fromStart_countEqualsSize [KEEP_OR_DELETE_FILES [128, 0]]" classname="com.google.common.jimfs.RegularFileTest$RegularFileTestRunner" time="0.0"/>
  <testcase name="testNonEmpty_transferTo_fromStart_countLessThanSize [KEEP_OR_DELETE_FILES [128, 0]]" classname="com.google.common.jimfs.RegularFileTest$RegularFileTestRunner" time="0.0"/>
  <testcase name="testNonEmpty_transferTo_fromMiddle_countEqualsSize [KEEP_OR_DELETE_FILES [128, 0]]" classname="com.google.common.jimfs.RegularFileTest$RegularFileTestRunner" time="0.0"/>
  <testcase name="testNonEmpty_transferTo_fromMiddle_countLessThanSize [KEEP_OR_DELETE_FILES [128, 0]]" classname="com.google.common.jimfs.RegularFileTest$RegularFileTestRunner" time="0.0"/>
  <testcase name="testNonEmpty_transferFrom_toStart_countEqualsSrcSize [KEEP_OR_DELETE_FILES [128, 0]]" classname="com.google.common.jimfs.RegularFileTest$RegularFileTestRunner" time="0.0"/>
  <testcase name="testNonEmpty_transferFrom_toStart_countLessThanSrcSize [KEEP_OR_DELETE_FILES [128, 0]]" classname="com.google.common.jimfs.RegularFileTest$RegularFileTestRunner" time="0.0"/>
  <testcase name="testNonEmpty_transferFrom_toStart_countGreaterThanSrcSize [KEEP_OR_DELETE_FILES [128, 0]]" classname="com.google.common.jimfs.RegularFileTest$RegularFileTestRunner" time="0.0"/>
  <testcase name="testNonEmpty_transferFrom_toMiddle_countEqualsSrcSize [KEEP_OR_DELETE_FILES [128, 0]]" classname="com.google.common.jimfs.RegularFileTest$RegularFileTestRunner" time="0.0"/>
  <testcase name="testNonEmpty_transferFrom_toMiddle_countLessThanSrcSize [KEEP_OR_DELETE_FILES [128, 0]]" classname="com.google.common.jimfs.RegularFileTest$RegularFileTestRunner" time="0.0"/>
  <testcase name="testNonEmpty_transferFrom_toMiddle_countGreaterThanSrcSize [KEEP_OR_DELETE_FILES [128, 0]]" classname="com.google.common.jimfs.RegularFileTest$RegularFileTestRunner" time="0.0"/>
  <testcase name="testNonEmpty_transferFrom_toMiddle_transferGoesBeyondContentSize [KEEP_OR_DELETE_FILES [128, 0]]" classname="com.google.common.jimfs.RegularFileTest$RegularFileTestRunner" time="0.0"/>
  <testcase name="testNonEmpty_transferFrom_toEnd [KEEP_OR_DELETE_FILES [128, 0]]" classname="com.google.common.jimfs.RegularFileTest$RegularFileTestRunner" time="0.0"/>
  <testcase name="testNonEmpty_transferFrom_positionGreaterThanSize [KEEP_OR_DELETE_FILES [128, 0]]" classname="com.google.common.jimfs.RegularFileTest$RegularFileTestRunner" time="0.0"/>
  <testcase name="testNonEmpty_transferFrom_hugeOverestimateCount [KEEP_OR_DELETE_FILES [128, 0]]" classname="com.google.common.jimfs.RegularFileTest$RegularFileTestRunner" time="0.0"/>
  <testcase name="testNonEmpty_copy [KEEP_OR_DELETE_FILES [128, 0]]" classname="com.google.common.jimfs.RegularFileTest$RegularFileTestRunner" time="0.0"/>
  <testcase name="testNonEmpty_copy_multipleTimes [KEEP_OR_DELETE_FILES [128, 0]]" classname="com.google.common.jimfs.RegularFileTest$RegularFileTestRunner" time="0.0"/>
  <testcase name="testNonEmpty_truncate_toZero [KEEP_OR_DELETE_FILES [128, 0]]" classname="com.google.common.jimfs.RegularFileTest$RegularFileTestRunner" time="0.0"/>
  <testcase name="testNonEmpty_truncate_partial [KEEP_OR_DELETE_FILES [128, 0]]" classname="com.google.common.jimfs.RegularFileTest$RegularFileTestRunner" time="0.0"/>
  <testcase name="testNonEmpty_truncate_sizeUp [KEEP_OR_DELETE_FILES [128, 0]]" classname="com.google.common.jimfs.RegularFileTest$RegularFileTestRunner" time="0.0"/>
  <testcase name="testDeletedStoreRemainsUsableWhileOpen [KEEP_OR_DELETE_FILES [128, 0]]" classname="com.google.common.jimfs.RegularFileTest$RegularFileTestRunner" time="0.0"/>
  <testcase name="testEmpty_write_singleByte_atNonZeroPosition [KEEP_OR_DELETE_FILES [128, 128]]" classname="com.google.common.jimfs.RegularFileTest$RegularFileTestRunner" time="0.0"/>
  <testcase name="testNonEmpty_write_partial_fromBeforeEnd_singleBuffer [KEEP_OR_DELETE_FILES [128, 128]]" classname="com.google.common.jimfs.RegularFileTest$RegularFileTestRunner" time="0.0"/>
  <testcase name="testEmpty_transferFrom_positionGreaterThanSize_countLessThanSrcSize [KEEP_OR_DELETE_FILES [128, 128]]" classname="com.google.common.jimfs.RegularFileTest$RegularFileTestRunner" time="0.0"/>
  <testcase name="testEmpty_write_singleByte_atStart [KEEP_OR_DELETE_FILES [128, 128]]" classname="com.google.common.jimfs.RegularFileTest$RegularFileTestRunner" time="0.0"/>
  <testcase name="testEmpty_write_byteArray_atStart [KEEP_OR_DELETE_FILES [128, 128]]" classname="com.google.common.jimfs.RegularFileTest$RegularFileTestRunner" time="0.0"/>
  <testcase name="testEmpty_write_singleBuffer_atNonZeroPosition [KEEP_OR_DELETE_FILES [128, 128]]" classname="com.google.common.jimfs.RegularFileTest$RegularFileTestRunner" time="0.0"/>
  <testcase name="testEmpty_write_multipleBuffers_atNonZeroPosition [KEEP_OR_DELETE_FILES [128, 128]]" classname="com.google.common.jimfs.RegularFileTest$RegularFileTestRunner" time="0.0"/>
  <testcase name="testEmpty_write_noBytesArray_atStart [KEEP_OR_DELETE_FILES [128, 128]]" classname="com.google.common.jimfs.RegularFileTest$RegularFileTestRunner" time="0.0"/>
  <testcase name="testEmpty_write_noBytesArray_atNonZeroPosition [KEEP_OR_DELETE_FILES [128, 128]]" classname="com.google.common.jimfs.RegularFileTest$RegularFileTestRunner" time="0.0"/>
  <testcase name="testEmpty_write_noBytesBuffer_atStart [KEEP_OR_DELETE_FILES [128, 128]]" classname="com.google.common.jimfs.RegularFileTest$RegularFileTestRunner" time="0.0"/>
  <testcase name="testEmpty_write_noBytesBuffer_atNonZeroPosition [KEEP_OR_DELETE_FILES [128, 128]]" classname="com.google.common.jimfs.RegularFileTest$RegularFileTestRunner" time="0.0"/>
  <testcase name="testEmpty_write_noBytesBuffers_atStart [KEEP_OR_DELETE_FILES [128, 128]]" classname="com.google.common.jimfs.RegularFileTest$RegularFileTestRunner" time="0.0"/>
  <testcase name="testEmpty_write_noBytesBuffers_atNonZeroPosition [KEEP_OR_DELETE_FILES [128, 128]]" classname="com.google.common.jimfs.RegularFileTest$RegularFileTestRunner" time="0.0"/>
  <testcase name="testEmpty_transferFrom_fromStart_countEqualsSrcSize [KEEP_OR_DELETE_FILES [128, 128]]" classname="com.google.common.jimfs.RegularFileTest$RegularFileTestRunner" time="0.0"/>
  <testcase name="testEmpty_transferFrom_fromStart_countLessThanSrcSize [KEEP_OR_DELETE_FILES [128, 128]]" classname="com.google.common.jimfs.RegularFileTest$RegularFileTestRunner" time="0.0"/>
  <testcase name="testEmpty_transferFrom_fromStart_countGreaterThanSrcSize [KEEP_OR_DELETE_FILES [128, 128]]" classname="com.google.common.jimfs.RegularFileTest$RegularFileTestRunner" time="0.0"/>
  <testcase name="testEmpty_transferFrom_positionGreaterThanSize [KEEP_OR_DELETE_FILES [128, 128]]" classname="com.google.common.jimfs.RegularFileTest$RegularFileTestRunner" time="0.0"/>
  <testcase name="testEmpty_transferFrom_positionGreaterThanSize_countEqualsSrcSize [KEEP_OR_DELETE_FILES [128, 128]]" classname="com.google.common.jimfs.RegularFileTest$RegularFileTestRunner" time="0.0"/>
  <testcase name="testEmpty_transferFrom_fromStart_noBytes_countEqualsSrcSize [KEEP_OR_DELETE_FILES [128, 128]]" classname="com.google.common.jimfs.RegularFileTest$RegularFileTestRunner" time="0.0"/>
  <testcase name="testEmpty_transferFrom_fromStart_noBytes_countGreaterThanSrcSize [KEEP_OR_DELETE_FILES [128, 128]]" classname="com.google.common.jimfs.RegularFileTest$RegularFileTestRunner" time="0.0"/>
  <testcase name="testEmpty_transferFrom_postionGreaterThanSrcSize_noBytes_countEqualsSrcSize [KEEP_OR_DELETE_FILES [128, 128]]" classname="com.google.common.jimfs.RegularFileTest$RegularFileTestRunner" time="0.0"/>
  <testcase name="testEmpty_transferFrom_postionGreaterThanSrcSize_noBytes_countGreaterThanSrcSize [KEEP_OR_DELETE_FILES [128, 128]]" classname="com.google.common.jimfs.RegularFileTest$RegularFileTestRunner" time="0.0"/>
  <testcase name="testEmpty_transferTo [KEEP_OR_DELETE_FILES [128, 128]]" classname="com.google.common.jimfs.RegularFileTest$RegularFileTestRunner" time="0.0"/>
  <testcase name="testEmpty_copy [KEEP_OR_DELETE_FILES [128, 128]]" classname="com.google.common.jimfs.RegularFileTest$RegularFileTestRunner" time="0.0"/>
  <testcase name="testEmpty_truncate_toZero [KEEP_OR_DELETE_FILES [128, 128]]" classname="com.google.common.jimfs.RegularFileTest$RegularFileTestRunner" time="0.0"/>
  <testcase name="testEmpty_truncate_sizeUp [KEEP_OR_DELETE_FILES [128, 128]]" classname="com.google.common.jimfs.RegularFileTest$RegularFileTestRunner" time="0.0"/>
  <testcase name="testNonEmpty [KEEP_OR_DELETE_FILES [128, 128]]" classname="com.google.common.jimfs.RegularFileTest$RegularFileTestRunner" time="0.0"/>
  <testcase name="testNonEmpty_read_singleByte [KEEP_OR_DELETE_FILES [128, 128]]" classname="com.google.common.jimfs.RegularFileTest$RegularFileTestRunner" time="0.001"/>
  <testcase name="testNonEmpty_read_all_byteArray [KEEP_OR_DELETE_FILES [128, 128]]" classname="com.google.common.jimfs.RegularFileTest$RegularFileTestRunner" time="0.0"/>
  <testcase name="testNonEmpty_read_all_singleBuffer [KEEP_OR_DELETE_FILES [128, 128]]" classname="com.google.common.jimfs.RegularFileTest$RegularFileTestRunner" time="0.0"/>
  <testcase name="testNonEmpty_read_all_multipleBuffers [KEEP_OR_DELETE_FILES [128, 128]]" classname="com.google.common.jimfs.RegularFileTest$RegularFileTestRunner" time="0.0"/>
  <testcase name="testNonEmpty_read_all_byteArray_largerThanContent [KEEP_OR_DELETE_FILES [128, 128]]" classname="com.google.common.jimfs.RegularFileTest$RegularFileTestRunner" time="0.0"/>
  <testcase name="testNonEmpty_read_all_singleBuffer_largerThanContent [KEEP_OR_DELETE_FILES [128, 128]]" classname="com.google.common.jimfs.RegularFileTest$RegularFileTestRunner" time="0.0"/>
  <testcase name="testNonEmpty_read_all_multipleBuffers_largerThanContent [KEEP_OR_DELETE_FILES [128, 128]]" classname="com.google.common.jimfs.RegularFileTest$RegularFileTestRunner" time="0.0"/>
  <testcase name="testNonEmpty_read_all_multipleBuffers_extraBuffers [KEEP_OR_DELETE_FILES [128, 128]]" classname="com.google.common.jimfs.RegularFileTest$RegularFileTestRunner" time="0.0"/>
  <testcase name="testNonEmpty_read_partial_fromStart_byteArray [KEEP_OR_DELETE_FILES [128, 128]]" classname="com.google.common.jimfs.RegularFileTest$RegularFileTestRunner" time="0.0"/>
  <testcase name="testNonEmpty_read_partial_fromMiddle_byteArray [KEEP_OR_DELETE_FILES [128, 128]]" classname="com.google.common.jimfs.RegularFileTest$RegularFileTestRunner" time="0.0"/>
  <testcase name="testNonEmpty_read_partial_fromEnd_byteArray [KEEP_OR_DELETE_FILES [128, 128]]" classname="com.google.common.jimfs.RegularFileTest$RegularFileTestRunner" time="0.0"/>
  <testcase name="testNonEmpty_read_partial_fromStart_singleBuffer [KEEP_OR_DELETE_FILES [128, 128]]" classname="com.google.common.jimfs.RegularFileTest$RegularFileTestRunner" time="0.0"/>
  <testcase name="testNonEmpty_read_partial_fromMiddle_singleBuffer [KEEP_OR_DELETE_FILES [128, 128]]" classname="com.google.common.jimfs.RegularFileTest$RegularFileTestRunner" time="0.0"/>
  <testcase name="testNonEmpty_read_partial_fromEnd_singleBuffer [KEEP_OR_DELETE_FILES [128, 128]]" classname="com.google.common.jimfs.RegularFileTest$RegularFileTestRunner" time="0.0"/>
  <testcase name="testEmpty_write_multipleBuffers_atStart [KEEP_OR_DELETE_FILES [128, 128]]" classname="com.google.common.jimfs.RegularFileTest$RegularFileTestRunner" time="0.0"/>
  <testcase name="testEmpty_write_byteArray_atNonZeroPosition [KEEP_OR_DELETE_FILES [128, 128]]" classname="com.google.common.jimfs.RegularFileTest$RegularFileTestRunner" time="0.0"/>
  <testcase name="testEmpty_read_singleByte [KEEP_OR_DELETE_FILES [128, 128]]" classname="com.google.common.jimfs.RegularFileTest$RegularFileTestRunner" time="0.0"/>
  <testcase name="testEmpty_read_byteArray [KEEP_OR_DELETE_FILES [128, 128]]" classname="com.google.common.jimfs.RegularFileTest$RegularFileTestRunner" time="0.0"/>
  <testcase name="testEmpty_read_singleBuffer [KEEP_OR_DELETE_FILES [128, 128]]" classname="com.google.common.jimfs.RegularFileTest$RegularFileTestRunner" time="0.0"/>
  <testcase name="testEmpty_read_multipleBuffers [KEEP_OR_DELETE_FILES [128, 128]]" classname="com.google.common.jimfs.RegularFileTest$RegularFileTestRunner" time="0.0"/>
  <testcase name="testEmpty_write_partialByteArray_atNonZeroPosition [KEEP_OR_DELETE_FILES [128, 128]]" classname="com.google.common.jimfs.RegularFileTest$RegularFileTestRunner" time="0.0"/>
  <testcase name="testEmpty_write_singleBuffer_atStart [KEEP_OR_DELETE_FILES [128, 128]]" classname="com.google.common.jimfs.RegularFileTest$RegularFileTestRunner" time="0.0"/>
  <testcase name="testEmpty_write_partialByteArray_atStart [KEEP_OR_DELETE_FILES [128, 128]]" classname="com.google.common.jimfs.RegularFileTest$RegularFileTestRunner" time="0.0"/>
  <testcase name="testEmpty_transferFrom_positionGreaterThanSize_countGreaterThanSrcSize [KEEP_OR_DELETE_FILES [128, 128]]" classname="com.google.common.jimfs.RegularFileTest$RegularFileTestRunner" time="0.0"/>
  <testcase name="testEmpty [KEEP_OR_DELETE_FILES [128, 128]]" classname="com.google.common.jimfs.RegularFileTest$RegularFileTestRunner" time="0.0"/>
  <testcase name="testNonEmpty_read_partial_fromStart_multipleBuffers [KEEP_OR_DELETE_FILES [128, 128]]" classname="com.google.common.jimfs.RegularFileTest$RegularFileTestRunner" time="0.0"/>
  <testcase name="testNonEmpty_read_partial_fromMiddle_multipleBuffers [KEEP_OR_DELETE_FILES [128, 128]]" classname="com.google.common.jimfs.RegularFileTest$RegularFileTestRunner" time="0.0"/>
  <testcase name="testNonEmpty_read_partial_fromEnd_multipleBuffers [KEEP_OR_DELETE_FILES [128, 128]]" classname="com.google.common.jimfs.RegularFileTest$RegularFileTestRunner" time="0.0"/>
  <testcase name="testNonEmpty_read_fromPastEnd_byteArray [KEEP_OR_DELETE_FILES [128, 128]]" classname="com.google.common.jimfs.RegularFileTest$RegularFileTestRunner" time="0.0"/>
  <testcase name="testNonEmpty_read_fromPastEnd_singleBuffer [KEEP_OR_DELETE_FILES [128, 128]]" classname="com.google.common.jimfs.RegularFileTest$RegularFileTestRunner" time="0.0"/>
  <testcase name="testNonEmpty_read_fromPastEnd_multipleBuffers [KEEP_OR_DELETE_FILES [128, 128]]" classname="com.google.common.jimfs.RegularFileTest$RegularFileTestRunner" time="0.0"/>
  <testcase name="testNonEmpty_write_partial_fromStart_singleByte [KEEP_OR_DELETE_FILES [128, 128]]" classname="com.google.common.jimfs.RegularFileTest$RegularFileTestRunner" time="0.0"/>
  <testcase name="testNonEmpty_write_partial_fromMiddle_singleByte [KEEP_OR_DELETE_FILES [128, 128]]" classname="com.google.common.jimfs.RegularFileTest$RegularFileTestRunner" time="0.0"/>
  <testcase name="testNonEmpty_write_partial_fromEnd_singleByte [KEEP_OR_DELETE_FILES [128, 128]]" classname="com.google.common.jimfs.RegularFileTest$RegularFileTestRunner" time="0.0"/>
  <testcase name="testNonEmpty_write_partial_fromStart_byteArray [KEEP_OR_DELETE_FILES [128, 128]]" classname="com.google.common.jimfs.RegularFileTest$RegularFileTestRunner" time="0.0"/>
  <testcase name="testNonEmpty_write_partial_fromMiddle_byteArray [KEEP_OR_DELETE_FILES [128, 128]]" classname="com.google.common.jimfs.RegularFileTest$RegularFileTestRunner" time="0.0"/>
  <testcase name="testNonEmpty_write_partial_fromBeforeEnd_byteArray [KEEP_OR_DELETE_FILES [128, 128]]" classname="com.google.common.jimfs.RegularFileTest$RegularFileTestRunner" time="0.0"/>
  <testcase name="testNonEmpty_write_partial_fromEnd_byteArray [KEEP_OR_DELETE_FILES [128, 128]]" classname="com.google.common.jimfs.RegularFileTest$RegularFileTestRunner" time="0.0"/>
  <testcase name="testNonEmpty_write_partial_fromPastEnd_byteArray [KEEP_OR_DELETE_FILES [128, 128]]" classname="com.google.common.jimfs.RegularFileTest$RegularFileTestRunner" time="0.0"/>
  <testcase name="testNonEmpty_write_partial_fromStart_singleBuffer [KEEP_OR_DELETE_FILES [128, 128]]" classname="com.google.common.jimfs.RegularFileTest$RegularFileTestRunner" time="0.0"/>
  <testcase name="testNonEmpty_write_partial_fromMiddle_singleBuffer [KEEP_OR_DELETE_FILES [128, 128]]" classname="com.google.common.jimfs.RegularFileTest$RegularFileTestRunner" time="0.0"/>
  <testcase name="testNonEmpty_write_partial_fromEnd_singleBuffer [KEEP_OR_DELETE_FILES [128, 128]]" classname="com.google.common.jimfs.RegularFileTest$RegularFileTestRunner" time="0.0"/>
  <testcase name="testNonEmpty_write_partial_fromPastEnd_singleBuffer [KEEP_OR_DELETE_FILES [128, 128]]" classname="com.google.common.jimfs.RegularFileTest$RegularFileTestRunner" time="0.0"/>
  <testcase name="testNonEmpty_write_partial_fromStart_multipleBuffers [KEEP_OR_DELETE_FILES [128, 128]]" classname="com.google.common.jimfs.RegularFileTest$RegularFileTestRunner" time="0.0"/>
  <testcase name="testNonEmpty_write_partial_fromMiddle_multipleBuffers [KEEP_OR_DELETE_FILES [128, 128]]" classname="com.google.common.jimfs.RegularFileTest$RegularFileTestRunner" time="0.0"/>
  <testcase name="testNonEmpty_write_partial_fromBeforeEnd_multipleBuffers [KEEP_OR_DELETE_FILES [128, 128]]" classname="com.google.common.jimfs.RegularFileTest$RegularFileTestRunner" time="0.0"/>
  <testcase name="testNonEmpty_write_partial_fromEnd_multipleBuffers [KEEP_OR_DELETE_FILES [128, 128]]" classname="com.google.common.jimfs.RegularFileTest$RegularFileTestRunner" time="0.0"/>
  <testcase name="testNonEmpty_write_partial_fromPastEnd_multipleBuffers [KEEP_OR_DELETE_FILES [128, 128]]" classname="com.google.common.jimfs.RegularFileTest$RegularFileTestRunner" time="0.0"/>
  <testcase name="testNonEmpty_write_overwrite_sameLength [KEEP_OR_DELETE_FILES [128, 128]]" classname="com.google.common.jimfs.RegularFileTest$RegularFileTestRunner" time="0.0"/>
  <testcase name="testNonEmpty_write_overwrite_greaterLength [KEEP_OR_DELETE_FILES [128, 128]]" classname="com.google.common.jimfs.RegularFileTest$RegularFileTestRunner" time="0.0"/>
  <testcase name="testNonEmpty_transferTo_fromStart_countEqualsSize [KEEP_OR_DELETE_FILES [128, 128]]" classname="com.google.common.jimfs.RegularFileTest$RegularFileTestRunner" time="0.003"/>
  <testcase name="testNonEmpty_transferTo_fromStart_countLessThanSize [KEEP_OR_DELETE_FILES [128, 128]]" classname="com.google.common.jimfs.RegularFileTest$RegularFileTestRunner" time="0.0"/>
  <testcase name="testNonEmpty_transferTo_fromMiddle_countEqualsSize [KEEP_OR_DELETE_FILES [128, 128]]" classname="com.google.common.jimfs.RegularFileTest$RegularFileTestRunner" time="0.0"/>
  <testcase name="testNonEmpty_transferTo_fromMiddle_countLessThanSize [KEEP_OR_DELETE_FILES [128, 128]]" classname="com.google.common.jimfs.RegularFileTest$RegularFileTestRunner" time="0.0"/>
  <testcase name="testNonEmpty_transferFrom_toStart_countEqualsSrcSize [KEEP_OR_DELETE_FILES [128, 128]]" classname="com.google.common.jimfs.RegularFileTest$RegularFileTestRunner" time="0.0"/>
  <testcase name="testNonEmpty_transferFrom_toStart_countLessThanSrcSize [KEEP_OR_DELETE_FILES [128, 128]]" classname="com.google.common.jimfs.RegularFileTest$RegularFileTestRunner" time="0.0"/>
  <testcase name="testNonEmpty_transferFrom_toStart_countGreaterThanSrcSize [KEEP_OR_DELETE_FILES [128, 128]]" classname="com.google.common.jimfs.RegularFileTest$RegularFileTestRunner" time="0.0"/>
  <testcase name="testNonEmpty_transferFrom_toMiddle_countEqualsSrcSize [KEEP_OR_DELETE_FILES [128, 128]]" classname="com.google.common.jimfs.RegularFileTest$RegularFileTestRunner" time="0.0"/>
  <testcase name="testNonEmpty_transferFrom_toMiddle_countLessThanSrcSize [KEEP_OR_DELETE_FILES [128, 128]]" classname="com.google.common.jimfs.RegularFileTest$RegularFileTestRunner" time="0.0"/>
  <testcase name="testNonEmpty_transferFrom_toMiddle_countGreaterThanSrcSize [KEEP_OR_DELETE_FILES [128, 128]]" classname="com.google.common.jimfs.RegularFileTest$RegularFileTestRunner" time="0.0"/>
  <testcase name="testNonEmpty_transferFrom_toMiddle_transferGoesBeyondContentSize [KEEP_OR_DELETE_FILES [128, 128]]" classname="com.google.common.jimfs.RegularFileTest$RegularFileTestRunner" time="0.0"/>
  <testcase name="testNonEmpty_transferFrom_toEnd [KEEP_OR_DELETE_FILES [128, 128]]" classname="com.google.common.jimfs.RegularFileTest$RegularFileTestRunner" time="0.0"/>
  <testcase name="testNonEmpty_transferFrom_positionGreaterThanSize [KEEP_OR_DELETE_FILES [128, 128]]" classname="com.google.common.jimfs.RegularFileTest$RegularFileTestRunner" time="0.0"/>
  <testcase name="testNonEmpty_transferFrom_hugeOverestimateCount [KEEP_OR_DELETE_FILES [128, 128]]" classname="com.google.common.jimfs.RegularFileTest$RegularFileTestRunner" time="0.0"/>
  <testcase name="testNonEmpty_copy [KEEP_OR_DELETE_FILES [128, 128]]" classname="com.google.common.jimfs.RegularFileTest$RegularFileTestRunner" time="0.0"/>
  <testcase name="testNonEmpty_copy_multipleTimes [KEEP_OR_DELETE_FILES [128, 128]]" classname="com.google.common.jimfs.RegularFileTest$RegularFileTestRunner" time="0.0"/>
  <testcase name="testNonEmpty_truncate_toZero [KEEP_OR_DELETE_FILES [128, 128]]" classname="com.google.common.jimfs.RegularFileTest$RegularFileTestRunner" time="0.0"/>
  <testcase name="testNonEmpty_truncate_partial [KEEP_OR_DELETE_FILES [128, 128]]" classname="com.google.common.jimfs.RegularFileTest$RegularFileTestRunner" time="0.0"/>
  <testcase name="testNonEmpty_truncate_sizeUp [KEEP_OR_DELETE_FILES [128, 128]]" classname="com.google.common.jimfs.RegularFileTest$RegularFileTestRunner" time="0.0"/>
  <testcase name="testDeletedStoreRemainsUsableWhileOpen [KEEP_OR_DELETE_FILES [128, 128]]" classname="com.google.common.jimfs.RegularFileTest$RegularFileTestRunner" time="0.0"/>
  <testcase name="testEmpty_write_singleByte_atNonZeroPosition [KEEP_OR_DELETE_FILES [128, -1]]" classname="com.google.common.jimfs.RegularFileTest$RegularFileTestRunner" time="0.0"/>
  <testcase name="testNonEmpty_write_partial_fromBeforeEnd_singleBuffer [KEEP_OR_DELETE_FILES [128, -1]]" classname="com.google.common.jimfs.RegularFileTest$RegularFileTestRunner" time="0.0"/>
  <testcase name="testEmpty_transferFrom_positionGreaterThanSize_countLessThanSrcSize [KEEP_OR_DELETE_FILES [128, -1]]" classname="com.google.common.jimfs.RegularFileTest$RegularFileTestRunner" time="0.0"/>
  <testcase name="testEmpty_write_singleByte_atStart [KEEP_OR_DELETE_FILES [128, -1]]" classname="com.google.common.jimfs.RegularFileTest$RegularFileTestRunner" time="0.0"/>
  <testcase name="testEmpty_write_byteArray_atStart [KEEP_OR_DELETE_FILES [128, -1]]" classname="com.google.common.jimfs.RegularFileTest$RegularFileTestRunner" time="0.0"/>
  <testcase name="testEmpty_write_singleBuffer_atNonZeroPosition [KEEP_OR_DELETE_FILES [128, -1]]" classname="com.google.common.jimfs.RegularFileTest$RegularFileTestRunner" time="0.0"/>
  <testcase name="testEmpty_write_multipleBuffers_atNonZeroPosition [KEEP_OR_DELETE_FILES [128, -1]]" classname="com.google.common.jimfs.RegularFileTest$RegularFileTestRunner" time="0.0"/>
  <testcase name="testEmpty_write_noBytesArray_atStart [KEEP_OR_DELETE_FILES [128, -1]]" classname="com.google.common.jimfs.RegularFileTest$RegularFileTestRunner" time="0.0"/>
  <testcase name="testEmpty_write_noBytesArray_atNonZeroPosition [KEEP_OR_DELETE_FILES [128, -1]]" classname="com.google.common.jimfs.RegularFileTest$RegularFileTestRunner" time="0.0"/>
  <testcase name="testEmpty_write_noBytesBuffer_atStart [KEEP_OR_DELETE_FILES [128, -1]]" classname="com.google.common.jimfs.RegularFileTest$RegularFileTestRunner" time="0.0"/>
  <testcase name="testEmpty_write_noBytesBuffer_atNonZeroPosition [KEEP_OR_DELETE_FILES [128, -1]]" classname="com.google.common.jimfs.RegularFileTest$RegularFileTestRunner" time="0.0"/>
  <testcase name="testEmpty_write_noBytesBuffers_atStart [KEEP_OR_DELETE_FILES [128, -1]]" classname="com.google.common.jimfs.RegularFileTest$RegularFileTestRunner" time="0.0"/>
  <testcase name="testEmpty_write_noBytesBuffers_atNonZeroPosition [KEEP_OR_DELETE_FILES [128, -1]]" classname="com.google.common.jimfs.RegularFileTest$RegularFileTestRunner" time="0.0"/>
  <testcase name="testEmpty_transferFrom_fromStart_countEqualsSrcSize [KEEP_OR_DELETE_FILES [128, -1]]" classname="com.google.common.jimfs.RegularFileTest$RegularFileTestRunner" time="0.0"/>
  <testcase name="testEmpty_transferFrom_fromStart_countLessThanSrcSize [KEEP_OR_DELETE_FILES [128, -1]]" classname="com.google.common.jimfs.RegularFileTest$RegularFileTestRunner" time="0.0"/>
  <testcase name="testEmpty_transferFrom_fromStart_countGreaterThanSrcSize [KEEP_OR_DELETE_FILES [128, -1]]" classname="com.google.common.jimfs.RegularFileTest$RegularFileTestRunner" time="0.0"/>
  <testcase name="testEmpty_transferFrom_positionGreaterThanSize [KEEP_OR_DELETE_FILES [128, -1]]" classname="com.google.common.jimfs.RegularFileTest$RegularFileTestRunner" time="0.0"/>
  <testcase name="testEmpty_transferFrom_positionGreaterThanSize_countEqualsSrcSize [KEEP_OR_DELETE_FILES [128, -1]]" classname="com.google.common.jimfs.RegularFileTest$RegularFileTestRunner" time="0.0"/>
  <testcase name="testEmpty_transferFrom_fromStart_noBytes_countEqualsSrcSize [KEEP_OR_DELETE_FILES [128, -1]]" classname="com.google.common.jimfs.RegularFileTest$RegularFileTestRunner" time="0.0"/>
  <testcase name="testEmpty_transferFrom_fromStart_noBytes_countGreaterThanSrcSize [KEEP_OR_DELETE_FILES [128, -1]]" classname="com.google.common.jimfs.RegularFileTest$RegularFileTestRunner" time="0.0"/>
  <testcase name="testEmpty_transferFrom_postionGreaterThanSrcSize_noBytes_countEqualsSrcSize [KEEP_OR_DELETE_FILES [128, -1]]" classname="com.google.common.jimfs.RegularFileTest$RegularFileTestRunner" time="0.0"/>
  <testcase name="testEmpty_transferFrom_postionGreaterThanSrcSize_noBytes_countGreaterThanSrcSize [KEEP_OR_DELETE_FILES [128, -1]]" classname="com.google.common.jimfs.RegularFileTest$RegularFileTestRunner" time="0.0"/>
  <testcase name="testEmpty_transferTo [KEEP_OR_DELETE_FILES [128, -1]]" classname="com.google.common.jimfs.RegularFileTest$RegularFileTestRunner" time="0.0"/>
  <testcase name="testEmpty_copy [KEEP_OR_DELETE_FILES [128, -1]]" classname="com.google.common.jimfs.RegularFileTest$RegularFileTestRunner" time="0.0"/>
  <testcase name="testEmpty_truncate_toZero [KEEP_OR_DELETE_FILES [128, -1]]" classname="com.google.common.jimfs.RegularFileTest$RegularFileTestRunner" time="0.0"/>
  <testcase name="testEmpty_truncate_sizeUp [KEEP_OR_DELETE_FILES [128, -1]]" classname="com.google.common.jimfs.RegularFileTest$RegularFileTestRunner" time="0.0"/>
  <testcase name="testNonEmpty [KEEP_OR_DELETE_FILES [128, -1]]" classname="com.google.common.jimfs.RegularFileTest$RegularFileTestRunner" time="0.0"/>
  <testcase name="testNonEmpty_read_singleByte [KEEP_OR_DELETE_FILES [128, -1]]" classname="com.google.common.jimfs.RegularFileTest$RegularFileTestRunner" time="0.0"/>
  <testcase name="testNonEmpty_read_all_byteArray [KEEP_OR_DELETE_FILES [128, -1]]" classname="com.google.common.jimfs.RegularFileTest$RegularFileTestRunner" time="0.0"/>
  <testcase name="testNonEmpty_read_all_singleBuffer [KEEP_OR_DELETE_FILES [128, -1]]" classname="com.google.common.jimfs.RegularFileTest$RegularFileTestRunner" time="0.0"/>
  <testcase name="testNonEmpty_read_all_multipleBuffers [KEEP_OR_DELETE_FILES [128, -1]]" classname="com.google.common.jimfs.RegularFileTest$RegularFileTestRunner" time="0.0"/>
  <testcase name="testNonEmpty_read_all_byteArray_largerThanContent [KEEP_OR_DELETE_FILES [128, -1]]" classname="com.google.common.jimfs.RegularFileTest$RegularFileTestRunner" time="0.0"/>
  <testcase name="testNonEmpty_read_all_singleBuffer_largerThanContent [KEEP_OR_DELETE_FILES [128, -1]]" classname="com.google.common.jimfs.RegularFileTest$RegularFileTestRunner" time="0.0"/>
  <testcase name="testNonEmpty_read_all_multipleBuffers_largerThanContent [KEEP_OR_DELETE_FILES [128, -1]]" classname="com.google.common.jimfs.RegularFileTest$RegularFileTestRunner" time="0.0"/>
  <testcase name="testNonEmpty_read_all_multipleBuffers_extraBuffers [KEEP_OR_DELETE_FILES [128, -1]]" classname="com.google.common.jimfs.RegularFileTest$RegularFileTestRunner" time="0.0"/>
  <testcase name="testNonEmpty_read_partial_fromStart_byteArray [KEEP_OR_DELETE_FILES [128, -1]]" classname="com.google.common.jimfs.RegularFileTest$RegularFileTestRunner" time="0.0"/>
  <testcase name="testNonEmpty_read_partial_fromMiddle_byteArray [KEEP_OR_DELETE_FILES [128, -1]]" classname="com.google.common.jimfs.RegularFileTest$RegularFileTestRunner" time="0.0"/>
  <testcase name="testNonEmpty_read_partial_fromEnd_byteArray [KEEP_OR_DELETE_FILES [128, -1]]" classname="com.google.common.jimfs.RegularFileTest$RegularFileTestRunner" time="0.0"/>
  <testcase name="testNonEmpty_read_partial_fromStart_singleBuffer [KEEP_OR_DELETE_FILES [128, -1]]" classname="com.google.common.jimfs.RegularFileTest$RegularFileTestRunner" time="0.0"/>
  <testcase name="testNonEmpty_read_partial_fromMiddle_singleBuffer [KEEP_OR_DELETE_FILES [128, -1]]" classname="com.google.common.jimfs.RegularFileTest$RegularFileTestRunner" time="0.0"/>
  <testcase name="testNonEmpty_read_partial_fromEnd_singleBuffer [KEEP_OR_DELETE_FILES [128, -1]]" classname="com.google.common.jimfs.RegularFileTest$RegularFileTestRunner" time="0.0"/>
  <testcase name="testEmpty_write_multipleBuffers_atStart [KEEP_OR_DELETE_FILES [128, -1]]" classname="com.google.common.jimfs.RegularFileTest$RegularFileTestRunner" time="0.0"/>
  <testcase name="testEmpty_write_byteArray_atNonZeroPosition [KEEP_OR_DELETE_FILES [128, -1]]" classname="com.google.common.jimfs.RegularFileTest$RegularFileTestRunner" time="0.0"/>
  <testcase name="testEmpty_read_singleByte [KEEP_OR_DELETE_FILES [128, -1]]" classname="com.google.common.jimfs.RegularFileTest$RegularFileTestRunner" time="0.0"/>
  <testcase name="testEmpty_read_byteArray [KEEP_OR_DELETE_FILES [128, -1]]" classname="com.google.common.jimfs.RegularFileTest$RegularFileTestRunner" time="0.0"/>
  <testcase name="testEmpty_read_singleBuffer [KEEP_OR_DELETE_FILES [128, -1]]" classname="com.google.common.jimfs.RegularFileTest$RegularFileTestRunner" time="0.0"/>
  <testcase name="testEmpty_read_multipleBuffers [KEEP_OR_DELETE_FILES [128, -1]]" classname="com.google.common.jimfs.RegularFileTest$RegularFileTestRunner" time="0.0"/>
  <testcase name="testEmpty_write_partialByteArray_atNonZeroPosition [KEEP_OR_DELETE_FILES [128, -1]]" classname="com.google.common.jimfs.RegularFileTest$RegularFileTestRunner" time="0.0"/>
  <testcase name="testEmpty_write_singleBuffer_atStart [KEEP_OR_DELETE_FILES [128, -1]]" classname="com.google.common.jimfs.RegularFileTest$RegularFileTestRunner" time="0.0"/>
  <testcase name="testEmpty_write_partialByteArray_atStart [KEEP_OR_DELETE_FILES [128, -1]]" classname="com.google.common.jimfs.RegularFileTest$RegularFileTestRunner" time="0.0"/>
  <testcase name="testEmpty_transferFrom_positionGreaterThanSize_countGreaterThanSrcSize [KEEP_OR_DELETE_FILES [128, -1]]" classname="com.google.common.jimfs.RegularFileTest$RegularFileTestRunner" time="0.0"/>
  <testcase name="testEmpty [KEEP_OR_DELETE_FILES [128, -1]]" classname="com.google.common.jimfs.RegularFileTest$RegularFileTestRunner" time="0.0"/>
  <testcase name="testNonEmpty_read_partial_fromStart_multipleBuffers [KEEP_OR_DELETE_FILES [128, -1]]" classname="com.google.common.jimfs.RegularFileTest$RegularFileTestRunner" time="0.0"/>
  <testcase name="testNonEmpty_read_partial_fromMiddle_multipleBuffers [KEEP_OR_DELETE_FILES [128, -1]]" classname="com.google.common.jimfs.RegularFileTest$RegularFileTestRunner" time="0.0"/>
  <testcase name="testNonEmpty_read_partial_fromEnd_multipleBuffers [KEEP_OR_DELETE_FILES [128, -1]]" classname="com.google.common.jimfs.RegularFileTest$RegularFileTestRunner" time="0.0"/>
  <testcase name="testNonEmpty_read_fromPastEnd_byteArray [KEEP_OR_DELETE_FILES [128, -1]]" classname="com.google.common.jimfs.RegularFileTest$RegularFileTestRunner" time="0.0"/>
  <testcase name="testNonEmpty_read_fromPastEnd_singleBuffer [KEEP_OR_DELETE_FILES [128, -1]]" classname="com.google.common.jimfs.RegularFileTest$RegularFileTestRunner" time="0.0"/>
  <testcase name="testNonEmpty_read_fromPastEnd_multipleBuffers [KEEP_OR_DELETE_FILES [128, -1]]" classname="com.google.common.jimfs.RegularFileTest$RegularFileTestRunner" time="0.0"/>
  <testcase name="testNonEmpty_write_partial_fromStart_singleByte [KEEP_OR_DELETE_FILES [128, -1]]" classname="com.google.common.jimfs.RegularFileTest$RegularFileTestRunner" time="0.0"/>
  <testcase name="testNonEmpty_write_partial_fromMiddle_singleByte [KEEP_OR_DELETE_FILES [128, -1]]" classname="com.google.common.jimfs.RegularFileTest$RegularFileTestRunner" time="0.0"/>
  <testcase name="testNonEmpty_write_partial_fromEnd_singleByte [KEEP_OR_DELETE_FILES [128, -1]]" classname="com.google.common.jimfs.RegularFileTest$RegularFileTestRunner" time="0.0"/>
  <testcase name="testNonEmpty_write_partial_fromStart_byteArray [KEEP_OR_DELETE_FILES [128, -1]]" classname="com.google.common.jimfs.RegularFileTest$RegularFileTestRunner" time="0.0"/>
  <testcase name="testNonEmpty_write_partial_fromMiddle_byteArray [KEEP_OR_DELETE_FILES [128, -1]]" classname="com.google.common.jimfs.RegularFileTest$RegularFileTestRunner" time="0.0"/>
  <testcase name="testNonEmpty_write_partial_fromBeforeEnd_byteArray [KEEP_OR_DELETE_FILES [128, -1]]" classname="com.google.common.jimfs.RegularFileTest$RegularFileTestRunner" time="0.0"/>
  <testcase name="testNonEmpty_write_partial_fromEnd_byteArray [KEEP_OR_DELETE_FILES [128, -1]]" classname="com.google.common.jimfs.RegularFileTest$RegularFileTestRunner" time="0.0"/>
  <testcase name="testNonEmpty_write_partial_fromPastEnd_byteArray [KEEP_OR_DELETE_FILES [128, -1]]" classname="com.google.common.jimfs.RegularFileTest$RegularFileTestRunner" time="0.0"/>
  <testcase name="testNonEmpty_write_partial_fromStart_singleBuffer [KEEP_OR_DELETE_FILES [128, -1]]" classname="com.google.common.jimfs.RegularFileTest$RegularFileTestRunner" time="0.0"/>
  <testcase name="testNonEmpty_write_partial_fromMiddle_singleBuffer [KEEP_OR_DELETE_FILES [128, -1]]" classname="com.google.common.jimfs.RegularFileTest$RegularFileTestRunner" time="0.0"/>
  <testcase name="testNonEmpty_write_partial_fromEnd_singleBuffer [KEEP_OR_DELETE_FILES [128, -1]]" classname="com.google.common.jimfs.RegularFileTest$RegularFileTestRunner" time="0.0"/>
  <testcase name="testNonEmpty_write_partial_fromPastEnd_singleBuffer [KEEP_OR_DELETE_FILES [128, -1]]" classname="com.google.common.jimfs.RegularFileTest$RegularFileTestRunner" time="0.0"/>
  <testcase name="testNonEmpty_write_partial_fromStart_multipleBuffers [KEEP_OR_DELETE_FILES [128, -1]]" classname="com.google.common.jimfs.RegularFileTest$RegularFileTestRunner" time="0.0"/>
  <testcase name="testNonEmpty_write_partial_fromMiddle_multipleBuffers [KEEP_OR_DELETE_FILES [128, -1]]" classname="com.google.common.jimfs.RegularFileTest$RegularFileTestRunner" time="0.0"/>
  <testcase name="testNonEmpty_write_partial_fromBeforeEnd_multipleBuffers [KEEP_OR_DELETE_FILES [128, -1]]" classname="com.google.common.jimfs.RegularFileTest$RegularFileTestRunner" time="0.0"/>
  <testcase name="testNonEmpty_write_partial_fromEnd_multipleBuffers [KEEP_OR_DELETE_FILES [128, -1]]" classname="com.google.common.jimfs.RegularFileTest$RegularFileTestRunner" time="0.0"/>
  <testcase name="testNonEmpty_write_partial_fromPastEnd_multipleBuffers [KEEP_OR_DELETE_FILES [128, -1]]" classname="com.google.common.jimfs.RegularFileTest$RegularFileTestRunner" time="0.0"/>
  <testcase name="testNonEmpty_write_overwrite_sameLength [KEEP_OR_DELETE_FILES [128, -1]]" classname="com.google.common.jimfs.RegularFileTest$RegularFileTestRunner" time="0.0"/>
  <testcase name="testNonEmpty_write_overwrite_greaterLength [KEEP_OR_DELETE_FILES [128, -1]]" classname="com.google.common.jimfs.RegularFileTest$RegularFileTestRunner" time="0.0"/>
  <testcase name="testNonEmpty_transferTo_fromStart_countEqualsSize [KEEP_OR_DELETE_FILES [128, -1]]" classname="com.google.common.jimfs.RegularFileTest$RegularFileTestRunner" time="0.0"/>
  <testcase name="testNonEmpty_transferTo_fromStart_countLessThanSize [KEEP_OR_DELETE_FILES [128, -1]]" classname="com.google.common.jimfs.RegularFileTest$RegularFileTestRunner" time="0.0"/>
  <testcase name="testNonEmpty_transferTo_fromMiddle_countEqualsSize [KEEP_OR_DELETE_FILES [128, -1]]" classname="com.google.common.jimfs.RegularFileTest$RegularFileTestRunner" time="0.0"/>
  <testcase name="testNonEmpty_transferTo_fromMiddle_countLessThanSize [KEEP_OR_DELETE_FILES [128, -1]]" classname="com.google.common.jimfs.RegularFileTest$RegularFileTestRunner" time="0.0"/>
  <testcase name="testNonEmpty_transferFrom_toStart_countEqualsSrcSize [KEEP_OR_DELETE_FILES [128, -1]]" classname="com.google.common.jimfs.RegularFileTest$RegularFileTestRunner" time="0.0"/>
  <testcase name="testNonEmpty_transferFrom_toStart_countLessThanSrcSize [KEEP_OR_DELETE_FILES [128, -1]]" classname="com.google.common.jimfs.RegularFileTest$RegularFileTestRunner" time="0.0"/>
  <testcase name="testNonEmpty_transferFrom_toStart_countGreaterThanSrcSize [KEEP_OR_DELETE_FILES [128, -1]]" classname="com.google.common.jimfs.RegularFileTest$RegularFileTestRunner" time="0.0"/>
  <testcase name="testNonEmpty_transferFrom_toMiddle_countEqualsSrcSize [KEEP_OR_DELETE_FILES [128, -1]]" classname="com.google.common.jimfs.RegularFileTest$RegularFileTestRunner" time="0.0"/>
  <testcase name="testNonEmpty_transferFrom_toMiddle_countLessThanSrcSize [KEEP_OR_DELETE_FILES [128, -1]]" classname="com.google.common.jimfs.RegularFileTest$RegularFileTestRunner" time="0.0"/>
  <testcase name="testNonEmpty_transferFrom_toMiddle_countGreaterThanSrcSize [KEEP_OR_DELETE_FILES [128, -1]]" classname="com.google.common.jimfs.RegularFileTest$RegularFileTestRunner" time="0.0"/>
  <testcase name="testNonEmpty_transferFrom_toMiddle_transferGoesBeyondContentSize [KEEP_OR_DELETE_FILES [128, -1]]" classname="com.google.common.jimfs.RegularFileTest$RegularFileTestRunner" time="0.0"/>
  <testcase name="testNonEmpty_transferFrom_toEnd [KEEP_OR_DELETE_FILES [128, -1]]" classname="com.google.common.jimfs.RegularFileTest$RegularFileTestRunner" time="0.0"/>
  <testcase name="testNonEmpty_transferFrom_positionGreaterThanSize [KEEP_OR_DELETE_FILES [128, -1]]" classname="com.google.common.jimfs.RegularFileTest$RegularFileTestRunner" time="0.0"/>
  <testcase name="testNonEmpty_transferFrom_hugeOverestimateCount [KEEP_OR_DELETE_FILES [128, -1]]" classname="com.google.common.jimfs.RegularFileTest$RegularFileTestRunner" time="0.0"/>
  <testcase name="testNonEmpty_copy [KEEP_OR_DELETE_FILES [128, -1]]" classname="com.google.common.jimfs.RegularFileTest$RegularFileTestRunner" time="0.0"/>
  <testcase name="testNonEmpty_copy_multipleTimes [KEEP_OR_DELETE_FILES [128, -1]]" classname="com.google.common.jimfs.RegularFileTest$RegularFileTestRunner" time="0.0"/>
  <testcase name="testNonEmpty_truncate_toZero [KEEP_OR_DELETE_FILES [128, -1]]" classname="com.google.common.jimfs.RegularFileTest$RegularFileTestRunner" time="0.0"/>
  <testcase name="testNonEmpty_truncate_partial [KEEP_OR_DELETE_FILES [128, -1]]" classname="com.google.common.jimfs.RegularFileTest$RegularFileTestRunner" time="0.0"/>
  <testcase name="testNonEmpty_truncate_sizeUp [KEEP_OR_DELETE_FILES [128, -1]]" classname="com.google.common.jimfs.RegularFileTest$RegularFileTestRunner" time="0.0"/>
  <testcase name="testDeletedStoreRemainsUsableWhileOpen [KEEP_OR_DELETE_FILES [128, -1]]" classname="com.google.common.jimfs.RegularFileTest$RegularFileTestRunner" time="0.0"/>
  <testcase name="testEmpty_write_singleByte_atNonZeroPosition [KEEP_OR_DELETE_FILES [8192, 0]]" classname="com.google.common.jimfs.RegularFileTest$RegularFileTestRunner" time="0.0"/>
  <testcase name="testNonEmpty_write_partial_fromBeforeEnd_singleBuffer [KEEP_OR_DELETE_FILES [8192, 0]]" classname="com.google.common.jimfs.RegularFileTest$RegularFileTestRunner" time="0.0"/>
  <testcase name="testEmpty_transferFrom_positionGreaterThanSize_countLessThanSrcSize [KEEP_OR_DELETE_FILES [8192, 0]]" classname="com.google.common.jimfs.RegularFileTest$RegularFileTestRunner" time="0.0"/>
  <testcase name="testEmpty_write_singleByte_atStart [KEEP_OR_DELETE_FILES [8192, 0]]" classname="com.google.common.jimfs.RegularFileTest$RegularFileTestRunner" time="0.0"/>
  <testcase name="testEmpty_write_byteArray_atStart [KEEP_OR_DELETE_FILES [8192, 0]]" classname="com.google.common.jimfs.RegularFileTest$RegularFileTestRunner" time="0.0"/>
  <testcase name="testEmpty_write_singleBuffer_atNonZeroPosition [KEEP_OR_DELETE_FILES [8192, 0]]" classname="com.google.common.jimfs.RegularFileTest$RegularFileTestRunner" time="0.0"/>
  <testcase name="testEmpty_write_multipleBuffers_atNonZeroPosition [KEEP_OR_DELETE_FILES [8192, 0]]" classname="com.google.common.jimfs.RegularFileTest$RegularFileTestRunner" time="0.0"/>
  <testcase name="testEmpty_write_noBytesArray_atStart [KEEP_OR_DELETE_FILES [8192, 0]]" classname="com.google.common.jimfs.RegularFileTest$RegularFileTestRunner" time="0.0"/>
  <testcase name="testEmpty_write_noBytesArray_atNonZeroPosition [KEEP_OR_DELETE_FILES [8192, 0]]" classname="com.google.common.jimfs.RegularFileTest$RegularFileTestRunner" time="0.0"/>
  <testcase name="testEmpty_write_noBytesBuffer_atStart [KEEP_OR_DELETE_FILES [8192, 0]]" classname="com.google.common.jimfs.RegularFileTest$RegularFileTestRunner" time="0.0"/>
  <testcase name="testEmpty_write_noBytesBuffer_atNonZeroPosition [KEEP_OR_DELETE_FILES [8192, 0]]" classname="com.google.common.jimfs.RegularFileTest$RegularFileTestRunner" time="0.0"/>
  <testcase name="testEmpty_write_noBytesBuffers_atStart [KEEP_OR_DELETE_FILES [8192, 0]]" classname="com.google.common.jimfs.RegularFileTest$RegularFileTestRunner" time="0.0"/>
  <testcase name="testEmpty_write_noBytesBuffers_atNonZeroPosition [KEEP_OR_DELETE_FILES [8192, 0]]" classname="com.google.common.jimfs.RegularFileTest$RegularFileTestRunner" time="0.0"/>
  <testcase name="testEmpty_transferFrom_fromStart_countEqualsSrcSize [KEEP_OR_DELETE_FILES [8192, 0]]" classname="com.google.common.jimfs.RegularFileTest$RegularFileTestRunner" time="0.0"/>
  <testcase name="testEmpty_transferFrom_fromStart_countLessThanSrcSize [KEEP_OR_DELETE_FILES [8192, 0]]" classname="com.google.common.jimfs.RegularFileTest$RegularFileTestRunner" time="0.0"/>
  <testcase name="testEmpty_transferFrom_fromStart_countGreaterThanSrcSize [KEEP_OR_DELETE_FILES [8192, 0]]" classname="com.google.common.jimfs.RegularFileTest$RegularFileTestRunner" time="0.0"/>
  <testcase name="testEmpty_transferFrom_positionGreaterThanSize [KEEP_OR_DELETE_FILES [8192, 0]]" classname="com.google.common.jimfs.RegularFileTest$RegularFileTestRunner" time="0.0"/>
  <testcase name="testEmpty_transferFrom_positionGreaterThanSize_countEqualsSrcSize [KEEP_OR_DELETE_FILES [8192, 0]]" classname="com.google.common.jimfs.RegularFileTest$RegularFileTestRunner" time="0.0"/>
  <testcase name="testEmpty_transferFrom_fromStart_noBytes_countEqualsSrcSize [KEEP_OR_DELETE_FILES [8192, 0]]" classname="com.google.common.jimfs.RegularFileTest$RegularFileTestRunner" time="0.0"/>
  <testcase name="testEmpty_transferFrom_fromStart_noBytes_countGreaterThanSrcSize [KEEP_OR_DELETE_FILES [8192, 0]]" classname="com.google.common.jimfs.RegularFileTest$RegularFileTestRunner" time="0.0"/>
  <testcase name="testEmpty_transferFrom_postionGreaterThanSrcSize_noBytes_countEqualsSrcSize [KEEP_OR_DELETE_FILES [8192, 0]]" classname="com.google.common.jimfs.RegularFileTest$RegularFileTestRunner" time="0.0"/>
  <testcase name="testEmpty_transferFrom_postionGreaterThanSrcSize_noBytes_countGreaterThanSrcSize [KEEP_OR_DELETE_FILES [8192, 0]]" classname="com.google.common.jimfs.RegularFileTest$RegularFileTestRunner" time="0.0"/>
  <testcase name="testEmpty_transferTo [KEEP_OR_DELETE_FILES [8192, 0]]" classname="com.google.common.jimfs.RegularFileTest$RegularFileTestRunner" time="0.0"/>
  <testcase name="testEmpty_copy [KEEP_OR_DELETE_FILES [8192, 0]]" classname="com.google.common.jimfs.RegularFileTest$RegularFileTestRunner" time="0.0"/>
  <testcase name="testEmpty_truncate_toZero [KEEP_OR_DELETE_FILES [8192, 0]]" classname="com.google.common.jimfs.RegularFileTest$RegularFileTestRunner" time="0.0"/>
  <testcase name="testEmpty_truncate_sizeUp [KEEP_OR_DELETE_FILES [8192, 0]]" classname="com.google.common.jimfs.RegularFileTest$RegularFileTestRunner" time="0.0"/>
  <testcase name="testNonEmpty [KEEP_OR_DELETE_FILES [8192, 0]]" classname="com.google.common.jimfs.RegularFileTest$RegularFileTestRunner" time="0.0"/>
  <testcase name="testNonEmpty_read_singleByte [KEEP_OR_DELETE_FILES [8192, 0]]" classname="com.google.common.jimfs.RegularFileTest$RegularFileTestRunner" time="0.0"/>
  <testcase name="testNonEmpty_read_all_byteArray [KEEP_OR_DELETE_FILES [8192, 0]]" classname="com.google.common.jimfs.RegularFileTest$RegularFileTestRunner" time="0.0"/>
  <testcase name="testNonEmpty_read_all_singleBuffer [KEEP_OR_DELETE_FILES [8192, 0]]" classname="com.google.common.jimfs.RegularFileTest$RegularFileTestRunner" time="0.0"/>
  <testcase name="testNonEmpty_read_all_multipleBuffers [KEEP_OR_DELETE_FILES [8192, 0]]" classname="com.google.common.jimfs.RegularFileTest$RegularFileTestRunner" time="0.0"/>
  <testcase name="testNonEmpty_read_all_byteArray_largerThanContent [KEEP_OR_DELETE_FILES [8192, 0]]" classname="com.google.common.jimfs.RegularFileTest$RegularFileTestRunner" time="0.0"/>
  <testcase name="testNonEmpty_read_all_singleBuffer_largerThanContent [KEEP_OR_DELETE_FILES [8192, 0]]" classname="com.google.common.jimfs.RegularFileTest$RegularFileTestRunner" time="0.0"/>
  <testcase name="testNonEmpty_read_all_multipleBuffers_largerThanContent [KEEP_OR_DELETE_FILES [8192, 0]]" classname="com.google.common.jimfs.RegularFileTest$RegularFileTestRunner" time="0.0"/>
  <testcase name="testNonEmpty_read_all_multipleBuffers_extraBuffers [KEEP_OR_DELETE_FILES [8192, 0]]" classname="com.google.common.jimfs.RegularFileTest$RegularFileTestRunner" time="0.0"/>
  <testcase name="testNonEmpty_read_partial_fromStart_byteArray [KEEP_OR_DELETE_FILES [8192, 0]]" classname="com.google.common.jimfs.RegularFileTest$RegularFileTestRunner" time="0.0"/>
  <testcase name="testNonEmpty_read_partial_fromMiddle_byteArray [KEEP_OR_DELETE_FILES [8192, 0]]" classname="com.google.common.jimfs.RegularFileTest$RegularFileTestRunner" time="0.0"/>
  <testcase name="testNonEmpty_read_partial_fromEnd_byteArray [KEEP_OR_DELETE_FILES [8192, 0]]" classname="com.google.common.jimfs.RegularFileTest$RegularFileTestRunner" time="0.0"/>
  <testcase name="testNonEmpty_read_partial_fromStart_singleBuffer [KEEP_OR_DELETE_FILES [8192, 0]]" classname="com.google.common.jimfs.RegularFileTest$RegularFileTestRunner" time="0.0"/>
  <testcase name="testNonEmpty_read_partial_fromMiddle_singleBuffer [KEEP_OR_DELETE_FILES [8192, 0]]" classname="com.google.common.jimfs.RegularFileTest$RegularFileTestRunner" time="0.0"/>
  <testcase name="testNonEmpty_read_partial_fromEnd_singleBuffer [KEEP_OR_DELETE_FILES [8192, 0]]" classname="com.google.common.jimfs.RegularFileTest$RegularFileTestRunner" time="0.0"/>
  <testcase name="testEmpty_write_multipleBuffers_atStart [KEEP_OR_DELETE_FILES [8192, 0]]" classname="com.google.common.jimfs.RegularFileTest$RegularFileTestRunner" time="0.0"/>
  <testcase name="testEmpty_write_byteArray_atNonZeroPosition [KEEP_OR_DELETE_FILES [8192, 0]]" classname="com.google.common.jimfs.RegularFileTest$RegularFileTestRunner" time="0.0"/>
  <testcase name="testEmpty_read_singleByte [KEEP_OR_DELETE_FILES [8192, 0]]" classname="com.google.common.jimfs.RegularFileTest$RegularFileTestRunner" time="0.0"/>
  <testcase name="testEmpty_read_byteArray [KEEP_OR_DELETE_FILES [8192, 0]]" classname="com.google.common.jimfs.RegularFileTest$RegularFileTestRunner" time="0.0"/>
  <testcase name="testEmpty_read_singleBuffer [KEEP_OR_DELETE_FILES [8192, 0]]" classname="com.google.common.jimfs.RegularFileTest$RegularFileTestRunner" time="0.0"/>
  <testcase name="testEmpty_read_multipleBuffers [KEEP_OR_DELETE_FILES [8192, 0]]" classname="com.google.common.jimfs.RegularFileTest$RegularFileTestRunner" time="0.0"/>
  <testcase name="testEmpty_write_partialByteArray_atNonZeroPosition [KEEP_OR_DELETE_FILES [8192, 0]]" classname="com.google.common.jimfs.RegularFileTest$RegularFileTestRunner" time="0.0"/>
  <testcase name="testEmpty_write_singleBuffer_atStart [KEEP_OR_DELETE_FILES [8192, 0]]" classname="com.google.common.jimfs.RegularFileTest$RegularFileTestRunner" time="0.0"/>
  <testcase name="testEmpty_write_partialByteArray_atStart [KEEP_OR_DELETE_FILES [8192, 0]]" classname="com.google.common.jimfs.RegularFileTest$RegularFileTestRunner" time="0.0"/>
  <testcase name="testEmpty_transferFrom_positionGreaterThanSize_countGreaterThanSrcSize [KEEP_OR_DELETE_FILES [8192, 0]]" classname="com.google.common.jimfs.RegularFileTest$RegularFileTestRunner" time="0.0"/>
  <testcase name="testEmpty [KEEP_OR_DELETE_FILES [8192, 0]]" classname="com.google.common.jimfs.RegularFileTest$RegularFileTestRunner" time="0.0"/>
  <testcase name="testNonEmpty_read_partial_fromStart_multipleBuffers [KEEP_OR_DELETE_FILES [8192, 0]]" classname="com.google.common.jimfs.RegularFileTest$RegularFileTestRunner" time="0.0"/>
  <testcase name="testNonEmpty_read_partial_fromMiddle_multipleBuffers [KEEP_OR_DELETE_FILES [8192, 0]]" classname="com.google.common.jimfs.RegularFileTest$RegularFileTestRunner" time="0.0"/>
  <testcase name="testNonEmpty_read_partial_fromEnd_multipleBuffers [KEEP_OR_DELETE_FILES [8192, 0]]" classname="com.google.common.jimfs.RegularFileTest$RegularFileTestRunner" time="0.0"/>
  <testcase name="testNonEmpty_read_fromPastEnd_byteArray [KEEP_OR_DELETE_FILES [8192, 0]]" classname="com.google.common.jimfs.RegularFileTest$RegularFileTestRunner" time="0.0"/>
  <testcase name="testNonEmpty_read_fromPastEnd_singleBuffer [KEEP_OR_DELETE_FILES [8192, 0]]" classname="com.google.common.jimfs.RegularFileTest$RegularFileTestRunner" time="0.0"/>
  <testcase name="testNonEmpty_read_fromPastEnd_multipleBuffers [KEEP_OR_DELETE_FILES [8192, 0]]" classname="com.google.common.jimfs.RegularFileTest$RegularFileTestRunner" time="0.0"/>
  <testcase name="testNonEmpty_write_partial_fromStart_singleByte [KEEP_OR_DELETE_FILES [8192, 0]]" classname="com.google.common.jimfs.RegularFileTest$RegularFileTestRunner" time="0.0"/>
  <testcase name="testNonEmpty_write_partial_fromMiddle_singleByte [KEEP_OR_DELETE_FILES [8192, 0]]" classname="com.google.common.jimfs.RegularFileTest$RegularFileTestRunner" time="0.0"/>
  <testcase name="testNonEmpty_write_partial_fromEnd_singleByte [KEEP_OR_DELETE_FILES [8192, 0]]" classname="com.google.common.jimfs.RegularFileTest$RegularFileTestRunner" time="0.0"/>
  <testcase name="testNonEmpty_write_partial_fromStart_byteArray [KEEP_OR_DELETE_FILES [8192, 0]]" classname="com.google.common.jimfs.RegularFileTest$RegularFileTestRunner" time="0.0"/>
  <testcase name="testNonEmpty_write_partial_fromMiddle_byteArray [KEEP_OR_DELETE_FILES [8192, 0]]" classname="com.google.common.jimfs.RegularFileTest$RegularFileTestRunner" time="0.0"/>
  <testcase name="testNonEmpty_write_partial_fromBeforeEnd_byteArray [KEEP_OR_DELETE_FILES [8192, 0]]" classname="com.google.common.jimfs.RegularFileTest$RegularFileTestRunner" time="0.0"/>
  <testcase name="testNonEmpty_write_partial_fromEnd_byteArray [KEEP_OR_DELETE_FILES [8192, 0]]" classname="com.google.common.jimfs.RegularFileTest$RegularFileTestRunner" time="0.0"/>
  <testcase name="testNonEmpty_write_partial_fromPastEnd_byteArray [KEEP_OR_DELETE_FILES [8192, 0]]" classname="com.google.common.jimfs.RegularFileTest$RegularFileTestRunner" time="0.0"/>
  <testcase name="testNonEmpty_write_partial_fromStart_singleBuffer [KEEP_OR_DELETE_FILES [8192, 0]]" classname="com.google.common.jimfs.RegularFileTest$RegularFileTestRunner" time="0.0"/>
  <testcase name="testNonEmpty_write_partial_fromMiddle_singleBuffer [KEEP_OR_DELETE_FILES [8192, 0]]" classname="com.google.common.jimfs.RegularFileTest$RegularFileTestRunner" time="0.0"/>
  <testcase name="testNonEmpty_write_partial_fromEnd_singleBuffer [KEEP_OR_DELETE_FILES [8192, 0]]" classname="com.google.common.jimfs.RegularFileTest$RegularFileTestRunner" time="0.0"/>
  <testcase name="testNonEmpty_write_partial_fromPastEnd_singleBuffer [KEEP_OR_DELETE_FILES [8192, 0]]" classname="com.google.common.jimfs.RegularFileTest$RegularFileTestRunner" time="0.0"/>
  <testcase name="testNonEmpty_write_partial_fromStart_multipleBuffers [KEEP_OR_DELETE_FILES [8192, 0]]" classname="com.google.common.jimfs.RegularFileTest$RegularFileTestRunner" time="0.0"/>
  <testcase name="testNonEmpty_write_partial_fromMiddle_multipleBuffers [KEEP_OR_DELETE_FILES [8192, 0]]" classname="com.google.common.jimfs.RegularFileTest$RegularFileTestRunner" time="0.0"/>
  <testcase name="testNonEmpty_write_partial_fromBeforeEnd_multipleBuffers [KEEP_OR_DELETE_FILES [8192, 0]]" classname="com.google.common.jimfs.RegularFileTest$RegularFileTestRunner" time="0.0"/>
  <testcase name="testNonEmpty_write_partial_fromEnd_multipleBuffers [KEEP_OR_DELETE_FILES [8192, 0]]" classname="com.google.common.jimfs.RegularFileTest$RegularFileTestRunner" time="0.0"/>
  <testcase name="testNonEmpty_write_partial_fromPastEnd_multipleBuffers [KEEP_OR_DELETE_FILES [8192, 0]]" classname="com.google.common.jimfs.RegularFileTest$RegularFileTestRunner" time="0.0"/>
  <testcase name="testNonEmpty_write_overwrite_sameLength [KEEP_OR_DELETE_FILES [8192, 0]]" classname="com.google.common.jimfs.RegularFileTest$RegularFileTestRunner" time="0.0"/>
  <testcase name="testNonEmpty_write_overwrite_greaterLength [KEEP_OR_DELETE_FILES [8192, 0]]" classname="com.google.common.jimfs.RegularFileTest$RegularFileTestRunner" time="0.0"/>
  <testcase name="testNonEmpty_transferTo_fromStart_countEqualsSize [KEEP_OR_DELETE_FILES [8192, 0]]" classname="com.google.common.jimfs.RegularFileTest$RegularFileTestRunner" time="0.0"/>
  <testcase name="testNonEmpty_transferTo_fromStart_countLessThanSize [KEEP_OR_DELETE_FILES [8192, 0]]" classname="com.google.common.jimfs.RegularFileTest$RegularFileTestRunner" time="0.0"/>
  <testcase name="testNonEmpty_transferTo_fromMiddle_countEqualsSize [KEEP_OR_DELETE_FILES [8192, 0]]" classname="com.google.common.jimfs.RegularFileTest$RegularFileTestRunner" time="0.0"/>
  <testcase name="testNonEmpty_transferTo_fromMiddle_countLessThanSize [KEEP_OR_DELETE_FILES [8192, 0]]" classname="com.google.common.jimfs.RegularFileTest$RegularFileTestRunner" time="0.0"/>
  <testcase name="testNonEmpty_transferFrom_toStart_countEqualsSrcSize [KEEP_OR_DELETE_FILES [8192, 0]]" classname="com.google.common.jimfs.RegularFileTest$RegularFileTestRunner" time="0.0"/>
  <testcase name="testNonEmpty_transferFrom_toStart_countLessThanSrcSize [KEEP_OR_DELETE_FILES [8192, 0]]" classname="com.google.common.jimfs.RegularFileTest$RegularFileTestRunner" time="0.0"/>
  <testcase name="testNonEmpty_transferFrom_toStart_countGreaterThanSrcSize [KEEP_OR_DELETE_FILES [8192, 0]]" classname="com.google.common.jimfs.RegularFileTest$RegularFileTestRunner" time="0.0"/>
  <testcase name="testNonEmpty_transferFrom_toMiddle_countEqualsSrcSize [KEEP_OR_DELETE_FILES [8192, 0]]" classname="com.google.common.jimfs.RegularFileTest$RegularFileTestRunner" time="0.0"/>
  <testcase name="testNonEmpty_transferFrom_toMiddle_countLessThanSrcSize [KEEP_OR_DELETE_FILES [8192, 0]]" classname="com.google.common.jimfs.RegularFileTest$RegularFileTestRunner" time="0.0"/>
  <testcase name="testNonEmpty_transferFrom_toMiddle_countGreaterThanSrcSize [KEEP_OR_DELETE_FILES [8192, 0]]" classname="com.google.common.jimfs.RegularFileTest$RegularFileTestRunner" time="0.0"/>
  <testcase name="testNonEmpty_transferFrom_toMiddle_transferGoesBeyondContentSize [KEEP_OR_DELETE_FILES [8192, 0]]" classname="com.google.common.jimfs.RegularFileTest$RegularFileTestRunner" time="0.0"/>
  <testcase name="testNonEmpty_transferFrom_toEnd [KEEP_OR_DELETE_FILES [8192, 0]]" classname="com.google.common.jimfs.RegularFileTest$RegularFileTestRunner" time="0.0"/>
  <testcase name="testNonEmpty_transferFrom_positionGreaterThanSize [KEEP_OR_DELETE_FILES [8192, 0]]" classname="com.google.common.jimfs.RegularFileTest$RegularFileTestRunner" time="0.0"/>
  <testcase name="testNonEmpty_transferFrom_hugeOverestimateCount [KEEP_OR_DELETE_FILES [8192, 0]]" classname="com.google.common.jimfs.RegularFileTest$RegularFileTestRunner" time="0.0"/>
  <testcase name="testNonEmpty_copy [KEEP_OR_DELETE_FILES [8192, 0]]" classname="com.google.common.jimfs.RegularFileTest$RegularFileTestRunner" time="0.0"/>
  <testcase name="testNonEmpty_copy_multipleTimes [KEEP_OR_DELETE_FILES [8192, 0]]" classname="com.google.common.jimfs.RegularFileTest$RegularFileTestRunner" time="0.0"/>
  <testcase name="testNonEmpty_truncate_toZero [KEEP_OR_DELETE_FILES [8192, 0]]" classname="com.google.common.jimfs.RegularFileTest$RegularFileTestRunner" time="0.0"/>
  <testcase name="testNonEmpty_truncate_partial [KEEP_OR_DELETE_FILES [8192, 0]]" classname="com.google.common.jimfs.RegularFileTest$RegularFileTestRunner" time="0.0"/>
  <testcase name="testNonEmpty_truncate_sizeUp [KEEP_OR_DELETE_FILES [8192, 0]]" classname="com.google.common.jimfs.RegularFileTest$RegularFileTestRunner" time="0.0"/>
  <testcase name="testDeletedStoreRemainsUsableWhileOpen [KEEP_OR_DELETE_FILES [8192, 0]]" classname="com.google.common.jimfs.RegularFileTest$RegularFileTestRunner" time="0.0"/>
  <testcase name="testEmpty_write_singleByte_atNonZeroPosition [KEEP_OR_DELETE_FILES [8192, -1]]" classname="com.google.common.jimfs.RegularFileTest$RegularFileTestRunner" time="0.0"/>
  <testcase name="testNonEmpty_write_partial_fromBeforeEnd_singleBuffer [KEEP_OR_DELETE_FILES [8192, -1]]" classname="com.google.common.jimfs.RegularFileTest$RegularFileTestRunner" time="0.0"/>
  <testcase name="testEmpty_transferFrom_positionGreaterThanSize_countLessThanSrcSize [KEEP_OR_DELETE_FILES [8192, -1]]" classname="com.google.common.jimfs.RegularFileTest$RegularFileTestRunner" time="0.0"/>
  <testcase name="testEmpty_write_singleByte_atStart [KEEP_OR_DELETE_FILES [8192, -1]]" classname="com.google.common.jimfs.RegularFileTest$RegularFileTestRunner" time="0.0"/>
  <testcase name="testEmpty_write_byteArray_atStart [KEEP_OR_DELETE_FILES [8192, -1]]" classname="com.google.common.jimfs.RegularFileTest$RegularFileTestRunner" time="0.0"/>
  <testcase name="testEmpty_write_singleBuffer_atNonZeroPosition [KEEP_OR_DELETE_FILES [8192, -1]]" classname="com.google.common.jimfs.RegularFileTest$RegularFileTestRunner" time="0.0"/>
  <testcase name="testEmpty_write_multipleBuffers_atNonZeroPosition [KEEP_OR_DELETE_FILES [8192, -1]]" classname="com.google.common.jimfs.RegularFileTest$RegularFileTestRunner" time="0.0"/>
  <testcase name="testEmpty_write_noBytesArray_atStart [KEEP_OR_DELETE_FILES [8192, -1]]" classname="com.google.common.jimfs.RegularFileTest$RegularFileTestRunner" time="0.0"/>
  <testcase name="testEmpty_write_noBytesArray_atNonZeroPosition [KEEP_OR_DELETE_FILES [8192, -1]]" classname="com.google.common.jimfs.RegularFileTest$RegularFileTestRunner" time="0.0"/>
  <testcase name="testEmpty_write_noBytesBuffer_atStart [KEEP_OR_DELETE_FILES [8192, -1]]" classname="com.google.common.jimfs.RegularFileTest$RegularFileTestRunner" time="0.0"/>
  <testcase name="testEmpty_write_noBytesBuffer_atNonZeroPosition [KEEP_OR_DELETE_FILES [8192, -1]]" classname="com.google.common.jimfs.RegularFileTest$RegularFileTestRunner" time="0.0"/>
  <testcase name="testEmpty_write_noBytesBuffers_atStart [KEEP_OR_DELETE_FILES [8192, -1]]" classname="com.google.common.jimfs.RegularFileTest$RegularFileTestRunner" time="0.0"/>
  <testcase name="testEmpty_write_noBytesBuffers_atNonZeroPosition [KEEP_OR_DELETE_FILES [8192, -1]]" classname="com.google.common.jimfs.RegularFileTest$RegularFileTestRunner" time="0.0"/>
  <testcase name="testEmpty_transferFrom_fromStart_countEqualsSrcSize [KEEP_OR_DELETE_FILES [8192, -1]]" classname="com.google.common.jimfs.RegularFileTest$RegularFileTestRunner" time="0.0"/>
  <testcase name="testEmpty_transferFrom_fromStart_countLessThanSrcSize [KEEP_OR_DELETE_FILES [8192, -1]]" classname="com.google.common.jimfs.RegularFileTest$RegularFileTestRunner" time="0.0"/>
  <testcase name="testEmpty_transferFrom_fromStart_countGreaterThanSrcSize [KEEP_OR_DELETE_FILES [8192, -1]]" classname="com.google.common.jimfs.RegularFileTest$RegularFileTestRunner" time="0.0"/>
  <testcase name="testEmpty_transferFrom_positionGreaterThanSize [KEEP_OR_DELETE_FILES [8192, -1]]" classname="com.google.common.jimfs.RegularFileTest$RegularFileTestRunner" time="0.0"/>
  <testcase name="testEmpty_transferFrom_positionGreaterThanSize_countEqualsSrcSize [KEEP_OR_DELETE_FILES [8192, -1]]" classname="com.google.common.jimfs.RegularFileTest$RegularFileTestRunner" time="0.0"/>
  <testcase name="testEmpty_transferFrom_fromStart_noBytes_countEqualsSrcSize [KEEP_OR_DELETE_FILES [8192, -1]]" classname="com.google.common.jimfs.RegularFileTest$RegularFileTestRunner" time="0.0"/>
  <testcase name="testEmpty_transferFrom_fromStart_noBytes_countGreaterThanSrcSize [KEEP_OR_DELETE_FILES [8192, -1]]" classname="com.google.common.jimfs.RegularFileTest$RegularFileTestRunner" time="0.0"/>
  <testcase name="testEmpty_transferFrom_postionGreaterThanSrcSize_noBytes_countEqualsSrcSize [KEEP_OR_DELETE_FILES [8192, -1]]" classname="com.google.common.jimfs.RegularFileTest$RegularFileTestRunner" time="0.0"/>
  <testcase name="testEmpty_transferFrom_postionGreaterThanSrcSize_noBytes_countGreaterThanSrcSize [KEEP_OR_DELETE_FILES [8192, -1]]" classname="com.google.common.jimfs.RegularFileTest$RegularFileTestRunner" time="0.0"/>
  <testcase name="testEmpty_transferTo [KEEP_OR_DELETE_FILES [8192, -1]]" classname="com.google.common.jimfs.RegularFileTest$RegularFileTestRunner" time="0.0"/>
  <testcase name="testEmpty_copy [KEEP_OR_DELETE_FILES [8192, -1]]" classname="com.google.common.jimfs.RegularFileTest$RegularFileTestRunner" time="0.0"/>
  <testcase name="testEmpty_truncate_toZero [KEEP_OR_DELETE_FILES [8192, -1]]" classname="com.google.common.jimfs.RegularFileTest$RegularFileTestRunner" time="0.0"/>
  <testcase name="testEmpty_truncate_sizeUp [KEEP_OR_DELETE_FILES [8192, -1]]" classname="com.google.common.jimfs.RegularFileTest$RegularFileTestRunner" time="0.0"/>
  <testcase name="testNonEmpty [KEEP_OR_DELETE_FILES [8192, -1]]" classname="com.google.common.jimfs.RegularFileTest$RegularFileTestRunner" time="0.0"/>
  <testcase name="testNonEmpty_read_singleByte [KEEP_OR_DELETE_FILES [8192, -1]]" classname="com.google.common.jimfs.RegularFileTest$RegularFileTestRunner" time="0.0"/>
  <testcase name="testNonEmpty_read_all_byteArray [KEEP_OR_DELETE_FILES [8192, -1]]" classname="com.google.common.jimfs.RegularFileTest$RegularFileTestRunner" time="0.0"/>
  <testcase name="testNonEmpty_read_all_singleBuffer [KEEP_OR_DELETE_FILES [8192, -1]]" classname="com.google.common.jimfs.RegularFileTest$RegularFileTestRunner" time="0.0"/>
  <testcase name="testNonEmpty_read_all_multipleBuffers [KEEP_OR_DELETE_FILES [8192, -1]]" classname="com.google.common.jimfs.RegularFileTest$RegularFileTestRunner" time="0.0"/>
  <testcase name="testNonEmpty_read_all_byteArray_largerThanContent [KEEP_OR_DELETE_FILES [8192, -1]]" classname="com.google.common.jimfs.RegularFileTest$RegularFileTestRunner" time="0.0"/>
  <testcase name="testNonEmpty_read_all_singleBuffer_largerThanContent [KEEP_OR_DELETE_FILES [8192, -1]]" classname="com.google.common.jimfs.RegularFileTest$RegularFileTestRunner" time="0.0"/>
  <testcase name="testNonEmpty_read_all_multipleBuffers_largerThanContent [KEEP_OR_DELETE_FILES [8192, -1]]" classname="com.google.common.jimfs.RegularFileTest$RegularFileTestRunner" time="0.0"/>
  <testcase name="testNonEmpty_read_all_multipleBuffers_extraBuffers [KEEP_OR_DELETE_FILES [8192, -1]]" classname="com.google.common.jimfs.RegularFileTest$RegularFileTestRunner" time="0.0"/>
  <testcase name="testNonEmpty_read_partial_fromStart_byteArray [KEEP_OR_DELETE_FILES [8192, -1]]" classname="com.google.common.jimfs.RegularFileTest$RegularFileTestRunner" time="0.0"/>
  <testcase name="testNonEmpty_read_partial_fromMiddle_byteArray [KEEP_OR_DELETE_FILES [8192, -1]]" classname="com.google.common.jimfs.RegularFileTest$RegularFileTestRunner" time="0.0"/>
  <testcase name="testNonEmpty_read_partial_fromEnd_byteArray [KEEP_OR_DELETE_FILES [8192, -1]]" classname="com.google.common.jimfs.RegularFileTest$RegularFileTestRunner" time="0.0"/>
  <testcase name="testNonEmpty_read_partial_fromStart_singleBuffer [KEEP_OR_DELETE_FILES [8192, -1]]" classname="com.google.common.jimfs.RegularFileTest$RegularFileTestRunner" time="0.0"/>
  <testcase name="testNonEmpty_read_partial_fromMiddle_singleBuffer [KEEP_OR_DELETE_FILES [8192, -1]]" classname="com.google.common.jimfs.RegularFileTest$RegularFileTestRunner" time="0.0"/>
  <testcase name="testNonEmpty_read_partial_fromEnd_singleBuffer [KEEP_OR_DELETE_FILES [8192, -1]]" classname="com.google.common.jimfs.RegularFileTest$RegularFileTestRunner" time="0.0"/>
  <testcase name="testEmpty_write_multipleBuffers_atStart [KEEP_OR_DELETE_FILES [8192, -1]]" classname="com.google.common.jimfs.RegularFileTest$RegularFileTestRunner" time="0.0"/>
  <testcase name="testEmpty_write_byteArray_atNonZeroPosition [KEEP_OR_DELETE_FILES [8192, -1]]" classname="com.google.common.jimfs.RegularFileTest$RegularFileTestRunner" time="0.0"/>
  <testcase name="testEmpty_read_singleByte [KEEP_OR_DELETE_FILES [8192, -1]]" classname="com.google.common.jimfs.RegularFileTest$RegularFileTestRunner" time="0.0"/>
  <testcase name="testEmpty_read_byteArray [KEEP_OR_DELETE_FILES [8192, -1]]" classname="com.google.common.jimfs.RegularFileTest$RegularFileTestRunner" time="0.0"/>
  <testcase name="testEmpty_read_singleBuffer [KEEP_OR_DELETE_FILES [8192, -1]]" classname="com.google.common.jimfs.RegularFileTest$RegularFileTestRunner" time="0.0"/>
  <testcase name="testEmpty_read_multipleBuffers [KEEP_OR_DELETE_FILES [8192, -1]]" classname="com.google.common.jimfs.RegularFileTest$RegularFileTestRunner" time="0.0"/>
  <testcase name="testEmpty_write_partialByteArray_atNonZeroPosition [KEEP_OR_DELETE_FILES [8192, -1]]" classname="com.google.common.jimfs.RegularFileTest$RegularFileTestRunner" time="0.0"/>
  <testcase name="testEmpty_write_singleBuffer_atStart [KEEP_OR_DELETE_FILES [8192, -1]]" classname="com.google.common.jimfs.RegularFileTest$RegularFileTestRunner" time="0.0"/>
  <testcase name="testEmpty_write_partialByteArray_atStart [KEEP_OR_DELETE_FILES [8192, -1]]" classname="com.google.common.jimfs.RegularFileTest$RegularFileTestRunner" time="0.0"/>
  <testcase name="testEmpty_transferFrom_positionGreaterThanSize_countGreaterThanSrcSize [KEEP_OR_DELETE_FILES [8192, -1]]" classname="com.google.common.jimfs.RegularFileTest$RegularFileTestRunner" time="0.0"/>
  <testcase name="testEmpty [KEEP_OR_DELETE_FILES [8192, -1]]" classname="com.google.common.jimfs.RegularFileTest$RegularFileTestRunner" time="0.0"/>
  <testcase name="testNonEmpty_read_partial_fromStart_multipleBuffers [KEEP_OR_DELETE_FILES [8192, -1]]" classname="com.google.common.jimfs.RegularFileTest$RegularFileTestRunner" time="0.0"/>
  <testcase name="testNonEmpty_read_partial_fromMiddle_multipleBuffers [KEEP_OR_DELETE_FILES [8192, -1]]" classname="com.google.common.jimfs.RegularFileTest$RegularFileTestRunner" time="0.0"/>
  <testcase name="testNonEmpty_read_partial_fromEnd_multipleBuffers [KEEP_OR_DELETE_FILES [8192, -1]]" classname="com.google.common.jimfs.RegularFileTest$RegularFileTestRunner" time="0.0"/>
  <testcase name="testNonEmpty_read_fromPastEnd_byteArray [KEEP_OR_DELETE_FILES [8192, -1]]" classname="com.google.common.jimfs.RegularFileTest$RegularFileTestRunner" time="0.0"/>
  <testcase name="testNonEmpty_read_fromPastEnd_singleBuffer [KEEP_OR_DELETE_FILES [8192, -1]]" classname="com.google.common.jimfs.RegularFileTest$RegularFileTestRunner" time="0.0"/>
  <testcase name="testNonEmpty_read_fromPastEnd_multipleBuffers [KEEP_OR_DELETE_FILES [8192, -1]]" classname="com.google.common.jimfs.RegularFileTest$RegularFileTestRunner" time="0.0"/>
  <testcase name="testNonEmpty_write_partial_fromStart_singleByte [KEEP_OR_DELETE_FILES [8192, -1]]" classname="com.google.common.jimfs.RegularFileTest$RegularFileTestRunner" time="0.0"/>
  <testcase name="testNonEmpty_write_partial_fromMiddle_singleByte [KEEP_OR_DELETE_FILES [8192, -1]]" classname="com.google.common.jimfs.RegularFileTest$RegularFileTestRunner" time="0.0"/>
  <testcase name="testNonEmpty_write_partial_fromEnd_singleByte [KEEP_OR_DELETE_FILES [8192, -1]]" classname="com.google.common.jimfs.RegularFileTest$RegularFileTestRunner" time="0.0"/>
  <testcase name="testNonEmpty_write_partial_fromStart_byteArray [KEEP_OR_DELETE_FILES [8192, -1]]" classname="com.google.common.jimfs.RegularFileTest$RegularFileTestRunner" time="0.0"/>
  <testcase name="testNonEmpty_write_partial_fromMiddle_byteArray [KEEP_OR_DELETE_FILES [8192, -1]]" classname="com.google.common.jimfs.RegularFileTest$RegularFileTestRunner" time="0.0"/>
  <testcase name="testNonEmpty_write_partial_fromBeforeEnd_byteArray [KEEP_OR_DELETE_FILES [8192, -1]]" classname="com.google.common.jimfs.RegularFileTest$RegularFileTestRunner" time="0.0"/>
  <testcase name="testNonEmpty_write_partial_fromEnd_byteArray [KEEP_OR_DELETE_FILES [8192, -1]]" classname="com.google.common.jimfs.RegularFileTest$RegularFileTestRunner" time="0.0"/>
  <testcase name="testNonEmpty_write_partial_fromPastEnd_byteArray [KEEP_OR_DELETE_FILES [8192, -1]]" classname="com.google.common.jimfs.RegularFileTest$RegularFileTestRunner" time="0.0"/>
  <testcase name="testNonEmpty_write_partial_fromStart_singleBuffer [KEEP_OR_DELETE_FILES [8192, -1]]" classname="com.google.common.jimfs.RegularFileTest$RegularFileTestRunner" time="0.0"/>
  <testcase name="testNonEmpty_write_partial_fromMiddle_singleBuffer [KEEP_OR_DELETE_FILES [8192, -1]]" classname="com.google.common.jimfs.RegularFileTest$RegularFileTestRunner" time="0.0"/>
  <testcase name="testNonEmpty_write_partial_fromEnd_singleBuffer [KEEP_OR_DELETE_FILES [8192, -1]]" classname="com.google.common.jimfs.RegularFileTest$RegularFileTestRunner" time="0.0"/>
  <testcase name="testNonEmpty_write_partial_fromPastEnd_singleBuffer [KEEP_OR_DELETE_FILES [8192, -1]]" classname="com.google.common.jimfs.RegularFileTest$RegularFileTestRunner" time="0.0"/>
  <testcase name="testNonEmpty_write_partial_fromStart_multipleBuffers [KEEP_OR_DELETE_FILES [8192, -1]]" classname="com.google.common.jimfs.RegularFileTest$RegularFileTestRunner" time="0.0"/>
  <testcase name="testNonEmpty_write_partial_fromMiddle_multipleBuffers [KEEP_OR_DELETE_FILES [8192, -1]]" classname="com.google.common.jimfs.RegularFileTest$RegularFileTestRunner" time="0.0"/>
  <testcase name="testNonEmpty_write_partial_fromBeforeEnd_multipleBuffers [KEEP_OR_DELETE_FILES [8192, -1]]" classname="com.google.common.jimfs.RegularFileTest$RegularFileTestRunner" time="0.0"/>
  <testcase name="testNonEmpty_write_partial_fromEnd_multipleBuffers [KEEP_OR_DELETE_FILES [8192, -1]]" classname="com.google.common.jimfs.RegularFileTest$RegularFileTestRunner" time="0.0"/>
  <testcase name="testNonEmpty_write_partial_fromPastEnd_multipleBuffers [KEEP_OR_DELETE_FILES [8192, -1]]" classname="com.google.common.jimfs.RegularFileTest$RegularFileTestRunner" time="0.0"/>
  <testcase name="testNonEmpty_write_overwrite_sameLength [KEEP_OR_DELETE_FILES [8192, -1]]" classname="com.google.common.jimfs.RegularFileTest$RegularFileTestRunner" time="0.0"/>
  <testcase name="testNonEmpty_write_overwrite_greaterLength [KEEP_OR_DELETE_FILES [8192, -1]]" classname="com.google.common.jimfs.RegularFileTest$RegularFileTestRunner" time="0.0"/>
  <testcase name="testNonEmpty_transferTo_fromStart_countEqualsSize [KEEP_OR_DELETE_FILES [8192, -1]]" classname="com.google.common.jimfs.RegularFileTest$RegularFileTestRunner" time="0.0"/>
  <testcase name="testNonEmpty_transferTo_fromStart_countLessThanSize [KEEP_OR_DELETE_FILES [8192, -1]]" classname="com.google.common.jimfs.RegularFileTest$RegularFileTestRunner" time="0.0"/>
  <testcase name="testNonEmpty_transferTo_fromMiddle_countEqualsSize [KEEP_OR_DELETE_FILES [8192, -1]]" classname="com.google.common.jimfs.RegularFileTest$RegularFileTestRunner" time="0.0"/>
  <testcase name="testNonEmpty_transferTo_fromMiddle_countLessThanSize [KEEP_OR_DELETE_FILES [8192, -1]]" classname="com.google.common.jimfs.RegularFileTest$RegularFileTestRunner" time="0.0"/>
  <testcase name="testNonEmpty_transferFrom_toStart_countEqualsSrcSize [KEEP_OR_DELETE_FILES [8192, -1]]" classname="com.google.common.jimfs.RegularFileTest$RegularFileTestRunner" time="0.0"/>
  <testcase name="testNonEmpty_transferFrom_toStart_countLessThanSrcSize [KEEP_OR_DELETE_FILES [8192, -1]]" classname="com.google.common.jimfs.RegularFileTest$RegularFileTestRunner" time="0.0"/>
  <testcase name="testNonEmpty_transferFrom_toStart_countGreaterThanSrcSize [KEEP_OR_DELETE_FILES [8192, -1]]" classname="com.google.common.jimfs.RegularFileTest$RegularFileTestRunner" time="0.0"/>
  <testcase name="testNonEmpty_transferFrom_toMiddle_countEqualsSrcSize [KEEP_OR_DELETE_FILES [8192, -1]]" classname="com.google.common.jimfs.RegularFileTest$RegularFileTestRunner" time="0.0"/>
  <testcase name="testNonEmpty_transferFrom_toMiddle_countLessThanSrcSize [KEEP_OR_DELETE_FILES [8192, -1]]" classname="com.google.common.jimfs.RegularFileTest$RegularFileTestRunner" time="0.0"/>
  <testcase name="testNonEmpty_transferFrom_toMiddle_countGreaterThanSrcSize [KEEP_OR_DELETE_FILES [8192, -1]]" classname="com.google.common.jimfs.RegularFileTest$RegularFileTestRunner" time="0.0"/>
  <testcase name="testNonEmpty_transferFrom_toMiddle_transferGoesBeyondContentSize [KEEP_OR_DELETE_FILES [8192, -1]]" classname="com.google.common.jimfs.RegularFileTest$RegularFileTestRunner" time="0.0"/>
  <testcase name="testNonEmpty_transferFrom_toEnd [KEEP_OR_DELETE_FILES [8192, -1]]" classname="com.google.common.jimfs.RegularFileTest$RegularFileTestRunner" time="0.0"/>
  <testcase name="testNonEmpty_transferFrom_positionGreaterThanSize [KEEP_OR_DELETE_FILES [8192, -1]]" classname="com.google.common.jimfs.RegularFileTest$RegularFileTestRunner" time="0.0"/>
  <testcase name="testNonEmpty_transferFrom_hugeOverestimateCount [KEEP_OR_DELETE_FILES [8192, -1]]" classname="com.google.common.jimfs.RegularFileTest$RegularFileTestRunner" time="0.0"/>
  <testcase name="testNonEmpty_copy [KEEP_OR_DELETE_FILES [8192, -1]]" classname="com.google.common.jimfs.RegularFileTest$RegularFileTestRunner" time="0.0"/>
  <testcase name="testNonEmpty_copy_multipleTimes [KEEP_OR_DELETE_FILES [8192, -1]]" classname="com.google.common.jimfs.RegularFileTest$RegularFileTestRunner" time="0.0"/>
  <testcase name="testNonEmpty_truncate_toZero [KEEP_OR_DELETE_FILES [8192, -1]]" classname="com.google.common.jimfs.RegularFileTest$RegularFileTestRunner" time="0.0"/>
  <testcase name="testNonEmpty_truncate_partial [KEEP_OR_DELETE_FILES [8192, -1]]" classname="com.google.common.jimfs.RegularFileTest$RegularFileTestRunner" time="0.0"/>
  <testcase name="testNonEmpty_truncate_sizeUp [KEEP_OR_DELETE_FILES [8192, -1]]" classname="com.google.common.jimfs.RegularFileTest$RegularFileTestRunner" time="0.0"/>
  <testcase name="testDeletedStoreRemainsUsableWhileOpen [KEEP_OR_DELETE_FILES [8192, -1]]" classname="com.google.common.jimfs.RegularFileTest$RegularFileTestRunner" time="0.0"/>
</testsuite>