<?xml version="1.0" encoding="UTF-8"?>
<testsuite xmlns:xsi="http://www.w3.org/2001/XMLSchema-instance" xsi:noNamespaceSchemaLocation="https://maven.apache.org/surefire/maven-surefire-plugin/xsd/surefire-test-report.xsd" version="3.0.2" name="com.google.common.jimfs.JimfsUnixLikeFileSystemTest" time="0.095" tests="101" errors="0" skipped="0" failures="0">
  <properties>
    <property name="java.specification.version" value="17"/>
    <property name="sun.jnu.encoding" value="ANSI_X3.4-1968"/>
    <property name="java.class.path" value="/jiefang/mutation_testing_research/benchmarks/jimfs/jimfs/target/test-classes:/jiefang/mutation_testing_research/benchmarks/jimfs/jimfs/target/classes:/root/.m2/repository/com/google/guava/guava/33.2.1-jre/guava-33.2.1-jre.jar:/root/.m2/repository/com/google/guava/failureaccess/1.0.2/failureaccess-1.0.2.jar:/root/.m2/repository/com/google/guava/listenablefuture/9999.0-empty-to-avoid-conflict-with-guava/listenablefuture-9999.0-empty-to-avoid-conflict-with-guava.jar:/root/.m2/repository/com/google/errorprone/error_prone_annotations/2.26.1/error_prone_annotations-2.26.1.jar:/root/.m2/repository/com/google/j2objc/j2objc-annotations/3.0.0/j2objc-annotations-3.0.0.jar:/root/.m2/repository/com/ibm/icu/icu4j/75.1/icu4j-75.1.jar:/root/.m2/repository/com/google/auto/service/auto-service-annotations/1.1.1/auto-service-annotations-1.1.1.jar:/root/.m2/repository/com/google/code/findbugs/jsr305/3.0.2/jsr305-3.0.2.jar:/root/.m2/repository/org/checkerframework/checker-qual/3.46.0/checker-qual-3.46.0.jar:/root/.m2/repository/junit/junit/4.13.2/junit-4.13.2.jar:/root/.m2/repository/org/hamcrest/hamcrest-core/1.3/hamcrest-core-1.3.jar:/root/.m2/repository/com/google/guava/guava-testlib/33.2.1-jre/guava-testlib-33.2.1-jre.jar:/root/.m2/repository/com/google/truth/truth/1.4.4/truth-1.4.4.jar:/root/.m2/repository/org/jspecify/jspecify/0.3.0/jspecify-0.3.0.jar:/root/.m2/repository/com/google/auto/value/auto-value-annotations/1.11.0/auto-value-annotations-1.11.0.jar:/root/.m2/repository/org/ow2/asm/asm/9.7/asm-9.7.jar:"/>
    <property name="java.vm.vendor" value="Ubuntu"/>
    <property name="sun.arch.data.model" value="64"/>
    <property name="java.vendor.url" value="https://ubuntu.com/"/>
    <property name="os.name" value="Linux"/>
    <property name="java.vm.specification.version" value="17"/>
    <property name="sun.java.launcher" value="SUN_STANDARD"/>
    <property name="user.country" value="US"/>
    <property name="sun.boot.library.path" value="/usr/lib/jvm/java-17-openjdk-amd64/lib"/>
    <property name="sun.java.command" value="/jiefang/mutation_testing_research/benchmarks/jimfs/jimfs/target/surefire/surefirebooter-20250207023820656_3.jar /jiefang/mutation_testing_research/benchmarks/jimfs/jimfs/target/surefire 2025-02-07T02-38-20_602-jvmRun1 surefire-20250207023820656_1tmp surefire_0-20250207023820656_2tmp"/>
    <property name="jdk.debug" value="release"/>
    <property name="surefire.test.class.path" value="/jiefang/mutation_testing_research/benchmarks/jimfs/jimfs/target/test-classes:/jiefang/mutation_testing_research/benchmarks/jimfs/jimfs/target/classes:/root/.m2/repository/com/google/guava/guava/33.2.1-jre/guava-33.2.1-jre.jar:/root/.m2/repository/com/google/guava/failureaccess/1.0.2/failureaccess-1.0.2.jar:/root/.m2/repository/com/google/guava/listenablefuture/9999.0-empty-to-avoid-conflict-with-guava/listenablefuture-9999.0-empty-to-avoid-conflict-with-guava.jar:/root/.m2/repository/com/google/errorprone/error_prone_annotations/2.26.1/error_prone_annotations-2.26.1.jar:/root/.m2/repository/com/google/j2objc/j2objc-annotations/3.0.0/j2objc-annotations-3.0.0.jar:/root/.m2/repository/com/ibm/icu/icu4j/75.1/icu4j-75.1.jar:/root/.m2/repository/com/google/auto/service/auto-service-annotations/1.1.1/auto-service-annotations-1.1.1.jar:/root/.m2/repository/com/google/code/findbugs/jsr305/3.0.2/jsr305-3.0.2.jar:/root/.m2/repository/org/checkerframework/checker-qual/3.46.0/checker-qual-3.46.0.jar:/root/.m2/repository/junit/junit/4.13.2/junit-4.13.2.jar:/root/.m2/repository/org/hamcrest/hamcrest-core/1.3/hamcrest-core-1.3.jar:/root/.m2/repository/com/google/guava/guava-testlib/33.2.1-jre/guava-testlib-33.2.1-jre.jar:/root/.m2/repository/com/google/truth/truth/1.4.4/truth-1.4.4.jar:/root/.m2/repository/org/jspecify/jspecify/0.3.0/jspecify-0.3.0.jar:/root/.m2/repository/com/google/auto/value/auto-value-annotations/1.11.0/auto-value-annotations-1.11.0.jar:/root/.m2/repository/org/ow2/asm/asm/9.7/asm-9.7.jar:"/>
    <property name="sun.cpu.endian" value="little"/>
    <property name="user.home" value="/root"/>
    <property name="user.language" value="en"/>
    <property name="java.specification.vendor" value="Oracle Corporation"/>
    <property name="java.version.date" value="2024-07-16"/>
    <property name="java.home" value="/usr/lib/jvm/java-17-openjdk-amd64"/>
    <property name="file.separator" value="/"/>
    <property name="basedir" value="/jiefang/mutation_testing_research/benchmarks/jimfs/jimfs"/>
    <property name="java.vm.compressedOopsMode" value="Zero based"/>
    <property name="line.separator" value="&#10;"/>
    <property name="java.vm.specification.vendor" value="Oracle Corporation"/>
    <property name="java.specification.name" value="Java Platform API Specification"/>
    <property name="surefire.real.class.path" value="/jiefang/mutation_testing_research/benchmarks/jimfs/jimfs/target/surefire/surefirebooter-20250207023820656_3.jar"/>
    <property name="java.protocol.handler.pkgs" value="com.google.common"/>
    <property name="sun.management.compiler" value="HotSpot 64-Bit Tiered Compilers"/>
    <property name="java.runtime.version" value="17.0.12+7-Ubuntu-1ubuntu222.04"/>
    <property name="user.name" value="root"/>
    <property name="path.separator" value=":"/>
    <property name="os.version" value="5.4.0-200-generic"/>
    <property name="java.runtime.name" value="OpenJDK Runtime Environment"/>
    <property name="file.encoding" value="ANSI_X3.4-1968"/>
    <property name="java.vm.name" value="OpenJDK 64-Bit Server VM"/>
    <property name="localRepository" value="/root/.m2/repository"/>
    <property name="java.vendor.url.bug" value="https://bugs.launchpad.net/ubuntu/+source/openjdk-17"/>
    <property name="java.io.tmpdir" value="/tmp"/>
    <property name="java.version" value="17.0.12"/>
    <property name="user.dir" value="/jiefang/mutation_testing_research/benchmarks/jimfs/jimfs"/>
    <property name="os.arch" value="amd64"/>
    <property name="java.vm.specification.name" value="Java Virtual Machine Specification"/>
    <property name="native.encoding" value="ANSI_X3.4-1968"/>
    <property name="java.library.path" value="/usr/java/packages/lib:/usr/lib/x86_64-linux-gnu/jni:/lib/x86_64-linux-gnu:/usr/lib/x86_64-linux-gnu:/usr/lib/jni:/lib:/usr/lib"/>
    <property name="java.vm.info" value="mixed mode, sharing"/>
    <property name="java.vendor" value="Ubuntu"/>
    <property name="java.vm.version" value="17.0.12+7-Ubuntu-1ubuntu222.04"/>
    <property name="sun.io.unicode.encoding" value="UnicodeLittle"/>
    <property name="java.class.version" value="61.0"/>
  </properties>
  <testcase name="testWrite_fileExistsButIsNotRegularFile" classname="com.google.common.jimfs.JimfsUnixLikeFileSystemTest" time="0.001"/>
  <testcase name="testSecureDirectoryStream" classname="com.google.common.jimfs.JimfsUnixLikeFileSystemTest" time="0.008"/>
  <testcase name="testOpenChannel_withInitialAttributes_fileExists" classname="com.google.common.jimfs.JimfsUnixLikeFileSystemTest" time="0.002"/>
  <testcase name="testClosedSecureDirectoryStreamAttributeViewAndIterator" classname="com.google.common.jimfs.JimfsUnixLikeFileSystemTest" time="0.001"/>
  <testcase name="testPaths_getFromUri" classname="com.google.common.jimfs.JimfsUnixLikeFileSystemTest" time="0.001"/>
  <testcase name="testCreateFile_withInitialAttributes_illegalInitialAttribute" classname="com.google.common.jimfs.JimfsUnixLikeFileSystemTest" time="0.001"/>
  <testcase name="testRead_forNewFile_isEmpty" classname="com.google.common.jimfs.JimfsUnixLikeFileSystemTest" time="0.001"/>
  <testcase name="testCreateDirectory_absolute" classname="com.google.common.jimfs.JimfsUnixLikeFileSystemTest" time="0.001"/>
  <testcase name="testDelete_file" classname="com.google.common.jimfs.JimfsUnixLikeFileSystemTest" time="0.001"/>
  <testcase name="testDelete_pathPermutations" classname="com.google.common.jimfs.JimfsUnixLikeFileSystemTest" time="0.005"/>
  <testcase name="testDelete_directory_cantDeleteNonEmptyDirectory" classname="com.google.common.jimfs.JimfsUnixLikeFileSystemTest" time="0.0"/>
  <testcase name="testIsSameFile_forPathFromDifferentFileSystemProvider" classname="com.google.common.jimfs.JimfsUnixLikeFileSystemTest" time="0.0"/>
  <testcase name="testSymbolicLinks" classname="com.google.common.jimfs.JimfsUnixLikeFileSystemTest" time="0.001"/>
  <testcase name="testCopy_directoryToPath" classname="com.google.common.jimfs.JimfsUnixLikeFileSystemTest" time="0.001"/>
  <testcase name="testSize_forFileAfterWrite_isNumberOfBytesWritten" classname="com.google.common.jimfs.JimfsUnixLikeFileSystemTest" time="0.0"/>
  <testcase name="testRead_forFileAfterWrite_isBytesWritten" classname="com.google.common.jimfs.JimfsUnixLikeFileSystemTest" time="0.001"/>
  <testcase name="testPaths_normalize" classname="com.google.common.jimfs.JimfsUnixLikeFileSystemTest" time="0.001"/>
  <testcase name="testSymbolicLinks_lookupOfAbsoluteSymlinkPathFromRelativePath" classname="com.google.common.jimfs.JimfsUnixLikeFileSystemTest" time="0.001"/>
  <testcase name="testPathMatchers_regex" classname="com.google.common.jimfs.JimfsUnixLikeFileSystemTest" time="0.001"/>
  <testcase name="testWriteLines_succeeds" classname="com.google.common.jimfs.JimfsUnixLikeFileSystemTest" time="0.0"/>
  <testcase name="testCreateFile_parentSymlinkDoesPointsToNonDirectory" classname="com.google.common.jimfs.JimfsUnixLikeFileSystemTest" time="0.001"/>
  <testcase name="testCreateFile_withInitialAttributes" classname="com.google.common.jimfs.JimfsUnixLikeFileSystemTest" time="0.0"/>
  <testcase name="testPaths" classname="com.google.common.jimfs.JimfsUnixLikeFileSystemTest" time="0.001"/>
  <testcase name="testCreateLink_relative" classname="com.google.common.jimfs.JimfsUnixLikeFileSystemTest" time="0.0"/>
  <testcase name="testDelete_file_whenOpenReferencesRemain" classname="com.google.common.jimfs.JimfsUnixLikeFileSystemTest" time="0.001"/>
  <testcase name="testLink" classname="com.google.common.jimfs.JimfsUnixLikeFileSystemTest" time="0.001"/>
  <testcase name="testMove" classname="com.google.common.jimfs.JimfsUnixLikeFileSystemTest" time="0.0"/>
  <testcase name="testNewFileSystem_hasRootAndWorkingDirectory" classname="com.google.common.jimfs.JimfsUnixLikeFileSystemTest" time="0.001"/>
  <testcase name="testLink_forSymbolicLink_usesSymbolicLinkTarget" classname="com.google.common.jimfs.JimfsUnixLikeFileSystemTest" time="0.0"/>
  <testcase name="testCopy_withoutReplaceExisting_failsWhenTargetExists" classname="com.google.common.jimfs.JimfsUnixLikeFileSystemTest" time="0.001"/>
  <testcase name="testCreateSymbolicLink_absolute" classname="com.google.common.jimfs.JimfsUnixLikeFileSystemTest" time="0.0"/>
  <testcase name="testCreateFile_absolute" classname="com.google.common.jimfs.JimfsUnixLikeFileSystemTest" time="0.001"/>
  <testcase name="testCreateFile_symlinkHigherInPathDoesNotExist" classname="com.google.common.jimfs.JimfsUnixLikeFileSystemTest" time="0.0"/>
  <testcase name="testCreateDirectory_withInitialAttributes" classname="com.google.common.jimfs.JimfsUnixLikeFileSystemTest" time="0.0"/>
  <testcase name="testPaths_resolve" classname="com.google.common.jimfs.JimfsUnixLikeFileSystemTest" time="0.001"/>
  <testcase name="testCopy_directoryToPath_doesNotCopyDirectoryContents" classname="com.google.common.jimfs.JimfsUnixLikeFileSystemTest" time="0.0"/>
  <testcase name="testFileStore" classname="com.google.common.jimfs.JimfsUnixLikeFileSystemTest" time="0.0"/>
  <testcase name="testRead_forFileAfterWriteLines_isLinesWritten" classname="com.google.common.jimfs.JimfsUnixLikeFileSystemTest" time="0.001"/>
  <testcase name="testPathMatchers_glob" classname="com.google.common.jimfs.JimfsUnixLikeFileSystemTest" time="0.002"/>
  <testcase name="testCreateFile_parentSymlinkDoesNotExist" classname="com.google.common.jimfs.JimfsUnixLikeFileSystemTest" time="0.001"/>
  <testcase name="testCreateFile_existing" classname="com.google.common.jimfs.JimfsUnixLikeFileSystemTest" time="0.0"/>
  <testcase name="testCopy_fileToOutputStream" classname="com.google.common.jimfs.JimfsUnixLikeFileSystemTest" time="0.0"/>
  <testcase name="testLink_failsForNonRegularFile" classname="com.google.common.jimfs.JimfsUnixLikeFileSystemTest" time="0.001"/>
  <testcase name="testOpenChannel_withInitialAttributes_createNewFile" classname="com.google.common.jimfs.JimfsUnixLikeFileSystemTest" time="0.0"/>
  <testcase name="testCreateFile_symlinkHigherInPathPointsToNonDirectory" classname="com.google.common.jimfs.JimfsUnixLikeFileSystemTest" time="0.001"/>
  <testcase name="testPaths_toAbsolutePath" classname="com.google.common.jimfs.JimfsUnixLikeFileSystemTest" time="0.0"/>
  <testcase name="testDelete_directory_cantDeleteRoot" classname="com.google.common.jimfs.JimfsUnixLikeFileSystemTest" time="0.0"/>
  <testcase name="testPaths_startsWith_endsWith" classname="com.google.common.jimfs.JimfsUnixLikeFileSystemTest" time="0.001"/>
  <testcase name="testCopy_toDifferentFileSystem" classname="com.google.common.jimfs.JimfsUnixLikeFileSystemTest" time="0.0"/>
  <testcase name="testMove_withoutReplaceExisting_failsWhenTargetExists" classname="com.google.common.jimfs.JimfsUnixLikeFileSystemTest" time="0.001"/>
  <testcase name="testCreateDirectory_relative" classname="com.google.common.jimfs.JimfsUnixLikeFileSystemTest" time="0.0"/>
  <testcase name="testDelete_directory_cantDeleteWorkingDirectoryByRelativePath" classname="com.google.common.jimfs.JimfsUnixLikeFileSystemTest" time="0.0"/>
  <testcase name="testCopy_doesNotSupportAtomicMove" classname="com.google.common.jimfs.JimfsUnixLikeFileSystemTest" time="0.001"/>
  <testcase name="testDelete_directory_canDeleteWorkingDirectoryByAbsolutePath" classname="com.google.common.jimfs.JimfsUnixLikeFileSystemTest" time="0.0"/>
  <testcase name="testUnsupportedFeatures" classname="com.google.common.jimfs.JimfsUnixLikeFileSystemTest" time="0.001"/>
  <testcase name="testSymbolicLinks_symlinkCycle" classname="com.google.common.jimfs.JimfsUnixLikeFileSystemTest" time="0.0"/>
  <testcase name="testPaths_areSortedCaseSensitive" classname="com.google.common.jimfs.JimfsUnixLikeFileSystemTest" time="0.0"/>
  <testcase name="testIsSameFile" classname="com.google.common.jimfs.JimfsUnixLikeFileSystemTest" time="0.001"/>
  <testcase name="testCopy_toDifferentFileSystem_copyAttributes" classname="com.google.common.jimfs.JimfsUnixLikeFileSystemTest" time="0.0"/>
  <testcase name="testCopy_withReplaceExisting" classname="com.google.common.jimfs.JimfsUnixLikeFileSystemTest" time="0.001"/>
  <testcase name="testCopy_symbolicLinkToPath" classname="com.google.common.jimfs.JimfsUnixLikeFileSystemTest" time="0.001"/>
  <testcase name="testCreateFile_parentDoesNotExist" classname="com.google.common.jimfs.JimfsUnixLikeFileSystemTest" time="0.0"/>
  <testcase name="testMove_cannotMoveDirIntoOwnSubtree" classname="com.google.common.jimfs.JimfsUnixLikeFileSystemTest" time="0.0"/>
  <testcase name="testRegularFileAccessAndModifiedTimeUpdates" classname="com.google.common.jimfs.JimfsUnixLikeFileSystemTest" time="0.012"/>
  <testcase name="testMove_toDifferentFileSystem" classname="com.google.common.jimfs.JimfsUnixLikeFileSystemTest" time="0.001"/>
  <testcase name="testCreateFile_parentIsNotDirectory" classname="com.google.common.jimfs.JimfsUnixLikeFileSystemTest" time="0.0"/>
  <testcase name="testOutputStream_withTruncateExistingAndNotWrite_truncatesFile" classname="com.google.common.jimfs.JimfsUnixLikeFileSystemTest" time="0.0"/>
  <testcase name="testPaths_equalityIsCaseSensitive" classname="com.google.common.jimfs.JimfsUnixLikeFileSystemTest" time="0.001"/>
  <testcase name="testCreateSymbolicLink_relative" classname="com.google.common.jimfs.JimfsUnixLikeFileSystemTest" time="0.0"/>
  <testcase name="testPaths_toRealPath" classname="com.google.common.jimfs.JimfsUnixLikeFileSystemTest" time="0.001"/>
  <testcase name="testWriteFile_withStandardOptions" classname="com.google.common.jimfs.JimfsUnixLikeFileSystemTest" time="0.0"/>
  <testcase name="testCopy_withReplaceExisting_cantReplaceNonEmptyDirectory" classname="com.google.common.jimfs.JimfsUnixLikeFileSystemTest" time="0.001"/>
  <testcase name="testCreateFile_relative" classname="com.google.common.jimfs.JimfsUnixLikeFileSystemTest" time="0.0"/>
  <testcase name="testFileSystem" classname="com.google.common.jimfs.JimfsUnixLikeFileSystemTest" time="0.001"/>
  <testcase name="testCreateLink_absolute" classname="com.google.common.jimfs.JimfsUnixLikeFileSystemTest" time="0.0"/>
  <testcase name="testCreateDirectories" classname="com.google.common.jimfs.JimfsUnixLikeFileSystemTest" time="0.001"/>
  <testcase name="testWriteLines_withStandardOptions" classname="com.google.common.jimfs.JimfsUnixLikeFileSystemTest" time="0.001"/>
  <testcase name="testCreateSymbolicLink_withInitialAttributes" classname="com.google.common.jimfs.JimfsUnixLikeFileSystemTest" time="0.0"/>
  <testcase name="testCopy_fileToPath" classname="com.google.common.jimfs.JimfsUnixLikeFileSystemTest" time="0.001"/>
  <testcase name="testCopy_inputStreamToFile" classname="com.google.common.jimfs.JimfsUnixLikeFileSystemTest" time="0.0"/>
  <testcase name="testSize_forNewFile_isZero" classname="com.google.common.jimfs.JimfsUnixLikeFileSystemTest" time="0.001"/>
  <testcase name="testDirectories_creatingDirectoryAddsOneLinkToParent" classname="com.google.common.jimfs.JimfsUnixLikeFileSystemTest" time="0.0"/>
  <testcase name="testCopy_withCopyAttributes" classname="com.google.common.jimfs.JimfsUnixLikeFileSystemTest" time="0.0"/>
  <testcase name="testWriteFile_succeeds" classname="com.google.common.jimfs.JimfsUnixLikeFileSystemTest" time="0.001"/>
  <testcase name="testPaths_toUri" classname="com.google.common.jimfs.JimfsUnixLikeFileSystemTest" time="0.0"/>
  <testcase name="testMove_movesSymbolicLinkNotTarget" classname="com.google.common.jimfs.JimfsUnixLikeFileSystemTest" time="0.0"/>
  <testcase name="testDelete_directory" classname="com.google.common.jimfs.JimfsUnixLikeFileSystemTest" time="0.001"/>
  <testcase name="testCreateFile_nonDirectoryHigherInPath" classname="com.google.common.jimfs.JimfsUnixLikeFileSystemTest" time="0.0"/>
  <testcase name="testPaths_relativize" classname="com.google.common.jimfs.JimfsUnixLikeFileSystemTest" time="0.001"/>
  <testcase name="testDirectories_creatingNonDirectoryDoesNotAddLinkToParent" classname="com.google.common.jimfs.JimfsUnixLikeFileSystemTest" time="0.0"/>
  <testcase name="testPathLookups" classname="com.google.common.jimfs.JimfsUnixLikeFileSystemTest" time="0.0"/>
  <testcase name="testClosedSecureDirectoryStream" classname="com.google.common.jimfs.JimfsUnixLikeFileSystemTest" time="0.001"/>
  <testcase name="testLink_failsWhenTargetDoesNotExist" classname="com.google.common.jimfs.JimfsUnixLikeFileSystemTest" time="0.0"/>
  <testcase name="testSecureDirectoryStreamBasedOnRelativePath" classname="com.google.common.jimfs.JimfsUnixLikeFileSystemTest" time="0.0"/>
  <testcase name="testStreams" classname="com.google.common.jimfs.JimfsUnixLikeFileSystemTest" time="0.002"/>
  <testcase name="testDirectories_newlyCreatedDirectoryHasTwoLinks" classname="com.google.common.jimfs.JimfsUnixLikeFileSystemTest" time="0.0"/>
  <testcase name="testPathMatchers_invalid" classname="com.google.common.jimfs.JimfsUnixLikeFileSystemTest" time="0.0"/>
  <testcase name="testOpenFile_withReadAndTruncateExisting_doesNotTruncateFile" classname="com.google.common.jimfs.JimfsUnixLikeFileSystemTest" time="0.001"/>
  <testcase name="testLinks_failsWhenTargetFileAlreadyExists" classname="com.google.common.jimfs.JimfsUnixLikeFileSystemTest" time="0.0"/>
  <testcase name="testDirectoryAccessAndModifiedTimeUpdates" classname="com.google.common.jimfs.JimfsUnixLikeFileSystemTest" time="0.005"/>
  <testcase name="testChannels" classname="com.google.common.jimfs.JimfsUnixLikeFileSystemTest" time="0.002"/>
</testsuite>