<?xml version="1.0" encoding="UTF-8"?>
<testsuite xmlns:xsi="http://www.w3.org/2001/XMLSchema-instance" xsi:noNamespaceSchemaLocation="https://maven.apache.org/surefire/maven-surefire-plugin/xsd/surefire-test-report.xsd" version="3.0.2" name="org.apache.commons.csv.CSVPrinterTest" time="3.925" tests="121" errors="0" skipped="7" failures="0">
  <properties>
    <property name="java.specification.version" value="17"/>
    <property name="sun.jnu.encoding" value="ANSI_X3.4-1968"/>
    <property name="java.class.path" value="/jiefang/mutation_testing_research/benchmarks/commons-csv/target/test-classes:/jiefang/mutation_testing_research/benchmarks/commons-csv/target/classes:/root/.m2/repository/org/junit/jupiter/junit-jupiter/5.11.0/junit-jupiter-5.11.0.jar:/root/.m2/repository/org/junit/jupiter/junit-jupiter-api/5.11.0/junit-jupiter-api-5.11.0.jar:/root/.m2/repository/org/opentest4j/opentest4j/1.3.0/opentest4j-1.3.0.jar:/root/.m2/repository/org/junit/platform/junit-platform-commons/1.11.0/junit-platform-commons-1.11.0.jar:/root/.m2/repository/org/apiguardian/apiguardian-api/1.1.2/apiguardian-api-1.1.2.jar:/root/.m2/repository/org/junit/jupiter/junit-jupiter-params/5.11.0/junit-jupiter-params-5.11.0.jar:/root/.m2/repository/org/junit/jupiter/junit-jupiter-engine/5.11.0/junit-jupiter-engine-5.11.0.jar:/root/.m2/repository/org/junit/platform/junit-platform-engine/1.11.0/junit-platform-engine-1.11.0.jar:/root/.m2/repository/org/hamcrest/hamcrest/3.0/hamcrest-3.0.jar:/root/.m2/repository/org/mockito/mockito-core/4.11.0/mockito-core-4.11.0.jar:/root/.m2/repository/net/bytebuddy/byte-buddy/1.12.19/byte-buddy-1.12.19.jar:/root/.m2/repository/net/bytebuddy/byte-buddy-agent/1.12.19/byte-buddy-agent-1.12.19.jar:/root/.m2/repository/org/objenesis/objenesis/3.3/objenesis-3.3.jar:/root/.m2/repository/commons-io/commons-io/2.17.0/commons-io-2.17.0.jar:/root/.m2/repository/commons-codec/commons-codec/1.17.1/commons-codec-1.17.1.jar:/root/.m2/repository/org/apache/commons/commons-lang3/3.17.0/commons-lang3-3.17.0.jar:/root/.m2/repository/com/h2database/h2/2.2.224/h2-2.2.224.jar:/root/.m2/repository/org/openjdk/jmh/jmh-core/1.37/jmh-core-1.37.jar:/root/.m2/repository/net/sf/jopt-simple/jopt-simple/5.0.4/jopt-simple-5.0.4.jar:/root/.m2/repository/org/apache/commons/commons-math3/3.6.1/commons-math3-3.6.1.jar:"/>
    <property name="java.vm.vendor" value="Ubuntu"/>
    <property name="sun.arch.data.model" value="64"/>
    <property name="java.vendor.url" value="https://ubuntu.com/"/>
    <property name="user.timezone" value="GMT"/>
    <property name="os.name" value="Linux"/>
    <property name="java.vm.specification.version" value="17"/>
    <property name="sun.java.launcher" value="SUN_STANDARD"/>
    <property name="user.country" value="US"/>
    <property name="sun.boot.library.path" value="/usr/lib/jvm/java-17-openjdk-amd64/lib"/>
    <property name="sun.java.command" value="/jiefang/mutation_testing_research/benchmarks/commons-csv/target/surefire/surefirebooter-20250207031540008_3.jar /jiefang/mutation_testing_research/benchmarks/commons-csv/target/surefire 2025-02-07T03-15-39_954-jvmRun1 surefire-20250207031540008_1tmp surefire_0-20250207031540008_2tmp"/>
    <property name="jdk.debug" value="release"/>
    <property name="surefire.test.class.path" value="/jiefang/mutation_testing_research/benchmarks/commons-csv/target/test-classes:/jiefang/mutation_testing_research/benchmarks/commons-csv/target/classes:/root/.m2/repository/org/junit/jupiter/junit-jupiter/5.11.0/junit-jupiter-5.11.0.jar:/root/.m2/repository/org/junit/jupiter/junit-jupiter-api/5.11.0/junit-jupiter-api-5.11.0.jar:/root/.m2/repository/org/opentest4j/opentest4j/1.3.0/opentest4j-1.3.0.jar:/root/.m2/repository/org/junit/platform/junit-platform-commons/1.11.0/junit-platform-commons-1.11.0.jar:/root/.m2/repository/org/apiguardian/apiguardian-api/1.1.2/apiguardian-api-1.1.2.jar:/root/.m2/repository/org/junit/jupiter/junit-jupiter-params/5.11.0/junit-jupiter-params-5.11.0.jar:/root/.m2/repository/org/junit/jupiter/junit-jupiter-engine/5.11.0/junit-jupiter-engine-5.11.0.jar:/root/.m2/repository/org/junit/platform/junit-platform-engine/1.11.0/junit-platform-engine-1.11.0.jar:/root/.m2/repository/org/hamcrest/hamcrest/3.0/hamcrest-3.0.jar:/root/.m2/repository/org/mockito/mockito-core/4.11.0/mockito-core-4.11.0.jar:/root/.m2/repository/net/bytebuddy/byte-buddy/1.12.19/byte-buddy-1.12.19.jar:/root/.m2/repository/net/bytebuddy/byte-buddy-agent/1.12.19/byte-buddy-agent-1.12.19.jar:/root/.m2/repository/org/objenesis/objenesis/3.3/objenesis-3.3.jar:/root/.m2/repository/commons-io/commons-io/2.17.0/commons-io-2.17.0.jar:/root/.m2/repository/commons-codec/commons-codec/1.17.1/commons-codec-1.17.1.jar:/root/.m2/repository/org/apache/commons/commons-lang3/3.17.0/commons-lang3-3.17.0.jar:/root/.m2/repository/com/h2database/h2/2.2.224/h2-2.2.224.jar:/root/.m2/repository/org/openjdk/jmh/jmh-core/1.37/jmh-core-1.37.jar:/root/.m2/repository/net/sf/jopt-simple/jopt-simple/5.0.4/jopt-simple-5.0.4.jar:/root/.m2/repository/org/apache/commons/commons-math3/3.6.1/commons-math3-3.6.1.jar:"/>
    <property name="sun.cpu.endian" value="little"/>
    <property name="user.home" value="/root"/>
    <property name="user.language" value="en"/>
    <property name="java.specification.vendor" value="Oracle Corporation"/>
    <property name="java.version.date" value="2024-07-16"/>
    <property name="java.home" value="/usr/lib/jvm/java-17-openjdk-amd64"/>
    <property name="file.separator" value="/"/>
    <property name="basedir" value="/jiefang/mutation_testing_research/benchmarks/commons-csv"/>
    <property name="java.vm.compressedOopsMode" value="Zero based"/>
    <property name="line.separator" value="&#10;"/>
    <property name="java.vm.specification.vendor" value="Oracle Corporation"/>
    <property name="java.specification.name" value="Java Platform API Specification"/>
    <property name="surefire.real.class.path" value="/jiefang/mutation_testing_research/benchmarks/commons-csv/target/surefire/surefirebooter-20250207031540008_3.jar"/>
    <property name="sun.management.compiler" value="HotSpot 64-Bit Tiered Compilers"/>
    <property name="java.runtime.version" value="17.0.12+7-Ubuntu-1ubuntu222.04"/>
    <property name="user.name" value="root"/>
    <property name="path.separator" value=":"/>
    <property name="os.version" value="5.4.0-200-generic"/>
    <property name="java.runtime.name" value="OpenJDK Runtime Environment"/>
    <property name="file.encoding" value="ANSI_X3.4-1968"/>
    <property name="java.vm.name" value="OpenJDK 64-Bit Server VM"/>
    <property name="localRepository" value="/root/.m2/repository"/>
    <property name="java.vendor.url.bug" value="https://bugs.launchpad.net/ubuntu/+source/openjdk-17"/>
    <property name="java.io.tmpdir" value="/tmp"/>
    <property name="java.version" value="17.0.12"/>
    <property name="user.dir" value="/jiefang/mutation_testing_research/benchmarks/commons-csv"/>
    <property name="os.arch" value="amd64"/>
    <property name="java.vm.specification.name" value="Java Virtual Machine Specification"/>
    <property name="native.encoding" value="ANSI_X3.4-1968"/>
    <property name="java.library.path" value="/usr/java/packages/lib:/usr/lib/x86_64-linux-gnu/jni:/lib/x86_64-linux-gnu:/usr/lib/x86_64-linux-gnu:/usr/lib/jni:/lib:/usr/lib"/>
    <property name="java.vm.info" value="mixed mode, sharing"/>
    <property name="java.vendor" value="Ubuntu"/>
    <property name="java.vm.version" value="17.0.12+7-Ubuntu-1ubuntu222.04"/>
    <property name="sun.io.unicode.encoding" value="UnicodeLittle"/>
    <property name="java.class.version" value="61.0"/>
  </properties>
  <testcase name="testPrintRecordsWithEmptyVector" classname="org.apache.commons.csv.CSVPrinterTest" time="0.003"/>
  <testcase name="testExcelPrintAllIterableOfArraysWithFirstEmptyValue2" classname="org.apache.commons.csv.CSVPrinterTest" time="0.001"/>
  <testcase name="testPrintReaderWithoutQuoteToWriter" classname="org.apache.commons.csv.CSVPrinterTest" time="0.001"/>
  <testcase name="testEolQuoted" classname="org.apache.commons.csv.CSVPrinterTest" time="0.001"/>
  <testcase name="testMongoDbTsvBasic" classname="org.apache.commons.csv.CSVPrinterTest" time="0.001"/>
  <testcase name="testHeaderCommentTdf" classname="org.apache.commons.csv.CSVPrinterTest" time="0.021"/>
  <testcase name="testExcelPrintAllArrayOfArraysWithFirstEmptyValue2" classname="org.apache.commons.csv.CSVPrinterTest" time="0.001"/>
  <testcase name="testDelimeterQuoteNone" classname="org.apache.commons.csv.CSVPrinterTest" time="0.0"/>
  <testcase name="testRandomMongoDbCsv" classname="org.apache.commons.csv.CSVPrinterTest" time="0.0">
    <skipped message="public void org.apache.commons.csv.CSVPrinterTest.testRandomMongoDbCsv() throws java.lang.Exception is @Disabled"/>
  </testcase>
  <testcase name="testPrintRecordStream" classname="org.apache.commons.csv.CSVPrinterTest" time="0.001"/>
  <testcase name="testHeaderNotSet" classname="org.apache.commons.csv.CSVPrinterTest" time="0.0"/>
  <testcase name="testPostgreSqlNullStringDefaultCsv" classname="org.apache.commons.csv.CSVPrinterTest" time="0.0"/>
  <testcase name="testRandomExcel" classname="org.apache.commons.csv.CSVPrinterTest" time="0.567"/>
  <testcase name="testRandomMySql" classname="org.apache.commons.csv.CSVPrinterTest" time="0.503"/>
  <testcase name="testExcelPrintAllArrayOfLists" classname="org.apache.commons.csv.CSVPrinterTest" time="0.0"/>
  <testcase name="testMongoDbCsvBasic" classname="org.apache.commons.csv.CSVPrinterTest" time="0.001"/>
  <testcase name="testPrintOnePositiveInteger" classname="org.apache.commons.csv.CSVPrinterTest" time="0.0"/>
  <testcase name="testPrint" classname="org.apache.commons.csv.CSVPrinterTest" time="0.001"/>
  <testcase name="testJdbcPrinterWithResultSetHeader" classname="org.apache.commons.csv.CSVPrinterTest" time="0.294"/>
  <testcase name="testNewCsvPrinterNullAppendableFormat" classname="org.apache.commons.csv.CSVPrinterTest" time="0.0"/>
  <testcase name="testQuoteNonNumeric" classname="org.apache.commons.csv.CSVPrinterTest" time="0.0"/>
  <testcase name="testPrintRecordsWithResultSetOneRow" classname="org.apache.commons.csv.CSVPrinterTest" time="0.003"/>
  <testcase name="testMongoDbTsvTabInValue" classname="org.apache.commons.csv.CSVPrinterTest" time="0.0"/>
  <testcase name="testCloseWithCsvFormatAutoFlushOff" classname="org.apache.commons.csv.CSVPrinterTest" time="0.468"/>
  <testcase name="testJdbcPrinterWithResultSetMetaData" classname="org.apache.commons.csv.CSVPrinterTest" time="0.01"/>
  <testcase name="testEolPlain" classname="org.apache.commons.csv.CSVPrinterTest" time="0.0"/>
  <testcase name="testMongoDbTsvCommaInValue" classname="org.apache.commons.csv.CSVPrinterTest" time="0.0"/>
  <testcase name="testMongoDbCsvCommaInValue" classname="org.apache.commons.csv.CSVPrinterTest" time="0.0"/>
  <testcase name="testEscapeNull1" classname="org.apache.commons.csv.CSVPrinterTest" time="0.0"/>
  <testcase name="testEscapeNull2" classname="org.apache.commons.csv.CSVPrinterTest" time="0.0"/>
  <testcase name="testEscapeNull3" classname="org.apache.commons.csv.CSVPrinterTest" time="0.0"/>
  <testcase name="testEscapeNull4" classname="org.apache.commons.csv.CSVPrinterTest" time="0.0"/>
  <testcase name="testEscapeNull5" classname="org.apache.commons.csv.CSVPrinterTest" time="0.0"/>
  <testcase name="testPrintRecordsWithCSVRecord" classname="org.apache.commons.csv.CSVPrinterTest" time="0.002"/>
  <testcase name="testPrinter1" classname="org.apache.commons.csv.CSVPrinterTest" time="0.0"/>
  <testcase name="testPrinter2" classname="org.apache.commons.csv.CSVPrinterTest" time="0.001"/>
  <testcase name="testPrinter3" classname="org.apache.commons.csv.CSVPrinterTest" time="0.0"/>
  <testcase name="testPrinter4" classname="org.apache.commons.csv.CSVPrinterTest" time="0.0"/>
  <testcase name="testPrinter5" classname="org.apache.commons.csv.CSVPrinterTest" time="0.001"/>
  <testcase name="testPrinter6" classname="org.apache.commons.csv.CSVPrinterTest" time="0.0"/>
  <testcase name="testPrinter7" classname="org.apache.commons.csv.CSVPrinterTest" time="0.0"/>
  <testcase name="testDelimiterPlain" classname="org.apache.commons.csv.CSVPrinterTest" time="0.0"/>
  <testcase name="testJira135_part1" classname="org.apache.commons.csv.CSVPrinterTest" time="0.001"/>
  <testcase name="testJira135_part2" classname="org.apache.commons.csv.CSVPrinterTest" time="0.0">
    <skipped message="public void org.apache.commons.csv.CSVPrinterTest.testJira135_part2() throws java.io.IOException is @Disabled"/>
  </testcase>
  <testcase name="testJira135_part3" classname="org.apache.commons.csv.CSVPrinterTest" time="0.0"/>
  <testcase name="testRandomPostgreSqlText" classname="org.apache.commons.csv.CSVPrinterTest" time="0.542"/>
  <testcase name="testExcelPrintAllArrayOfArraysWithFirstSpaceValue1" classname="org.apache.commons.csv.CSVPrinterTest" time="0.001"/>
  <testcase name="testSingleQuoteQuoted" classname="org.apache.commons.csv.CSVPrinterTest" time="0.0"/>
  <testcase name="testPrintRecordsWithObjectArray" classname="org.apache.commons.csv.CSVPrinterTest" time="0.001"/>
  <testcase name="testDelimeterStringQuoteNone" classname="org.apache.commons.csv.CSVPrinterTest" time="0.0"/>
  <testcase name="testTrimOffOneColumn" classname="org.apache.commons.csv.CSVPrinterTest" time="0.001"/>
  <testcase name="testMongoDbCsvTabInValue" classname="org.apache.commons.csv.CSVPrinterTest" time="0.0"/>
  <testcase name="testDontQuoteEuroFirstChar" classname="org.apache.commons.csv.CSVPrinterTest" time="0.001"/>
  <testcase name="testTrailingDelimiterOnTwoColumns" classname="org.apache.commons.csv.CSVPrinterTest" time="0.0"/>
  <testcase name="testQuoteAll" classname="org.apache.commons.csv.CSVPrinterTest" time="0.0"/>
  <testcase name="testRandomTdf" classname="org.apache.commons.csv.CSVPrinterTest" time="0.499"/>
  <testcase name="testPrintToFileWithCharsetUtf16Be" classname="org.apache.commons.csv.CSVPrinterTest" time="0.007"/>
  <testcase name="testPostgreSqlCsvTextOutput" classname="org.apache.commons.csv.CSVPrinterTest" time="0.0">
    <skipped message="public void org.apache.commons.csv.CSVPrinterTest.testPostgreSqlCsvTextOutput() throws java.io.IOException is @Disabled"/>
  </testcase>
  <testcase name="testExcelPrintAllStreamOfArrays" classname="org.apache.commons.csv.CSVPrinterTest" time="0.0"/>
  <testcase name="testPostgreSqlNullStringDefaultText" classname="org.apache.commons.csv.CSVPrinterTest" time="0.0"/>
  <testcase name="testPrintToPathWithDefaultCharset" classname="org.apache.commons.csv.CSVPrinterTest" time="0.001"/>
  <testcase name="testPostgreSqlCsvNullOutput" classname="org.apache.commons.csv.CSVPrinterTest" time="0.0">
    <skipped message="public void org.apache.commons.csv.CSVPrinterTest.testPostgreSqlCsvNullOutput() throws java.io.IOException is @Disabled"/>
  </testcase>
  <testcase name="testPrintCSVRecords" classname="org.apache.commons.csv.CSVPrinterTest" time="0.0"/>
  <testcase name="testExcelPrintAllIterableOfLists" classname="org.apache.commons.csv.CSVPrinterTest" time="0.001"/>
  <testcase name="testTrimOnOneColumn" classname="org.apache.commons.csv.CSVPrinterTest" time="0.0"/>
  <testcase name="testDelimeterQuoted" classname="org.apache.commons.csv.CSVPrinterTest" time="0.0"/>
  <testcase name="testSkipHeaderRecordFalse" classname="org.apache.commons.csv.CSVPrinterTest" time="0.001"/>
  <testcase name="testExcelPrintAllArrayOfArraysWithFirstTabValue1" classname="org.apache.commons.csv.CSVPrinterTest" time="0.0"/>
  <testcase name="testPlainPlain" classname="org.apache.commons.csv.CSVPrinterTest" time="0.001"/>
  <testcase name="testSingleLineComment" classname="org.apache.commons.csv.CSVPrinterTest" time="0.0"/>
  <testcase name="testExcelPrintAllIterableOfArrays" classname="org.apache.commons.csv.CSVPrinterTest" time="0.0"/>
  <testcase name="testNewCsvPrinterAppendableNullFormat" classname="org.apache.commons.csv.CSVPrinterTest" time="0.0"/>
  <testcase name="testInvalidFormat" classname="org.apache.commons.csv.CSVPrinterTest" time="0.001"/>
  <testcase name="testRandomOracle" classname="org.apache.commons.csv.CSVPrinterTest" time="0.0">
    <skipped message="public void org.apache.commons.csv.CSVPrinterTest.testRandomOracle() throws java.lang.Exception is @Disabled"/>
  </testcase>
  <testcase name="testMultiLineComment" classname="org.apache.commons.csv.CSVPrinterTest" time="0.0"/>
  <testcase name="testJdbcPrinterWithFirstEmptyValue2" classname="org.apache.commons.csv.CSVPrinterTest" time="0.003"/>
  <testcase name="testExcelPrintAllArrayOfListsWithFirstEmptyValue2" classname="org.apache.commons.csv.CSVPrinterTest" time="0.001"/>
  <testcase name="testJdbcPrinterWithResultSet" classname="org.apache.commons.csv.CSVPrinterTest" time="0.005"/>
  <testcase name="testQuoteCommaFirstChar" classname="org.apache.commons.csv.CSVPrinterTest" time="0.0"/>
  <testcase name="testPlainQuoted" classname="org.apache.commons.csv.CSVPrinterTest" time="0.0"/>
  <testcase name="testNotFlushable" classname="org.apache.commons.csv.CSVPrinterTest" time="0.001"/>
  <testcase name="testRandomRfc4180" classname="org.apache.commons.csv.CSVPrinterTest" time="0.473"/>
  <testcase name="testExcelPrintAllArrayOfArrays" classname="org.apache.commons.csv.CSVPrinterTest" time="0.0"/>
  <testcase name="testDelimeterStringQuoted" classname="org.apache.commons.csv.CSVPrinterTest" time="0.001"/>
  <testcase name="testJdbcPrinter" classname="org.apache.commons.csv.CSVPrinterTest" time="0.009"/>
  <testcase name="testEscapeBackslash1" classname="org.apache.commons.csv.CSVPrinterTest" time="0.0"/>
  <testcase name="testEscapeBackslash2" classname="org.apache.commons.csv.CSVPrinterTest" time="0.0"/>
  <testcase name="testEscapeBackslash3" classname="org.apache.commons.csv.CSVPrinterTest" time="0.0"/>
  <testcase name="testEscapeBackslash4" classname="org.apache.commons.csv.CSVPrinterTest" time="0.001"/>
  <testcase name="testEscapeBackslash5" classname="org.apache.commons.csv.CSVPrinterTest" time="0.0"/>
  <testcase name="testSkipHeaderRecordTrue" classname="org.apache.commons.csv.CSVPrinterTest" time="0.0"/>
  <testcase name="testRandomDefault" classname="org.apache.commons.csv.CSVPrinterTest" time="0.456"/>
  <testcase name="testCloseBackwardCompatibility" classname="org.apache.commons.csv.CSVPrinterTest" time="0.001"/>
  <testcase name="testCloseWithCsvFormatAutoFlushOn" classname="org.apache.commons.csv.CSVPrinterTest" time="0.001"/>
  <testcase name="testTrimOnTwoColumns" classname="org.apache.commons.csv.CSVPrinterTest" time="0.0"/>
  <testcase name="testDelimiterEscaped" classname="org.apache.commons.csv.CSVPrinterTest" time="0.0"/>
  <testcase name="testCSV135" classname="org.apache.commons.csv.CSVPrinterTest" time="0.001"/>
  <testcase name="testCSV259" classname="org.apache.commons.csv.CSVPrinterTest" time="0.0"/>
  <testcase name="testHeader" classname="org.apache.commons.csv.CSVPrinterTest" time="0.001"/>
  <testcase name="testParseCustomNullValues" classname="org.apache.commons.csv.CSVPrinterTest" time="0.0"/>
  <testcase name="testMongoDbCsvDoubleQuoteInValue" classname="org.apache.commons.csv.CSVPrinterTest" time="0.0"/>
  <testcase name="testPrintCustomNullValues" classname="org.apache.commons.csv.CSVPrinterTest" time="0.0"/>
  <testcase name="testEolEscaped" classname="org.apache.commons.csv.CSVPrinterTest" time="0.0"/>
  <testcase name="testPrintCSVParser" classname="org.apache.commons.csv.CSVPrinterTest" time="0.001"/>
  <testcase name="testCRComment" classname="org.apache.commons.csv.CSVPrinterTest" time="0.0"/>
  <testcase name="testPrintNullValues" classname="org.apache.commons.csv.CSVPrinterTest" time="0.0"/>
  <testcase name="testRandomPostgreSqlCsv" classname="org.apache.commons.csv.CSVPrinterTest" time="0.0">
    <skipped message="public void org.apache.commons.csv.CSVPrinterTest.testRandomPostgreSqlCsv() throws java.lang.Exception is @Disabled"/>
  </testcase>
  <testcase name="testPrintCSVRecord" classname="org.apache.commons.csv.CSVPrinterTest" time="0.0"/>
  <testcase name="testHeaderCommentExcel" classname="org.apache.commons.csv.CSVPrinterTest" time="0.0"/>
  <testcase name="testExcelPrinter1" classname="org.apache.commons.csv.CSVPrinterTest" time="0.0"/>
  <testcase name="testExcelPrinter2" classname="org.apache.commons.csv.CSVPrinterTest" time="0.0"/>
  <testcase name="testCloseWithFlushOn" classname="org.apache.commons.csv.CSVPrinterTest" time="0.001"/>
  <testcase name="testMySqlNullOutput" classname="org.apache.commons.csv.CSVPrinterTest" time="0.001"/>
  <testcase name="testPrintReaderWithoutQuoteToAppendable" classname="org.apache.commons.csv.CSVPrinterTest" time="0.0"/>
  <testcase name="testJira135All" classname="org.apache.commons.csv.CSVPrinterTest" time="0.0">
    <skipped message="public void org.apache.commons.csv.CSVPrinterTest.testJira135All() throws java.io.IOException is @Disabled"/>
  </testcase>
  <testcase name="testMySqlNullStringDefault" classname="org.apache.commons.csv.CSVPrinterTest" time="0.0"/>
  <testcase name="testPlainEscaped" classname="org.apache.commons.csv.CSVPrinterTest" time="0.0"/>
  <testcase name="testPrintToFileWithDefaultCharset" classname="org.apache.commons.csv.CSVPrinterTest" time="0.001"/>
  <testcase name="testDelimiterStringEscaped" classname="org.apache.commons.csv.CSVPrinterTest" time="0.0"/>
  <testcase name="testCloseWithFlushOff" classname="org.apache.commons.csv.CSVPrinterTest" time="0.001"/>
  <testcase name="testDisabledComment" classname="org.apache.commons.csv.CSVPrinterTest" time="0.0"/>
</testsuite>