<?xml version="1.0" encoding="UTF-8"?>
<testsuite xmlns:xsi="http://www.w3.org/2001/XMLSchema-instance" xsi:noNamespaceSchemaLocation="https://maven.apache.org/surefire/maven-surefire-plugin/xsd/surefire-test-report.xsd" version="3.0.2" name="org.apache.commons.cli.OptionValidatorTest" time="0.1" tests="115" errors="0" skipped="0" failures="0">
  <properties>
    <property name="java.specification.version" value="17"/>
    <property name="sun.jnu.encoding" value="ANSI_X3.4-1968"/>
    <property name="java.class.path" value="/jiefang/mutation_testing_research/benchmarks/commons-cli/target/test-classes:/jiefang/mutation_testing_research/benchmarks/commons-cli/target/classes:/root/.m2/repository/org/junit/jupiter/junit-jupiter-api/5.11.0-M2/junit-jupiter-api-5.11.0-M2.jar:/root/.m2/repository/org/opentest4j/opentest4j/1.3.0/opentest4j-1.3.0.jar:/root/.m2/repository/org/junit/platform/junit-platform-commons/1.11.0-M2/junit-platform-commons-1.11.0-M2.jar:/root/.m2/repository/org/apiguardian/apiguardian-api/1.1.2/apiguardian-api-1.1.2.jar:/root/.m2/repository/org/junit/jupiter/junit-jupiter-engine/5.11.0-M2/junit-jupiter-engine-5.11.0-M2.jar:/root/.m2/repository/org/junit/platform/junit-platform-engine/1.11.0-M2/junit-platform-engine-1.11.0-M2.jar:/root/.m2/repository/org/junit/jupiter/junit-jupiter-params/5.11.0-M2/junit-jupiter-params-5.11.0-M2.jar:/root/.m2/repository/commons-io/commons-io/2.16.1/commons-io-2.16.1.jar:/root/.m2/repository/org/mockito/mockito-core/4.11.0/mockito-core-4.11.0.jar:/root/.m2/repository/net/bytebuddy/byte-buddy/1.12.19/byte-buddy-1.12.19.jar:/root/.m2/repository/net/bytebuddy/byte-buddy-agent/1.12.19/byte-buddy-agent-1.12.19.jar:/root/.m2/repository/org/objenesis/objenesis/3.3/objenesis-3.3.jar:"/>
    <property name="java.vm.vendor" value="Ubuntu"/>
    <property name="sun.arch.data.model" value="64"/>
    <property name="java.vendor.url" value="https://ubuntu.com/"/>
    <property name="os.name" value="Linux"/>
    <property name="java.vm.specification.version" value="17"/>
    <property name="sun.java.launcher" value="SUN_STANDARD"/>
    <property name="user.country" value="US"/>
    <property name="sun.boot.library.path" value="/usr/lib/jvm/java-17-openjdk-amd64/lib"/>
    <property name="sun.java.command" value="/jiefang/mutation_testing_research/benchmarks/commons-cli/target/surefire/surefirebooter-20250207024511238_3.jar /jiefang/mutation_testing_research/benchmarks/commons-cli/target/surefire 2025-02-07T02-45-11_110-jvmRun1 surefire-20250207024511238_1tmp surefire_0-20250207024511238_2tmp"/>
    <property name="jdk.debug" value="release"/>
    <property name="surefire.test.class.path" value="/jiefang/mutation_testing_research/benchmarks/commons-cli/target/test-classes:/jiefang/mutation_testing_research/benchmarks/commons-cli/target/classes:/root/.m2/repository/org/junit/jupiter/junit-jupiter-api/5.11.0-M2/junit-jupiter-api-5.11.0-M2.jar:/root/.m2/repository/org/opentest4j/opentest4j/1.3.0/opentest4j-1.3.0.jar:/root/.m2/repository/org/junit/platform/junit-platform-commons/1.11.0-M2/junit-platform-commons-1.11.0-M2.jar:/root/.m2/repository/org/apiguardian/apiguardian-api/1.1.2/apiguardian-api-1.1.2.jar:/root/.m2/repository/org/junit/jupiter/junit-jupiter-engine/5.11.0-M2/junit-jupiter-engine-5.11.0-M2.jar:/root/.m2/repository/org/junit/platform/junit-platform-engine/1.11.0-M2/junit-platform-engine-1.11.0-M2.jar:/root/.m2/repository/org/junit/jupiter/junit-jupiter-params/5.11.0-M2/junit-jupiter-params-5.11.0-M2.jar:/root/.m2/repository/commons-io/commons-io/2.16.1/commons-io-2.16.1.jar:/root/.m2/repository/org/mockito/mockito-core/4.11.0/mockito-core-4.11.0.jar:/root/.m2/repository/net/bytebuddy/byte-buddy/1.12.19/byte-buddy-1.12.19.jar:/root/.m2/repository/net/bytebuddy/byte-buddy-agent/1.12.19/byte-buddy-agent-1.12.19.jar:/root/.m2/repository/org/objenesis/objenesis/3.3/objenesis-3.3.jar:"/>
    <property name="sun.cpu.endian" value="little"/>
    <property name="user.home" value="/root"/>
    <property name="user.language" value="en"/>
    <property name="java.specification.vendor" value="Oracle Corporation"/>
    <property name="java.version.date" value="2024-07-16"/>
    <property name="java.home" value="/usr/lib/jvm/java-17-openjdk-amd64"/>
    <property name="file.separator" value="/"/>
    <property name="basedir" value="/jiefang/mutation_testing_research/benchmarks/commons-cli"/>
    <property name="java.vm.compressedOopsMode" value="Zero based"/>
    <property name="line.separator" value="&#10;"/>
    <property name="java.vm.specification.vendor" value="Oracle Corporation"/>
    <property name="java.specification.name" value="Java Platform API Specification"/>
    <property name="surefire.real.class.path" value="/jiefang/mutation_testing_research/benchmarks/commons-cli/target/surefire/surefirebooter-20250207024511238_3.jar"/>
    <property name="sun.management.compiler" value="HotSpot 64-Bit Tiered Compilers"/>
    <property name="java.runtime.version" value="17.0.12+7-Ubuntu-1ubuntu222.04"/>
    <property name="user.name" value="root"/>
    <property name="path.separator" value=":"/>
    <property name="os.version" value="5.4.0-200-generic"/>
    <property name="java.runtime.name" value="OpenJDK Runtime Environment"/>
    <property name="file.encoding" value="ANSI_X3.4-1968"/>
    <property name="java.vm.name" value="OpenJDK 64-Bit Server VM"/>
    <property name="localRepository" value="/root/.m2/repository"/>
    <property name="java.vendor.url.bug" value="https://bugs.launchpad.net/ubuntu/+source/openjdk-17"/>
    <property name="java.io.tmpdir" value="/tmp"/>
    <property name="java.version" value="17.0.12"/>
    <property name="user.dir" value="/jiefang/mutation_testing_research/benchmarks/commons-cli"/>
    <property name="os.arch" value="amd64"/>
    <property name="java.vm.specification.name" value="Java Virtual Machine Specification"/>
    <property name="native.encoding" value="ANSI_X3.4-1968"/>
    <property name="java.library.path" value="/usr/java/packages/lib:/usr/lib/x86_64-linux-gnu/jni:/lib/x86_64-linux-gnu:/usr/lib/x86_64-linux-gnu:/usr/lib/jni:/lib:/usr/lib"/>
    <property name="java.vm.info" value="mixed mode, sharing"/>
    <property name="java.vendor" value="Ubuntu"/>
    <property name="java.vm.version" value="17.0.12+7-Ubuntu-1ubuntu222.04"/>
    <property name="sun.io.unicode.encoding" value="UnicodeLittle"/>
    <property name="java.class.version" value="61.0"/>
  </properties>
  <testcase name="testExclusivity" classname="org.apache.commons.cli.OptionValidatorTest" time="0.001"/>
  <testcase name="validateTest(String, boolean, String)[1]" classname="org.apache.commons.cli.OptionValidatorTest" time="0.001"/>
  <testcase name="validateTest(String, boolean, String)[2]" classname="org.apache.commons.cli.OptionValidatorTest" time="0.0"/>
  <testcase name="validateTest(String, boolean, String)[3]" classname="org.apache.commons.cli.OptionValidatorTest" time="0.0"/>
  <testcase name="validateTest(String, boolean, String)[4]" classname="org.apache.commons.cli.OptionValidatorTest" time="0.0"/>
  <testcase name="validateTest(String, boolean, String)[5]" classname="org.apache.commons.cli.OptionValidatorTest" time="0.0"/>
  <testcase name="validateTest(String, boolean, String)[6]" classname="org.apache.commons.cli.OptionValidatorTest" time="0.0"/>
  <testcase name="validateTest(String, boolean, String)[7]" classname="org.apache.commons.cli.OptionValidatorTest" time="0.0"/>
  <testcase name="validateTest(String, boolean, String)[8]" classname="org.apache.commons.cli.OptionValidatorTest" time="0.0"/>
  <testcase name="validateTest(String, boolean, String)[9]" classname="org.apache.commons.cli.OptionValidatorTest" time="0.001"/>
  <testcase name="validateTest(String, boolean, String)[10]" classname="org.apache.commons.cli.OptionValidatorTest" time="0.0"/>
  <testcase name="validateTest(String, boolean, String)[11]" classname="org.apache.commons.cli.OptionValidatorTest" time="0.0"/>
  <testcase name="validateTest(String, boolean, String)[12]" classname="org.apache.commons.cli.OptionValidatorTest" time="0.0"/>
  <testcase name="validateTest(String, boolean, String)[13]" classname="org.apache.commons.cli.OptionValidatorTest" time="0.001"/>
  <testcase name="validateTest(String, boolean, String)[14]" classname="org.apache.commons.cli.OptionValidatorTest" time="0.0"/>
  <testcase name="validateTest(String, boolean, String)[15]" classname="org.apache.commons.cli.OptionValidatorTest" time="0.001"/>
  <testcase name="validateTest(String, boolean, String)[16]" classname="org.apache.commons.cli.OptionValidatorTest" time="0.0"/>
  <testcase name="validateTest(String, boolean, String)[17]" classname="org.apache.commons.cli.OptionValidatorTest" time="0.0"/>
  <testcase name="validateTest(String, boolean, String)[18]" classname="org.apache.commons.cli.OptionValidatorTest" time="0.0"/>
  <testcase name="validateTest(String, boolean, String)[19]" classname="org.apache.commons.cli.OptionValidatorTest" time="0.001"/>
  <testcase name="validateTest(String, boolean, String)[20]" classname="org.apache.commons.cli.OptionValidatorTest" time="0.0"/>
  <testcase name="validateTest(String, boolean, String)[21]" classname="org.apache.commons.cli.OptionValidatorTest" time="0.0"/>
  <testcase name="validateTest(String, boolean, String)[22]" classname="org.apache.commons.cli.OptionValidatorTest" time="0.0"/>
  <testcase name="validateTest(String, boolean, String)[23]" classname="org.apache.commons.cli.OptionValidatorTest" time="0.0"/>
  <testcase name="validateTest(String, boolean, String)[24]" classname="org.apache.commons.cli.OptionValidatorTest" time="0.001"/>
  <testcase name="validateTest(String, boolean, String)[25]" classname="org.apache.commons.cli.OptionValidatorTest" time="0.0"/>
  <testcase name="validateTest(String, boolean, String)[26]" classname="org.apache.commons.cli.OptionValidatorTest" time="0.0"/>
  <testcase name="validateTest(String, boolean, String)[27]" classname="org.apache.commons.cli.OptionValidatorTest" time="0.0"/>
  <testcase name="validateTest(String, boolean, String)[28]" classname="org.apache.commons.cli.OptionValidatorTest" time="0.001"/>
  <testcase name="validateTest(String, boolean, String)[29]" classname="org.apache.commons.cli.OptionValidatorTest" time="0.001"/>
  <testcase name="validateTest(String, boolean, String)[30]" classname="org.apache.commons.cli.OptionValidatorTest" time="0.0"/>
  <testcase name="validateTest(String, boolean, String)[31]" classname="org.apache.commons.cli.OptionValidatorTest" time="0.0"/>
  <testcase name="validateTest(String, boolean, String)[32]" classname="org.apache.commons.cli.OptionValidatorTest" time="0.0"/>
  <testcase name="validateTest(String, boolean, String)[33]" classname="org.apache.commons.cli.OptionValidatorTest" time="0.0"/>
  <testcase name="validateTest(String, boolean, String)[34]" classname="org.apache.commons.cli.OptionValidatorTest" time="0.0"/>
  <testcase name="validateTest(String, boolean, String)[35]" classname="org.apache.commons.cli.OptionValidatorTest" time="0.0"/>
  <testcase name="validateTest(String, boolean, String)[36]" classname="org.apache.commons.cli.OptionValidatorTest" time="0.001"/>
  <testcase name="validateTest(String, boolean, String)[37]" classname="org.apache.commons.cli.OptionValidatorTest" time="0.0"/>
  <testcase name="validateTest(String, boolean, String)[38]" classname="org.apache.commons.cli.OptionValidatorTest" time="0.0"/>
  <testcase name="validateTest(String, boolean, String)[39]" classname="org.apache.commons.cli.OptionValidatorTest" time="0.0"/>
  <testcase name="validateTest(String, boolean, String)[40]" classname="org.apache.commons.cli.OptionValidatorTest" time="0.0"/>
  <testcase name="validateTest(String, boolean, String)[41]" classname="org.apache.commons.cli.OptionValidatorTest" time="0.001"/>
  <testcase name="validateTest(String, boolean, String)[42]" classname="org.apache.commons.cli.OptionValidatorTest" time="0.001"/>
  <testcase name="validateTest(String, boolean, String)[43]" classname="org.apache.commons.cli.OptionValidatorTest" time="0.0"/>
  <testcase name="validateTest(String, boolean, String)[44]" classname="org.apache.commons.cli.OptionValidatorTest" time="0.001"/>
  <testcase name="validateTest(String, boolean, String)[45]" classname="org.apache.commons.cli.OptionValidatorTest" time="0.001"/>
  <testcase name="validateTest(String, boolean, String)[46]" classname="org.apache.commons.cli.OptionValidatorTest" time="0.0"/>
  <testcase name="validateTest(String, boolean, String)[47]" classname="org.apache.commons.cli.OptionValidatorTest" time="0.0"/>
  <testcase name="validateTest(String, boolean, String)[48]" classname="org.apache.commons.cli.OptionValidatorTest" time="0.001"/>
  <testcase name="validateTest(String, boolean, String)[49]" classname="org.apache.commons.cli.OptionValidatorTest" time="0.0"/>
  <testcase name="validateTest(String, boolean, String)[50]" classname="org.apache.commons.cli.OptionValidatorTest" time="0.001"/>
  <testcase name="validateTest(String, boolean, String)[51]" classname="org.apache.commons.cli.OptionValidatorTest" time="0.0"/>
  <testcase name="validateTest(String, boolean, String)[52]" classname="org.apache.commons.cli.OptionValidatorTest" time="0.0"/>
  <testcase name="validateTest(String, boolean, String)[53]" classname="org.apache.commons.cli.OptionValidatorTest" time="0.001"/>
  <testcase name="validateTest(String, boolean, String)[54]" classname="org.apache.commons.cli.OptionValidatorTest" time="0.0"/>
  <testcase name="validateTest(String, boolean, String)[55]" classname="org.apache.commons.cli.OptionValidatorTest" time="0.0"/>
  <testcase name="validateTest(String, boolean, String)[56]" classname="org.apache.commons.cli.OptionValidatorTest" time="0.001"/>
  <testcase name="validateTest(String, boolean, String)[57]" classname="org.apache.commons.cli.OptionValidatorTest" time="0.001"/>
  <testcase name="validateTest(String, boolean, String)[58]" classname="org.apache.commons.cli.OptionValidatorTest" time="0.0"/>
  <testcase name="validateTest(String, boolean, String)[59]" classname="org.apache.commons.cli.OptionValidatorTest" time="0.0"/>
  <testcase name="validateTest(String, boolean, String)[60]" classname="org.apache.commons.cli.OptionValidatorTest" time="0.0"/>
  <testcase name="validateTest(String, boolean, String)[61]" classname="org.apache.commons.cli.OptionValidatorTest" time="0.0"/>
  <testcase name="validateTest(String, boolean, String)[62]" classname="org.apache.commons.cli.OptionValidatorTest" time="0.0"/>
  <testcase name="validateTest(String, boolean, String)[63]" classname="org.apache.commons.cli.OptionValidatorTest" time="0.001"/>
  <testcase name="validateTest(String, boolean, String)[64]" classname="org.apache.commons.cli.OptionValidatorTest" time="0.0"/>
  <testcase name="validateTest(String, boolean, String)[65]" classname="org.apache.commons.cli.OptionValidatorTest" time="0.0"/>
  <testcase name="validateTest(String, boolean, String)[66]" classname="org.apache.commons.cli.OptionValidatorTest" time="0.001"/>
  <testcase name="validateTest(String, boolean, String)[67]" classname="org.apache.commons.cli.OptionValidatorTest" time="0.001"/>
  <testcase name="validateTest(String, boolean, String)[68]" classname="org.apache.commons.cli.OptionValidatorTest" time="0.0"/>
  <testcase name="validateTest(String, boolean, String)[69]" classname="org.apache.commons.cli.OptionValidatorTest" time="0.0"/>
  <testcase name="validateTest(String, boolean, String)[70]" classname="org.apache.commons.cli.OptionValidatorTest" time="0.0"/>
  <testcase name="validateTest(String, boolean, String)[71]" classname="org.apache.commons.cli.OptionValidatorTest" time="0.0"/>
  <testcase name="validateTest(String, boolean, String)[72]" classname="org.apache.commons.cli.OptionValidatorTest" time="0.001"/>
  <testcase name="validateTest(String, boolean, String)[73]" classname="org.apache.commons.cli.OptionValidatorTest" time="0.0"/>
  <testcase name="validateTest(String, boolean, String)[74]" classname="org.apache.commons.cli.OptionValidatorTest" time="0.0"/>
  <testcase name="validateTest(String, boolean, String)[75]" classname="org.apache.commons.cli.OptionValidatorTest" time="0.0"/>
  <testcase name="validateTest(String, boolean, String)[76]" classname="org.apache.commons.cli.OptionValidatorTest" time="0.001"/>
  <testcase name="validateTest(String, boolean, String)[77]" classname="org.apache.commons.cli.OptionValidatorTest" time="0.001"/>
  <testcase name="validateTest(String, boolean, String)[78]" classname="org.apache.commons.cli.OptionValidatorTest" time="0.001"/>
  <testcase name="validateTest(String, boolean, String)[79]" classname="org.apache.commons.cli.OptionValidatorTest" time="0.0"/>
  <testcase name="validateTest(String, boolean, String)[80]" classname="org.apache.commons.cli.OptionValidatorTest" time="0.0"/>
  <testcase name="validateTest(String, boolean, String)[81]" classname="org.apache.commons.cli.OptionValidatorTest" time="0.0"/>
  <testcase name="validateTest(String, boolean, String)[82]" classname="org.apache.commons.cli.OptionValidatorTest" time="0.0"/>
  <testcase name="validateTest(String, boolean, String)[83]" classname="org.apache.commons.cli.OptionValidatorTest" time="0.001"/>
  <testcase name="validateTest(String, boolean, String)[84]" classname="org.apache.commons.cli.OptionValidatorTest" time="0.001"/>
  <testcase name="validateTest(String, boolean, String)[85]" classname="org.apache.commons.cli.OptionValidatorTest" time="0.001"/>
  <testcase name="validateTest(String, boolean, String)[86]" classname="org.apache.commons.cli.OptionValidatorTest" time="0.0"/>
  <testcase name="validateTest(String, boolean, String)[87]" classname="org.apache.commons.cli.OptionValidatorTest" time="0.0"/>
  <testcase name="validateTest(String, boolean, String)[88]" classname="org.apache.commons.cli.OptionValidatorTest" time="0.0"/>
  <testcase name="validateTest(String, boolean, String)[89]" classname="org.apache.commons.cli.OptionValidatorTest" time="0.001"/>
  <testcase name="validateTest(String, boolean, String)[90]" classname="org.apache.commons.cli.OptionValidatorTest" time="0.0"/>
  <testcase name="validateTest(String, boolean, String)[91]" classname="org.apache.commons.cli.OptionValidatorTest" time="0.001"/>
  <testcase name="validateTest(String, boolean, String)[92]" classname="org.apache.commons.cli.OptionValidatorTest" time="0.0"/>
  <testcase name="validateTest(String, boolean, String)[93]" classname="org.apache.commons.cli.OptionValidatorTest" time="0.001"/>
  <testcase name="validateTest(String, boolean, String)[94]" classname="org.apache.commons.cli.OptionValidatorTest" time="0.001"/>
  <testcase name="validateTest(String, boolean, String)[95]" classname="org.apache.commons.cli.OptionValidatorTest" time="0.001"/>
  <testcase name="validateTest(String, boolean, String)[96]" classname="org.apache.commons.cli.OptionValidatorTest" time="0.0"/>
  <testcase name="validateTest(String, boolean, String)[97]" classname="org.apache.commons.cli.OptionValidatorTest" time="0.0"/>
  <testcase name="validateTest(String, boolean, String)[98]" classname="org.apache.commons.cli.OptionValidatorTest" time="0.0"/>
  <testcase name="validateTest(String, boolean, String)[99]" classname="org.apache.commons.cli.OptionValidatorTest" time="0.001"/>
  <testcase name="validateTest(String, boolean, String)[100]" classname="org.apache.commons.cli.OptionValidatorTest" time="0.0"/>
  <testcase name="validateTest(String, boolean, String)[101]" classname="org.apache.commons.cli.OptionValidatorTest" time="0.0"/>
  <testcase name="validateTest(String, boolean, String)[102]" classname="org.apache.commons.cli.OptionValidatorTest" time="0.0"/>
  <testcase name="validateTest(String, boolean, String)[103]" classname="org.apache.commons.cli.OptionValidatorTest" time="0.001"/>
  <testcase name="validateTest(String, boolean, String)[104]" classname="org.apache.commons.cli.OptionValidatorTest" time="0.001"/>
  <testcase name="validateTest(String, boolean, String)[105]" classname="org.apache.commons.cli.OptionValidatorTest" time="0.001"/>
  <testcase name="validateTest(String, boolean, String)[106]" classname="org.apache.commons.cli.OptionValidatorTest" time="0.0"/>
  <testcase name="validateTest(String, boolean, String)[107]" classname="org.apache.commons.cli.OptionValidatorTest" time="0.001"/>
  <testcase name="validateTest(String, boolean, String)[108]" classname="org.apache.commons.cli.OptionValidatorTest" time="0.001"/>
  <testcase name="validateTest(String, boolean, String)[109]" classname="org.apache.commons.cli.OptionValidatorTest" time="0.001"/>
  <testcase name="validateTest(String, boolean, String)[110]" classname="org.apache.commons.cli.OptionValidatorTest" time="0.001"/>
  <testcase name="validateTest(String, boolean, String)[111]" classname="org.apache.commons.cli.OptionValidatorTest" time="0.001"/>
  <testcase name="validateTest(String, boolean, String)[112]" classname="org.apache.commons.cli.OptionValidatorTest" time="0.001"/>
  <testcase name="validateTest(String, boolean, String)[113]" classname="org.apache.commons.cli.OptionValidatorTest" time="0.001"/>
  <testcase name="validateTest(String, boolean, String)[114]" classname="org.apache.commons.cli.OptionValidatorTest" time="0.0"/>
</testsuite>