<?xml version="1.0" encoding="UTF-8"?>
<testsuite xmlns:xsi="http://www.w3.org/2001/XMLSchema-instance" xsi:noNamespaceSchemaLocation="https://maven.apache.org/surefire/maven-surefire-plugin/xsd/surefire-test-report-3.0.xsd" version="3.0" name="org.apache.commons.codec.binary.Base64Test" time="11.254" tests="67" errors="0" skipped="0" failures="0">
  <properties>
    <property name="java.specification.version" value="17"/>
    <property name="sun.jnu.encoding" value="ANSI_X3.4-1968"/>
    <property name="java.class.path" value="/jiefang/mutation_testing_research/benchmarks/commons-codec/target/test-classes:/jiefang/mutation_testing_research/benchmarks/commons-codec/target/classes:/root/.m2/repository/org/apache/commons/commons-lang3/3.16.0/commons-lang3-3.16.0.jar:/root/.m2/repository/commons-io/commons-io/2.16.1/commons-io-2.16.1.jar:/root/.m2/repository/org/junit/jupiter/junit-jupiter-engine/5.11.0-M2/junit-jupiter-engine-5.11.0-M2.jar:/root/.m2/repository/org/junit/platform/junit-platform-engine/1.11.0-M2/junit-platform-engine-1.11.0-M2.jar:/root/.m2/repository/org/opentest4j/opentest4j/1.3.0/opentest4j-1.3.0.jar:/root/.m2/repository/org/junit/platform/junit-platform-commons/1.11.0-M2/junit-platform-commons-1.11.0-M2.jar:/root/.m2/repository/org/junit/jupiter/junit-jupiter-api/5.11.0-M2/junit-jupiter-api-5.11.0-M2.jar:/root/.m2/repository/org/apiguardian/apiguardian-api/1.1.2/apiguardian-api-1.1.2.jar:/root/.m2/repository/org/junit/jupiter/junit-jupiter-params/5.11.0-M2/junit-jupiter-params-5.11.0-M2.jar:"/>
    <property name="java.vm.vendor" value="Ubuntu"/>
    <property name="sun.arch.data.model" value="64"/>
    <property name="java.vendor.url" value="https://ubuntu.com/"/>
    <property name="os.name" value="Linux"/>
    <property name="java.vm.specification.version" value="17"/>
    <property name="sun.java.launcher" value="SUN_STANDARD"/>
    <property name="user.country" value="US"/>
    <property name="sun.boot.library.path" value="/usr/lib/jvm/java-17-openjdk-amd64/lib"/>
    <property name="sun.java.command" value="/jiefang/mutation_testing_research/benchmarks/commons-codec/target/surefire/surefirebooter-20250206060020438_3.jar /jiefang/mutation_testing_research/benchmarks/commons-codec/target/surefire 2025-02-06T06-00-20_398-jvmRun1 surefire-20250206060020438_1tmp surefire_0-20250206060020438_2tmp"/>
    <property name="jdk.debug" value="release"/>
    <property name="surefire.test.class.path" value="/jiefang/mutation_testing_research/benchmarks/commons-codec/target/test-classes:/jiefang/mutation_testing_research/benchmarks/commons-codec/target/classes:/root/.m2/repository/org/apache/commons/commons-lang3/3.16.0/commons-lang3-3.16.0.jar:/root/.m2/repository/commons-io/commons-io/2.16.1/commons-io-2.16.1.jar:/root/.m2/repository/org/junit/jupiter/junit-jupiter-engine/5.11.0-M2/junit-jupiter-engine-5.11.0-M2.jar:/root/.m2/repository/org/junit/platform/junit-platform-engine/1.11.0-M2/junit-platform-engine-1.11.0-M2.jar:/root/.m2/repository/org/opentest4j/opentest4j/1.3.0/opentest4j-1.3.0.jar:/root/.m2/repository/org/junit/platform/junit-platform-commons/1.11.0-M2/junit-platform-commons-1.11.0-M2.jar:/root/.m2/repository/org/junit/jupiter/junit-jupiter-api/5.11.0-M2/junit-jupiter-api-5.11.0-M2.jar:/root/.m2/repository/org/apiguardian/apiguardian-api/1.1.2/apiguardian-api-1.1.2.jar:/root/.m2/repository/org/junit/jupiter/junit-jupiter-params/5.11.0-M2/junit-jupiter-params-5.11.0-M2.jar:"/>
    <property name="sun.cpu.endian" value="little"/>
    <property name="user.home" value="/root"/>
    <property name="user.language" value="en"/>
    <property name="java.specification.vendor" value="Oracle Corporation"/>
    <property name="java.version.date" value="2024-07-16"/>
    <property name="java.home" value="/usr/lib/jvm/java-17-openjdk-amd64"/>
    <property name="file.separator" value="/"/>
    <property name="basedir" value="/jiefang/mutation_testing_research/benchmarks/commons-codec"/>
    <property name="java.vm.compressedOopsMode" value="Zero based"/>
    <property name="line.separator" value="&#10;"/>
    <property name="java.vm.specification.vendor" value="Oracle Corporation"/>
    <property name="java.specification.name" value="Java Platform API Specification"/>
    <property name="surefire.real.class.path" value="/jiefang/mutation_testing_research/benchmarks/commons-codec/target/surefire/surefirebooter-20250206060020438_3.jar"/>
    <property name="sun.management.compiler" value="HotSpot 64-Bit Tiered Compilers"/>
    <property name="java.runtime.version" value="17.0.12+7-Ubuntu-1ubuntu222.04"/>
    <property name="user.name" value="root"/>
    <property name="path.separator" value=":"/>
    <property name="os.version" value="5.4.0-200-generic"/>
    <property name="java.runtime.name" value="OpenJDK Runtime Environment"/>
    <property name="file.encoding" value="ANSI_X3.4-1968"/>
    <property name="java.vm.name" value="OpenJDK 64-Bit Server VM"/>
    <property name="localRepository" value="/root/.m2/repository"/>
    <property name="java.vendor.url.bug" value="https://bugs.launchpad.net/ubuntu/+source/openjdk-17"/>
    <property name="java.io.tmpdir" value="/tmp"/>
    <property name="java.version" value="17.0.12"/>
    <property name="user.dir" value="/jiefang/mutation_testing_research/benchmarks/commons-codec"/>
    <property name="os.arch" value="amd64"/>
    <property name="java.vm.specification.name" value="Java Virtual Machine Specification"/>
    <property name="native.encoding" value="ANSI_X3.4-1968"/>
    <property name="java.library.path" value="/usr/java/packages/lib:/usr/lib/x86_64-linux-gnu/jni:/lib/x86_64-linux-gnu:/usr/lib/x86_64-linux-gnu:/usr/lib/jni:/lib:/usr/lib"/>
    <property name="java.vm.info" value="mixed mode, sharing"/>
    <property name="java.vendor" value="Ubuntu"/>
    <property name="java.vm.version" value="17.0.12+7-Ubuntu-1ubuntu222.04"/>
    <property name="sun.io.unicode.encoding" value="UnicodeLittle"/>
    <property name="java.class.version" value="61.0"/>
  </properties>
  <testcase name="testTriplets" classname="org.apache.commons.codec.binary.Base64Test" time="0.002"/>
  <testcase name="testCodeIntegerEdgeCases" classname="org.apache.commons.codec.binary.Base64Test" time="0.001"/>
  <testcase name="testBase64ImpossibleSamples" classname="org.apache.commons.codec.binary.Base64Test" time="0.001"/>
  <testcase name="testStringToByteVariations" classname="org.apache.commons.codec.binary.Base64Test" time="0.001"/>
  <testcase name="testConstructor_Int_ByteArray_Boolean_UrlSafe" classname="org.apache.commons.codec.binary.Base64Test" time="0.001"/>
  <testcase name="testBuilderPadingByte" classname="org.apache.commons.codec.binary.Base64Test" time="0.001"/>
  <testcase name="testBuilderUrlSafe" classname="org.apache.commons.codec.binary.Base64Test" time="0.0"/>
  <testcase name="testCustomEncodingAlphabet_illegal" classname="org.apache.commons.codec.binary.Base64Test" time="0.001"/>
  <testcase name="testSingletonsChunked" classname="org.apache.commons.codec.binary.Base64Test" time="0.001"/>
  <testcase name="testKnownDecodings" classname="org.apache.commons.codec.binary.Base64Test" time="0.001"/>
  <testcase name="testBuilderCodecPolicy" classname="org.apache.commons.codec.binary.Base64Test" time="0.001"/>
  <testcase name="testPairs" classname="org.apache.commons.codec.binary.Base64Test" time="0.002"/>
  <testcase name="testUUID" classname="org.apache.commons.codec.binary.Base64Test" time="0.0"/>
  <testcase name="testEncodeDecodeSmall" classname="org.apache.commons.codec.binary.Base64Test" time="0.001"/>
  <testcase name="testConstructors" classname="org.apache.commons.codec.binary.Base64Test" time="0.001"/>
  <testcase name="testHugeLineSeparator" classname="org.apache.commons.codec.binary.Base64Test" time="0.003"/>
  <testcase name="testObjectDecodeWithValidParameter" classname="org.apache.commons.codec.binary.Base64Test" time="0.0"/>
  <testcase name="testCodeInteger1" classname="org.apache.commons.codec.binary.Base64Test" time="0.0"/>
  <testcase name="testCodeInteger2" classname="org.apache.commons.codec.binary.Base64Test" time="0.0"/>
  <testcase name="testCodeInteger3" classname="org.apache.commons.codec.binary.Base64Test" time="0.0"/>
  <testcase name="testCodeInteger4" classname="org.apache.commons.codec.binary.Base64Test" time="0.001"/>
  <testcase name="testObjectEncode" classname="org.apache.commons.codec.binary.Base64Test" time="0.0"/>
  <testcase name="testRfc2045Section6Dot8ChunkSizeDefinition" classname="org.apache.commons.codec.binary.Base64Test" time="0.0"/>
  <testcase name="testUrlSafe" classname="org.apache.commons.codec.binary.Base64Test" time="0.002"/>
  <testcase name="testObjectEncodeWithInvalidParameter" classname="org.apache.commons.codec.binary.Base64Test" time="0.001"/>
  <testcase name="testEncodeDecodeRandom" classname="org.apache.commons.codec.binary.Base64Test" time="0.003"/>
  <testcase name="testRfc2045Section2Dot1CrLfDefinition" classname="org.apache.commons.codec.binary.Base64Test" time="0.001"/>
  <testcase name="testDecodeWithWhitespace" classname="org.apache.commons.codec.binary.Base64Test" time="0.0"/>
  <testcase name="testDecodePadOnlyChunked" classname="org.apache.commons.codec.binary.Base64Test" time="0.0"/>
  <testcase name="testKnownEncodings" classname="org.apache.commons.codec.binary.Base64Test" time="0.0"/>
  <testcase name="testCustomEncodingAlphabet" classname="org.apache.commons.codec.binary.Base64Test" time="0.0"/>
  <testcase name="testIgnoringNonBase64InDecode" classname="org.apache.commons.codec.binary.Base64Test" time="0.0"/>
  <testcase name="testCodec112" classname="org.apache.commons.codec.binary.Base64Test" time="0.0"/>
  <testcase name="testCodec265" classname="org.apache.commons.codec.binary.Base64Test" time="11.2"/>
  <testcase name="testBase64DecodingOfTrailing6Bits" classname="org.apache.commons.codec.binary.Base64Test" time="0.001"/>
  <testcase name="testDecodePadMarkerIndex2" classname="org.apache.commons.codec.binary.Base64Test" time="0.001"/>
  <testcase name="testDecodePadMarkerIndex3" classname="org.apache.commons.codec.binary.Base64Test" time="0.0"/>
  <testcase name="testIsUrlSafe" classname="org.apache.commons.codec.binary.Base64Test" time="0.0"/>
  <testcase name="testEncodeOverMaxSize" classname="org.apache.commons.codec.binary.Base64Test" time="0.0"/>
  <testcase name="testEmptyBase64" classname="org.apache.commons.codec.binary.Base64Test" time="0.001"/>
  <testcase name="testBuilderLineAttributes" classname="org.apache.commons.codec.binary.Base64Test" time="0.0"/>
  <testcase name="testSingletons" classname="org.apache.commons.codec.binary.Base64Test" time="0.002"/>
  <testcase name="testTripletsChunked" classname="org.apache.commons.codec.binary.Base64Test" time="0.0"/>
  <testcase name="testBase64AtBufferStart" classname="org.apache.commons.codec.binary.Base64Test" time="0.0"/>
  <testcase name="testCodec68" classname="org.apache.commons.codec.binary.Base64Test" time="0.0"/>
  <testcase name="testBase64AtBufferMiddle" classname="org.apache.commons.codec.binary.Base64Test" time="0.001"/>
  <testcase name="testBase64AtBufferEnd" classname="org.apache.commons.codec.binary.Base64Test" time="0.0"/>
  <testcase name="testBase64DecodingOfTrailing12Bits" classname="org.apache.commons.codec.binary.Base64Test" time="0.001"/>
  <testcase name="testBase64DecodingOfTrailing18Bits" classname="org.apache.commons.codec.binary.Base64Test" time="0.001"/>
  <testcase name="testRfc4648Section10DecodeEncode" classname="org.apache.commons.codec.binary.Base64Test" time="0.0"/>
  <testcase name="testObjectDecodeWithInvalidParameter" classname="org.apache.commons.codec.binary.Base64Test" time="0.0"/>
  <testcase name="testIsArrayByteBase64" classname="org.apache.commons.codec.binary.Base64Test" time="0.001"/>
  <testcase name="testDecodePadOnly" classname="org.apache.commons.codec.binary.Base64Test" time="0.0"/>
  <testcase name="testChunkedEncodeMultipleOf76" classname="org.apache.commons.codec.binary.Base64Test" time="0.0"/>
  <testcase name="testBase64" classname="org.apache.commons.codec.binary.Base64Test" time="0.0"/>
  <testcase name="testRfc1421Section6Dot8ChunkSizeDefinition" classname="org.apache.commons.codec.binary.Base64Test" time="0.0"/>
  <testcase name="testNonBase64Test" classname="org.apache.commons.codec.binary.Base64Test" time="0.0"/>
  <testcase name="testConstructor_Int_ByteArray_Boolean" classname="org.apache.commons.codec.binary.Base64Test" time="0.0"/>
  <testcase name="testByteToStringVariations" classname="org.apache.commons.codec.binary.Base64Test" time="0.0"/>
  <testcase name="testObjectEncodeWithValidParameter" classname="org.apache.commons.codec.binary.Base64Test" time="0.001"/>
  <testcase name="testRfc4648Section10DecodeWithCrLf" classname="org.apache.commons.codec.binary.Base64Test" time="0.0"/>
  <testcase name="testRfc4648Section10Decode" classname="org.apache.commons.codec.binary.Base64Test" time="0.0"/>
  <testcase name="testRfc4648Section10Encode" classname="org.apache.commons.codec.binary.Base64Test" time="0.001"/>
  <testcase name="testCodeIntegerNull" classname="org.apache.commons.codec.binary.Base64Test" time="0.0"/>
  <testcase name="testIsStringBase64" classname="org.apache.commons.codec.binary.Base64Test" time="0.001"/>
  <testcase name="testRfc4648Section10EncodeDecode" classname="org.apache.commons.codec.binary.Base64Test" time="0.0"/>
  <testcase name="testDecodeWithInnerPad" classname="org.apache.commons.codec.binary.Base64Test" time="0.001"/>
</testsuite>