<?xml version="1.0" encoding="UTF-8"?>
<testsuite xmlns:xsi="http://www.w3.org/2001/XMLSchema-instance" xsi:noNamespaceSchemaLocation="https://maven.apache.org/surefire/maven-surefire-plugin/xsd/surefire-test-report.xsd" version="3.0.2" name="org.apache.commons.csv.CSVFormatTest" time="0.043" tests="104" errors="0" skipped="0" failures="0">
  <properties>
    <property name="java.specification.version" value="17"/>
    <property name="sun.jnu.encoding" value="ANSI_X3.4-1968"/>
    <property name="java.class.path" value="/jiefang/mutation_testing_research/benchmarks/commons-csv/target/test-classes:/jiefang/mutation_testing_research/benchmarks/commons-csv/target/classes:/root/.m2/repository/org/junit/jupiter/junit-jupiter/5.11.0/junit-jupiter-5.11.0.jar:/root/.m2/repository/org/junit/jupiter/junit-jupiter-api/5.11.0/junit-jupiter-api-5.11.0.jar:/root/.m2/repository/org/opentest4j/opentest4j/1.3.0/opentest4j-1.3.0.jar:/root/.m2/repository/org/junit/platform/junit-platform-commons/1.11.0/junit-platform-commons-1.11.0.jar:/root/.m2/repository/org/apiguardian/apiguardian-api/1.1.2/apiguardian-api-1.1.2.jar:/root/.m2/repository/org/junit/jupiter/junit-jupiter-params/5.11.0/junit-jupiter-params-5.11.0.jar:/root/.m2/repository/org/junit/jupiter/junit-jupiter-engine/5.11.0/junit-jupiter-engine-5.11.0.jar:/root/.m2/repository/org/junit/platform/junit-platform-engine/1.11.0/junit-platform-engine-1.11.0.jar:/root/.m2/repository/org/hamcrest/hamcrest/3.0/hamcrest-3.0.jar:/root/.m2/repository/org/mockito/mockito-core/4.11.0/mockito-core-4.11.0.jar:/root/.m2/repository/net/bytebuddy/byte-buddy/1.12.19/byte-buddy-1.12.19.jar:/root/.m2/repository/net/bytebuddy/byte-buddy-agent/1.12.19/byte-buddy-agent-1.12.19.jar:/root/.m2/repository/org/objenesis/objenesis/3.3/objenesis-3.3.jar:/root/.m2/repository/commons-io/commons-io/2.17.0/commons-io-2.17.0.jar:/root/.m2/repository/commons-codec/commons-codec/1.17.1/commons-codec-1.17.1.jar:/root/.m2/repository/org/apache/commons/commons-lang3/3.17.0/commons-lang3-3.17.0.jar:/root/.m2/repository/com/h2database/h2/2.2.224/h2-2.2.224.jar:/root/.m2/repository/org/openjdk/jmh/jmh-core/1.37/jmh-core-1.37.jar:/root/.m2/repository/net/sf/jopt-simple/jopt-simple/5.0.4/jopt-simple-5.0.4.jar:/root/.m2/repository/org/apache/commons/commons-math3/3.6.1/commons-math3-3.6.1.jar:"/>
    <property name="java.vm.vendor" value="Ubuntu"/>
    <property name="sun.arch.data.model" value="64"/>
    <property name="java.vendor.url" value="https://ubuntu.com/"/>
    <property name="user.timezone" value="GMT"/>
    <property name="os.name" value="Linux"/>
    <property name="java.vm.specification.version" value="17"/>
    <property name="sun.java.launcher" value="SUN_STANDARD"/>
    <property name="user.country" value="US"/>
    <property name="sun.boot.library.path" value="/usr/lib/jvm/java-17-openjdk-amd64/lib"/>
    <property name="sun.java.command" value="/jiefang/mutation_testing_research/benchmarks/commons-csv/target/surefire/surefirebooter-20250207033705122_3.jar /jiefang/mutation_testing_research/benchmarks/commons-csv/target/surefire 2025-02-07T03-37-05_077-jvmRun1 surefire-20250207033705122_1tmp surefire_0-20250207033705122_2tmp"/>
    <property name="jdk.debug" value="release"/>
    <property name="surefire.test.class.path" value="/jiefang/mutation_testing_research/benchmarks/commons-csv/target/test-classes:/jiefang/mutation_testing_research/benchmarks/commons-csv/target/classes:/root/.m2/repository/org/junit/jupiter/junit-jupiter/5.11.0/junit-jupiter-5.11.0.jar:/root/.m2/repository/org/junit/jupiter/junit-jupiter-api/5.11.0/junit-jupiter-api-5.11.0.jar:/root/.m2/repository/org/opentest4j/opentest4j/1.3.0/opentest4j-1.3.0.jar:/root/.m2/repository/org/junit/platform/junit-platform-commons/1.11.0/junit-platform-commons-1.11.0.jar:/root/.m2/repository/org/apiguardian/apiguardian-api/1.1.2/apiguardian-api-1.1.2.jar:/root/.m2/repository/org/junit/jupiter/junit-jupiter-params/5.11.0/junit-jupiter-params-5.11.0.jar:/root/.m2/repository/org/junit/jupiter/junit-jupiter-engine/5.11.0/junit-jupiter-engine-5.11.0.jar:/root/.m2/repository/org/junit/platform/junit-platform-engine/1.11.0/junit-platform-engine-1.11.0.jar:/root/.m2/repository/org/hamcrest/hamcrest/3.0/hamcrest-3.0.jar:/root/.m2/repository/org/mockito/mockito-core/4.11.0/mockito-core-4.11.0.jar:/root/.m2/repository/net/bytebuddy/byte-buddy/1.12.19/byte-buddy-1.12.19.jar:/root/.m2/repository/net/bytebuddy/byte-buddy-agent/1.12.19/byte-buddy-agent-1.12.19.jar:/root/.m2/repository/org/objenesis/objenesis/3.3/objenesis-3.3.jar:/root/.m2/repository/commons-io/commons-io/2.17.0/commons-io-2.17.0.jar:/root/.m2/repository/commons-codec/commons-codec/1.17.1/commons-codec-1.17.1.jar:/root/.m2/repository/org/apache/commons/commons-lang3/3.17.0/commons-lang3-3.17.0.jar:/root/.m2/repository/com/h2database/h2/2.2.224/h2-2.2.224.jar:/root/.m2/repository/org/openjdk/jmh/jmh-core/1.37/jmh-core-1.37.jar:/root/.m2/repository/net/sf/jopt-simple/jopt-simple/5.0.4/jopt-simple-5.0.4.jar:/root/.m2/repository/org/apache/commons/commons-math3/3.6.1/commons-math3-3.6.1.jar:"/>
    <property name="sun.cpu.endian" value="little"/>
    <property name="user.home" value="/root"/>
    <property name="user.language" value="en"/>
    <property name="java.specification.vendor" value="Oracle Corporation"/>
    <property name="java.version.date" value="2024-07-16"/>
    <property name="java.home" value="/usr/lib/jvm/java-17-openjdk-amd64"/>
    <property name="file.separator" value="/"/>
    <property name="basedir" value="/jiefang/mutation_testing_research/benchmarks/commons-csv"/>
    <property name="java.vm.compressedOopsMode" value="Zero based"/>
    <property name="line.separator" value="&#10;"/>
    <property name="java.vm.specification.vendor" value="Oracle Corporation"/>
    <property name="java.specification.name" value="Java Platform API Specification"/>
    <property name="surefire.real.class.path" value="/jiefang/mutation_testing_research/benchmarks/commons-csv/target/surefire/surefirebooter-20250207033705122_3.jar"/>
    <property name="sun.management.compiler" value="HotSpot 64-Bit Tiered Compilers"/>
    <property name="java.runtime.version" value="17.0.12+7-Ubuntu-1ubuntu222.04"/>
    <property name="user.name" value="root"/>
    <property name="path.separator" value=":"/>
    <property name="os.version" value="5.4.0-200-generic"/>
    <property name="java.runtime.name" value="OpenJDK Runtime Environment"/>
    <property name="file.encoding" value="ANSI_X3.4-1968"/>
    <property name="java.vm.name" value="OpenJDK 64-Bit Server VM"/>
    <property name="localRepository" value="/root/.m2/repository"/>
    <property name="java.vendor.url.bug" value="https://bugs.launchpad.net/ubuntu/+source/openjdk-17"/>
    <property name="java.io.tmpdir" value="/tmp"/>
    <property name="java.version" value="17.0.12"/>
    <property name="user.dir" value="/jiefang/mutation_testing_research/benchmarks/commons-csv"/>
    <property name="os.arch" value="amd64"/>
    <property name="java.vm.specification.name" value="Java Virtual Machine Specification"/>
    <property name="native.encoding" value="ANSI_X3.4-1968"/>
    <property name="java.library.path" value="/usr/java/packages/lib:/usr/lib/x86_64-linux-gnu/jni:/lib/x86_64-linux-gnu:/usr/lib/x86_64-linux-gnu:/usr/lib/jni:/lib:/usr/lib"/>
    <property name="java.vm.info" value="mixed mode, sharing"/>
    <property name="java.vendor" value="Ubuntu"/>
    <property name="java.vm.version" value="17.0.12+7-Ubuntu-1ubuntu222.04"/>
    <property name="sun.io.unicode.encoding" value="UnicodeLittle"/>
    <property name="java.class.version" value="61.0"/>
  </properties>
  <testcase name="testEqualsIgnoreSurroundingSpaces" classname="org.apache.commons.csv.CSVFormatTest" time="0.0"/>
  <testcase name="testDelimiterSameAsEscapeThrowsException_Deprecated" classname="org.apache.commons.csv.CSVFormatTest" time="0.001"/>
  <testcase name="testPrintWithQuoteModeIsNONE" classname="org.apache.commons.csv.CSVFormatTest" time="0.001"/>
  <testcase name="testEqualsCommentStart" classname="org.apache.commons.csv.CSVFormatTest" time="0.0"/>
  <testcase name="testQuoteCharSameAsDelimiterThrowsException_Deprecated" classname="org.apache.commons.csv.CSVFormatTest" time="0.0"/>
  <testcase name="testJiraCsv236" classname="org.apache.commons.csv.CSVFormatTest" time="0.0"/>
  <testcase name="testEscapeSameAsCommentStartThrowsExceptionForWrapperType_Deprecated" classname="org.apache.commons.csv.CSVFormatTest" time="0.0"/>
  <testcase name="testWithDelimiter" classname="org.apache.commons.csv.CSVFormatTest" time="0.001"/>
  <testcase name="testEscapeSameAsCommentStartThrowsException_Deprecated" classname="org.apache.commons.csv.CSVFormatTest" time="0.0"/>
  <testcase name="testToStringAndWithCommentMarkerTakingCharacter" classname="org.apache.commons.csv.CSVFormatTest" time="0.001"/>
  <testcase name="testQuotePolicyNoneWithoutEscapeThrowsException" classname="org.apache.commons.csv.CSVFormatTest" time="0.0"/>
  <testcase name="testWithQuoteLFThrowsException" classname="org.apache.commons.csv.CSVFormatTest" time="0.0"/>
  <testcase name="testWithFirstRecordAsHeader" classname="org.apache.commons.csv.CSVFormatTest" time="0.0"/>
  <testcase name="testEqualsNullString_Deprecated" classname="org.apache.commons.csv.CSVFormatTest" time="0.0"/>
  <testcase name="testJiraCsv236__Deprecated" classname="org.apache.commons.csv.CSVFormatTest" time="0.0"/>
  <testcase name="testSerialization" classname="org.apache.commons.csv.CSVFormatTest" time="0.002"/>
  <testcase name="testNullRecordSeparatorCsv106" classname="org.apache.commons.csv.CSVFormatTest" time="0.001"/>
  <testcase name="testGetDuplicateHeaderMode" classname="org.apache.commons.csv.CSVFormatTest" time="0.0"/>
  <testcase name="testEqualsQuoteChar" classname="org.apache.commons.csv.CSVFormatTest" time="0.0"/>
  <testcase name="testTrim" classname="org.apache.commons.csv.CSVFormatTest" time="0.001"/>
  <testcase name="testNullRecordSeparatorCsv106__Deprecated" classname="org.apache.commons.csv.CSVFormatTest" time="0.0"/>
  <testcase name="testToString" classname="org.apache.commons.csv.CSVFormatTest" time="0.0"/>
  <testcase name="testWithEmptyDuplicates" classname="org.apache.commons.csv.CSVFormatTest" time="0.001"/>
  <testcase name="testWithHeaderComments" classname="org.apache.commons.csv.CSVFormatTest" time="0.0"/>
  <testcase name="testPrintRecord" classname="org.apache.commons.csv.CSVFormatTest" time="0.0"/>
  <testcase name="testGetAllowDuplicateHeaderNames" classname="org.apache.commons.csv.CSVFormatTest" time="0.0"/>
  <testcase name="testPrintRecordEmpty" classname="org.apache.commons.csv.CSVFormatTest" time="0.0"/>
  <testcase name="testEqualsQuoteChar_Deprecated" classname="org.apache.commons.csv.CSVFormatTest" time="0.0"/>
  <testcase name="testQuoteCharSameAsCommentStartThrowsException" classname="org.apache.commons.csv.CSVFormatTest" time="0.001"/>
  <testcase name="testWithRecordSeparatorCR" classname="org.apache.commons.csv.CSVFormatTest" time="0.0"/>
  <testcase name="testWithRecordSeparatorLF" classname="org.apache.commons.csv.CSVFormatTest" time="0.0"/>
  <testcase name="testDelimiterSameAsCommentStartThrowsException_Deprecated" classname="org.apache.commons.csv.CSVFormatTest" time="0.001"/>
  <testcase name="testPrintWithEscapesEndWithoutCRLF" classname="org.apache.commons.csv.CSVFormatTest" time="0.0"/>
  <testcase name="testWithEscapeCRThrowsExceptions" classname="org.apache.commons.csv.CSVFormatTest" time="0.0"/>
  <testcase name="testWithSystemRecordSeparator" classname="org.apache.commons.csv.CSVFormatTest" time="0.0"/>
  <testcase name="testWithIgnoreEmptyLines" classname="org.apache.commons.csv.CSVFormatTest" time="0.0"/>
  <testcase name="testEqualsNoQuotes" classname="org.apache.commons.csv.CSVFormatTest" time="0.0"/>
  <testcase name="testHashCodeAndWithIgnoreHeaderCase" classname="org.apache.commons.csv.CSVFormatTest" time="0.0"/>
  <testcase name="testDelimiterEmptyStringThrowsException1" classname="org.apache.commons.csv.CSVFormatTest" time="0.001"/>
  <testcase name="testDuplicateHeaderElementsTrue" classname="org.apache.commons.csv.CSVFormatTest" time="0.0"/>
  <testcase name="testEqualsSkipHeaderRecord_Deprecated" classname="org.apache.commons.csv.CSVFormatTest" time="0.0"/>
  <testcase name="testEqualsIgnoreSurroundingSpaces_Deprecated" classname="org.apache.commons.csv.CSVFormatTest" time="0.001"/>
  <testcase name="testEqualsEscape" classname="org.apache.commons.csv.CSVFormatTest" time="0.0"/>
  <testcase name="testEqualsHeader" classname="org.apache.commons.csv.CSVFormatTest" time="0.0"/>
  <testcase name="testEqualsIgnoreEmptyLines" classname="org.apache.commons.csv.CSVFormatTest" time="0.0"/>
  <testcase name="testDuplicateHeaderElementsTrueContainsEmpty1" classname="org.apache.commons.csv.CSVFormatTest" time="0.0"/>
  <testcase name="testDuplicateHeaderElementsTrueContainsEmpty2" classname="org.apache.commons.csv.CSVFormatTest" time="0.0"/>
  <testcase name="testDuplicateHeaderElementsTrueContainsEmpty3" classname="org.apache.commons.csv.CSVFormatTest" time="0.0"/>
  <testcase name="testEqualsHash" classname="org.apache.commons.csv.CSVFormatTest" time="0.001"/>
  <testcase name="testDuplicateHeaderElementsTrue_Deprecated" classname="org.apache.commons.csv.CSVFormatTest" time="0.0"/>
  <testcase name="testWithCommentStart" classname="org.apache.commons.csv.CSVFormatTest" time="0.0"/>
  <testcase name="testNewFormat" classname="org.apache.commons.csv.CSVFormatTest" time="0.001"/>
  <testcase name="testWithIgnoreSurround" classname="org.apache.commons.csv.CSVFormatTest" time="0.0"/>
  <testcase name="testRFC4180" classname="org.apache.commons.csv.CSVFormatTest" time="0.0"/>
  <testcase name="testDelimiterSameAsRecordSeparatorThrowsException" classname="org.apache.commons.csv.CSVFormatTest" time="0.001"/>
  <testcase name="testEscapeSameAsCommentStartThrowsException" classname="org.apache.commons.csv.CSVFormatTest" time="0.0"/>
  <testcase name="testFormatThrowsNullPointerException" classname="org.apache.commons.csv.CSVFormatTest" time="0.001"/>
  <testcase name="testEqualsDelimiter" classname="org.apache.commons.csv.CSVFormatTest" time="0.0"/>
  <testcase name="testEqualsRecordSeparator_Deprecated" classname="org.apache.commons.csv.CSVFormatTest" time="0.001"/>
  <testcase name="testDelimiterSameAsCommentStartThrowsException1" classname="org.apache.commons.csv.CSVFormatTest" time="0.0"/>
  <testcase name="testWithHeaderResultSetNull" classname="org.apache.commons.csv.CSVFormatTest" time="0.0"/>
  <testcase name="testDuplicateHeaderElements_Deprecated" classname="org.apache.commons.csv.CSVFormatTest" time="0.001"/>
  <testcase name="testQuoteCharSameAsCommentStartThrowsExceptionForWrapperType" classname="org.apache.commons.csv.CSVFormatTest" time="0.0"/>
  <testcase name="testDelimiterSameAsEscapeThrowsException1" classname="org.apache.commons.csv.CSVFormatTest" time="0.001"/>
  <testcase name="testEqualsQuotePolicy_Deprecated" classname="org.apache.commons.csv.CSVFormatTest" time="0.0"/>
  <testcase name="testQuoteCharSameAsCommentStartThrowsException_Deprecated" classname="org.apache.commons.csv.CSVFormatTest" time="0.0"/>
  <testcase name="testEqualsNullString" classname="org.apache.commons.csv.CSVFormatTest" time="0.0"/>
  <testcase name="testEqualsHeader_Deprecated" classname="org.apache.commons.csv.CSVFormatTest" time="0.0"/>
  <testcase name="testEqualsCommentStart_Deprecated" classname="org.apache.commons.csv.CSVFormatTest" time="0.0"/>
  <testcase name="testWithQuotePolicy" classname="org.apache.commons.csv.CSVFormatTest" time="0.0"/>
  <testcase name="testDuplicateHeaderElementsFalse" classname="org.apache.commons.csv.CSVFormatTest" time="0.0"/>
  <testcase name="testEqualsQuotePolicy" classname="org.apache.commons.csv.CSVFormatTest" time="0.0"/>
  <testcase name="testEscapeSameAsCommentStartThrowsExceptionForWrapperType" classname="org.apache.commons.csv.CSVFormatTest" time="0.001"/>
  <testcase name="testEqualsNoQuotes_Deprecated" classname="org.apache.commons.csv.CSVFormatTest" time="0.0"/>
  <testcase name="testEqualsRecordSeparator" classname="org.apache.commons.csv.CSVFormatTest" time="0.0"/>
  <testcase name="testWithCommentStartCRThrowsException" classname="org.apache.commons.csv.CSVFormatTest" time="0.0"/>
  <testcase name="testQuoteModeNoneShouldReturnMeaningfulExceptionMessage" classname="org.apache.commons.csv.CSVFormatTest" time="0.0"/>
  <testcase name="testQuoteCharSameAsDelimiterThrowsException" classname="org.apache.commons.csv.CSVFormatTest" time="0.001"/>
  <testcase name="testPrintWithoutQuotes" classname="org.apache.commons.csv.CSVFormatTest" time="0.0"/>
  <testcase name="testWithDelimiterLFThrowsException" classname="org.apache.commons.csv.CSVFormatTest" time="0.0"/>
  <testcase name="testEqualsLeftNoQuoteRightQuote_Deprecated" classname="org.apache.commons.csv.CSVFormatTest" time="0.0"/>
  <testcase name="testWithEscape" classname="org.apache.commons.csv.CSVFormatTest" time="0.0"/>
  <testcase name="testWithHeader" classname="org.apache.commons.csv.CSVFormatTest" time="0.0"/>
  <testcase name="testGetHeader" classname="org.apache.commons.csv.CSVFormatTest" time="0.0"/>
  <testcase name="testEqualsLeftNoQuoteRightQuote" classname="org.apache.commons.csv.CSVFormatTest" time="0.0"/>
  <testcase name="testFormatToString" classname="org.apache.commons.csv.CSVFormatTest" time="0.0"/>
  <testcase name="testWithQuoteChar" classname="org.apache.commons.csv.CSVFormatTest" time="0.0"/>
  <testcase name="testEquals" classname="org.apache.commons.csv.CSVFormatTest" time="0.0"/>
  <testcase name="testWithEmptyEnum" classname="org.apache.commons.csv.CSVFormatTest" time="0.0"/>
  <testcase name="testFormat" classname="org.apache.commons.csv.CSVFormatTest" time="0.0"/>
  <testcase name="testWithRecordSeparatorCRLF" classname="org.apache.commons.csv.CSVFormatTest" time="0.001"/>
  <testcase name="testPrintWithEscapesEndWithCRLF" classname="org.apache.commons.csv.CSVFormatTest" time="0.0"/>
  <testcase name="testEqualsIgnoreEmptyLines_Deprecated" classname="org.apache.commons.csv.CSVFormatTest" time="0.001"/>
  <testcase name="testEqualsOne" classname="org.apache.commons.csv.CSVFormatTest" time="0.0"/>
  <testcase name="testEqualsEscape_Deprecated" classname="org.apache.commons.csv.CSVFormatTest" time="0.001"/>
  <testcase name="testDuplicateHeaderElementsFalse_Deprecated" classname="org.apache.commons.csv.CSVFormatTest" time="0.0"/>
  <testcase name="testDuplicateHeaderElements" classname="org.apache.commons.csv.CSVFormatTest" time="0.001"/>
  <testcase name="testPrintWithQuotes" classname="org.apache.commons.csv.CSVFormatTest" time="0.0"/>
  <testcase name="testWithHeaderEnumNull" classname="org.apache.commons.csv.CSVFormatTest" time="0.0"/>
  <testcase name="testWithNullString" classname="org.apache.commons.csv.CSVFormatTest" time="0.0"/>
  <testcase name="testWithHeaderEnum" classname="org.apache.commons.csv.CSVFormatTest" time="0.0"/>
  <testcase name="testQuoteCharSameAsCommentStartThrowsExceptionForWrapperType_Deprecated" classname="org.apache.commons.csv.CSVFormatTest" time="0.0"/>
  <testcase name="testQuotePolicyNoneWithoutEscapeThrowsException_Deprecated" classname="org.apache.commons.csv.CSVFormatTest" time="0.0"/>
  <testcase name="testEqualsWithNull" classname="org.apache.commons.csv.CSVFormatTest" time="0.001"/>
</testsuite>