<?xml version="1.0" encoding="UTF-8"?>
<testsuite xmlns:xsi="http://www.w3.org/2001/XMLSchema-instance" xsi:noNamespaceSchemaLocation="https://maven.apache.org/surefire/maven-surefire-plugin/xsd/surefire-test-report-3.0.xsd" version="3.0" name="org.apache.commons.codec.binary.HexTest" time="0.087" tests="236" errors="0" skipped="0" failures="0">
  <properties>
    <property name="java.specification.version" value="17"/>
    <property name="sun.jnu.encoding" value="ANSI_X3.4-1968"/>
    <property name="java.class.path" value="/jiefang/mutation_testing_research/benchmarks/commons-codec/target/test-classes:/jiefang/mutation_testing_research/benchmarks/commons-codec/target/classes:/root/.m2/repository/org/apache/commons/commons-lang3/3.16.0/commons-lang3-3.16.0.jar:/root/.m2/repository/commons-io/commons-io/2.16.1/commons-io-2.16.1.jar:/root/.m2/repository/org/junit/jupiter/junit-jupiter-engine/5.11.0-M2/junit-jupiter-engine-5.11.0-M2.jar:/root/.m2/repository/org/junit/platform/junit-platform-engine/1.11.0-M2/junit-platform-engine-1.11.0-M2.jar:/root/.m2/repository/org/opentest4j/opentest4j/1.3.0/opentest4j-1.3.0.jar:/root/.m2/repository/org/junit/platform/junit-platform-commons/1.11.0-M2/junit-platform-commons-1.11.0-M2.jar:/root/.m2/repository/org/junit/jupiter/junit-jupiter-api/5.11.0-M2/junit-jupiter-api-5.11.0-M2.jar:/root/.m2/repository/org/apiguardian/apiguardian-api/1.1.2/apiguardian-api-1.1.2.jar:/root/.m2/repository/org/junit/jupiter/junit-jupiter-params/5.11.0-M2/junit-jupiter-params-5.11.0-M2.jar:"/>
    <property name="java.vm.vendor" value="Ubuntu"/>
    <property name="sun.arch.data.model" value="64"/>
    <property name="java.vendor.url" value="https://ubuntu.com/"/>
    <property name="os.name" value="Linux"/>
    <property name="java.vm.specification.version" value="17"/>
    <property name="sun.java.launcher" value="SUN_STANDARD"/>
    <property name="user.country" value="US"/>
    <property name="sun.boot.library.path" value="/usr/lib/jvm/java-17-openjdk-amd64/lib"/>
    <property name="sun.java.command" value="/jiefang/mutation_testing_research/benchmarks/commons-codec/target/surefire/surefirebooter-20250206045427258_3.jar /jiefang/mutation_testing_research/benchmarks/commons-codec/target/surefire 2025-02-06T04-54-27_214-jvmRun1 surefire-20250206045427258_1tmp surefire_0-20250206045427258_2tmp"/>
    <property name="jdk.debug" value="release"/>
    <property name="surefire.test.class.path" value="/jiefang/mutation_testing_research/benchmarks/commons-codec/target/test-classes:/jiefang/mutation_testing_research/benchmarks/commons-codec/target/classes:/root/.m2/repository/org/apache/commons/commons-lang3/3.16.0/commons-lang3-3.16.0.jar:/root/.m2/repository/commons-io/commons-io/2.16.1/commons-io-2.16.1.jar:/root/.m2/repository/org/junit/jupiter/junit-jupiter-engine/5.11.0-M2/junit-jupiter-engine-5.11.0-M2.jar:/root/.m2/repository/org/junit/platform/junit-platform-engine/1.11.0-M2/junit-platform-engine-1.11.0-M2.jar:/root/.m2/repository/org/opentest4j/opentest4j/1.3.0/opentest4j-1.3.0.jar:/root/.m2/repository/org/junit/platform/junit-platform-commons/1.11.0-M2/junit-platform-commons-1.11.0-M2.jar:/root/.m2/repository/org/junit/jupiter/junit-jupiter-api/5.11.0-M2/junit-jupiter-api-5.11.0-M2.jar:/root/.m2/repository/org/apiguardian/apiguardian-api/1.1.2/apiguardian-api-1.1.2.jar:/root/.m2/repository/org/junit/jupiter/junit-jupiter-params/5.11.0-M2/junit-jupiter-params-5.11.0-M2.jar:"/>
    <property name="sun.cpu.endian" value="little"/>
    <property name="user.home" value="/root"/>
    <property name="user.language" value="en"/>
    <property name="java.specification.vendor" value="Oracle Corporation"/>
    <property name="java.version.date" value="2024-07-16"/>
    <property name="java.home" value="/usr/lib/jvm/java-17-openjdk-amd64"/>
    <property name="file.separator" value="/"/>
    <property name="basedir" value="/jiefang/mutation_testing_research/benchmarks/commons-codec"/>
    <property name="java.vm.compressedOopsMode" value="Zero based"/>
    <property name="line.separator" value="&#10;"/>
    <property name="java.vm.specification.vendor" value="Oracle Corporation"/>
    <property name="java.specification.name" value="Java Platform API Specification"/>
    <property name="surefire.real.class.path" value="/jiefang/mutation_testing_research/benchmarks/commons-codec/target/surefire/surefirebooter-20250206045427258_3.jar"/>
    <property name="sun.management.compiler" value="HotSpot 64-Bit Tiered Compilers"/>
    <property name="java.runtime.version" value="17.0.12+7-Ubuntu-1ubuntu222.04"/>
    <property name="user.name" value="root"/>
    <property name="path.separator" value=":"/>
    <property name="os.version" value="5.4.0-200-generic"/>
    <property name="java.runtime.name" value="OpenJDK Runtime Environment"/>
    <property name="file.encoding" value="ANSI_X3.4-1968"/>
    <property name="java.vm.name" value="OpenJDK 64-Bit Server VM"/>
    <property name="localRepository" value="/root/.m2/repository"/>
    <property name="java.vendor.url.bug" value="https://bugs.launchpad.net/ubuntu/+source/openjdk-17"/>
    <property name="java.io.tmpdir" value="/tmp"/>
    <property name="java.version" value="17.0.12"/>
    <property name="user.dir" value="/jiefang/mutation_testing_research/benchmarks/commons-codec"/>
    <property name="os.arch" value="amd64"/>
    <property name="java.vm.specification.name" value="Java Virtual Machine Specification"/>
    <property name="native.encoding" value="ANSI_X3.4-1968"/>
    <property name="java.library.path" value="/usr/java/packages/lib:/usr/lib/x86_64-linux-gnu/jni:/lib/x86_64-linux-gnu:/usr/lib/x86_64-linux-gnu:/usr/lib/jni:/lib:/usr/lib"/>
    <property name="java.vm.info" value="mixed mode, sharing"/>
    <property name="java.vendor" value="Ubuntu"/>
    <property name="java.vm.version" value="17.0.12+7-Ubuntu-1ubuntu222.04"/>
    <property name="sun.io.unicode.encoding" value="UnicodeLittle"/>
    <property name="java.class.version" value="61.0"/>
  </properties>
  <testcase name="testEncodeHexByteString_ByteBufferBoolean_ToUpperCase" classname="org.apache.commons.codec.binary.HexTest" time="0.001"/>
  <testcase name="testDecodeHexStringOddCharacters1" classname="org.apache.commons.codec.binary.HexTest" time="0.0"/>
  <testcase name="testEncodeDecodeHexCharArrayRandom" classname="org.apache.commons.codec.binary.HexTest" time="0.004"/>
  <testcase name="testDecodeByteBufferObjectEmpty" classname="org.apache.commons.codec.binary.HexTest" time="0.0"/>
  <testcase name="testEncodeHexByteArrayHelloWorldLowerCaseHex" classname="org.apache.commons.codec.binary.HexTest" time="0.001"/>
  <testcase name="testDecodeByteArrayOddCharacters" classname="org.apache.commons.codec.binary.HexTest" time="0.0"/>
  <testcase name="testDecodeHexCharArrayOddCharacters1" classname="org.apache.commons.codec.binary.HexTest" time="0.0"/>
  <testcase name="testDecodeHexCharArrayOddCharacters3" classname="org.apache.commons.codec.binary.HexTest" time="0.0"/>
  <testcase name="testDecodeHexCharArrayOddCharacters5" classname="org.apache.commons.codec.binary.HexTest" time="0.0"/>
  <testcase name="testDecodeByteBufferOddCharacters" classname="org.apache.commons.codec.binary.HexTest" time="0.0"/>
  <testcase name="testEncodeHexByteBufferHelloWorldLowerCaseHex" classname="org.apache.commons.codec.binary.HexTest" time="0.0"/>
  <testcase name="testEncodeHexByteArrayHelloWorldUpperCaseHex" classname="org.apache.commons.codec.binary.HexTest" time="0.0"/>
  <testcase name="testDecodeByteBufferEmpty" classname="org.apache.commons.codec.binary.HexTest" time="0.0"/>
  <testcase name="testDecodeHexCharArrayOutBufferUnderSized" classname="org.apache.commons.codec.binary.HexTest" time="0.0"/>
  <testcase name="testDecodeHexCharArrayOutBufferUnderSizedByOffset" classname="org.apache.commons.codec.binary.HexTest" time="0.0"/>
  <testcase name="testCustomCharset(String)[1]" classname="org.apache.commons.codec.binary.HexTest" time="0.0"/>
  <testcase name="testCustomCharset(String)[2]" classname="org.apache.commons.codec.binary.HexTest" time="0.001"/>
  <testcase name="testCustomCharset(String)[3]" classname="org.apache.commons.codec.binary.HexTest" time="0.0"/>
  <testcase name="testCustomCharset(String)[4]" classname="org.apache.commons.codec.binary.HexTest" time="0.001"/>
  <testcase name="testCustomCharset(String)[5]" classname="org.apache.commons.codec.binary.HexTest" time="0.004"/>
  <testcase name="testCustomCharset(String)[6]" classname="org.apache.commons.codec.binary.HexTest" time="0.0"/>
  <testcase name="testCustomCharset(String)[7]" classname="org.apache.commons.codec.binary.HexTest" time="0.0"/>
  <testcase name="testCustomCharset(String)[8]" classname="org.apache.commons.codec.binary.HexTest" time="0.0"/>
  <testcase name="testCustomCharset(String)[9]" classname="org.apache.commons.codec.binary.HexTest" time="0.0"/>
  <testcase name="testCustomCharset(String)[10]" classname="org.apache.commons.codec.binary.HexTest" time="0.0"/>
  <testcase name="testCustomCharset(String)[11]" classname="org.apache.commons.codec.binary.HexTest" time="0.0"/>
  <testcase name="testCustomCharset(String)[12]" classname="org.apache.commons.codec.binary.HexTest" time="0.001"/>
  <testcase name="testCustomCharset(String)[13]" classname="org.apache.commons.codec.binary.HexTest" time="0.0"/>
  <testcase name="testCustomCharset(String)[14]" classname="org.apache.commons.codec.binary.HexTest" time="0.0"/>
  <testcase name="testCustomCharset(String)[15]" classname="org.apache.commons.codec.binary.HexTest" time="0.0"/>
  <testcase name="testCustomCharset(String)[16]" classname="org.apache.commons.codec.binary.HexTest" time="0.0"/>
  <testcase name="testCustomCharset(String)[17]" classname="org.apache.commons.codec.binary.HexTest" time="0.0"/>
  <testcase name="testCustomCharset(String)[18]" classname="org.apache.commons.codec.binary.HexTest" time="0.0"/>
  <testcase name="testCustomCharset(String)[19]" classname="org.apache.commons.codec.binary.HexTest" time="0.0"/>
  <testcase name="testCustomCharset(String)[20]" classname="org.apache.commons.codec.binary.HexTest" time="0.001"/>
  <testcase name="testCustomCharset(String)[21]" classname="org.apache.commons.codec.binary.HexTest" time="0.0"/>
  <testcase name="testCustomCharset(String)[22]" classname="org.apache.commons.codec.binary.HexTest" time="0.0"/>
  <testcase name="testCustomCharset(String)[23]" classname="org.apache.commons.codec.binary.HexTest" time="0.0"/>
  <testcase name="testCustomCharset(String)[24]" classname="org.apache.commons.codec.binary.HexTest" time="0.001"/>
  <testcase name="testCustomCharset(String)[25]" classname="org.apache.commons.codec.binary.HexTest" time="0.0"/>
  <testcase name="testCustomCharset(String)[26]" classname="org.apache.commons.codec.binary.HexTest" time="0.0"/>
  <testcase name="testCustomCharset(String)[27]" classname="org.apache.commons.codec.binary.HexTest" time="0.0"/>
  <testcase name="testCustomCharset(String)[28]" classname="org.apache.commons.codec.binary.HexTest" time="0.0"/>
  <testcase name="testCustomCharset(String)[29]" classname="org.apache.commons.codec.binary.HexTest" time="0.0"/>
  <testcase name="testCustomCharset(String)[30]" classname="org.apache.commons.codec.binary.HexTest" time="0.0"/>
  <testcase name="testCustomCharset(String)[31]" classname="org.apache.commons.codec.binary.HexTest" time="0.0"/>
  <testcase name="testCustomCharset(String)[32]" classname="org.apache.commons.codec.binary.HexTest" time="0.0"/>
  <testcase name="testCustomCharset(String)[33]" classname="org.apache.commons.codec.binary.HexTest" time="0.0"/>
  <testcase name="testCustomCharset(String)[34]" classname="org.apache.commons.codec.binary.HexTest" time="0.0"/>
  <testcase name="testCustomCharset(String)[35]" classname="org.apache.commons.codec.binary.HexTest" time="0.0"/>
  <testcase name="testCustomCharset(String)[36]" classname="org.apache.commons.codec.binary.HexTest" time="0.0"/>
  <testcase name="testCustomCharset(String)[37]" classname="org.apache.commons.codec.binary.HexTest" time="0.0"/>
  <testcase name="testCustomCharset(String)[38]" classname="org.apache.commons.codec.binary.HexTest" time="0.001"/>
  <testcase name="testCustomCharset(String)[39]" classname="org.apache.commons.codec.binary.HexTest" time="0.0"/>
  <testcase name="testCustomCharset(String)[40]" classname="org.apache.commons.codec.binary.HexTest" time="0.0"/>
  <testcase name="testCustomCharset(String)[41]" classname="org.apache.commons.codec.binary.HexTest" time="0.001"/>
  <testcase name="testCustomCharset(String)[42]" classname="org.apache.commons.codec.binary.HexTest" time="0.0"/>
  <testcase name="testCustomCharset(String)[43]" classname="org.apache.commons.codec.binary.HexTest" time="0.0"/>
  <testcase name="testCustomCharset(String)[44]" classname="org.apache.commons.codec.binary.HexTest" time="0.001"/>
  <testcase name="testCustomCharset(String)[45]" classname="org.apache.commons.codec.binary.HexTest" time="0.0"/>
  <testcase name="testCustomCharset(String)[46]" classname="org.apache.commons.codec.binary.HexTest" time="0.0"/>
  <testcase name="testCustomCharset(String)[47]" classname="org.apache.commons.codec.binary.HexTest" time="0.0"/>
  <testcase name="testCustomCharset(String)[48]" classname="org.apache.commons.codec.binary.HexTest" time="0.0"/>
  <testcase name="testCustomCharset(String)[49]" classname="org.apache.commons.codec.binary.HexTest" time="0.0"/>
  <testcase name="testCustomCharset(String)[50]" classname="org.apache.commons.codec.binary.HexTest" time="0.0"/>
  <testcase name="testCustomCharset(String)[51]" classname="org.apache.commons.codec.binary.HexTest" time="0.0"/>
  <testcase name="testCustomCharset(String)[52]" classname="org.apache.commons.codec.binary.HexTest" time="0.0"/>
  <testcase name="testCustomCharset(String)[53]" classname="org.apache.commons.codec.binary.HexTest" time="0.0"/>
  <testcase name="testCustomCharset(String)[54]" classname="org.apache.commons.codec.binary.HexTest" time="0.0"/>
  <testcase name="testCustomCharset(String)[55]" classname="org.apache.commons.codec.binary.HexTest" time="0.001"/>
  <testcase name="testCustomCharset(String)[56]" classname="org.apache.commons.codec.binary.HexTest" time="0.0"/>
  <testcase name="testCustomCharset(String)[57]" classname="org.apache.commons.codec.binary.HexTest" time="0.0"/>
  <testcase name="testCustomCharset(String)[58]" classname="org.apache.commons.codec.binary.HexTest" time="0.001"/>
  <testcase name="testCustomCharset(String)[59]" classname="org.apache.commons.codec.binary.HexTest" time="0.0"/>
  <testcase name="testCustomCharset(String)[60]" classname="org.apache.commons.codec.binary.HexTest" time="0.0"/>
  <testcase name="testCustomCharset(String)[61]" classname="org.apache.commons.codec.binary.HexTest" time="0.001"/>
  <testcase name="testCustomCharset(String)[62]" classname="org.apache.commons.codec.binary.HexTest" time="0.0"/>
  <testcase name="testCustomCharset(String)[63]" classname="org.apache.commons.codec.binary.HexTest" time="0.0"/>
  <testcase name="testCustomCharset(String)[64]" classname="org.apache.commons.codec.binary.HexTest" time="0.001"/>
  <testcase name="testCustomCharset(String)[65]" classname="org.apache.commons.codec.binary.HexTest" time="0.0"/>
  <testcase name="testCustomCharset(String)[66]" classname="org.apache.commons.codec.binary.HexTest" time="0.0"/>
  <testcase name="testCustomCharset(String)[67]" classname="org.apache.commons.codec.binary.HexTest" time="0.001"/>
  <testcase name="testCustomCharset(String)[68]" classname="org.apache.commons.codec.binary.HexTest" time="0.0"/>
  <testcase name="testCustomCharset(String)[69]" classname="org.apache.commons.codec.binary.HexTest" time="0.0"/>
  <testcase name="testCustomCharset(String)[70]" classname="org.apache.commons.codec.binary.HexTest" time="0.0"/>
  <testcase name="testCustomCharset(String)[71]" classname="org.apache.commons.codec.binary.HexTest" time="0.0"/>
  <testcase name="testCustomCharset(String)[72]" classname="org.apache.commons.codec.binary.HexTest" time="0.001"/>
  <testcase name="testCustomCharset(String)[73]" classname="org.apache.commons.codec.binary.HexTest" time="0.0"/>
  <testcase name="testCustomCharset(String)[74]" classname="org.apache.commons.codec.binary.HexTest" time="0.0"/>
  <testcase name="testCustomCharset(String)[75]" classname="org.apache.commons.codec.binary.HexTest" time="0.0"/>
  <testcase name="testCustomCharset(String)[76]" classname="org.apache.commons.codec.binary.HexTest" time="0.0"/>
  <testcase name="testCustomCharset(String)[77]" classname="org.apache.commons.codec.binary.HexTest" time="0.0"/>
  <testcase name="testCustomCharset(String)[78]" classname="org.apache.commons.codec.binary.HexTest" time="0.001"/>
  <testcase name="testCustomCharset(String)[79]" classname="org.apache.commons.codec.binary.HexTest" time="0.0"/>
  <testcase name="testCustomCharset(String)[80]" classname="org.apache.commons.codec.binary.HexTest" time="0.0"/>
  <testcase name="testCustomCharset(String)[81]" classname="org.apache.commons.codec.binary.HexTest" time="0.0"/>
  <testcase name="testCustomCharset(String)[82]" classname="org.apache.commons.codec.binary.HexTest" time="0.0"/>
  <testcase name="testCustomCharset(String)[83]" classname="org.apache.commons.codec.binary.HexTest" time="0.001"/>
  <testcase name="testCustomCharset(String)[84]" classname="org.apache.commons.codec.binary.HexTest" time="0.0"/>
  <testcase name="testCustomCharset(String)[85]" classname="org.apache.commons.codec.binary.HexTest" time="0.0"/>
  <testcase name="testCustomCharset(String)[86]" classname="org.apache.commons.codec.binary.HexTest" time="0.0"/>
  <testcase name="testCustomCharset(String)[87]" classname="org.apache.commons.codec.binary.HexTest" time="0.0"/>
  <testcase name="testCustomCharset(String)[88]" classname="org.apache.commons.codec.binary.HexTest" time="0.001"/>
  <testcase name="testCustomCharset(String)[89]" classname="org.apache.commons.codec.binary.HexTest" time="0.0"/>
  <testcase name="testCustomCharset(String)[90]" classname="org.apache.commons.codec.binary.HexTest" time="0.0"/>
  <testcase name="testCustomCharset(String)[91]" classname="org.apache.commons.codec.binary.HexTest" time="0.001"/>
  <testcase name="testCustomCharset(String)[92]" classname="org.apache.commons.codec.binary.HexTest" time="0.0"/>
  <testcase name="testCustomCharset(String)[93]" classname="org.apache.commons.codec.binary.HexTest" time="0.0"/>
  <testcase name="testCustomCharset(String)[94]" classname="org.apache.commons.codec.binary.HexTest" time="0.001"/>
  <testcase name="testCustomCharset(String)[95]" classname="org.apache.commons.codec.binary.HexTest" time="0.0"/>
  <testcase name="testCustomCharset(String)[96]" classname="org.apache.commons.codec.binary.HexTest" time="0.0"/>
  <testcase name="testCustomCharset(String)[97]" classname="org.apache.commons.codec.binary.HexTest" time="0.001"/>
  <testcase name="testCustomCharset(String)[98]" classname="org.apache.commons.codec.binary.HexTest" time="0.0"/>
  <testcase name="testCustomCharset(String)[99]" classname="org.apache.commons.codec.binary.HexTest" time="0.0"/>
  <testcase name="testCustomCharset(String)[100]" classname="org.apache.commons.codec.binary.HexTest" time="0.0"/>
  <testcase name="testCustomCharset(String)[101]" classname="org.apache.commons.codec.binary.HexTest" time="0.0"/>
  <testcase name="testCustomCharset(String)[102]" classname="org.apache.commons.codec.binary.HexTest" time="0.0"/>
  <testcase name="testCustomCharset(String)[103]" classname="org.apache.commons.codec.binary.HexTest" time="0.001"/>
  <testcase name="testCustomCharset(String)[104]" classname="org.apache.commons.codec.binary.HexTest" time="0.0"/>
  <testcase name="testCustomCharset(String)[105]" classname="org.apache.commons.codec.binary.HexTest" time="0.0"/>
  <testcase name="testCustomCharset(String)[106]" classname="org.apache.commons.codec.binary.HexTest" time="0.001"/>
  <testcase name="testCustomCharset(String)[107]" classname="org.apache.commons.codec.binary.HexTest" time="0.0"/>
  <testcase name="testCustomCharset(String)[108]" classname="org.apache.commons.codec.binary.HexTest" time="0.0"/>
  <testcase name="testCustomCharset(String)[109]" classname="org.apache.commons.codec.binary.HexTest" time="0.0"/>
  <testcase name="testCustomCharset(String)[110]" classname="org.apache.commons.codec.binary.HexTest" time="0.0"/>
  <testcase name="testCustomCharset(String)[111]" classname="org.apache.commons.codec.binary.HexTest" time="0.0"/>
  <testcase name="testCustomCharset(String)[112]" classname="org.apache.commons.codec.binary.HexTest" time="0.0"/>
  <testcase name="testCustomCharset(String)[113]" classname="org.apache.commons.codec.binary.HexTest" time="0.0"/>
  <testcase name="testCustomCharset(String)[114]" classname="org.apache.commons.codec.binary.HexTest" time="0.0"/>
  <testcase name="testCustomCharset(String)[115]" classname="org.apache.commons.codec.binary.HexTest" time="0.001"/>
  <testcase name="testCustomCharset(String)[116]" classname="org.apache.commons.codec.binary.HexTest" time="0.0"/>
  <testcase name="testCustomCharset(String)[117]" classname="org.apache.commons.codec.binary.HexTest" time="0.0"/>
  <testcase name="testCustomCharset(String)[118]" classname="org.apache.commons.codec.binary.HexTest" time="0.001"/>
  <testcase name="testCustomCharset(String)[119]" classname="org.apache.commons.codec.binary.HexTest" time="0.0"/>
  <testcase name="testCustomCharset(String)[120]" classname="org.apache.commons.codec.binary.HexTest" time="0.0"/>
  <testcase name="testCustomCharset(String)[121]" classname="org.apache.commons.codec.binary.HexTest" time="0.001"/>
  <testcase name="testCustomCharset(String)[122]" classname="org.apache.commons.codec.binary.HexTest" time="0.0"/>
  <testcase name="testCustomCharset(String)[123]" classname="org.apache.commons.codec.binary.HexTest" time="0.0"/>
  <testcase name="testCustomCharset(String)[124]" classname="org.apache.commons.codec.binary.HexTest" time="0.001"/>
  <testcase name="testCustomCharset(String)[125]" classname="org.apache.commons.codec.binary.HexTest" time="0.0"/>
  <testcase name="testCustomCharset(String)[126]" classname="org.apache.commons.codec.binary.HexTest" time="0.0"/>
  <testcase name="testCustomCharset(String)[127]" classname="org.apache.commons.codec.binary.HexTest" time="0.001"/>
  <testcase name="testCustomCharset(String)[128]" classname="org.apache.commons.codec.binary.HexTest" time="0.0"/>
  <testcase name="testCustomCharset(String)[129]" classname="org.apache.commons.codec.binary.HexTest" time="0.0"/>
  <testcase name="testCustomCharset(String)[130]" classname="org.apache.commons.codec.binary.HexTest" time="0.0"/>
  <testcase name="testCustomCharset(String)[131]" classname="org.apache.commons.codec.binary.HexTest" time="0.0"/>
  <testcase name="testCustomCharset(String)[132]" classname="org.apache.commons.codec.binary.HexTest" time="0.0"/>
  <testcase name="testCustomCharset(String)[133]" classname="org.apache.commons.codec.binary.HexTest" time="0.0"/>
  <testcase name="testCustomCharset(String)[134]" classname="org.apache.commons.codec.binary.HexTest" time="0.0"/>
  <testcase name="testCustomCharset(String)[135]" classname="org.apache.commons.codec.binary.HexTest" time="0.001"/>
  <testcase name="testCustomCharset(String)[136]" classname="org.apache.commons.codec.binary.HexTest" time="0.0"/>
  <testcase name="testCustomCharset(String)[137]" classname="org.apache.commons.codec.binary.HexTest" time="0.0"/>
  <testcase name="testCustomCharset(String)[138]" classname="org.apache.commons.codec.binary.HexTest" time="0.001"/>
  <testcase name="testCustomCharset(String)[139]" classname="org.apache.commons.codec.binary.HexTest" time="0.0"/>
  <testcase name="testCustomCharset(String)[140]" classname="org.apache.commons.codec.binary.HexTest" time="0.0"/>
  <testcase name="testCustomCharset(String)[141]" classname="org.apache.commons.codec.binary.HexTest" time="0.0"/>
  <testcase name="testCustomCharset(String)[142]" classname="org.apache.commons.codec.binary.HexTest" time="0.0"/>
  <testcase name="testCustomCharset(String)[143]" classname="org.apache.commons.codec.binary.HexTest" time="0.0"/>
  <testcase name="testCustomCharset(String)[144]" classname="org.apache.commons.codec.binary.HexTest" time="0.0"/>
  <testcase name="testCustomCharset(String)[145]" classname="org.apache.commons.codec.binary.HexTest" time="0.0"/>
  <testcase name="testCustomCharset(String)[146]" classname="org.apache.commons.codec.binary.HexTest" time="0.001"/>
  <testcase name="testCustomCharset(String)[147]" classname="org.apache.commons.codec.binary.HexTest" time="0.0"/>
  <testcase name="testCustomCharset(String)[148]" classname="org.apache.commons.codec.binary.HexTest" time="0.0"/>
  <testcase name="testCustomCharset(String)[149]" classname="org.apache.commons.codec.binary.HexTest" time="0.001"/>
  <testcase name="testCustomCharset(String)[150]" classname="org.apache.commons.codec.binary.HexTest" time="0.0"/>
  <testcase name="testCustomCharset(String)[151]" classname="org.apache.commons.codec.binary.HexTest" time="0.0"/>
  <testcase name="testCustomCharset(String)[152]" classname="org.apache.commons.codec.binary.HexTest" time="0.0"/>
  <testcase name="testCustomCharset(String)[153]" classname="org.apache.commons.codec.binary.HexTest" time="0.0"/>
  <testcase name="testCustomCharset(String)[154]" classname="org.apache.commons.codec.binary.HexTest" time="0.0"/>
  <testcase name="testCustomCharset(String)[155]" classname="org.apache.commons.codec.binary.HexTest" time="0.0"/>
  <testcase name="testCustomCharset(String)[156]" classname="org.apache.commons.codec.binary.HexTest" time="0.0"/>
  <testcase name="testCustomCharset(String)[157]" classname="org.apache.commons.codec.binary.HexTest" time="0.0"/>
  <testcase name="testCustomCharset(String)[158]" classname="org.apache.commons.codec.binary.HexTest" time="0.0"/>
  <testcase name="testCustomCharset(String)[159]" classname="org.apache.commons.codec.binary.HexTest" time="0.001"/>
  <testcase name="testCustomCharset(String)[160]" classname="org.apache.commons.codec.binary.HexTest" time="0.0"/>
  <testcase name="testCustomCharset(String)[161]" classname="org.apache.commons.codec.binary.HexTest" time="0.0"/>
  <testcase name="testCustomCharset(String)[162]" classname="org.apache.commons.codec.binary.HexTest" time="0.001"/>
  <testcase name="testCustomCharset(String)[163]" classname="org.apache.commons.codec.binary.HexTest" time="0.0"/>
  <testcase name="testCustomCharset(String)[164]" classname="org.apache.commons.codec.binary.HexTest" time="0.0"/>
  <testcase name="testCustomCharset(String)[165]" classname="org.apache.commons.codec.binary.HexTest" time="0.0"/>
  <testcase name="testCustomCharset(String)[166]" classname="org.apache.commons.codec.binary.HexTest" time="0.0"/>
  <testcase name="testCustomCharset(String)[167]" classname="org.apache.commons.codec.binary.HexTest" time="0.0"/>
  <testcase name="testCustomCharset(String)[168]" classname="org.apache.commons.codec.binary.HexTest" time="0.0"/>
  <testcase name="testCustomCharset(String)[169]" classname="org.apache.commons.codec.binary.HexTest" time="0.0"/>
  <testcase name="testCustomCharset(String)[170]" classname="org.apache.commons.codec.binary.HexTest" time="0.0"/>
  <testcase name="testCustomCharset(String)[171]" classname="org.apache.commons.codec.binary.HexTest" time="0.0"/>
  <testcase name="testCustomCharset(String)[172]" classname="org.apache.commons.codec.binary.HexTest" time="0.0"/>
  <testcase name="testCustomCharset(String)[173]" classname="org.apache.commons.codec.binary.HexTest" time="0.0"/>
  <testcase name="testEncodeHexByteArrayZeroes" classname="org.apache.commons.codec.binary.HexTest" time="0.0"/>
  <testcase name="testEncodeClassCastException" classname="org.apache.commons.codec.binary.HexTest" time="0.0"/>
  <testcase name="testEncodeByteBufferObjectEmpty" classname="org.apache.commons.codec.binary.HexTest" time="0.0"/>
  <testcase name="testDecodeHexStringOddCharacters" classname="org.apache.commons.codec.binary.HexTest" time="0.0"/>
  <testcase name="testDecodeStringEmpty" classname="org.apache.commons.codec.binary.HexTest" time="0.0"/>
  <testcase name="testEncodeHexByteString_ByteBufferOfZeroesWithLimit" classname="org.apache.commons.codec.binary.HexTest" time="0.0"/>
  <testcase name="testEncodeHexByteString_ByteArrayBoolean_ToLowerCase" classname="org.apache.commons.codec.binary.HexTest" time="0.0"/>
  <testcase name="testEncodeHexByteBufferHelloWorldUpperCaseHex" classname="org.apache.commons.codec.binary.HexTest" time="0.0"/>
  <testcase name="testCustomCharsetBadName" classname="org.apache.commons.codec.binary.HexTest" time="0.001"/>
  <testcase name="testEncodeByteBufferEmpty" classname="org.apache.commons.codec.binary.HexTest" time="0.0"/>
  <testcase name="testEncodeByteArrayObjectEmpty" classname="org.apache.commons.codec.binary.HexTest" time="0.0"/>
  <testcase name="testEncodeHex_ByteBufferWithLimit" classname="org.apache.commons.codec.binary.HexTest" time="0.0"/>
  <testcase name="testDecodeByteBufferAllocatedButEmpty" classname="org.apache.commons.codec.binary.HexTest" time="0.0"/>
  <testcase name="testEncodeHexReadOnlyByteBuffer" classname="org.apache.commons.codec.binary.HexTest" time="0.0"/>
  <testcase name="testDecodeByteBufferWithLimitOddCharacters" classname="org.apache.commons.codec.binary.HexTest" time="0.0"/>
  <testcase name="testDecodeBadCharacterPos0" classname="org.apache.commons.codec.binary.HexTest" time="0.0"/>
  <testcase name="testDecodeBadCharacterPos1" classname="org.apache.commons.codec.binary.HexTest" time="0.0"/>
  <testcase name="testDecodeHexStringEmpty" classname="org.apache.commons.codec.binary.HexTest" time="0.0"/>
  <testcase name="testEncodeHexByteString_ByteBufferWithLimitBoolean_ToLowerCase" classname="org.apache.commons.codec.binary.HexTest" time="0.0"/>
  <testcase name="testEncodeHexByteString_ByteArrayBoolean_ToUpperCase" classname="org.apache.commons.codec.binary.HexTest" time="0.001"/>
  <testcase name="testEncodeHexByteString_ByteArrayOfZeroes" classname="org.apache.commons.codec.binary.HexTest" time="0.0"/>
  <testcase name="testEncodeStringEmpty" classname="org.apache.commons.codec.binary.HexTest" time="0.0"/>
  <testcase name="testEncodeHexPartialInput" classname="org.apache.commons.codec.binary.HexTest" time="0.0"/>
  <testcase name="testDecodeByteArrayEmpty" classname="org.apache.commons.codec.binary.HexTest" time="0.0"/>
  <testcase name="testEncodeHex_ByteBufferOfZeroes" classname="org.apache.commons.codec.binary.HexTest" time="0.0"/>
  <testcase name="testEncodeHexPartialInputOverbounds" classname="org.apache.commons.codec.binary.HexTest" time="0.0"/>
  <testcase name="testGetCharset" classname="org.apache.commons.codec.binary.HexTest" time="0.0"/>
  <testcase name="testEncodeHexByteString_ByteBufferWithLimitBoolean_ToUpperCase" classname="org.apache.commons.codec.binary.HexTest" time="0.0"/>
  <testcase name="testGetCharsetName" classname="org.apache.commons.codec.binary.HexTest" time="0.0"/>
  <testcase name="testDecodeClassCastException" classname="org.apache.commons.codec.binary.HexTest" time="0.0"/>
  <testcase name="testEncodeHexByteString_ByteBufferOfZeroes" classname="org.apache.commons.codec.binary.HexTest" time="0.0"/>
  <testcase name="testEncodeDecodeHexCharArrayRandomToOutput" classname="org.apache.commons.codec.binary.HexTest" time="0.002"/>
  <testcase name="testEncodeHexByteString_ByteBufferBoolean_ToLowerCase" classname="org.apache.commons.codec.binary.HexTest" time="0.0"/>
  <testcase name="testDecodeByteArrayObjectEmpty" classname="org.apache.commons.codec.binary.HexTest" time="0.0"/>
  <testcase name="testEncodeByteArrayEmpty" classname="org.apache.commons.codec.binary.HexTest" time="0.0"/>
  <testcase name="testEncodeByteBufferAllocatedButEmpty" classname="org.apache.commons.codec.binary.HexTest" time="0.0"/>
  <testcase name="testDecodeByteBufferWithLimit" classname="org.apache.commons.codec.binary.HexTest" time="0.0"/>
  <testcase name="testRequiredCharset(Charset)[1]" classname="org.apache.commons.codec.binary.HexTest" time="0.0"/>
  <testcase name="testRequiredCharset(Charset)[2]" classname="org.apache.commons.codec.binary.HexTest" time="0.001"/>
  <testcase name="testRequiredCharset(Charset)[3]" classname="org.apache.commons.codec.binary.HexTest" time="0.0"/>
  <testcase name="testRequiredCharset(Charset)[4]" classname="org.apache.commons.codec.binary.HexTest" time="0.0"/>
  <testcase name="testRequiredCharset(Charset)[5]" classname="org.apache.commons.codec.binary.HexTest" time="0.001"/>
  <testcase name="testRequiredCharset(Charset)[6]" classname="org.apache.commons.codec.binary.HexTest" time="0.0"/>
  <testcase name="testCustomCharsetToString" classname="org.apache.commons.codec.binary.HexTest" time="0.0"/>
  <testcase name="testEncodeHexByteBufferEmpty" classname="org.apache.commons.codec.binary.HexTest" time="0.0"/>
  <testcase name="testEncodeHexByteArrayEmpty" classname="org.apache.commons.codec.binary.HexTest" time="0.001"/>
  <testcase name="testEncodeHexPartialInputUnderbounds" classname="org.apache.commons.codec.binary.HexTest" time="0.0"/>
  <testcase name="testDecodeHexCharArrayEmpty" classname="org.apache.commons.codec.binary.HexTest" time="0.0"/>
</testsuite>