<?xml version="1.0" encoding="UTF-8"?>
<testsuite xmlns:xsi="http://www.w3.org/2001/XMLSchema-instance" xsi:noNamespaceSchemaLocation="https://maven.apache.org/surefire/maven-surefire-plugin/xsd/surefire-test-report-3.0.xsd" version="3.0" name="mustache.specs.SectionsTest" time="0.074" tests="25" errors="0" skipped="0" failures="0">
  <properties>
    <property name="java.specification.version" value="17"/>
    <property name="sun.jnu.encoding" value="ANSI_X3.4-1968"/>
    <property name="java.class.path" value="/jiefang/mutation_testing_research/benchmarks/handlebars.java/handlebars/target/test-classes:/jiefang/mutation_testing_research/benchmarks/handlebars.java/handlebars/target/classes:/root/.m2/repository/org/apache/commons/commons-lang3/3.14.0/commons-lang3-3.14.0.jar:/root/.m2/repository/org/apache/commons/commons-text/1.11.0/commons-text-1.11.0.jar:/root/.m2/repository/org/antlr/antlr4-runtime/4.13.1/antlr4-runtime-4.13.1.jar:/root/.m2/repository/org/slf4j/slf4j-api/2.0.12/slf4j-api-2.0.12.jar:/root/.m2/repository/org/openjdk/nashorn/nashorn-core/15.4/nashorn-core-15.4.jar:/root/.m2/repository/org/ow2/asm/asm/7.3.1/asm-7.3.1.jar:/root/.m2/repository/org/ow2/asm/asm-commons/7.3.1/asm-commons-7.3.1.jar:/root/.m2/repository/org/ow2/asm/asm-analysis/7.3.1/asm-analysis-7.3.1.jar:/root/.m2/repository/org/ow2/asm/asm-tree/7.3.1/asm-tree-7.3.1.jar:/root/.m2/repository/org/ow2/asm/asm-util/7.3.1/asm-util-7.3.1.jar:/root/.m2/repository/jakarta/servlet/jakarta.servlet-api/5.0.0/jakarta.servlet-api-5.0.0.jar:/root/.m2/repository/ch/qos/logback/logback-classic/1.5.2/logback-classic-1.5.2.jar:/root/.m2/repository/ch/qos/logback/logback-core/1.5.2/logback-core-1.5.2.jar:/root/.m2/repository/org/jacoco/org.jacoco.agent/0.8.11/org.jacoco.agent-0.8.11-runtime.jar:/root/.m2/repository/org/junit/jupiter/junit-jupiter-engine/5.10.2/junit-jupiter-engine-5.10.2.jar:/root/.m2/repository/org/junit/platform/junit-platform-engine/1.10.2/junit-platform-engine-1.10.2.jar:/root/.m2/repository/org/opentest4j/opentest4j/1.3.0/opentest4j-1.3.0.jar:/root/.m2/repository/org/junit/platform/junit-platform-commons/1.10.2/junit-platform-commons-1.10.2.jar:/root/.m2/repository/org/junit/jupiter/junit-jupiter-api/5.10.2/junit-jupiter-api-5.10.2.jar:/root/.m2/repository/org/apiguardian/apiguardian-api/1.1.2/apiguardian-api-1.1.2.jar:/root/.m2/repository/org/junit/platform/junit-platform-suite/1.10.1/junit-platform-suite-1.10.1.jar:/root/.m2/repository/org/junit/platform/junit-platform-suite-api/1.10.1/junit-platform-suite-api-1.10.1.jar:/root/.m2/repository/org/junit/platform/junit-platform-suite-engine/1.10.1/junit-platform-suite-engine-1.10.1.jar:/root/.m2/repository/org/junit/platform/junit-platform-suite-commons/1.10.1/junit-platform-suite-commons-1.10.1.jar:/root/.m2/repository/org/junit/platform/junit-platform-launcher/1.10.1/junit-platform-launcher-1.10.1.jar:/root/.m2/repository/org/junit/jupiter/junit-jupiter-params/5.10.2/junit-jupiter-params-5.10.2.jar:/root/.m2/repository/org/hamcrest/hamcrest/2.2/hamcrest-2.2.jar:/root/.m2/repository/org/yaml/snakeyaml/2.2/snakeyaml-2.2.jar:/root/.m2/repository/commons-io/commons-io/2.11.0/commons-io-2.11.0.jar:/root/.m2/repository/org/mockito/mockito-core/5.11.0/mockito-core-5.11.0.jar:/root/.m2/repository/net/bytebuddy/byte-buddy/1.14.12/byte-buddy-1.14.12.jar:/root/.m2/repository/net/bytebuddy/byte-buddy-agent/1.14.12/byte-buddy-agent-1.14.12.jar:/root/.m2/repository/org/objenesis/objenesis/3.3/objenesis-3.3.jar:"/>
    <property name="java.vm.vendor" value="Ubuntu"/>
    <property name="sun.arch.data.model" value="64"/>
    <property name="java.vendor.url" value="https://ubuntu.com/"/>
    <property name="user.timezone" value="GMT"/>
    <property name="os.name" value="Linux"/>
    <property name="java.vm.specification.version" value="17"/>
    <property name="user.country" value="US"/>
    <property name="sun.java.launcher" value="SUN_STANDARD"/>
    <property name="sun.boot.library.path" value="/usr/lib/jvm/java-17-openjdk-amd64/lib"/>
    <property name="sun.java.command" value="/jiefang/mutation_testing_research/benchmarks/handlebars.java/handlebars/target/surefire/surefirebooter-20250207231312664_3.jar /jiefang/mutation_testing_research/benchmarks/handlebars.java/handlebars/target/surefire 2025-02-07T23-13-12_601-jvmRun1 surefire-20250207231312664_1tmp surefire_0-20250207231312664_2tmp"/>
    <property name="jdk.debug" value="release"/>
    <property name="surefire.test.class.path" value="/jiefang/mutation_testing_research/benchmarks/handlebars.java/handlebars/target/test-classes:/jiefang/mutation_testing_research/benchmarks/handlebars.java/handlebars/target/classes:/root/.m2/repository/org/apache/commons/commons-lang3/3.14.0/commons-lang3-3.14.0.jar:/root/.m2/repository/org/apache/commons/commons-text/1.11.0/commons-text-1.11.0.jar:/root/.m2/repository/org/antlr/antlr4-runtime/4.13.1/antlr4-runtime-4.13.1.jar:/root/.m2/repository/org/slf4j/slf4j-api/2.0.12/slf4j-api-2.0.12.jar:/root/.m2/repository/org/openjdk/nashorn/nashorn-core/15.4/nashorn-core-15.4.jar:/root/.m2/repository/org/ow2/asm/asm/7.3.1/asm-7.3.1.jar:/root/.m2/repository/org/ow2/asm/asm-commons/7.3.1/asm-commons-7.3.1.jar:/root/.m2/repository/org/ow2/asm/asm-analysis/7.3.1/asm-analysis-7.3.1.jar:/root/.m2/repository/org/ow2/asm/asm-tree/7.3.1/asm-tree-7.3.1.jar:/root/.m2/repository/org/ow2/asm/asm-util/7.3.1/asm-util-7.3.1.jar:/root/.m2/repository/jakarta/servlet/jakarta.servlet-api/5.0.0/jakarta.servlet-api-5.0.0.jar:/root/.m2/repository/ch/qos/logback/logback-classic/1.5.2/logback-classic-1.5.2.jar:/root/.m2/repository/ch/qos/logback/logback-core/1.5.2/logback-core-1.5.2.jar:/root/.m2/repository/org/jacoco/org.jacoco.agent/0.8.11/org.jacoco.agent-0.8.11-runtime.jar:/root/.m2/repository/org/junit/jupiter/junit-jupiter-engine/5.10.2/junit-jupiter-engine-5.10.2.jar:/root/.m2/repository/org/junit/platform/junit-platform-engine/1.10.2/junit-platform-engine-1.10.2.jar:/root/.m2/repository/org/opentest4j/opentest4j/1.3.0/opentest4j-1.3.0.jar:/root/.m2/repository/org/junit/platform/junit-platform-commons/1.10.2/junit-platform-commons-1.10.2.jar:/root/.m2/repository/org/junit/jupiter/junit-jupiter-api/5.10.2/junit-jupiter-api-5.10.2.jar:/root/.m2/repository/org/apiguardian/apiguardian-api/1.1.2/apiguardian-api-1.1.2.jar:/root/.m2/repository/org/junit/platform/junit-platform-suite/1.10.1/junit-platform-suite-1.10.1.jar:/root/.m2/repository/org/junit/platform/junit-platform-suite-api/1.10.1/junit-platform-suite-api-1.10.1.jar:/root/.m2/repository/org/junit/platform/junit-platform-suite-engine/1.10.1/junit-platform-suite-engine-1.10.1.jar:/root/.m2/repository/org/junit/platform/junit-platform-suite-commons/1.10.1/junit-platform-suite-commons-1.10.1.jar:/root/.m2/repository/org/junit/platform/junit-platform-launcher/1.10.1/junit-platform-launcher-1.10.1.jar:/root/.m2/repository/org/junit/jupiter/junit-jupiter-params/5.10.2/junit-jupiter-params-5.10.2.jar:/root/.m2/repository/org/hamcrest/hamcrest/2.2/hamcrest-2.2.jar:/root/.m2/repository/org/yaml/snakeyaml/2.2/snakeyaml-2.2.jar:/root/.m2/repository/commons-io/commons-io/2.11.0/commons-io-2.11.0.jar:/root/.m2/repository/org/mockito/mockito-core/5.11.0/mockito-core-5.11.0.jar:/root/.m2/repository/net/bytebuddy/byte-buddy/1.14.12/byte-buddy-1.14.12.jar:/root/.m2/repository/net/bytebuddy/byte-buddy-agent/1.14.12/byte-buddy-agent-1.14.12.jar:/root/.m2/repository/org/objenesis/objenesis/3.3/objenesis-3.3.jar:"/>
    <property name="sun.cpu.endian" value="little"/>
    <property name="user.home" value="/root"/>
    <property name="user.language" value="en"/>
    <property name="java.specification.vendor" value="Oracle Corporation"/>
    <property name="java.version.date" value="2024-07-16"/>
    <property name="java.home" value="/usr/lib/jvm/java-17-openjdk-amd64"/>
    <property name="file.separator" value="/"/>
    <property name="basedir" value="/jiefang/mutation_testing_research/benchmarks/handlebars.java/handlebars"/>
    <property name="java.vm.compressedOopsMode" value="Zero based"/>
    <property name="line.separator" value="&#10;"/>
    <property name="java.vm.specification.vendor" value="Oracle Corporation"/>
    <property name="java.specification.name" value="Java Platform API Specification"/>
    <property name="surefire.real.class.path" value="/jiefang/mutation_testing_research/benchmarks/handlebars.java/handlebars/target/surefire/surefirebooter-20250207231312664_3.jar"/>
    <property name="sun.management.compiler" value="HotSpot 64-Bit Tiered Compilers"/>
    <property name="java.runtime.version" value="17.0.12+7-Ubuntu-1ubuntu222.04"/>
    <property name="user.name" value="root"/>
    <property name="path.separator" value=":"/>
    <property name="os.version" value="5.4.0-200-generic"/>
    <property name="java.runtime.name" value="OpenJDK Runtime Environment"/>
    <property name="file.encoding" value="ANSI_X3.4-1968"/>
    <property name="java.vm.name" value="OpenJDK 64-Bit Server VM"/>
    <property name="localRepository" value="/root/.m2/repository"/>
    <property name="java.vendor.url.bug" value="https://bugs.launchpad.net/ubuntu/+source/openjdk-17"/>
    <property name="java.io.tmpdir" value="/tmp"/>
    <property name="java.version" value="17.0.12"/>
    <property name="user.dir" value="/jiefang/mutation_testing_research/benchmarks/handlebars.java/handlebars"/>
    <property name="os.arch" value="amd64"/>
    <property name="java.vm.specification.name" value="Java Virtual Machine Specification"/>
    <property name="native.encoding" value="ANSI_X3.4-1968"/>
    <property name="java.library.path" value="/usr/java/packages/lib:/usr/lib/x86_64-linux-gnu/jni:/lib/x86_64-linux-gnu:/usr/lib/x86_64-linux-gnu:/usr/lib/jni:/lib:/usr/lib"/>
    <property name="java.vm.info" value="mixed mode, sharing"/>
    <property name="java.vendor" value="Ubuntu"/>
    <property name="java.vm.version" value="17.0.12+7-Ubuntu-1ubuntu222.04"/>
    <property name="sun.io.unicode.encoding" value="UnicodeLittle"/>
    <property name="java.class.version" value="61.0"/>
  </properties>
  <testcase name="sections(Spec)[1]" classname="mustache.specs.SectionsTest" time="0.002">
    <system-out><![CDATA[INFO ********************************************************************************
INFO * 0. Truthy: Truthy sections should have their contents rendered.
INFO DATA:
INFO {boolean=true}
INFO PARTIALS:
INFO 
INFO INPUT:
INFO "{{#boolean}}This should be rendered.{{/boolean}}"
INFO EXPECTED:
INFO "This should be rendered."
INFO OUTPUT:
INFO "This should be rendered."
INFO TOTAL    : 1ms
INFO   (100%)compile: 1ms
INFO   (0%)merge  : 0ms
INFO ********************************************************************************
]]></system-out>
  </testcase>
  <testcase name="sections(Spec)[2]" classname="mustache.specs.SectionsTest" time="0.001">
    <system-out><![CDATA[INFO ********************************************************************************
INFO * 1. Falsey: Falsey sections should have their contents omitted.
INFO DATA:
INFO {boolean=false}
INFO PARTIALS:
INFO 
INFO INPUT:
INFO "{{#boolean}}This should not be rendered.{{/boolean}}"
INFO EXPECTED:
INFO ""
INFO OUTPUT:
INFO ""
INFO TOTAL    : 0ms
INFO ********************************************************************************
]]></system-out>
  </testcase>
  <testcase name="sections(Spec)[3]" classname="mustache.specs.SectionsTest" time="0.002">
    <system-out><![CDATA[INFO ********************************************************************************
INFO * 2. Context: Objects and hashes should be pushed onto the context stack.
INFO DATA:
INFO {context={name=Joe}}
INFO PARTIALS:
INFO 
INFO INPUT:
INFO "{{#context}}Hi {{name}}.{{/context}}"
INFO EXPECTED:
INFO "Hi Joe."
INFO OUTPUT:
INFO "Hi Joe."
INFO TOTAL    : 0ms
INFO ********************************************************************************
]]></system-out>
  </testcase>
  <testcase name="sections(Spec)[4]" classname="mustache.specs.SectionsTest" time="0.006">
    <system-out><![CDATA[INFO ********************************************************************************
INFO * 3. Deeply Nested Contexts: All elements on the context stack should be accessible.
INFO DATA:
INFO {a={one=1}, b={two=2}, c={three=3}, d={four=4}, e={five=5}}
INFO PARTIALS:
INFO 
INFO INPUT:
INFO {{#a}}
{{one}}
{{#b}}
{{one}}{{two}}{{one}}
{{#c}}
{{one}}{{two}}{{three}}{{two}}{{one}}
{{#d}}
{{one}}{{two}}{{three}}{{four}}{{three}}{{two}}{{one}}
{{#e}}
{{one}}{{two}}{{three}}{{four}}{{five}}{{four}}{{three}}{{two}}{{one}}
{{/e}}
{{one}}{{two}}{{three}}{{four}}{{three}}{{two}}{{one}}
{{/d}}
{{one}}{{two}}{{three}}{{two}}{{one}}
{{/c}}
{{one}}{{two}}{{one}}
{{/b}}
{{one}}
{{/a}}

INFO EXPECTED:
INFO 1
121
12321
1234321
123454321
1234321
12321
121
1

INFO OUTPUT:
INFO 1
121
12321
1234321
123454321
1234321
12321
121
1

INFO TOTAL    : 5ms
INFO   (80%)compile: 4ms
INFO   (20%)merge  : 1ms
INFO ********************************************************************************
]]></system-out>
  </testcase>
  <testcase name="sections(Spec)[5]" classname="mustache.specs.SectionsTest" time="0.002">
    <system-out><![CDATA[INFO ********************************************************************************
INFO * 4. List: Lists should be iterated; list items should visit the context stack.
INFO DATA:
INFO {list=[{item=1}, {item=2}, {item=3}]}
INFO PARTIALS:
INFO 
INFO INPUT:
INFO "{{#list}}{{item}}{{/list}}"
INFO EXPECTED:
INFO "123"
INFO OUTPUT:
INFO "123"
INFO TOTAL    : 1ms
INFO   (100%)compile: 1ms
INFO   (0%)merge  : 0ms
INFO ********************************************************************************
]]></system-out>
  </testcase>
  <testcase name="sections(Spec)[6]" classname="mustache.specs.SectionsTest" time="0.002">
    <system-out><![CDATA[INFO ********************************************************************************
INFO * 5. Empty List: Empty lists should behave like falsey values.
INFO DATA:
INFO {list=[]}
INFO PARTIALS:
INFO 
INFO INPUT:
INFO "{{#list}}Yay lists!{{/list}}"
INFO EXPECTED:
INFO ""
INFO OUTPUT:
INFO ""
INFO TOTAL    : 1ms
INFO   (100%)compile: 1ms
INFO   (0%)merge  : 0ms
INFO ********************************************************************************
]]></system-out>
  </testcase>
  <testcase name="sections(Spec)[7]" classname="mustache.specs.SectionsTest" time="0.002">
    <system-out><![CDATA[INFO ********************************************************************************
INFO * 6. Doubled: Multiple sections per template should be permitted.
INFO DATA:
INFO {bool=true, two=second}
INFO PARTIALS:
INFO 
INFO INPUT:
INFO {{#bool}}
* first
{{/bool}}
* {{two}}
{{#bool}}
* third
{{/bool}}

INFO EXPECTED:
INFO * first
* second
* third

INFO OUTPUT:
INFO * first
* second
* third

INFO TOTAL    : 1ms
INFO   (100%)compile: 1ms
INFO   (0%)merge  : 0ms
INFO ********************************************************************************
]]></system-out>
  </testcase>
  <testcase name="sections(Spec)[8]" classname="mustache.specs.SectionsTest" time="0.001">
    <system-out><![CDATA[INFO ********************************************************************************
INFO * 7. Nested (Truthy): Nested truthy sections should have their contents rendered.
INFO DATA:
INFO {bool=true}
INFO PARTIALS:
INFO 
INFO INPUT:
INFO | A {{#bool}}B {{#bool}}C{{/bool}} D{{/bool}} E |
INFO EXPECTED:
INFO | A B C D E |
INFO OUTPUT:
INFO | A B C D E |
INFO TOTAL    : 1ms
INFO   (100%)compile: 1ms
INFO   (0%)merge  : 0ms
INFO ********************************************************************************
]]></system-out>
  </testcase>
  <testcase name="sections(Spec)[9]" classname="mustache.specs.SectionsTest" time="0.001">
    <system-out><![CDATA[INFO ********************************************************************************
INFO * 8. Nested (Falsey): Nested falsey sections should be omitted.
INFO DATA:
INFO {bool=false}
INFO PARTIALS:
INFO 
INFO INPUT:
INFO | A {{#bool}}B {{#bool}}C{{/bool}} D{{/bool}} E |
INFO EXPECTED:
INFO | A  E |
INFO OUTPUT:
INFO | A  E |
INFO TOTAL    : 1ms
INFO   (100%)compile: 1ms
INFO   (0%)merge  : 0ms
INFO ********************************************************************************
]]></system-out>
  </testcase>
  <testcase name="sections(Spec)[10]" classname="mustache.specs.SectionsTest" time="0.001">
    <system-out><![CDATA[INFO ********************************************************************************
INFO * 9. Context Misses: Failed context lookups should be considered falsey.
INFO DATA:
INFO {}
INFO PARTIALS:
INFO 
INFO INPUT:
INFO [{{#missing}}Found key 'missing'!{{/missing}}]
INFO EXPECTED:
INFO []
INFO OUTPUT:
INFO []
INFO TOTAL    : 0ms
INFO ********************************************************************************
]]></system-out>
  </testcase>
  <testcase name="sections(Spec)[11]" classname="mustache.specs.SectionsTest" time="0.002">
    <system-out><![CDATA[INFO ********************************************************************************
INFO * 10. Implicit Iterator - String: Implicit iterators should directly interpolate strings.
INFO DATA:
INFO {list=[a, b, c, d, e]}
INFO PARTIALS:
INFO 
INFO INPUT:
INFO "{{#list}}({{.}}){{/list}}"
INFO EXPECTED:
INFO "(a)(b)(c)(d)(e)"
INFO OUTPUT:
INFO "(a)(b)(c)(d)(e)"
INFO TOTAL    : 1ms
INFO   (100%)compile: 1ms
INFO   (0%)merge  : 0ms
INFO ********************************************************************************
]]></system-out>
  </testcase>
  <testcase name="sections(Spec)[12]" classname="mustache.specs.SectionsTest" time="0.001">
    <system-out><![CDATA[INFO ********************************************************************************
INFO * 11. Implicit Iterator - Integer: Implicit iterators should cast integers to strings and interpolate.
INFO DATA:
INFO {list=[1, 2, 3, 4, 5]}
INFO PARTIALS:
INFO 
INFO INPUT:
INFO "{{#list}}({{.}}){{/list}}"
INFO EXPECTED:
INFO "(1)(2)(3)(4)(5)"
INFO OUTPUT:
INFO "(1)(2)(3)(4)(5)"
INFO TOTAL    : 1ms
INFO   (100%)compile: 1ms
INFO   (0%)merge  : 0ms
INFO ********************************************************************************
]]></system-out>
  </testcase>
  <testcase name="sections(Spec)[13]" classname="mustache.specs.SectionsTest" time="0.002">
    <system-out><![CDATA[INFO ********************************************************************************
INFO * 12. Implicit Iterator - Decimal: Implicit iterators should cast decimals to strings and interpolate.
INFO DATA:
INFO {list=[1.1, 2.2, 3.3, 4.4, 5.5]}
INFO PARTIALS:
INFO 
INFO INPUT:
INFO "{{#list}}({{.}}){{/list}}"
INFO EXPECTED:
INFO "(1.1)(2.2)(3.3)(4.4)(5.5)"
INFO OUTPUT:
INFO "(1.1)(2.2)(3.3)(4.4)(5.5)"
INFO TOTAL    : 1ms
INFO   (0%)compile: 0ms
INFO   (100%)merge  : 1ms
INFO ********************************************************************************
]]></system-out>
  </testcase>
  <testcase name="sections(Spec)[14]" classname="mustache.specs.SectionsTest" time="0.003">
    <system-out><![CDATA[INFO ********************************************************************************
INFO * 13. Dotted Names - Truthy: Dotted names should be valid for Section tags.
INFO DATA:
INFO {a={b={c=true}}}
INFO PARTIALS:
INFO 
INFO INPUT:
INFO "{{#a.b.c}}Here{{/a.b.c}}" == "Here"
INFO EXPECTED:
INFO "Here" == "Here"
INFO OUTPUT:
INFO "Here" == "Here"
INFO TOTAL    : 3ms
INFO   (100%)compile: 3ms
INFO   (0%)merge  : 0ms
INFO ********************************************************************************
]]></system-out>
  </testcase>
  <testcase name="sections(Spec)[15]" classname="mustache.specs.SectionsTest" time="0.002">
    <system-out><![CDATA[INFO ********************************************************************************
INFO * 14. Dotted Names - Falsey: Dotted names should be valid for Section tags.
INFO DATA:
INFO {a={b={c=false}}}
INFO PARTIALS:
INFO 
INFO INPUT:
INFO "{{#a.b.c}}Here{{/a.b.c}}" == ""
INFO EXPECTED:
INFO "" == ""
INFO OUTPUT:
INFO "" == ""
INFO TOTAL    : 0ms
INFO ********************************************************************************
]]></system-out>
  </testcase>
  <testcase name="sections(Spec)[16]" classname="mustache.specs.SectionsTest" time="0.002">
    <system-out><![CDATA[INFO ********************************************************************************
INFO * 15. Dotted Names - Broken Chains: Dotted names that cannot be resolved should be considered falsey.
INFO DATA:
INFO {a={}}
INFO PARTIALS:
INFO 
INFO INPUT:
INFO "{{#a.b.c}}Here{{/a.b.c}}" == ""
INFO EXPECTED:
INFO "" == ""
INFO OUTPUT:
INFO "" == ""
INFO TOTAL    : 0ms
INFO ********************************************************************************
]]></system-out>
  </testcase>
  <testcase name="sections(Spec)[17]" classname="mustache.specs.SectionsTest" time="0.001">
    <system-out><![CDATA[INFO ********************************************************************************
INFO * 16. Surrounding Whitespace: Sections should not alter surrounding whitespace.
INFO DATA:
INFO {boolean=true}
INFO PARTIALS:
INFO 
INFO INPUT:
INFO  | {{#boolean}}	|	{{/boolean}} | 

INFO EXPECTED:
INFO  | 	|	 | 

INFO OUTPUT:
INFO  | 	|	 | 

INFO TOTAL    : 1ms
INFO   (100%)compile: 1ms
INFO   (0%)merge  : 0ms
INFO ********************************************************************************
]]></system-out>
  </testcase>
  <testcase name="sections(Spec)[18]" classname="mustache.specs.SectionsTest" time="0.001">
    <system-out><![CDATA[INFO ********************************************************************************
INFO * 17. Internal Whitespace: Sections should not alter internal whitespace.
INFO DATA:
INFO {boolean=true}
INFO PARTIALS:
INFO 
INFO INPUT:
INFO  | {{#boolean}} {{! Important Whitespace }}
 {{/boolean}} | 

INFO EXPECTED:
INFO  |  
  | 

INFO OUTPUT:
INFO  |  
  | 

INFO TOTAL    : 0ms
INFO ********************************************************************************
]]></system-out>
  </testcase>
  <testcase name="sections(Spec)[19]" classname="mustache.specs.SectionsTest" time="0.001">
    <system-out><![CDATA[INFO ********************************************************************************
INFO * 18. Indented Inline Sections: Single-line sections should not alter surrounding whitespace.
INFO DATA:
INFO {boolean=true}
INFO PARTIALS:
INFO 
INFO INPUT:
INFO  {{#boolean}}YES{{/boolean}}
 {{#boolean}}GOOD{{/boolean}}

INFO EXPECTED:
INFO  YES
 GOOD

INFO OUTPUT:
INFO  YES
 GOOD

INFO TOTAL    : 1ms
INFO   (100%)compile: 1ms
INFO   (0%)merge  : 0ms
INFO ********************************************************************************
]]></system-out>
  </testcase>
  <testcase name="sections(Spec)[20]" classname="mustache.specs.SectionsTest" time="0.001">
    <system-out><![CDATA[INFO ********************************************************************************
INFO * 19. Standalone Lines: Standalone lines should be removed from the template.
INFO DATA:
INFO {boolean=true}
INFO PARTIALS:
INFO 
INFO INPUT:
INFO | This Is
{{#boolean}}
|
{{/boolean}}
| A Line

INFO EXPECTED:
INFO | This Is
|
| A Line

INFO OUTPUT:
INFO | This Is
|
| A Line

INFO TOTAL    : 0ms
INFO ********************************************************************************
]]></system-out>
  </testcase>
  <testcase name="sections(Spec)[21]" classname="mustache.specs.SectionsTest" time="0.001">
    <system-out><![CDATA[INFO ********************************************************************************
INFO * 20. Indented Standalone Lines: Indented standalone lines should be removed from the template.
INFO DATA:
INFO {boolean=true}
INFO PARTIALS:
INFO 
INFO INPUT:
INFO | This Is
  {{#boolean}}
|
  {{/boolean}}
| A Line

INFO EXPECTED:
INFO | This Is
|
| A Line

INFO OUTPUT:
INFO | This Is
|
| A Line

INFO TOTAL    : 0ms
INFO ********************************************************************************
]]></system-out>
  </testcase>
  <testcase name="sections(Spec)[22]" classname="mustache.specs.SectionsTest" time="0.001">
    <system-out><![CDATA[INFO ********************************************************************************
INFO * 21. Standalone Line Endings: "\r\n" should be considered a newline for standalone tags.
INFO DATA:
INFO {boolean=true}
INFO PARTIALS:
INFO 
INFO INPUT:
INFO |
{{#boolean}}
{{/boolean}}
|
INFO EXPECTED:
INFO |
|
INFO OUTPUT:
INFO |
|
INFO TOTAL    : 1ms
INFO   (100%)compile: 1ms
INFO   (0%)merge  : 0ms
INFO ********************************************************************************
]]></system-out>
  </testcase>
  <testcase name="sections(Spec)[23]" classname="mustache.specs.SectionsTest" time="0.001">
    <system-out><![CDATA[INFO ********************************************************************************
INFO * 22. Standalone Without Previous Line: Standalone tags should not require a newline to precede them.
INFO DATA:
INFO {boolean=true}
INFO PARTIALS:
INFO 
INFO INPUT:
INFO   {{#boolean}}
#{{/boolean}}
/
INFO EXPECTED:
INFO #
/
INFO OUTPUT:
INFO #
/
INFO TOTAL    : 1ms
INFO   (100%)compile: 1ms
INFO   (0%)merge  : 0ms
INFO ********************************************************************************
]]></system-out>
  </testcase>
  <testcase name="sections(Spec)[24]" classname="mustache.specs.SectionsTest" time="0.001">
    <system-out><![CDATA[INFO ********************************************************************************
INFO * 23. Standalone Without Newline: Standalone tags should not require a newline to follow them.
INFO DATA:
INFO {boolean=true}
INFO PARTIALS:
INFO 
INFO INPUT:
INFO #{{#boolean}}
/
  {{/boolean}}
INFO EXPECTED:
INFO #
/

INFO OUTPUT:
INFO #
/

INFO TOTAL    : 0ms
INFO ********************************************************************************
]]></system-out>
  </testcase>
  <testcase name="sections(Spec)[25]" classname="mustache.specs.SectionsTest" time="0.001">
    <system-out><![CDATA[INFO ********************************************************************************
INFO * 24. Padding: Superfluous in-tag whitespace should be ignored.
INFO DATA:
INFO {boolean=true}
INFO PARTIALS:
INFO 
INFO INPUT:
INFO |{{# boolean }}={{/ boolean }}|
INFO EXPECTED:
INFO |=|
INFO OUTPUT:
INFO |=|
INFO TOTAL    : 1ms
INFO   (100%)compile: 1ms
INFO   (0%)merge  : 0ms
INFO ********************************************************************************
]]></system-out>
  </testcase>
</testsuite>