<?xml version="1.0" encoding="UTF-8"?>
<testsuite xmlns:xsi="http://www.w3.org/2001/XMLSchema-instance" xsi:noNamespaceSchemaLocation="https://maven.apache.org/surefire/maven-surefire-plugin/xsd/surefire-test-report.xsd" version="3.0.2" name="org.apache.commons.cli.CommandLineTest" time="0.091" tests="121" errors="0" skipped="0" failures="0">
  <properties>
    <property name="java.specification.version" value="17"/>
    <property name="sun.jnu.encoding" value="ANSI_X3.4-1968"/>
    <property name="java.class.path" value="/jiefang/mutation_testing_research/benchmarks/commons-cli/target/test-classes:/jiefang/mutation_testing_research/benchmarks/commons-cli/target/classes:/root/.m2/repository/org/junit/jupiter/junit-jupiter-api/5.11.0-M2/junit-jupiter-api-5.11.0-M2.jar:/root/.m2/repository/org/opentest4j/opentest4j/1.3.0/opentest4j-1.3.0.jar:/root/.m2/repository/org/junit/platform/junit-platform-commons/1.11.0-M2/junit-platform-commons-1.11.0-M2.jar:/root/.m2/repository/org/apiguardian/apiguardian-api/1.1.2/apiguardian-api-1.1.2.jar:/root/.m2/repository/org/junit/jupiter/junit-jupiter-engine/5.11.0-M2/junit-jupiter-engine-5.11.0-M2.jar:/root/.m2/repository/org/junit/platform/junit-platform-engine/1.11.0-M2/junit-platform-engine-1.11.0-M2.jar:/root/.m2/repository/org/junit/jupiter/junit-jupiter-params/5.11.0-M2/junit-jupiter-params-5.11.0-M2.jar:/root/.m2/repository/commons-io/commons-io/2.16.1/commons-io-2.16.1.jar:/root/.m2/repository/org/mockito/mockito-core/4.11.0/mockito-core-4.11.0.jar:/root/.m2/repository/net/bytebuddy/byte-buddy/1.12.19/byte-buddy-1.12.19.jar:/root/.m2/repository/net/bytebuddy/byte-buddy-agent/1.12.19/byte-buddy-agent-1.12.19.jar:/root/.m2/repository/org/objenesis/objenesis/3.3/objenesis-3.3.jar:"/>
    <property name="java.vm.vendor" value="Ubuntu"/>
    <property name="sun.arch.data.model" value="64"/>
    <property name="java.vendor.url" value="https://ubuntu.com/"/>
    <property name="os.name" value="Linux"/>
    <property name="java.vm.specification.version" value="17"/>
    <property name="sun.java.launcher" value="SUN_STANDARD"/>
    <property name="user.country" value="US"/>
    <property name="sun.boot.library.path" value="/usr/lib/jvm/java-17-openjdk-amd64/lib"/>
    <property name="sun.java.command" value="/jiefang/mutation_testing_research/benchmarks/commons-cli/target/surefire/surefirebooter-20250207024855353_3.jar /jiefang/mutation_testing_research/benchmarks/commons-cli/target/surefire 2025-02-07T02-48-55_307-jvmRun1 surefire-20250207024855353_1tmp surefire_0-20250207024855353_2tmp"/>
    <property name="jdk.debug" value="release"/>
    <property name="surefire.test.class.path" value="/jiefang/mutation_testing_research/benchmarks/commons-cli/target/test-classes:/jiefang/mutation_testing_research/benchmarks/commons-cli/target/classes:/root/.m2/repository/org/junit/jupiter/junit-jupiter-api/5.11.0-M2/junit-jupiter-api-5.11.0-M2.jar:/root/.m2/repository/org/opentest4j/opentest4j/1.3.0/opentest4j-1.3.0.jar:/root/.m2/repository/org/junit/platform/junit-platform-commons/1.11.0-M2/junit-platform-commons-1.11.0-M2.jar:/root/.m2/repository/org/apiguardian/apiguardian-api/1.1.2/apiguardian-api-1.1.2.jar:/root/.m2/repository/org/junit/jupiter/junit-jupiter-engine/5.11.0-M2/junit-jupiter-engine-5.11.0-M2.jar:/root/.m2/repository/org/junit/platform/junit-platform-engine/1.11.0-M2/junit-platform-engine-1.11.0-M2.jar:/root/.m2/repository/org/junit/jupiter/junit-jupiter-params/5.11.0-M2/junit-jupiter-params-5.11.0-M2.jar:/root/.m2/repository/commons-io/commons-io/2.16.1/commons-io-2.16.1.jar:/root/.m2/repository/org/mockito/mockito-core/4.11.0/mockito-core-4.11.0.jar:/root/.m2/repository/net/bytebuddy/byte-buddy/1.12.19/byte-buddy-1.12.19.jar:/root/.m2/repository/net/bytebuddy/byte-buddy-agent/1.12.19/byte-buddy-agent-1.12.19.jar:/root/.m2/repository/org/objenesis/objenesis/3.3/objenesis-3.3.jar:"/>
    <property name="sun.cpu.endian" value="little"/>
    <property name="user.home" value="/root"/>
    <property name="user.language" value="en"/>
    <property name="java.specification.vendor" value="Oracle Corporation"/>
    <property name="java.version.date" value="2024-07-16"/>
    <property name="java.home" value="/usr/lib/jvm/java-17-openjdk-amd64"/>
    <property name="file.separator" value="/"/>
    <property name="basedir" value="/jiefang/mutation_testing_research/benchmarks/commons-cli"/>
    <property name="java.vm.compressedOopsMode" value="Zero based"/>
    <property name="line.separator" value="&#10;"/>
    <property name="java.vm.specification.vendor" value="Oracle Corporation"/>
    <property name="java.specification.name" value="Java Platform API Specification"/>
    <property name="surefire.real.class.path" value="/jiefang/mutation_testing_research/benchmarks/commons-cli/target/surefire/surefirebooter-20250207024855353_3.jar"/>
    <property name="sun.management.compiler" value="HotSpot 64-Bit Tiered Compilers"/>
    <property name="java.runtime.version" value="17.0.12+7-Ubuntu-1ubuntu222.04"/>
    <property name="user.name" value="root"/>
    <property name="path.separator" value=":"/>
    <property name="os.version" value="5.4.0-200-generic"/>
    <property name="java.runtime.name" value="OpenJDK Runtime Environment"/>
    <property name="file.encoding" value="ANSI_X3.4-1968"/>
    <property name="java.vm.name" value="OpenJDK 64-Bit Server VM"/>
    <property name="localRepository" value="/root/.m2/repository"/>
    <property name="java.vendor.url.bug" value="https://bugs.launchpad.net/ubuntu/+source/openjdk-17"/>
    <property name="java.io.tmpdir" value="/tmp"/>
    <property name="java.version" value="17.0.12"/>
    <property name="user.dir" value="/jiefang/mutation_testing_research/benchmarks/commons-cli"/>
    <property name="os.arch" value="amd64"/>
    <property name="java.vm.specification.name" value="Java Virtual Machine Specification"/>
    <property name="native.encoding" value="ANSI_X3.4-1968"/>
    <property name="java.library.path" value="/usr/java/packages/lib:/usr/lib/x86_64-linux-gnu/jni:/lib/x86_64-linux-gnu:/usr/lib/x86_64-linux-gnu:/usr/lib/jni:/lib:/usr/lib"/>
    <property name="java.vm.info" value="mixed mode, sharing"/>
    <property name="java.vendor" value="Ubuntu"/>
    <property name="java.vm.version" value="17.0.12+7-Ubuntu-1ubuntu222.04"/>
    <property name="sun.io.unicode.encoding" value="UnicodeLittle"/>
    <property name="java.class.version" value="61.0"/>
  </properties>
  <testcase name="getOptionValueTest(String[], Option, OptionGroup, boolean, String, boolean, String, Option)[1]" classname="org.apache.commons.cli.CommandLineTest" time="0.001"/>
  <testcase name="getOptionValueTest(String[], Option, OptionGroup, boolean, String, boolean, String, Option)[2]" classname="org.apache.commons.cli.CommandLineTest" time="0.0"/>
  <testcase name="getOptionValueTest(String[], Option, OptionGroup, boolean, String, boolean, String, Option)[3]" classname="org.apache.commons.cli.CommandLineTest" time="0.0"/>
  <testcase name="getOptionValueTest(String[], Option, OptionGroup, boolean, String, boolean, String, Option)[4]" classname="org.apache.commons.cli.CommandLineTest" time="0.0"/>
  <testcase name="getOptionValueTest(String[], Option, OptionGroup, boolean, String, boolean, String, Option)[5]" classname="org.apache.commons.cli.CommandLineTest" time="0.0"/>
  <testcase name="getOptionValueTest(String[], Option, OptionGroup, boolean, String, boolean, String, Option)[6]" classname="org.apache.commons.cli.CommandLineTest" time="0.001"/>
  <testcase name="getOptionValueTest(String[], Option, OptionGroup, boolean, String, boolean, String, Option)[7]" classname="org.apache.commons.cli.CommandLineTest" time="0.001"/>
  <testcase name="getOptionValueTest(String[], Option, OptionGroup, boolean, String, boolean, String, Option)[8]" classname="org.apache.commons.cli.CommandLineTest" time="0.001"/>
  <testcase name="getOptionValueTest(String[], Option, OptionGroup, boolean, String, boolean, String, Option)[9]" classname="org.apache.commons.cli.CommandLineTest" time="0.001"/>
  <testcase name="getOptionValueTest(String[], Option, OptionGroup, boolean, String, boolean, String, Option)[10]" classname="org.apache.commons.cli.CommandLineTest" time="0.001"/>
  <testcase name="getOptionValueTest(String[], Option, OptionGroup, boolean, String, boolean, String, Option)[11]" classname="org.apache.commons.cli.CommandLineTest" time="0.001"/>
  <testcase name="getOptionValueTest(String[], Option, OptionGroup, boolean, String, boolean, String, Option)[12]" classname="org.apache.commons.cli.CommandLineTest" time="0.001"/>
  <testcase name="getOptionValueTest(String[], Option, OptionGroup, boolean, String, boolean, String, Option)[13]" classname="org.apache.commons.cli.CommandLineTest" time="0.001"/>
  <testcase name="getOptionValueTest(String[], Option, OptionGroup, boolean, String, boolean, String, Option)[14]" classname="org.apache.commons.cli.CommandLineTest" time="0.0"/>
  <testcase name="getOptionValueTest(String[], Option, OptionGroup, boolean, String, boolean, String, Option)[15]" classname="org.apache.commons.cli.CommandLineTest" time="0.0"/>
  <testcase name="getOptionValueTest(String[], Option, OptionGroup, boolean, String, boolean, String, Option)[16]" classname="org.apache.commons.cli.CommandLineTest" time="0.001"/>
  <testcase name="getParsedOptionValueTest(String[], Option, OptionGroup, boolean, Integer, boolean, Integer, Option)[1]" classname="org.apache.commons.cli.CommandLineTest" time="0.001"/>
  <testcase name="getParsedOptionValueTest(String[], Option, OptionGroup, boolean, Integer, boolean, Integer, Option)[2]" classname="org.apache.commons.cli.CommandLineTest" time="0.0"/>
  <testcase name="getParsedOptionValueTest(String[], Option, OptionGroup, boolean, Integer, boolean, Integer, Option)[3]" classname="org.apache.commons.cli.CommandLineTest" time="0.0"/>
  <testcase name="getParsedOptionValueTest(String[], Option, OptionGroup, boolean, Integer, boolean, Integer, Option)[4]" classname="org.apache.commons.cli.CommandLineTest" time="0.001"/>
  <testcase name="getParsedOptionValueTest(String[], Option, OptionGroup, boolean, Integer, boolean, Integer, Option)[5]" classname="org.apache.commons.cli.CommandLineTest" time="0.0"/>
  <testcase name="getParsedOptionValueTest(String[], Option, OptionGroup, boolean, Integer, boolean, Integer, Option)[6]" classname="org.apache.commons.cli.CommandLineTest" time="0.0"/>
  <testcase name="getParsedOptionValueTest(String[], Option, OptionGroup, boolean, Integer, boolean, Integer, Option)[7]" classname="org.apache.commons.cli.CommandLineTest" time="0.001"/>
  <testcase name="getParsedOptionValueTest(String[], Option, OptionGroup, boolean, Integer, boolean, Integer, Option)[8]" classname="org.apache.commons.cli.CommandLineTest" time="0.0"/>
  <testcase name="getParsedOptionValueTest(String[], Option, OptionGroup, boolean, Integer, boolean, Integer, Option)[9]" classname="org.apache.commons.cli.CommandLineTest" time="0.0"/>
  <testcase name="getParsedOptionValueTest(String[], Option, OptionGroup, boolean, Integer, boolean, Integer, Option)[10]" classname="org.apache.commons.cli.CommandLineTest" time="0.0"/>
  <testcase name="getParsedOptionValueTest(String[], Option, OptionGroup, boolean, Integer, boolean, Integer, Option)[11]" classname="org.apache.commons.cli.CommandLineTest" time="0.0"/>
  <testcase name="getParsedOptionValueTest(String[], Option, OptionGroup, boolean, Integer, boolean, Integer, Option)[12]" classname="org.apache.commons.cli.CommandLineTest" time="0.0"/>
  <testcase name="getParsedOptionValueTest(String[], Option, OptionGroup, boolean, Integer, boolean, Integer, Option)[13]" classname="org.apache.commons.cli.CommandLineTest" time="0.001"/>
  <testcase name="getParsedOptionValueTest(String[], Option, OptionGroup, boolean, Integer, boolean, Integer, Option)[14]" classname="org.apache.commons.cli.CommandLineTest" time="0.0"/>
  <testcase name="getParsedOptionValueTest(String[], Option, OptionGroup, boolean, Integer, boolean, Integer, Option)[15]" classname="org.apache.commons.cli.CommandLineTest" time="0.0"/>
  <testcase name="getParsedOptionValueTest(String[], Option, OptionGroup, boolean, Integer, boolean, Integer, Option)[16]" classname="org.apache.commons.cli.CommandLineTest" time="0.001"/>
  <testcase name="testBuilderNullArgs" classname="org.apache.commons.cli.CommandLineTest" time="0.0"/>
  <testcase name="testBuilder" classname="org.apache.commons.cli.CommandLineTest" time="0.001"/>
  <testcase name="testGetOptionsBuilder" classname="org.apache.commons.cli.CommandLineTest" time="0.0"/>
  <testcase name="testBuilderNullOption" classname="org.apache.commons.cli.CommandLineTest" time="0.0"/>
  <testcase name="testGetOptionProperties" classname="org.apache.commons.cli.CommandLineTest" time="0.0"/>
  <testcase name="noDeprecationHandlerTest(String[], Option, OptionGroup, boolean, String, boolean, String, Option)[1]" classname="org.apache.commons.cli.CommandLineTest" time="0.0"/>
  <testcase name="noDeprecationHandlerTest(String[], Option, OptionGroup, boolean, String, boolean, String, Option)[2]" classname="org.apache.commons.cli.CommandLineTest" time="0.0"/>
  <testcase name="noDeprecationHandlerTest(String[], Option, OptionGroup, boolean, String, boolean, String, Option)[3]" classname="org.apache.commons.cli.CommandLineTest" time="0.001"/>
  <testcase name="noDeprecationHandlerTest(String[], Option, OptionGroup, boolean, String, boolean, String, Option)[4]" classname="org.apache.commons.cli.CommandLineTest" time="0.001"/>
  <testcase name="noDeprecationHandlerTest(String[], Option, OptionGroup, boolean, String, boolean, String, Option)[5]" classname="org.apache.commons.cli.CommandLineTest" time="0.001"/>
  <testcase name="noDeprecationHandlerTest(String[], Option, OptionGroup, boolean, String, boolean, String, Option)[6]" classname="org.apache.commons.cli.CommandLineTest" time="0.001"/>
  <testcase name="noDeprecationHandlerTest(String[], Option, OptionGroup, boolean, String, boolean, String, Option)[7]" classname="org.apache.commons.cli.CommandLineTest" time="0.0"/>
  <testcase name="noDeprecationHandlerTest(String[], Option, OptionGroup, boolean, String, boolean, String, Option)[8]" classname="org.apache.commons.cli.CommandLineTest" time="0.001"/>
  <testcase name="noDeprecationHandlerTest(String[], Option, OptionGroup, boolean, String, boolean, String, Option)[9]" classname="org.apache.commons.cli.CommandLineTest" time="0.001"/>
  <testcase name="noDeprecationHandlerTest(String[], Option, OptionGroup, boolean, String, boolean, String, Option)[10]" classname="org.apache.commons.cli.CommandLineTest" time="0.0"/>
  <testcase name="noDeprecationHandlerTest(String[], Option, OptionGroup, boolean, String, boolean, String, Option)[11]" classname="org.apache.commons.cli.CommandLineTest" time="0.0"/>
  <testcase name="noDeprecationHandlerTest(String[], Option, OptionGroup, boolean, String, boolean, String, Option)[12]" classname="org.apache.commons.cli.CommandLineTest" time="0.001"/>
  <testcase name="noDeprecationHandlerTest(String[], Option, OptionGroup, boolean, String, boolean, String, Option)[13]" classname="org.apache.commons.cli.CommandLineTest" time="0.0"/>
  <testcase name="noDeprecationHandlerTest(String[], Option, OptionGroup, boolean, String, boolean, String, Option)[14]" classname="org.apache.commons.cli.CommandLineTest" time="0.0"/>
  <testcase name="noDeprecationHandlerTest(String[], Option, OptionGroup, boolean, String, boolean, String, Option)[15]" classname="org.apache.commons.cli.CommandLineTest" time="0.0"/>
  <testcase name="noDeprecationHandlerTest(String[], Option, OptionGroup, boolean, String, boolean, String, Option)[16]" classname="org.apache.commons.cli.CommandLineTest" time="0.0"/>
  <testcase name="testGetOptionPropertiesWithOption" classname="org.apache.commons.cli.CommandLineTest" time="0.001"/>
  <testcase name="hasOptionNullDeprecationHandlerTest(String[], Option, OptionGroup, boolean, boolean, boolean, boolean, Option)[1]" classname="org.apache.commons.cli.CommandLineTest" time="0.001"/>
  <testcase name="hasOptionNullDeprecationHandlerTest(String[], Option, OptionGroup, boolean, boolean, boolean, boolean, Option)[2]" classname="org.apache.commons.cli.CommandLineTest" time="0.0"/>
  <testcase name="hasOptionNullDeprecationHandlerTest(String[], Option, OptionGroup, boolean, boolean, boolean, boolean, Option)[3]" classname="org.apache.commons.cli.CommandLineTest" time="0.001"/>
  <testcase name="hasOptionNullDeprecationHandlerTest(String[], Option, OptionGroup, boolean, boolean, boolean, boolean, Option)[4]" classname="org.apache.commons.cli.CommandLineTest" time="0.0"/>
  <testcase name="hasOptionNullDeprecationHandlerTest(String[], Option, OptionGroup, boolean, boolean, boolean, boolean, Option)[5]" classname="org.apache.commons.cli.CommandLineTest" time="0.001"/>
  <testcase name="hasOptionNullDeprecationHandlerTest(String[], Option, OptionGroup, boolean, boolean, boolean, boolean, Option)[6]" classname="org.apache.commons.cli.CommandLineTest" time="0.0"/>
  <testcase name="hasOptionNullDeprecationHandlerTest(String[], Option, OptionGroup, boolean, boolean, boolean, boolean, Option)[7]" classname="org.apache.commons.cli.CommandLineTest" time="0.001"/>
  <testcase name="hasOptionNullDeprecationHandlerTest(String[], Option, OptionGroup, boolean, boolean, boolean, boolean, Option)[8]" classname="org.apache.commons.cli.CommandLineTest" time="0.0"/>
  <testcase name="hasOptionNullDeprecationHandlerTest(String[], Option, OptionGroup, boolean, boolean, boolean, boolean, Option)[9]" classname="org.apache.commons.cli.CommandLineTest" time="0.001"/>
  <testcase name="hasOptionNullDeprecationHandlerTest(String[], Option, OptionGroup, boolean, boolean, boolean, boolean, Option)[10]" classname="org.apache.commons.cli.CommandLineTest" time="0.0"/>
  <testcase name="hasOptionNullDeprecationHandlerTest(String[], Option, OptionGroup, boolean, boolean, boolean, boolean, Option)[11]" classname="org.apache.commons.cli.CommandLineTest" time="0.001"/>
  <testcase name="hasOptionNullDeprecationHandlerTest(String[], Option, OptionGroup, boolean, boolean, boolean, boolean, Option)[12]" classname="org.apache.commons.cli.CommandLineTest" time="0.0"/>
  <testcase name="hasOptionNullDeprecationHandlerTest(String[], Option, OptionGroup, boolean, boolean, boolean, boolean, Option)[13]" classname="org.apache.commons.cli.CommandLineTest" time="0.0"/>
  <testcase name="hasOptionNullDeprecationHandlerTest(String[], Option, OptionGroup, boolean, boolean, boolean, boolean, Option)[14]" classname="org.apache.commons.cli.CommandLineTest" time="0.001"/>
  <testcase name="hasOptionNullDeprecationHandlerTest(String[], Option, OptionGroup, boolean, boolean, boolean, boolean, Option)[15]" classname="org.apache.commons.cli.CommandLineTest" time="0.0"/>
  <testcase name="hasOptionNullDeprecationHandlerTest(String[], Option, OptionGroup, boolean, boolean, boolean, boolean, Option)[16]" classname="org.apache.commons.cli.CommandLineTest" time="0.001"/>
  <testcase name="getOptionValuesTest(String[], Option, OptionGroup, boolean, String[], boolean, String[], Option)[1]" classname="org.apache.commons.cli.CommandLineTest" time="0.001"/>
  <testcase name="getOptionValuesTest(String[], Option, OptionGroup, boolean, String[], boolean, String[], Option)[2]" classname="org.apache.commons.cli.CommandLineTest" time="0.001"/>
  <testcase name="getOptionValuesTest(String[], Option, OptionGroup, boolean, String[], boolean, String[], Option)[3]" classname="org.apache.commons.cli.CommandLineTest" time="0.001"/>
  <testcase name="getOptionValuesTest(String[], Option, OptionGroup, boolean, String[], boolean, String[], Option)[4]" classname="org.apache.commons.cli.CommandLineTest" time="0.001"/>
  <testcase name="getOptionValuesTest(String[], Option, OptionGroup, boolean, String[], boolean, String[], Option)[5]" classname="org.apache.commons.cli.CommandLineTest" time="0.0"/>
  <testcase name="getOptionValuesTest(String[], Option, OptionGroup, boolean, String[], boolean, String[], Option)[6]" classname="org.apache.commons.cli.CommandLineTest" time="0.0"/>
  <testcase name="getOptionValuesTest(String[], Option, OptionGroup, boolean, String[], boolean, String[], Option)[7]" classname="org.apache.commons.cli.CommandLineTest" time="0.001"/>
  <testcase name="getOptionValuesTest(String[], Option, OptionGroup, boolean, String[], boolean, String[], Option)[8]" classname="org.apache.commons.cli.CommandLineTest" time="0.0"/>
  <testcase name="getOptionValuesTest(String[], Option, OptionGroup, boolean, String[], boolean, String[], Option)[9]" classname="org.apache.commons.cli.CommandLineTest" time="0.001"/>
  <testcase name="getOptionValuesTest(String[], Option, OptionGroup, boolean, String[], boolean, String[], Option)[10]" classname="org.apache.commons.cli.CommandLineTest" time="0.0"/>
  <testcase name="getOptionValuesTest(String[], Option, OptionGroup, boolean, String[], boolean, String[], Option)[11]" classname="org.apache.commons.cli.CommandLineTest" time="0.0"/>
  <testcase name="getOptionValuesTest(String[], Option, OptionGroup, boolean, String[], boolean, String[], Option)[12]" classname="org.apache.commons.cli.CommandLineTest" time="0.0"/>
  <testcase name="getOptionValuesTest(String[], Option, OptionGroup, boolean, String[], boolean, String[], Option)[13]" classname="org.apache.commons.cli.CommandLineTest" time="0.001"/>
  <testcase name="getOptionValuesTest(String[], Option, OptionGroup, boolean, String[], boolean, String[], Option)[14]" classname="org.apache.commons.cli.CommandLineTest" time="0.0"/>
  <testcase name="getOptionValuesTest(String[], Option, OptionGroup, boolean, String[], boolean, String[], Option)[15]" classname="org.apache.commons.cli.CommandLineTest" time="0.0"/>
  <testcase name="getOptionValuesTest(String[], Option, OptionGroup, boolean, String[], boolean, String[], Option)[16]" classname="org.apache.commons.cli.CommandLineTest" time="0.001"/>
  <testcase name="hasOptionNoDeprecationHandlerTest(String[], Option, OptionGroup, boolean, boolean, boolean, boolean, Option)[1]" classname="org.apache.commons.cli.CommandLineTest" time="0.001"/>
  <testcase name="hasOptionNoDeprecationHandlerTest(String[], Option, OptionGroup, boolean, boolean, boolean, boolean, Option)[2]" classname="org.apache.commons.cli.CommandLineTest" time="0.0"/>
  <testcase name="hasOptionNoDeprecationHandlerTest(String[], Option, OptionGroup, boolean, boolean, boolean, boolean, Option)[3]" classname="org.apache.commons.cli.CommandLineTest" time="0.0"/>
  <testcase name="hasOptionNoDeprecationHandlerTest(String[], Option, OptionGroup, boolean, boolean, boolean, boolean, Option)[4]" classname="org.apache.commons.cli.CommandLineTest" time="0.001"/>
  <testcase name="hasOptionNoDeprecationHandlerTest(String[], Option, OptionGroup, boolean, boolean, boolean, boolean, Option)[5]" classname="org.apache.commons.cli.CommandLineTest" time="0.0"/>
  <testcase name="hasOptionNoDeprecationHandlerTest(String[], Option, OptionGroup, boolean, boolean, boolean, boolean, Option)[6]" classname="org.apache.commons.cli.CommandLineTest" time="0.0"/>
  <testcase name="hasOptionNoDeprecationHandlerTest(String[], Option, OptionGroup, boolean, boolean, boolean, boolean, Option)[7]" classname="org.apache.commons.cli.CommandLineTest" time="0.001"/>
  <testcase name="hasOptionNoDeprecationHandlerTest(String[], Option, OptionGroup, boolean, boolean, boolean, boolean, Option)[8]" classname="org.apache.commons.cli.CommandLineTest" time="0.001"/>
  <testcase name="hasOptionNoDeprecationHandlerTest(String[], Option, OptionGroup, boolean, boolean, boolean, boolean, Option)[9]" classname="org.apache.commons.cli.CommandLineTest" time="0.0"/>
  <testcase name="hasOptionNoDeprecationHandlerTest(String[], Option, OptionGroup, boolean, boolean, boolean, boolean, Option)[10]" classname="org.apache.commons.cli.CommandLineTest" time="0.0"/>
  <testcase name="hasOptionNoDeprecationHandlerTest(String[], Option, OptionGroup, boolean, boolean, boolean, boolean, Option)[11]" classname="org.apache.commons.cli.CommandLineTest" time="0.001"/>
  <testcase name="hasOptionNoDeprecationHandlerTest(String[], Option, OptionGroup, boolean, boolean, boolean, boolean, Option)[12]" classname="org.apache.commons.cli.CommandLineTest" time="0.0"/>
  <testcase name="hasOptionNoDeprecationHandlerTest(String[], Option, OptionGroup, boolean, boolean, boolean, boolean, Option)[13]" classname="org.apache.commons.cli.CommandLineTest" time="0.0"/>
  <testcase name="hasOptionNoDeprecationHandlerTest(String[], Option, OptionGroup, boolean, boolean, boolean, boolean, Option)[14]" classname="org.apache.commons.cli.CommandLineTest" time="0.0"/>
  <testcase name="hasOptionNoDeprecationHandlerTest(String[], Option, OptionGroup, boolean, boolean, boolean, boolean, Option)[15]" classname="org.apache.commons.cli.CommandLineTest" time="0.001"/>
  <testcase name="hasOptionNoDeprecationHandlerTest(String[], Option, OptionGroup, boolean, boolean, boolean, boolean, Option)[16]" classname="org.apache.commons.cli.CommandLineTest" time="0.0"/>
  <testcase name="testNullOption" classname="org.apache.commons.cli.CommandLineTest" time="0.001"/>
  <testcase name="testBadGetParsedOptionValue" classname="org.apache.commons.cli.CommandLineTest" time="0.0"/>
  <testcase name="testGetOptionsCtor" classname="org.apache.commons.cli.CommandLineTest" time="0.0"/>
  <testcase name="hasOptionTest(String[], Option, OptionGroup, boolean, boolean, boolean, boolean, Option)[1]" classname="org.apache.commons.cli.CommandLineTest" time="0.0"/>
  <testcase name="hasOptionTest(String[], Option, OptionGroup, boolean, boolean, boolean, boolean, Option)[2]" classname="org.apache.commons.cli.CommandLineTest" time="0.001"/>
  <testcase name="hasOptionTest(String[], Option, OptionGroup, boolean, boolean, boolean, boolean, Option)[3]" classname="org.apache.commons.cli.CommandLineTest" time="0.0"/>
  <testcase name="hasOptionTest(String[], Option, OptionGroup, boolean, boolean, boolean, boolean, Option)[4]" classname="org.apache.commons.cli.CommandLineTest" time="0.001"/>
  <testcase name="hasOptionTest(String[], Option, OptionGroup, boolean, boolean, boolean, boolean, Option)[5]" classname="org.apache.commons.cli.CommandLineTest" time="0.0"/>
  <testcase name="hasOptionTest(String[], Option, OptionGroup, boolean, boolean, boolean, boolean, Option)[6]" classname="org.apache.commons.cli.CommandLineTest" time="0.0"/>
  <testcase name="hasOptionTest(String[], Option, OptionGroup, boolean, boolean, boolean, boolean, Option)[7]" classname="org.apache.commons.cli.CommandLineTest" time="0.0"/>
  <testcase name="hasOptionTest(String[], Option, OptionGroup, boolean, boolean, boolean, boolean, Option)[8]" classname="org.apache.commons.cli.CommandLineTest" time="0.0"/>
  <testcase name="hasOptionTest(String[], Option, OptionGroup, boolean, boolean, boolean, boolean, Option)[9]" classname="org.apache.commons.cli.CommandLineTest" time="0.0"/>
  <testcase name="hasOptionTest(String[], Option, OptionGroup, boolean, boolean, boolean, boolean, Option)[10]" classname="org.apache.commons.cli.CommandLineTest" time="0.0"/>
  <testcase name="hasOptionTest(String[], Option, OptionGroup, boolean, boolean, boolean, boolean, Option)[11]" classname="org.apache.commons.cli.CommandLineTest" time="0.0"/>
  <testcase name="hasOptionTest(String[], Option, OptionGroup, boolean, boolean, boolean, boolean, Option)[12]" classname="org.apache.commons.cli.CommandLineTest" time="0.0"/>
  <testcase name="hasOptionTest(String[], Option, OptionGroup, boolean, boolean, boolean, boolean, Option)[13]" classname="org.apache.commons.cli.CommandLineTest" time="0.0"/>
  <testcase name="hasOptionTest(String[], Option, OptionGroup, boolean, boolean, boolean, boolean, Option)[14]" classname="org.apache.commons.cli.CommandLineTest" time="0.0"/>
  <testcase name="hasOptionTest(String[], Option, OptionGroup, boolean, boolean, boolean, boolean, Option)[15]" classname="org.apache.commons.cli.CommandLineTest" time="0.0"/>
  <testcase name="hasOptionTest(String[], Option, OptionGroup, boolean, boolean, boolean, boolean, Option)[16]" classname="org.apache.commons.cli.CommandLineTest" time="0.001"/>
</testsuite>