<?xml version="1.0" encoding="UTF-8"?>
<testsuite xmlns:xsi="http://www.w3.org/2001/XMLSchema-instance" xsi:noNamespaceSchemaLocation="https://maven.apache.org/surefire/maven-surefire-plugin/xsd/surefire-test-report-3.0.xsd" version="3.0" name="mustache.specs.LambdasTest" time="0.023" tests="10" errors="0" skipped="0" failures="0">
  <properties>
    <property name="java.specification.version" value="17"/>
    <property name="sun.jnu.encoding" value="ANSI_X3.4-1968"/>
    <property name="java.class.path" value="/jiefang/mutation_testing_research/benchmarks/handlebars.java/handlebars/target/test-classes:/jiefang/mutation_testing_research/benchmarks/handlebars.java/handlebars/target/classes:/root/.m2/repository/org/apache/commons/commons-lang3/3.14.0/commons-lang3-3.14.0.jar:/root/.m2/repository/org/apache/commons/commons-text/1.11.0/commons-text-1.11.0.jar:/root/.m2/repository/org/antlr/antlr4-runtime/4.13.1/antlr4-runtime-4.13.1.jar:/root/.m2/repository/org/slf4j/slf4j-api/2.0.12/slf4j-api-2.0.12.jar:/root/.m2/repository/org/openjdk/nashorn/nashorn-core/15.4/nashorn-core-15.4.jar:/root/.m2/repository/org/ow2/asm/asm/7.3.1/asm-7.3.1.jar:/root/.m2/repository/org/ow2/asm/asm-commons/7.3.1/asm-commons-7.3.1.jar:/root/.m2/repository/org/ow2/asm/asm-analysis/7.3.1/asm-analysis-7.3.1.jar:/root/.m2/repository/org/ow2/asm/asm-tree/7.3.1/asm-tree-7.3.1.jar:/root/.m2/repository/org/ow2/asm/asm-util/7.3.1/asm-util-7.3.1.jar:/root/.m2/repository/jakarta/servlet/jakarta.servlet-api/5.0.0/jakarta.servlet-api-5.0.0.jar:/root/.m2/repository/ch/qos/logback/logback-classic/1.5.2/logback-classic-1.5.2.jar:/root/.m2/repository/ch/qos/logback/logback-core/1.5.2/logback-core-1.5.2.jar:/root/.m2/repository/org/jacoco/org.jacoco.agent/0.8.11/org.jacoco.agent-0.8.11-runtime.jar:/root/.m2/repository/org/junit/jupiter/junit-jupiter-engine/5.10.2/junit-jupiter-engine-5.10.2.jar:/root/.m2/repository/org/junit/platform/junit-platform-engine/1.10.2/junit-platform-engine-1.10.2.jar:/root/.m2/repository/org/opentest4j/opentest4j/1.3.0/opentest4j-1.3.0.jar:/root/.m2/repository/org/junit/platform/junit-platform-commons/1.10.2/junit-platform-commons-1.10.2.jar:/root/.m2/repository/org/junit/jupiter/junit-jupiter-api/5.10.2/junit-jupiter-api-5.10.2.jar:/root/.m2/repository/org/apiguardian/apiguardian-api/1.1.2/apiguardian-api-1.1.2.jar:/root/.m2/repository/org/junit/platform/junit-platform-suite/1.10.1/junit-platform-suite-1.10.1.jar:/root/.m2/repository/org/junit/platform/junit-platform-suite-api/1.10.1/junit-platform-suite-api-1.10.1.jar:/root/.m2/repository/org/junit/platform/junit-platform-suite-engine/1.10.1/junit-platform-suite-engine-1.10.1.jar:/root/.m2/repository/org/junit/platform/junit-platform-suite-commons/1.10.1/junit-platform-suite-commons-1.10.1.jar:/root/.m2/repository/org/junit/platform/junit-platform-launcher/1.10.1/junit-platform-launcher-1.10.1.jar:/root/.m2/repository/org/junit/jupiter/junit-jupiter-params/5.10.2/junit-jupiter-params-5.10.2.jar:/root/.m2/repository/org/hamcrest/hamcrest/2.2/hamcrest-2.2.jar:/root/.m2/repository/org/yaml/snakeyaml/2.2/snakeyaml-2.2.jar:/root/.m2/repository/commons-io/commons-io/2.11.0/commons-io-2.11.0.jar:/root/.m2/repository/org/mockito/mockito-core/5.11.0/mockito-core-5.11.0.jar:/root/.m2/repository/net/bytebuddy/byte-buddy/1.14.12/byte-buddy-1.14.12.jar:/root/.m2/repository/net/bytebuddy/byte-buddy-agent/1.14.12/byte-buddy-agent-1.14.12.jar:/root/.m2/repository/org/objenesis/objenesis/3.3/objenesis-3.3.jar:"/>
    <property name="java.vm.vendor" value="Ubuntu"/>
    <property name="sun.arch.data.model" value="64"/>
    <property name="java.vendor.url" value="https://ubuntu.com/"/>
    <property name="user.timezone" value="GMT"/>
    <property name="os.name" value="Linux"/>
    <property name="java.vm.specification.version" value="17"/>
    <property name="user.country" value="US"/>
    <property name="sun.java.launcher" value="SUN_STANDARD"/>
    <property name="sun.boot.library.path" value="/usr/lib/jvm/java-17-openjdk-amd64/lib"/>
    <property name="sun.java.command" value="/jiefang/mutation_testing_research/benchmarks/handlebars.java/handlebars/target/surefire/surefirebooter-20250207231403481_3.jar /jiefang/mutation_testing_research/benchmarks/handlebars.java/handlebars/target/surefire 2025-02-07T23-14-03_419-jvmRun1 surefire-20250207231403481_1tmp surefire_0-20250207231403481_2tmp"/>
    <property name="jdk.debug" value="release"/>
    <property name="surefire.test.class.path" value="/jiefang/mutation_testing_research/benchmarks/handlebars.java/handlebars/target/test-classes:/jiefang/mutation_testing_research/benchmarks/handlebars.java/handlebars/target/classes:/root/.m2/repository/org/apache/commons/commons-lang3/3.14.0/commons-lang3-3.14.0.jar:/root/.m2/repository/org/apache/commons/commons-text/1.11.0/commons-text-1.11.0.jar:/root/.m2/repository/org/antlr/antlr4-runtime/4.13.1/antlr4-runtime-4.13.1.jar:/root/.m2/repository/org/slf4j/slf4j-api/2.0.12/slf4j-api-2.0.12.jar:/root/.m2/repository/org/openjdk/nashorn/nashorn-core/15.4/nashorn-core-15.4.jar:/root/.m2/repository/org/ow2/asm/asm/7.3.1/asm-7.3.1.jar:/root/.m2/repository/org/ow2/asm/asm-commons/7.3.1/asm-commons-7.3.1.jar:/root/.m2/repository/org/ow2/asm/asm-analysis/7.3.1/asm-analysis-7.3.1.jar:/root/.m2/repository/org/ow2/asm/asm-tree/7.3.1/asm-tree-7.3.1.jar:/root/.m2/repository/org/ow2/asm/asm-util/7.3.1/asm-util-7.3.1.jar:/root/.m2/repository/jakarta/servlet/jakarta.servlet-api/5.0.0/jakarta.servlet-api-5.0.0.jar:/root/.m2/repository/ch/qos/logback/logback-classic/1.5.2/logback-classic-1.5.2.jar:/root/.m2/repository/ch/qos/logback/logback-core/1.5.2/logback-core-1.5.2.jar:/root/.m2/repository/org/jacoco/org.jacoco.agent/0.8.11/org.jacoco.agent-0.8.11-runtime.jar:/root/.m2/repository/org/junit/jupiter/junit-jupiter-engine/5.10.2/junit-jupiter-engine-5.10.2.jar:/root/.m2/repository/org/junit/platform/junit-platform-engine/1.10.2/junit-platform-engine-1.10.2.jar:/root/.m2/repository/org/opentest4j/opentest4j/1.3.0/opentest4j-1.3.0.jar:/root/.m2/repository/org/junit/platform/junit-platform-commons/1.10.2/junit-platform-commons-1.10.2.jar:/root/.m2/repository/org/junit/jupiter/junit-jupiter-api/5.10.2/junit-jupiter-api-5.10.2.jar:/root/.m2/repository/org/apiguardian/apiguardian-api/1.1.2/apiguardian-api-1.1.2.jar:/root/.m2/repository/org/junit/platform/junit-platform-suite/1.10.1/junit-platform-suite-1.10.1.jar:/root/.m2/repository/org/junit/platform/junit-platform-suite-api/1.10.1/junit-platform-suite-api-1.10.1.jar:/root/.m2/repository/org/junit/platform/junit-platform-suite-engine/1.10.1/junit-platform-suite-engine-1.10.1.jar:/root/.m2/repository/org/junit/platform/junit-platform-suite-commons/1.10.1/junit-platform-suite-commons-1.10.1.jar:/root/.m2/repository/org/junit/platform/junit-platform-launcher/1.10.1/junit-platform-launcher-1.10.1.jar:/root/.m2/repository/org/junit/jupiter/junit-jupiter-params/5.10.2/junit-jupiter-params-5.10.2.jar:/root/.m2/repository/org/hamcrest/hamcrest/2.2/hamcrest-2.2.jar:/root/.m2/repository/org/yaml/snakeyaml/2.2/snakeyaml-2.2.jar:/root/.m2/repository/commons-io/commons-io/2.11.0/commons-io-2.11.0.jar:/root/.m2/repository/org/mockito/mockito-core/5.11.0/mockito-core-5.11.0.jar:/root/.m2/repository/net/bytebuddy/byte-buddy/1.14.12/byte-buddy-1.14.12.jar:/root/.m2/repository/net/bytebuddy/byte-buddy-agent/1.14.12/byte-buddy-agent-1.14.12.jar:/root/.m2/repository/org/objenesis/objenesis/3.3/objenesis-3.3.jar:"/>
    <property name="sun.cpu.endian" value="little"/>
    <property name="user.home" value="/root"/>
    <property name="user.language" value="en"/>
    <property name="java.specification.vendor" value="Oracle Corporation"/>
    <property name="java.version.date" value="2024-07-16"/>
    <property name="java.home" value="/usr/lib/jvm/java-17-openjdk-amd64"/>
    <property name="file.separator" value="/"/>
    <property name="basedir" value="/jiefang/mutation_testing_research/benchmarks/handlebars.java/handlebars"/>
    <property name="java.vm.compressedOopsMode" value="Zero based"/>
    <property name="line.separator" value="&#10;"/>
    <property name="java.vm.specification.vendor" value="Oracle Corporation"/>
    <property name="java.specification.name" value="Java Platform API Specification"/>
    <property name="surefire.real.class.path" value="/jiefang/mutation_testing_research/benchmarks/handlebars.java/handlebars/target/surefire/surefirebooter-20250207231403481_3.jar"/>
    <property name="sun.management.compiler" value="HotSpot 64-Bit Tiered Compilers"/>
    <property name="java.runtime.version" value="17.0.12+7-Ubuntu-1ubuntu222.04"/>
    <property name="user.name" value="root"/>
    <property name="path.separator" value=":"/>
    <property name="os.version" value="5.4.0-200-generic"/>
    <property name="java.runtime.name" value="OpenJDK Runtime Environment"/>
    <property name="file.encoding" value="ANSI_X3.4-1968"/>
    <property name="java.vm.name" value="OpenJDK 64-Bit Server VM"/>
    <property name="localRepository" value="/root/.m2/repository"/>
    <property name="java.vendor.url.bug" value="https://bugs.launchpad.net/ubuntu/+source/openjdk-17"/>
    <property name="java.io.tmpdir" value="/tmp"/>
    <property name="java.version" value="17.0.12"/>
    <property name="user.dir" value="/jiefang/mutation_testing_research/benchmarks/handlebars.java/handlebars"/>
    <property name="os.arch" value="amd64"/>
    <property name="java.vm.specification.name" value="Java Virtual Machine Specification"/>
    <property name="native.encoding" value="ANSI_X3.4-1968"/>
    <property name="java.library.path" value="/usr/java/packages/lib:/usr/lib/x86_64-linux-gnu/jni:/lib/x86_64-linux-gnu:/usr/lib/x86_64-linux-gnu:/usr/lib/jni:/lib:/usr/lib"/>
    <property name="java.vm.info" value="mixed mode, sharing"/>
    <property name="java.vendor" value="Ubuntu"/>
    <property name="java.vm.version" value="17.0.12+7-Ubuntu-1ubuntu222.04"/>
    <property name="sun.io.unicode.encoding" value="UnicodeLittle"/>
    <property name="java.class.version" value="61.0"/>
  </properties>
  <testcase name="lambda(Spec)[1]" classname="mustache.specs.LambdasTest" time="0.002">
    <system-out><![CDATA[INFO ********************************************************************************
INFO * 0. Interpolation: A lambda's return value should be interpolated.
INFO DATA:
INFO {lambda=mustache.specs.LambdasTest$1@6d303498}
INFO PARTIALS:
INFO 
INFO INPUT:
INFO Hello, {{lambda}}!
INFO EXPECTED:
INFO Hello, world!
INFO OUTPUT:
INFO Hello, world!
INFO TOTAL    : 0ms
INFO ********************************************************************************
]]></system-out>
  </testcase>
  <testcase name="lambda(Spec)[2]" classname="mustache.specs.LambdasTest" time="0.003">
    <system-out><![CDATA[INFO ********************************************************************************
INFO * 1. Interpolation - Expansion: A lambda's return value should be parsed.
INFO DATA:
INFO {planet=world, lambda=mustache.specs.LambdasTest$2@710d89e2}
INFO PARTIALS:
INFO 
INFO INPUT:
INFO Hello, {{lambda}}!
INFO EXPECTED:
INFO Hello, world!
INFO OUTPUT:
INFO Hello, world!
INFO TOTAL    : 2ms
INFO   (50%)compile: 1ms
INFO   (50%)merge  : 1ms
INFO ********************************************************************************
]]></system-out>
  </testcase>
  <testcase name="lambda(Spec)[3]" classname="mustache.specs.LambdasTest" time="0.001">
    <system-out><![CDATA[INFO ********************************************************************************
INFO * 2. Interpolation - Alternate Delimiters: A lambda's return value should parse with the default delimiters.
INFO DATA:
INFO {planet=world, lambda=mustache.specs.LambdasTest$3@4fc142ec}
INFO PARTIALS:
INFO 
INFO INPUT:
INFO {{= | | =}}
Hello, (|&lambda|)!
INFO EXPECTED:
INFO Hello, (|planet| => world)!
INFO OUTPUT:
INFO Hello, (|planet| => world)!
INFO TOTAL    : 0ms
INFO ********************************************************************************
]]></system-out>
  </testcase>
  <testcase name="lambda(Spec)[4]" classname="mustache.specs.LambdasTest" time="0.001">
    <system-out><![CDATA[INFO ********************************************************************************
INFO * 3. Interpolation - Multiple Calls: Interpolated lambdas should not be cached.
INFO DATA:
INFO {lambda=mustache.specs.LambdasTest$4@29eda4f8}
INFO PARTIALS:
INFO 
INFO INPUT:
INFO {{lambda}} == {{{lambda}}} == {{lambda}}
INFO EXPECTED:
INFO 1 == 2 == 3
INFO OUTPUT:
INFO 1 == 2 == 3
INFO TOTAL    : 1ms
INFO   (0%)compile: 0ms
INFO   (100%)merge  : 1ms
INFO ********************************************************************************
]]></system-out>
  </testcase>
  <testcase name="lambda(Spec)[5]" classname="mustache.specs.LambdasTest" time="0.001">
    <system-out><![CDATA[INFO ********************************************************************************
INFO * 4. Escaping: Lambda results should be appropriately escaped.
INFO DATA:
INFO {lambda=mustache.specs.LambdasTest$5@5e048149}
INFO PARTIALS:
INFO 
INFO INPUT:
INFO <{{lambda}}{{{lambda}}}
INFO EXPECTED:
INFO <&gt;>
INFO OUTPUT:
INFO <&gt;>
INFO TOTAL    : 0ms
INFO ********************************************************************************
]]></system-out>
  </testcase>
  <testcase name="lambda(Spec)[6]" classname="mustache.specs.LambdasTest" time="0.001">
    <system-out><![CDATA[INFO ********************************************************************************
INFO * 5. Section: Lambdas used for sections should receive the raw section string.
INFO DATA:
INFO {x=Error!, lambda=mustache.specs.LambdasTest$6@3d5790ea}
INFO PARTIALS:
INFO 
INFO INPUT:
INFO <{{#lambda}}{{x}}{{/lambda}}>
INFO EXPECTED:
INFO <yes>
INFO OUTPUT:
INFO <yes>
INFO TOTAL    : 1ms
INFO   (100%)compile: 1ms
INFO   (0%)merge  : 0ms
INFO ********************************************************************************
]]></system-out>
  </testcase>
  <testcase name="lambda(Spec)[7]" classname="mustache.specs.LambdasTest" time="0.001">
    <system-out><![CDATA[INFO ********************************************************************************
INFO * 6. Section - Expansion: Lambdas used for sections should have their results parsed.
INFO DATA:
INFO {planet=Earth, lambda=mustache.specs.LambdasTest$7@67a3bd51}
INFO PARTIALS:
INFO 
INFO INPUT:
INFO <{{#lambda}}-{{/lambda}}>
INFO EXPECTED:
INFO <-Earth->
INFO OUTPUT:
INFO <-Earth->
INFO TOTAL    : 0ms
INFO ********************************************************************************
]]></system-out>
  </testcase>
  <testcase name="lambda(Spec)[8]" classname="mustache.specs.LambdasTest" time="0.001">
    <system-out><![CDATA[INFO ********************************************************************************
INFO * 7. Section - Alternate Delimiters: Lambdas used for sections should parse with the current delimiters.
INFO DATA:
INFO {planet=Earth, lambda=mustache.specs.LambdasTest$8@56913163}
INFO PARTIALS:
INFO 
INFO INPUT:
INFO {{= | | =}}<|#lambda|-|/lambda|>
INFO EXPECTED:
INFO <-{{planet}} => Earth->
INFO OUTPUT:
INFO <-{{planet}} => Earth->
INFO TOTAL    : 0ms
INFO ********************************************************************************
]]></system-out>
  </testcase>
  <testcase name="lambda(Spec)[9]" classname="mustache.specs.LambdasTest" time="0.001">
    <system-out><![CDATA[INFO ********************************************************************************
INFO * 8. Section - Multiple Calls: Lambdas used for sections should not be cached.
INFO DATA:
INFO {lambda=mustache.specs.LambdasTest$9@a18649a}
INFO PARTIALS:
INFO 
INFO INPUT:
INFO {{#lambda}}FILE{{/lambda}} != {{#lambda}}LINE{{/lambda}}
INFO EXPECTED:
INFO __FILE__ != __LINE__
INFO OUTPUT:
INFO __FILE__ != __LINE__
INFO TOTAL    : 1ms
INFO   (100%)compile: 1ms
INFO   (0%)merge  : 0ms
INFO ********************************************************************************
]]></system-out>
  </testcase>
  <testcase name="lambda(Spec)[10]" classname="mustache.specs.LambdasTest" time="0.001">
    <system-out><![CDATA[INFO ********************************************************************************
INFO * 9. Inverted Section: Lambdas used for inverted sections should be considered truthy.
INFO DATA:
INFO {static=static, lambda=mustache.specs.LambdasTest$10@396639b}
INFO PARTIALS:
INFO 
INFO INPUT:
INFO <{{^lambda}}{{static}}{{/lambda}}>
INFO EXPECTED:
INFO <>
INFO OUTPUT:
INFO <>
INFO TOTAL    : 1ms
INFO   (100%)compile: 1ms
INFO   (0%)merge  : 0ms
INFO ********************************************************************************
]]></system-out>
  </testcase>
</testsuite>