<?xml version="1.0" encoding="UTF-8"?>
<testsuite xmlns:xsi="http://www.w3.org/2001/XMLSchema-instance" xsi:noNamespaceSchemaLocation="https://maven.apache.org/surefire/maven-surefire-plugin/xsd/surefire-test-report-3.0.xsd" version="3.0" name="mustache.specs.DelimitersTest" time="0.024" tests="14" errors="0" skipped="0" failures="0">
  <properties>
    <property name="java.specification.version" value="17"/>
    <property name="sun.jnu.encoding" value="ANSI_X3.4-1968"/>
    <property name="java.class.path" value="/jiefang/mutation_testing_research/benchmarks/handlebars.java/handlebars/target/test-classes:/jiefang/mutation_testing_research/benchmarks/handlebars.java/handlebars/target/classes:/root/.m2/repository/org/apache/commons/commons-lang3/3.14.0/commons-lang3-3.14.0.jar:/root/.m2/repository/org/apache/commons/commons-text/1.11.0/commons-text-1.11.0.jar:/root/.m2/repository/org/antlr/antlr4-runtime/4.13.1/antlr4-runtime-4.13.1.jar:/root/.m2/repository/org/slf4j/slf4j-api/2.0.12/slf4j-api-2.0.12.jar:/root/.m2/repository/org/openjdk/nashorn/nashorn-core/15.4/nashorn-core-15.4.jar:/root/.m2/repository/org/ow2/asm/asm/7.3.1/asm-7.3.1.jar:/root/.m2/repository/org/ow2/asm/asm-commons/7.3.1/asm-commons-7.3.1.jar:/root/.m2/repository/org/ow2/asm/asm-analysis/7.3.1/asm-analysis-7.3.1.jar:/root/.m2/repository/org/ow2/asm/asm-tree/7.3.1/asm-tree-7.3.1.jar:/root/.m2/repository/org/ow2/asm/asm-util/7.3.1/asm-util-7.3.1.jar:/root/.m2/repository/jakarta/servlet/jakarta.servlet-api/5.0.0/jakarta.servlet-api-5.0.0.jar:/root/.m2/repository/ch/qos/logback/logback-classic/1.5.2/logback-classic-1.5.2.jar:/root/.m2/repository/ch/qos/logback/logback-core/1.5.2/logback-core-1.5.2.jar:/root/.m2/repository/org/jacoco/org.jacoco.agent/0.8.11/org.jacoco.agent-0.8.11-runtime.jar:/root/.m2/repository/org/junit/jupiter/junit-jupiter-engine/5.10.2/junit-jupiter-engine-5.10.2.jar:/root/.m2/repository/org/junit/platform/junit-platform-engine/1.10.2/junit-platform-engine-1.10.2.jar:/root/.m2/repository/org/opentest4j/opentest4j/1.3.0/opentest4j-1.3.0.jar:/root/.m2/repository/org/junit/platform/junit-platform-commons/1.10.2/junit-platform-commons-1.10.2.jar:/root/.m2/repository/org/junit/jupiter/junit-jupiter-api/5.10.2/junit-jupiter-api-5.10.2.jar:/root/.m2/repository/org/apiguardian/apiguardian-api/1.1.2/apiguardian-api-1.1.2.jar:/root/.m2/repository/org/junit/platform/junit-platform-suite/1.10.1/junit-platform-suite-1.10.1.jar:/root/.m2/repository/org/junit/platform/junit-platform-suite-api/1.10.1/junit-platform-suite-api-1.10.1.jar:/root/.m2/repository/org/junit/platform/junit-platform-suite-engine/1.10.1/junit-platform-suite-engine-1.10.1.jar:/root/.m2/repository/org/junit/platform/junit-platform-suite-commons/1.10.1/junit-platform-suite-commons-1.10.1.jar:/root/.m2/repository/org/junit/platform/junit-platform-launcher/1.10.1/junit-platform-launcher-1.10.1.jar:/root/.m2/repository/org/junit/jupiter/junit-jupiter-params/5.10.2/junit-jupiter-params-5.10.2.jar:/root/.m2/repository/org/hamcrest/hamcrest/2.2/hamcrest-2.2.jar:/root/.m2/repository/org/yaml/snakeyaml/2.2/snakeyaml-2.2.jar:/root/.m2/repository/commons-io/commons-io/2.11.0/commons-io-2.11.0.jar:/root/.m2/repository/org/mockito/mockito-core/5.11.0/mockito-core-5.11.0.jar:/root/.m2/repository/net/bytebuddy/byte-buddy/1.14.12/byte-buddy-1.14.12.jar:/root/.m2/repository/net/bytebuddy/byte-buddy-agent/1.14.12/byte-buddy-agent-1.14.12.jar:/root/.m2/repository/org/objenesis/objenesis/3.3/objenesis-3.3.jar:"/>
    <property name="java.vm.vendor" value="Ubuntu"/>
    <property name="sun.arch.data.model" value="64"/>
    <property name="java.vendor.url" value="https://ubuntu.com/"/>
    <property name="user.timezone" value="GMT"/>
    <property name="os.name" value="Linux"/>
    <property name="java.vm.specification.version" value="17"/>
    <property name="user.country" value="US"/>
    <property name="sun.java.launcher" value="SUN_STANDARD"/>
    <property name="sun.boot.library.path" value="/usr/lib/jvm/java-17-openjdk-amd64/lib"/>
    <property name="sun.java.command" value="/jiefang/mutation_testing_research/benchmarks/handlebars.java/handlebars/target/surefire/surefirebooter-20250207230953818_3.jar /jiefang/mutation_testing_research/benchmarks/handlebars.java/handlebars/target/surefire 2025-02-07T23-09-53_758-jvmRun1 surefire-20250207230953818_1tmp surefire_0-20250207230953818_2tmp"/>
    <property name="jdk.debug" value="release"/>
    <property name="surefire.test.class.path" value="/jiefang/mutation_testing_research/benchmarks/handlebars.java/handlebars/target/test-classes:/jiefang/mutation_testing_research/benchmarks/handlebars.java/handlebars/target/classes:/root/.m2/repository/org/apache/commons/commons-lang3/3.14.0/commons-lang3-3.14.0.jar:/root/.m2/repository/org/apache/commons/commons-text/1.11.0/commons-text-1.11.0.jar:/root/.m2/repository/org/antlr/antlr4-runtime/4.13.1/antlr4-runtime-4.13.1.jar:/root/.m2/repository/org/slf4j/slf4j-api/2.0.12/slf4j-api-2.0.12.jar:/root/.m2/repository/org/openjdk/nashorn/nashorn-core/15.4/nashorn-core-15.4.jar:/root/.m2/repository/org/ow2/asm/asm/7.3.1/asm-7.3.1.jar:/root/.m2/repository/org/ow2/asm/asm-commons/7.3.1/asm-commons-7.3.1.jar:/root/.m2/repository/org/ow2/asm/asm-analysis/7.3.1/asm-analysis-7.3.1.jar:/root/.m2/repository/org/ow2/asm/asm-tree/7.3.1/asm-tree-7.3.1.jar:/root/.m2/repository/org/ow2/asm/asm-util/7.3.1/asm-util-7.3.1.jar:/root/.m2/repository/jakarta/servlet/jakarta.servlet-api/5.0.0/jakarta.servlet-api-5.0.0.jar:/root/.m2/repository/ch/qos/logback/logback-classic/1.5.2/logback-classic-1.5.2.jar:/root/.m2/repository/ch/qos/logback/logback-core/1.5.2/logback-core-1.5.2.jar:/root/.m2/repository/org/jacoco/org.jacoco.agent/0.8.11/org.jacoco.agent-0.8.11-runtime.jar:/root/.m2/repository/org/junit/jupiter/junit-jupiter-engine/5.10.2/junit-jupiter-engine-5.10.2.jar:/root/.m2/repository/org/junit/platform/junit-platform-engine/1.10.2/junit-platform-engine-1.10.2.jar:/root/.m2/repository/org/opentest4j/opentest4j/1.3.0/opentest4j-1.3.0.jar:/root/.m2/repository/org/junit/platform/junit-platform-commons/1.10.2/junit-platform-commons-1.10.2.jar:/root/.m2/repository/org/junit/jupiter/junit-jupiter-api/5.10.2/junit-jupiter-api-5.10.2.jar:/root/.m2/repository/org/apiguardian/apiguardian-api/1.1.2/apiguardian-api-1.1.2.jar:/root/.m2/repository/org/junit/platform/junit-platform-suite/1.10.1/junit-platform-suite-1.10.1.jar:/root/.m2/repository/org/junit/platform/junit-platform-suite-api/1.10.1/junit-platform-suite-api-1.10.1.jar:/root/.m2/repository/org/junit/platform/junit-platform-suite-engine/1.10.1/junit-platform-suite-engine-1.10.1.jar:/root/.m2/repository/org/junit/platform/junit-platform-suite-commons/1.10.1/junit-platform-suite-commons-1.10.1.jar:/root/.m2/repository/org/junit/platform/junit-platform-launcher/1.10.1/junit-platform-launcher-1.10.1.jar:/root/.m2/repository/org/junit/jupiter/junit-jupiter-params/5.10.2/junit-jupiter-params-5.10.2.jar:/root/.m2/repository/org/hamcrest/hamcrest/2.2/hamcrest-2.2.jar:/root/.m2/repository/org/yaml/snakeyaml/2.2/snakeyaml-2.2.jar:/root/.m2/repository/commons-io/commons-io/2.11.0/commons-io-2.11.0.jar:/root/.m2/repository/org/mockito/mockito-core/5.11.0/mockito-core-5.11.0.jar:/root/.m2/repository/net/bytebuddy/byte-buddy/1.14.12/byte-buddy-1.14.12.jar:/root/.m2/repository/net/bytebuddy/byte-buddy-agent/1.14.12/byte-buddy-agent-1.14.12.jar:/root/.m2/repository/org/objenesis/objenesis/3.3/objenesis-3.3.jar:"/>
    <property name="sun.cpu.endian" value="little"/>
    <property name="user.home" value="/root"/>
    <property name="user.language" value="en"/>
    <property name="java.specification.vendor" value="Oracle Corporation"/>
    <property name="java.version.date" value="2024-07-16"/>
    <property name="java.home" value="/usr/lib/jvm/java-17-openjdk-amd64"/>
    <property name="file.separator" value="/"/>
    <property name="basedir" value="/jiefang/mutation_testing_research/benchmarks/handlebars.java/handlebars"/>
    <property name="java.vm.compressedOopsMode" value="Zero based"/>
    <property name="line.separator" value="&#10;"/>
    <property name="java.vm.specification.vendor" value="Oracle Corporation"/>
    <property name="java.specification.name" value="Java Platform API Specification"/>
    <property name="surefire.real.class.path" value="/jiefang/mutation_testing_research/benchmarks/handlebars.java/handlebars/target/surefire/surefirebooter-20250207230953818_3.jar"/>
    <property name="sun.management.compiler" value="HotSpot 64-Bit Tiered Compilers"/>
    <property name="java.runtime.version" value="17.0.12+7-Ubuntu-1ubuntu222.04"/>
    <property name="user.name" value="root"/>
    <property name="path.separator" value=":"/>
    <property name="os.version" value="5.4.0-200-generic"/>
    <property name="java.runtime.name" value="OpenJDK Runtime Environment"/>
    <property name="file.encoding" value="ANSI_X3.4-1968"/>
    <property name="java.vm.name" value="OpenJDK 64-Bit Server VM"/>
    <property name="localRepository" value="/root/.m2/repository"/>
    <property name="java.vendor.url.bug" value="https://bugs.launchpad.net/ubuntu/+source/openjdk-17"/>
    <property name="java.io.tmpdir" value="/tmp"/>
    <property name="java.version" value="17.0.12"/>
    <property name="user.dir" value="/jiefang/mutation_testing_research/benchmarks/handlebars.java/handlebars"/>
    <property name="os.arch" value="amd64"/>
    <property name="java.vm.specification.name" value="Java Virtual Machine Specification"/>
    <property name="native.encoding" value="ANSI_X3.4-1968"/>
    <property name="java.library.path" value="/usr/java/packages/lib:/usr/lib/x86_64-linux-gnu/jni:/lib/x86_64-linux-gnu:/usr/lib/x86_64-linux-gnu:/usr/lib/jni:/lib:/usr/lib"/>
    <property name="java.vm.info" value="mixed mode, sharing"/>
    <property name="java.vendor" value="Ubuntu"/>
    <property name="java.vm.version" value="17.0.12+7-Ubuntu-1ubuntu222.04"/>
    <property name="sun.io.unicode.encoding" value="UnicodeLittle"/>
    <property name="java.class.version" value="61.0"/>
  </properties>
  <testcase name="delimiters(Spec)[1]" classname="mustache.specs.DelimitersTest" time="0.002">
    <system-out><![CDATA[INFO ********************************************************************************
INFO * 0. Pair Behavior: The equals sign (used on both sides) should permit delimiter changes.
INFO DATA:
INFO {text=Hey!}
INFO PARTIALS:
INFO 
INFO INPUT:
INFO {{=<% %>=}}(<%text%>)
INFO EXPECTED:
INFO (Hey!)
INFO OUTPUT:
INFO (Hey!)
INFO TOTAL    : 1ms
INFO   (100%)compile: 1ms
INFO   (0%)merge  : 0ms
INFO ********************************************************************************
]]></system-out>
  </testcase>
  <testcase name="delimiters(Spec)[2]" classname="mustache.specs.DelimitersTest" time="0.001">
    <system-out><![CDATA[INFO ********************************************************************************
INFO * 1. Special Characters: Characters with special meaning regexen should be valid delimiters.
INFO DATA:
INFO {text=It worked!}
INFO PARTIALS:
INFO 
INFO INPUT:
INFO ({{=[ ]=}}[text])
INFO EXPECTED:
INFO (It worked!)
INFO OUTPUT:
INFO (It worked!)
INFO TOTAL    : 0ms
INFO ********************************************************************************
]]></system-out>
  </testcase>
  <testcase name="delimiters(Spec)[3]" classname="mustache.specs.DelimitersTest" time="0.002">
    <system-out><![CDATA[INFO ********************************************************************************
INFO * 2. Sections: Delimiters set outside sections should persist.
INFO DATA:
INFO {section=true, data=I got interpolated.}
INFO PARTIALS:
INFO 
INFO INPUT:
INFO [
{{#section}}
  {{data}}
  |data|
{{/section}}

{{= | | =}}
|#section|
  {{data}}
  |data|
|/section|
]

INFO EXPECTED:
INFO [
  I got interpolated.
  |data|

  {{data}}
  I got interpolated.
]

INFO OUTPUT:
INFO [
  I got interpolated.
  |data|

  {{data}}
  I got interpolated.
]

INFO TOTAL    : 2ms
INFO   (50%)compile: 1ms
INFO   (50%)merge  : 1ms
INFO ********************************************************************************
]]></system-out>
  </testcase>
  <testcase name="delimiters(Spec)[4]" classname="mustache.specs.DelimitersTest" time="0.002">
    <system-out><![CDATA[INFO ********************************************************************************
INFO * 3. Inverted Sections: Delimiters set outside inverted sections should persist.
INFO DATA:
INFO {section=false, data=I got interpolated.}
INFO PARTIALS:
INFO 
INFO INPUT:
INFO [
{{^section}}
  {{data}}
  |data|
{{/section}}

{{= | | =}}
|^section|
  {{data}}
  |data|
|/section|
]

INFO EXPECTED:
INFO [
  I got interpolated.
  |data|

  {{data}}
  I got interpolated.
]

INFO OUTPUT:
INFO [
  I got interpolated.
  |data|

  {{data}}
  I got interpolated.
]

INFO TOTAL    : 1ms
INFO   (100%)compile: 1ms
INFO   (0%)merge  : 0ms
INFO ********************************************************************************
]]></system-out>
  </testcase>
  <testcase name="delimiters(Spec)[5]" classname="mustache.specs.DelimitersTest" time="0.002">
    <system-out><![CDATA[INFO ********************************************************************************
INFO * 4. Partial Inheritence: Delimiters set in a parent template should not affect a partial.
INFO DATA:
INFO {value=yes}
INFO PARTIALS:
INFO {include=.{{value}}.}
INFO INPUT:
INFO [ {{>include}} ]
{{= | | =}}
[ |>include| ]

INFO EXPECTED:
INFO [ .yes. ]
[ .yes. ]

INFO OUTPUT:
INFO [ .yes. ]
[ .yes. ]

INFO TOTAL    : 1ms
INFO   (0%)compile: 0ms
INFO   (100%)merge  : 1ms
INFO ********************************************************************************
]]></system-out>
  </testcase>
  <testcase name="delimiters(Spec)[6]" classname="mustache.specs.DelimitersTest" time="0.001">
    <system-out><![CDATA[INFO ********************************************************************************
INFO * 5. Post-Partial Behavior: Delimiters set in a partial should not affect the parent template.
INFO DATA:
INFO {value=yes}
INFO PARTIALS:
INFO {include=.{{value}}. {{= | | =}} .|value|.}
INFO INPUT:
INFO [ {{>include}} ]
[ .{{value}}.  .|value|. ]

INFO EXPECTED:
INFO [ .yes.  .yes. ]
[ .yes.  .|value|. ]

INFO OUTPUT:
INFO [ .yes.  .yes. ]
[ .yes.  .|value|. ]

INFO TOTAL    : 1ms
INFO   (0%)compile: 0ms
INFO   (100%)merge  : 1ms
INFO ********************************************************************************
]]></system-out>
  </testcase>
  <testcase name="delimiters(Spec)[7]" classname="mustache.specs.DelimitersTest" time="0.001">
    <system-out><![CDATA[INFO ********************************************************************************
INFO * 6. Surrounding Whitespace: Surrounding whitespace should be left untouched.
INFO DATA:
INFO {}
INFO PARTIALS:
INFO 
INFO INPUT:
INFO | {{=@ @=}} |
INFO EXPECTED:
INFO |  |
INFO OUTPUT:
INFO |  |
INFO TOTAL    : 0ms
INFO ********************************************************************************
]]></system-out>
  </testcase>
  <testcase name="delimiters(Spec)[8]" classname="mustache.specs.DelimitersTest" time="0.001">
    <system-out><![CDATA[INFO ********************************************************************************
INFO * 7. Outlying Whitespace (Inline): Whitespace should be left untouched.
INFO DATA:
INFO {}
INFO PARTIALS:
INFO 
INFO INPUT:
INFO  | {{=@ @=}}

INFO EXPECTED:
INFO  | 

INFO OUTPUT:
INFO  | 

INFO TOTAL    : 1ms
INFO   (100%)compile: 1ms
INFO   (0%)merge  : 0ms
INFO ********************************************************************************
]]></system-out>
  </testcase>
  <testcase name="delimiters(Spec)[9]" classname="mustache.specs.DelimitersTest" time="0.001">
    <system-out><![CDATA[INFO ********************************************************************************
INFO * 8. Standalone Tag: Standalone lines should be removed from the template.
INFO DATA:
INFO {}
INFO PARTIALS:
INFO 
INFO INPUT:
INFO Begin.
{{=@ @=}}
End.

INFO EXPECTED:
INFO Begin.
End.

INFO OUTPUT:
INFO Begin.
End.

INFO TOTAL    : 1ms
INFO   (100%)compile: 1ms
INFO   (0%)merge  : 0ms
INFO ********************************************************************************
]]></system-out>
  </testcase>
  <testcase name="delimiters(Spec)[10]" classname="mustache.specs.DelimitersTest" time="0.001">
    <system-out><![CDATA[INFO ********************************************************************************
INFO * 9. Indented Standalone Tag: Indented standalone lines should be removed from the template.
INFO DATA:
INFO {}
INFO PARTIALS:
INFO 
INFO INPUT:
INFO Begin.
  {{=@ @=}}
End.

INFO EXPECTED:
INFO Begin.
End.

INFO OUTPUT:
INFO Begin.
End.

INFO TOTAL    : 1ms
INFO   (100%)compile: 1ms
INFO   (0%)merge  : 0ms
INFO ********************************************************************************
]]></system-out>
  </testcase>
  <testcase name="delimiters(Spec)[11]" classname="mustache.specs.DelimitersTest" time="0.001">
    <system-out><![CDATA[INFO ********************************************************************************
INFO * 10. Standalone Line Endings: "\r\n" should be considered a newline for standalone tags.
INFO DATA:
INFO {}
INFO PARTIALS:
INFO 
INFO INPUT:
INFO |
{{= @ @ =}}
|
INFO EXPECTED:
INFO |
|
INFO OUTPUT:
INFO |
|
INFO TOTAL    : 1ms
INFO   (100%)compile: 1ms
INFO   (0%)merge  : 0ms
INFO ********************************************************************************
]]></system-out>
  </testcase>
  <testcase name="delimiters(Spec)[12]" classname="mustache.specs.DelimitersTest" time="0.001">
    <system-out><![CDATA[INFO ********************************************************************************
INFO * 11. Standalone Without Previous Line: Standalone tags should not require a newline to precede them.
INFO DATA:
INFO {}
INFO PARTIALS:
INFO 
INFO INPUT:
INFO   {{=@ @=}}
=
INFO EXPECTED:
INFO =
INFO OUTPUT:
INFO =
INFO TOTAL    : 1ms
INFO   (100%)compile: 1ms
INFO   (0%)merge  : 0ms
INFO ********************************************************************************
]]></system-out>
  </testcase>
  <testcase name="delimiters(Spec)[13]" classname="mustache.specs.DelimitersTest" time="0.001">
    <system-out><![CDATA[INFO ********************************************************************************
INFO * 12. Standalone Without Newline: Standalone tags should not require a newline to follow them.
INFO DATA:
INFO {}
INFO PARTIALS:
INFO 
INFO INPUT:
INFO =
  {{=@ @=}}
INFO EXPECTED:
INFO =

INFO OUTPUT:
INFO =

INFO TOTAL    : 1ms
INFO   (100%)compile: 1ms
INFO   (0%)merge  : 0ms
INFO ********************************************************************************
]]></system-out>
  </testcase>
  <testcase name="delimiters(Spec)[14]" classname="mustache.specs.DelimitersTest" time="0.001">
    <system-out><![CDATA[INFO ********************************************************************************
INFO * 13. Pair with Padding: Superfluous in-tag whitespace should be ignored.
INFO DATA:
INFO {}
INFO PARTIALS:
INFO 
INFO INPUT:
INFO |{{= @   @ =}}|
INFO EXPECTED:
INFO ||
INFO OUTPUT:
INFO ||
INFO TOTAL    : 0ms
INFO ********************************************************************************
]]></system-out>
  </testcase>
</testsuite>