<?xml version="1.0" encoding="UTF-8"?>
<testsuite xmlns:xsi="http://www.w3.org/2001/XMLSchema-instance" xsi:noNamespaceSchemaLocation="https://maven.apache.org/surefire/maven-surefire-plugin/xsd/surefire-test-report-3.0.xsd" version="3.0" name="org.apache.commons.codec.language.MatchRatingApproachEncoderTest" time="0.025" tests="99" errors="0" skipped="0" failures="0">
  <properties>
    <property name="java.specification.version" value="17"/>
    <property name="sun.jnu.encoding" value="ANSI_X3.4-1968"/>
    <property name="java.class.path" value="/jiefang/mutation_testing_research/benchmarks/commons-codec/target/test-classes:/jiefang/mutation_testing_research/benchmarks/commons-codec/target/classes:/root/.m2/repository/org/apache/commons/commons-lang3/3.16.0/commons-lang3-3.16.0.jar:/root/.m2/repository/commons-io/commons-io/2.16.1/commons-io-2.16.1.jar:/root/.m2/repository/org/junit/jupiter/junit-jupiter-engine/5.11.0-M2/junit-jupiter-engine-5.11.0-M2.jar:/root/.m2/repository/org/junit/platform/junit-platform-engine/1.11.0-M2/junit-platform-engine-1.11.0-M2.jar:/root/.m2/repository/org/opentest4j/opentest4j/1.3.0/opentest4j-1.3.0.jar:/root/.m2/repository/org/junit/platform/junit-platform-commons/1.11.0-M2/junit-platform-commons-1.11.0-M2.jar:/root/.m2/repository/org/junit/jupiter/junit-jupiter-api/5.11.0-M2/junit-jupiter-api-5.11.0-M2.jar:/root/.m2/repository/org/apiguardian/apiguardian-api/1.1.2/apiguardian-api-1.1.2.jar:/root/.m2/repository/org/junit/jupiter/junit-jupiter-params/5.11.0-M2/junit-jupiter-params-5.11.0-M2.jar:"/>
    <property name="java.vm.vendor" value="Ubuntu"/>
    <property name="sun.arch.data.model" value="64"/>
    <property name="java.vendor.url" value="https://ubuntu.com/"/>
    <property name="os.name" value="Linux"/>
    <property name="java.vm.specification.version" value="17"/>
    <property name="sun.java.launcher" value="SUN_STANDARD"/>
    <property name="user.country" value="US"/>
    <property name="sun.boot.library.path" value="/usr/lib/jvm/java-17-openjdk-amd64/lib"/>
    <property name="sun.java.command" value="/jiefang/mutation_testing_research/benchmarks/commons-codec/target/surefire/surefirebooter-20250206045057203_3.jar /jiefang/mutation_testing_research/benchmarks/commons-codec/target/surefire 2025-02-06T04-50-57_163-jvmRun1 surefire-20250206045057203_1tmp surefire_0-20250206045057203_2tmp"/>
    <property name="jdk.debug" value="release"/>
    <property name="surefire.test.class.path" value="/jiefang/mutation_testing_research/benchmarks/commons-codec/target/test-classes:/jiefang/mutation_testing_research/benchmarks/commons-codec/target/classes:/root/.m2/repository/org/apache/commons/commons-lang3/3.16.0/commons-lang3-3.16.0.jar:/root/.m2/repository/commons-io/commons-io/2.16.1/commons-io-2.16.1.jar:/root/.m2/repository/org/junit/jupiter/junit-jupiter-engine/5.11.0-M2/junit-jupiter-engine-5.11.0-M2.jar:/root/.m2/repository/org/junit/platform/junit-platform-engine/1.11.0-M2/junit-platform-engine-1.11.0-M2.jar:/root/.m2/repository/org/opentest4j/opentest4j/1.3.0/opentest4j-1.3.0.jar:/root/.m2/repository/org/junit/platform/junit-platform-commons/1.11.0-M2/junit-platform-commons-1.11.0-M2.jar:/root/.m2/repository/org/junit/jupiter/junit-jupiter-api/5.11.0-M2/junit-jupiter-api-5.11.0-M2.jar:/root/.m2/repository/org/apiguardian/apiguardian-api/1.1.2/apiguardian-api-1.1.2.jar:/root/.m2/repository/org/junit/jupiter/junit-jupiter-params/5.11.0-M2/junit-jupiter-params-5.11.0-M2.jar:"/>
    <property name="sun.cpu.endian" value="little"/>
    <property name="user.home" value="/root"/>
    <property name="user.language" value="en"/>
    <property name="java.specification.vendor" value="Oracle Corporation"/>
    <property name="java.version.date" value="2024-07-16"/>
    <property name="java.home" value="/usr/lib/jvm/java-17-openjdk-amd64"/>
    <property name="file.separator" value="/"/>
    <property name="basedir" value="/jiefang/mutation_testing_research/benchmarks/commons-codec"/>
    <property name="java.vm.compressedOopsMode" value="Zero based"/>
    <property name="line.separator" value="&#10;"/>
    <property name="java.vm.specification.vendor" value="Oracle Corporation"/>
    <property name="java.specification.name" value="Java Platform API Specification"/>
    <property name="surefire.real.class.path" value="/jiefang/mutation_testing_research/benchmarks/commons-codec/target/surefire/surefirebooter-20250206045057203_3.jar"/>
    <property name="sun.management.compiler" value="HotSpot 64-Bit Tiered Compilers"/>
    <property name="java.runtime.version" value="17.0.12+7-Ubuntu-1ubuntu222.04"/>
    <property name="user.name" value="root"/>
    <property name="path.separator" value=":"/>
    <property name="os.version" value="5.4.0-200-generic"/>
    <property name="java.runtime.name" value="OpenJDK Runtime Environment"/>
    <property name="file.encoding" value="ANSI_X3.4-1968"/>
    <property name="java.vm.name" value="OpenJDK 64-Bit Server VM"/>
    <property name="localRepository" value="/root/.m2/repository"/>
    <property name="java.vendor.url.bug" value="https://bugs.launchpad.net/ubuntu/+source/openjdk-17"/>
    <property name="java.io.tmpdir" value="/tmp"/>
    <property name="java.version" value="17.0.12"/>
    <property name="user.dir" value="/jiefang/mutation_testing_research/benchmarks/commons-codec"/>
    <property name="os.arch" value="amd64"/>
    <property name="java.vm.specification.name" value="Java Virtual Machine Specification"/>
    <property name="native.encoding" value="ANSI_X3.4-1968"/>
    <property name="java.library.path" value="/usr/java/packages/lib:/usr/lib/x86_64-linux-gnu/jni:/lib/x86_64-linux-gnu:/usr/lib/x86_64-linux-gnu:/usr/lib/jni:/lib:/usr/lib"/>
    <property name="java.vm.info" value="mixed mode, sharing"/>
    <property name="java.vendor" value="Ubuntu"/>
    <property name="java.vm.version" value="17.0.12+7-Ubuntu-1ubuntu222.04"/>
    <property name="sun.io.unicode.encoding" value="UnicodeLittle"/>
    <property name="java.class.version" value="61.0"/>
  </properties>
  <testcase name="testEncodeWithInvalidObject" classname="org.apache.commons.codec.language.MatchRatingApproachEncoderTest" time="0.0"/>
  <testcase name="testEncodeNull" classname="org.apache.commons.codec.language.MatchRatingApproachEncoderTest" time="0.0"/>
  <testcase name="testEncodeEmpty" classname="org.apache.commons.codec.language.MatchRatingApproachEncoderTest" time="0.0"/>
  <testcase name="testLocaleIndependence" classname="org.apache.commons.codec.language.MatchRatingApproachEncoderTest" time="0.0"/>
  <testcase name="testCompare_SOPHIE_SOFIA_SuccessfullyMatched" classname="org.apache.commons.codec.language.MatchRatingApproachEncoderTest" time="0.001"/>
  <testcase name="testGetMinRating_1_Returns5_Successfully" classname="org.apache.commons.codec.language.MatchRatingApproachEncoderTest" time="0.0"/>
  <testcase name="testCompare_SurnameCornerCase_Nulls_NoMatch" classname="org.apache.commons.codec.language.MatchRatingApproachEncoderTest" time="0.0"/>
  <testcase name="testGetMinRating_7_Return4_Successfully" classname="org.apache.commons.codec.language.MatchRatingApproachEncoderTest" time="0.0"/>
  <testcase name="testCompare_SAM_SAMUEL_SuccessfullyMatched" classname="org.apache.commons.codec.language.MatchRatingApproachEncoderTest" time="0.001"/>
  <testcase name="testIsVowel_SingleVowel_ReturnsTrue" classname="org.apache.commons.codec.language.MatchRatingApproachEncoderTest" time="0.0"/>
  <testcase name="testgetMinRating_6_Returns4_Successfully" classname="org.apache.commons.codec.language.MatchRatingApproachEncoderTest" time="0.0"/>
  <testcase name="testAccentRemoval_NullValue_ReturnNullSuccessfully" classname="org.apache.commons.codec.language.MatchRatingApproachEncoderTest" time="0.0"/>
  <testcase name="testCompare_STEPHEN_STEVEN_SuccessfullyMatched" classname="org.apache.commons.codec.language.MatchRatingApproachEncoderTest" time="0.001"/>
  <testcase name="testCompare_Surname_MOSKOWITZ_MOSKOVITZ_SuccessfullyMatched" classname="org.apache.commons.codec.language.MatchRatingApproachEncoderTest" time="0.0"/>
  <testcase name="testCompare_SurnamesCornerCase_MURPHY_Space_NoMatch" classname="org.apache.commons.codec.language.MatchRatingApproachEncoderTest" time="0.0"/>
  <testcase name="testCompare_OONA_OONAGH_SuccessfullyMatched" classname="org.apache.commons.codec.language.MatchRatingApproachEncoderTest" time="0.001"/>
  <testcase name="testCompare_Forenames_SEAN_JOHN_MatchExpected" classname="org.apache.commons.codec.language.MatchRatingApproachEncoderTest" time="0.0"/>
  <testcase name="testCompare_Surname_HAILEY_HALLEY_SuccessfullyMatched" classname="org.apache.commons.codec.language.MatchRatingApproachEncoderTest" time="0.0"/>
  <testcase name="testCompare_TOMASZ_TOM_SuccessfullyMatched" classname="org.apache.commons.codec.language.MatchRatingApproachEncoderTest" time="0.0"/>
  <testcase name="testCompare_KARL_ALESSANDRO_DoesNotMatch" classname="org.apache.commons.codec.language.MatchRatingApproachEncoderTest" time="0.001"/>
  <testcase name="testPunctuationOnly" classname="org.apache.commons.codec.language.MatchRatingApproachEncoderTest" time="0.0"/>
  <testcase name="testCompare_Surname_LIPSHITZ_LIPPSZYC_SuccessfullyMatched" classname="org.apache.commons.codec.language.MatchRatingApproachEncoderTest" time="0.0"/>
  <testcase name="testCompare_CATHERINE_KATHRYN_SuccessfullyMatched" classname="org.apache.commons.codec.language.MatchRatingApproachEncoderTest" time="0.0"/>
  <testcase name="testVowelAndPunctuationOnly" classname="org.apache.commons.codec.language.MatchRatingApproachEncoderTest" time="0.0"/>
  <testcase name="testRemoveVowel__AIDAN_Returns_ADN" classname="org.apache.commons.codec.language.MatchRatingApproachEncoderTest" time="0.0"/>
  <testcase name="testIsVowel_CapitalA_ReturnsTrue" classname="org.apache.commons.codec.language.MatchRatingApproachEncoderTest" time="0.0"/>
  <testcase name="testRemoveSingleDoubleConsonants_BUBLE_RemovedSuccessfully" classname="org.apache.commons.codec.language.MatchRatingApproachEncoderTest" time="0.0"/>
  <testcase name="testRemoveDoubleConsonants_MISSISSIPPI_RemovedSuccessfully" classname="org.apache.commons.codec.language.MatchRatingApproachEncoderTest" time="0.0"/>
  <testcase name="testVowelOnly" classname="org.apache.commons.codec.language.MatchRatingApproachEncoderTest" time="0.0"/>
  <testcase name="testAccentRemoval_UpperAndLower_SuccessfullyRemovedAndCaseInvariant" classname="org.apache.commons.codec.language.MatchRatingApproachEncoderTest" time="0.0"/>
  <testcase name="testGetEncoding_Null_to_Nothing" classname="org.apache.commons.codec.language.MatchRatingApproachEncoderTest" time="0.0"/>
  <testcase name="testCompareNameSameNames_ReturnsFalseSuccessfully" classname="org.apache.commons.codec.language.MatchRatingApproachEncoderTest" time="0.0"/>
  <testcase name="testGetMinRating_2_Returns5_Successfully" classname="org.apache.commons.codec.language.MatchRatingApproachEncoderTest" time="0.0"/>
  <testcase name="testCompare_ZACH_ZAKARIA_SuccessfullyMatched" classname="org.apache.commons.codec.language.MatchRatingApproachEncoderTest" time="0.0"/>
  <testcase name="testCompare_MCGOWAN_MCGEOGHEGAN_SuccessfullyMatched" classname="org.apache.commons.codec.language.MatchRatingApproachEncoderTest" time="0.001"/>
  <testcase name="testCompare_Surname_SZLAMAWICZ_SHLAMOVITZ_SuccessfullyMatched" classname="org.apache.commons.codec.language.MatchRatingApproachEncoderTest" time="0.0"/>
  <testcase name="testIsEncodeEquals_CornerCase_SecondNameJustSpace_ReturnsFalse" classname="org.apache.commons.codec.language.MatchRatingApproachEncoderTest" time="0.0"/>
  <testcase name="testRemoveVowel_ALESSANDRA_Returns_ALSSNDR" classname="org.apache.commons.codec.language.MatchRatingApproachEncoderTest" time="0.0"/>
  <testcase name="testCompare_ShortNames_AL_ED_WorksButNoMatch" classname="org.apache.commons.codec.language.MatchRatingApproachEncoderTest" time="0.001"/>
  <testcase name="testLeftToRightThenRightToLeft_ALEXANDER_ALEXANDRA_Returns4" classname="org.apache.commons.codec.language.MatchRatingApproachEncoderTest" time="0.0"/>
  <testcase name="testAccentRemoval_ComprehensiveAccentMix_AllSuccessfullyRemoved" classname="org.apache.commons.codec.language.MatchRatingApproachEncoderTest" time="0.0"/>
  <testcase name="testgetMinRating_7_Returns4_Successfully" classname="org.apache.commons.codec.language.MatchRatingApproachEncoderTest" time="0.0"/>
  <testcase name="testCompare_SMITH_SMYTH_SuccessfullyMatched" classname="org.apache.commons.codec.language.MatchRatingApproachEncoderTest" time="0.001"/>
  <testcase name="testGetEncoding_HARPER_HRPR" classname="org.apache.commons.codec.language.MatchRatingApproachEncoderTest" time="0.0"/>
  <testcase name="testCompare_STEPHEN_STEFAN_SuccessfullyMatched" classname="org.apache.commons.codec.language.MatchRatingApproachEncoderTest" time="0.0"/>
  <testcase name="testCleanName_SuccessfullyClean" classname="org.apache.commons.codec.language.MatchRatingApproachEncoderTest" time="0.0"/>
  <testcase name="testCompare_MICKY_MICHAEL_SuccessfullyMatched" classname="org.apache.commons.codec.language.MatchRatingApproachEncoderTest" time="0.0"/>
  <testcase name="testIsVowel_SmallD_ReturnsFalse" classname="org.apache.commons.codec.language.MatchRatingApproachEncoderTest" time="0.0"/>
  <testcase name="testAccentRemoval_GerSpanFrenMix_SuccessfullyRemoved" classname="org.apache.commons.codec.language.MatchRatingApproachEncoderTest" time="0.0"/>
  <testcase name="testIsEncodeEquals_CornerCase_FirstNameJust1Letter_ReturnsFalse" classname="org.apache.commons.codec.language.MatchRatingApproachEncoderTest" time="0.0"/>
  <testcase name="testgetMinRating_11_Returns_3_Successfully" classname="org.apache.commons.codec.language.MatchRatingApproachEncoderTest" time="0.0"/>
  <testcase name="testGetFirstLast3__ALEXANDER_Returns_Aleder" classname="org.apache.commons.codec.language.MatchRatingApproachEncoderTest" time="0.0"/>
  <testcase name="testgetMinRating_5_Returns4_Successfully2" classname="org.apache.commons.codec.language.MatchRatingApproachEncoderTest" time="0.001"/>
  <testcase name="testCompare_Surname_COOPERFLYNN_SUPERLYN_SuccessfullyMatched" classname="org.apache.commons.codec.language.MatchRatingApproachEncoderTest" time="0.0"/>
  <testcase name="testCompare_Surname_PRZEMYSL_PSHEMESHIL_SuccessfullyMatched" classname="org.apache.commons.codec.language.MatchRatingApproachEncoderTest" time="0.0"/>
  <testcase name="testCompareNameNullSpace_ReturnsFalseSuccessfully" classname="org.apache.commons.codec.language.MatchRatingApproachEncoderTest" time="0.0"/>
  <testcase name="testGetMinRating_13_Returns_1_Successfully" classname="org.apache.commons.codec.language.MatchRatingApproachEncoderTest" time="0.0"/>
  <testcase name="testAccentRemoval_MixedWithUnusualChars_SuccessfullyRemovedAndUnusualCharactersInvariant" classname="org.apache.commons.codec.language.MatchRatingApproachEncoderTest" time="0.0"/>
  <testcase name="testCompare_BURNS_BOURNE_SuccessfullyMatched" classname="org.apache.commons.codec.language.MatchRatingApproachEncoderTest" time="0.001"/>
  <testcase name="testAccentRemovalNormalString_NoChange" classname="org.apache.commons.codec.language.MatchRatingApproachEncoderTest" time="0.0"/>
  <testcase name="testCompare_SmallInput_CARK_Kl_SuccessfullyMatched" classname="org.apache.commons.codec.language.MatchRatingApproachEncoderTest" time="0.0"/>
  <testcase name="testCompare_PETERSON_PETERS_SuccessfullyMatched" classname="org.apache.commons.codec.language.MatchRatingApproachEncoderTest" time="0.0"/>
  <testcase name="testCompare_Surname_ROSOCHOWACIEC_ROSOKHOVATSETS_SuccessfullyMatched" classname="org.apache.commons.codec.language.MatchRatingApproachEncoderTest" time="0.001"/>
  <testcase name="testCompare_Surname_AUERBACH_UHRBACH_SuccessfullyMatched" classname="org.apache.commons.codec.language.MatchRatingApproachEncoderTest" time="0.0"/>
  <testcase name="testGetEncoding_NoSpace_to_Nothing" classname="org.apache.commons.codec.language.MatchRatingApproachEncoderTest" time="0.0"/>
  <testcase name="testCompare_LongSurnames_OMUIRCHEARTAIGH_OMIREADHAIGH_SuccessfulMatch" classname="org.apache.commons.codec.language.MatchRatingApproachEncoderTest" time="0.0"/>
  <testcase name="testRemoveDoubleDoubleVowel_BEETLE_NotRemoved" classname="org.apache.commons.codec.language.MatchRatingApproachEncoderTest" time="0.0"/>
  <testcase name="testCompare_Forenames_UNA_OONAGH_ShouldSuccessfullyMatchButDoesNot" classname="org.apache.commons.codec.language.MatchRatingApproachEncoderTest" time="0.001"/>
  <testcase name="testCompare_STEVEN_STEFAN_SuccessfullyMatched" classname="org.apache.commons.codec.language.MatchRatingApproachEncoderTest" time="0.0"/>
  <testcase name="testCompare_Forenames_SEAN_PETE_NoMatchExpected" classname="org.apache.commons.codec.language.MatchRatingApproachEncoderTest" time="0.0"/>
  <testcase name="testIsEncodeEqualsSecondNameJust1Letter_ReturnsFalse" classname="org.apache.commons.codec.language.MatchRatingApproachEncoderTest" time="0.0"/>
  <testcase name="testCompare_COLM_COLIN_WithAccentsAndSymbolsAndSpaces_SuccessfullyMatched" classname="org.apache.commons.codec.language.MatchRatingApproachEncoderTest" time="0.0"/>
  <testcase name="testCompare_LongSurnames_MORIARTY_OMUIRCHEARTAIGH_DoesNotSuccessfulMatch" classname="org.apache.commons.codec.language.MatchRatingApproachEncoderTest" time="0.001"/>
  <testcase name="testCompare_Surname_OSULLIVAN_OSUILLEABHAIN_SuccessfulMatch" classname="org.apache.commons.codec.language.MatchRatingApproachEncoderTest" time="0.0"/>
  <testcase name="testCompare_Surnames_MURPHY_LYNCH_NoMatchExpected" classname="org.apache.commons.codec.language.MatchRatingApproachEncoderTest" time="0.0"/>
  <testcase name="testCompare_SEAN_SHAUN_SuccessfullyMatched" classname="org.apache.commons.codec.language.MatchRatingApproachEncoderTest" time="0.0"/>
  <testcase name="testCompareNameToSingleLetter_KARL_C_DoesNotMatch" classname="org.apache.commons.codec.language.MatchRatingApproachEncoderTest" time="0.0"/>
  <testcase name="testCompare_FRANCISZEK_FRANCES_SuccessfullyMatched" classname="org.apache.commons.codec.language.MatchRatingApproachEncoderTest" time="0.0"/>
  <testcase name="testGetEncoding_SMYTH_to_SMYTH" classname="org.apache.commons.codec.language.MatchRatingApproachEncoderTest" time="0.0"/>
  <testcase name="testgetMinRating_8_Returns3_Successfully" classname="org.apache.commons.codec.language.MatchRatingApproachEncoderTest" time="0.0"/>
  <testcase name="testGetFirstLast3_PETE_Returns_PETE" classname="org.apache.commons.codec.language.MatchRatingApproachEncoderTest" time="0.0"/>
  <testcase name="testLeftToRightThenRightToLeft_EINSTEIN_MICHAELA_Returns0" classname="org.apache.commons.codec.language.MatchRatingApproachEncoderTest" time="0.0"/>
  <testcase name="testgetMinRating_5_Returns4_Successfully" classname="org.apache.commons.codec.language.MatchRatingApproachEncoderTest" time="0.0"/>
  <testcase name="testAccentRemoval_NINO_NoChange" classname="org.apache.commons.codec.language.MatchRatingApproachEncoderTest" time="0.0"/>
  <testcase name="testgetMinRating_10_Returns3_Successfully" classname="org.apache.commons.codec.language.MatchRatingApproachEncoderTest" time="0.001"/>
  <testcase name="testGetEncoding_One_Letter_to_Nothing" classname="org.apache.commons.codec.language.MatchRatingApproachEncoderTest" time="0.0"/>
  <testcase name="testAccentRemoval_AllLower_SuccessfullyRemoved" classname="org.apache.commons.codec.language.MatchRatingApproachEncoderTest" time="0.0"/>
  <testcase name="testIsEncodeEquals_CornerCase_SecondNameNothing_ReturnsFalse" classname="org.apache.commons.codec.language.MatchRatingApproachEncoderTest" time="0.0"/>
  <testcase name="testIsEncodeEquals_CornerCase_SecondNameNull_ReturnsFalse" classname="org.apache.commons.codec.language.MatchRatingApproachEncoderTest" time="0.0"/>
  <testcase name="testRemoveVowel__DECLAN_Returns_DCLN" classname="org.apache.commons.codec.language.MatchRatingApproachEncoderTest" time="0.0"/>
  <testcase name="testGetEncoding_Space_to_Nothing" classname="org.apache.commons.codec.language.MatchRatingApproachEncoderTest" time="0.0"/>
  <testcase name="testGetEncoding_SMITH_to_SMTH" classname="org.apache.commons.codec.language.MatchRatingApproachEncoderTest" time="0.0"/>
  <testcase name="testAccentRemoval_WithSpaces_SuccessfullyRemovedAndSpacesInvariant" classname="org.apache.commons.codec.language.MatchRatingApproachEncoderTest" time="0.0"/>
  <testcase name="testCompare_Surname_LEWINSKY_LEVINSKI_SuccessfullyMatched" classname="org.apache.commons.codec.language.MatchRatingApproachEncoderTest" time="0.001"/>
  <testcase name="testIsEncodeEquals_CornerCase_FirstNameNothing_ReturnsFalse" classname="org.apache.commons.codec.language.MatchRatingApproachEncoderTest" time="0.0"/>
  <testcase name="testCompare_SurnamesCornerCase_MURPHY_NoSpace_NoMatch" classname="org.apache.commons.codec.language.MatchRatingApproachEncoderTest" time="0.0"/>
  <testcase name="testIsEncodeEquals_CornerCase_FirstNameNull_ReturnsFalse" classname="org.apache.commons.codec.language.MatchRatingApproachEncoderTest" time="0.0"/>
  <testcase name="testCompare_BRIAN_BRYAN_SuccessfullyMatched" classname="org.apache.commons.codec.language.MatchRatingApproachEncoderTest" time="0.001"/>
  <testcase name="testIsEncodeEquals_CornerCase_FirstNameJustSpace_ReturnsFalse" classname="org.apache.commons.codec.language.MatchRatingApproachEncoderTest" time="0.0"/>
</testsuite>