<?xml version="1.0" encoding="UTF-8"?>
<testsuite xmlns:xsi="http://www.w3.org/2001/XMLSchema-instance" xsi:noNamespaceSchemaLocation="https://maven.apache.org/surefire/maven-surefire-plugin/xsd/surefire-test-report-3.0.xsd" version="3.0" name="org.apache.commons.codec.digest.MessageDigestAlgorithmsTest" time="3.562" tests="117" errors="0" skipped="0" failures="0">
  <properties>
    <property name="java.specification.version" value="17"/>
    <property name="sun.jnu.encoding" value="ANSI_X3.4-1968"/>
    <property name="java.class.path" value="/jiefang/mutation_testing_research/benchmarks/commons-codec/target/test-classes:/jiefang/mutation_testing_research/benchmarks/commons-codec/target/classes:/root/.m2/repository/org/apache/commons/commons-lang3/3.16.0/commons-lang3-3.16.0.jar:/root/.m2/repository/commons-io/commons-io/2.16.1/commons-io-2.16.1.jar:/root/.m2/repository/org/junit/jupiter/junit-jupiter-engine/5.11.0-M2/junit-jupiter-engine-5.11.0-M2.jar:/root/.m2/repository/org/junit/platform/junit-platform-engine/1.11.0-M2/junit-platform-engine-1.11.0-M2.jar:/root/.m2/repository/org/opentest4j/opentest4j/1.3.0/opentest4j-1.3.0.jar:/root/.m2/repository/org/junit/platform/junit-platform-commons/1.11.0-M2/junit-platform-commons-1.11.0-M2.jar:/root/.m2/repository/org/junit/jupiter/junit-jupiter-api/5.11.0-M2/junit-jupiter-api-5.11.0-M2.jar:/root/.m2/repository/org/apiguardian/apiguardian-api/1.1.2/apiguardian-api-1.1.2.jar:/root/.m2/repository/org/junit/jupiter/junit-jupiter-params/5.11.0-M2/junit-jupiter-params-5.11.0-M2.jar:"/>
    <property name="java.vm.vendor" value="Ubuntu"/>
    <property name="sun.arch.data.model" value="64"/>
    <property name="java.vendor.url" value="https://ubuntu.com/"/>
    <property name="os.name" value="Linux"/>
    <property name="java.vm.specification.version" value="17"/>
    <property name="sun.java.launcher" value="SUN_STANDARD"/>
    <property name="user.country" value="US"/>
    <property name="sun.boot.library.path" value="/usr/lib/jvm/java-17-openjdk-amd64/lib"/>
    <property name="sun.java.command" value="/jiefang/mutation_testing_research/benchmarks/commons-codec/target/surefire/surefirebooter-20250206044931933_3.jar /jiefang/mutation_testing_research/benchmarks/commons-codec/target/surefire 2025-02-06T04-49-31_600-jvmRun1 surefire-20250206044931933_1tmp surefire_0-20250206044931933_2tmp"/>
    <property name="jdk.debug" value="release"/>
    <property name="surefire.test.class.path" value="/jiefang/mutation_testing_research/benchmarks/commons-codec/target/test-classes:/jiefang/mutation_testing_research/benchmarks/commons-codec/target/classes:/root/.m2/repository/org/apache/commons/commons-lang3/3.16.0/commons-lang3-3.16.0.jar:/root/.m2/repository/commons-io/commons-io/2.16.1/commons-io-2.16.1.jar:/root/.m2/repository/org/junit/jupiter/junit-jupiter-engine/5.11.0-M2/junit-jupiter-engine-5.11.0-M2.jar:/root/.m2/repository/org/junit/platform/junit-platform-engine/1.11.0-M2/junit-platform-engine-1.11.0-M2.jar:/root/.m2/repository/org/opentest4j/opentest4j/1.3.0/opentest4j-1.3.0.jar:/root/.m2/repository/org/junit/platform/junit-platform-commons/1.11.0-M2/junit-platform-commons-1.11.0-M2.jar:/root/.m2/repository/org/junit/jupiter/junit-jupiter-api/5.11.0-M2/junit-jupiter-api-5.11.0-M2.jar:/root/.m2/repository/org/apiguardian/apiguardian-api/1.1.2/apiguardian-api-1.1.2.jar:/root/.m2/repository/org/junit/jupiter/junit-jupiter-params/5.11.0-M2/junit-jupiter-params-5.11.0-M2.jar:"/>
    <property name="sun.cpu.endian" value="little"/>
    <property name="user.home" value="/root"/>
    <property name="user.language" value="en"/>
    <property name="java.specification.vendor" value="Oracle Corporation"/>
    <property name="java.version.date" value="2024-07-16"/>
    <property name="java.home" value="/usr/lib/jvm/java-17-openjdk-amd64"/>
    <property name="file.separator" value="/"/>
    <property name="basedir" value="/jiefang/mutation_testing_research/benchmarks/commons-codec"/>
    <property name="java.vm.compressedOopsMode" value="Zero based"/>
    <property name="line.separator" value="&#10;"/>
    <property name="java.vm.specification.vendor" value="Oracle Corporation"/>
    <property name="java.specification.name" value="Java Platform API Specification"/>
    <property name="surefire.real.class.path" value="/jiefang/mutation_testing_research/benchmarks/commons-codec/target/surefire/surefirebooter-20250206044931933_3.jar"/>
    <property name="sun.management.compiler" value="HotSpot 64-Bit Tiered Compilers"/>
    <property name="java.runtime.version" value="17.0.12+7-Ubuntu-1ubuntu222.04"/>
    <property name="user.name" value="root"/>
    <property name="path.separator" value=":"/>
    <property name="os.version" value="5.4.0-200-generic"/>
    <property name="java.runtime.name" value="OpenJDK Runtime Environment"/>
    <property name="file.encoding" value="ANSI_X3.4-1968"/>
    <property name="java.vm.name" value="OpenJDK 64-Bit Server VM"/>
    <property name="localRepository" value="/root/.m2/repository"/>
    <property name="java.vendor.url.bug" value="https://bugs.launchpad.net/ubuntu/+source/openjdk-17"/>
    <property name="java.io.tmpdir" value="/tmp"/>
    <property name="java.version" value="17.0.12"/>
    <property name="user.dir" value="/jiefang/mutation_testing_research/benchmarks/commons-codec"/>
    <property name="os.arch" value="amd64"/>
    <property name="java.vm.specification.name" value="Java Virtual Machine Specification"/>
    <property name="native.encoding" value="ANSI_X3.4-1968"/>
    <property name="java.library.path" value="/usr/java/packages/lib:/usr/lib/x86_64-linux-gnu/jni:/lib/x86_64-linux-gnu:/usr/lib/x86_64-linux-gnu:/usr/lib/jni:/lib:/usr/lib"/>
    <property name="java.vm.info" value="mixed mode, sharing"/>
    <property name="java.vendor" value="Ubuntu"/>
    <property name="java.vm.version" value="17.0.12+7-Ubuntu-1ubuntu222.04"/>
    <property name="sun.io.unicode.encoding" value="UnicodeLittle"/>
    <property name="java.class.version" value="61.0"/>
  </properties>
  <testcase name="testDigestPathOpenOptionsEmpty(String)[1]" classname="org.apache.commons.codec.digest.MessageDigestAlgorithmsTest" time="0.3"/>
  <testcase name="testDigestPathOpenOptionsEmpty(String)[2]" classname="org.apache.commons.codec.digest.MessageDigestAlgorithmsTest" time="0.009"/>
  <testcase name="testDigestPathOpenOptionsEmpty(String)[3]" classname="org.apache.commons.codec.digest.MessageDigestAlgorithmsTest" time="0.015"/>
  <testcase name="testDigestPathOpenOptionsEmpty(String)[4]" classname="org.apache.commons.codec.digest.MessageDigestAlgorithmsTest" time="0.013"/>
  <testcase name="testDigestPathOpenOptionsEmpty(String)[5]" classname="org.apache.commons.codec.digest.MessageDigestAlgorithmsTest" time="0.013"/>
  <testcase name="testDigestPathOpenOptionsEmpty(String)[6]" classname="org.apache.commons.codec.digest.MessageDigestAlgorithmsTest" time="0.01"/>
  <testcase name="testDigestPathOpenOptionsEmpty(String)[7]" classname="org.apache.commons.codec.digest.MessageDigestAlgorithmsTest" time="0.01"/>
  <testcase name="testDigestPathOpenOptionsEmpty(String)[8]" classname="org.apache.commons.codec.digest.MessageDigestAlgorithmsTest" time="0.01"/>
  <testcase name="testDigestPathOpenOptionsEmpty(String)[9]" classname="org.apache.commons.codec.digest.MessageDigestAlgorithmsTest" time="0.01"/>
  <testcase name="testDigestPathOpenOptionsEmpty(String)[10]" classname="org.apache.commons.codec.digest.MessageDigestAlgorithmsTest" time="0.023"/>
  <testcase name="testDigestPathOpenOptionsEmpty(String)[11]" classname="org.apache.commons.codec.digest.MessageDigestAlgorithmsTest" time="0.024"/>
  <testcase name="testDigestPathOpenOptionsEmpty(String)[12]" classname="org.apache.commons.codec.digest.MessageDigestAlgorithmsTest" time="0.03"/>
  <testcase name="testDigestPathOpenOptionsEmpty(String)[13]" classname="org.apache.commons.codec.digest.MessageDigestAlgorithmsTest" time="0.04"/>
  <testcase name="testDigestFile(String)[1]" classname="org.apache.commons.codec.digest.MessageDigestAlgorithmsTest" time="0.299"/>
  <testcase name="testDigestFile(String)[2]" classname="org.apache.commons.codec.digest.MessageDigestAlgorithmsTest" time="0.009"/>
  <testcase name="testDigestFile(String)[3]" classname="org.apache.commons.codec.digest.MessageDigestAlgorithmsTest" time="0.015"/>
  <testcase name="testDigestFile(String)[4]" classname="org.apache.commons.codec.digest.MessageDigestAlgorithmsTest" time="0.013"/>
  <testcase name="testDigestFile(String)[5]" classname="org.apache.commons.codec.digest.MessageDigestAlgorithmsTest" time="0.013"/>
  <testcase name="testDigestFile(String)[6]" classname="org.apache.commons.codec.digest.MessageDigestAlgorithmsTest" time="0.01"/>
  <testcase name="testDigestFile(String)[7]" classname="org.apache.commons.codec.digest.MessageDigestAlgorithmsTest" time="0.01"/>
  <testcase name="testDigestFile(String)[8]" classname="org.apache.commons.codec.digest.MessageDigestAlgorithmsTest" time="0.01"/>
  <testcase name="testDigestFile(String)[9]" classname="org.apache.commons.codec.digest.MessageDigestAlgorithmsTest" time="0.01"/>
  <testcase name="testDigestFile(String)[10]" classname="org.apache.commons.codec.digest.MessageDigestAlgorithmsTest" time="0.023"/>
  <testcase name="testDigestFile(String)[11]" classname="org.apache.commons.codec.digest.MessageDigestAlgorithmsTest" time="0.024"/>
  <testcase name="testDigestFile(String)[12]" classname="org.apache.commons.codec.digest.MessageDigestAlgorithmsTest" time="0.03"/>
  <testcase name="testDigestFile(String)[13]" classname="org.apache.commons.codec.digest.MessageDigestAlgorithmsTest" time="0.04"/>
  <testcase name="testDigestInputStream(String)[1]" classname="org.apache.commons.codec.digest.MessageDigestAlgorithmsTest" time="0.295"/>
  <testcase name="testDigestInputStream(String)[2]" classname="org.apache.commons.codec.digest.MessageDigestAlgorithmsTest" time="0.009"/>
  <testcase name="testDigestInputStream(String)[3]" classname="org.apache.commons.codec.digest.MessageDigestAlgorithmsTest" time="0.014"/>
  <testcase name="testDigestInputStream(String)[4]" classname="org.apache.commons.codec.digest.MessageDigestAlgorithmsTest" time="0.012"/>
  <testcase name="testDigestInputStream(String)[5]" classname="org.apache.commons.codec.digest.MessageDigestAlgorithmsTest" time="0.012"/>
  <testcase name="testDigestInputStream(String)[6]" classname="org.apache.commons.codec.digest.MessageDigestAlgorithmsTest" time="0.009"/>
  <testcase name="testDigestInputStream(String)[7]" classname="org.apache.commons.codec.digest.MessageDigestAlgorithmsTest" time="0.01"/>
  <testcase name="testDigestInputStream(String)[8]" classname="org.apache.commons.codec.digest.MessageDigestAlgorithmsTest" time="0.01"/>
  <testcase name="testDigestInputStream(String)[9]" classname="org.apache.commons.codec.digest.MessageDigestAlgorithmsTest" time="0.01"/>
  <testcase name="testDigestInputStream(String)[10]" classname="org.apache.commons.codec.digest.MessageDigestAlgorithmsTest" time="0.023"/>
  <testcase name="testDigestInputStream(String)[11]" classname="org.apache.commons.codec.digest.MessageDigestAlgorithmsTest" time="0.024"/>
  <testcase name="testDigestInputStream(String)[12]" classname="org.apache.commons.codec.digest.MessageDigestAlgorithmsTest" time="0.03"/>
  <testcase name="testDigestInputStream(String)[13]" classname="org.apache.commons.codec.digest.MessageDigestAlgorithmsTest" time="0.039"/>
  <testcase name="testNonBlockingDigestRandomAccessFile(String)[1]" classname="org.apache.commons.codec.digest.MessageDigestAlgorithmsTest" time="0.226"/>
  <testcase name="testNonBlockingDigestRandomAccessFile(String)[2]" classname="org.apache.commons.codec.digest.MessageDigestAlgorithmsTest" time="0.01"/>
  <testcase name="testNonBlockingDigestRandomAccessFile(String)[3]" classname="org.apache.commons.codec.digest.MessageDigestAlgorithmsTest" time="0.015"/>
  <testcase name="testNonBlockingDigestRandomAccessFile(String)[4]" classname="org.apache.commons.codec.digest.MessageDigestAlgorithmsTest" time="0.012"/>
  <testcase name="testNonBlockingDigestRandomAccessFile(String)[5]" classname="org.apache.commons.codec.digest.MessageDigestAlgorithmsTest" time="0.012"/>
  <testcase name="testNonBlockingDigestRandomAccessFile(String)[6]" classname="org.apache.commons.codec.digest.MessageDigestAlgorithmsTest" time="0.011"/>
  <testcase name="testNonBlockingDigestRandomAccessFile(String)[7]" classname="org.apache.commons.codec.digest.MessageDigestAlgorithmsTest" time="0.01"/>
  <testcase name="testNonBlockingDigestRandomAccessFile(String)[8]" classname="org.apache.commons.codec.digest.MessageDigestAlgorithmsTest" time="0.011"/>
  <testcase name="testNonBlockingDigestRandomAccessFile(String)[9]" classname="org.apache.commons.codec.digest.MessageDigestAlgorithmsTest" time="0.01"/>
  <testcase name="testNonBlockingDigestRandomAccessFile(String)[10]" classname="org.apache.commons.codec.digest.MessageDigestAlgorithmsTest" time="0.02"/>
  <testcase name="testNonBlockingDigestRandomAccessFile(String)[11]" classname="org.apache.commons.codec.digest.MessageDigestAlgorithmsTest" time="0.021"/>
  <testcase name="testNonBlockingDigestRandomAccessFile(String)[12]" classname="org.apache.commons.codec.digest.MessageDigestAlgorithmsTest" time="0.025"/>
  <testcase name="testNonBlockingDigestRandomAccessFile(String)[13]" classname="org.apache.commons.codec.digest.MessageDigestAlgorithmsTest" time="0.032"/>
  <testcase name="testGetMessageDigest(String)[1]" classname="org.apache.commons.codec.digest.MessageDigestAlgorithmsTest" time="0.004"/>
  <testcase name="testGetMessageDigest(String)[2]" classname="org.apache.commons.codec.digest.MessageDigestAlgorithmsTest" time="0.004"/>
  <testcase name="testGetMessageDigest(String)[3]" classname="org.apache.commons.codec.digest.MessageDigestAlgorithmsTest" time="0.004"/>
  <testcase name="testGetMessageDigest(String)[4]" classname="org.apache.commons.codec.digest.MessageDigestAlgorithmsTest" time="0.004"/>
  <testcase name="testGetMessageDigest(String)[5]" classname="org.apache.commons.codec.digest.MessageDigestAlgorithmsTest" time="0.004"/>
  <testcase name="testGetMessageDigest(String)[6]" classname="org.apache.commons.codec.digest.MessageDigestAlgorithmsTest" time="0.004"/>
  <testcase name="testGetMessageDigest(String)[7]" classname="org.apache.commons.codec.digest.MessageDigestAlgorithmsTest" time="0.004"/>
  <testcase name="testGetMessageDigest(String)[8]" classname="org.apache.commons.codec.digest.MessageDigestAlgorithmsTest" time="0.004"/>
  <testcase name="testGetMessageDigest(String)[9]" classname="org.apache.commons.codec.digest.MessageDigestAlgorithmsTest" time="0.004"/>
  <testcase name="testGetMessageDigest(String)[10]" classname="org.apache.commons.codec.digest.MessageDigestAlgorithmsTest" time="0.005"/>
  <testcase name="testGetMessageDigest(String)[11]" classname="org.apache.commons.codec.digest.MessageDigestAlgorithmsTest" time="0.004"/>
  <testcase name="testGetMessageDigest(String)[12]" classname="org.apache.commons.codec.digest.MessageDigestAlgorithmsTest" time="0.005"/>
  <testcase name="testGetMessageDigest(String)[13]" classname="org.apache.commons.codec.digest.MessageDigestAlgorithmsTest" time="0.004"/>
  <testcase name="testDigestByteBuffer(String)[1]" classname="org.apache.commons.codec.digest.MessageDigestAlgorithmsTest" time="0.297"/>
  <testcase name="testDigestByteBuffer(String)[2]" classname="org.apache.commons.codec.digest.MessageDigestAlgorithmsTest" time="0.009"/>
  <testcase name="testDigestByteBuffer(String)[3]" classname="org.apache.commons.codec.digest.MessageDigestAlgorithmsTest" time="0.015"/>
  <testcase name="testDigestByteBuffer(String)[4]" classname="org.apache.commons.codec.digest.MessageDigestAlgorithmsTest" time="0.012"/>
  <testcase name="testDigestByteBuffer(String)[5]" classname="org.apache.commons.codec.digest.MessageDigestAlgorithmsTest" time="0.012"/>
  <testcase name="testDigestByteBuffer(String)[6]" classname="org.apache.commons.codec.digest.MessageDigestAlgorithmsTest" time="0.009"/>
  <testcase name="testDigestByteBuffer(String)[7]" classname="org.apache.commons.codec.digest.MessageDigestAlgorithmsTest" time="0.009"/>
  <testcase name="testDigestByteBuffer(String)[8]" classname="org.apache.commons.codec.digest.MessageDigestAlgorithmsTest" time="0.01"/>
  <testcase name="testDigestByteBuffer(String)[9]" classname="org.apache.commons.codec.digest.MessageDigestAlgorithmsTest" time="0.009"/>
  <testcase name="testDigestByteBuffer(String)[10]" classname="org.apache.commons.codec.digest.MessageDigestAlgorithmsTest" time="0.022"/>
  <testcase name="testDigestByteBuffer(String)[11]" classname="org.apache.commons.codec.digest.MessageDigestAlgorithmsTest" time="0.023"/>
  <testcase name="testDigestByteBuffer(String)[12]" classname="org.apache.commons.codec.digest.MessageDigestAlgorithmsTest" time="0.029"/>
  <testcase name="testDigestByteBuffer(String)[13]" classname="org.apache.commons.codec.digest.MessageDigestAlgorithmsTest" time="0.039"/>
  <testcase name="testAlgorithm(String)[1]" classname="org.apache.commons.codec.digest.MessageDigestAlgorithmsTest" time="0.004"/>
  <testcase name="testAlgorithm(String)[2]" classname="org.apache.commons.codec.digest.MessageDigestAlgorithmsTest" time="0.005"/>
  <testcase name="testAlgorithm(String)[3]" classname="org.apache.commons.codec.digest.MessageDigestAlgorithmsTest" time="0.005"/>
  <testcase name="testAlgorithm(String)[4]" classname="org.apache.commons.codec.digest.MessageDigestAlgorithmsTest" time="0.004"/>
  <testcase name="testAlgorithm(String)[5]" classname="org.apache.commons.codec.digest.MessageDigestAlgorithmsTest" time="0.005"/>
  <testcase name="testAlgorithm(String)[6]" classname="org.apache.commons.codec.digest.MessageDigestAlgorithmsTest" time="0.004"/>
  <testcase name="testAlgorithm(String)[7]" classname="org.apache.commons.codec.digest.MessageDigestAlgorithmsTest" time="0.004"/>
  <testcase name="testAlgorithm(String)[8]" classname="org.apache.commons.codec.digest.MessageDigestAlgorithmsTest" time="0.004"/>
  <testcase name="testAlgorithm(String)[9]" classname="org.apache.commons.codec.digest.MessageDigestAlgorithmsTest" time="0.005"/>
  <testcase name="testAlgorithm(String)[10]" classname="org.apache.commons.codec.digest.MessageDigestAlgorithmsTest" time="0.004"/>
  <testcase name="testAlgorithm(String)[11]" classname="org.apache.commons.codec.digest.MessageDigestAlgorithmsTest" time="0.004"/>
  <testcase name="testAlgorithm(String)[12]" classname="org.apache.commons.codec.digest.MessageDigestAlgorithmsTest" time="0.005"/>
  <testcase name="testAlgorithm(String)[13]" classname="org.apache.commons.codec.digest.MessageDigestAlgorithmsTest" time="0.004"/>
  <testcase name="testDigestByteArray(String)[1]" classname="org.apache.commons.codec.digest.MessageDigestAlgorithmsTest" time="0.298"/>
  <testcase name="testDigestByteArray(String)[2]" classname="org.apache.commons.codec.digest.MessageDigestAlgorithmsTest" time="0.009"/>
  <testcase name="testDigestByteArray(String)[3]" classname="org.apache.commons.codec.digest.MessageDigestAlgorithmsTest" time="0.014"/>
  <testcase name="testDigestByteArray(String)[4]" classname="org.apache.commons.codec.digest.MessageDigestAlgorithmsTest" time="0.012"/>
  <testcase name="testDigestByteArray(String)[5]" classname="org.apache.commons.codec.digest.MessageDigestAlgorithmsTest" time="0.012"/>
  <testcase name="testDigestByteArray(String)[6]" classname="org.apache.commons.codec.digest.MessageDigestAlgorithmsTest" time="0.01"/>
  <testcase name="testDigestByteArray(String)[7]" classname="org.apache.commons.codec.digest.MessageDigestAlgorithmsTest" time="0.009"/>
  <testcase name="testDigestByteArray(String)[8]" classname="org.apache.commons.codec.digest.MessageDigestAlgorithmsTest" time="0.009"/>
  <testcase name="testDigestByteArray(String)[9]" classname="org.apache.commons.codec.digest.MessageDigestAlgorithmsTest" time="0.009"/>
  <testcase name="testDigestByteArray(String)[10]" classname="org.apache.commons.codec.digest.MessageDigestAlgorithmsTest" time="0.022"/>
  <testcase name="testDigestByteArray(String)[11]" classname="org.apache.commons.codec.digest.MessageDigestAlgorithmsTest" time="0.024"/>
  <testcase name="testDigestByteArray(String)[12]" classname="org.apache.commons.codec.digest.MessageDigestAlgorithmsTest" time="0.029"/>
  <testcase name="testDigestByteArray(String)[13]" classname="org.apache.commons.codec.digest.MessageDigestAlgorithmsTest" time="0.039"/>
  <testcase name="testDigestPathStandardOpenOptionRead(String)[1]" classname="org.apache.commons.codec.digest.MessageDigestAlgorithmsTest" time="0.295"/>
  <testcase name="testDigestPathStandardOpenOptionRead(String)[2]" classname="org.apache.commons.codec.digest.MessageDigestAlgorithmsTest" time="0.01"/>
  <testcase name="testDigestPathStandardOpenOptionRead(String)[3]" classname="org.apache.commons.codec.digest.MessageDigestAlgorithmsTest" time="0.015"/>
  <testcase name="testDigestPathStandardOpenOptionRead(String)[4]" classname="org.apache.commons.codec.digest.MessageDigestAlgorithmsTest" time="0.013"/>
  <testcase name="testDigestPathStandardOpenOptionRead(String)[5]" classname="org.apache.commons.codec.digest.MessageDigestAlgorithmsTest" time="0.013"/>
  <testcase name="testDigestPathStandardOpenOptionRead(String)[6]" classname="org.apache.commons.codec.digest.MessageDigestAlgorithmsTest" time="0.01"/>
  <testcase name="testDigestPathStandardOpenOptionRead(String)[7]" classname="org.apache.commons.codec.digest.MessageDigestAlgorithmsTest" time="0.011"/>
  <testcase name="testDigestPathStandardOpenOptionRead(String)[8]" classname="org.apache.commons.codec.digest.MessageDigestAlgorithmsTest" time="0.01"/>
  <testcase name="testDigestPathStandardOpenOptionRead(String)[9]" classname="org.apache.commons.codec.digest.MessageDigestAlgorithmsTest" time="0.01"/>
  <testcase name="testDigestPathStandardOpenOptionRead(String)[10]" classname="org.apache.commons.codec.digest.MessageDigestAlgorithmsTest" time="0.023"/>
  <testcase name="testDigestPathStandardOpenOptionRead(String)[11]" classname="org.apache.commons.codec.digest.MessageDigestAlgorithmsTest" time="0.024"/>
  <testcase name="testDigestPathStandardOpenOptionRead(String)[12]" classname="org.apache.commons.codec.digest.MessageDigestAlgorithmsTest" time="0.03"/>
  <testcase name="testDigestPathStandardOpenOptionRead(String)[13]" classname="org.apache.commons.codec.digest.MessageDigestAlgorithmsTest" time="0.043"/>
</testsuite>