<?xml version="1.0" encoding="UTF-8"?>
<testsuite xmlns:xsi="http://www.w3.org/2001/XMLSchema-instance" xsi:noNamespaceSchemaLocation="https://maven.apache.org/surefire/maven-surefire-plugin/xsd/surefire-test-report-3.0.xsd" version="3.0" name="org.apache.hc.core5.net.TestURIBuilder" time="0.019" tests="75" errors="0" skipped="0" failures="0">
  <properties>
    <property name="java.specification.version" value="17"/>
    <property name="sun.jnu.encoding" value="ANSI_X3.4-1968"/>
    <property name="java.class.path" value="/jiefang/mutation_testing_research/benchmarks/httpcore/httpcore5/target/test-classes:/jiefang/mutation_testing_research/benchmarks/httpcore/httpcore5/target/classes:/root/.m2/repository/org/junit/jupiter/junit-jupiter/5.11.0/junit-jupiter-5.11.0.jar:/root/.m2/repository/org/junit/jupiter/junit-jupiter-api/5.11.0/junit-jupiter-api-5.11.0.jar:/root/.m2/repository/org/opentest4j/opentest4j/1.3.0/opentest4j-1.3.0.jar:/root/.m2/repository/org/junit/platform/junit-platform-commons/1.11.0/junit-platform-commons-1.11.0.jar:/root/.m2/repository/org/apiguardian/apiguardian-api/1.1.2/apiguardian-api-1.1.2.jar:/root/.m2/repository/org/junit/jupiter/junit-jupiter-params/5.11.0/junit-jupiter-params-5.11.0.jar:/root/.m2/repository/org/junit/jupiter/junit-jupiter-engine/5.11.0/junit-jupiter-engine-5.11.0.jar:/root/.m2/repository/org/junit/platform/junit-platform-engine/1.11.0/junit-platform-engine-1.11.0.jar:/root/.m2/repository/org/hamcrest/hamcrest/3.0/hamcrest-3.0.jar:/root/.m2/repository/org/mockito/mockito-core/4.11.0/mockito-core-4.11.0.jar:/root/.m2/repository/net/bytebuddy/byte-buddy/1.12.19/byte-buddy-1.12.19.jar:/root/.m2/repository/net/bytebuddy/byte-buddy-agent/1.12.19/byte-buddy-agent-1.12.19.jar:/root/.m2/repository/org/objenesis/objenesis/3.3/objenesis-3.3.jar:/root/.m2/repository/org/slf4j/slf4j-api/1.7.36/slf4j-api-1.7.36.jar:/root/.m2/repository/org/apache/logging/log4j/log4j-slf4j-impl/2.23.1/log4j-slf4j-impl-2.23.1.jar:/root/.m2/repository/org/apache/logging/log4j/log4j-api/2.23.1/log4j-api-2.23.1.jar:/root/.m2/repository/org/apache/logging/log4j/log4j-core/2.23.1/log4j-core-2.23.1.jar:"/>
    <property name="java.vm.vendor" value="Ubuntu"/>
    <property name="sun.arch.data.model" value="64"/>
    <property name="java.vendor.url" value="https://ubuntu.com/"/>
    <property name="os.name" value="Linux"/>
    <property name="java.vm.specification.version" value="17"/>
    <property name="sun.java.launcher" value="SUN_STANDARD"/>
    <property name="user.country" value="US"/>
    <property name="sun.boot.library.path" value="/usr/lib/jvm/java-17-openjdk-amd64/lib"/>
    <property name="sun.java.command" value="/jiefang/mutation_testing_research/benchmarks/httpcore/httpcore5/target/surefire/surefirebooter-20250207225106209_3.jar /jiefang/mutation_testing_research/benchmarks/httpcore/httpcore5/target/surefire 2025-02-07T22-51-06_073-jvmRun1 surefire-20250207225106209_1tmp surefire_0-20250207225106209_2tmp"/>
    <property name="jdk.debug" value="release"/>
    <property name="surefire.test.class.path" value="/jiefang/mutation_testing_research/benchmarks/httpcore/httpcore5/target/test-classes:/jiefang/mutation_testing_research/benchmarks/httpcore/httpcore5/target/classes:/root/.m2/repository/org/junit/jupiter/junit-jupiter/5.11.0/junit-jupiter-5.11.0.jar:/root/.m2/repository/org/junit/jupiter/junit-jupiter-api/5.11.0/junit-jupiter-api-5.11.0.jar:/root/.m2/repository/org/opentest4j/opentest4j/1.3.0/opentest4j-1.3.0.jar:/root/.m2/repository/org/junit/platform/junit-platform-commons/1.11.0/junit-platform-commons-1.11.0.jar:/root/.m2/repository/org/apiguardian/apiguardian-api/1.1.2/apiguardian-api-1.1.2.jar:/root/.m2/repository/org/junit/jupiter/junit-jupiter-params/5.11.0/junit-jupiter-params-5.11.0.jar:/root/.m2/repository/org/junit/jupiter/junit-jupiter-engine/5.11.0/junit-jupiter-engine-5.11.0.jar:/root/.m2/repository/org/junit/platform/junit-platform-engine/1.11.0/junit-platform-engine-1.11.0.jar:/root/.m2/repository/org/hamcrest/hamcrest/3.0/hamcrest-3.0.jar:/root/.m2/repository/org/mockito/mockito-core/4.11.0/mockito-core-4.11.0.jar:/root/.m2/repository/net/bytebuddy/byte-buddy/1.12.19/byte-buddy-1.12.19.jar:/root/.m2/repository/net/bytebuddy/byte-buddy-agent/1.12.19/byte-buddy-agent-1.12.19.jar:/root/.m2/repository/org/objenesis/objenesis/3.3/objenesis-3.3.jar:/root/.m2/repository/org/slf4j/slf4j-api/1.7.36/slf4j-api-1.7.36.jar:/root/.m2/repository/org/apache/logging/log4j/log4j-slf4j-impl/2.23.1/log4j-slf4j-impl-2.23.1.jar:/root/.m2/repository/org/apache/logging/log4j/log4j-api/2.23.1/log4j-api-2.23.1.jar:/root/.m2/repository/org/apache/logging/log4j/log4j-core/2.23.1/log4j-core-2.23.1.jar:"/>
    <property name="sun.cpu.endian" value="little"/>
    <property name="user.home" value="/root"/>
    <property name="user.language" value="en"/>
    <property name="java.specification.vendor" value="Oracle Corporation"/>
    <property name="java.version.date" value="2024-07-16"/>
    <property name="java.home" value="/usr/lib/jvm/java-17-openjdk-amd64"/>
    <property name="file.separator" value="/"/>
    <property name="basedir" value="/jiefang/mutation_testing_research/benchmarks/httpcore/httpcore5"/>
    <property name="java.vm.compressedOopsMode" value="Zero based"/>
    <property name="line.separator" value="&#10;"/>
    <property name="java.vm.specification.vendor" value="Oracle Corporation"/>
    <property name="java.specification.name" value="Java Platform API Specification"/>
    <property name="surefire.real.class.path" value="/jiefang/mutation_testing_research/benchmarks/httpcore/httpcore5/target/surefire/surefirebooter-20250207225106209_3.jar"/>
    <property name="sun.management.compiler" value="HotSpot 64-Bit Tiered Compilers"/>
    <property name="java.runtime.version" value="17.0.12+7-Ubuntu-1ubuntu222.04"/>
    <property name="user.name" value="root"/>
    <property name="path.separator" value=":"/>
    <property name="os.version" value="5.4.0-200-generic"/>
    <property name="java.runtime.name" value="OpenJDK Runtime Environment"/>
    <property name="file.encoding" value="ANSI_X3.4-1968"/>
    <property name="java.vm.name" value="OpenJDK 64-Bit Server VM"/>
    <property name="localRepository" value="/root/.m2/repository"/>
    <property name="java.vendor.url.bug" value="https://bugs.launchpad.net/ubuntu/+source/openjdk-17"/>
    <property name="java.io.tmpdir" value="/tmp"/>
    <property name="java.version" value="17.0.12"/>
    <property name="user.dir" value="/jiefang/mutation_testing_research/benchmarks/httpcore/httpcore5"/>
    <property name="os.arch" value="amd64"/>
    <property name="java.vm.specification.name" value="Java Virtual Machine Specification"/>
    <property name="native.encoding" value="ANSI_X3.4-1968"/>
    <property name="java.library.path" value="/usr/java/packages/lib:/usr/lib/x86_64-linux-gnu/jni:/lib/x86_64-linux-gnu:/usr/lib/x86_64-linux-gnu:/usr/lib/jni:/lib:/usr/lib"/>
    <property name="java.vm.info" value="mixed mode, sharing"/>
    <property name="java.vendor" value="Ubuntu"/>
    <property name="java.vm.version" value="17.0.12+7-Ubuntu-1ubuntu222.04"/>
    <property name="sun.io.unicode.encoding" value="UnicodeLittle"/>
    <property name="java.class.version" value="61.0"/>
  </properties>
  <testcase name="testMutationRemoveFragment" classname="org.apache.hc.core5.net.TestURIBuilder" time="0"/>
  <testcase name="testParseSegments" classname="org.apache.hc.core5.net.TestURIBuilder" time="0"/>
  <testcase name="testTolerateNullInput" classname="org.apache.hc.core5.net.TestURIBuilder" time="0"/>
  <testcase name="testBuildAddParametersUTF8" classname="org.apache.hc.core5.net.TestURIBuilder" time="0.001"/>
  <testcase name="testMultipleLeadingPathSlashes" classname="org.apache.hc.core5.net.TestURIBuilder" time="0"/>
  <testcase name="testSchemeSpecificPartNameValuePairByRFC6068Sample" classname="org.apache.hc.core5.net.TestURIBuilder" time="0"/>
  <testcase name="testBuildAddParametersISO88591" classname="org.apache.hc.core5.net.TestURIBuilder" time="0.001"/>
  <testcase name="testQueryAndParameterEncoding" classname="org.apache.hc.core5.net.TestURIBuilder" time="0"/>
  <testcase name="testSetAuthorityFromURIAuthority" classname="org.apache.hc.core5.net.TestURIBuilder" time="0"/>
  <testcase name="testGetHostWithReservedChars" classname="org.apache.hc.core5.net.TestURIBuilder" time="0"/>
  <testcase name="testParseQuery" classname="org.apache.hc.core5.net.TestURIBuilder" time="0.001"/>
  <testcase name="testMutationRemovePort" classname="org.apache.hc.core5.net.TestURIBuilder" time="0"/>
  <testcase name="testAddParameter" classname="org.apache.hc.core5.net.TestURIBuilder" time="0.001"/>
  <testcase name="testParameterWithSpecialChar" classname="org.apache.hc.core5.net.TestURIBuilder" time="0"/>
  <testcase name="testAppendSegmentsListToExistingPath" classname="org.apache.hc.core5.net.TestURIBuilder" time="0"/>
  <testcase name="testBuildSetParametersUTF8" classname="org.apache.hc.core5.net.TestURIBuilder" time="0"/>
  <testcase name="testOpaqueUri" classname="org.apache.hc.core5.net.TestURIBuilder" time="0.001"/>
  <testcase name="testIpv6Host" classname="org.apache.hc.core5.net.TestURIBuilder" time="0"/>
  <testcase name="testEmpty" classname="org.apache.hc.core5.net.TestURIBuilder" time="0"/>
  <testcase name="testAppendNullSegmentsVarargs" classname="org.apache.hc.core5.net.TestURIBuilder" time="0"/>
  <testcase name="testNoAuthorityAndRootlessPathSegments" classname="org.apache.hc.core5.net.TestURIBuilder" time="0"/>
  <testcase name="testSchemeSpecificPartSetGet" classname="org.apache.hc.core5.net.TestURIBuilder" time="0"/>
  <testcase name="testHierarchicalUri" classname="org.apache.hc.core5.net.TestURIBuilder" time="0"/>
  <testcase name="testRemoveQuery" classname="org.apache.hc.core5.net.TestURIBuilder" time="0"/>
  <testcase name="testSetPathSegmentsVarargs" classname="org.apache.hc.core5.net.TestURIBuilder" time="0"/>
  <testcase name="testTolerateBlankInput" classname="org.apache.hc.core5.net.TestURIBuilder" time="0"/>
  <testcase name="testHierarchicalUriMutation" classname="org.apache.hc.core5.net.TestURIBuilder" time="0"/>
  <testcase name="testAddParameterEncodingEquivalence" classname="org.apache.hc.core5.net.TestURIBuilder" time="0"/>
  <testcase name="testAppendNullSegmentsList" classname="org.apache.hc.core5.net.TestURIBuilder" time="0"/>
  <testcase name="testMalformedPath" classname="org.apache.hc.core5.net.TestURIBuilder" time="0"/>
  <testcase name="testEmptyPath" classname="org.apache.hc.core5.net.TestURIBuilder" time="0"/>
  <testcase name="testMutationRemoveUserInfo" classname="org.apache.hc.core5.net.TestURIBuilder" time="0"/>
  <testcase name="testBuilderWithUnbracketedIpv6Host" classname="org.apache.hc.core5.net.TestURIBuilder" time="0"/>
  <testcase name="testSetParametersWithEmptyArrayArg" classname="org.apache.hc.core5.net.TestURIBuilder" time="0.001"/>
  <testcase name="testAgainstURI" classname="org.apache.hc.core5.net.TestURIBuilder" time="0"/>
  <testcase name="testLocalhost" classname="org.apache.hc.core5.net.TestURIBuilder" time="0.001"/>
  <testcase name="testRemoveParameter" classname="org.apache.hc.core5.net.TestURIBuilder" time="0"/>
  <testcase name="testHttpUriWithEmptyHost" classname="org.apache.hc.core5.net.TestURIBuilder" time="0.001"/>
  <testcase name="testNoAuthorityAndPath" classname="org.apache.hc.core5.net.TestURIBuilder" time="0"/>
  <testcase name="testFormatSegments" classname="org.apache.hc.core5.net.TestURIBuilder" time="0"/>
  <testcase name="testSetPathSegmentsRootlessList" classname="org.apache.hc.core5.net.TestURIBuilder" time="0"/>
  <testcase name="testAppendToExistingPath" classname="org.apache.hc.core5.net.TestURIBuilder" time="0"/>
  <testcase name="testSetPathSegmentList" classname="org.apache.hc.core5.net.TestURIBuilder" time="0"/>
  <testcase name="testSchemeSpecificPartNameValuePairListByRFC6068Sample" classname="org.apache.hc.core5.net.TestURIBuilder" time="0.001"/>
  <testcase name="testLoopbackAddress" classname="org.apache.hc.core5.net.TestURIBuilder" time="0"/>
  <testcase name="testSetParameter" classname="org.apache.hc.core5.net.TestURIBuilder" time="0"/>
  <testcase name="testNoAuthorityAndRootlessPath" classname="org.apache.hc.core5.net.TestURIBuilder" time="0"/>
  <testcase name="testAppendSegmentsListToNonExistingPath" classname="org.apache.hc.core5.net.TestURIBuilder" time="0"/>
  <testcase name="testAppendNullToNonExistingPath" classname="org.apache.hc.core5.net.TestURIBuilder" time="0"/>
  <testcase name="testHttpHost" classname="org.apache.hc.core5.net.TestURIBuilder" time="0"/>
  <testcase name="testHttpsUriWithEmptyHost" classname="org.apache.hc.core5.net.TestURIBuilder" time="0"/>
  <testcase name="testOptimize" classname="org.apache.hc.core5.net.TestURIBuilder" time="0.001"/>
  <testcase name="testAppendNullToExistingPath" classname="org.apache.hc.core5.net.TestURIBuilder" time="0"/>
  <testcase name="testIpv6HostWithPortUpdate" classname="org.apache.hc.core5.net.TestURIBuilder" time="0"/>
  <testcase name="testSchemeSpecificPartParametersNull" classname="org.apache.hc.core5.net.TestURIBuilder" time="0"/>
  <testcase name="testOpaqueUriMutation" classname="org.apache.hc.core5.net.TestURIBuilder" time="0"/>
  <testcase name="testFormatQuery" classname="org.apache.hc.core5.net.TestURIBuilder" time="0.001"/>
  <testcase name="testSetParametersWithNullList" classname="org.apache.hc.core5.net.TestURIBuilder" time="0"/>
  <testcase name="testBuildSetParametersISO88591" classname="org.apache.hc.core5.net.TestURIBuilder" time="0"/>
  <testcase name="testRelativePath" classname="org.apache.hc.core5.net.TestURIBuilder" time="0.001"/>
  <testcase name="testAppendSegmentsVarargsToNonExistingPath" classname="org.apache.hc.core5.net.TestURIBuilder" time="0"/>
  <testcase name="testSetAuthorityFromNamedEndpointHost" classname="org.apache.hc.core5.net.TestURIBuilder" time="0"/>
  <testcase name="testQueryEncoding" classname="org.apache.hc.core5.net.TestURIBuilder" time="0.001"/>
  <testcase name="testAppendToNonExistingPath" classname="org.apache.hc.core5.net.TestURIBuilder" time="0"/>
  <testcase name="testRelativePathWithAuthority" classname="org.apache.hc.core5.net.TestURIBuilder" time="0"/>
  <testcase name="testSetPathSegmentsRootlessVarargs" classname="org.apache.hc.core5.net.TestURIBuilder" time="0"/>
  <testcase name="testPathEncoding" classname="org.apache.hc.core5.net.TestURIBuilder" time="0"/>
  <testcase name="testOpaque" classname="org.apache.hc.core5.net.TestURIBuilder" time="0.001"/>
  <testcase name="testSetHostWithReservedChars" classname="org.apache.hc.core5.net.TestURIBuilder" time="0"/>
  <testcase name="testSetParametersWithNullArrayArg" classname="org.apache.hc.core5.net.TestURIBuilder" time="0"/>
  <testcase name="testSetParametersWithEmptyList" classname="org.apache.hc.core5.net.TestURIBuilder" time="0"/>
  <testcase name="testAppendSegmentsVarargsToExistingPath" classname="org.apache.hc.core5.net.TestURIBuilder" time="0"/>
  <testcase name="testGetFirstNamedParameter" classname="org.apache.hc.core5.net.TestURIBuilder" time="0"/>
  <testcase name="testSetAuthorityFromNamedEndpointHttpHost" classname="org.apache.hc.core5.net.TestURIBuilder" time="0"/>
  <testcase name="testNoAuthorityAndPathSegments" classname="org.apache.hc.core5.net.TestURIBuilder" time="0"/>
</testsuite>