<?xml version="1.0" encoding="UTF-8"?>
<testsuite xmlns:xsi="http://www.w3.org/2001/XMLSchema-instance" xsi:noNamespaceSchemaLocation="https://maven.apache.org/surefire/maven-surefire-plugin/xsd/surefire-test-report.xsd" version="3.0.2" name="org.apache.commons.csv.CSVParserTest" time="0.252" tests="128" errors="0" skipped="4" failures="0">
  <properties>
    <property name="java.specification.version" value="17"/>
    <property name="sun.jnu.encoding" value="ANSI_X3.4-1968"/>
    <property name="java.class.path" value="/jiefang/mutation_testing_research/benchmarks/commons-csv/target/test-classes:/jiefang/mutation_testing_research/benchmarks/commons-csv/target/classes:/root/.m2/repository/org/junit/jupiter/junit-jupiter/5.11.0/junit-jupiter-5.11.0.jar:/root/.m2/repository/org/junit/jupiter/junit-jupiter-api/5.11.0/junit-jupiter-api-5.11.0.jar:/root/.m2/repository/org/opentest4j/opentest4j/1.3.0/opentest4j-1.3.0.jar:/root/.m2/repository/org/junit/platform/junit-platform-commons/1.11.0/junit-platform-commons-1.11.0.jar:/root/.m2/repository/org/apiguardian/apiguardian-api/1.1.2/apiguardian-api-1.1.2.jar:/root/.m2/repository/org/junit/jupiter/junit-jupiter-params/5.11.0/junit-jupiter-params-5.11.0.jar:/root/.m2/repository/org/junit/jupiter/junit-jupiter-engine/5.11.0/junit-jupiter-engine-5.11.0.jar:/root/.m2/repository/org/junit/platform/junit-platform-engine/1.11.0/junit-platform-engine-1.11.0.jar:/root/.m2/repository/org/hamcrest/hamcrest/3.0/hamcrest-3.0.jar:/root/.m2/repository/org/mockito/mockito-core/4.11.0/mockito-core-4.11.0.jar:/root/.m2/repository/net/bytebuddy/byte-buddy/1.12.19/byte-buddy-1.12.19.jar:/root/.m2/repository/net/bytebuddy/byte-buddy-agent/1.12.19/byte-buddy-agent-1.12.19.jar:/root/.m2/repository/org/objenesis/objenesis/3.3/objenesis-3.3.jar:/root/.m2/repository/commons-io/commons-io/2.17.0/commons-io-2.17.0.jar:/root/.m2/repository/commons-codec/commons-codec/1.17.1/commons-codec-1.17.1.jar:/root/.m2/repository/org/apache/commons/commons-lang3/3.17.0/commons-lang3-3.17.0.jar:/root/.m2/repository/com/h2database/h2/2.2.224/h2-2.2.224.jar:/root/.m2/repository/org/openjdk/jmh/jmh-core/1.37/jmh-core-1.37.jar:/root/.m2/repository/net/sf/jopt-simple/jopt-simple/5.0.4/jopt-simple-5.0.4.jar:/root/.m2/repository/org/apache/commons/commons-math3/3.6.1/commons-math3-3.6.1.jar:"/>
    <property name="java.vm.vendor" value="Ubuntu"/>
    <property name="sun.arch.data.model" value="64"/>
    <property name="java.vendor.url" value="https://ubuntu.com/"/>
    <property name="os.name" value="Linux"/>
    <property name="java.vm.specification.version" value="17"/>
    <property name="sun.java.launcher" value="SUN_STANDARD"/>
    <property name="user.country" value="US"/>
    <property name="sun.boot.library.path" value="/usr/lib/jvm/java-17-openjdk-amd64/lib"/>
    <property name="sun.java.command" value="/jiefang/mutation_testing_research/benchmarks/commons-csv/target/surefire/surefirebooter-20250207033816141_3.jar /jiefang/mutation_testing_research/benchmarks/commons-csv/target/surefire 2025-02-07T03-38-16_100-jvmRun1 surefire-20250207033816141_1tmp surefire_0-20250207033816141_2tmp"/>
    <property name="jdk.debug" value="release"/>
    <property name="surefire.test.class.path" value="/jiefang/mutation_testing_research/benchmarks/commons-csv/target/test-classes:/jiefang/mutation_testing_research/benchmarks/commons-csv/target/classes:/root/.m2/repository/org/junit/jupiter/junit-jupiter/5.11.0/junit-jupiter-5.11.0.jar:/root/.m2/repository/org/junit/jupiter/junit-jupiter-api/5.11.0/junit-jupiter-api-5.11.0.jar:/root/.m2/repository/org/opentest4j/opentest4j/1.3.0/opentest4j-1.3.0.jar:/root/.m2/repository/org/junit/platform/junit-platform-commons/1.11.0/junit-platform-commons-1.11.0.jar:/root/.m2/repository/org/apiguardian/apiguardian-api/1.1.2/apiguardian-api-1.1.2.jar:/root/.m2/repository/org/junit/jupiter/junit-jupiter-params/5.11.0/junit-jupiter-params-5.11.0.jar:/root/.m2/repository/org/junit/jupiter/junit-jupiter-engine/5.11.0/junit-jupiter-engine-5.11.0.jar:/root/.m2/repository/org/junit/platform/junit-platform-engine/1.11.0/junit-platform-engine-1.11.0.jar:/root/.m2/repository/org/hamcrest/hamcrest/3.0/hamcrest-3.0.jar:/root/.m2/repository/org/mockito/mockito-core/4.11.0/mockito-core-4.11.0.jar:/root/.m2/repository/net/bytebuddy/byte-buddy/1.12.19/byte-buddy-1.12.19.jar:/root/.m2/repository/net/bytebuddy/byte-buddy-agent/1.12.19/byte-buddy-agent-1.12.19.jar:/root/.m2/repository/org/objenesis/objenesis/3.3/objenesis-3.3.jar:/root/.m2/repository/commons-io/commons-io/2.17.0/commons-io-2.17.0.jar:/root/.m2/repository/commons-codec/commons-codec/1.17.1/commons-codec-1.17.1.jar:/root/.m2/repository/org/apache/commons/commons-lang3/3.17.0/commons-lang3-3.17.0.jar:/root/.m2/repository/com/h2database/h2/2.2.224/h2-2.2.224.jar:/root/.m2/repository/org/openjdk/jmh/jmh-core/1.37/jmh-core-1.37.jar:/root/.m2/repository/net/sf/jopt-simple/jopt-simple/5.0.4/jopt-simple-5.0.4.jar:/root/.m2/repository/org/apache/commons/commons-math3/3.6.1/commons-math3-3.6.1.jar:"/>
    <property name="sun.cpu.endian" value="little"/>
    <property name="user.home" value="/root"/>
    <property name="user.language" value="en"/>
    <property name="java.specification.vendor" value="Oracle Corporation"/>
    <property name="java.version.date" value="2024-07-16"/>
    <property name="java.home" value="/usr/lib/jvm/java-17-openjdk-amd64"/>
    <property name="file.separator" value="/"/>
    <property name="basedir" value="/jiefang/mutation_testing_research/benchmarks/commons-csv"/>
    <property name="java.vm.compressedOopsMode" value="Zero based"/>
    <property name="line.separator" value="&#10;"/>
    <property name="java.vm.specification.vendor" value="Oracle Corporation"/>
    <property name="java.specification.name" value="Java Platform API Specification"/>
    <property name="surefire.real.class.path" value="/jiefang/mutation_testing_research/benchmarks/commons-csv/target/surefire/surefirebooter-20250207033816141_3.jar"/>
    <property name="sun.management.compiler" value="HotSpot 64-Bit Tiered Compilers"/>
    <property name="java.runtime.version" value="17.0.12+7-Ubuntu-1ubuntu222.04"/>
    <property name="user.name" value="root"/>
    <property name="path.separator" value=":"/>
    <property name="os.version" value="5.4.0-200-generic"/>
    <property name="java.runtime.name" value="OpenJDK Runtime Environment"/>
    <property name="file.encoding" value="ANSI_X3.4-1968"/>
    <property name="java.vm.name" value="OpenJDK 64-Bit Server VM"/>
    <property name="localRepository" value="/root/.m2/repository"/>
    <property name="java.vendor.url.bug" value="https://bugs.launchpad.net/ubuntu/+source/openjdk-17"/>
    <property name="java.io.tmpdir" value="/tmp"/>
    <property name="java.version" value="17.0.12"/>
    <property name="user.dir" value="/jiefang/mutation_testing_research/benchmarks/commons-csv"/>
    <property name="os.arch" value="amd64"/>
    <property name="java.vm.specification.name" value="Java Virtual Machine Specification"/>
    <property name="native.encoding" value="ANSI_X3.4-1968"/>
    <property name="java.library.path" value="/usr/java/packages/lib:/usr/lib/x86_64-linux-gnu/jni:/lib/x86_64-linux-gnu:/usr/lib/x86_64-linux-gnu:/usr/lib/jni:/lib:/usr/lib"/>
    <property name="java.vm.info" value="mixed mode, sharing"/>
    <property name="java.vendor" value="Ubuntu"/>
    <property name="java.vm.version" value="17.0.12+7-Ubuntu-1ubuntu222.04"/>
    <property name="sun.io.unicode.encoding" value="UnicodeLittle"/>
    <property name="java.class.version" value="61.0"/>
  </properties>
  <testcase name="testGetHeaderComment_HeaderComment1" classname="org.apache.commons.csv.CSVParserTest" time="0.026"/>
  <testcase name="testGetHeaderComment_HeaderComment2" classname="org.apache.commons.csv.CSVParserTest" time="0.002"/>
  <testcase name="testGetHeaderComment_HeaderComment3" classname="org.apache.commons.csv.CSVParserTest" time="0.002"/>
  <testcase name="testBackslashEscapingOld" classname="org.apache.commons.csv.CSVParserTest" time="0.0">
    <skipped message="public void org.apache.commons.csv.CSVParserTest.testBackslashEscapingOld() throws java.io.IOException is @Disabled"/>
  </testcase>
  <testcase name="testParseWithDelimiterWithQuote" classname="org.apache.commons.csv.CSVParserTest" time="0.001"/>
  <testcase name="testCSV141CSVFormat_DEFAULT" classname="org.apache.commons.csv.CSVParserTest" time="0.004"/>
  <testcase name="testStartWithEmptyLinesThenHeaders" classname="org.apache.commons.csv.CSVParserTest" time="0.0">
    <skipped message="public void org.apache.commons.csv.CSVParserTest.testStartWithEmptyLinesThenHeaders() throws java.lang.Exception is @Disabled"/>
  </testcase>
  <testcase name="testExcelHeaderCountLessThanData" classname="org.apache.commons.csv.CSVParserTest" time="0.001"/>
  <testcase name="testHeadersWithNullColumnName" classname="org.apache.commons.csv.CSVParserTest" time="0.001"/>
  <testcase name="testMultipleIterators" classname="org.apache.commons.csv.CSVParserTest" time="0.001"/>
  <testcase name="testHeaderComment" classname="org.apache.commons.csv.CSVParserTest" time="0.001"/>
  <testcase name="testGetHeaderComment_HeaderTrailerComment" classname="org.apache.commons.csv.CSVParserTest" time="0.001"/>
  <testcase name="testDefaultFormat" classname="org.apache.commons.csv.CSVParserTest" time="0.004"/>
  <testcase name="testCSV141CSVFormat_INFORMIX_UNLOAD_CSV" classname="org.apache.commons.csv.CSVParserTest" time="0.001"/>
  <testcase name="testEndOfFileBehaviorExcel" classname="org.apache.commons.csv.CSVParserTest" time="0.001"/>
  <testcase name="testGetRecordPositionWithCRLF" classname="org.apache.commons.csv.CSVParserTest" time="0.002"/>
  <testcase name="testHeaderMissing" classname="org.apache.commons.csv.CSVParserTest" time="0.0"/>
  <testcase name="testGetHeaderComment_NoComment1" classname="org.apache.commons.csv.CSVParserTest" time="0.001"/>
  <testcase name="testGetHeaderComment_NoComment2" classname="org.apache.commons.csv.CSVParserTest" time="0.001"/>
  <testcase name="testGetHeaderComment_NoComment3" classname="org.apache.commons.csv.CSVParserTest" time="0.001"/>
  <testcase name="testTrailingDelimiter" classname="org.apache.commons.csv.CSVParserTest" time="0.001"/>
  <testcase name="testNotValueCSV" classname="org.apache.commons.csv.CSVParserTest" time="0.0"/>
  <testcase name="testGetTrailerComment_MultilineComment" classname="org.apache.commons.csv.CSVParserTest" time="0.001"/>
  <testcase name="testParseWithDelimiterStringWithQuote" classname="org.apache.commons.csv.CSVParserTest" time="0.001"/>
  <testcase name="testBOM" classname="org.apache.commons.csv.CSVParserTest" time="0.0">
    <skipped message="CSV-107"/>
  </testcase>
  <testcase name="testFirstEndOfLineCrLf" classname="org.apache.commons.csv.CSVParserTest" time="0.001"/>
  <testcase name="testProvidedHeaderAuto" classname="org.apache.commons.csv.CSVParserTest" time="0.001"/>
  <testcase name="testGetRecordWithMultiLineValues" classname="org.apache.commons.csv.CSVParserTest" time="0.001"/>
  <testcase name="testParseWithDelimiterStringWithEscape" classname="org.apache.commons.csv.CSVParserTest" time="0.001"/>
  <testcase name="testParseNullStringFormat" classname="org.apache.commons.csv.CSVParserTest" time="0.001"/>
  <testcase name="testParseWithDelimiterWithEscape" classname="org.apache.commons.csv.CSVParserTest" time="0.001"/>
  <testcase name="testSkipSetAltHeaders" classname="org.apache.commons.csv.CSVParserTest" time="0.001"/>
  <testcase name="testGetRecordNumberWithCR" classname="org.apache.commons.csv.CSVParserTest" time="0.0"/>
  <testcase name="testGetRecordNumberWithLF" classname="org.apache.commons.csv.CSVParserTest" time="0.0"/>
  <testcase name="testCSV57" classname="org.apache.commons.csv.CSVParserTest" time="0.0"/>
  <testcase name="testClose" classname="org.apache.commons.csv.CSVParserTest" time="0.001"/>
  <testcase name="testParse" classname="org.apache.commons.csv.CSVParserTest" time="0.005"/>
  <testcase name="testTrim" classname="org.apache.commons.csv.CSVParserTest" time="0.001"/>
  <testcase name="testGetLineNumberWithCR" classname="org.apache.commons.csv.CSVParserTest" time="0.0"/>
  <testcase name="testGetLineNumberWithLF" classname="org.apache.commons.csv.CSVParserTest" time="0.0"/>
  <testcase name="testParserUrlNullCharsetFormat" classname="org.apache.commons.csv.CSVParserTest" time="0.002"/>
  <testcase name="testForEach" classname="org.apache.commons.csv.CSVParserTest" time="0.001"/>
  <testcase name="testGetOneLine" classname="org.apache.commons.csv.CSVParserTest" time="0.0"/>
  <testcase name="testGetLineNumberWithCRLF" classname="org.apache.commons.csv.CSVParserTest" time="0.0"/>
  <testcase name="testCarriageReturnLineFeedEndings" classname="org.apache.commons.csv.CSVParserTest" time="0.0"/>
  <testcase name="testMongoDbCsv" classname="org.apache.commons.csv.CSVParserTest" time="0.0">
    <skipped message="public void org.apache.commons.csv.CSVParserTest.testMongoDbCsv() throws java.lang.Exception is @Disabled"/>
  </testcase>
  <testcase name="testGetRecordNumberWithCRLF" classname="org.apache.commons.csv.CSVParserTest" time="0.0"/>
  <testcase name="testParseUrlCharsetNullFormat" classname="org.apache.commons.csv.CSVParserTest" time="0.001"/>
  <testcase name="testEmptyFile" classname="org.apache.commons.csv.CSVParserTest" time="0.001"/>
  <testcase name="testGetHeaderNames" classname="org.apache.commons.csv.CSVParserTest" time="0.001"/>
  <testcase name="testCarriageReturnEndings" classname="org.apache.commons.csv.CSVParserTest" time="0.0"/>
  <testcase name="testParseWithQuoteThrowsException" classname="org.apache.commons.csv.CSVParserTest" time="0.002"/>
  <testcase name="testGetLine" classname="org.apache.commons.csv.CSVParserTest" time="0.001"/>
  <testcase name="testIgnoreCaseHeaderMapping" classname="org.apache.commons.csv.CSVParserTest" time="0.001"/>
  <testcase name="testGetRecordPositionWithLF" classname="org.apache.commons.csv.CSVParserTest" time="0.001"/>
  <testcase name="testGetOneLineOneParser" classname="org.apache.commons.csv.CSVParserTest" time="0.001"/>
  <testcase name="testHeadersMissingException" classname="org.apache.commons.csv.CSVParserTest" time="0.001"/>
  <testcase name="testBOMInputStreamParseWithReader" classname="org.apache.commons.csv.CSVParserTest" time="0.021"/>
  <testcase name="testGetHeaderNamesReadOnly" classname="org.apache.commons.csv.CSVParserTest" time="0.001"/>
  <testcase name="testCSV141CSVFormat_INFORMIX_UNLOAD" classname="org.apache.commons.csv.CSVParserTest" time="0.001"/>
  <testcase name="testDuplicateHeadersAllowedByDefault" classname="org.apache.commons.csv.CSVParserTest" time="0.0"/>
  <testcase name="testGetRecordsFromBrokenInputStream" classname="org.apache.commons.csv.CSVParserTest" time="0.002"/>
  <testcase name="testProvidedHeader" classname="org.apache.commons.csv.CSVParserTest" time="0.0"/>
  <testcase name="testBOMInputStreamParserWithInputStream" classname="org.apache.commons.csv.CSVParserTest" time="0.003"/>
  <testcase name="testCSV141CSVFormat_ORACLE" classname="org.apache.commons.csv.CSVParserTest" time="0.002"/>
  <testcase name="testIteratorSequenceBreaking" classname="org.apache.commons.csv.CSVParserTest" time="0.001"/>
  <testcase name="testSkipHeaderOverrideDuplicateHeaders" classname="org.apache.commons.csv.CSVParserTest" time="0.001"/>
  <testcase name="testRepeatedHeadersAreReturnedInCSVRecordHeaderNames" classname="org.apache.commons.csv.CSVParserTest" time="0.0"/>
  <testcase name="testEmptyLineBehaviorCSV" classname="org.apache.commons.csv.CSVParserTest" time="0.0"/>
  <testcase name="testParseNullUrlCharsetFormat" classname="org.apache.commons.csv.CSVParserTest" time="0.001"/>
  <testcase name="testInvalidFormat" classname="org.apache.commons.csv.CSVParserTest" time="0.001"/>
  <testcase name="testCSV141CSVFormat_POSTGRESQL_CSV" classname="org.apache.commons.csv.CSVParserTest" time="0.0"/>
  <testcase name="testBackslashEscaping2" classname="org.apache.commons.csv.CSVParserTest" time="0.001"/>
  <testcase name="testExcelFormat1" classname="org.apache.commons.csv.CSVParserTest" time="0.0"/>
  <testcase name="testExcelFormat2" classname="org.apache.commons.csv.CSVParserTest" time="0.0"/>
  <testcase name="testDuplicateHeadersNotAllowed" classname="org.apache.commons.csv.CSVParserTest" time="0.001"/>
  <testcase name="testEmptyString" classname="org.apache.commons.csv.CSVParserTest" time="0.0"/>
  <testcase name="testBOMInputStreamParserWithReader" classname="org.apache.commons.csv.CSVParserTest" time="0.002"/>
  <testcase name="testRoundtrip" classname="org.apache.commons.csv.CSVParserTest" time="0.004"/>
  <testcase name="testNoHeaderMap" classname="org.apache.commons.csv.CSVParserTest" time="0.0"/>
  <testcase name="testParseFileNullFormat" classname="org.apache.commons.csv.CSVParserTest" time="0.001"/>
  <testcase name="testParseWithQuoteWithEscape" classname="org.apache.commons.csv.CSVParserTest" time="0.0"/>
  <testcase name="testGetTrailerComment_HeaderComment1" classname="org.apache.commons.csv.CSVParserTest" time="0.0"/>
  <testcase name="testGetTrailerComment_HeaderComment2" classname="org.apache.commons.csv.CSVParserTest" time="0.001"/>
  <testcase name="testGetTrailerComment_HeaderComment3" classname="org.apache.commons.csv.CSVParserTest" time="0.001"/>
  <testcase name="testGetHeaderMap" classname="org.apache.commons.csv.CSVParserTest" time="0.0"/>
  <testcase name="testBackslashEscaping" classname="org.apache.commons.csv.CSVParserTest" time="0.0"/>
  <testcase name="testThrowExceptionWithLineAndPosition" classname="org.apache.commons.csv.CSVParserTest" time="0.002"/>
  <testcase name="testLineFeedEndings" classname="org.apache.commons.csv.CSVParserTest" time="0.001"/>
  <testcase name="testGetTrailerComment_HeaderTrailerComment1" classname="org.apache.commons.csv.CSVParserTest" time="0.001"/>
  <testcase name="testGetTrailerComment_HeaderTrailerComment2" classname="org.apache.commons.csv.CSVParserTest" time="0.0"/>
  <testcase name="testGetTrailerComment_HeaderTrailerComment3" classname="org.apache.commons.csv.CSVParserTest" time="0.0"/>
  <testcase name="testParseNullPathFormat" classname="org.apache.commons.csv.CSVParserTest" time="0.001"/>
  <testcase name="testMappedButNotSetAsOutlook2007ContactExport" classname="org.apache.commons.csv.CSVParserTest" time="0.0"/>
  <testcase name="testSkipSetHeader" classname="org.apache.commons.csv.CSVParserTest" time="0.001"/>
  <testcase name="testHeaderMissingWithNull" classname="org.apache.commons.csv.CSVParserTest" time="0.001"/>
  <testcase name="testIgnoreEmptyLines" classname="org.apache.commons.csv.CSVParserTest" time="0.0"/>
  <testcase name="testCSV235" classname="org.apache.commons.csv.CSVParserTest" time="0.0"/>
  <testcase name="testEndOfFileBehaviorCSV" classname="org.apache.commons.csv.CSVParserTest" time="0.001"/>
  <testcase name="testNewCSVParserNullReaderFormat" classname="org.apache.commons.csv.CSVParserTest" time="0.001"/>
  <testcase name="testEmptyLineBehaviorExcel" classname="org.apache.commons.csv.CSVParserTest" time="0.0"/>
  <testcase name="testParseStringNullFormat" classname="org.apache.commons.csv.CSVParserTest" time="0.0"/>
  <testcase name="testHeader" classname="org.apache.commons.csv.CSVParserTest" time="0.001"/>
  <testcase name="testGetRecords" classname="org.apache.commons.csv.CSVParserTest" time="0.0"/>
  <testcase name="testHeadersMissing" classname="org.apache.commons.csv.CSVParserTest" time="0.001"/>
  <testcase name="testCSV141RFC4180" classname="org.apache.commons.csv.CSVParserTest" time="0.001"/>
  <testcase name="testFirstEndOfLineCr" classname="org.apache.commons.csv.CSVParserTest" time="0.0"/>
  <testcase name="testFirstEndOfLineLf" classname="org.apache.commons.csv.CSVParserTest" time="0.001"/>
  <testcase name="testEmptyFileHeaderParsing" classname="org.apache.commons.csv.CSVParserTest" time="0.0"/>
  <testcase name="testStream" classname="org.apache.commons.csv.CSVParserTest" time="0.0"/>
  <testcase name="testCSV141Excel" classname="org.apache.commons.csv.CSVParserTest" time="0.001"/>
  <testcase name="testIterator" classname="org.apache.commons.csv.CSVParserTest" time="0.001"/>
  <testcase name="testHeadersMissingOneColumnException" classname="org.apache.commons.csv.CSVParserTest" time="0.0"/>
  <testcase name="testParseNullFileFormat" classname="org.apache.commons.csv.CSVParserTest" time="0.0"/>
  <testcase name="testSkipAutoHeader" classname="org.apache.commons.csv.CSVParserTest" time="0.001"/>
  <testcase name="testParsingPrintedEmptyFirstColumn(Predefined)[1]" classname="org.apache.commons.csv.CSVParserTest" time="0.007"/>
  <testcase name="testParsingPrintedEmptyFirstColumn(Predefined)[2]" classname="org.apache.commons.csv.CSVParserTest" time="0.001"/>
  <testcase name="testParsingPrintedEmptyFirstColumn(Predefined)[3]" classname="org.apache.commons.csv.CSVParserTest" time="0.0"/>
  <testcase name="testParsingPrintedEmptyFirstColumn(Predefined)[4]" classname="org.apache.commons.csv.CSVParserTest" time="0.001"/>
  <testcase name="testParsingPrintedEmptyFirstColumn(Predefined)[5]" classname="org.apache.commons.csv.CSVParserTest" time="0.001"/>
  <testcase name="testParsingPrintedEmptyFirstColumn(Predefined)[6]" classname="org.apache.commons.csv.CSVParserTest" time="0.001"/>
  <testcase name="testParsingPrintedEmptyFirstColumn(Predefined)[7]" classname="org.apache.commons.csv.CSVParserTest" time="0.001"/>
  <testcase name="testParsingPrintedEmptyFirstColumn(Predefined)[8]" classname="org.apache.commons.csv.CSVParserTest" time="0.001"/>
  <testcase name="testParsingPrintedEmptyFirstColumn(Predefined)[9]" classname="org.apache.commons.csv.CSVParserTest" time="0.001"/>
  <testcase name="testParsingPrintedEmptyFirstColumn(Predefined)[10]" classname="org.apache.commons.csv.CSVParserTest" time="0.001"/>
  <testcase name="testParsingPrintedEmptyFirstColumn(Predefined)[11]" classname="org.apache.commons.csv.CSVParserTest" time="0.001"/>
  <testcase name="testParsingPrintedEmptyFirstColumn(Predefined)[12]" classname="org.apache.commons.csv.CSVParserTest" time="0.001"/>
  <testcase name="testNewCSVParserReaderNullFormat" classname="org.apache.commons.csv.CSVParserTest" time="0.001"/>
</testsuite>